"30/7/2025 1:35:13 p. m.","Error","Microsoft-Windows-DistributedCOM","10010","El servidor {283EDD52-69B2-473D-BEB6-2C0B4C01FD73} no se registró con DCOM dentro del tiempo de espera requerido."
"30/7/2025 1:31:34 p. m.","Información","nhi","9007","The driver entered RTD3.
 All the connected devices will be removed from driver's internal state, so it is expected that DeviceDisconnected events will happen."
"30/7/2025 1:31:29 p. m.","Información","Netwtw10","7026","7026 - Dump after return from D3 after cmd"
"30/7/2025 1:31:29 p. m.","Información","Netwtw10","7025","7025 - Dump after return from D3 before cmd "
"30/7/2025 1:31:29 p. m.","Información","nhi","9008","Driver exit RTD3.
 All the connected devices will now cause DeviceConnected events."
"30/7/2025 1:31:07 p. m.","Información","Netwtw10","7026","7026 - Dump after return from D3 after cmd"
"30/7/2025 1:31:07 p. m.","Información","Netwtw10","7025","7025 - Dump after return from D3 before cmd "
"30/7/2025 1:26:44 p. m.","Información","nhi","9007","The driver entered RTD3.
 All the connected devices will be removed from driver's internal state, so it is expected that DeviceDisconnected events will happen."
"30/7/2025 1:26:42 p. m.","Advertencia","rt640x64","1","Realtek PCIe GbE Family Controller is disconnected from network."
"30/7/2025 1:26:39 p. m.","Información","Netwtw10","7026","7026 - Dump after return from D3 after cmd"
"30/7/2025 1:26:39 p. m.","Información","Netwtw10","7025","7025 - Dump after return from D3 before cmd "
"30/7/2025 1:24:15 p. m.","Información","Netwtw10","7026","7026 - Dump after return from D3 after cmd"
"30/7/2025 1:24:15 p. m.","Información","Netwtw10","7025","7025 - Dump after return from D3 before cmd "
"30/7/2025 1:24:15 p. m.","Información","nhi","9008","Driver exit RTD3.
 All the connected devices will now cause DeviceConnected events."
"30/7/2025 1:24:07 p. m.","Información","Netwtw10","7026","7026 - Dump after return from D3 after cmd"
"30/7/2025 1:24:07 p. m.","Información","Netwtw10","7025","7025 - Dump after return from D3 before cmd "
"30/7/2025 1:18:01 p. m.","Advertencia","rt640x64","1","Realtek PCIe GbE Family Controller is disconnected from network."
"30/7/2025 1:17:58 p. m.","Información","Netwtw10","7026","7026 - Dump after return from D3 after cmd"
"30/7/2025 1:17:58 p. m.","Información","Netwtw10","7025","7025 - Dump after return from D3 before cmd "
"30/7/2025 1:17:16 p. m.","Información","nhi","9007","The driver entered RTD3.
 All the connected devices will be removed from driver's internal state, so it is expected that DeviceDisconnected events will happen."
"30/7/2025 1:17:10 p. m.","Información","nhi","9008","Driver exit RTD3.
 All the connected devices will now cause DeviceConnected events."
"30/7/2025 1:17:10 p. m.","Información","Netwtw10","7026","7026 - Dump after return from D3 after cmd"
"30/7/2025 1:17:10 p. m.","Información","Netwtw10","7025","7025 - Dump after return from D3 before cmd "
"30/7/2025 1:17:07 p. m.","Información","Netwtw10","7026","7026 - Dump after return from D3 after cmd"
"30/7/2025 1:17:07 p. m.","Información","Netwtw10","7025","7025 - Dump after return from D3 before cmd "
"30/7/2025 1:10:07 p. m.","Información","Netwtw10","7026","7026 - Dump after return from D3 after cmd"
"30/7/2025 1:10:07 p. m.","Información","Netwtw10","7025","7025 - Dump after return from D3 before cmd "
"30/7/2025 1:03:07 p. m.","Información","Netwtw10","7026","7026 - Dump after return from D3 after cmd"
"30/7/2025 1:03:07 p. m.","Información","Netwtw10","7025","7025 - Dump after return from D3 before cmd "
"30/7/2025 12:56:07 p. m.","Información","Netwtw10","7026","7026 - Dump after return from D3 after cmd"
"30/7/2025 12:56:07 p. m.","Información","Netwtw10","7025","7025 - Dump after return from D3 before cmd "
"30/7/2025 12:49:07 p. m.","Información","Netwtw10","7026","7026 - Dump after return from D3 after cmd"
"30/7/2025 12:49:07 p. m.","Información","Netwtw10","7025","7025 - Dump after return from D3 before cmd "
"30/7/2025 12:46:21 p. m.","Información","nhi","9007","The driver entered RTD3.
 All the connected devices will be removed from driver's internal state, so it is expected that DeviceDisconnected events will happen."
"30/7/2025 12:46:15 p. m.","Información","Netwtw10","7026","7026 - Dump after return from D3 after cmd"
"30/7/2025 12:46:15 p. m.","Información","Netwtw10","7025","7025 - Dump after return from D3 before cmd "
"30/7/2025 12:46:15 p. m.","Información","nhi","9008","Driver exit RTD3.
 All the connected devices will now cause DeviceConnected events."
"30/7/2025 12:46:11 p. m.","Información","Netwtw10","7026","7026 - Dump after return from D3 after cmd"
"30/7/2025 12:46:11 p. m.","Información","Netwtw10","7025","7025 - Dump after return from D3 before cmd "
"30/7/2025 12:42:07 p. m.","Información","Netwtw10","7026","7026 - Dump after return from D3 after cmd"
"30/7/2025 12:42:07 p. m.","Información","Netwtw10","7025","7025 - Dump after return from D3 before cmd "
"30/7/2025 12:35:07 p. m.","Información","Netwtw10","7026","7026 - Dump after return from D3 after cmd"
"30/7/2025 12:35:07 p. m.","Información","Netwtw10","7025","7025 - Dump after return from D3 before cmd "
"30/7/2025 12:28:07 p. m.","Información","Netwtw10","7026","7026 - Dump after return from D3 after cmd"
"30/7/2025 12:28:07 p. m.","Información","Netwtw10","7025","7025 - Dump after return from D3 before cmd "
"30/7/2025 12:21:07 p. m.","Información","Netwtw10","7026","7026 - Dump after return from D3 after cmd"
"30/7/2025 12:21:07 p. m.","Información","Netwtw10","7025","7025 - Dump after return from D3 before cmd "
"30/7/2025 12:14:07 p. m.","Información","Netwtw10","7026","7026 - Dump after return from D3 after cmd"
"30/7/2025 12:14:07 p. m.","Información","Netwtw10","7025","7025 - Dump after return from D3 before cmd "
"30/7/2025 12:07:16 p. m.","Información","nhi","9007","The driver entered RTD3.
 All the connected devices will be removed from driver's internal state, so it is expected that DeviceDisconnected events will happen."
"30/7/2025 12:07:11 p. m.","Información","Netwtw10","7026","7026 - Dump after return from D3 after cmd"
"30/7/2025 12:07:11 p. m.","Información","Netwtw10","7025","7025 - Dump after return from D3 before cmd "
"30/7/2025 12:07:11 p. m.","Información","nhi","9008","Driver exit RTD3.
 All the connected devices will now cause DeviceConnected events."
"30/7/2025 12:07:07 p. m.","Información","Netwtw10","7026","7026 - Dump after return from D3 after cmd"
"30/7/2025 12:07:07 p. m.","Información","Netwtw10","7025","7025 - Dump after return from D3 before cmd "
"30/7/2025 12:00:07 p. m.","Información","Netwtw10","7026","7026 - Dump after return from D3 after cmd"
"30/7/2025 12:00:07 p. m.","Información","Netwtw10","7025","7025 - Dump after return from D3 before cmd "
"30/7/2025 12:00:07 p. m.","Información","EventLog","6013","El tiempo límite del sistema es de 470353 segundos."
"30/7/2025 11:58:34 a. m.","Advertencia","rt640x64","1","Realtek PCIe GbE Family Controller is disconnected from network."
"30/7/2025 11:58:31 a. m.","Información","Netwtw10","7026","7026 - Dump after return from D3 after cmd"
"30/7/2025 11:58:31 a. m.","Información","Netwtw10","7025","7025 - Dump after return from D3 before cmd "
"30/7/2025 11:53:07 a. m.","Información","Netwtw10","7026","7026 - Dump after return from D3 after cmd"
"30/7/2025 11:53:07 a. m.","Información","Netwtw10","7025","7025 - Dump after return from D3 before cmd "
"30/7/2025 11:46:07 a. m.","Información","Netwtw10","7026","7026 - Dump after return from D3 after cmd"
"30/7/2025 11:46:07 a. m.","Información","Netwtw10","7025","7025 - Dump after return from D3 before cmd "
"30/7/2025 11:39:07 a. m.","Información","Netwtw10","7026","7026 - Dump after return from D3 after cmd"
"30/7/2025 11:39:07 a. m.","Información","Netwtw10","7025","7025 - Dump after return from D3 before cmd "
"30/7/2025 11:32:56 a. m.","Información","nhi","9007","The driver entered RTD3.
 All the connected devices will be removed from driver's internal state, so it is expected that DeviceDisconnected events will happen."
"30/7/2025 11:32:50 a. m.","Información","Netwtw10","7026","7026 - Dump after return from D3 after cmd"
"30/7/2025 11:32:50 a. m.","Información","Netwtw10","7025","7025 - Dump after return from D3 before cmd "
"30/7/2025 11:32:50 a. m.","Información","nhi","9008","Driver exit RTD3.
 All the connected devices will now cause DeviceConnected events."
"30/7/2025 11:32:07 a. m.","Información","Netwtw10","7026","7026 - Dump after return from D3 after cmd"
"30/7/2025 11:32:07 a. m.","Información","Netwtw10","7025","7025 - Dump after return from D3 before cmd "
"30/7/2025 11:25:27 a. m.","Información","nhi","9007","The driver entered RTD3.
 All the connected devices will be removed from driver's internal state, so it is expected that DeviceDisconnected events will happen."
"30/7/2025 11:25:22 a. m.","Información","Netwtw10","7026","7026 - Dump after return from D3 after cmd"
"30/7/2025 11:25:22 a. m.","Información","Netwtw10","7025","7025 - Dump after return from D3 before cmd "
"30/7/2025 11:25:22 a. m.","Información","nhi","9008","Driver exit RTD3.
 All the connected devices will now cause DeviceConnected events."
"30/7/2025 11:25:07 a. m.","Información","Netwtw10","7026","7026 - Dump after return from D3 after cmd"
"30/7/2025 11:25:07 a. m.","Información","Netwtw10","7025","7025 - Dump after return from D3 before cmd "
"30/7/2025 11:18:18 a. m.","Información","nhi","9007","The driver entered RTD3.
 All the connected devices will be removed from driver's internal state, so it is expected that DeviceDisconnected events will happen."
"30/7/2025 11:18:12 a. m.","Información","Netwtw10","7026","7026 - Dump after return from D3 after cmd"
"30/7/2025 11:18:12 a. m.","Información","Netwtw10","7025","7025 - Dump after return from D3 before cmd "
"30/7/2025 11:18:12 a. m.","Información","nhi","9008","Driver exit RTD3.
 All the connected devices will now cause DeviceConnected events."
"30/7/2025 11:18:07 a. m.","Información","Netwtw10","7026","7026 - Dump after return from D3 after cmd"
"30/7/2025 11:18:07 a. m.","Información","Netwtw10","7025","7025 - Dump after return from D3 before cmd "
"30/7/2025 11:11:16 a. m.","Información","nhi","9007","The driver entered RTD3.
 All the connected devices will be removed from driver's internal state, so it is expected that DeviceDisconnected events will happen."
"30/7/2025 11:11:10 a. m.","Información","Netwtw10","7026","7026 - Dump after return from D3 after cmd"
"30/7/2025 11:11:10 a. m.","Información","Netwtw10","7025","7025 - Dump after return from D3 before cmd "
"30/7/2025 11:11:10 a. m.","Información","nhi","9008","Driver exit RTD3.
 All the connected devices will now cause DeviceConnected events."
"30/7/2025 11:11:07 a. m.","Información","Netwtw10","7026","7026 - Dump after return from D3 after cmd"
"30/7/2025 11:11:07 a. m.","Información","Netwtw10","7025","7025 - Dump after return from D3 before cmd "
"30/7/2025 11:04:07 a. m.","Información","Netwtw10","7026","7026 - Dump after return from D3 after cmd"
"30/7/2025 11:04:07 a. m.","Información","Netwtw10","7025","7025 - Dump after return from D3 before cmd "
"30/7/2025 10:57:07 a. m.","Información","Netwtw10","7026","7026 - Dump after return from D3 after cmd"
"30/7/2025 10:57:07 a. m.","Información","Netwtw10","7025","7025 - Dump after return from D3 before cmd "
"30/7/2025 10:50:07 a. m.","Información","Netwtw10","7026","7026 - Dump after return from D3 after cmd"
"30/7/2025 10:50:07 a. m.","Información","Netwtw10","7025","7025 - Dump after return from D3 before cmd "
"30/7/2025 10:43:07 a. m.","Información","Netwtw10","7026","7026 - Dump after return from D3 after cmd"
"30/7/2025 10:43:07 a. m.","Información","Netwtw10","7025","7025 - Dump after return from D3 before cmd "
"30/7/2025 10:37:55 a. m.","Información","Netwtw10","7026","7026 - Dump after return from D3 after cmd"
"30/7/2025 10:37:55 a. m.","Información","Netwtw10","7025","7025 - Dump after return from D3 before cmd "
"30/7/2025 10:36:15 a. m.","Información","nhi","9007","The driver entered RTD3.
 All the connected devices will be removed from driver's internal state, so it is expected that DeviceDisconnected events will happen."
"30/7/2025 10:36:07 a. m.","Información","Netwtw10","7026","7026 - Dump after return from D3 after cmd"
"30/7/2025 10:36:07 a. m.","Información","Netwtw10","7025","7025 - Dump after return from D3 before cmd "
"30/7/2025 10:31:35 a. m.","Información","Netwtw10","7026","7026 - Dump after return from D3 after cmd"
"30/7/2025 10:31:35 a. m.","Información","Netwtw10","7025","7025 - Dump after return from D3 before cmd "
"30/7/2025 10:31:35 a. m.","Información","nhi","9008","Driver exit RTD3.
 All the connected devices will now cause DeviceConnected events."
"30/7/2025 10:31:30 a. m.","Advertencia","rt640x64","1","Realtek PCIe GbE Family Controller is disconnected from network."
"30/7/2025 10:31:27 a. m.","Información","Netwtw10","7026","7026 - Dump after return from D3 after cmd"
"30/7/2025 10:31:27 a. m.","Información","Netwtw10","7025","7025 - Dump after return from D3 before cmd "
"30/7/2025 10:24:27 a. m.","Información","Netwtw10","7026","7026 - Dump after return from D3 after cmd"
"30/7/2025 10:24:27 a. m.","Información","Netwtw10","7025","7025 - Dump after return from D3 before cmd "
"30/7/2025 10:17:27 a. m.","Información","Netwtw10","7026","7026 - Dump after return from D3 after cmd"
"30/7/2025 10:17:27 a. m.","Información","Netwtw10","7025","7025 - Dump after return from D3 before cmd "
"30/7/2025 10:11:22 a. m.","Información","nhi","9007","The driver entered RTD3.
 All the connected devices will be removed from driver's internal state, so it is expected that DeviceDisconnected events will happen."
"30/7/2025 10:11:17 a. m.","Información","nhi","9008","Driver exit RTD3.
 All the connected devices will now cause DeviceConnected events."
"30/7/2025 10:11:16 a. m.","Información","Netwtw10","7026","7026 - Dump after return from D3 after cmd"
"30/7/2025 10:11:16 a. m.","Información","Netwtw10","7025","7025 - Dump after return from D3 before cmd "
"30/7/2025 10:10:27 a. m.","Información","Netwtw10","7026","7026 - Dump after return from D3 after cmd"
"30/7/2025 10:10:27 a. m.","Información","Netwtw10","7025","7025 - Dump after return from D3 before cmd "
"30/7/2025 10:03:49 a. m.","Información","nhi","9007","The driver entered RTD3.
 All the connected devices will be removed from driver's internal state, so it is expected that DeviceDisconnected events will happen."
"30/7/2025 10:03:44 a. m.","Información","nhi","9008","Driver exit RTD3.
 All the connected devices will now cause DeviceConnected events."
"30/7/2025 10:03:44 a. m.","Información","Netwtw10","7026","7026 - Dump after return from D3 after cmd"
"30/7/2025 10:03:44 a. m.","Información","Netwtw10","7025","7025 - Dump after return from D3 before cmd "
"30/7/2025 10:03:27 a. m.","Información","Netwtw10","7026","7026 - Dump after return from D3 after cmd"
"30/7/2025 10:03:27 a. m.","Información","Netwtw10","7025","7025 - Dump after return from D3 before cmd "
"30/7/2025 9:56:41 a. m.","Información","nhi","9007","The driver entered RTD3.
 All the connected devices will be removed from driver's internal state, so it is expected that DeviceDisconnected events will happen."
"30/7/2025 9:56:36 a. m.","Información","Netwtw10","7026","7026 - Dump after return from D3 after cmd"
"30/7/2025 9:56:36 a. m.","Información","Netwtw10","7025","7025 - Dump after return from D3 before cmd "
"30/7/2025 9:56:36 a. m.","Información","nhi","9008","Driver exit RTD3.
 All the connected devices will now cause DeviceConnected events."
"30/7/2025 9:56:27 a. m.","Información","Netwtw10","7026","7026 - Dump after return from D3 after cmd"
"30/7/2025 9:56:27 a. m.","Información","Netwtw10","7025","7025 - Dump after return from D3 before cmd "
"30/7/2025 9:50:09 a. m.","Advertencia","rt640x64","1","Realtek PCIe GbE Family Controller is disconnected from network."
"30/7/2025 9:50:06 a. m.","Información","Netwtw10","7026","7026 - Dump after return from D3 after cmd"
"30/7/2025 9:50:06 a. m.","Información","Netwtw10","7025","7025 - Dump after return from D3 before cmd "
"30/7/2025 9:49:27 a. m.","Información","Netwtw10","7026","7026 - Dump after return from D3 after cmd"
"30/7/2025 9:49:27 a. m.","Información","Netwtw10","7025","7025 - Dump after return from D3 before cmd "
"30/7/2025 9:42:27 a. m.","Información","Netwtw10","7026","7026 - Dump after return from D3 after cmd"
"30/7/2025 9:42:27 a. m.","Información","Netwtw10","7025","7025 - Dump after return from D3 before cmd "
"30/7/2025 9:39:41 a. m.","Información","nhi","9007","The driver entered RTD3.
 All the connected devices will be removed from driver's internal state, so it is expected that DeviceDisconnected events will happen."
"30/7/2025 9:39:35 a. m.","Información","Netwtw10","7026","7026 - Dump after return from D3 after cmd"
"30/7/2025 9:39:35 a. m.","Información","Netwtw10","7025","7025 - Dump after return from D3 before cmd "
"30/7/2025 9:36:27 a. m.","Información","Netwtw10","7026","7026 - Dump after return from D3 after cmd"
"30/7/2025 9:36:27 a. m.","Información","Netwtw10","7025","7025 - Dump after return from D3 before cmd "
"30/7/2025 9:36:27 a. m.","Información","nhi","9008","Driver exit RTD3.
 All the connected devices will now cause DeviceConnected events."
"30/7/2025 9:35:27 a. m.","Información","Netwtw10","7026","7026 - Dump after return from D3 after cmd"
"30/7/2025 9:35:27 a. m.","Información","Netwtw10","7025","7025 - Dump after return from D3 before cmd "
"30/7/2025 9:30:27 a. m.","Información","Netwtw10","7026","7026 - Dump after return from D3 after cmd"
"30/7/2025 9:30:27 a. m.","Información","Netwtw10","7025","7025 - Dump after return from D3 before cmd "
"30/7/2025 9:29:33 a. m.","Información","nhi","9007","The driver entered RTD3.
 All the connected devices will be removed from driver's internal state, so it is expected that DeviceDisconnected events will happen."
"30/7/2025 9:29:27 a. m.","Información","Netwtw10","7026","7026 - Dump after return from D3 after cmd"
"30/7/2025 9:29:27 a. m.","Información","Netwtw10","7025","7025 - Dump after return from D3 before cmd "
"30/7/2025 9:29:27 a. m.","Información","nhi","9008","Driver exit RTD3.
 All the connected devices will now cause DeviceConnected events."
"30/7/2025 9:28:27 a. m.","Información","Netwtw10","7026","7026 - Dump after return from D3 after cmd"
"30/7/2025 9:28:27 a. m.","Información","Netwtw10","7025","7025 - Dump after return from D3 before cmd "
"30/7/2025 9:23:27 a. m.","Información","Netwtw10","7026","7026 - Dump after return from D3 after cmd"
"30/7/2025 9:23:27 a. m.","Información","Netwtw10","7025","7025 - Dump after return from D3 before cmd "
"30/7/2025 9:22:33 a. m.","Información","nhi","9007","The driver entered RTD3.
 All the connected devices will be removed from driver's internal state, so it is expected that DeviceDisconnected events will happen."
"30/7/2025 9:22:27 a. m.","Información","Netwtw10","7026","7026 - Dump after return from D3 after cmd"
"30/7/2025 9:22:27 a. m.","Información","Netwtw10","7025","7025 - Dump after return from D3 before cmd "
"30/7/2025 9:22:27 a. m.","Información","nhi","9008","Driver exit RTD3.
 All the connected devices will now cause DeviceConnected events."
"30/7/2025 9:21:27 a. m.","Información","Netwtw10","7026","7026 - Dump after return from D3 after cmd"
"30/7/2025 9:21:27 a. m.","Información","Netwtw10","7025","7025 - Dump after return from D3 before cmd "
"30/7/2025 9:15:07 a. m.","Información","nhi","9007","The driver entered RTD3.
 All the connected devices will be removed from driver's internal state, so it is expected that DeviceDisconnected events will happen."
"30/7/2025 9:15:02 a. m.","Información","nhi","9008","Driver exit RTD3.
 All the connected devices will now cause DeviceConnected events."
"30/7/2025 9:15:02 a. m.","Información","Netwtw10","7026","7026 - Dump after return from D3 after cmd"
"30/7/2025 9:15:02 a. m.","Información","Netwtw10","7025","7025 - Dump after return from D3 before cmd "
"30/7/2025 9:14:27 a. m.","Información","Netwtw10","7026","7026 - Dump after return from D3 after cmd"
"30/7/2025 9:14:27 a. m.","Información","Netwtw10","7025","7025 - Dump after return from D3 before cmd "
"30/7/2025 9:07:50 a. m.","Información","nhi","9007","The driver entered RTD3.
 All the connected devices will be removed from driver's internal state, so it is expected that DeviceDisconnected events will happen."
"30/7/2025 9:07:43 a. m.","Información","Netwtw10","7026","7026 - Dump after return from D3 after cmd"
"30/7/2025 9:07:43 a. m.","Información","Netwtw10","7025","7025 - Dump after return from D3 before cmd "
"30/7/2025 9:07:43 a. m.","Información","nhi","9008","Driver exit RTD3.
 All the connected devices will now cause DeviceConnected events."
"30/7/2025 9:07:30 a. m.","Advertencia","rt640x64","1","Realtek PCIe GbE Family Controller is disconnected from network."
"30/7/2025 9:07:27 a. m.","Información","Netwtw10","7026","7026 - Dump after return from D3 after cmd"
"30/7/2025 9:07:27 a. m.","Información","Netwtw10","7025","7025 - Dump after return from D3 before cmd "
"30/7/2025 9:00:27 a. m.","Información","Netwtw10","7026","7026 - Dump after return from D3 after cmd"
"30/7/2025 9:00:27 a. m.","Información","Netwtw10","7025","7025 - Dump after return from D3 before cmd "
"30/7/2025 8:53:27 a. m.","Información","Netwtw10","7026","7026 - Dump after return from D3 after cmd"
"30/7/2025 8:53:27 a. m.","Información","Netwtw10","7025","7025 - Dump after return from D3 before cmd "
"30/7/2025 8:50:42 a. m.","Información","nhi","9007","The driver entered RTD3.
 All the connected devices will be removed from driver's internal state, so it is expected that DeviceDisconnected events will happen."
"30/7/2025 8:50:37 a. m.","Información","Netwtw10","7026","7026 - Dump after return from D3 after cmd"
"30/7/2025 8:50:37 a. m.","Información","Netwtw10","7025","7025 - Dump after return from D3 before cmd "
"30/7/2025 8:47:27 a. m.","Información","Netwtw10","7026","7026 - Dump after return from D3 after cmd"
"30/7/2025 8:47:27 a. m.","Información","Netwtw10","7025","7025 - Dump after return from D3 before cmd "
"30/7/2025 8:47:27 a. m.","Información","nhi","9008","Driver exit RTD3.
 All the connected devices will now cause DeviceConnected events."
"30/7/2025 8:46:27 a. m.","Información","Netwtw10","7026","7026 - Dump after return from D3 after cmd"
"30/7/2025 8:46:27 a. m.","Información","Netwtw10","7025","7025 - Dump after return from D3 before cmd "
"30/7/2025 8:40:32 a. m.","Información","nhi","9007","The driver entered RTD3.
 All the connected devices will be removed from driver's internal state, so it is expected that DeviceDisconnected events will happen."
"30/7/2025 8:40:26 a. m.","Información","nhi","9008","Driver exit RTD3.
 All the connected devices will now cause DeviceConnected events."
"30/7/2025 8:40:26 a. m.","Información","Netwtw10","7026","7026 - Dump after return from D3 after cmd"
"30/7/2025 8:40:26 a. m.","Información","Netwtw10","7025","7025 - Dump after return from D3 before cmd "
"30/7/2025 8:39:27 a. m.","Información","Netwtw10","7026","7026 - Dump after return from D3 after cmd"
"30/7/2025 8:39:27 a. m.","Información","Netwtw10","7025","7025 - Dump after return from D3 before cmd "
"30/7/2025 8:32:53 a. m.","Información","nhi","9007","The driver entered RTD3.
 All the connected devices will be removed from driver's internal state, so it is expected that DeviceDisconnected events will happen."
"30/7/2025 8:32:47 a. m.","Información","nhi","9008","Driver exit RTD3.
 All the connected devices will now cause DeviceConnected events."
"30/7/2025 8:32:47 a. m.","Información","Netwtw10","7026","7026 - Dump after return from D3 after cmd"
"30/7/2025 8:32:47 a. m.","Información","Netwtw10","7025","7025 - Dump after return from D3 before cmd "
"30/7/2025 8:32:27 a. m.","Información","Netwtw10","7026","7026 - Dump after return from D3 after cmd"
"30/7/2025 8:32:27 a. m.","Información","Netwtw10","7025","7025 - Dump after return from D3 before cmd "
"30/7/2025 8:25:43 a. m.","Información","nhi","9007","The driver entered RTD3.
 All the connected devices will be removed from driver's internal state, so it is expected that DeviceDisconnected events will happen."
"30/7/2025 8:25:37 a. m.","Información","Netwtw10","7026","7026 - Dump after return from D3 after cmd"
"30/7/2025 8:25:37 a. m.","Información","Netwtw10","7025","7025 - Dump after return from D3 before cmd "
"30/7/2025 8:25:37 a. m.","Información","nhi","9008","Driver exit RTD3.
 All the connected devices will now cause DeviceConnected events."
"30/7/2025 8:25:30 a. m.","Advertencia","rt640x64","1","Realtek PCIe GbE Family Controller is disconnected from network."
"30/7/2025 8:25:27 a. m.","Información","Netwtw10","7026","7026 - Dump after return from D3 after cmd"
"30/7/2025 8:25:27 a. m.","Información","Netwtw10","7025","7025 - Dump after return from D3 before cmd "
"30/7/2025 8:18:27 a. m.","Información","Netwtw10","7026","7026 - Dump after return from D3 after cmd"
"30/7/2025 8:18:27 a. m.","Información","Netwtw10","7025","7025 - Dump after return from D3 before cmd "
"30/7/2025 8:11:27 a. m.","Información","Netwtw10","7026","7026 - Dump after return from D3 after cmd"
"30/7/2025 8:11:27 a. m.","Información","Netwtw10","7025","7025 - Dump after return from D3 before cmd "
"30/7/2025 8:04:27 a. m.","Información","Netwtw10","7026","7026 - Dump after return from D3 after cmd"
"30/7/2025 8:04:27 a. m.","Información","Netwtw10","7025","7025 - Dump after return from D3 before cmd "
"30/7/2025 7:57:30 a. m.","Advertencia","rt640x64","1","Realtek PCIe GbE Family Controller is disconnected from network."
"30/7/2025 7:57:29 a. m.","Información","Microsoft-Windows-Kernel-Power","566","La sesión del sistema ha cambiado de 114 a 115.

Motivo InputMouse 

BootId: 10"
"30/7/2025 7:57:27 a. m.","Información","Microsoft-Windows-Kernel-Power","506","El sistema está entrando en el modo de espera moderno 

motivo: 16777220. "
"30/7/2025 7:57:27 a. m.","Información","Microsoft-Windows-Kernel-Power","566","La sesión del sistema ha cambiado de 113 a 114.

Motivo 16777220 

BootId: 10"
"30/7/2025 7:57:27 a. m.","Información","Microsoft-Windows-Kernel-Power","507","El sistema está saliendo del modo de espera moderno 

motivo: 16777220. "
"30/7/2025 7:57:27 a. m.","Información","Netwtw10","7026","7026 - Dump after return from D3 after cmd"
"30/7/2025 7:57:27 a. m.","Información","Netwtw10","7025","7025 - Dump after return from D3 before cmd "
"30/7/2025 7:50:27 a. m.","Información","Netwtw10","7026","7026 - Dump after return from D3 after cmd"
"30/7/2025 7:50:27 a. m.","Información","Netwtw10","7025","7025 - Dump after return from D3 before cmd "
"30/7/2025 7:44:33 a. m.","Información","nhi","9007","The driver entered RTD3.
 All the connected devices will be removed from driver's internal state, so it is expected that DeviceDisconnected events will happen."
"30/7/2025 7:44:27 a. m.","Información","Netwtw10","7026","7026 - Dump after return from D3 after cmd"
"30/7/2025 7:44:27 a. m.","Información","Netwtw10","7025","7025 - Dump after return from D3 before cmd "
"30/7/2025 7:44:27 a. m.","Información","nhi","9008","Driver exit RTD3.
 All the connected devices will now cause DeviceConnected events."
"30/7/2025 7:43:27 a. m.","Información","Netwtw10","7026","7026 - Dump after return from D3 after cmd"
"30/7/2025 7:43:27 a. m.","Información","Netwtw10","7025","7025 - Dump after return from D3 before cmd "
"30/7/2025 7:36:56 a. m.","Información","nhi","9007","The driver entered RTD3.
 All the connected devices will be removed from driver's internal state, so it is expected that DeviceDisconnected events will happen."
"30/7/2025 7:36:51 a. m.","Información","Netwtw10","7026","7026 - Dump after return from D3 after cmd"
"30/7/2025 7:36:51 a. m.","Información","Netwtw10","7025","7025 - Dump after return from D3 before cmd "
"30/7/2025 7:36:51 a. m.","Información","nhi","9008","Driver exit RTD3.
 All the connected devices will now cause DeviceConnected events."
"30/7/2025 7:36:27 a. m.","Información","Netwtw10","7026","7026 - Dump after return from D3 after cmd"
"30/7/2025 7:36:27 a. m.","Información","Netwtw10","7025","7025 - Dump after return from D3 before cmd "
"30/7/2025 7:29:41 a. m.","Información","nhi","9007","The driver entered RTD3.
 All the connected devices will be removed from driver's internal state, so it is expected that DeviceDisconnected events will happen."
"30/7/2025 7:29:35 a. m.","Información","Netwtw10","7026","7026 - Dump after return from D3 after cmd"
"30/7/2025 7:29:35 a. m.","Información","Netwtw10","7025","7025 - Dump after return from D3 before cmd "
"30/7/2025 7:29:35 a. m.","Información","nhi","9008","Driver exit RTD3.
 All the connected devices will now cause DeviceConnected events."
"30/7/2025 7:29:27 a. m.","Información","Netwtw10","7026","7026 - Dump after return from D3 after cmd"
"30/7/2025 7:29:27 a. m.","Información","Netwtw10","7025","7025 - Dump after return from D3 before cmd "
"30/7/2025 7:22:35 a. m.","Información","nhi","9007","The driver entered RTD3.
 All the connected devices will be removed from driver's internal state, so it is expected that DeviceDisconnected events will happen."
"30/7/2025 7:22:30 a. m.","Información","Netwtw10","7026","7026 - Dump after return from D3 after cmd"
"30/7/2025 7:22:30 a. m.","Información","Netwtw10","7025","7025 - Dump after return from D3 before cmd "
"30/7/2025 7:22:30 a. m.","Información","nhi","9008","Driver exit RTD3.
 All the connected devices will now cause DeviceConnected events."
"30/7/2025 7:22:27 a. m.","Información","Netwtw10","7026","7026 - Dump after return from D3 after cmd"
"30/7/2025 7:22:27 a. m.","Información","Netwtw10","7025","7025 - Dump after return from D3 before cmd "
"30/7/2025 7:15:27 a. m.","Información","Netwtw10","7026","7026 - Dump after return from D3 after cmd"
"30/7/2025 7:15:27 a. m.","Información","Netwtw10","7025","7025 - Dump after return from D3 before cmd "
"30/7/2025 7:08:27 a. m.","Información","Netwtw10","7026","7026 - Dump after return from D3 after cmd"
"30/7/2025 7:08:27 a. m.","Información","Netwtw10","7025","7025 - Dump after return from D3 before cmd "
"30/7/2025 7:01:45 a. m.","Información","nhi","9007","The driver entered RTD3.
 All the connected devices will be removed from driver's internal state, so it is expected that DeviceDisconnected events will happen."
"30/7/2025 7:01:40 a. m.","Información","nhi","9008","Driver exit RTD3.
 All the connected devices will now cause DeviceConnected events."
"30/7/2025 7:01:40 a. m.","Información","Netwtw10","7026","7026 - Dump after return from D3 after cmd"
"30/7/2025 7:01:40 a. m.","Información","Netwtw10","7025","7025 - Dump after return from D3 before cmd "
"30/7/2025 7:01:27 a. m.","Información","Netwtw10","7026","7026 - Dump after return from D3 after cmd"
"30/7/2025 7:01:27 a. m.","Información","Netwtw10","7025","7025 - Dump after return from D3 before cmd "
"30/7/2025 6:54:39 a. m.","Información","nhi","9007","The driver entered RTD3.
 All the connected devices will be removed from driver's internal state, so it is expected that DeviceDisconnected events will happen."
"30/7/2025 6:54:33 a. m.","Información","Netwtw10","7026","7026 - Dump after return from D3 after cmd"
"30/7/2025 6:54:33 a. m.","Información","Netwtw10","7025","7025 - Dump after return from D3 before cmd "
"30/7/2025 6:54:33 a. m.","Información","nhi","9008","Driver exit RTD3.
 All the connected devices will now cause DeviceConnected events."
"30/7/2025 6:54:30 a. m.","Advertencia","rt640x64","1","Realtek PCIe GbE Family Controller is disconnected from network."
"30/7/2025 6:54:27 a. m.","Información","Netwtw10","7026","7026 - Dump after return from D3 after cmd"
"30/7/2025 6:54:27 a. m.","Información","Netwtw10","7025","7025 - Dump after return from D3 before cmd "
"30/7/2025 6:47:27 a. m.","Información","Netwtw10","7026","7026 - Dump after return from D3 after cmd"
"30/7/2025 6:47:27 a. m.","Información","Netwtw10","7025","7025 - Dump after return from D3 before cmd "
"30/7/2025 6:44:43 a. m.","Información","Netwtw10","7026","7026 - Dump after return from D3 after cmd"
"30/7/2025 6:44:43 a. m.","Información","Netwtw10","7025","7025 - Dump after return from D3 before cmd "
"30/7/2025 6:40:27 a. m.","Información","Netwtw10","7026","7026 - Dump after return from D3 after cmd"
"30/7/2025 6:40:27 a. m.","Información","Netwtw10","7025","7025 - Dump after return from D3 before cmd "
"30/7/2025 6:33:27 a. m.","Información","Netwtw10","7026","7026 - Dump after return from D3 after cmd"
"30/7/2025 6:33:27 a. m.","Información","Netwtw10","7025","7025 - Dump after return from D3 before cmd "
"30/7/2025 6:26:43 a. m.","Información","Microsoft-Windows-WindowsUpdateClient","19","Instalación correcta: Windows instaló correctamente la siguiente actualización: 9NBLGGH10PG8-MICROSOFT.PEOPLE"
"30/7/2025 6:26:41 a. m.","Información","Microsoft-Windows-WindowsUpdateClient","19","Instalación correcta: Windows instaló correctamente la siguiente actualización: 9WZDNCRD1HKW-Microsoft.XboxIdentityProvider"
"30/7/2025 6:26:37 a. m.","Información","Microsoft-Windows-WindowsUpdateClient","19","Instalación correcta: Windows instaló correctamente la siguiente actualización: 9NBLGGH537C2-Microsoft.XboxGameOverlay"
"30/7/2025 6:26:37 a. m.","Información","Microsoft-Windows-WindowsUpdateClient","44","Windows Update comenzó a descargar una actualización."
"30/7/2025 6:26:35 a. m.","Información","Microsoft-Windows-WindowsUpdateClient","44","Windows Update comenzó a descargar una actualización."
"30/7/2025 6:26:35 a. m.","Información","Microsoft-Windows-WindowsUpdateClient","44","Windows Update comenzó a descargar una actualización."
"30/7/2025 6:26:30 a. m.","Advertencia","rt640x64","1","Realtek PCIe GbE Family Controller is disconnected from network."
"30/7/2025 6:26:27 a. m.","Información","Netwtw10","7026","7026 - Dump after return from D3 after cmd"
"30/7/2025 6:26:27 a. m.","Información","Netwtw10","7025","7025 - Dump after return from D3 before cmd "
"30/7/2025 6:19:38 a. m.","Información","nhi","9007","The driver entered RTD3.
 All the connected devices will be removed from driver's internal state, so it is expected that DeviceDisconnected events will happen."
"30/7/2025 6:19:33 a. m.","Información","Netwtw10","7026","7026 - Dump after return from D3 after cmd"
"30/7/2025 6:19:33 a. m.","Información","Netwtw10","7025","7025 - Dump after return from D3 before cmd "
"30/7/2025 6:19:33 a. m.","Información","nhi","9008","Driver exit RTD3.
 All the connected devices will now cause DeviceConnected events."
"30/7/2025 6:19:27 a. m.","Información","Netwtw10","7026","7026 - Dump after return from D3 after cmd"
"30/7/2025 6:19:27 a. m.","Información","Netwtw10","7025","7025 - Dump after return from D3 before cmd "
"30/7/2025 6:14:25 a. m.","Información","Netwtw10","7026","7026 - Dump after return from D3 after cmd"
"30/7/2025 6:14:25 a. m.","Información","Netwtw10","7025","7025 - Dump after return from D3 before cmd "
"30/7/2025 6:12:34 a. m.","Información","nhi","9007","The driver entered RTD3.
 All the connected devices will be removed from driver's internal state, so it is expected that DeviceDisconnected events will happen."
"30/7/2025 6:12:29 a. m.","Información","nhi","9008","Driver exit RTD3.
 All the connected devices will now cause DeviceConnected events."
"30/7/2025 6:12:29 a. m.","Información","Netwtw10","7026","7026 - Dump after return from D3 after cmd"
"30/7/2025 6:12:29 a. m.","Información","Netwtw10","7025","7025 - Dump after return from D3 before cmd "
"30/7/2025 6:12:27 a. m.","Información","Netwtw10","7026","7026 - Dump after return from D3 after cmd"
"30/7/2025 6:12:27 a. m.","Información","Netwtw10","7025","7025 - Dump after return from D3 before cmd "
"30/7/2025 6:05:27 a. m.","Información","Netwtw10","7026","7026 - Dump after return from D3 after cmd"
"30/7/2025 6:05:27 a. m.","Información","Netwtw10","7025","7025 - Dump after return from D3 before cmd "
"30/7/2025 5:58:27 a. m.","Información","Netwtw10","7026","7026 - Dump after return from D3 after cmd"
"30/7/2025 5:58:27 a. m.","Información","Netwtw10","7025","7025 - Dump after return from D3 before cmd "
"30/7/2025 5:51:27 a. m.","Información","Netwtw10","7026","7026 - Dump after return from D3 after cmd"
"30/7/2025 5:51:27 a. m.","Información","Netwtw10","7025","7025 - Dump after return from D3 before cmd "
"30/7/2025 5:47:53 a. m.","Información","Microsoft-Windows-WindowsUpdateClient","19","Instalación correcta: Windows instaló correctamente la siguiente actualización: 9PCFS5B6T72H-Microsoft.Paint"
"30/7/2025 5:47:51 a. m.","Información","Microsoft-Windows-Kernel-General","16","El historial de accesos en el subárbol \??\C:\Users\PCTIC-05\AppData\Local\Packages\Microsoft.Paint_8wekyb3d8bbwe\Settings\settings.dat se borró mediante la actualización de 1 claves y la creación de 1 páginas modificadas."
"30/7/2025 5:47:50 a. m.","Información","Microsoft-Windows-WindowsUpdateClient","43","Instalación iniciada: Windows comenzó a instalar la actualización siguiente: 9PCFS5B6T72H-Microsoft.Paint"
"30/7/2025 5:47:48 a. m.","Información","Netwtw10","7026","7026 - Dump after return from D3 after cmd"
"30/7/2025 5:47:48 a. m.","Información","Netwtw10","7025","7025 - Dump after return from D3 before cmd "
"30/7/2025 5:46:48 a. m.","Información","Microsoft-Windows-Kernel-General","16","El historial de accesos en el subárbol \??\C:\ProgramData\Microsoft\Windows\AppRepository\Packages\Microsoft.Paint_11.2506.91.0_x64__8wekyb3d8bbwe\ActivationStore.dat se borró mediante la actualización de 0 claves y la creación de 0 páginas modificadas."
"30/7/2025 5:46:45 a. m.","Información","Microsoft-Windows-WindowsUpdateClient","19","Instalación correcta: Windows instaló correctamente la siguiente actualización: 9WZDNCRD29V9-MICROSOFT.MICROSOFTOFFICEHUB"
"30/7/2025 5:46:43 a. m.","Información","Microsoft-Windows-WindowsUpdateClient","43","Instalación iniciada: Windows comenzó a instalar la actualización siguiente: 9WZDNCRD29V9-MICROSOFT.MICROSOFTOFFICEHUB"
"30/7/2025 5:46:41 a. m.","Información","Microsoft-Windows-Kernel-General","16","El historial de accesos en el subárbol \??\C:\ProgramData\Microsoft\Windows\AppRepository\Packages\Microsoft.MicrosoftOfficeHub_19.2507.57011.0_x64__8wekyb3d8bbwe\ActivationStore.dat se borró mediante la actualización de 0 claves y la creación de 0 páginas modificadas."
"30/7/2025 5:46:20 a. m.","Error","Microsoft-Windows-DistributedCOM","10010","El servidor {338B40F9-9D68-4B53-A793-6B9AA0C5F63B} no se registró con DCOM dentro del tiempo de espera requerido."
"30/7/2025 5:45:47 a. m.","Información","Microsoft-Windows-WindowsUpdateClient","44","Windows Update comenzó a descargar una actualización."
"30/7/2025 5:45:47 a. m.","Información","Microsoft-Windows-WindowsUpdateClient","44","Windows Update comenzó a descargar una actualización."
"30/7/2025 5:45:47 a. m.","Información","Microsoft-Windows-WindowsUpdateClient","44","Windows Update comenzó a descargar una actualización."
"30/7/2025 5:45:22 a. m.","Información","Microsoft-Windows-WindowsUpdateClient","19","Instalación correcta: Windows instaló correctamente la siguiente actualización: Actualización de inteligencia de seguridad para Microsoft Defender Antivirus - KB2267602 (versión 1.433.167.0) - Canal actual (ampliado)"
"30/7/2025 5:45:00 a. m.","Información","Microsoft-Windows-WindowsUpdateClient","43","Instalación iniciada: Windows comenzó a instalar la actualización siguiente: Actualización de inteligencia de seguridad para Microsoft Defender Antivirus - KB2267602 (versión 1.433.167.0) - Canal actual (ampliado)"
"30/7/2025 5:44:53 a. m.","Información","Microsoft-Windows-WindowsUpdateClient","44","Windows Update comenzó a descargar una actualización."
"30/7/2025 5:44:30 a. m.","Advertencia","rt640x64","1","Realtek PCIe GbE Family Controller is disconnected from network."
"30/7/2025 5:44:27 a. m.","Información","Netwtw10","7026","7026 - Dump after return from D3 after cmd"
"30/7/2025 5:44:27 a. m.","Información","Netwtw10","7025","7025 - Dump after return from D3 before cmd "
"30/7/2025 5:37:27 a. m.","Información","Netwtw10","7026","7026 - Dump after return from D3 after cmd"
"30/7/2025 5:37:27 a. m.","Información","Netwtw10","7025","7025 - Dump after return from D3 before cmd "
"30/7/2025 5:30:27 a. m.","Información","Netwtw10","7026","7026 - Dump after return from D3 after cmd"
"30/7/2025 5:30:27 a. m.","Información","Netwtw10","7025","7025 - Dump after return from D3 before cmd "
"30/7/2025 5:23:35 a. m.","Información","nhi","9007","The driver entered RTD3.
 All the connected devices will be removed from driver's internal state, so it is expected that DeviceDisconnected events will happen."
"30/7/2025 5:23:29 a. m.","Información","Netwtw10","7026","7026 - Dump after return from D3 after cmd"
"30/7/2025 5:23:29 a. m.","Información","Netwtw10","7025","7025 - Dump after return from D3 before cmd "
"30/7/2025 5:23:29 a. m.","Información","nhi","9008","Driver exit RTD3.
 All the connected devices will now cause DeviceConnected events."
"30/7/2025 5:23:27 a. m.","Información","Netwtw10","7026","7026 - Dump after return from D3 after cmd"
"30/7/2025 5:23:27 a. m.","Información","Netwtw10","7025","7025 - Dump after return from D3 before cmd "
"30/7/2025 5:16:27 a. m.","Información","Netwtw10","7026","7026 - Dump after return from D3 after cmd"
"30/7/2025 5:16:27 a. m.","Información","Netwtw10","7025","7025 - Dump after return from D3 before cmd "
"30/7/2025 5:10:44 a. m.","Información","Netwtw10","7026","7026 - Dump after return from D3 after cmd"
"30/7/2025 5:10:44 a. m.","Información","Netwtw10","7025","7025 - Dump after return from D3 before cmd "
"30/7/2025 5:09:25 a. m.","Información","Netwtw10","7026","7026 - Dump after return from D3 after cmd"
"30/7/2025 5:09:25 a. m.","Información","Netwtw10","7025","7025 - Dump after return from D3 before cmd "
"30/7/2025 4:57:26 a. m.","Información","nhi","9007","The driver entered RTD3.
 All the connected devices will be removed from driver's internal state, so it is expected that DeviceDisconnected events will happen."
"30/7/2025 4:57:20 a. m.","Advertencia","rt640x64","1","Realtek PCIe GbE Family Controller is disconnected from network."
"30/7/2025 4:57:16 a. m.","Información","Netwtw10","7026","7026 - Dump after return from D3 after cmd"
"30/7/2025 4:57:16 a. m.","Información","Netwtw10","7025","7025 - Dump after return from D3 before cmd "
"30/7/2025 4:57:16 a. m.","Información","nhi","9008","Driver exit RTD3.
 All the connected devices will now cause DeviceConnected events."
"30/7/2025 4:57:13 a. m.","Información","Netwtw10","7026","7026 - Dump after return from D3 after cmd"
"30/7/2025 4:57:13 a. m.","Información","Netwtw10","7025","7025 - Dump after return from D3 before cmd "
"30/7/2025 4:42:13 a. m.","Información","Netwtw10","7026","7026 - Dump after return from D3 after cmd"
"30/7/2025 4:42:13 a. m.","Información","Netwtw10","7025","7025 - Dump after return from D3 before cmd "
"30/7/2025 4:35:54 a. m.","Información","Netwtw10","7026","7026 - Dump after return from D3 after cmd"
"30/7/2025 4:35:54 a. m.","Información","Netwtw10","7025","7025 - Dump after return from D3 before cmd "
"30/7/2025 4:29:08 a. m.","Información","Microsoft-Windows-Kernel-Power","566","La sesión del sistema ha cambiado de 112 a 113.

Motivo InputMouse 

BootId: 10"
"30/7/2025 4:28:03 a. m.","Información","Microsoft-Windows-Kernel-Power","506","El sistema está entrando en el modo de espera moderno 

motivo: 16777220. "
"30/7/2025 4:28:03 a. m.","Información","Microsoft-Windows-Kernel-Power","566","La sesión del sistema ha cambiado de 111 a 112.

Motivo 16777220 

BootId: 10"
"30/7/2025 4:28:03 a. m.","Información","Microsoft-Windows-Kernel-Power","507","El sistema está saliendo del modo de espera moderno 

motivo: 16777220. "
"30/7/2025 4:28:02 a. m.","Información","Microsoft-Windows-Kernel-Power","566","La sesión del sistema ha cambiado de 110 a 111.

Motivo InputMouse 

BootId: 10"
"30/7/2025 4:28:02 a. m.","Información","Microsoft-Windows-Kernel-Power","506","El sistema está entrando en el modo de espera moderno 

motivo: 16777220. "
"30/7/2025 4:28:02 a. m.","Información","Microsoft-Windows-Kernel-Power","566","La sesión del sistema ha cambiado de 109 a 110.

Motivo 16777220 

BootId: 10"
"30/7/2025 4:28:02 a. m.","Información","Microsoft-Windows-Kernel-Power","507","El sistema está saliendo del modo de espera moderno 

motivo: 16777220. "
"30/7/2025 4:28:01 a. m.","Información","Microsoft-Windows-Kernel-Power","566","La sesión del sistema ha cambiado de 108 a 109.

Motivo InputMouse 

BootId: 10"
"30/7/2025 4:26:57 a. m.","Información","Microsoft-Windows-Kernel-Power","506","El sistema está entrando en el modo de espera moderno 

motivo: AC/DC Display Burst Suppressed. "
"30/7/2025 4:26:57 a. m.","Información","Microsoft-Windows-Kernel-Power","566","La sesión del sistema ha cambiado de 107 a 108.

Motivo InputMouse 

BootId: 10"
"30/7/2025 4:26:57 a. m.","Información","Microsoft-Windows-Kernel-Power","507","El sistema está saliendo del modo de espera moderno 

motivo: AC/DC Display Burst Suppressed. "
"30/7/2025 4:26:57 a. m.","Información","Microsoft-Windows-Kernel-Power","172","Estado de conectividad en modo de espera: Connected. Motivo: None"
"30/7/2025 4:26:57 a. m.","Información","Netwtw10","7026","7026 - Dump after return from D3 after cmd"
"30/7/2025 4:26:57 a. m.","Información","Netwtw10","7025","7025 - Dump after return from D3 before cmd "
"30/7/2025 4:26:57 a. m.","Información","Microsoft-Windows-Kernel-Power","105","Cambio de fuente de energía."
"30/7/2025 4:25:00 a. m.","Información","Microsoft-Windows-Kernel-Power","172","Estado de conectividad en modo de espera: Disconnected. Motivo: Adaptive Connected Standby"
"30/7/2025 4:24:53 a. m.","Información","Microsoft-Windows-Kernel-General","1","La hora del sistema ha cambiado a ‎2025‎-‎07‎-‎30T08:24:53.387150200Z de ‎2025‎-‎07‎-‎30T08:24:53.386990300Z.
Diferencia horaria: 0 ms

Motivo del cambio: An application or system component changed the time.
Proceso: '\Device\HarddiskVolume3\Windows\System32\svchost.exe' (PID 1708).

Hora de RTC: ‎2025‎-‎07‎-‎30T04:24:53.387150200Z
Diferencia de zona horaria actual: 240
hora RTC es UTC: false
La hora del sistema se basaba en la hora RTC: false"
"30/7/2025 4:24:53 a. m.","Error","Microsoft-Windows-HAL","21","No se estableció el reloj en tiempo real de hardware debido a un error en la evaluación del método de dispositivo de alarma y hora ACPI.  Estado: 0xC00000BB."
"30/7/2025 4:24:53 a. m.","Error","Microsoft-Windows-HAL","20","No se consultó el reloj en tiempo real de hardware debido a un error en la evaluación del método de dispositivo de alarma y hora ACPI.  Estado: 0xC00000BB."
"30/7/2025 4:24:53 a. m.","Información","Microsoft-Windows-Kernel-General","24","La información de zona horaria se actualizó con el motivo de salida 0. La diferencia de zona horaria actual es 240."
"30/7/2025 4:24:53 a. m.","Información","Microsoft-Windows-Kernel-Power","566","La sesión del sistema ha cambiado de 106 a 107.

Motivo PolicyChange 

BootId: 10"
"30/7/2025 4:24:53 a. m.","Advertencia","Win32k","700","Administrador de energía solicitó la supresión de todas las entradas (INPUT_SUPPRESS_REQUEST = 1)"
"30/7/2025 4:24:53 a. m.","Advertencia","Win32k","700","Administrador de energía solicitó la supresión de todas las entradas (INPUT_SUPPRESS_REQUEST = 1)"
"30/7/2025 4:24:53 a. m.","Información","Microsoft-Windows-Kernel-Power","506","El sistema está entrando en el modo de espera moderno 

motivo: Lid. "
"30/7/2025 4:24:53 a. m.","Información","Microsoft-Windows-Kernel-Power","566","La sesión del sistema ha cambiado de 105 a 106.

Motivo PolicyChange 

BootId: 10"
"30/7/2025 3:32:38 a. m.","Información","Microsoft-Windows-IsolatedUserMode","2","Secure Trustlet Id 6 and Pid 16208 stopped with status STATUS_SUCCESS."
"30/7/2025 3:24:38 a. m.","Información","Microsoft-Windows-IsolatedUserMode","1","Secure Trustlet \??\C:\WINDOWS\System32\NgcIso.exe Id 6 and Pid 16208 started with status STATUS_SUCCESS."
"30/7/2025 3:24:38 a. m.","Información","Microsoft-Windows-IsolatedUserMode","5","Secure Trustlet NULL Id 0 and Pid 0 started with status STATUS_SUCCESS."
"30/7/2025 2:52:17 a. m.","Advertencia","Netwtw10","6062","6062 - Lso was triggered"
"30/7/2025 2:52:16 a. m.","Información","Netwtw10","7021","7021 - Connection telemetry fields and analysis usage"
"30/7/2025 2:45:13 a. m.","Advertencia","Netwtw10","6062","6062 - Lso was triggered"
"30/7/2025 2:45:10 a. m.","Información","Netwtw10","7021","7021 - Connection telemetry fields and analysis usage"
"30/7/2025 2:45:05 a. m.","Información","Netwtw10","7021","7021 - Connection telemetry fields and analysis usage"
"30/7/2025 2:45:05 a. m.","Información","Netwtw10","7021","7021 - Connection telemetry fields and analysis usage"
"30/7/2025 2:01:32 a. m.","Información","Microsoft-Windows-Time-Service","37","El proveedor de hora NtpClient está recibiendo datos de hora  válidos desde time.windows.com,0x9 (ntp.m|0x9|0.0.0.0:123->40.119.6.228:123)."
"30/7/2025 12:57:11 a. m.","Advertencia","Netwtw10","6062","6062 - Lso was triggered"
"30/7/2025 12:57:09 a. m.","Información","Netwtw10","7021","7021 - Connection telemetry fields and analysis usage"
