"12/8/2025 9:47:00 p. m.","Información","Microsoft-Windows-Kernel-General","16","El historial de accesos en el subárbol \Device\HarddiskVolume1\EFI\Microsoft\Boot\BCD se borró mediante la actualización de 82 claves y la creación de 9 páginas modificadas."
"12/8/2025 9:47:00 p. m.","Advertencia","Netwtw10","6062","6062 - Lso was triggered"
"12/8/2025 9:46:59 p. m.","Información","Microsoft-Windows-Kernel-Power","566","La sesión del sistema ha cambiado de 13 a 15.

Motivo InputHid 

BootId: 12"
"12/8/2025 9:46:59 p. m.","Información","Microsoft-Windows-Kernel-Power","507","El sistema está saliendo del modo de espera moderno 

motivo: Input Mouse. "
"12/8/2025 9:46:59 p. m.","Información","VfpExt","7036","El servicio  entró en estado Filter restart complete."
"12/8/2025 9:46:59 p. m.","Información","VfpExt","7036","El servicio  entró en estado Filter restart start."
"12/8/2025 9:46:59 p. m.","Información","VfpExt","7036","El servicio  entró en estado Filter attach complete."
"12/8/2025 9:46:59 p. m.","Información","VfpExt","7036","El servicio  entró en estado Filter attach start."
"12/8/2025 9:46:59 p. m.","Información","Microsoft-Windows-Kernel-Power","506","El sistema está entrando en el modo de espera moderno 

motivo: Sleep, Hibernate, or Shutdown. "
"12/8/2025 9:46:59 p. m.","Información","Microsoft-Windows-Kernel-Power","566","La sesión del sistema ha cambiado de 12 a 13.

Motivo SxTransition 

BootId: 12"
"12/8/2025 9:46:59 p. m.","Información","Microsoft-Windows-Kernel-Boot","247","No se puede cargar el firmware de Pluton-Windows. StatusCode: STATUS_SUCCESS, Motivo: Failed to apply firmware."
"12/8/2025 9:46:59 p. m.","Información","Microsoft-Windows-Kernel-Boot","27","El tipo de arranque fue 0x2."
"12/8/2025 9:46:59 p. m.","Información","Microsoft-Windows-Kernel-Boot","25","La directiva del menú de arranque fue 0x0."
"12/8/2025 9:46:59 p. m.","Información","Microsoft-Windows-Kernel-Boot","32","Bootmgr esperó la entrada del usuario durante 0 ms."
"12/8/2025 9:46:59 p. m.","Información","Microsoft-Windows-Kernel-Boot","18","Existen 0x1 opciones de arranque en este sistema."
"12/8/2025 9:46:59 p. m.","Información","Microsoft-Windows-Kernel-Boot","30","El firmware notificó métricas de arranque."
"12/8/2025 9:46:59 p. m.","Información","Netwtw10","7021","7021 - Connection telemetry fields and analysis usage"
"12/8/2025 9:46:59 p. m.","Error","Microsoft-Windows-NDIS","10317","Minipuerto Microsoft Wi-Fi Direct Virtual Adapter #2, {79f38f0f-3b2e-4931-b16b-3a5d8eb7dab9}, tuvo el evento Fatal error: The miniport has failed a power transition to operational power"
"12/8/2025 9:46:59 p. m.","Información","Netwtw10","7023","7023 - secure boot debug logging Quasar"
"12/8/2025 9:46:59 p. m.","Información","Intel-SST-OED","28","Loaded DSP FW library: \??\C:\WINDOWS\System32\DriverStore\FileRepository\intcoed_oemlibpath.inf_amd64_69401f7e35684734\tgl_maxx_audio_pro.bin, status = STATUS_SUCCESS."
"12/8/2025 9:46:59 p. m.","Información","Intel-SST-OED","28","Loaded DSP FW library: Libs\dsp_lib_whm_tgl_release.bin, status = STATUS_SUCCESS."
"12/8/2025 9:46:58 p. m.","Información","Intel-SST-OED","28","Loaded DSP FW library: Libs\dsp_lib_intel_wov_tgl_release.bin, status = STATUS_SUCCESS."
"12/8/2025 9:46:58 p. m.","Información","WiManH","2",
"12/8/2025 9:46:58 p. m.","Información","Netwtw10","7025","7025 - Dump after return from D3 before cmd "
"12/8/2025 9:46:58 p. m.","Advertencia","TPM","30","El recuento de restablecimiento y/o reanudación no coinciden con los valores esperados después de hibernar o reanudar."
"12/8/2025 9:46:58 p. m.","Advertencia","Win32k","701","Administrador de energía no solicitó la supresión de todas las entradas (INPUT_SUPPRESS_REQUEST = 0)"
"12/8/2025 9:46:58 p. m.","Advertencia","Win32k","701","Administrador de energía no solicitó la supresión de todas las entradas (INPUT_SUPPRESS_REQUEST = 0)"
"12/8/2025 9:46:58 p. m.","Información","Microsoft-Windows-Kernel-General","1","La hora del sistema ha cambiado a ‎2025‎-‎08‎-‎13T01:46:58.500000000Z de ‎2025‎-‎08‎-‎12T23:46:37.816582200Z.
Diferencia horaria: 7220683 ms

Motivo del cambio: System time synchronized with the hardware clock.
Proceso: '' (PID 4).

Hora de RTC: ‎2025‎-‎08‎-‎12T21:46:58.500000000Z
Diferencia de zona horaria actual: 240
hora RTC es UTC: false
La hora del sistema se basaba en la hora RTC: false"
"12/8/2025 7:46:37 p. m.","Información","Microsoft-Windows-Kernel-Power","107","El sistema se reanudó del estado de suspensión."
"12/8/2025 7:46:33 p. m.","Información","VfpExt","7036","El servicio  entró en estado Filter detach complete."
"12/8/2025 7:46:33 p. m.","Información","VfpExt","7036","El servicio  entró en estado Filter detach start."
"12/8/2025 7:46:33 p. m.","Información","VfpExt","7036","El servicio  entró en estado Filter pause complete."
"12/8/2025 7:46:33 p. m.","Información","VfpExt","7036","El servicio  entró en estado Filter pause start."
"12/8/2025 7:46:33 p. m.","Información","nhi","9008","Driver exit RTD3.
 All the connected devices will now cause DeviceConnected events."
"12/8/2025 7:46:33 p. m.","Información","Microsoft-Windows-Kernel-General","1","La hora del sistema ha cambiado a ‎2025‎-‎08‎-‎12T23:46:33.500000000Z de ‎2025‎-‎08‎-‎12T23:46:32.398806400Z.
Diferencia horaria: 1101 ms

Motivo del cambio: System time synchronized with the hardware clock.
Proceso: '' (PID 4).

Hora de RTC: ‎2025‎-‎08‎-‎12T19:46:33.500000000Z
Diferencia de zona horaria actual: 240
hora RTC es UTC: false
La hora del sistema se basaba en la hora RTC: false"
"12/8/2025 7:46:29 p. m.","Información","Microsoft-Windows-Kernel-Power","42","El sistema está entrando en suspensión.

Motivo de la suspensión: Hibernate from Sleep - Standby Battery Budget Exceeded"
"12/8/2025 7:46:28 p. m.","Advertencia","Netwtw10","6062","6062 - Lso was triggered"
"12/8/2025 7:46:28 p. m.","Información","Microsoft-Windows-Kernel-Power","40","El controlador \Driver\vpcivsp del dispositivo ROOT\VPCIVSP\0000 detuvo la transición de energía."
"12/8/2025 7:46:27 p. m.","Información","Netwtw10","7021","7021 - Connection telemetry fields and analysis usage"
"12/8/2025 7:46:26 p. m.","Información","Microsoft-Windows-Kernel-Power","566","La sesión del sistema ha cambiado de 11 a 12.

Motivo SxTransition 

BootId: 12"
"12/8/2025 7:46:26 p. m.","Información","Microsoft-Windows-Kernel-Power","507","El sistema está saliendo del modo de espera moderno 

motivo: Sleep, Hibernate, or Shutdown. "
"12/8/2025 7:46:26 p. m.","Información","Microsoft-Windows-Kernel-Power","172","Estado de conectividad en modo de espera: Connected. Motivo: None"
"12/8/2025 7:46:26 p. m.","Información","Netwtw10","7026","7026 - Dump after return from D3 after cmd"
"12/8/2025 7:46:26 p. m.","Información","Netwtw10","7025","7025 - Dump after return from D3 before cmd "
"12/8/2025 7:21:16 p. m.","Información","Microsoft-Windows-Kernel-Power","172","Estado de conectividad en modo de espera: Disconnected. Motivo: Policy Setting"
"12/8/2025 7:21:08 p. m.","Información","Microsoft-Windows-Kernel-Power","566","La sesión del sistema ha cambiado de 10 a 11.

Motivo 55 

BootId: 12"
"12/8/2025 7:21:03 p. m.","Información","Microsoft-Windows-Kernel-Power","506","El sistema está entrando en el modo de espera moderno 

motivo: Austerity Battery Drain Budget Exceeded. "
"12/8/2025 7:21:03 p. m.","Información","Microsoft-Windows-Kernel-Power","566","La sesión del sistema ha cambiado de 9 a 10.

Motivo 55 

BootId: 12"
"12/8/2025 7:21:03 p. m.","Información","Microsoft-Windows-Kernel-Power","507","El sistema está saliendo del modo de espera moderno 

motivo: Austerity Battery Drain Budget Exceeded. "
"12/8/2025 7:21:03 p. m.","Información","Microsoft-Windows-Kernel-Power","172","Estado de conectividad en modo de espera: Connected. Motivo: None"
"12/8/2025 7:21:03 p. m.","Información","Netwtw10","7026","7026 - Dump after return from D3 after cmd"
"12/8/2025 7:21:03 p. m.","Información","Netwtw10","7025","7025 - Dump after return from D3 before cmd "
"12/8/2025 7:17:51 p. m.","Información","Microsoft-Windows-Kernel-Power","172","Estado de conectividad en modo de espera: Disconnected. Motivo: Adaptive Connected Standby"
"12/8/2025 7:17:44 p. m.","Información","Microsoft-Windows-Kernel-General","1","La hora del sistema ha cambiado a ‎2025‎-‎08‎-‎12T23:17:44.105773300Z de ‎2025‎-‎08‎-‎12T23:17:44.104320500Z.
Diferencia horaria: 1 ms

Motivo del cambio: An application or system component changed the time.
Proceso: '\Device\HarddiskVolume3\Windows\System32\svchost.exe' (PID 12268).

Hora de RTC: ‎2025‎-‎08‎-‎12T19:17:44.105773300Z
Diferencia de zona horaria actual: 240
hora RTC es UTC: false
La hora del sistema se basaba en la hora RTC: false"
"12/8/2025 7:17:44 p. m.","Error","Microsoft-Windows-HAL","21","No se estableció el reloj en tiempo real de hardware debido a un error en la evaluación del método de dispositivo de alarma y hora ACPI.  Estado: 0xC00000BB."
"12/8/2025 7:17:44 p. m.","Error","Microsoft-Windows-HAL","20","No se consultó el reloj en tiempo real de hardware debido a un error en la evaluación del método de dispositivo de alarma y hora ACPI.  Estado: 0xC00000BB."
"12/8/2025 7:17:44 p. m.","Información","Microsoft-Windows-Kernel-General","24","La información de zona horaria se actualizó con el motivo de salida 0. La diferencia de zona horaria actual es 240."
"12/8/2025 7:17:44 p. m.","Información","Microsoft-Windows-Kernel-Power","566","La sesión del sistema ha cambiado de 8 a 9.

Motivo PolicyChange 

BootId: 12"
"12/8/2025 7:17:43 p. m.","Advertencia","Win32k","700","Administrador de energía solicitó la supresión de todas las entradas (INPUT_SUPPRESS_REQUEST = 1)"
"12/8/2025 7:17:43 p. m.","Advertencia","Win32k","700","Administrador de energía solicitó la supresión de todas las entradas (INPUT_SUPPRESS_REQUEST = 1)"
"12/8/2025 7:17:43 p. m.","Información","Microsoft-Windows-Kernel-Power","506","El sistema está entrando en el modo de espera moderno 

motivo: Lid. "
"12/8/2025 7:17:43 p. m.","Información","Microsoft-Windows-Kernel-Power","566","La sesión del sistema ha cambiado de 7 a 8.

Motivo PolicyChange 

BootId: 12"
"12/8/2025 7:16:51 p. m.","Información","Microsoft-Windows-Kernel-Power","105","Cambio de fuente de energía."
"12/8/2025 6:20:33 p. m.","Información","TPM","17","El hardware del Módulo de plataforma segura (TPM) no pudo ejecutar un comando de TPM."
"12/8/2025 6:20:32 p. m.","Información","TPM","17","El hardware del Módulo de plataforma segura (TPM) no pudo ejecutar un comando de TPM."
"12/8/2025 6:20:32 p. m.","Información","TPM","17","El hardware del Módulo de plataforma segura (TPM) no pudo ejecutar un comando de TPM."
"12/8/2025 6:20:29 p. m.","Información","Microsoft-Windows-IsolatedUserMode","5","Secure Trustlet NULL Id 0 and Pid 0 started with status STATUS_SUCCESS."
"12/8/2025 6:20:29 p. m.","Información","Microsoft-Windows-IsolatedUserMode","2","Secure Trustlet Id 0 and Pid 0 stopped with status STATUS_SUCCESS."
"12/8/2025 6:05:24 p. m.","Información","Microsoft-Windows-WindowsUpdateClient","19","Instalación correcta: Windows instaló correctamente la siguiente actualización: Actualización de inteligencia de seguridad para Microsoft Defender Antivirus - KB2267602 (versión 1.435.141.0) - Canal actual (ampliado)"
"12/8/2025 6:05:15 p. m.","Información","Microsoft-Windows-WindowsUpdateClient","43","Instalación iniciada: Windows comenzó a instalar la actualización siguiente: Actualización de inteligencia de seguridad para Microsoft Defender Antivirus - KB2267602 (versión 1.435.141.0) - Canal actual (ampliado)"
"12/8/2025 6:05:15 p. m.","Información","Microsoft-Windows-WindowsUpdateClient","44","Windows Update comenzó a descargar una actualización."
"12/8/2025 4:50:13 p. m.","Información","Microsoft-Windows-Time-Service","37","El proveedor de hora NtpClient está recibiendo datos de hora  válidos desde time.windows.com,0x9 (ntp.m|0x9|0.0.0.0:123->40.119.6.228:123)."
"12/8/2025 4:40:09 p. m.","Información","TPM","17","El hardware del Módulo de plataforma segura (TPM) no pudo ejecutar un comando de TPM."
"12/8/2025 4:40:09 p. m.","Información","TPM","17","El hardware del Módulo de plataforma segura (TPM) no pudo ejecutar un comando de TPM."
"12/8/2025 4:40:08 p. m.","Información","TPM","17","El hardware del Módulo de plataforma segura (TPM) no pudo ejecutar un comando de TPM."
"12/8/2025 4:40:05 p. m.","Advertencia","Microsoft-Windows-DistributedCOM","10016","La configuración de permisos específico de la aplicación no concede el permiso Activación Local para la aplicación de servidor COM con CLSID 
{2593F8B9-4EAF-457C-B68A-50F6B8EA6B54}
 y APPID 
{15C20B67-12E7-4BB6-92BB-7AFF07997402}
 al usuario TICPC-05\PCTIC-05 con SID (S-1-5-21-72991934-2165796093-3938425774-1001) en la dirección LocalHost (con LRPC) que se ejecuta en el contenedor de aplicaciones con SID MSTeams_25198.1109.3837.4725_x64__8wekyb3d8bbwe (No disponible). Este permiso de seguridad se puede modificar mediante la herramienta administrativa Servicios de componentes."
"12/8/2025 2:44:05 p. m.","Información","Microsoft-Windows-Kernel-Power","105","Cambio de fuente de energía."
"12/8/2025 1:02:29 p. m.","Información","Microsoft-Windows-WindowsUpdateClient","19","Instalación correcta: Windows instaló correctamente la siguiente actualización: 9MV0B5HZVK9Z-Microsoft.GamingApp"
"12/8/2025 1:02:26 p. m.","Información","Microsoft-Windows-Kernel-General","16","El historial de accesos en el subárbol \??\C:\Users\PCTIC-05\AppData\Local\Packages\Microsoft.GamingApp_8wekyb3d8bbwe\Settings\settings.dat se borró mediante la actualización de 2 claves y la creación de 1 páginas modificadas."
"12/8/2025 1:02:25 p. m.","Información","Microsoft-Windows-WindowsUpdateClient","43","Instalación iniciada: Windows comenzó a instalar la actualización siguiente: 9MV0B5HZVK9Z-Microsoft.GamingApp"
"12/8/2025 1:02:21 p. m.","Información","Microsoft-Windows-Kernel-General","16","El historial de accesos en el subárbol \??\C:\ProgramData\Microsoft\Windows\AppRepository\Packages\Microsoft.GamingApp_2508.1001.27.0_x64__8wekyb3d8bbwe\ActivationStore.dat se borró mediante la actualización de 0 claves y la creación de 0 páginas modificadas."
"12/8/2025 1:00:12 p. m.","Información","Microsoft-Windows-WindowsUpdateClient","44","Windows Update comenzó a descargar una actualización."
"12/8/2025 12:59:28 p. m.","Información","Microsoft-Windows-WindowsUpdateClient","19","Instalación correcta: Windows instaló correctamente la siguiente actualización: Actualización de inteligencia de seguridad para Microsoft Defender Antivirus - KB2267602 (versión 1.435.126.0) - Canal actual (ampliado)"
"12/8/2025 12:58:59 p. m.","Información","Microsoft-Windows-WindowsUpdateClient","43","Instalación iniciada: Windows comenzó a instalar la actualización siguiente: Actualización de inteligencia de seguridad para Microsoft Defender Antivirus - KB2267602 (versión 1.435.126.0) - Canal actual (ampliado)"
"12/8/2025 12:58:57 p. m.","Información","Microsoft-Windows-WindowsUpdateClient","44","Windows Update comenzó a descargar una actualización."
"12/8/2025 12:57:43 p. m.","Información","Microsoft-Windows-Kernel-Power","105","Cambio de fuente de energía."
"12/8/2025 12:00:00 p. m.","Información","EventLog","6013","El tiempo límite del sistema es de 71086 segundos."
"12/8/2025 8:21:39 a. m.","Advertencia","Netwtw10","6062","6062 - Lso was triggered"
"12/8/2025 8:21:31 a. m.","Advertencia","Microsoft-Windows-DNS-Client","1014","La resolución de nombres para el nombre mtalk.google.com agotó el tiempo de espera después de que ninguno de los servidores DNS configurados respondiera. PID de cliente 9228."
"12/8/2025 8:21:11 a. m.","Advertencia","Microsoft-Windows-DNS-Client","1014","La resolución de nombres para el nombre mtalk.google.com agotó el tiempo de espera después de que ninguno de los servidores DNS configurados respondiera. PID de cliente 9228."
"12/8/2025 8:21:03 a. m.","Advertencia","Microsoft-Windows-DNS-Client","1014","La resolución de nombres para el nombre pub-ent-usea-11-t.trouter.teams.microsoft.com agotó el tiempo de espera después de que ninguno de los servidores DNS configurados respondiera. PID de cliente 13088."
"12/8/2025 8:20:50 a. m.","Información","Netwtw10","7021","7021 - Connection telemetry fields and analysis usage"
"12/8/2025 8:20:46 a. m.","Información","Netwtw10","7021","7021 - Connection telemetry fields and analysis usage"
"12/8/2025 8:20:46 a. m.","Información","Netwtw10","7021","7021 - Connection telemetry fields and analysis usage"
"12/8/2025 8:20:46 a. m.","Información","Netwtw10","7021","7021 - Connection telemetry fields and analysis usage"
"12/8/2025 8:20:46 a. m.","Información","Netwtw10","7021","7021 - Connection telemetry fields and analysis usage"
"12/8/2025 8:20:39 a. m.","Información","Netwtw10","7021","7021 - Connection telemetry fields and analysis usage"
"12/8/2025 8:20:36 a. m.","Advertencia","Microsoft-Windows-DNS-Client","1014","La resolución de nombres para el nombre beacons.gcp.gvt2.com agotó el tiempo de espera después de que ninguno de los servidores DNS configurados respondiera. PID de cliente 9228."
"12/8/2025 8:20:35 a. m.","Información","Netwtw10","7023","7023 - secure boot debug logging Quasar"
"12/8/2025 8:20:35 a. m.","Información","Netwtw10","7017","7017 - secure boot (SB) configuration"
"12/8/2025 8:20:35 a. m.","Información","Netwtw10","7010","7010 - driver enabled (miniport init)"
"12/8/2025 8:20:35 a. m.","Información","Netwtw10","7002","7002 - CTDP power limit value (SPLC)"
"12/8/2025 8:20:35 a. m.","Información","Netwtw10","7005","7005 - SAR value max TX power (WRDS)"
"12/8/2025 8:20:35 a. m.","Información","Netwtw10","7006","7006 - SAR Geo delta value (WGDS)"
"12/8/2025 8:20:35 a. m.","Información","Netwtw10","7027","7027 - get Nic Manufacturere on init"
"12/8/2025 8:20:35 a. m.","Información","Netwtw10","7036","El servicio \Device\NDMP16 entró en estado Intel(R) Wi-Fi 6 AX201 160MHz."
"12/8/2025 8:20:35 a. m.","Información","Netwtw10","8000","8000 - Miniport Halt flow (driver disable)"
"12/8/2025 8:20:31 a. m.","Advertencia","Microsoft-Windows-WLAN-AutoConfig","4003","La configuración automática de WLAN detectó conectividad limitada, por lo que estamos intentando la recuperación automática.

Tipo de recuperación: 4
Código de error: 0x0
Motivo del desencadenador: 7
Familia de IP: 0
"
"12/8/2025 8:20:16 a. m.","Advertencia","Microsoft-Windows-DNS-Client","1014","La resolución de nombres para el nombre my.microsoftpersonalcontent.com agotó el tiempo de espera después de que ninguno de los servidores DNS configurados respondiera. PID de cliente 4236."
"12/8/2025 8:20:15 a. m.","Información","Netwtw10","7021","7021 - Connection telemetry fields and analysis usage"
"12/8/2025 8:19:58 a. m.","Información","Netwtw10","7021","7021 - Connection telemetry fields and analysis usage"
"12/8/2025 8:17:19 a. m.","Información","Microsoft-Windows-Kernel-Power","105","Cambio de fuente de energía."
"12/8/2025 8:13:27 a. m.","Información","Microsoft-Windows-Kernel-Power","105","Cambio de fuente de energía."
"12/8/2025 6:08:10 a. m.","Información","Microsoft-Windows-WindowsUpdateClient","44","Windows Update comenzó a descargar una actualización."
"12/8/2025 6:08:10 a. m.","Información","Microsoft-Windows-WindowsUpdateClient","44","Windows Update comenzó a descargar una actualización."
"12/8/2025 6:08:10 a. m.","Información","Microsoft-Windows-WindowsUpdateClient","44","Windows Update comenzó a descargar una actualización."
"12/8/2025 6:03:45 a. m.","Información","Microsoft-Windows-Kernel-Power","105","Cambio de fuente de energía."
"12/8/2025 5:03:16 a. m.","Información","Microsoft-Windows-IsolatedUserMode","2","Secure Trustlet Id 6 and Pid 16776 stopped with status STATUS_SUCCESS."
"12/8/2025 4:55:16 a. m.","Información","Microsoft-Windows-IsolatedUserMode","1","Secure Trustlet \??\C:\WINDOWS\System32\NgcIso.exe Id 6 and Pid 16776 started with status STATUS_SUCCESS."
"12/8/2025 4:55:16 a. m.","Información","Microsoft-Windows-IsolatedUserMode","5","Secure Trustlet NULL Id 0 and Pid 0 started with status STATUS_SUCCESS."
"12/8/2025 2:25:15 a. m.","Información","Microsoft-Windows-Kernel-Power","105","Cambio de fuente de energía."
"12/8/2025 12:58:53 a. m.","Información","Microsoft-Windows-WindowsUpdateClient","19","Instalación correcta: Windows instaló correctamente la siguiente actualización: 9NHT9RB2F4HD-Microsoft.Copilot"
"12/8/2025 12:58:51 a. m.","Información","Microsoft-Windows-WindowsUpdateClient","43","Instalación iniciada: Windows comenzó a instalar la actualización siguiente: 9NHT9RB2F4HD-Microsoft.Copilot"
"12/8/2025 12:58:05 a. m.","Información","Microsoft-Windows-WindowsUpdateClient","19","Instalación correcta: Windows instaló correctamente la siguiente actualización: Actualización de inteligencia de seguridad para Microsoft Defender Antivirus - KB2267602 (versión 1.435.118.0) - Canal actual (ampliado)"
"12/8/2025 12:57:55 a. m.","Información","Microsoft-Windows-WindowsUpdateClient","43","Instalación iniciada: Windows comenzó a instalar la actualización siguiente: Actualización de inteligencia de seguridad para Microsoft Defender Antivirus - KB2267602 (versión 1.435.118.0) - Canal actual (ampliado)"
"12/8/2025 12:57:52 a. m.","Información","Microsoft-Windows-WindowsUpdateClient","44","Windows Update comenzó a descargar una actualización."
"12/8/2025 12:57:52 a. m.","Información","Microsoft-Windows-WindowsUpdateClient","44","Windows Update comenzó a descargar una actualización."
"12/8/2025 12:57:52 a. m.","Información","Microsoft-Windows-WindowsUpdateClient","44","Windows Update comenzó a descargar una actualización."
"12/8/2025 12:52:49 a. m.","Información","Microsoft-Windows-Kernel-Power","105","Cambio de fuente de energía."
"12/8/2025 12:20:30 a. m.","Información","TPM","17","El hardware del Módulo de plataforma segura (TPM) no pudo ejecutar un comando de TPM."
"12/8/2025 12:20:30 a. m.","Información","TPM","17","El hardware del Módulo de plataforma segura (TPM) no pudo ejecutar un comando de TPM."
"12/8/2025 12:20:29 a. m.","Información","TPM","17","El hardware del Módulo de plataforma segura (TPM) no pudo ejecutar un comando de TPM."
"12/8/2025 12:20:27 a. m.","Información","Microsoft-Windows-IsolatedUserMode","5","Secure Trustlet NULL Id 0 and Pid 0 started with status STATUS_SUCCESS."
"12/8/2025 12:20:27 a. m.","Información","Microsoft-Windows-IsolatedUserMode","2","Secure Trustlet Id 0 and Pid 0 stopped with status STATUS_SUCCESS."
"11/8/2025 10:37:57 p. m.","Información","Microsoft-Windows-Time-Service","35","El servicio de hora está sincronizando la hora del sistema con el origen de la hora time.windows.com,0x9 (ntp.m|0x9|0.0.0.0:123->40.119.6.228:123) con el id. de referencia 3825628968. El número de capa local actual es 4."
"11/8/2025 10:37:57 p. m.","Información","Microsoft-Windows-Time-Service","37","El proveedor de hora NtpClient está recibiendo datos de hora  válidos desde time.windows.com,0x9 (ntp.m|0x9|0.0.0.0:123->40.119.6.228:123)."
"11/8/2025 10:20:28 p. m.","Información","TPM","17","El hardware del Módulo de plataforma segura (TPM) no pudo ejecutar un comando de TPM."
"11/8/2025 10:20:28 p. m.","Información","TPM","17","El hardware del Módulo de plataforma segura (TPM) no pudo ejecutar un comando de TPM."
"11/8/2025 10:20:27 p. m.","Información","TPM","17","El hardware del Módulo de plataforma segura (TPM) no pudo ejecutar un comando de TPM."
"11/8/2025 10:20:26 p. m.","Información","Microsoft-Windows-IsolatedUserMode","5","Secure Trustlet NULL Id 0 and Pid 0 started with status STATUS_SUCCESS."
"11/8/2025 10:20:26 p. m.","Información","Microsoft-Windows-IsolatedUserMode","2","Secure Trustlet Id 0 and Pid 0 stopped with status STATUS_SUCCESS."
"11/8/2025 10:19:48 p. m.","Información","Microsoft-Windows-Kernel-Power","566","La sesión del sistema ha cambiado de 6 a 7.

Motivo PolicyChange 

BootId: 12"
"11/8/2025 10:19:48 p. m.","Información","Microsoft-Windows-Kernel-Power","507","El sistema está saliendo del modo de espera moderno 

motivo: Lid. "
"11/8/2025 10:19:48 p. m.","Información","Microsoft-Windows-Kernel-Power","172","Estado de conectividad en modo de espera: Connected. Motivo: None"
"11/8/2025 10:19:48 p. m.","Información","Netwtw10","7026","7026 - Dump after return from D3 after cmd"
"11/8/2025 10:19:48 p. m.","Información","Netwtw10","7025","7025 - Dump after return from D3 before cmd "
"11/8/2025 10:19:48 p. m.","Advertencia","Win32k","701","Administrador de energía no solicitó la supresión de todas las entradas (INPUT_SUPPRESS_REQUEST = 0)"
"11/8/2025 10:19:48 p. m.","Advertencia","Win32k","701","Administrador de energía no solicitó la supresión de todas las entradas (INPUT_SUPPRESS_REQUEST = 0)"
"11/8/2025 10:17:38 p. m.","Información","Microsoft-Windows-Kernel-Power","172","Estado de conectividad en modo de espera: Disconnected. Motivo: Adaptive Connected Standby"
"11/8/2025 10:17:31 p. m.","Información","Microsoft-Windows-Kernel-Power","566","La sesión del sistema ha cambiado de 5 a 6.

Motivo InputMouse 

BootId: 12"
"11/8/2025 10:17:29 p. m.","Advertencia","rt640x64","1","Realtek PCIe GbE Family Controller is disconnected from network."
"11/8/2025 10:17:25 p. m.","Información","Microsoft-Windows-Kernel-Power","506","El sistema está entrando en el modo de espera moderno 

motivo: AC/DC Display Burst Suppressed. "
"11/8/2025 10:17:25 p. m.","Información","Microsoft-Windows-Kernel-Power","566","La sesión del sistema ha cambiado de 4 a 5.

Motivo InputMouse 

BootId: 12"
"11/8/2025 10:17:25 p. m.","Información","Microsoft-Windows-Kernel-Power","507","El sistema está saliendo del modo de espera moderno 

motivo: AC/DC Display Burst Suppressed. "
"11/8/2025 10:17:25 p. m.","Información","Netwtw10","7026","7026 - Dump after return from D3 after cmd"
"11/8/2025 10:17:25 p. m.","Información","Netwtw10","7025","7025 - Dump after return from D3 before cmd "
"11/8/2025 10:17:25 p. m.","Información","Microsoft-Windows-Kernel-Power","105","Cambio de fuente de energía."
"11/8/2025 10:16:25 p. m.","Información","Netwtw10","7026","7026 - Dump after return from D3 after cmd"
"11/8/2025 10:16:25 p. m.","Información","Netwtw10","7025","7025 - Dump after return from D3 before cmd "
"11/8/2025 10:16:15 p. m.","Información","nhi","9007","The driver entered RTD3.
 All the connected devices will be removed from driver's internal state, so it is expected that DeviceDisconnected events will happen."
"11/8/2025 10:16:10 p. m.","Información","Netwtw10","7026","7026 - Dump after return from D3 after cmd"
"11/8/2025 10:16:10 p. m.","Información","Netwtw10","7025","7025 - Dump after return from D3 before cmd "
"11/8/2025 10:16:10 p. m.","Información","nhi","9008","Driver exit RTD3.
 All the connected devices will now cause DeviceConnected events."
"11/8/2025 10:16:07 p. m.","Información","Netwtw10","7026","7026 - Dump after return from D3 after cmd"
"11/8/2025 10:16:07 p. m.","Información","Netwtw10","7025","7025 - Dump after return from D3 before cmd "
"11/8/2025 10:11:13 p. m.","Información","Netwtw10","7026","7026 - Dump after return from D3 after cmd"
"11/8/2025 10:11:13 p. m.","Información","Netwtw10","7025","7025 - Dump after return from D3 before cmd "
"11/8/2025 10:08:00 p. m.","Advertencia","rt640x64","1","Realtek PCIe GbE Family Controller is disconnected from network."
"11/8/2025 10:07:57 p. m.","Información","Netwtw10","7026","7026 - Dump after return from D3 after cmd"
"11/8/2025 10:07:57 p. m.","Información","Netwtw10","7025","7025 - Dump after return from D3 before cmd "
"11/8/2025 10:07:07 p. m.","Información","Netwtw10","7026","7026 - Dump after return from D3 after cmd"
"11/8/2025 10:07:07 p. m.","Información","Netwtw10","7025","7025 - Dump after return from D3 before cmd "
"11/8/2025 10:02:22 p. m.","Información","nhi","9007","The driver entered RTD3.
 All the connected devices will be removed from driver's internal state, so it is expected that DeviceDisconnected events will happen."
"11/8/2025 10:02:16 p. m.","Información","Netwtw10","7026","7026 - Dump after return from D3 after cmd"
"11/8/2025 10:02:16 p. m.","Información","Netwtw10","7025","7025 - Dump after return from D3 before cmd "
"11/8/2025 10:02:16 p. m.","Información","nhi","9008","Driver exit RTD3.
 All the connected devices will now cause DeviceConnected events."
"11/8/2025 10:02:11 p. m.","Información","Netwtw10","7026","7026 - Dump after return from D3 after cmd"
"11/8/2025 10:02:11 p. m.","Información","Netwtw10","7025","7025 - Dump after return from D3 before cmd "
"11/8/2025 9:59:14 p. m.","Información","nhi","9007","The driver entered RTD3.
 All the connected devices will be removed from driver's internal state, so it is expected that DeviceDisconnected events will happen."
"11/8/2025 9:59:09 p. m.","Información","nhi","9008","Driver exit RTD3.
 All the connected devices will now cause DeviceConnected events."
"11/8/2025 9:59:09 p. m.","Información","Netwtw10","7026","7026 - Dump after return from D3 after cmd"
"11/8/2025 9:59:09 p. m.","Información","Netwtw10","7025","7025 - Dump after return from D3 before cmd "
"11/8/2025 9:59:06 p. m.","Información","Netwtw10","7026","7026 - Dump after return from D3 after cmd"
"11/8/2025 9:59:06 p. m.","Información","Netwtw10","7025","7025 - Dump after return from D3 before cmd "
"11/8/2025 9:53:16 p. m.","Información","nhi","9007","The driver entered RTD3.
 All the connected devices will be removed from driver's internal state, so it is expected that DeviceDisconnected events will happen."
"11/8/2025 9:53:11 p. m.","Información","nhi","9008","Driver exit RTD3.
 All the connected devices will now cause DeviceConnected events."
"11/8/2025 9:53:11 p. m.","Información","Netwtw10","7026","7026 - Dump after return from D3 after cmd"
"11/8/2025 9:53:11 p. m.","Información","Netwtw10","7025","7025 - Dump after return from D3 before cmd "
"11/8/2025 9:53:08 p. m.","Información","Netwtw10","7026","7026 - Dump after return from D3 after cmd"
"11/8/2025 9:53:08 p. m.","Información","Netwtw10","7025","7025 - Dump after return from D3 before cmd "
"11/8/2025 9:52:05 p. m.","Información","Netwtw10","7026","7026 - Dump after return from D3 after cmd"
"11/8/2025 9:52:05 p. m.","Información","Netwtw10","7025","7025 - Dump after return from D3 before cmd "
"11/8/2025 9:45:05 p. m.","Información","Netwtw10","7026","7026 - Dump after return from D3 after cmd"
"11/8/2025 9:45:05 p. m.","Información","Netwtw10","7025","7025 - Dump after return from D3 before cmd "
"11/8/2025 9:38:05 p. m.","Información","Netwtw10","7026","7026 - Dump after return from D3 after cmd"
"11/8/2025 9:38:05 p. m.","Información","Netwtw10","7025","7025 - Dump after return from D3 before cmd "
"11/8/2025 9:36:11 p. m.","Advertencia","Microsoft-Windows-Time-Service","134","NtpClient no pudo establecer un sistema del mismo nivel manual para usar como origen de la hora debido a un error de resolución de DNS en 'time.windows.com,0x9'. NtpClient lo intentará de nuevo dentro de 15 minutos y doblará el intervalo de reintento en adelante. Error: Host desconocido. (0x80072AF9)"
"11/8/2025 9:32:15 p. m.","Advertencia","rt640x64","1","Realtek PCIe GbE Family Controller is disconnected from network."
"11/8/2025 9:32:12 p. m.","Información","Netwtw10","7026","7026 - Dump after return from D3 after cmd"
"11/8/2025 9:32:12 p. m.","Información","Netwtw10","7025","7025 - Dump after return from D3 before cmd "
"11/8/2025 9:31:05 p. m.","Información","Netwtw10","7026","7026 - Dump after return from D3 after cmd"
"11/8/2025 9:31:05 p. m.","Información","Netwtw10","7025","7025 - Dump after return from D3 before cmd "
"11/8/2025 9:24:05 p. m.","Información","Netwtw10","7026","7026 - Dump after return from D3 after cmd"
"11/8/2025 9:24:05 p. m.","Información","Netwtw10","7025","7025 - Dump after return from D3 before cmd "
"11/8/2025 9:17:13 p. m.","Información","nhi","9007","The driver entered RTD3.
 All the connected devices will be removed from driver's internal state, so it is expected that DeviceDisconnected events will happen."
"11/8/2025 9:17:07 p. m.","Información","nhi","9008","Driver exit RTD3.
 All the connected devices will now cause DeviceConnected events."
"11/8/2025 9:17:07 p. m.","Información","Netwtw10","7026","7026 - Dump after return from D3 after cmd"
"11/8/2025 9:17:07 p. m.","Información","Netwtw10","7025","7025 - Dump after return from D3 before cmd "
"11/8/2025 9:17:05 p. m.","Información","Netwtw10","7026","7026 - Dump after return from D3 after cmd"
"11/8/2025 9:17:05 p. m.","Información","Netwtw10","7025","7025 - Dump after return from D3 before cmd "
"11/8/2025 9:16:44 p. m.","Información","Netwtw10","7026","7026 - Dump after return from D3 after cmd"
"11/8/2025 9:16:44 p. m.","Información","Netwtw10","7025","7025 - Dump after return from D3 before cmd "
"11/8/2025 9:10:57 p. m.","Información","nhi","9007","The driver entered RTD3.
 All the connected devices will be removed from driver's internal state, so it is expected that DeviceDisconnected events will happen."
"11/8/2025 9:10:52 p. m.","Información","Netwtw10","7026","7026 - Dump after return from D3 after cmd"
"11/8/2025 9:10:52 p. m.","Información","Netwtw10","7025","7025 - Dump after return from D3 before cmd "
"11/8/2025 9:10:52 p. m.","Información","nhi","9008","Driver exit RTD3.
 All the connected devices will now cause DeviceConnected events."
"11/8/2025 9:10:28 p. m.","Información","Netwtw10","7026","7026 - Dump after return from D3 after cmd"
"11/8/2025 9:10:28 p. m.","Información","Netwtw10","7025","7025 - Dump after return from D3 before cmd "
"11/8/2025 9:10:19 p. m.","Información","nhi","9007","The driver entered RTD3.
 All the connected devices will be removed from driver's internal state, so it is expected that DeviceDisconnected events will happen."
"11/8/2025 9:10:16 p. m.","Información","Netwtw10","7026","7026 - Dump after return from D3 after cmd"
"11/8/2025 9:10:16 p. m.","Información","Netwtw10","7025","7025 - Dump after return from D3 before cmd "
"11/8/2025 9:10:12 p. m.","Información","Netwtw10","7026","7026 - Dump after return from D3 after cmd"
"11/8/2025 9:10:12 p. m.","Información","Netwtw10","7025","7025 - Dump after return from D3 before cmd "
"11/8/2025 9:10:11 p. m.","Información","Netwtw10","7026","7026 - Dump after return from D3 after cmd"
"11/8/2025 9:10:11 p. m.","Información","Netwtw10","7025","7025 - Dump after return from D3 before cmd "
"11/8/2025 9:10:11 p. m.","Información","nhi","9008","Driver exit RTD3.
 All the connected devices will now cause DeviceConnected events."
"11/8/2025 9:10:07 p. m.","Advertencia","rt640x64","1","Realtek PCIe GbE Family Controller is disconnected from network."
"11/8/2025 9:10:04 p. m.","Información","Netwtw10","7026","7026 - Dump after return from D3 after cmd"
"11/8/2025 9:10:04 p. m.","Información","Netwtw10","7025","7025 - Dump after return from D3 before cmd "
"11/8/2025 9:09:42 p. m.","Información","Netwtw10","7026","7026 - Dump after return from D3 after cmd"
"11/8/2025 9:09:42 p. m.","Información","Netwtw10","7025","7025 - Dump after return from D3 before cmd "
"11/8/2025 9:03:05 p. m.","Información","Netwtw10","7026","7026 - Dump after return from D3 after cmd"
"11/8/2025 9:03:05 p. m.","Información","Netwtw10","7025","7025 - Dump after return from D3 before cmd "
"11/8/2025 8:46:05 p. m.","Información","nhi","9007","The driver entered RTD3.
 All the connected devices will be removed from driver's internal state, so it is expected that DeviceDisconnected events will happen."
"11/8/2025 8:46:00 p. m.","Información","Netwtw10","7026","7026 - Dump after return from D3 after cmd"
"11/8/2025 8:46:00 p. m.","Información","Netwtw10","7025","7025 - Dump after return from D3 before cmd "
"11/8/2025 8:45:59 p. m.","Información","nhi","9008","Driver exit RTD3.
 All the connected devices will now cause DeviceConnected events."
"11/8/2025 8:45:05 p. m.","Información","Netwtw10","7026","7026 - Dump after return from D3 after cmd"
"11/8/2025 8:45:05 p. m.","Información","Netwtw10","7025","7025 - Dump after return from D3 before cmd "
"11/8/2025 8:44:43 p. m.","Información","nhi","9007","The driver entered RTD3.
 All the connected devices will be removed from driver's internal state, so it is expected that DeviceDisconnected events will happen."
"11/8/2025 8:44:38 p. m.","Información","Netwtw10","7026","7026 - Dump after return from D3 after cmd"
"11/8/2025 8:44:38 p. m.","Información","Netwtw10","7025","7025 - Dump after return from D3 before cmd "
"11/8/2025 8:44:38 p. m.","Información","nhi","9008","Driver exit RTD3.
 All the connected devices will now cause DeviceConnected events."
"11/8/2025 8:44:24 p. m.","Información","Netwtw10","7026","7026 - Dump after return from D3 after cmd"
"11/8/2025 8:44:24 p. m.","Información","Netwtw10","7025","7025 - Dump after return from D3 before cmd "
"11/8/2025 8:44:23 p. m.","Información","nhi","9007","The driver entered RTD3.
 All the connected devices will be removed from driver's internal state, so it is expected that DeviceDisconnected events will happen."
"11/8/2025 8:44:17 p. m.","Información","Netwtw10","7026","7026 - Dump after return from D3 after cmd"
"11/8/2025 8:44:17 p. m.","Información","Netwtw10","7025","7025 - Dump after return from D3 before cmd "
"11/8/2025 8:44:17 p. m.","Información","nhi","9008","Driver exit RTD3.
 All the connected devices will now cause DeviceConnected events."
"11/8/2025 8:44:10 p. m.","Información","Netwtw10","7026","7026 - Dump after return from D3 after cmd"
"11/8/2025 8:44:10 p. m.","Información","Netwtw10","7025","7025 - Dump after return from D3 before cmd "
"11/8/2025 8:36:05 p. m.","Información","Netwtw10","7026","7026 - Dump after return from D3 after cmd"
"11/8/2025 8:36:05 p. m.","Información","Netwtw10","7025","7025 - Dump after return from D3 before cmd "
"11/8/2025 8:33:34 p. m.","Información","Netwtw10","7026","7026 - Dump after return from D3 after cmd"
"11/8/2025 8:33:34 p. m.","Información","Netwtw10","7025","7025 - Dump after return from D3 before cmd "
"11/8/2025 8:29:25 p. m.","Información","Microsoft-Windows-Kernel-Power","566","La sesión del sistema ha cambiado de 3 a 4.

Motivo InputMouse 

BootId: 12"
"11/8/2025 8:29:20 p. m.","Información","Microsoft-Windows-Kernel-Power","506","El sistema está entrando en el modo de espera moderno 

motivo: AC/DC Display Burst Suppressed. "
"11/8/2025 8:29:20 p. m.","Información","Microsoft-Windows-Kernel-Power","566","La sesión del sistema ha cambiado de 2 a 3.

Motivo InputMouse 

BootId: 12"
"11/8/2025 8:29:20 p. m.","Información","Microsoft-Windows-Kernel-Power","507","El sistema está saliendo del modo de espera moderno 

motivo: AC/DC Display Burst Suppressed. "
"11/8/2025 8:29:20 p. m.","Información","Microsoft-Windows-Kernel-Power","172","Estado de conectividad en modo de espera: Connected. Motivo: None"
"11/8/2025 8:29:20 p. m.","Información","Netwtw10","7026","7026 - Dump after return from D3 after cmd"
"11/8/2025 8:29:20 p. m.","Información","Netwtw10","7025","7025 - Dump after return from D3 before cmd "
"11/8/2025 8:29:20 p. m.","Información","Microsoft-Windows-Kernel-Power","105","Cambio de fuente de energía."
"11/8/2025 8:29:15 p. m.","Información","Microsoft-Windows-Kernel-Power","172","Estado de conectividad en modo de espera: Disconnected. Motivo: Adaptive Connected Standby"
"11/8/2025 8:29:09 p. m.","Información","Microsoft-Windows-Kernel-Power","566","La sesión del sistema ha cambiado de 1 a 2.

Motivo PolicyChange 

BootId: 12"
"11/8/2025 8:29:09 p. m.","Advertencia","Win32k","700","Administrador de energía solicitó la supresión de todas las entradas (INPUT_SUPPRESS_REQUEST = 1)"
"11/8/2025 8:29:09 p. m.","Advertencia","Win32k","700","Administrador de energía solicitó la supresión de todas las entradas (INPUT_SUPPRESS_REQUEST = 1)"
"11/8/2025 8:29:09 p. m.","Información","Microsoft-Windows-Kernel-Power","506","El sistema está entrando en el modo de espera moderno 

motivo: Lid. "
"11/8/2025 8:29:09 p. m.","Información","Microsoft-Windows-Kernel-Power","566","La sesión del sistema ha cambiado de 0 a 1.

Motivo PolicyChange 

BootId: 12"
"11/8/2025 8:00:03 p. m.","Advertencia","Microsoft-Windows-DNS-Client","1014","La resolución de nombres para el nombre t-ring-fdv2.msedge.net agotó el tiempo de espera después de que ninguno de los servidores DNS configurados respondiera. PID de cliente 13652."
"11/8/2025 7:13:16 p. m.","Información","Microsoft-Windows-IsolatedUserMode","5","Secure Trustlet NULL Id 0 and Pid 0 started with status STATUS_SUCCESS."
"11/8/2025 7:13:16 p. m.","Información","Microsoft-Windows-IsolatedUserMode","2","Secure Trustlet Id 0 and Pid 0 stopped with status STATUS_SUCCESS."
"11/8/2025 6:56:54 p. m.","Información","Microsoft-Windows-HttpService","114","Se quitó la dirección URL (http://*:2869/upnp/eventing/) del grupo de direcciones URL (0xFE00000120000004). Id. de proceso 0x382C ruta de acceso ejecutable \Device\HarddiskVolume3\Windows\System32\svchost.exe, S-1-5-19  de usuario"
"11/8/2025 6:33:01 p. m.","Información","Microsoft-Windows-HttpService","113","Se intentó agregar la dirección URL (http://*:2869/upnp/eventing/) al grupo de direcciones URL (0xFE00000120000004). Estado: 0x0. Id. de proceso 0x382C ruta de acceso ejecutable \Device\HarddiskVolume3\Windows\System32\svchost.exe, S-1-5-19  de usuario"
"11/8/2025 6:33:01 p. m.","Información","Microsoft-Windows-HttpService","114","Se quitó la dirección URL (http://*:2869/upnp/eventing/) del grupo de direcciones URL (0xFE00000120000003). Id. de proceso 0x382C ruta de acceso ejecutable \Device\HarddiskVolume3\Windows\System32\svchost.exe, S-1-5-19  de usuario"
"11/8/2025 6:33:01 p. m.","Información","Microsoft-Windows-HttpService","113","Se intentó agregar la dirección URL (http://*:2869/upnp/eventing/) al grupo de direcciones URL (0xFE00000120000003). Estado: 0x0. Id. de proceso 0x382C ruta de acceso ejecutable \Device\HarddiskVolume3\Windows\System32\svchost.exe, S-1-5-19  de usuario"
"11/8/2025 6:32:00 p. m.","Información","Microsoft-Windows-IsolatedUserMode","5","Secure Trustlet NULL Id 0 and Pid 0 started with status STATUS_SUCCESS."
"11/8/2025 6:31:59 p. m.","Información","Microsoft-Windows-IsolatedUserMode","2","Secure Trustlet Id 0 and Pid 0 stopped with status STATUS_SUCCESS."
"11/8/2025 6:01:59 p. m.","Información","Microsoft-Windows-Kernel-General","16","El historial de accesos en el subárbol \??\C:\Users\PCTIC-05\AppData\Local\Packages\Microsoft.Windows.Photos_8wekyb3d8bbwe\Settings\settings.dat se borró mediante la actualización de 13 claves y la creación de 4 páginas modificadas."
"11/8/2025 6:01:59 p. m.","Información","Microsoft-Windows-Kernel-General","16","El historial de accesos en el subárbol \??\C:\ProgramData\Packages\Microsoft.Windows.Photos_8wekyb3d8bbwe\S-1-5-21-72991934-2165796093-3938425774-1001\SystemAppData\Helium\Cache\c734854775b982fd_COM15.dat se borró mediante la actualización de 1 claves y la creación de 1 páginas modificadas."
"11/8/2025 6:01:59 p. m.","Información","Microsoft-Windows-Kernel-General","16","El historial de accesos en el subárbol \??\C:\Users\PCTIC-05\AppData\Local\Packages\Microsoft.Windows.Photos_8wekyb3d8bbwe\SystemAppData\Helium\UserClasses.dat se borró mediante la actualización de 15 claves y la creación de 2 páginas modificadas."
"11/8/2025 6:01:59 p. m.","Información","Microsoft-Windows-Kernel-General","16","El historial de accesos en el subárbol \??\C:\Users\PCTIC-05\AppData\Local\Packages\Microsoft.Windows.Photos_8wekyb3d8bbwe\SystemAppData\Helium\User.dat se borró mediante la actualización de 20 claves y la creación de 2 páginas modificadas."
"11/8/2025 6:01:54 p. m.","Información","Microsoft-Windows-IsolatedUserMode","2","Secure Trustlet Id 6 and Pid 8852 stopped with status STATUS_SUCCESS."
"11/8/2025 5:56:48 p. m.","Información","Service Control Manager","7040","El tipo de inicio del servicio Servicio de transferencia inteligente en segundo plano (BITS) se cambió de inicio por solicitud a inicio automático."
"11/8/2025 5:54:20 p. m.","Información","Microsoft-Windows-IsolatedUserMode","1","Secure Trustlet \??\C:\WINDOWS\System32\NgcIso.exe Id 6 and Pid 8852 started with status STATUS_SUCCESS."
"11/8/2025 5:54:20 p. m.","Información","Microsoft-Windows-IsolatedUserMode","5","Secure Trustlet NULL Id 0 and Pid 0 started with status STATUS_SUCCESS."
"11/8/2025 5:43:28 p. m.","Información","Microsoft-Windows-Kernel-Power","105","Cambio de fuente de energía."
"11/8/2025 5:26:12 p. m.","Información","Microsoft-Windows-Time-Service","158","El proveedor de hora 'VMICTimeProvider' ha indicado que el hardware y el entorno operativo actuales no son compatibles y se ha detenido. Este es un comportamiento esperado para VMICTimeProvider en entornos que no son invitados de HyperV. Este también podría ser el comportamiento esperado de este proveedor en el entorno operativo actual."
"11/8/2025 5:09:08 p. m.","Información","Microsoft-Windows-Time-Service","158","El proveedor de hora 'VMICTimeProvider' ha indicado que el hardware y el entorno operativo actuales no son compatibles y se ha detenido. Este es un comportamiento esperado para VMICTimeProvider en entornos que no son invitados de HyperV. Este también podría ser el comportamiento esperado de este proveedor en el entorno operativo actual."
"11/8/2025 4:52:04 p. m.","Información","Microsoft-Windows-Time-Service","158","El proveedor de hora 'VMICTimeProvider' ha indicado que el hardware y el entorno operativo actuales no son compatibles y se ha detenido. Este es un comportamiento esperado para VMICTimeProvider en entornos que no son invitados de HyperV. Este también podría ser el comportamiento esperado de este proveedor en el entorno operativo actual."
"11/8/2025 4:40:57 p. m.","Información","Microsoft-Windows-Kernel-General","16","El historial de accesos en el subárbol \??\C:\ProgramData\Microsoft\Provisioning\Microsoft-Desktop-Provisioning-Sequence.dat se borró mediante la actualización de 0 claves y la creación de 0 páginas modificadas."
"11/8/2025 4:39:21 p. m.","Información","Microsoft-Windows-HttpService","114","Se quitó la dirección URL (http://*:2869/upnp/eventing/) del grupo de direcciones URL (0xFE00000620000004). Id. de proceso 0x382C ruta de acceso ejecutable \Device\HarddiskVolume3\Windows\System32\svchost.exe, S-1-5-19  de usuario"
"11/8/2025 4:39:21 p. m.","Información","Service Control Manager","7040","El tipo de inicio del servicio Servicio de transferencia inteligente en segundo plano (BITS) se cambió de inicio automático a inicio por solicitud."
"11/8/2025 4:38:43 p. m.","Información","Microsoft-Windows-IsolatedUserMode","2","Secure Trustlet Id 6 and Pid 9868 stopped with status STATUS_SUCCESS."
"11/8/2025 4:35:14 p. m.","Información","Microsoft-Windows-Hyper-V-VmSwitch","291","Descarga de RSC modificada para la 6598FD11-7307-4DD7-8E4A-3EC4FB88B3D3--CB46B844-0AB4-4DF5-B08A-4E8E3BD5AEE5 NIC (nombre descriptivo: ) IPv4 anterior: Habilitado, IPv4 actual: Deshabilitado, IPv6 anterior: Habilitado, IPv6 actual: Deshabilitado. Motivo: OID de RSC"
"11/8/2025 4:35:00 p. m.","Información","Microsoft-Windows-Time-Service","158","El proveedor de hora 'VMICTimeProvider' ha indicado que el hardware y el entorno operativo actuales no son compatibles y se ha detenido. Este es un comportamiento esperado para VMICTimeProvider en entornos que no son invitados de HyperV. Este también podría ser el comportamiento esperado de este proveedor en el entorno operativo actual."
"11/8/2025 4:34:45 p. m.","Información","Microsoft-Windows-Hyper-V-VmSwitch","291","Descarga de RSC modificada para la 6598FD11-7307-4DD7-8E4A-3EC4FB88B3D3--CB46B844-0AB4-4DF5-B08A-4E8E3BD5AEE5 NIC (nombre descriptivo: ) IPv4 anterior: Deshabilitado, IPv4 actual: Habilitado, IPv6 anterior: Deshabilitado, IPv6 actual: Habilitado. Motivo: OID de RSC"
"11/8/2025 4:34:45 p. m.","Información","Microsoft-Windows-Hyper-V-VmSwitch","102","Networking driver in 6598FD11-7307-4DD7-8E4A-3EC4FB88B3D3 is loaded and the protocol version is negotiated to the most recent version (Virtual machine ID 6598FD11-7307-4DD7-8E4A-3EC4FB88B3D3)."
"11/8/2025 4:34:45 p. m.","Información","Microsoft-Windows-Hyper-V-VmSwitch","232","NIC 6598FD11-7307-4DD7-8E4A-3EC4FB88B3D3--CB46B844-0AB4-4DF5-B08A-4E8E3BD5AEE5 (Friendly Name: ) successfully connected to port CB46B844-0AB4-4DF5-B08A-4E8E3BD5AEE5 (Friendly Name: CB46B844-0AB4-4DF5-B08A-4E8E3BD5AEE5) on switch 790E58B4-7939-4434-9358-89AE7DDBE87E(Friendly Name: WSL (Hyper-V firewall))."
"11/8/2025 4:34:45 p. m.","Información","Microsoft-Windows-Hyper-V-VmSwitch","233","La operación ' Create ' se realizó correctamente en la NIC 6598FD11-7307-4DD7-8E4A-3EC4FB88B3D3--CB46B844-0AB4-4DF5-B08A-4E8E3BD5AEE5 (nombre descriptivo: ) e ID. de instancia {00000000-0000-0000-0000-000000000000}. "
"11/8/2025 4:34:45 p. m.","Información","Microsoft-Windows-Hyper-V-VmSwitch","291","Descarga de RSC modificada para la 6598FD11-7307-4DD7-8E4A-3EC4FB88B3D3--CB46B844-0AB4-4DF5-B08A-4E8E3BD5AEE5 NIC (nombre descriptivo: ) IPv4 anterior: Deshabilitado, IPv4 actual: Deshabilitado, IPv6 anterior: Deshabilitado, IPv6 actual: Deshabilitado. Motivo: Creación de NIC"
"11/8/2025 4:34:45 p. m.","Información","Microsoft-Windows-Hyper-V-VmSwitch","67","El CB46B844-0AB4-4DF5-B08A-4E8E3BD5AEE5 de puerto (nombre descriptivo: CB46B844-0AB4-4DF5-B08A-4E8E3BD5AEE5) se creó correctamente en el conmutador 790E58B4-7939-4434-9358-89AE7DDBE87E (nombre descriptivo: WSL (Hyper-V firewall))."
