"16/8/2025 5:31:14 p. m.","Información","Microsoft-Windows-DriverFrameworks-UserMode","10118","El reflector UMDF no se puede conectar al Administrador de control de servicios (SCM). Es lo que se espera durante el arranque, cuando el SCM aún no se ha iniciado. Se reintentará cuando se inicie."
"16/8/2025 5:31:14 p. m.","Información","Intel-SST-OED","28","Loaded DSP FW library: \??\C:\WINDOWS\System32\DriverStore\FileRepository\intcoed_oemlibpath.inf_amd64_69401f7e35684734\tgl_maxx_audio_pro.bin, status = STATUS_SUCCESS."
"16/8/2025 5:31:13 p. m.","Información","Intel-SST-OED","28","Loaded DSP FW library: Libs\dsp_lib_whm_tgl_release.bin, status = STATUS_SUCCESS."
"16/8/2025 5:31:13 p. m.","Información","Intel-SST-OED","28","Loaded DSP FW library: Libs\dsp_lib_intel_wov_tgl_release.bin, status = STATUS_SUCCESS."
"16/8/2025 5:31:13 p. m.","Información","Intel-SST-OED","28","Library is not supported in BIOS: \??\C:\WINDOWS\System32\DriverStore\FileRepository\intcoed_oemlibpath.inf_amd64_69401f7e35684734\tgl_tismartamp_lib.bin, status = Solicitud no compatible.."
"16/8/2025 5:31:13 p. m.","Información","Intel-SST-OED","29","FX module is not supported in BIOS:  {9a44a769-1a51-464a-a54b-1a4084bf370b} from \??\C:\WINDOWS\System32\DriverStore\FileRepository\intcoed_oemlibpath.inf_amd64_69401f7e35684734\tgl_tismartamp_lib.bin."
"16/8/2025 5:31:13 p. m.","Información","Intel-SST-OED","28","Library is not supported in BIOS: \??\C:\WINDOWS\System32\DriverStore\FileRepository\intcoed_oemlibpath.inf_amd64_69401f7e35684734\tgl_tisa_stereo_lib.bin, status = Solicitud no compatible.."
"16/8/2025 5:31:13 p. m.","Información","Intel-SST-OED","29","FX module is not supported in BIOS:  {a07eece7-8f01-4ecd-8bde-3e4de8a55f81} from \??\C:\WINDOWS\System32\DriverStore\FileRepository\intcoed_oemlibpath.inf_amd64_69401f7e35684734\tgl_tisa_stereo_lib.bin."
"16/8/2025 5:31:13 p. m.","Información","Intel-SST-OED","28","Library is not supported in BIOS: \??\C:\WINDOWS\System32\DriverStore\FileRepository\intcoed_oemlibpath.inf_amd64_69401f7e35684734\tgl_rtksep96_lib.bin, status = Solicitud no compatible.."
"16/8/2025 5:31:13 p. m.","Información","Intel-SST-OED","29","FX module is not supported in BIOS:  {7111001f-d35f-44d9-81d2-7ac685bed3d7} from \??\C:\WINDOWS\System32\DriverStore\FileRepository\intcoed_oemlibpath.inf_amd64_69401f7e35684734\tgl_rtksep96_lib.bin."
"16/8/2025 5:31:13 p. m.","Información","Intel-SST-OED","28","Library is not supported in BIOS: \??\C:\WINDOWS\System32\DriverStore\FileRepository\intcoed_oemlibpath.inf_amd64_69401f7e35684734\tgl_rtksep48_lib.bin, status = Solicitud no compatible.."
"16/8/2025 5:31:13 p. m.","Información","Intel-SST-OED","29","FX module is not supported in BIOS:  {7aa4db02-6b41-4bc3-a712-80a2dde29e11} from \??\C:\WINDOWS\System32\DriverStore\FileRepository\intcoed_oemlibpath.inf_amd64_69401f7e35684734\tgl_rtksep48_lib.bin."
"16/8/2025 5:31:13 p. m.","Información","Intel-SST-OED","28","Library is not supported in BIOS: \??\C:\WINDOWS\System32\DriverStore\FileRepository\intcoed_oemlibpath.inf_amd64_69401f7e35684734\tgl_rtksep483_lib.bin, status = Solicitud no compatible.."
"16/8/2025 5:31:13 p. m.","Información","Intel-SST-OED","29","FX module is not supported in BIOS:  {7bbe0c2c-9c46-4450-b322-114ece31c6bd} from \??\C:\WINDOWS\System32\DriverStore\FileRepository\intcoed_oemlibpath.inf_amd64_69401f7e35684734\tgl_rtksep483_lib.bin."
"16/8/2025 5:31:13 p. m.","Información","Intel-SST-OED","28","Library is not supported in BIOS: \??\C:\WINDOWS\System32\DriverStore\FileRepository\intcoed_oemlibpath.inf_amd64_69401f7e35684734\tgl_rtksep482_lib.bin, status = Solicitud no compatible.."
"16/8/2025 5:31:13 p. m.","Información","Intel-SST-OED","29","FX module is not supported in BIOS:  {79921daf-e755-45dc-b687-7c26eb97a7bd} from \??\C:\WINDOWS\System32\DriverStore\FileRepository\intcoed_oemlibpath.inf_amd64_69401f7e35684734\tgl_rtksep482_lib.bin."
"16/8/2025 5:31:13 p. m.","Información","Intel-SST-OED","28","Library is not supported in BIOS: \??\C:\WINDOWS\System32\DriverStore\FileRepository\intcoed_oemlibpath.inf_amd64_69401f7e35684734\tgl_rtksep24_lib.bin, status = Solicitud no compatible.."
"16/8/2025 5:31:13 p. m.","Información","Intel-SST-OED","29","FX module is not supported in BIOS:  {7111001f-d35f-44d9-81d2-77e0d5e1bcd8} from \??\C:\WINDOWS\System32\DriverStore\FileRepository\intcoed_oemlibpath.inf_amd64_69401f7e35684734\tgl_rtksep24_lib.bin."
"16/8/2025 5:31:13 p. m.","Información","Intel-SST-OED","28","Library is not supported in BIOS: \??\C:\WINDOWS\System32\DriverStore\FileRepository\intcoed_oemlibpath.inf_amd64_69401f7e35684734\tgl_nahimic_lib.bin, status = Solicitud no compatible.."
"16/8/2025 5:31:13 p. m.","Información","Intel-SST-OED","29","FX module is not supported in BIOS:  {7159bbd2-ef07-48e8-bdb7-17ee17423c14} from \??\C:\WINDOWS\System32\DriverStore\FileRepository\intcoed_oemlibpath.inf_amd64_69401f7e35684734\tgl_nahimic_lib.bin."
"16/8/2025 5:31:13 p. m.","Información","Netwtw10","7023","7023 - secure boot debug logging Quasar"
"16/8/2025 5:31:13 p. m.","Información","Netwtw10","7017","7017 - secure boot (SB) configuration"
"16/8/2025 5:31:13 p. m.","Información","Netwtw10","7010","7010 - driver enabled (miniport init)"
"16/8/2025 5:31:13 p. m.","Información","WiManH","2",
"16/8/2025 5:31:13 p. m.","Información","Netwtw10","7002","7002 - CTDP power limit value (SPLC)"
"16/8/2025 5:31:13 p. m.","Información","Netwtw10","7005","7005 - SAR value max TX power (WRDS)"
"16/8/2025 5:31:13 p. m.","Información","Netwtw10","7006","7006 - SAR Geo delta value (WGDS)"
"16/8/2025 5:31:13 p. m.","Información","MEIx64","2","Intel(R) Management Engine Interface driver has started successfully."
"16/8/2025 5:31:13 p. m.","Información","Netwtw10","7027","7027 - get Nic Manufacturere on init"
"16/8/2025 5:31:13 p. m.","Información","Netwtw10","7036","El servicio \Device\NDMP4 entró en estado Intel(R) Wi-Fi 6 AX201 160MHz."
"16/8/2025 5:31:13 p. m.","Información","Microsoft-Windows-Kernel-Power","521","Cambio de número de baterías"
"16/8/2025 5:31:13 p. m.","Información","Microsoft-Windows-Kernel-Power","105","Cambio de fuente de energía."
"16/8/2025 5:31:13 p. m.","Información","Microsoft-Windows-Kernel-Power","521","Cambio de número de baterías"
"16/8/2025 5:31:12 p. m.","Información","Microsoft-Windows-Kernel-Processor-Power","55","El procesador 7 en el grupo 0 expone las siguientes funciones de administración de energía:

Tipo de estado inactivo: Micro Power Engine Plugin (estados 11)

Tipo de estado de rendimiento: ACPI Collaborative Processor Performance Control
Frecuencia nominal (MHz): 1382
Porcentaje de rendimiento máximo: 300
Porcentaje de rendimiento mínimo: 100
Porcentaje de limitación mínimo: 7"
"16/8/2025 5:31:12 p. m.","Información","nhi","9001","Thunderbolt driver is loaded and initialized connection to HW.
 Driver version: 1.41.1193.0
 NVM version: 48:1
"
"16/8/2025 5:31:12 p. m.","Información","Microsoft-Windows-Kernel-Processor-Power","55","El procesador 5 en el grupo 0 expone las siguientes funciones de administración de energía:

Tipo de estado inactivo: Micro Power Engine Plugin (estados 11)

Tipo de estado de rendimiento: ACPI Collaborative Processor Performance Control
Frecuencia nominal (MHz): 1382
Porcentaje de rendimiento máximo: 300
Porcentaje de rendimiento mínimo: 100
Porcentaje de limitación mínimo: 7"
"16/8/2025 5:31:12 p. m.","Información","Microsoft-Windows-Kernel-Processor-Power","55","El procesador 3 en el grupo 0 expone las siguientes funciones de administración de energía:

Tipo de estado inactivo: Micro Power Engine Plugin (estados 11)

Tipo de estado de rendimiento: ACPI Collaborative Processor Performance Control
Frecuencia nominal (MHz): 1382
Porcentaje de rendimiento máximo: 300
Porcentaje de rendimiento mínimo: 100
Porcentaje de limitación mínimo: 7"
"16/8/2025 5:31:12 p. m.","Información","Microsoft-Windows-Kernel-Processor-Power","55","El procesador 1 en el grupo 0 expone las siguientes funciones de administración de energía:

Tipo de estado inactivo: Micro Power Engine Plugin (estados 11)

Tipo de estado de rendimiento: ACPI Collaborative Processor Performance Control
Frecuencia nominal (MHz): 1382
Porcentaje de rendimiento máximo: 300
Porcentaje de rendimiento mínimo: 100
Porcentaje de limitación mínimo: 7"
"16/8/2025 5:31:12 p. m.","Información","Microsoft-Windows-Kernel-Processor-Power","55","El procesador 6 en el grupo 0 expone las siguientes funciones de administración de energía:

Tipo de estado inactivo: Micro Power Engine Plugin (estados 11)

Tipo de estado de rendimiento: ACPI Collaborative Processor Performance Control
Frecuencia nominal (MHz): 1382
Porcentaje de rendimiento máximo: 300
Porcentaje de rendimiento mínimo: 100
Porcentaje de limitación mínimo: 7"
"16/8/2025 5:31:12 p. m.","Información","Microsoft-Windows-Kernel-Processor-Power","55","El procesador 4 en el grupo 0 expone las siguientes funciones de administración de energía:

Tipo de estado inactivo: Micro Power Engine Plugin (estados 11)

Tipo de estado de rendimiento: ACPI Collaborative Processor Performance Control
Frecuencia nominal (MHz): 1382
Porcentaje de rendimiento máximo: 300
Porcentaje de rendimiento mínimo: 100
Porcentaje de limitación mínimo: 7"
"16/8/2025 5:31:12 p. m.","Información","Microsoft-Windows-Kernel-Processor-Power","55","El procesador 2 en el grupo 0 expone las siguientes funciones de administración de energía:

Tipo de estado inactivo: Micro Power Engine Plugin (estados 11)

Tipo de estado de rendimiento: ACPI Collaborative Processor Performance Control
Frecuencia nominal (MHz): 1382
Porcentaje de rendimiento máximo: 300
Porcentaje de rendimiento mínimo: 100
Porcentaje de limitación mínimo: 7"
"16/8/2025 5:31:12 p. m.","Información","Microsoft-Windows-Kernel-Processor-Power","55","El procesador 0 en el grupo 0 expone las siguientes funciones de administración de energía:

Tipo de estado inactivo: Micro Power Engine Plugin (estados 11)

Tipo de estado de rendimiento: ACPI Collaborative Processor Performance Control
Frecuencia nominal (MHz): 1382
Porcentaje de rendimiento máximo: 300
Porcentaje de rendimiento mínimo: 100
Porcentaje de limitación mínimo: 7"
"16/8/2025 5:31:11 p. m.","Información","Microsoft-Windows-Kernel-General","24","La información de zona horaria se actualizó con el motivo de salida 0. La diferencia de zona horaria actual es 240."
"16/8/2025 5:31:11 p. m.","Advertencia","Microsoft-Windows-Kernel-PnP","219","No se pudo cargar el \Driver\WUDFRd del controlador.
Dispositivo: PCI\VEN_8086&DEV_9A03&SUBSYS_0B211028&REV_01\3&11583659&0&20
Estado: 0xC0000365"
"16/8/2025 5:31:11 p. m.","Información","Microsoft-Windows-DriverFrameworks-UserMode","10118","El reflector UMDF no se puede conectar al Administrador de control de servicios (SCM). Es lo que se espera durante el arranque, cuando el SCM aún no se ha iniciado. Se reintentará cuando se inicie."
"16/8/2025 5:31:11 p. m.","Información","Microsoft-Windows-Ntfs","98","Volumen \\?\Volume{87337007-4a35-4346-ac67-ed018ac82d6b} (\Device\HarddiskVolume4) es correcto. No se requiere ninguna acción."
"16/8/2025 5:31:07 p. m.","Información","Microsoft-Windows-Hyper-V-VmSwitch","5","Miniport NIC C08CB7B8-9B3C-408E-8E30-5E16A3AEB445 (Friendly Name: Default Switch) successfully enabled"
"16/8/2025 5:31:07 p. m.","Información","Microsoft-Windows-Hyper-V-VmSwitch","232","NIC C08CB7B8-9B3C-408E-8E30-5E16A3AEB445 (Friendly Name: Default Switch) successfully connected to port C08CB7B8-9B3C-408E-8E30-5E16A3AEB445 (Friendly Name: Host Vnic C08CB7B8-9B3C-408E-8E30-5E16A3AEB444) on switch C08CB7B8-9B3C-408E-8E30-5E16A3AEB444(Friendly Name: Default Switch)."
"16/8/2025 5:31:07 p. m.","Información","Microsoft-Windows-Hyper-V-VmSwitch","7","Miniport NIC C08CB7B8-9B3C-408E-8E30-5E16A3AEB445 (Friendly Name: Default Switch) successfully initialized."
"16/8/2025 5:31:07 p. m.","Información","Microsoft-Windows-Hyper-V-VmSwitch","291","Descarga de RSC modificada para la C08CB7B8-9B3C-408E-8E30-5E16A3AEB445 NIC (nombre descriptivo: Default Switch) IPv4 anterior: Deshabilitado, IPv4 actual: Deshabilitado, IPv6 anterior: Deshabilitado, IPv6 actual: Deshabilitado. Motivo: Inicio de NIC"
"16/8/2025 5:31:07 p. m.","Información","Microsoft-Windows-Hyper-V-VmSwitch","233","La operación ' Create ' se realizó correctamente en la NIC C08CB7B8-9B3C-408E-8E30-5E16A3AEB445 (nombre descriptivo: Default Switch) e ID. de instancia {00000000-0000-0000-0000-000000000000}. "
"16/8/2025 5:31:07 p. m.","Información","Microsoft-Windows-Hyper-V-VmSwitch","291","Descarga de RSC modificada para la C08CB7B8-9B3C-408E-8E30-5E16A3AEB445 NIC (nombre descriptivo: Default Switch) IPv4 anterior: Deshabilitado, IPv4 actual: Deshabilitado, IPv6 anterior: Deshabilitado, IPv6 actual: Deshabilitado. Motivo: Creación de NIC"
"16/8/2025 5:31:07 p. m.","Información","Microsoft-Windows-Hyper-V-VmSwitch","264","El C08CB7B8-9B3C-408E-8E30-5E16A3AEB445 de puerto interno o externo (nombre descriptivo: Host Vnic C08CB7B8-9B3C-408E-8E30-5E16A3AEB444) se creó correctamente en el conmutador C08CB7B8-9B3C-408E-8E30-5E16A3AEB444 (nombre descriptivo: Default Switch)."
"16/8/2025 5:31:07 p. m.","Información","Microsoft-Windows-Hyper-V-VmSwitch","292","Descarga de RSC modificada para el puerto C08CB7B8-9B3C-408E-8E30-5E16A3AEB445 (nombre descriptivo: Host Vnic C08CB7B8-9B3C-408E-8E30-5E16A3AEB444) Anterior: Deshabilitado, actual: Habilitado. Motivo: Creación de puertos"
"16/8/2025 5:31:07 p. m.","Información","Microsoft-Windows-Hyper-V-VmSwitch","9","Switch C08CB7B8-9B3C-408E-8E30-5E16A3AEB444 (Friendly Name: Default Switch) successfully initialized."
"16/8/2025 5:31:07 p. m.","Información","Microsoft-Windows-Hyper-V-VmSwitch","232","NIC C08CB7B8-9B3C-408E-8E30-5E16A3AEB444 (Friendly Name: Default Switch) successfully connected to port C08CB7B8-9B3C-408E-8E30-5E16A3AEB444 (Friendly Name: Default Switch) on switch C08CB7B8-9B3C-408E-8E30-5E16A3AEB444(Friendly Name: Default Switch)."
"16/8/2025 5:31:07 p. m.","Información","Microsoft-Windows-Hyper-V-VmSwitch","233","La operación ' Create ' se realizó correctamente en la NIC C08CB7B8-9B3C-408E-8E30-5E16A3AEB444 (nombre descriptivo: Default Switch) e ID. de instancia {00000000-0000-0000-0000-000000000000}. "
"16/8/2025 5:31:07 p. m.","Información","Microsoft-Windows-Hyper-V-VmSwitch","291","Descarga de RSC modificada para la C08CB7B8-9B3C-408E-8E30-5E16A3AEB444 NIC (nombre descriptivo: Default Switch) IPv4 anterior: Deshabilitado, IPv4 actual: Deshabilitado, IPv6 anterior: Deshabilitado, IPv6 actual: Deshabilitado. Motivo: Creación de NIC"
"16/8/2025 5:31:07 p. m.","Información","Microsoft-Windows-Hyper-V-VmSwitch","67","El C08CB7B8-9B3C-408E-8E30-5E16A3AEB444 de puerto (nombre descriptivo: Default Switch) se creó correctamente en el conmutador C08CB7B8-9B3C-408E-8E30-5E16A3AEB444 (nombre descriptivo: Default Switch)."
"16/8/2025 5:31:07 p. m.","Información","Microsoft-Windows-Hyper-V-VmSwitch","292","Descarga de RSC modificada para el puerto C08CB7B8-9B3C-408E-8E30-5E16A3AEB444 (nombre descriptivo: Default Switch) Anterior: Deshabilitado, actual: Habilitado. Motivo: Creación de puertos"
"16/8/2025 5:31:07 p. m.","Información","Microsoft-Windows-Hyper-V-VmSwitch","277","vmswitch.sys versión 26100.amd64.ge_release_svc_prod1, depuración false, oficial true, 1, 1"
"16/8/2025 5:31:07 p. m.","Información","Microsoft-Windows-FilterManager","6","Filtro de sistema de archivos 'npsvctrig' (10.0, ‎1978‎-‎05‎-‎14T05:13:30.000000000Z) correctamente cargado y registrado con el administrador de filtros."
"16/8/2025 5:31:06 p. m.","Información","VfpExt","7036","El servicio  entró en estado Driver load complete."
"16/8/2025 5:31:06 p. m.","Información","VfpExt","7036","El servicio  entró en estado Driver load start."
"16/8/2025 5:31:06 p. m.","Información","Microsoft-Windows-FilterManager","6","Filtro de sistema de archivos 'UCPD' (10.0, ‎2007‎-‎02‎-‎05T01:30:28.000000000Z) correctamente cargado y registrado con el administrador de filtros."
"16/8/2025 5:31:06 p. m.","Información","Microsoft-Windows-FilterManager","6","Filtro de sistema de archivos 'FileCrypt' (10.0, ‎2075‎-‎08‎-‎31T18:07:07.000000000Z) correctamente cargado y registrado con el administrador de filtros."
"16/8/2025 5:31:06 p. m.","Información","Microsoft-Windows-Ntfs","98","Volumen C: (\Device\HarddiskVolume3) es correcto. No se requiere ninguna acción."
"16/8/2025 5:31:05 p. m.","Información","Microsoft-Windows-FilterManager","6","Filtro de sistema de archivos 'WdFilter' (10.0, ‎2020‎-‎11‎-‎18T13:24:15.000000000Z) correctamente cargado y registrado con el administrador de filtros."
"16/8/2025 5:31:05 p. m.","Información","Microsoft-Windows-FilterManager","6","Filtro de sistema de archivos 'Wof' (10.0, ‎2033‎-‎09‎-‎02T19:41:44.000000000Z) correctamente cargado y registrado con el administrador de filtros."
"16/8/2025 5:31:05 p. m.","Información","Microsoft-Windows-FilterManager","6","Filtro de sistema de archivos 'FileInfo' (10.0, ‎2093‎-‎04‎-‎01T21:29:43.000000000Z) correctamente cargado y registrado con el administrador de filtros."
"16/8/2025 5:31:05 p. m.","Información","Microsoft-Windows-FilterManager","6","Filtro de sistema de archivos 'WinSetupMon' (10.0, ‎2104‎-‎05‎-‎25T21:43:09.000000000Z) correctamente cargado y registrado con el administrador de filtros."
"16/8/2025 5:31:04 p. m.","Información","Microsoft-Windows-HAL","16","Se ha inicializado el informe de errores IOMMU."
"16/8/2025 5:31:03 p. m.","Información","Microsoft-Windows-Kernel-General","20","Se ha actualizado la configuración del segundo intercalar. 
Motivo: Leap second data initialized from registry during boot
Segundos intercalares habilitados: true
Nuevo recuento de segundos intercalares: 0
Antiguo recuento de segundos intercalares: 0"
"16/8/2025 5:31:03 p. m.","Información","Microsoft-Windows-Kernel-Boot","30","El firmware notificó métricas de arranque."
"16/8/2025 5:31:03 p. m.","Información","Microsoft-Windows-IsolatedUserMode","3","Secure Kernel started with status STATUS_SUCCESS and flags HvciEnabled,HvciStrictMode."
"16/8/2025 5:31:03 p. m.","Información","Microsoft-Windows-Hyper-V-Hypervisor","165","Mitigaciones configuradas del hipervisor para CVE-2019-11091, CVE-2018-12126, CVE-2018-12127, CVE-2018-12130 para máquinas virtuales.

Procesador no afectado: true
Familia de procesadores no afectada: false
El procesador admite el vaciado del búfer microarquitectura: false
Vaciado del búfer necesario: false
"
"16/8/2025 5:31:03 p. m.","Información","Microsoft-Windows-Hyper-V-Hypervisor","156","Mitigaciones configuradas del hipervisor para CVE-2018-3646 para máquinas virtuales.

Procesador no afectado: true
Familia de procesadores no afectada: false
El procesador admite el vaciado de caché: true
HyperThreading habilitado: true
El hipervisor primario aplica mitigaciones: false
Mitigaciones deshabilitadas por bcdedit: false
Mitigaciones habilitadas: true
Es necesario vaciar la caché: false
"
"16/8/2025 5:31:03 p. m.","Información","Microsoft-Windows-Hyper-V-Hypervisor","129","El hipervisor inicializó la reasignación de E/S.

Hardware presente: true
Hardware habilitado: true
Directiva: 0x0
Características habilitadas: 0x43
Información interna: 0x0
Problemas: 0x0
Información adicional: 0x0"
"16/8/2025 5:31:03 p. m.","Información","Microsoft-Windows-Hyper-V-Hypervisor","2","El tipo de programador de hipervisor es 0x4."
"16/8/2025 5:31:03 p. m.","Información","Microsoft-Windows-Hyper-V-Hypervisor","1","El hipervisor se inició correctamente. "
"16/8/2025 5:31:03 p. m.","Información","Microsoft-Windows-Kernel-Boot","27","El tipo de arranque fue 0x0."
"16/8/2025 5:31:03 p. m.","Información","Microsoft-Windows-Kernel-Boot","25","La directiva del menú de arranque fue 0x1."
"16/8/2025 5:31:03 p. m.","Información","Microsoft-Windows-Kernel-Boot","238","Diferencia de zona horaria EFI: 2047. Marcas de verano: 0. Hora del firmware: ‎2025‎-‎08‎-‎16T17:31:01.000000000Z. "
"16/8/2025 5:31:03 p. m.","Información","Microsoft-Windows-Kernel-Boot","247","No se puede cargar el firmware de Pluton-Windows. StatusCode: STATUS_SUCCESS, Motivo: Failed to apply firmware."
"16/8/2025 5:31:03 p. m.","Información","Microsoft-Windows-Kernel-Boot","20","El último estado correcto de apagado fue true. El último estado correcto de arranque fue true."
"16/8/2025 5:31:03 p. m.","Información","Microsoft-Windows-Kernel-Boot","32","Bootmgr esperó la entrada del usuario durante 0 ms."
"16/8/2025 5:31:03 p. m.","Información","Microsoft-Windows-Kernel-Boot","18","Existen 0x1 opciones de arranque en este sistema."
"16/8/2025 5:31:03 p. m.","Información","Microsoft-Windows-Kernel-Boot","153","La seguridad basada en virtualización (directivas: VBS Enabled,VSM Required,Hvci,Boot Chain Signer Soft Enforced) es enabled due to VBS registry configuration."
"16/8/2025 5:31:03 p. m.","Información","Microsoft-Windows-Kernel-General","25","La hora del sistema se inicializó a ‎2025‎-‎08‎-‎16T21:31:03.500000000Z. 

Hora del cargador: ‎2025‎-‎08‎-‎16T21:31:01.000000000Z
Marcas de arranque internas: 0x2
código de error HAL RTC: 0x0
la hora RTC está en UTC: false
Arranque flexible: false
Correcto: true
Fase: 0"
"16/8/2025 5:31:03 p. m.","Información","Microsoft-Windows-Kernel-General","12","El sistema operativo se inició a la hora del sistema ‎2025‎-‎08‎-‎16T21:31:03.500000000Z."
"16/8/2025 5:30:51 p. m.","Información","Microsoft-Windows-Kernel-General","13","El sistema operativo se está cerrando a la hora del sistema ‎2025‎-‎08‎-‎16T21:30:51.351108200Z."
"16/8/2025 5:30:50 p. m.","Información","Microsoft-Windows-Kernel-Power","577","El sistema se ha preparado para que el sistema inicie un reinicio desde Active."
"16/8/2025 5:30:50 p. m.","Información","nhi","9008","Driver exit RTD3.
 All the connected devices will now cause DeviceConnected events."
"16/8/2025 5:30:48 p. m.","Información","Microsoft-Windows-Kernel-Power","109","El administrador de energía del kernel ha iniciado una transición de apagado.

Acción: Power Action Reboot 
Código de evento: 0x0 
Motivo: Kernel API"
"16/8/2025 5:30:48 p. m.","Información","Microsoft-Windows-WLAN-AutoConfig","4001","El servicio de Configuración automática de WLAN se detuvo correctamente.
"
"16/8/2025 5:30:48 p. m.","Advertencia","Microsoft-Windows-WLAN-AutoConfig","10002","Se detuvo el módulo de extensibilidad de WLAN.

Ruta de acceso del módulo: C:\WINDOWS\system32\IntelIHVRouter10.dll
"
"16/8/2025 5:31:20 p. m.","Información","EventLog","6013","El tiempo límite del sistema es de 16 segundos."
"16/8/2025 5:31:20 p. m.","Información","EventLog","6005","Se inició el servicio de Registro de eventos."
"16/8/2025 5:31:20 p. m.","Información","EventLog","6009","Microsoft (R) Windows (R) 10.00. 26100  Multiprocessor Free."
"16/8/2025 5:30:46 p. m.","Información","Microsoft-Windows-Dhcp-Client","50037","Servicio cliente DHCPv4 detenido. Valor de la marca ShutDown: 1"
"16/8/2025 5:30:46 p. m.","Información","Microsoft-Windows-Dhcp-Client","50106","DHCPv4 está esperando a que se detenga el servicio DHCPv6"
"16/8/2025 5:30:46 p. m.","Información","Microsoft-Windows-DHCPv6-Client","51057","La parada del servicio del cliente DHCPv6 está casi lista. El recuento de referencia de contexto DHCP es 1"
"16/8/2025 5:30:46 p. m.","Información","Microsoft-Windows-DHCPv6-Client","51057","La parada del servicio del cliente DHCPv6 está casi lista. El recuento de referencia de contexto DHCP es 1"
"16/8/2025 5:30:46 p. m.","Información","Microsoft-Windows-DHCPv6-Client","51057","La parada del servicio del cliente DHCPv6 está casi lista. El recuento de referencia de contexto DHCP es 1"
"16/8/2025 5:30:46 p. m.","Información","Microsoft-Windows-DHCPv6-Client","51047","Servicio de cliente DHCPv6 detenido. El valor de la marca ShutDown es 1"
"16/8/2025 5:30:46 p. m.","Información","Microsoft-Windows-Dhcp-Client","50105","El cliente DHCPv4 ProcessDHCPRequestForever recibió TERMINATE_EVENT"
"16/8/2025 5:30:46 p. m.","Información","Microsoft-Windows-Dhcp-Client","50104","El cliente DHCPv4 recibió una notificación de apagado"
"16/8/2025 5:30:46 p. m.","Información","Microsoft-Windows-Kernel-General","1","La hora del sistema ha cambiado a ‎2025‎-‎08‎-‎16T21:30:46.949533400Z de ‎2025‎-‎08‎-‎16T21:30:46.949282900Z.
Diferencia horaria: 0 ms

Motivo del cambio: An application or system component changed the time.
Proceso: '\Device\HarddiskVolume3\Windows\System32\svchost.exe' (PID 12988).

Hora de RTC: ‎2025‎-‎08‎-‎16T17:30:46.949533400Z
Diferencia de zona horaria actual: 240
hora RTC es UTC: false
La hora del sistema se basaba en la hora RTC: false"
"16/8/2025 5:30:46 p. m.","Error","Microsoft-Windows-HAL","21","No se estableció el reloj en tiempo real de hardware debido a un error en la evaluación del método de dispositivo de alarma y hora ACPI.  Estado: 0xC00000BB."
"16/8/2025 5:30:46 p. m.","Error","Microsoft-Windows-HAL","20","No se consultó el reloj en tiempo real de hardware debido a un error en la evaluación del método de dispositivo de alarma y hora ACPI.  Estado: 0xC00000BB."
"16/8/2025 5:30:46 p. m.","Información","Microsoft-Windows-Kernel-General","24","La información de zona horaria se actualizó con el motivo de salida 0. La diferencia de zona horaria actual es 240."
"16/8/2025 5:30:46 p. m.","Información","EventLog","6006","Se detuvo el servicio de Registro de eventos."
"16/8/2025 5:30:46 p. m.","Información","Microsoft-Windows-Winlogon","7002","Notificación de cierre de sesión de usuario para el Programa para la mejora de la experiencia del usuario"
"16/8/2025 5:30:44 p. m.","Error","Microsoft-Windows-DistributedCOM","10010","El servidor Microsoft.AAD.BrokerPlugin_1000.19580.1000.2_neutral_neutral_cw5n1h2txyewy!Windows.Security.Authentication.Web.Core.BackgroundGetTokenTask.ClassId.WebAccountProvider no se registró con DCOM dentro del tiempo de espera requerido."
"16/8/2025 5:30:44 p. m.","Error","Microsoft-Windows-DistributedCOM","10010","El servidor Microsoft.AAD.BrokerPlugin_1000.19580.1000.2_neutral_neutral_cw5n1h2txyewy!Windows.Security.Authentication.Web.Core.BackgroundGetTokenTask.ClassId.WebAccountProvider no se registró con DCOM dentro del tiempo de espera requerido."
"16/8/2025 5:30:42 p. m.","Error","Microsoft-Windows-DistributedCOM","10010","El servidor Microsoft.AAD.BrokerPlugin_1000.19580.1000.2_neutral_neutral_cw5n1h2txyewy!Windows.Security.Authentication.Web.Core.BackgroundGetTokenTask.ClassId.WebAccountProvider no se registró con DCOM dentro del tiempo de espera requerido."
"16/8/2025 5:30:42 p. m.","Error","Microsoft-Windows-DistributedCOM","10010","El servidor Microsoft.AAD.BrokerPlugin_1000.19580.1000.2_neutral_neutral_cw5n1h2txyewy!Windows.Security.Authentication.Web.Core.BackgroundGetTokenTask.ClassId.WebAccountProvider no se registró con DCOM dentro del tiempo de espera requerido."
"16/8/2025 5:30:42 p. m.","Error","Microsoft-Windows-DistributedCOM","10010","El servidor {AB8902B4-09CA-4BB6-B78D-A8F59079A8D5} no se registró con DCOM dentro del tiempo de espera requerido."
"16/8/2025 5:30:42 p. m.","Error","Microsoft-Windows-DistributedCOM","10010","El servidor {AB8902B4-09CA-4BB6-B78D-A8F59079A8D5} no se registró con DCOM dentro del tiempo de espera requerido."
"16/8/2025 5:30:42 p. m.","Error","Microsoft-Windows-DistributedCOM","10010","El servidor {AB8902B4-09CA-4BB6-B78D-A8F59079A8D5} no se registró con DCOM dentro del tiempo de espera requerido."
"16/8/2025 5:30:42 p. m.","Error","Microsoft-Windows-DistributedCOM","10010","El servidor {AB8902B4-09CA-4BB6-B78D-A8F59079A8D5} no se registró con DCOM dentro del tiempo de espera requerido."
"16/8/2025 5:30:42 p. m.","Error","Microsoft-Windows-DistributedCOM","10010","El servidor {AB8902B4-09CA-4BB6-B78D-A8F59079A8D5} no se registró con DCOM dentro del tiempo de espera requerido."
"16/8/2025 5:30:42 p. m.","Error","Microsoft-Windows-DistributedCOM","10010","El servidor {AB8902B4-09CA-4BB6-B78D-A8F59079A8D5} no se registró con DCOM dentro del tiempo de espera requerido."
"16/8/2025 5:30:42 p. m.","Error","Microsoft-Windows-DistributedCOM","10010","El servidor {AB8902B4-09CA-4BB6-B78D-A8F59079A8D5} no se registró con DCOM dentro del tiempo de espera requerido."
"16/8/2025 5:30:42 p. m.","Error","Microsoft-Windows-DistributedCOM","10010","El servidor {AB8902B4-09CA-4BB6-B78D-A8F59079A8D5} no se registró con DCOM dentro del tiempo de espera requerido."
"16/8/2025 5:30:42 p. m.","Error","Microsoft-Windows-DistributedCOM","10010","El servidor {AB8902B4-09CA-4BB6-B78D-A8F59079A8D5} no se registró con DCOM dentro del tiempo de espera requerido."
"16/8/2025 5:30:42 p. m.","Error","Microsoft-Windows-DistributedCOM","10010","El servidor {AB8902B4-09CA-4BB6-B78D-A8F59079A8D5} no se registró con DCOM dentro del tiempo de espera requerido."
"16/8/2025 5:30:42 p. m.","Error","Microsoft-Windows-DistributedCOM","10010","El servidor {AB8902B4-09CA-4BB6-B78D-A8F59079A8D5} no se registró con DCOM dentro del tiempo de espera requerido."
"16/8/2025 5:30:42 p. m.","Error","Microsoft-Windows-DistributedCOM","10010","El servidor {AB8902B4-09CA-4BB6-B78D-A8F59079A8D5} no se registró con DCOM dentro del tiempo de espera requerido."
"16/8/2025 5:30:42 p. m.","Error","Microsoft-Windows-DistributedCOM","10010","El servidor {AB8902B4-09CA-4BB6-B78D-A8F59079A8D5} no se registró con DCOM dentro del tiempo de espera requerido."
"16/8/2025 5:30:42 p. m.","Error","Microsoft-Windows-DistributedCOM","10010","El servidor {AB8902B4-09CA-4BB6-B78D-A8F59079A8D5} no se registró con DCOM dentro del tiempo de espera requerido."
"16/8/2025 5:30:42 p. m.","Error","Microsoft-Windows-DistributedCOM","10010","El servidor {AB8902B4-09CA-4BB6-B78D-A8F59079A8D5} no se registró con DCOM dentro del tiempo de espera requerido."
"16/8/2025 5:30:42 p. m.","Error","Microsoft-Windows-DistributedCOM","10010","El servidor {AB8902B4-09CA-4BB6-B78D-A8F59079A8D5} no se registró con DCOM dentro del tiempo de espera requerido."
"16/8/2025 5:30:42 p. m.","Error","Microsoft-Windows-DistributedCOM","10010","El servidor {AB8902B4-09CA-4BB6-B78D-A8F59079A8D5} no se registró con DCOM dentro del tiempo de espera requerido."
"16/8/2025 5:30:42 p. m.","Error","Microsoft-Windows-DistributedCOM","10010","El servidor {AB8902B4-09CA-4BB6-B78D-A8F59079A8D5} no se registró con DCOM dentro del tiempo de espera requerido."
"16/8/2025 5:30:41 p. m.","Error","Microsoft-Windows-DistributedCOM","10010","El servidor {AB8902B4-09CA-4BB6-B78D-A8F59079A8D5} no se registró con DCOM dentro del tiempo de espera requerido."
"16/8/2025 5:30:41 p. m.","Error","Microsoft-Windows-DistributedCOM","10010","El servidor {AB8902B4-09CA-4BB6-B78D-A8F59079A8D5} no se registró con DCOM dentro del tiempo de espera requerido."
"16/8/2025 5:30:41 p. m.","Información","Microsoft-Windows-IsolatedUserMode","2","Secure Trustlet Id 0 and Pid 0 stopped with status STATUS_SUCCESS."
"16/8/2025 5:30:40 p. m.","Información","User32","1074","El proceso C:\WINDOWS\SystemApps\Microsoft.Windows.StartMenuExperienceHost_cw5n1h2txyewy\StartMenuExperienceHost.exe (TICPC-05) inició el Reinicio del equipo TICPC-05 en nombre del usuario TICPC-05\PCTIC-05 por el siguiente motivo: Otros (no planeado)
 Código de motivo: 0x0
 Tipo de apagado: Reinicio
 Comentario: "
"16/8/2025 4:34:04 p. m.","Información","Microsoft-Windows-IsolatedUserMode","2","Secure Trustlet Id 6 and Pid 4240 stopped with status STATUS_SUCCESS."
"16/8/2025 4:26:20 p. m.","Información","Microsoft-Windows-IsolatedUserMode","1","Secure Trustlet \??\C:\WINDOWS\System32\NgcIso.exe Id 6 and Pid 4240 started with status STATUS_SUCCESS."
"16/8/2025 4:26:20 p. m.","Información","Microsoft-Windows-IsolatedUserMode","5","Secure Trustlet NULL Id 0 and Pid 0 started with status STATUS_SUCCESS."
"16/8/2025 4:25:51 p. m.","Información","Microsoft-Windows-Kernel-General","16","El historial de accesos en el subárbol \??\C:\Users\PCTIC-05\AppData\Local\Packages\Microsoft.WindowsNotepad_8wekyb3d8bbwe\SystemAppData\Helium\UserClasses.dat se borró mediante la actualización de 14 claves y la creación de 5 páginas modificadas."
"16/8/2025 4:25:51 p. m.","Información","Microsoft-Windows-Kernel-General","16","El historial de accesos en el subárbol \??\C:\Users\PCTIC-05\AppData\Local\Packages\Microsoft.WindowsNotepad_8wekyb3d8bbwe\SystemAppData\Helium\User.dat se borró mediante la actualización de 7 claves y la creación de 1 páginas modificadas."
"16/8/2025 4:25:50 p. m.","Información","Microsoft-Windows-Kernel-General","16","El historial de accesos en el subárbol \??\C:\ProgramData\Packages\WinRAR.ShellExtension_d9ma7nkbkv4rp\S-1-5-21-72991934-2165796093-3938425774-1001\SystemAppData\Helium\Cache\47b86fda953346a8_COM15.dat se borró mediante la actualización de 1 claves y la creación de 1 páginas modificadas."
"16/8/2025 1:48:08 p. m.","Información","Service Control Manager","7040","El tipo de inicio del servicio Servicio de transferencia inteligente en segundo plano (BITS) se cambió de inicio automático a inicio por solicitud."
"16/8/2025 1:46:03 p. m.","Información","Service Control Manager","7040","El tipo de inicio del servicio Servicio de transferencia inteligente en segundo plano (BITS) se cambió de inicio por solicitud a inicio automático."
"16/8/2025 12:48:08 p. m.","Información","Service Control Manager","7040","El tipo de inicio del servicio Servicio de transferencia inteligente en segundo plano (BITS) se cambió de inicio automático a inicio por solicitud."
"16/8/2025 12:46:03 p. m.","Información","Service Control Manager","7040","El tipo de inicio del servicio Servicio de transferencia inteligente en segundo plano (BITS) se cambió de inicio por solicitud a inicio automático."
"16/8/2025 12:31:41 p. m.","Información","Service Control Manager","7040","El tipo de inicio del servicio Servicio de transferencia inteligente en segundo plano (BITS) se cambió de inicio automático a inicio por solicitud."
"16/8/2025 12:29:33 p. m.","Información","Service Control Manager","7040","El tipo de inicio del servicio Servicio de transferencia inteligente en segundo plano (BITS) se cambió de inicio por solicitud a inicio automático."
"16/8/2025 12:00:00 p. m.","Información","EventLog","6013","El tiempo límite del sistema es de 16383 segundos."
"16/8/2025 11:48:07 a. m.","Información","Service Control Manager","7040","El tipo de inicio del servicio Servicio de transferencia inteligente en segundo plano (BITS) se cambió de inicio automático a inicio por solicitud."
"16/8/2025 11:46:02 a. m.","Información","Service Control Manager","7040","El tipo de inicio del servicio Servicio de transferencia inteligente en segundo plano (BITS) se cambió de inicio por solicitud a inicio automático."
"16/8/2025 10:48:08 a. m.","Información","Service Control Manager","7040","El tipo de inicio del servicio Servicio de transferencia inteligente en segundo plano (BITS) se cambió de inicio automático a inicio por solicitud."
"16/8/2025 10:46:03 a. m.","Información","Service Control Manager","7040","El tipo de inicio del servicio Servicio de transferencia inteligente en segundo plano (BITS) se cambió de inicio por solicitud a inicio automático."
"16/8/2025 10:36:17 a. m.","Advertencia","Netwtw10","6062","6062 - Lso was triggered"
"16/8/2025 10:36:12 a. m.","Información","Netwtw10","7021","7021 - Connection telemetry fields and analysis usage"
"16/8/2025 10:36:09 a. m.","Advertencia","Netwtw10","6062","6062 - Lso was triggered"
"16/8/2025 10:36:03 a. m.","Información","Netwtw10","7021","7021 - Connection telemetry fields and analysis usage"
"16/8/2025 9:34:22 a. m.","Información","Service Control Manager","7040","El tipo de inicio del servicio Servicio de transferencia inteligente en segundo plano (BITS) se cambió de inicio automático a inicio por solicitud."
"16/8/2025 9:32:18 a. m.","Información","Service Control Manager","7040","El tipo de inicio del servicio Servicio de transferencia inteligente en segundo plano (BITS) se cambió de inicio por solicitud a inicio automático."
"16/8/2025 9:16:47 a. m.","Información","Microsoft-Windows-Kernel-Power","105","Cambio de fuente de energía."
"16/8/2025 8:37:52 a. m.","Información","Microsoft-Windows-Time-Service","158","El proveedor de hora 'VMICTimeProvider' ha indicado que el hardware y el entorno operativo actuales no son compatibles y se ha detenido. Este es un comportamiento esperado para VMICTimeProvider en entornos que no son invitados de HyperV. Este también podría ser el comportamiento esperado de este proveedor en el entorno operativo actual."
"16/8/2025 8:25:12 a. m.","Información","Microsoft-Windows-Kernel-Power","105","Cambio de fuente de energía."
"16/8/2025 8:23:41 a. m.","Información","Microsoft-Windows-Kernel-Power","105","Cambio de fuente de energía."
"16/8/2025 8:21:36 a. m.","Información","Service Control Manager","7040","El tipo de inicio del servicio Servicio de transferencia inteligente en segundo plano (BITS) se cambió de inicio automático a inicio por solicitud."
"16/8/2025 8:20:48 a. m.","Información","Microsoft-Windows-Time-Service","158","El proveedor de hora 'VMICTimeProvider' ha indicado que el hardware y el entorno operativo actuales no son compatibles y se ha detenido. Este es un comportamiento esperado para VMICTimeProvider en entornos que no son invitados de HyperV. Este también podría ser el comportamiento esperado de este proveedor en el entorno operativo actual."
"16/8/2025 8:19:32 a. m.","Información","Service Control Manager","7040","El tipo de inicio del servicio Servicio de transferencia inteligente en segundo plano (BITS) se cambió de inicio por solicitud a inicio automático."
"16/8/2025 8:14:29 a. m.","Información","Microsoft-Windows-Kernel-Power","105","Cambio de fuente de energía."
"16/8/2025 8:09:28 a. m.","Información","Microsoft-Windows-Kernel-Power","105","Cambio de fuente de energía."
"16/8/2025 8:03:44 a. m.","Información","Microsoft-Windows-Time-Service","158","El proveedor de hora 'VMICTimeProvider' ha indicado que el hardware y el entorno operativo actuales no son compatibles y se ha detenido. Este es un comportamiento esperado para VMICTimeProvider en entornos que no son invitados de HyperV. Este también podría ser el comportamiento esperado de este proveedor en el entorno operativo actual."
"16/8/2025 7:46:40 a. m.","Información","Microsoft-Windows-Time-Service","158","El proveedor de hora 'VMICTimeProvider' ha indicado que el hardware y el entorno operativo actuales no son compatibles y se ha detenido. Este es un comportamiento esperado para VMICTimeProvider en entornos que no son invitados de HyperV. Este también podría ser el comportamiento esperado de este proveedor en el entorno operativo actual."
"16/8/2025 7:44:42 a. m.","Información","Service Control Manager","7040","El tipo de inicio del servicio Servicio de transferencia inteligente en segundo plano (BITS) se cambió de inicio automático a inicio por solicitud."
"16/8/2025 7:42:37 a. m.","Información","Service Control Manager","7040","El tipo de inicio del servicio Servicio de transferencia inteligente en segundo plano (BITS) se cambió de inicio por solicitud a inicio automático."
"16/8/2025 7:38:15 a. m.","Información","Microsoft-Windows-WindowsUpdateClient","19","Instalación correcta: Windows instaló correctamente la siguiente actualización: Actualización de inteligencia de seguridad para Microsoft Defender Antivirus - KB2267602 (versión 1.435.221.0) - Canal actual (ampliado)"
"16/8/2025 7:38:10 a. m.","Información","Microsoft-Windows-Kernel-General","16","El historial de accesos en el subárbol \??\C:\ProgramData\Microsoft\Provisioning\Microsoft-Desktop-Provisioning-Sequence.dat se borró mediante la actualización de 0 claves y la creación de 0 páginas modificadas."
"16/8/2025 7:38:02 a. m.","Información","Microsoft-Windows-WindowsUpdateClient","43","Instalación iniciada: Windows comenzó a instalar la actualización siguiente: Actualización de inteligencia de seguridad para Microsoft Defender Antivirus - KB2267602 (versión 1.435.221.0) - Canal actual (ampliado)"
"16/8/2025 7:38:02 a. m.","Información","Microsoft-Windows-WindowsUpdateClient","44","Windows Update comenzó a descargar una actualización."
"16/8/2025 7:35:43 a. m.","Información","Microsoft-Windows-IsolatedUserMode","2","Secure Trustlet Id 6 and Pid 6304 stopped with status STATUS_SUCCESS."
"16/8/2025 7:32:57 a. m.","Información","Service Control Manager","7040","El tipo de inicio del servicio Servicio de transferencia inteligente en segundo plano (BITS) se cambió de inicio automático a inicio por solicitud."
"16/8/2025 7:32:34 a. m.","Información","Microsoft-Windows-Kernel-General","16","El historial de accesos en el subárbol \??\C:\Users\PCTIC-05\AppData\Local\Packages\Microsoft.DesktopAppInstaller_8wekyb3d8bbwe\Settings\settings.dat se borró mediante la actualización de 2 claves y la creación de 1 páginas modificadas."
"16/8/2025 7:32:32 a. m.","Información","Microsoft-Windows-Kernel-General","16","El historial de accesos en el subárbol \??\C:\ProgramData\Packages\Microsoft.DesktopAppInstaller_8wekyb3d8bbwe\S-1-5-21-72991934-2165796093-3938425774-1001\SystemAppData\Helium\Cache\ec89597a9f030062_COM15.dat se borró mediante la actualización de 1 claves y la creación de 1 páginas modificadas."
"16/8/2025 7:32:13 a. m.","Información","Microsoft-Windows-Kernel-General","16","El historial de accesos en el subárbol \??\C:\Users\PCTIC-05\AppData\Local\Packages\microsoft.windowscommunicationsapps_8wekyb3d8bbwe\Settings\settings.dat se borró mediante la actualización de 21 claves y la creación de 1 páginas modificadas."
"16/8/2025 7:29:36 a. m.","Información","Microsoft-Windows-Time-Service","35","El servicio de hora está sincronizando la hora del sistema con el origen de la hora time.windows.com,0x9 (ntp.m|0x9|0.0.0.0:123->40.119.6.228:123) con el id. de referencia 3825628968. El número de capa local actual es 4."
"16/8/2025 7:29:23 a. m.","Información","Microsoft-Windows-Time-Service","37","El proveedor de hora NtpClient está recibiendo datos de hora  válidos desde time.windows.com,0x9 (ntp.m|0x9|0.0.0.0:123->40.119.6.228:123)."
"16/8/2025 7:29:20 a. m.","Advertencia","Microsoft-Windows-DistributedCOM","10016","La configuración de permisos específico de la aplicación no concede el permiso Iniciar Local para la aplicación de servidor COM con CLSID 
Windows.SecurityCenter.WscDataProtection
 y APPID 
No disponible
 al usuario NT AUTHORITY\SYSTEM con SID (S-1-5-18) en la dirección LocalHost (con LRPC) que se ejecuta en el contenedor de aplicaciones con SID No disponible (No disponible). Este permiso de seguridad se puede modificar mediante la herramienta administrativa Servicios de componentes."
"16/8/2025 7:29:20 a. m.","Advertencia","Microsoft-Windows-DistributedCOM","10016","La configuración de permisos específico de la aplicación no concede el permiso Iniciar Local para la aplicación de servidor COM con CLSID 
Windows.SecurityCenter.WscBrokerManager
 y APPID 
No disponible
 al usuario NT AUTHORITY\SYSTEM con SID (S-1-5-18) en la dirección LocalHost (con LRPC) que se ejecuta en el contenedor de aplicaciones con SID No disponible (No disponible). Este permiso de seguridad se puede modificar mediante la herramienta administrativa Servicios de componentes."
"16/8/2025 7:29:20 a. m.","Advertencia","Microsoft-Windows-DistributedCOM","10016","La configuración de permisos específico de la aplicación no concede el permiso Iniciar Local para la aplicación de servidor COM con CLSID 
Windows.SecurityCenter.SecurityAppBroker
 y APPID 
No disponible
 al usuario NT AUTHORITY\SYSTEM con SID (S-1-5-18) en la dirección LocalHost (con LRPC) que se ejecuta en el contenedor de aplicaciones con SID No disponible (No disponible). Este permiso de seguridad se puede modificar mediante la herramienta administrativa Servicios de componentes."
"16/8/2025 7:29:20 a. m.","Información","Microsoft-Windows-Time-Service","158","El proveedor de hora 'VMICTimeProvider' ha indicado que el hardware y el entorno operativo actuales no son compatibles y se ha detenido. Este es un comportamiento esperado para VMICTimeProvider en entornos que no son invitados de HyperV. Este también podría ser el comportamiento esperado de este proveedor en el entorno operativo actual."
"16/8/2025 7:29:18 a. m.","Información","Microsoft-Windows-Kernel-General","16","El historial de accesos en el subárbol \??\C:\WINDOWS\ServiceProfiles\NetworkService\AppData\Local\Microsoft\Windows\DeliveryOptimization\State\dosvcState.dat se borró mediante la actualización de 24 claves y la creación de 5 páginas modificadas."
"16/8/2025 7:28:46 a. m.","Advertencia","Microsoft-Windows-DistributedCOM","10016","La configuración de permisos específico de la aplicación no concede el permiso Activación Local para la aplicación de servidor COM con CLSID 
{2593F8B9-4EAF-457C-B68A-50F6B8EA6B54}
 y APPID 
{15C20B67-12E7-4BB6-92BB-7AFF07997402}
 al usuario TICPC-05\PCTIC-05 con SID (S-1-5-21-72991934-2165796093-3938425774-1001) en la dirección LocalHost (con LRPC) que se ejecuta en el contenedor de aplicaciones con SID No disponible (No disponible). Este permiso de seguridad se puede modificar mediante la herramienta administrativa Servicios de componentes."
"16/8/2025 7:28:44 a. m.","Información","TPM","17","El hardware del Módulo de plataforma segura (TPM) no pudo ejecutar un comando de TPM."
"16/8/2025 7:28:43 a. m.","Información","TPM","17","El hardware del Módulo de plataforma segura (TPM) no pudo ejecutar un comando de TPM."
"16/8/2025 7:28:42 a. m.","Información","TPM","17","El hardware del Módulo de plataforma segura (TPM) no pudo ejecutar un comando de TPM."
"16/8/2025 7:28:40 a. m.","Información","TPM","17","El hardware del Módulo de plataforma segura (TPM) no pudo ejecutar un comando de TPM."
"16/8/2025 7:28:40 a. m.","Información","TPM","17","El hardware del Módulo de plataforma segura (TPM) no pudo ejecutar un comando de TPM."
"16/8/2025 7:28:39 a. m.","Información","TPM","17","El hardware del Módulo de plataforma segura (TPM) no pudo ejecutar un comando de TPM."
"16/8/2025 7:28:37 a. m.","Advertencia","Microsoft-Windows-DistributedCOM","10016","La configuración de permisos específico de la aplicación no concede el permiso Activación Local para la aplicación de servidor COM con CLSID 
{8BC3F05E-D86B-11D0-A075-00C04FB68820}
 y APPID 
{8BC3F05E-D86B-11D0-A075-00C04FB68820}
 al usuario TICPC-05\PCTIC-05 con SID (S-1-5-21-72991934-2165796093-3938425774-1001) en la dirección LocalHost (con LRPC) que se ejecuta en el contenedor de aplicaciones con SID No disponible (S-1-15-2-51900688-42479404-2855144312-1983493446-2019855709-1843592858-1786878640). Este permiso de seguridad se puede modificar mediante la herramienta administrativa Servicios de componentes."
"16/8/2025 7:28:28 a. m.","Advertencia","Microsoft-Windows-DistributedCOM","10016","La configuración de permisos específico de la aplicación no concede el permiso Activación Local para la aplicación de servidor COM con CLSID 
{2593F8B9-4EAF-457C-B68A-50F6B8EA6B54}
 y APPID 
{15C20B67-12E7-4BB6-92BB-7AFF07997402}
 al usuario TICPC-05\PCTIC-05 con SID (S-1-5-21-72991934-2165796093-3938425774-1001) en la dirección LocalHost (con LRPC) que se ejecuta en el contenedor de aplicaciones con SID MSTeams_25198.1109.3837.4725_x64__8wekyb3d8bbwe (No disponible). Este permiso de seguridad se puede modificar mediante la herramienta administrativa Servicios de componentes."
"16/8/2025 7:28:27 a. m.","Información","Microsoft-Windows-WindowsUpdateClient","19","Instalación correcta: Windows instaló correctamente la siguiente actualización: 2025-08 Actualización acumulativa para Windows 11 Version 24H2 para sistemas basados en x64 (KB5063878) (26100.4946)"
"16/8/2025 7:28:12 a. m.","Información","Microsoft-Windows-Kernel-General","16","El historial de accesos en el subárbol \??\C:\Users\PCTIC-05\AppData\Local\Packages\MSTeams_8wekyb3d8bbwe\Settings\settings.dat se borró mediante la actualización de 2 claves y la creación de 1 páginas modificadas."
"16/8/2025 7:28:12 a. m.","Información","Microsoft-Windows-Kernel-General","16","El historial de accesos en el subárbol \??\C:\Users\PCTIC-05\AppData\Local\Packages\MSTeams_8wekyb3d8bbwe\SystemAppData\Helium\User.dat se borró mediante la actualización de 46 claves y la creación de 6 páginas modificadas."
"16/8/2025 7:28:07 a. m.","Advertencia","Microsoft-Windows-DistributedCOM","10016","La configuración de permisos específico de la aplicación no concede el permiso Iniciar Local para la aplicación de servidor COM con CLSID 
Windows.SecurityCenter.WscCloudBackupProvider
 y APPID 
No disponible
 al usuario TICPC-05\PCTIC-05 con SID (S-1-5-21-72991934-2165796093-3938425774-1001) en la dirección LocalHost (con LRPC) que se ejecuta en el contenedor de aplicaciones con SID No disponible (No disponible). Este permiso de seguridad se puede modificar mediante la herramienta administrativa Servicios de componentes."
"16/8/2025 7:28:06 a. m.","Información","TPM","17","El hardware del Módulo de plataforma segura (TPM) no pudo ejecutar un comando de TPM."
"16/8/2025 7:28:06 a. m.","Información","TPM","17","El hardware del Módulo de plataforma segura (TPM) no pudo ejecutar un comando de TPM."
"16/8/2025 7:28:05 a. m.","Información","TPM","17","El hardware del Módulo de plataforma segura (TPM) no pudo ejecutar un comando de TPM."
