"7/8/2025 8:53:36 p. m.","Información","Microsoft-Windows-Kernel-Power","105","Cambio de fuente de energía."
"7/8/2025 8:15:38 p. m.","Información","Service Control Manager","7040","El tipo de inicio del servicio Servicio de transferencia inteligente en segundo plano (BITS) se cambió de inicio automático a inicio por solicitud."
"7/8/2025 8:13:32 p. m.","Información","Service Control Manager","7040","El tipo de inicio del servicio Servicio de transferencia inteligente en segundo plano (BITS) se cambió de inicio por solicitud a inicio automático."
"7/8/2025 8:12:13 p. m.","Información","Microsoft-Windows-Kernel-General","16","El historial de accesos en el subárbol \??\C:\Users\PCTIC-05\AppData\Local\Packages\Microsoft.MicrosoftEdge.Stable_8wekyb3d8bbwe\Settings\settings.dat se borró mediante la actualización de 1 claves y la creación de 1 páginas modificadas."
"7/8/2025 8:12:09 p. m.","Información","Microsoft-Windows-IsolatedUserMode","5","Secure Trustlet NULL Id 0 and Pid 0 started with status STATUS_SUCCESS."
"7/8/2025 8:12:09 p. m.","Información","Microsoft-Windows-IsolatedUserMode","2","Secure Trustlet Id 0 and Pid 0 stopped with status STATUS_SUCCESS."
"7/8/2025 7:54:11 p. m.","Información","Microsoft-Windows-WindowsUpdateClient","19","Instalación correcta: Windows instaló correctamente la siguiente actualización: 9NHT9RB2F4HD-Microsoft.Copilot"
"7/8/2025 7:54:08 p. m.","Información","Microsoft-Windows-WindowsUpdateClient","43","Instalación iniciada: Windows comenzó a instalar la actualización siguiente: 9NHT9RB2F4HD-Microsoft.Copilot"
"7/8/2025 7:52:59 p. m.","Información","Microsoft-Windows-WindowsUpdateClient","19","Instalación correcta: Windows instaló correctamente la siguiente actualización: Actualización de inteligencia de seguridad para Microsoft Defender Antivirus - KB2267602 (versión 1.435.45.0) - Canal actual (ampliado)"
"7/8/2025 7:52:56 p. m.","Información","Microsoft-Windows-WindowsUpdateClient","44","Windows Update comenzó a descargar una actualización."
"7/8/2025 7:52:33 p. m.","Información","Microsoft-Windows-WindowsUpdateClient","43","Instalación iniciada: Windows comenzó a instalar la actualización siguiente: Actualización de inteligencia de seguridad para Microsoft Defender Antivirus - KB2267602 (versión 1.435.45.0) - Canal actual (ampliado)"
"7/8/2025 7:52:29 p. m.","Información","Microsoft-Windows-WindowsUpdateClient","44","Windows Update comenzó a descargar una actualización."
"7/8/2025 7:32:02 p. m.","Advertencia","Netwtw10","6062","6062 - Lso was triggered"
"7/8/2025 7:31:59 p. m.","Información","Netwtw10","7021","7021 - Connection telemetry fields and analysis usage"
"7/8/2025 7:30:56 p. m.","Advertencia","Netwtw10","6062","6062 - Lso was triggered"
"7/8/2025 7:30:52 p. m.","Información","Netwtw10","7021","7021 - Connection telemetry fields and analysis usage"
"7/8/2025 7:30:48 p. m.","Información","Netwtw10","7023","7023 - secure boot debug logging Quasar"
"7/8/2025 7:30:48 p. m.","Información","Netwtw10","7017","7017 - secure boot (SB) configuration"
"7/8/2025 7:30:48 p. m.","Información","Netwtw10","7010","7010 - driver enabled (miniport init)"
"7/8/2025 7:30:48 p. m.","Información","Netwtw10","7002","7002 - CTDP power limit value (SPLC)"
"7/8/2025 7:30:48 p. m.","Información","Netwtw10","7005","7005 - SAR value max TX power (WRDS)"
"7/8/2025 7:30:48 p. m.","Información","Netwtw10","7006","7006 - SAR Geo delta value (WGDS)"
"7/8/2025 7:30:47 p. m.","Información","Netwtw10","7027","7027 - get Nic Manufacturere on init"
"7/8/2025 7:30:47 p. m.","Información","Netwtw10","7036","El servicio \Device\NDMP25 entró en estado Intel(R) Wi-Fi 6 AX201 160MHz."
"7/8/2025 7:30:47 p. m.","Información","Netwtw10","8000","8000 - Miniport Halt flow (driver disable)"
"7/8/2025 7:30:45 p. m.","Advertencia","Microsoft-Windows-WLAN-AutoConfig","4003","La configuración automática de WLAN detectó conectividad limitada, por lo que estamos intentando la recuperación automática.

Tipo de recuperación: 4
Código de error: 0x0
Motivo del desencadenador: 7
Familia de IP: 0
"
"7/8/2025 7:30:29 p. m.","Advertencia","Netwtw10","6062","6062 - Lso was triggered"
"7/8/2025 7:30:29 p. m.","Información","Netwtw10","7021","7021 - Connection telemetry fields and analysis usage"
"7/8/2025 7:30:21 p. m.","Advertencia","Microsoft-Windows-DNS-Client","1014","La resolución de nombres para el nombre geo.prod.do.dsp.mp.microsoft.com agotó el tiempo de espera después de que ninguno de los servidores DNS configurados respondiera. PID de cliente 13908."
"7/8/2025 7:30:15 p. m.","Advertencia","Netwtw10","6062","6062 - Lso was triggered"
"7/8/2025 7:30:13 p. m.","Información","Netwtw10","7021","7021 - Connection telemetry fields and analysis usage"
"7/8/2025 7:30:06 p. m.","Información","Netwtw10","7023","7023 - secure boot debug logging Quasar"
"7/8/2025 7:30:06 p. m.","Información","Netwtw10","7017","7017 - secure boot (SB) configuration"
"7/8/2025 7:30:06 p. m.","Información","Netwtw10","7010","7010 - driver enabled (miniport init)"
"7/8/2025 7:30:06 p. m.","Información","Netwtw10","7002","7002 - CTDP power limit value (SPLC)"
"7/8/2025 7:30:06 p. m.","Información","Netwtw10","7005","7005 - SAR value max TX power (WRDS)"
"7/8/2025 7:30:06 p. m.","Información","Netwtw10","7006","7006 - SAR Geo delta value (WGDS)"
"7/8/2025 7:30:05 p. m.","Información","Netwtw10","7027","7027 - get Nic Manufacturere on init"
"7/8/2025 7:30:05 p. m.","Información","Netwtw10","7036","El servicio \Device\NDMP23 entró en estado Intel(R) Wi-Fi 6 AX201 160MHz."
"7/8/2025 7:30:04 p. m.","Información","Netwtw10","8000","8000 - Miniport Halt flow (driver disable)"
"7/8/2025 7:30:02 p. m.","Advertencia","Microsoft-Windows-WLAN-AutoConfig","4003","La configuración automática de WLAN detectó conectividad limitada, por lo que estamos intentando la recuperación automática.

Tipo de recuperación: 4
Código de error: 0x0
Motivo del desencadenador: 5
Familia de IP: 0
"
"7/8/2025 7:29:47 p. m.","Información","Netwtw10","7021","7021 - Connection telemetry fields and analysis usage"
"7/8/2025 7:24:12 p. m.","Información","Microsoft-Windows-Kernel-General","16","El historial de accesos en el subárbol \??\C:\ProgramData\Microsoft\Windows\AppRepository\Packages\Microsoft.Edge.GameAssist_1.0.3456.0_x64__8wekyb3d8bbwe\ActivationStore.dat se borró mediante la actualización de 0 claves y la creación de 0 páginas modificadas."
"7/8/2025 7:20:42 p. m.","Información","Microsoft-Windows-Kernel-General","16","El historial de accesos en el subárbol \??\C:\Users\PCTIC-05\AppData\Local\Packages\Microsoft.WindowsFeedbackHub_8wekyb3d8bbwe\Settings\settings.dat se borró mediante la actualización de 2 claves y la creación de 1 páginas modificadas."
"7/8/2025 7:18:40 p. m.","Información","Service Control Manager","7040","El tipo de inicio del servicio Servicio de transferencia inteligente en segundo plano (BITS) se cambió de inicio automático a inicio por solicitud."
"7/8/2025 7:17:13 p. m.","Información","Microsoft-Windows-IsolatedUserMode","2","Secure Trustlet Id 6 and Pid 12284 stopped with status STATUS_SUCCESS."
"7/8/2025 7:12:54 p. m.","Información","nhi","9007","The driver entered RTD3.
 All the connected devices will be removed from driver's internal state, so it is expected that DeviceDisconnected events will happen."
"7/8/2025 7:12:49 p. m.","Información","nhi","9008","Driver exit RTD3.
 All the connected devices will now cause DeviceConnected events."
"7/8/2025 7:12:32 p. m.","Información","TPM","17","El hardware del Módulo de plataforma segura (TPM) no pudo ejecutar un comando de TPM."
"7/8/2025 7:12:17 p. m.","Información","Microsoft-Windows-TPM-WMI","1038","Las comprobaciones de estado de la atestación previa confirman que se espera que el dispositivo supere la atestación.
 Consulte C:\WINDOWS\Logs\MeasuredBoot\0000000032-0000000002.json para obtener información detallada sobre las comprobaciones realizadas."
"7/8/2025 7:12:17 p. m.","Información","Microsoft-Windows-TPM-WMI","1041","Información detallada sobre la comprobación del estado de la atestación previa: {""Version"":1,""HealthStatus"":""Attestable"",""Required"":[{""Field"":""TpmPresent"",""Value"":true,""DesiredValue"":true},{""Field"":""TpmMeetsMinimumVersion"",""Value"":true,""DesiredValue"":true},{""Field"":""TpmIsResponsive"",""Value"":true,""DesiredValue"":true},{""Field"":""EkCertIsAvailable"",""Value"":true,""DesiredValue"":true},{""Field"":""TcgLogFound"",""Value"":true,""DesiredValue"":true}],""Expected"":[{""Field"":""PcrsMatchTcgLog"",""Value"":true,""DesiredValue"":true}],""Informational"":[{""Field"":""SecureBootEnabled"",""ValueFromComputer"":true,""ValueFromTcgLog"":true,""DesiredValue"":true,""TcgValueIsVerifiable"":true},{""Field"":""VirtualSecureMemory"",""ValueFromComputer"":false,""ValueFromTcgLog"":false,""DesiredValue"":true,""TcgValueIsVerifiable"":true},{""Field"":""SecureCorePCCompliant"",""ValueFromComputer"":false,""ValueFromTcgLog"":false,""DesiredValue"":true,""TcgValueIsVerifiable"":true}]}"
"7/8/2025 7:12:17 p. m.","Información","Microsoft-Windows-Time-Service","37","El proveedor de hora NtpClient está recibiendo datos de hora  válidos desde time.windows.com,0x9 (ntp.m|0x9|0.0.0.0:123->40.119.6.228:123)."
"7/8/2025 7:12:12 p. m.","Información","nhi","9007","The driver entered RTD3.
 All the connected devices will be removed from driver's internal state, so it is expected that DeviceDisconnected events will happen."
"7/8/2025 7:12:09 p. m.","Advertencia","rt640x64","1","Realtek PCIe GbE Family Controller is disconnected from network."
"7/8/2025 7:12:08 p. m.","Información","Microsoft-Windows-Power-Troubleshooter","1","El sistema estaba en un estado de baja energía y se reanudó.

Hora de suspensión: ‎2025‎-‎08‎-‎07T09:49:02.007150500Z
Hora de reactivación: ‎2025‎-‎08‎-‎07T23:12:07.323061100Z

Origen de la reactivación: Unknown"
"7/8/2025 7:12:07 p. m.","Información","Microsoft-Windows-Kernel-Power","566","La sesión del sistema ha cambiado de 20 a 22.

Motivo PolicyChange 

BootId: 11"
"7/8/2025 7:12:07 p. m.","Información","Microsoft-Windows-Kernel-Power","507","El sistema está saliendo del modo de espera moderno 

motivo: Lid. "
"7/8/2025 7:12:07 p. m.","Información","Microsoft-Windows-Kernel-Power","506","El sistema está entrando en el modo de espera moderno 

motivo: Sleep, Hibernate, or Shutdown. "
"7/8/2025 7:12:07 p. m.","Información","Microsoft-Windows-Kernel-Power","566","La sesión del sistema ha cambiado de 19 a 20.

Motivo SxTransition 

BootId: 11"
"7/8/2025 7:12:07 p. m.","Información","Microsoft-Windows-Kernel-Boot","247","No se puede cargar el firmware de Pluton-Windows. StatusCode: STATUS_SUCCESS, Motivo: Failed to apply firmware."
"7/8/2025 7:12:07 p. m.","Información","Microsoft-Windows-Kernel-Boot","27","El tipo de arranque fue 0x2."
"7/8/2025 7:12:07 p. m.","Información","Microsoft-Windows-Kernel-Boot","25","La directiva del menú de arranque fue 0x0."
"7/8/2025 7:12:07 p. m.","Información","Microsoft-Windows-Kernel-Boot","32","Bootmgr esperó la entrada del usuario durante 0 ms."
"7/8/2025 7:12:07 p. m.","Información","Microsoft-Windows-Kernel-Boot","18","Existen 0x1 opciones de arranque en este sistema."
"7/8/2025 7:12:07 p. m.","Información","Microsoft-Windows-Kernel-Boot","30","El firmware notificó métricas de arranque."
"7/8/2025 7:12:07 p. m.","Información","Netwtw10","7021","7021 - Connection telemetry fields and analysis usage"
"7/8/2025 7:12:07 p. m.","Información","Intel-SST-OED","28","Loaded DSP FW library: \??\C:\WINDOWS\System32\DriverStore\FileRepository\intcoed_oemlibpath.inf_amd64_69401f7e35684734\tgl_maxx_audio_pro.bin, status = STATUS_SUCCESS."
"7/8/2025 7:12:07 p. m.","Error","Microsoft-Windows-NDIS","10317","Minipuerto Microsoft Wi-Fi Direct Virtual Adapter #2, {79f38f0f-3b2e-4931-b16b-3a5d8eb7dab9}, tuvo el evento Fatal error: The miniport has failed a power transition to operational power"
"7/8/2025 7:12:07 p. m.","Información","Intel-SST-OED","28","Loaded DSP FW library: Libs\dsp_lib_whm_tgl_release.bin, status = STATUS_SUCCESS."
"7/8/2025 7:12:07 p. m.","Información","Netwtw10","7023","7023 - secure boot debug logging Quasar"
"7/8/2025 7:12:07 p. m.","Información","Intel-SST-OED","28","Loaded DSP FW library: Libs\dsp_lib_intel_wov_tgl_release.bin, status = STATUS_SUCCESS."
"7/8/2025 7:12:06 p. m.","Información","WiManH","2",
"7/8/2025 7:12:06 p. m.","Información","Netwtw10","7025","7025 - Dump after return from D3 before cmd "
"7/8/2025 7:12:06 p. m.","Advertencia","TPM","30","El recuento de restablecimiento y/o reanudación no coinciden con los valores esperados después de hibernar o reanudar."
"7/8/2025 7:12:06 p. m.","Advertencia","Win32k","701","Administrador de energía no solicitó la supresión de todas las entradas (INPUT_SUPPRESS_REQUEST = 0)"
"7/8/2025 7:12:06 p. m.","Advertencia","Win32k","701","Administrador de energía no solicitó la supresión de todas las entradas (INPUT_SUPPRESS_REQUEST = 0)"
"7/8/2025 7:12:06 p. m.","Información","Microsoft-Windows-Kernel-General","1","La hora del sistema ha cambiado a ‎2025‎-‎08‎-‎07T23:12:06.500000000Z de ‎2025‎-‎08‎-‎07T09:49:06.497638000Z.
Diferencia horaria: 48180002 ms

Motivo del cambio: System time synchronized with the hardware clock.
Proceso: '' (PID 4).

Hora de RTC: ‎2025‎-‎08‎-‎07T19:12:06.500000000Z
Diferencia de zona horaria actual: 240
hora RTC es UTC: false
La hora del sistema se basaba en la hora RTC: false"
"7/8/2025 5:49:06 a. m.","Información","Microsoft-Windows-Kernel-Power","107","El sistema se reanudó del estado de suspensión."
"7/8/2025 7:12:07 p. m.","Información","EventLog","6013","El tiempo límite del sistema es de 155576 segundos."
"7/8/2025 5:49:04 a. m.","Advertencia","Netwtw10","6062","6062 - Lso was triggered"
"7/8/2025 5:49:03 a. m.","Información","Microsoft-Windows-Kernel-Power","42","El sistema está entrando en suspensión.

Motivo de la suspensión: Hibernate from Sleep - Standby Battery Budget Exceeded"
"7/8/2025 5:49:03 a. m.","Información","Microsoft-Windows-Kernel-Power","40","El controlador \Driver\ACPI del dispositivo  detuvo la transición de energía."
"7/8/2025 5:49:03 a. m.","Información","nhi","9008","Driver exit RTD3.
 All the connected devices will now cause DeviceConnected events."
"7/8/2025 5:49:02 a. m.","Información","Netwtw10","7021","7021 - Connection telemetry fields and analysis usage"
"7/8/2025 5:49:02 a. m.","Información","Microsoft-Windows-Kernel-Power","566","La sesión del sistema ha cambiado de 18 a 19.

Motivo SxTransition 

BootId: 11"
"7/8/2025 5:49:02 a. m.","Información","Microsoft-Windows-Kernel-Power","507","El sistema está saliendo del modo de espera moderno 

motivo: Sleep, Hibernate, or Shutdown. "
"7/8/2025 5:49:02 a. m.","Información","Microsoft-Windows-Kernel-Power","172","Estado de conectividad en modo de espera: Connected. Motivo: None"
"7/8/2025 5:49:01 a. m.","Información","Netwtw10","7026","7026 - Dump after return from D3 after cmd"
"7/8/2025 5:49:01 a. m.","Información","Netwtw10","7025","7025 - Dump after return from D3 before cmd "
"7/8/2025 4:04:09 a. m.","Información","Microsoft-Windows-Kernel-Power","172","Estado de conectividad en modo de espera: Disconnected. Motivo: Policy Setting"
"7/8/2025 4:04:03 a. m.","Información","Microsoft-Windows-IsolatedUserMode","1","Secure Trustlet \??\C:\WINDOWS\System32\NgcIso.exe Id 6 and Pid 12284 started with status STATUS_SUCCESS."
"7/8/2025 4:04:03 a. m.","Información","Microsoft-Windows-IsolatedUserMode","5","Secure Trustlet NULL Id 0 and Pid 0 started with status STATUS_SUCCESS."
"7/8/2025 4:04:02 a. m.","Información","Microsoft-Windows-Kernel-Power","566","La sesión del sistema ha cambiado de 17 a 18.

Motivo 55 

BootId: 11"
"7/8/2025 4:03:57 a. m.","Información","Microsoft-Windows-Kernel-Power","506","El sistema está entrando en el modo de espera moderno 

motivo: Austerity Battery Drain Budget Exceeded. "
"7/8/2025 4:03:57 a. m.","Información","Microsoft-Windows-Kernel-Power","566","La sesión del sistema ha cambiado de 16 a 17.

Motivo 55 

BootId: 11"
"7/8/2025 4:03:57 a. m.","Información","Microsoft-Windows-Kernel-Power","507","El sistema está saliendo del modo de espera moderno 

motivo: Austerity Battery Drain Budget Exceeded. "
"7/8/2025 4:03:57 a. m.","Información","Microsoft-Windows-Kernel-Power","172","Estado de conectividad en modo de espera: Connected. Motivo: None"
"7/8/2025 4:03:57 a. m.","Información","Netwtw10","7026","7026 - Dump after return from D3 after cmd"
"7/8/2025 4:03:57 a. m.","Información","Netwtw10","7025","7025 - Dump after return from D3 before cmd "
"7/8/2025 3:46:30 a. m.","Información","nhi","9007","The driver entered RTD3.
 All the connected devices will be removed from driver's internal state, so it is expected that DeviceDisconnected events will happen."
"7/8/2025 3:46:20 a. m.","Información","Netwtw10","7026","7026 - Dump after return from D3 after cmd"
"7/8/2025 3:46:20 a. m.","Información","Netwtw10","7025","7025 - Dump after return from D3 before cmd "
"7/8/2025 3:46:20 a. m.","Información","nhi","9008","Driver exit RTD3.
 All the connected devices will now cause DeviceConnected events."
"7/8/2025 3:41:42 a. m.","Información","Microsoft-Windows-Kernel-Power","172","Estado de conectividad en modo de espera: Disconnected. Motivo: Adaptive Connected Standby"
"7/8/2025 3:41:36 a. m.","Información","Microsoft-Windows-Kernel-General","1","La hora del sistema ha cambiado a ‎2025‎-‎08‎-‎07T07:41:36.443201800Z de ‎2025‎-‎08‎-‎07T07:41:36.442684800Z.
Diferencia horaria: 0 ms

Motivo del cambio: An application or system component changed the time.
Proceso: '\Device\HarddiskVolume3\Windows\System32\svchost.exe' (PID 4560).

Hora de RTC: ‎2025‎-‎08‎-‎07T03:41:36.443201800Z
Diferencia de zona horaria actual: 240
hora RTC es UTC: false
La hora del sistema se basaba en la hora RTC: false"
"7/8/2025 3:41:36 a. m.","Error","Microsoft-Windows-HAL","21","No se estableció el reloj en tiempo real de hardware debido a un error en la evaluación del método de dispositivo de alarma y hora ACPI.  Estado: 0xC00000BB."
"7/8/2025 3:41:36 a. m.","Error","Microsoft-Windows-HAL","20","No se consultó el reloj en tiempo real de hardware debido a un error en la evaluación del método de dispositivo de alarma y hora ACPI.  Estado: 0xC00000BB."
"7/8/2025 3:41:36 a. m.","Información","Microsoft-Windows-Kernel-General","24","La información de zona horaria se actualizó con el motivo de salida 0. La diferencia de zona horaria actual es 240."
"7/8/2025 3:41:36 a. m.","Información","Microsoft-Windows-Kernel-Power","566","La sesión del sistema ha cambiado de 15 a 16.

Motivo PolicyChange 

BootId: 11"
"7/8/2025 3:41:33 a. m.","Advertencia","Win32k","700","Administrador de energía solicitó la supresión de todas las entradas (INPUT_SUPPRESS_REQUEST = 1)"
"7/8/2025 3:41:33 a. m.","Advertencia","Win32k","700","Administrador de energía solicitó la supresión de todas las entradas (INPUT_SUPPRESS_REQUEST = 1)"
"7/8/2025 3:41:33 a. m.","Información","Microsoft-Windows-Kernel-Power","506","El sistema está entrando en el modo de espera moderno 

motivo: Lid. "
"7/8/2025 3:41:33 a. m.","Información","Microsoft-Windows-Kernel-Power","566","La sesión del sistema ha cambiado de 14 a 15.

Motivo PolicyChange 

BootId: 11"
"7/8/2025 3:40:39 a. m.","Información","Service Control Manager","7040","El tipo de inicio del servicio Servicio de transferencia inteligente en segundo plano (BITS) se cambió de inicio por solicitud a inicio automático."
"7/8/2025 3:28:30 a. m.","Información","Microsoft-Windows-Kernel-Power","105","Cambio de fuente de energía."
"7/8/2025 3:25:15 a. m.","Información","Service Control Manager","7045","Se instaló un servicio en el sistema.

Nombre del servicio:  KslD
Nombre del archivo del servicio:  system32\drivers\wd\KslD.sys
Tipo de servicio:  controlador de modo kernel
Tipo de inicio de servicio:  inicio por solicitud
Cuenta de servicio:  "
"7/8/2025 3:25:15 a. m.","Información","Microsoft-Windows-WindowsUpdateClient","19","Instalación correcta: Windows instaló correctamente la siguiente actualización: Actualización para la plataforma antimalware Microsoft Defender Antivirus: KB4052623 (versión 4.18.25070.5) - Canal actual (ampliado)"
"7/8/2025 3:25:15 a. m.","Información","Service Control Manager","7045","Se instaló un servicio en el sistema.

Nombre del servicio:  MpKsla58b375d
Nombre del archivo del servicio:  C:\ProgramData\Microsoft\Windows Defender\Definition Updates\{F5AE3396-F530-4B0B-B3F2-8BE60384E578}\MpKslDrv.sys
Tipo de servicio:  controlador de modo kernel
Tipo de inicio de servicio:  inicio por solicitud
Cuenta de servicio:  "
"7/8/2025 3:25:05 a. m.","Información","Microsoft-Windows-FilterManager","6","Filtro de sistema de archivos 'WdFilter' (10.0, ‎2020‎-‎11‎-‎18T13:24:15.000000000Z) correctamente cargado y registrado con el administrador de filtros."
"7/8/2025 3:24:57 a. m.","Información","Microsoft-Windows-FilterManager","1","Filtro de sistema de archivos 'WdFilter' (Versión 10.0, ‎2020‎-‎04‎-‎16T04:35:56.000000000Z) correctamente descargado."
"7/8/2025 3:24:33 a. m.","Información","Microsoft-Windows-WindowsUpdateClient","43","Instalación iniciada: Windows comenzó a instalar la actualización siguiente: Actualización para la plataforma antimalware Microsoft Defender Antivirus: KB4052623 (versión 4.18.25070.5) - Canal actual (ampliado)"
"7/8/2025 3:24:12 a. m.","Información","Microsoft-Windows-WindowsUpdateClient","19","Instalación correcta: Windows instaló correctamente la siguiente actualización: Actualización de inteligencia de seguridad para Microsoft Defender Antivirus - KB2267602 (versión 1.435.31.0) - Canal actual (ampliado)"
"7/8/2025 3:24:00 a. m.","Información","Microsoft-Windows-WindowsUpdateClient","43","Instalación iniciada: Windows comenzó a instalar la actualización siguiente: Actualización de inteligencia de seguridad para Microsoft Defender Antivirus - KB2267602 (versión 1.435.31.0) - Canal actual (ampliado)"
"7/8/2025 3:24:00 a. m.","Información","Microsoft-Windows-WindowsUpdateClient","44","Windows Update comenzó a descargar una actualización."
"7/8/2025 3:24:00 a. m.","Información","Microsoft-Windows-WindowsUpdateClient","44","Windows Update comenzó a descargar una actualización."
"7/8/2025 3:24:00 a. m.","Información","Microsoft-Windows-WindowsUpdateClient","44","Windows Update comenzó a descargar una actualización."
"7/8/2025 1:41:36 a. m.","Información","Microsoft-Windows-Time-Service","37","El proveedor de hora NtpClient está recibiendo datos de hora  válidos desde time.windows.com,0x9 (ntp.m|0x9|0.0.0.0:123->40.119.6.228:123)."
"7/8/2025 1:12:18 a. m.","Advertencia","Microsoft-Windows-DNS-Client","1014","La resolución de nombres para el nombre discord.com agotó el tiempo de espera después de que ninguno de los servidores DNS configurados respondiera. PID de cliente 8488."
"7/8/2025 1:12:00 a. m.","Advertencia","Microsoft-Windows-DNS-Client","1014","La resolución de nombres para el nombre go.trouter.teams.microsoft.com agotó el tiempo de espera después de que ninguno de los servidores DNS configurados respondiera. PID de cliente 13552."
"7/8/2025 1:11:48 a. m.","Advertencia","Microsoft-Windows-DNS-Client","1014","La resolución de nombres para el nombre outlook.office.com agotó el tiempo de espera después de que ninguno de los servidores DNS configurados respondiera. PID de cliente 8488."
"7/8/2025 1:11:47 a. m.","Advertencia","Microsoft-Windows-DNS-Client","1014","La resolución de nombres para el nombre pus8-collabhubrtc.officeapps.live.com agotó el tiempo de espera después de que ninguno de los servidores DNS configurados respondiera. PID de cliente 12148."
"7/8/2025 1:11:46 a. m.","Información","Netwtw10","7021","7021 - Connection telemetry fields and analysis usage"
"7/8/2025 1:11:42 a. m.","Información","Netwtw10","7023","7023 - secure boot debug logging Quasar"
"7/8/2025 1:11:42 a. m.","Información","Netwtw10","7017","7017 - secure boot (SB) configuration"
"7/8/2025 1:11:42 a. m.","Información","Netwtw10","7010","7010 - driver enabled (miniport init)"
"7/8/2025 1:11:42 a. m.","Información","Netwtw10","7002","7002 - CTDP power limit value (SPLC)"
"7/8/2025 1:11:42 a. m.","Información","Netwtw10","7005","7005 - SAR value max TX power (WRDS)"
"7/8/2025 1:11:42 a. m.","Información","Netwtw10","7006","7006 - SAR Geo delta value (WGDS)"
"7/8/2025 1:11:42 a. m.","Información","Netwtw10","7027","7027 - get Nic Manufacturere on init"
"7/8/2025 1:11:42 a. m.","Información","Netwtw10","7036","El servicio \Device\NDMP19 entró en estado Intel(R) Wi-Fi 6 AX201 160MHz."
"7/8/2025 1:11:42 a. m.","Información","Netwtw10","8000","8000 - Miniport Halt flow (driver disable)"
"7/8/2025 1:11:39 a. m.","Advertencia","Microsoft-Windows-WLAN-AutoConfig","4003","La configuración automática de WLAN detectó conectividad limitada, por lo que estamos intentando la recuperación automática.

Tipo de recuperación: 4
Código de error: 0x0
Motivo del desencadenador: 7
Familia de IP: 0
"
"7/8/2025 1:11:31 a. m.","Advertencia","Microsoft-Windows-DNS-Client","1014","La resolución de nombres para el nombre kv601.prod.do.dsp.mp.microsoft.com agotó el tiempo de espera después de que ninguno de los servidores DNS configurados respondiera. PID de cliente 13908."
"7/8/2025 1:11:23 a. m.","Información","Netwtw10","7021","7021 - Connection telemetry fields and analysis usage"
"7/8/2025 1:11:19 a. m.","Advertencia","Microsoft-Windows-DNS-Client","1014","La resolución de nombres para el nombre pub-ent-uswe-12-t.trouter.teams.microsoft.com agotó el tiempo de espera después de que ninguno de los servidores DNS configurados respondiera. PID de cliente 13552."
"7/8/2025 1:11:13 a. m.","Información","Microsoft-Windows-Hyper-V-VmSwitch","232","NIC C08CB7B8-9B3C-408E-8E30-5E16A3AEB445 (Friendly Name: Default Switch) successfully connected to port C08CB7B8-9B3C-408E-8E30-5E16A3AEB445 (Friendly Name: Host Vnic C08CB7B8-9B3C-408E-8E30-5E16A3AEB444) on switch C08CB7B8-9B3C-408E-8E30-5E16A3AEB444(Friendly Name: Default Switch)."
"7/8/2025 1:11:13 a. m.","Información","Microsoft-Windows-Hyper-V-VmSwitch","291","Descarga de RSC modificada para la C08CB7B8-9B3C-408E-8E30-5E16A3AEB445 NIC (nombre descriptivo: Default Switch) IPv4 anterior: Habilitado, IPv4 actual: Habilitado, IPv6 anterior: Habilitado, IPv6 actual: Habilitado. Motivo: OID de RSC"
"7/8/2025 1:11:13 a. m.","Información","Microsoft-Windows-Hyper-V-VmSwitch","291","Descarga de RSC modificada para la C08CB7B8-9B3C-408E-8E30-5E16A3AEB445 NIC (nombre descriptivo: Default Switch) IPv4 anterior: Deshabilitado, IPv4 actual: Habilitado, IPv6 anterior: Deshabilitado, IPv6 actual: Habilitado. Motivo: OID de RSC"
"7/8/2025 1:11:13 a. m.","Información","Microsoft-Windows-Hyper-V-VmSwitch","233","La operación ' Habilitar el adaptador de red ligero ' se realizó correctamente en la NIC C08CB7B8-9B3C-408E-8E30-5E16A3AEB445 (nombre descriptivo: Default Switch) e ID. de instancia {00000000-0000-0000-0000-000000000000}. "
"7/8/2025 1:11:13 a. m.","Información","Microsoft-Windows-Hyper-V-VmSwitch","7","Miniport NIC C08CB7B8-9B3C-408E-8E30-5E16A3AEB445 (Friendly Name: Default Switch) successfully initialized."
"7/8/2025 1:11:13 a. m.","Información","Microsoft-Windows-Hyper-V-VmSwitch","291","Descarga de RSC modificada para la C08CB7B8-9B3C-408E-8E30-5E16A3AEB445 NIC (nombre descriptivo: Default Switch) IPv4 anterior: Habilitado, IPv4 actual: Deshabilitado, IPv6 anterior: Habilitado, IPv6 actual: Deshabilitado. Motivo: Inicio de NIC"
"7/8/2025 1:11:13 a. m.","Información","Microsoft-Windows-Hyper-V-VmSwitch","233","La operación ' Deshabilitar el adaptador de red ligero ' se realizó correctamente en la NIC C08CB7B8-9B3C-408E-8E30-5E16A3AEB445 (nombre descriptivo: Default Switch) e ID. de instancia {00000000-0000-0000-0000-000000000000}. "
"7/8/2025 1:11:12 a. m.","Información","Microsoft-Windows-Hyper-V-VmSwitch","234","NIC C08CB7B8-9B3C-408E-8E30-5E16A3AEB445 successfully disconnected from port ."
"7/8/2025 1:11:07 a. m.","Información","Netwtw10","7021","7021 - Connection telemetry fields and analysis usage"
"7/8/2025 12:10:23 a. m.","Información","Service Control Manager","7040","El tipo de inicio del servicio Servicio de transferencia inteligente en segundo plano (BITS) se cambió de inicio automático a inicio por solicitud."
"7/8/2025 12:08:18 a. m.","Información","Service Control Manager","7040","El tipo de inicio del servicio Servicio de transferencia inteligente en segundo plano (BITS) se cambió de inicio por solicitud a inicio automático."
"6/8/2025 11:42:36 p. m.","Información","Service Control Manager","7040","El tipo de inicio del servicio Servicio de transferencia inteligente en segundo plano (BITS) se cambió de inicio automático a inicio por solicitud."
"6/8/2025 11:40:32 p. m.","Información","Service Control Manager","7040","El tipo de inicio del servicio Servicio de transferencia inteligente en segundo plano (BITS) se cambió de inicio por solicitud a inicio automático."
"6/8/2025 11:29:12 p. m.","Información","Microsoft-Windows-Kernel-Power","105","Cambio de fuente de energía."
"6/8/2025 11:24:17 p. m.","Información","Netwtw10","7021","7021 - Connection telemetry fields and analysis usage"
"6/8/2025 8:45:19 p. m.","Información","Service Control Manager","7040","El tipo de inicio del servicio Servicio de transferencia inteligente en segundo plano (BITS) se cambió de inicio automático a inicio por solicitud."
"6/8/2025 8:43:14 p. m.","Información","Service Control Manager","7040","El tipo de inicio del servicio Servicio de transferencia inteligente en segundo plano (BITS) se cambió de inicio por solicitud a inicio automático."
"6/8/2025 8:05:12 p. m.","Información","Microsoft-Windows-Kernel-Power","105","Cambio de fuente de energía."
"6/8/2025 7:21:33 p. m.","Información","Microsoft-Windows-Kernel-General","16","El historial de accesos en el subárbol \??\C:\ProgramData\Packages\Microsoft.DesktopAppInstaller_8wekyb3d8bbwe\S-1-5-21-72991934-2165796093-3938425774-1001\SystemAppData\Helium\Cache\ec89597a9f030062_COM15.dat se borró mediante la actualización de 1 claves y la creación de 1 páginas modificadas."
"6/8/2025 7:18:39 p. m.","Información","Service Control Manager","7040","El tipo de inicio del servicio Servicio de transferencia inteligente en segundo plano (BITS) se cambió de inicio automático a inicio por solicitud."
"6/8/2025 7:16:27 p. m.","Información","Netwtw10","7021","7021 - Connection telemetry fields and analysis usage"
"6/8/2025 7:16:25 p. m.","Información","Netwtw10","7021","7021 - Connection telemetry fields and analysis usage"
"6/8/2025 7:15:27 p. m.","Información","Netwtw10","7021","7021 - Connection telemetry fields and analysis usage"
"6/8/2025 7:15:19 p. m.","Información","Netwtw10","7021","7021 - Connection telemetry fields and analysis usage"
"6/8/2025 7:15:15 p. m.","Información","Netwtw10","7021","7021 - Connection telemetry fields and analysis usage"
"6/8/2025 7:15:02 p. m.","Información","Service Control Manager","7040","El tipo de inicio del servicio Servicio de transferencia inteligente en segundo plano (BITS) se cambió de inicio por solicitud a inicio automático."
"6/8/2025 6:51:51 p. m.","Información","Netwtw10","7021","7021 - Connection telemetry fields and analysis usage"
"6/8/2025 5:50:34 p. m.","Información","Microsoft-Windows-Kernel-Power","105","Cambio de fuente de energía."
"6/8/2025 5:14:18 p. m.","Información","Service Control Manager","7040","El tipo de inicio del servicio Servicio de transferencia inteligente en segundo plano (BITS) se cambió de inicio automático a inicio por solicitud."
"6/8/2025 5:11:58 p. m.","Información","Service Control Manager","7040","El tipo de inicio del servicio Servicio de transferencia inteligente en segundo plano (BITS) se cambió de inicio por solicitud a inicio automático."
"6/8/2025 4:42:47 p. m.","Información","Service Control Manager","7040","El tipo de inicio del servicio Servicio de transferencia inteligente en segundo plano (BITS) se cambió de inicio automático a inicio por solicitud."
"6/8/2025 4:40:37 p. m.","Información","Service Control Manager","7040","El tipo de inicio del servicio Servicio de transferencia inteligente en segundo plano (BITS) se cambió de inicio por solicitud a inicio automático."
"6/8/2025 4:35:29 p. m.","Información","Microsoft-Windows-Time-Service","35","El servicio de hora está sincronizando la hora del sistema con el origen de la hora time.windows.com,0x9 (ntp.m|0x9|0.0.0.0:123->40.119.6.228:123) con el id. de referencia 3825628968. El número de capa local actual es 4."
"6/8/2025 4:35:29 p. m.","Información","Microsoft-Windows-Time-Service","37","El proveedor de hora NtpClient está recibiendo datos de hora  válidos desde time.windows.com,0x9 (ntp.m|0x9|0.0.0.0:123->40.119.6.228:123)."
"6/8/2025 4:34:39 p. m.","Información","Netwtw10","7021","7021 - Connection telemetry fields and analysis usage"
"6/8/2025 3:17:43 p. m.","Información","Microsoft-Windows-WindowsUpdateClient","19","Instalación correcta: Windows instaló correctamente la siguiente actualización: 9WZDNCRD29V9-MICROSOFT.MICROSOFTOFFICEHUB"
"6/8/2025 3:17:41 p. m.","Información","Microsoft-Windows-Kernel-General","16","El historial de accesos en el subárbol \??\C:\Users\PCTIC-05\AppData\Local\Packages\Microsoft.MicrosoftOfficeHub_8wekyb3d8bbwe\Settings\settings.dat se borró mediante la actualización de 1 claves y la creación de 1 páginas modificadas."
"6/8/2025 3:17:40 p. m.","Información","Microsoft-Windows-WindowsUpdateClient","43","Instalación iniciada: Windows comenzó a instalar la actualización siguiente: 9WZDNCRD29V9-MICROSOFT.MICROSOFTOFFICEHUB"
"6/8/2025 3:17:38 p. m.","Información","Microsoft-Windows-Kernel-General","16","El historial de accesos en el subárbol \??\C:\ProgramData\Microsoft\Windows\AppRepository\Packages\Microsoft.MicrosoftOfficeHub_19.2508.31121.0_x64__8wekyb3d8bbwe\ActivationStore.dat se borró mediante la actualización de 0 claves y la creación de 0 páginas modificadas."
"6/8/2025 3:17:07 p. m.","Información","Microsoft-Windows-WindowsUpdateClient","19","Instalación correcta: Windows instaló correctamente la siguiente actualización: Actualización de inteligencia de seguridad para Microsoft Defender Antivirus - KB2267602 (versión 1.435.18.0) - Canal actual (ampliado)"
"6/8/2025 3:16:57 p. m.","Información","Microsoft-Windows-WindowsUpdateClient","19","Instalación correcta: Windows instaló correctamente la siguiente actualización: 9PC1H9VN18CM-Microsoft.StartExperiencesApp"
"6/8/2025 3:16:55 p. m.","Información","Microsoft-Windows-Kernel-General","16","El historial de accesos en el subárbol \??\C:\Users\PCTIC-05\AppData\Local\Packages\Microsoft.StartExperiencesApp_8wekyb3d8bbwe\Settings\settings.dat se borró mediante la actualización de 3 claves y la creación de 1 páginas modificadas."
"6/8/2025 3:16:54 p. m.","Información","Microsoft-Windows-WindowsUpdateClient","43","Instalación iniciada: Windows comenzó a instalar la actualización siguiente: 9PC1H9VN18CM-Microsoft.StartExperiencesApp"
"6/8/2025 3:16:50 p. m.","Información","Microsoft-Windows-Kernel-General","16","El historial de accesos en el subárbol \??\C:\ProgramData\Microsoft\Windows\AppRepository\Packages\Microsoft.StartExperiencesApp_1.87.0.0_x64__8wekyb3d8bbwe\ActivationStore.dat se borró mediante la actualización de 0 claves y la creación de 0 páginas modificadas."
"6/8/2025 3:16:23 p. m.","Información","Microsoft-Windows-WindowsUpdateClient","44","Windows Update comenzó a descargar una actualización."
"6/8/2025 3:16:23 p. m.","Información","Microsoft-Windows-WindowsUpdateClient","44","Windows Update comenzó a descargar una actualización."
"6/8/2025 3:15:19 p. m.","Información","Microsoft-Windows-WindowsUpdateClient","43","Instalación iniciada: Windows comenzó a instalar la actualización siguiente: Actualización de inteligencia de seguridad para Microsoft Defender Antivirus - KB2267602 (versión 1.435.18.0) - Canal actual (ampliado)"
"6/8/2025 3:15:00 p. m.","Información","Microsoft-Windows-WindowsUpdateClient","44","Windows Update comenzó a descargar una actualización."
"6/8/2025 3:14:37 p. m.","Información","Microsoft-Windows-Kernel-General","16","El historial de accesos en el subárbol \??\C:\Users\PCTIC-05\AppData\Local\Packages\microsoft.xboxgamingoverlay_8wekyb3d8bbwe\AC\GEH\POF.dat se borró mediante la actualización de 1 claves y la creación de 1 páginas modificadas."
"6/8/2025 3:14:37 p. m.","Información","Microsoft-Windows-Kernel-General","16","El historial de accesos en el subárbol \??\C:\Users\PCTIC-05\AppData\Local\Packages\Microsoft.XboxGamingOverlay_8wekyb3d8bbwe\Settings\settings.dat se borró mediante la actualización de 5 claves y la creación de 1 páginas modificadas."
"6/8/2025 3:06:31 p. m.","Información","Microsoft-Windows-IsolatedUserMode","5","Secure Trustlet NULL Id 0 and Pid 0 started with status STATUS_SUCCESS."
"6/8/2025 3:06:31 p. m.","Información","Microsoft-Windows-IsolatedUserMode","2","Secure Trustlet Id 0 and Pid 0 stopped with status STATUS_SUCCESS."
"6/8/2025 3:05:02 p. m.","Información","Microsoft-Windows-IsolatedUserMode","2","Secure Trustlet Id 6 and Pid 19256 stopped with status STATUS_SUCCESS."
"6/8/2025 3:02:05 p. m.","Advertencia","Microsoft-Windows-DNS-Client","1014","La resolución de nombres para el nombre watson.events.data.microsoft.com agotó el tiempo de espera después de que ninguno de los servidores DNS configurados respondiera. PID de cliente 6384."
"6/8/2025 3:00:20 p. m.","Información","Service Control Manager","7040","El tipo de inicio del servicio Servicio de transferencia inteligente en segundo plano (BITS) se cambió de inicio automático a inicio por solicitud."
"6/8/2025 3:00:12 p. m.","Advertencia","Microsoft-Windows-DistributedCOM","10016","La configuración de permisos específico de la aplicación no concede el permiso Activación Local para la aplicación de servidor COM con CLSID 
{2593F8B9-4EAF-457C-B68A-50F6B8EA6B54}
 y APPID 
{15C20B67-12E7-4BB6-92BB-7AFF07997402}
 al usuario TICPC-05\PCTIC-05 con SID (S-1-5-21-72991934-2165796093-3938425774-1001) en la dirección LocalHost (con LRPC) que se ejecuta en el contenedor de aplicaciones con SID No disponible (No disponible). Este permiso de seguridad se puede modificar mediante la herramienta administrativa Servicios de componentes."
"6/8/2025 2:57:11 p. m.","Información","Service Control Manager","7040","El tipo de inicio del servicio Servicio de transferencia inteligente en segundo plano (BITS) se cambió de inicio por solicitud a inicio automático."
"6/8/2025 2:57:05 p. m.","Información","Microsoft-Windows-TPM-WMI","1038","Las comprobaciones de estado de la atestación previa confirman que se espera que el dispositivo supere la atestación.
 Consulte C:\WINDOWS\Logs\MeasuredBoot\0000000032-0000000001.json para obtener información detallada sobre las comprobaciones realizadas."
"6/8/2025 2:57:05 p. m.","Información","Microsoft-Windows-TPM-WMI","1041","Información detallada sobre la comprobación del estado de la atestación previa: {""Version"":1,""HealthStatus"":""Attestable"",""Required"":[{""Field"":""TpmPresent"",""Value"":true,""DesiredValue"":true},{""Field"":""TpmMeetsMinimumVersion"",""Value"":true,""DesiredValue"":true},{""Field"":""TpmIsResponsive"",""Value"":true,""DesiredValue"":true},{""Field"":""EkCertIsAvailable"",""Value"":true,""DesiredValue"":true},{""Field"":""TcgLogFound"",""Value"":true,""DesiredValue"":true}],""Expected"":[{""Field"":""PcrsMatchTcgLog"",""Value"":true,""DesiredValue"":true}],""Informational"":[{""Field"":""SecureBootEnabled"",""ValueFromComputer"":true,""ValueFromTcgLog"":true,""DesiredValue"":true,""TcgValueIsVerifiable"":true},{""Field"":""VirtualSecureMemory"",""ValueFromComputer"":false,""ValueFromTcgLog"":false,""DesiredValue"":true,""TcgValueIsVerifiable"":true},{""Field"":""SecureCorePCCompliant"",""ValueFromComputer"":false,""ValueFromTcgLog"":false,""DesiredValue"":true,""TcgValueIsVerifiable"":true}]}"
"6/8/2025 2:57:02 p. m.","Información","Microsoft-Windows-IsolatedUserMode","1","Secure Trustlet \??\C:\WINDOWS\System32\NgcIso.exe Id 6 and Pid 19256 started with status STATUS_SUCCESS."
"6/8/2025 2:57:02 p. m.","Información","Microsoft-Windows-IsolatedUserMode","5","Secure Trustlet NULL Id 0 and Pid 0 started with status STATUS_SUCCESS."
"6/8/2025 2:57:02 p. m.","Información","nhi","9007","The driver entered RTD3.
 All the connected devices will be removed from driver's internal state, so it is expected that DeviceDisconnected events will happen."
"6/8/2025 2:56:59 p. m.","Advertencia","rt640x64","1","Realtek PCIe GbE Family Controller is disconnected from network."
"6/8/2025 2:56:59 p. m.","Información","Microsoft-Windows-Power-Troubleshooter","1","El sistema estaba en un estado de baja energía y se reanudó.

Hora de suspensión: ‎2025‎-‎08‎-‎06T10:13:36.914750700Z
Hora de reactivación: ‎2025‎-‎08‎-‎06T18:56:57.318245300Z

Origen de la reactivación: Unknown"
"6/8/2025 2:56:57 p. m.","Información","Microsoft-Windows-Kernel-Power","566","La sesión del sistema ha cambiado de 12 a 14.

Motivo PolicyChange 

BootId: 11"
"6/8/2025 2:56:57 p. m.","Información","Microsoft-Windows-Kernel-Power","507","El sistema está saliendo del modo de espera moderno 

motivo: Lid. "
"6/8/2025 2:56:57 p. m.","Información","Microsoft-Windows-Kernel-Power","506","El sistema está entrando en el modo de espera moderno 

motivo: Sleep, Hibernate, or Shutdown. "
"6/8/2025 2:56:57 p. m.","Información","Microsoft-Windows-Kernel-Power","566","La sesión del sistema ha cambiado de 11 a 12.

Motivo SxTransition 

BootId: 11"
"6/8/2025 2:56:57 p. m.","Información","Microsoft-Windows-Kernel-Boot","247","No se puede cargar el firmware de Pluton-Windows. StatusCode: STATUS_SUCCESS, Motivo: Failed to apply firmware."
"6/8/2025 2:56:57 p. m.","Información","Microsoft-Windows-Kernel-Boot","27","El tipo de arranque fue 0x2."
"6/8/2025 2:56:57 p. m.","Información","Microsoft-Windows-Kernel-Boot","25","La directiva del menú de arranque fue 0x0."
"6/8/2025 2:56:57 p. m.","Información","Microsoft-Windows-Kernel-Boot","32","Bootmgr esperó la entrada del usuario durante 0 ms."
"6/8/2025 2:56:57 p. m.","Información","Microsoft-Windows-Kernel-Boot","18","Existen 0x1 opciones de arranque en este sistema."
"6/8/2025 2:56:57 p. m.","Información","Microsoft-Windows-Kernel-Boot","30","El firmware notificó métricas de arranque."
"6/8/2025 2:56:57 p. m.","Información","Netwtw10","7021","7021 - Connection telemetry fields and analysis usage"
"6/8/2025 2:56:57 p. m.","Error","Microsoft-Windows-NDIS","10317","Minipuerto Microsoft Wi-Fi Direct Virtual Adapter #2, {79f38f0f-3b2e-4931-b16b-3a5d8eb7dab9}, tuvo el evento Fatal error: The miniport has failed a power transition to operational power"
"6/8/2025 2:56:57 p. m.","Información","Intel-SST-OED","28","Loaded DSP FW library: \??\C:\WINDOWS\System32\DriverStore\FileRepository\intcoed_oemlibpath.inf_amd64_69401f7e35684734\tgl_maxx_audio_pro.bin, status = STATUS_SUCCESS."
"6/8/2025 2:56:57 p. m.","Información","Netwtw10","7023","7023 - secure boot debug logging Quasar"
"6/8/2025 2:56:57 p. m.","Información","Intel-SST-OED","28","Loaded DSP FW library: Libs\dsp_lib_whm_tgl_release.bin, status = STATUS_SUCCESS."
"6/8/2025 2:56:57 p. m.","Información","Intel-SST-OED","28","Loaded DSP FW library: Libs\dsp_lib_intel_wov_tgl_release.bin, status = STATUS_SUCCESS."
"6/8/2025 2:56:56 p. m.","Información","WiManH","2",
"6/8/2025 2:56:56 p. m.","Información","Netwtw10","7025","7025 - Dump after return from D3 before cmd "
"6/8/2025 2:56:56 p. m.","Advertencia","TPM","30","El recuento de restablecimiento y/o reanudación no coinciden con los valores esperados después de hibernar o reanudar."
"6/8/2025 2:56:56 p. m.","Advertencia","Win32k","701","Administrador de energía no solicitó la supresión de todas las entradas (INPUT_SUPPRESS_REQUEST = 0)"
"6/8/2025 2:56:56 p. m.","Advertencia","Win32k","701","Administrador de energía no solicitó la supresión de todas las entradas (INPUT_SUPPRESS_REQUEST = 0)"
"6/8/2025 2:56:56 p. m.","Información","Microsoft-Windows-Kernel-General","1","La hora del sistema ha cambiado a ‎2025‎-‎08‎-‎06T18:56:56.500000000Z de ‎2025‎-‎08‎-‎06T10:13:42.108201200Z.
Diferencia horaria: 31394391 ms

Motivo del cambio: System time synchronized with the hardware clock.
Proceso: '' (PID 4).

Hora de RTC: ‎2025‎-‎08‎-‎06T14:56:56.500000000Z
Diferencia de zona horaria actual: 240
hora RTC es UTC: false
La hora del sistema se basaba en la hora RTC: false"
"6/8/2025 6:13:42 a. m.","Información","Microsoft-Windows-Kernel-Power","107","El sistema se reanudó del estado de suspensión."
"6/8/2025 2:56:57 p. m.","Información","EventLog","6013","El tiempo límite del sistema es de 53866 segundos."
"6/8/2025 6:13:39 a. m.","Advertencia","Netwtw10","6062","6062 - Lso was triggered"
"6/8/2025 6:13:39 a. m.","Información","Microsoft-Windows-Kernel-Power","42","El sistema está entrando en suspensión.

Motivo de la suspensión: Hibernate from Sleep - Standby Battery Budget Exceeded"
"6/8/2025 6:13:38 a. m.","Información","Microsoft-Windows-Kernel-Power","40","El controlador \Driver\ACPI del dispositivo  detuvo la transición de energía."
"6/8/2025 6:13:38 a. m.","Información","nhi","9008","Driver exit RTD3.
 All the connected devices will now cause DeviceConnected events."
"6/8/2025 6:13:38 a. m.","Información","Netwtw10","7021","7021 - Connection telemetry fields and analysis usage"
"6/8/2025 6:13:37 a. m.","Advertencia","Microsoft-Windows-Time-Service","134","NtpClient no pudo establecer un sistema del mismo nivel manual para usar como origen de la hora debido a un error de resolución de DNS en 'time.windows.com,0x9'. NtpClient lo intentará de nuevo dentro de 15 minutos y doblará el intervalo de reintento en adelante. Error: Host desconocido. (0x80072AF9)"
"6/8/2025 6:13:37 a. m.","Información","Microsoft-Windows-USB-USBHUB3","205","Volver a enumerar un dispositivo de bloqueo de DRIPS que se quitó anteriormente cuando se salió de la época de consumo reducido.             
             
Dispositivo USB: VID: 0x46D PID: 0xA65 REV: 0x21             
IsPortCycle: true"
"6/8/2025 6:13:36 a. m.","Información","Microsoft-Windows-Kernel-Power","566","La sesión del sistema ha cambiado de 10 a 11.

Motivo SxTransition 

BootId: 11"
"6/8/2025 6:13:36 a. m.","Información","Microsoft-Windows-Kernel-Power","507","El sistema está saliendo del modo de espera moderno 

motivo: Sleep, Hibernate, or Shutdown. "
"6/8/2025 6:13:36 a. m.","Información","Microsoft-Windows-Kernel-Power","172","Estado de conectividad en modo de espera: Connected. Motivo: None"
"6/8/2025 6:13:36 a. m.","Información","Netwtw10","7026","7026 - Dump after return from D3 after cmd"
"6/8/2025 6:13:36 a. m.","Información","Netwtw10","7025","7025 - Dump after return from D3 before cmd "
"6/8/2025 4:10:46 a. m.","Información","Microsoft-Windows-USB-USBHUB3","205","Volver a enumerar un dispositivo de bloqueo de DRIPS que se quitó anteriormente cuando se salió de la época de consumo reducido.             
             
Dispositivo USB: VID: 0x46D PID: 0xA65 REV: 0x21             
IsPortCycle: false"
"6/8/2025 4:10:46 a. m.","Advertencia","Microsoft-Windows-USB-USBHUB3","196","El dispositivo USB consume energía del sistema cuando este está inactivo.             
             
Dispositivo USB: VID: 0x46D PID: 0xA65 REV: 0x21             
Error en la acción de extracción: QueryRemovalInitiated"
"6/8/2025 4:09:59 a. m.","Información","Microsoft-Windows-Kernel-Power","172","Estado de conectividad en modo de espera: Disconnected. Motivo: Policy Setting"
"6/8/2025 4:09:51 a. m.","Información","Microsoft-Windows-Kernel-Power","566","La sesión del sistema ha cambiado de 9 a 10.

Motivo 55 

BootId: 11"
"6/8/2025 4:09:46 a. m.","Información","Microsoft-Windows-USB-USBHUB3","205","Volver a enumerar un dispositivo de bloqueo de DRIPS que se quitó anteriormente cuando se salió de la época de consumo reducido.             
             
Dispositivo USB: VID: 0x46D PID: 0xA65 REV: 0x21             
IsPortCycle: true"
"6/8/2025 4:09:46 a. m.","Información","Microsoft-Windows-Kernel-Power","506","El sistema está entrando en el modo de espera moderno 

motivo: Austerity Battery Drain Budget Exceeded. "
"6/8/2025 4:09:46 a. m.","Información","Microsoft-Windows-Kernel-Power","566","La sesión del sistema ha cambiado de 8 a 9.

Motivo 55 

BootId: 11"
"6/8/2025 4:09:46 a. m.","Información","Microsoft-Windows-Kernel-Power","507","El sistema está saliendo del modo de espera moderno 

motivo: Austerity Battery Drain Budget Exceeded. "
"6/8/2025 4:09:46 a. m.","Información","Microsoft-Windows-Kernel-Power","172","Estado de conectividad en modo de espera: Connected. Motivo: None"
"6/8/2025 4:09:46 a. m.","Información","Netwtw10","7026","7026 - Dump after return from D3 after cmd"
"6/8/2025 4:09:46 a. m.","Información","Netwtw10","7025","7025 - Dump after return from D3 before cmd "
"6/8/2025 3:53:57 a. m.","Información","Microsoft-Windows-USB-USBHUB3","205","Volver a enumerar un dispositivo de bloqueo de DRIPS que se quitó anteriormente cuando se salió de la época de consumo reducido.             
             
Dispositivo USB: VID: 0x46D PID: 0xA65 REV: 0x21             
IsPortCycle: false"
"6/8/2025 3:53:57 a. m.","Advertencia","Microsoft-Windows-USB-USBHUB3","196","El dispositivo USB consume energía del sistema cuando este está inactivo.             
             
Dispositivo USB: VID: 0x46D PID: 0xA65 REV: 0x21             
Error en la acción de extracción: QueryRemovalInitiated"
