"15/8/2025 11:51:13 p. m.","Información","Microsoft-Windows-Kernel-Power","105","Cambio de fuente de energía."
"15/8/2025 11:49:25 p. m.","Información","Netwtw10","7026","7026 - Dump after return from D3 after cmd"
"15/8/2025 11:49:25 p. m.","Información","Netwtw10","7025","7025 - Dump after return from D3 before cmd "
"15/8/2025 11:47:25 p. m.","Información","Netwtw10","7026","7026 - Dump after return from D3 after cmd"
"15/8/2025 11:47:25 p. m.","Información","Netwtw10","7025","7025 - Dump after return from D3 before cmd "
"15/8/2025 11:45:25 p. m.","Información","Netwtw10","7026","7026 - Dump after return from D3 after cmd"
"15/8/2025 11:45:25 p. m.","Información","Netwtw10","7025","7025 - Dump after return from D3 before cmd "
"15/8/2025 11:43:28 p. m.","Advertencia","rt640x64","1","Realtek PCIe GbE Family Controller is disconnected from network."
"15/8/2025 11:43:25 p. m.","Información","Netwtw10","7026","7026 - Dump after return from D3 after cmd"
"15/8/2025 11:43:25 p. m.","Información","Netwtw10","7025","7025 - Dump after return from D3 before cmd "
"15/8/2025 11:41:25 p. m.","Información","Netwtw10","7026","7026 - Dump after return from D3 after cmd"
"15/8/2025 11:41:25 p. m.","Información","Netwtw10","7025","7025 - Dump after return from D3 before cmd "
"15/8/2025 11:40:09 p. m.","Advertencia","rt640x64","1","Realtek PCIe GbE Family Controller is disconnected from network."
"15/8/2025 11:40:05 p. m.","Información","Netwtw10","7026","7026 - Dump after return from D3 after cmd"
"15/8/2025 11:40:05 p. m.","Información","Netwtw10","7025","7025 - Dump after return from D3 before cmd "
"15/8/2025 11:39:25 p. m.","Información","Netwtw10","7026","7026 - Dump after return from D3 after cmd"
"15/8/2025 11:39:25 p. m.","Información","Netwtw10","7025","7025 - Dump after return from D3 before cmd "
"15/8/2025 11:37:25 p. m.","Información","Netwtw10","7026","7026 - Dump after return from D3 after cmd"
"15/8/2025 11:37:25 p. m.","Información","Netwtw10","7025","7025 - Dump after return from D3 before cmd "
"15/8/2025 11:35:28 p. m.","Advertencia","rt640x64","1","Realtek PCIe GbE Family Controller is disconnected from network."
"15/8/2025 11:35:25 p. m.","Información","Netwtw10","7026","7026 - Dump after return from D3 after cmd"
"15/8/2025 11:35:25 p. m.","Información","Netwtw10","7025","7025 - Dump after return from D3 before cmd "
"15/8/2025 11:33:25 p. m.","Información","Netwtw10","7026","7026 - Dump after return from D3 after cmd"
"15/8/2025 11:33:25 p. m.","Información","Netwtw10","7025","7025 - Dump after return from D3 before cmd "
"15/8/2025 11:31:25 p. m.","Información","Netwtw10","7026","7026 - Dump after return from D3 after cmd"
"15/8/2025 11:31:25 p. m.","Información","Netwtw10","7025","7025 - Dump after return from D3 before cmd "
"15/8/2025 11:29:25 p. m.","Información","Netwtw10","7026","7026 - Dump after return from D3 after cmd"
"15/8/2025 11:29:25 p. m.","Información","Netwtw10","7025","7025 - Dump after return from D3 before cmd "
"15/8/2025 11:27:54 p. m.","Información","Netwtw10","7026","7026 - Dump after return from D3 after cmd"
"15/8/2025 11:27:54 p. m.","Información","Netwtw10","7025","7025 - Dump after return from D3 before cmd "
"15/8/2025 11:27:25 p. m.","Información","Netwtw10","7026","7026 - Dump after return from D3 after cmd"
"15/8/2025 11:27:25 p. m.","Información","Netwtw10","7025","7025 - Dump after return from D3 before cmd "
"15/8/2025 11:25:25 p. m.","Información","Netwtw10","7026","7026 - Dump after return from D3 after cmd"
"15/8/2025 11:25:25 p. m.","Información","Netwtw10","7025","7025 - Dump after return from D3 before cmd "
"15/8/2025 11:23:30 p. m.","Información","nhi","9007","The driver entered RTD3.
 All the connected devices will be removed from driver's internal state, so it is expected that DeviceDisconnected events will happen."
"15/8/2025 11:23:25 p. m.","Información","Netwtw10","7026","7026 - Dump after return from D3 after cmd"
"15/8/2025 11:23:25 p. m.","Información","Netwtw10","7025","7025 - Dump after return from D3 before cmd "
"15/8/2025 11:21:42 p. m.","Información","Netwtw10","7026","7026 - Dump after return from D3 after cmd"
"15/8/2025 11:21:42 p. m.","Información","Netwtw10","7025","7025 - Dump after return from D3 before cmd "
"15/8/2025 11:21:42 p. m.","Información","nhi","9008","Driver exit RTD3.
 All the connected devices will now cause DeviceConnected events."
"15/8/2025 11:21:25 p. m.","Información","Netwtw10","7026","7026 - Dump after return from D3 after cmd"
"15/8/2025 11:21:25 p. m.","Información","Netwtw10","7025","7025 - Dump after return from D3 before cmd "
"15/8/2025 11:20:42 p. m.","Información","Netwtw10","7026","7026 - Dump after return from D3 after cmd"
"15/8/2025 11:20:42 p. m.","Información","Netwtw10","7025","7025 - Dump after return from D3 before cmd "
"15/8/2025 11:20:08 p. m.","Información","nhi","9007","The driver entered RTD3.
 All the connected devices will be removed from driver's internal state, so it is expected that DeviceDisconnected events will happen."
"15/8/2025 11:20:02 p. m.","Información","Netwtw10","7026","7026 - Dump after return from D3 after cmd"
"15/8/2025 11:20:02 p. m.","Información","Netwtw10","7025","7025 - Dump after return from D3 before cmd "
"15/8/2025 11:20:02 p. m.","Información","nhi","9008","Driver exit RTD3.
 All the connected devices will now cause DeviceConnected events."
"15/8/2025 11:19:42 p. m.","Información","Netwtw10","7026","7026 - Dump after return from D3 after cmd"
"15/8/2025 11:19:42 p. m.","Información","Netwtw10","7025","7025 - Dump after return from D3 before cmd "
"15/8/2025 11:19:39 p. m.","Información","nhi","9007","The driver entered RTD3.
 All the connected devices will be removed from driver's internal state, so it is expected that DeviceDisconnected events will happen."
"15/8/2025 11:19:32 p. m.","Información","Netwtw10","7026","7026 - Dump after return from D3 after cmd"
"15/8/2025 11:19:32 p. m.","Información","Netwtw10","7025","7025 - Dump after return from D3 before cmd "
"15/8/2025 11:19:32 p. m.","Información","nhi","9008","Driver exit RTD3.
 All the connected devices will now cause DeviceConnected events."
"15/8/2025 11:19:22 p. m.","Información","Netwtw10","7026","7026 - Dump after return from D3 after cmd"
"15/8/2025 11:19:22 p. m.","Información","Netwtw10","7025","7025 - Dump after return from D3 before cmd "
"15/8/2025 11:19:18 p. m.","Información","Netwtw10","7026","7026 - Dump after return from D3 after cmd"
"15/8/2025 11:19:18 p. m.","Información","Netwtw10","7025","7025 - Dump after return from D3 before cmd "
"15/8/2025 11:17:21 p. m.","Advertencia","rt640x64","1","Realtek PCIe GbE Family Controller is disconnected from network."
"15/8/2025 11:17:18 p. m.","Información","Netwtw10","7026","7026 - Dump after return from D3 after cmd"
"15/8/2025 11:17:18 p. m.","Información","Netwtw10","7025","7025 - Dump after return from D3 before cmd "
"15/8/2025 11:15:39 p. m.","Información","nhi","9007","The driver entered RTD3.
 All the connected devices will be removed from driver's internal state, so it is expected that DeviceDisconnected events will happen."
"15/8/2025 11:15:33 p. m.","Información","Netwtw10","7026","7026 - Dump after return from D3 after cmd"
"15/8/2025 11:15:33 p. m.","Información","Netwtw10","7025","7025 - Dump after return from D3 before cmd "
"15/8/2025 11:15:33 p. m.","Información","nhi","9008","Driver exit RTD3.
 All the connected devices will now cause DeviceConnected events."
"15/8/2025 11:15:21 p. m.","Advertencia","rt640x64","1","Realtek PCIe GbE Family Controller is disconnected from network."
"15/8/2025 11:15:18 p. m.","Información","Netwtw10","7026","7026 - Dump after return from D3 after cmd"
"15/8/2025 11:15:18 p. m.","Información","Netwtw10","7025","7025 - Dump after return from D3 before cmd "
"15/8/2025 11:13:33 p. m.","Información","nhi","9007","The driver entered RTD3.
 All the connected devices will be removed from driver's internal state, so it is expected that DeviceDisconnected events will happen."
"15/8/2025 11:13:27 p. m.","Información","Netwtw10","7026","7026 - Dump after return from D3 after cmd"
"15/8/2025 11:13:27 p. m.","Información","Netwtw10","7025","7025 - Dump after return from D3 before cmd "
"15/8/2025 11:13:27 p. m.","Información","nhi","9008","Driver exit RTD3.
 All the connected devices will now cause DeviceConnected events."
"15/8/2025 11:13:24 p. m.","Información","Netwtw10","7026","7026 - Dump after return from D3 after cmd"
"15/8/2025 11:13:24 p. m.","Información","Netwtw10","7025","7025 - Dump after return from D3 before cmd "
"15/8/2025 11:13:21 p. m.","Advertencia","rt640x64","1","Realtek PCIe GbE Family Controller is disconnected from network."
"15/8/2025 11:13:18 p. m.","Información","Netwtw10","7026","7026 - Dump after return from D3 after cmd"
"15/8/2025 11:13:18 p. m.","Información","Netwtw10","7025","7025 - Dump after return from D3 before cmd "
"15/8/2025 11:11:18 p. m.","Información","Netwtw10","7026","7026 - Dump after return from D3 after cmd"
"15/8/2025 11:11:18 p. m.","Información","Netwtw10","7025","7025 - Dump after return from D3 before cmd "
"15/8/2025 11:09:18 p. m.","Información","Netwtw10","7026","7026 - Dump after return from D3 after cmd"
"15/8/2025 11:09:18 p. m.","Información","Netwtw10","7025","7025 - Dump after return from D3 before cmd "
"15/8/2025 11:07:18 p. m.","Información","Netwtw10","7026","7026 - Dump after return from D3 after cmd"
"15/8/2025 11:07:18 p. m.","Información","Netwtw10","7025","7025 - Dump after return from D3 before cmd "
"15/8/2025 11:05:18 p. m.","Información","Netwtw10","7026","7026 - Dump after return from D3 after cmd"
"15/8/2025 11:05:18 p. m.","Información","Netwtw10","7025","7025 - Dump after return from D3 before cmd "
"15/8/2025 11:03:18 p. m.","Información","Netwtw10","7026","7026 - Dump after return from D3 after cmd"
"15/8/2025 11:03:18 p. m.","Información","Netwtw10","7025","7025 - Dump after return from D3 before cmd "
"15/8/2025 11:01:21 p. m.","Advertencia","rt640x64","1","Realtek PCIe GbE Family Controller is disconnected from network."
"15/8/2025 11:01:18 p. m.","Información","Netwtw10","7026","7026 - Dump after return from D3 after cmd"
"15/8/2025 11:01:18 p. m.","Información","Netwtw10","7025","7025 - Dump after return from D3 before cmd "
"15/8/2025 10:59:18 p. m.","Información","Netwtw10","7026","7026 - Dump after return from D3 after cmd"
"15/8/2025 10:59:18 p. m.","Información","Netwtw10","7025","7025 - Dump after return from D3 before cmd "
"15/8/2025 10:57:18 p. m.","Información","Netwtw10","7026","7026 - Dump after return from D3 after cmd"
"15/8/2025 10:57:18 p. m.","Información","Netwtw10","7025","7025 - Dump after return from D3 before cmd "
"15/8/2025 10:55:18 p. m.","Información","Netwtw10","7026","7026 - Dump after return from D3 after cmd"
"15/8/2025 10:55:18 p. m.","Información","Netwtw10","7025","7025 - Dump after return from D3 before cmd "
"15/8/2025 10:54:01 p. m.","Información","nhi","9007","The driver entered RTD3.
 All the connected devices will be removed from driver's internal state, so it is expected that DeviceDisconnected events will happen."
"15/8/2025 10:53:56 p. m.","Información","Netwtw10","7026","7026 - Dump after return from D3 after cmd"
"15/8/2025 10:53:56 p. m.","Información","Netwtw10","7025","7025 - Dump after return from D3 before cmd "
"15/8/2025 10:53:56 p. m.","Información","nhi","9008","Driver exit RTD3.
 All the connected devices will now cause DeviceConnected events."
"15/8/2025 10:53:37 p. m.","Información","Netwtw10","7026","7026 - Dump after return from D3 after cmd"
"15/8/2025 10:53:37 p. m.","Información","Netwtw10","7025","7025 - Dump after return from D3 before cmd "
"15/8/2025 10:53:33 p. m.","Información","nhi","9007","The driver entered RTD3.
 All the connected devices will be removed from driver's internal state, so it is expected that DeviceDisconnected events will happen."
"15/8/2025 10:53:28 p. m.","Información","Netwtw10","7026","7026 - Dump after return from D3 after cmd"
"15/8/2025 10:53:28 p. m.","Información","Netwtw10","7025","7025 - Dump after return from D3 before cmd "
"15/8/2025 10:53:28 p. m.","Información","nhi","9008","Driver exit RTD3.
 All the connected devices will now cause DeviceConnected events."
"15/8/2025 10:53:15 p. m.","Información","nhi","9007","The driver entered RTD3.
 All the connected devices will be removed from driver's internal state, so it is expected that DeviceDisconnected events will happen."
"15/8/2025 10:53:12 p. m.","Advertencia","rt640x64","1","Realtek PCIe GbE Family Controller is disconnected from network."
"15/8/2025 10:53:12 p. m.","Información","Netwtw10","7021","7021 - Connection telemetry fields and analysis usage"
"15/8/2025 10:53:09 p. m.","Información","nhi","9008","Driver exit RTD3.
 All the connected devices will now cause DeviceConnected events."
"15/8/2025 10:53:09 p. m.","Información","Netwtw10","7026","7026 - Dump after return from D3 after cmd"
"15/8/2025 10:53:09 p. m.","Información","Netwtw10","7025","7025 - Dump after return from D3 before cmd "
"15/8/2025 10:53:04 p. m.","Información","Netwtw10","7026","7026 - Dump after return from D3 after cmd"
"15/8/2025 10:53:04 p. m.","Información","Netwtw10","7025","7025 - Dump after return from D3 before cmd "
"15/8/2025 10:51:04 p. m.","Información","Netwtw10","7026","7026 - Dump after return from D3 after cmd"
"15/8/2025 10:51:04 p. m.","Información","Netwtw10","7025","7025 - Dump after return from D3 before cmd "
"15/8/2025 10:49:04 p. m.","Información","Netwtw10","7026","7026 - Dump after return from D3 after cmd"
"15/8/2025 10:49:04 p. m.","Información","Netwtw10","7025","7025 - Dump after return from D3 before cmd "
"15/8/2025 10:47:04 p. m.","Información","Netwtw10","7026","7026 - Dump after return from D3 after cmd"
"15/8/2025 10:47:04 p. m.","Información","Netwtw10","7025","7025 - Dump after return from D3 before cmd "
"15/8/2025 10:45:04 p. m.","Información","Netwtw10","7026","7026 - Dump after return from D3 after cmd"
"15/8/2025 10:45:04 p. m.","Información","Netwtw10","7025","7025 - Dump after return from D3 before cmd "
"15/8/2025 10:43:04 p. m.","Información","Netwtw10","7026","7026 - Dump after return from D3 after cmd"
"15/8/2025 10:43:04 p. m.","Información","Netwtw10","7025","7025 - Dump after return from D3 before cmd "
"15/8/2025 10:41:04 p. m.","Información","Netwtw10","7026","7026 - Dump after return from D3 after cmd"
"15/8/2025 10:41:04 p. m.","Información","Netwtw10","7025","7025 - Dump after return from D3 before cmd "
"15/8/2025 10:40:12 p. m.","Advertencia","rt640x64","1","Realtek PCIe GbE Family Controller is disconnected from network."
"15/8/2025 10:40:09 p. m.","Información","Netwtw10","7026","7026 - Dump after return from D3 after cmd"
"15/8/2025 10:40:09 p. m.","Información","Netwtw10","7025","7025 - Dump after return from D3 before cmd "
"15/8/2025 10:39:04 p. m.","Información","Netwtw10","7026","7026 - Dump after return from D3 after cmd"
"15/8/2025 10:39:04 p. m.","Información","Netwtw10","7025","7025 - Dump after return from D3 before cmd "
"15/8/2025 10:37:04 p. m.","Información","Netwtw10","7026","7026 - Dump after return from D3 after cmd"
"15/8/2025 10:37:04 p. m.","Información","Netwtw10","7025","7025 - Dump after return from D3 before cmd "
"15/8/2025 10:35:38 p. m.","Advertencia","rt640x64","1","Realtek PCIe GbE Family Controller is disconnected from network."
"15/8/2025 10:35:35 p. m.","Información","Netwtw10","7026","7026 - Dump after return from D3 after cmd"
"15/8/2025 10:35:35 p. m.","Información","Netwtw10","7025","7025 - Dump after return from D3 before cmd "
"15/8/2025 10:35:04 p. m.","Información","Netwtw10","7026","7026 - Dump after return from D3 after cmd"
"15/8/2025 10:35:04 p. m.","Información","Netwtw10","7025","7025 - Dump after return from D3 before cmd "
"15/8/2025 10:33:55 p. m.","Información","Netwtw10","7026","7026 - Dump after return from D3 after cmd"
"15/8/2025 10:33:55 p. m.","Información","Netwtw10","7025","7025 - Dump after return from D3 before cmd "
"15/8/2025 10:33:04 p. m.","Información","Netwtw10","7026","7026 - Dump after return from D3 after cmd"
"15/8/2025 10:33:04 p. m.","Información","Netwtw10","7025","7025 - Dump after return from D3 before cmd "
"15/8/2025 10:31:04 p. m.","Información","Netwtw10","7026","7026 - Dump after return from D3 after cmd"
"15/8/2025 10:31:04 p. m.","Información","Netwtw10","7025","7025 - Dump after return from D3 before cmd "
"15/8/2025 10:29:04 p. m.","Información","Netwtw10","7026","7026 - Dump after return from D3 after cmd"
"15/8/2025 10:29:04 p. m.","Información","Netwtw10","7025","7025 - Dump after return from D3 before cmd "
"15/8/2025 10:27:04 p. m.","Información","Netwtw10","7026","7026 - Dump after return from D3 after cmd"
"15/8/2025 10:27:04 p. m.","Información","Netwtw10","7025","7025 - Dump after return from D3 before cmd "
"15/8/2025 10:25:04 p. m.","Información","Netwtw10","7026","7026 - Dump after return from D3 after cmd"
"15/8/2025 10:25:04 p. m.","Información","Netwtw10","7025","7025 - Dump after return from D3 before cmd "
"15/8/2025 10:23:04 p. m.","Información","Netwtw10","7026","7026 - Dump after return from D3 after cmd"
"15/8/2025 10:23:04 p. m.","Información","Netwtw10","7025","7025 - Dump after return from D3 before cmd "
"15/8/2025 10:21:04 p. m.","Información","Netwtw10","7026","7026 - Dump after return from D3 after cmd"
"15/8/2025 10:21:04 p. m.","Información","Netwtw10","7025","7025 - Dump after return from D3 before cmd "
"15/8/2025 10:19:04 p. m.","Información","Netwtw10","7026","7026 - Dump after return from D3 after cmd"
"15/8/2025 10:19:04 p. m.","Información","Netwtw10","7025","7025 - Dump after return from D3 before cmd "
"15/8/2025 10:17:04 p. m.","Información","Netwtw10","7026","7026 - Dump after return from D3 after cmd"
"15/8/2025 10:17:04 p. m.","Información","Netwtw10","7025","7025 - Dump after return from D3 before cmd "
"15/8/2025 10:15:20 p. m.","Información","nhi","9007","The driver entered RTD3.
 All the connected devices will be removed from driver's internal state, so it is expected that DeviceDisconnected events will happen."
"15/8/2025 10:15:13 p. m.","Información","Netwtw10","7026","7026 - Dump after return from D3 after cmd"
"15/8/2025 10:15:13 p. m.","Información","Netwtw10","7025","7025 - Dump after return from D3 before cmd "
"15/8/2025 10:15:13 p. m.","Información","nhi","9008","Driver exit RTD3.
 All the connected devices will now cause DeviceConnected events."
"15/8/2025 10:15:04 p. m.","Información","Netwtw10","7026","7026 - Dump after return from D3 after cmd"
"15/8/2025 10:15:04 p. m.","Información","Netwtw10","7025","7025 - Dump after return from D3 before cmd "
"15/8/2025 10:14:13 p. m.","Advertencia","rt640x64","1","Realtek PCIe GbE Family Controller is disconnected from network."
"15/8/2025 10:14:10 p. m.","Información","Netwtw10","7026","7026 - Dump after return from D3 after cmd"
"15/8/2025 10:14:10 p. m.","Información","Netwtw10","7025","7025 - Dump after return from D3 before cmd "
"15/8/2025 10:13:17 p. m.","Información","nhi","9007","The driver entered RTD3.
 All the connected devices will be removed from driver's internal state, so it is expected that DeviceDisconnected events will happen."
"15/8/2025 10:13:10 p. m.","Información","Netwtw10","7026","7026 - Dump after return from D3 after cmd"
"15/8/2025 10:13:10 p. m.","Información","Netwtw10","7025","7025 - Dump after return from D3 before cmd "
"15/8/2025 10:13:09 p. m.","Información","Netwtw10","7026","7026 - Dump after return from D3 after cmd"
"15/8/2025 10:13:09 p. m.","Información","Netwtw10","7025","7025 - Dump after return from D3 before cmd "
"15/8/2025 10:13:09 p. m.","Información","nhi","9008","Driver exit RTD3.
 All the connected devices will now cause DeviceConnected events."
"15/8/2025 10:13:07 p. m.","Advertencia","rt640x64","1","Realtek PCIe GbE Family Controller is disconnected from network."
"15/8/2025 10:13:04 p. m.","Información","Netwtw10","7026","7026 - Dump after return from D3 after cmd"
"15/8/2025 10:13:04 p. m.","Información","Netwtw10","7025","7025 - Dump after return from D3 before cmd "
"15/8/2025 10:11:04 p. m.","Información","Netwtw10","7026","7026 - Dump after return from D3 after cmd"
"15/8/2025 10:11:04 p. m.","Información","Netwtw10","7025","7025 - Dump after return from D3 before cmd "
"15/8/2025 10:09:04 p. m.","Información","Netwtw10","7026","7026 - Dump after return from D3 after cmd"
"15/8/2025 10:09:04 p. m.","Información","Netwtw10","7025","7025 - Dump after return from D3 before cmd "
"15/8/2025 10:07:42 p. m.","Información","nhi","9007","The driver entered RTD3.
 All the connected devices will be removed from driver's internal state, so it is expected that DeviceDisconnected events will happen."
"15/8/2025 10:07:36 p. m.","Información","Netwtw10","7026","7026 - Dump after return from D3 after cmd"
"15/8/2025 10:07:36 p. m.","Información","Netwtw10","7025","7025 - Dump after return from D3 before cmd "
"15/8/2025 10:07:36 p. m.","Información","nhi","9008","Driver exit RTD3.
 All the connected devices will now cause DeviceConnected events."
"15/8/2025 10:07:22 p. m.","Información","Netwtw10","7026","7026 - Dump after return from D3 after cmd"
"15/8/2025 10:07:22 p. m.","Información","Netwtw10","7025","7025 - Dump after return from D3 before cmd "
"15/8/2025 10:07:17 p. m.","Información","nhi","9007","The driver entered RTD3.
 All the connected devices will be removed from driver's internal state, so it is expected that DeviceDisconnected events will happen."
"15/8/2025 10:07:15 p. m.","Información","Netwtw10","7026","7026 - Dump after return from D3 after cmd"
"15/8/2025 10:07:15 p. m.","Información","Netwtw10","7025","7025 - Dump after return from D3 before cmd "
"15/8/2025 10:07:12 p. m.","Información","Netwtw10","7026","7026 - Dump after return from D3 after cmd"
"15/8/2025 10:07:12 p. m.","Información","Netwtw10","7025","7025 - Dump after return from D3 before cmd "
"15/8/2025 10:07:12 p. m.","Información","nhi","9008","Driver exit RTD3.
 All the connected devices will now cause DeviceConnected events."
"15/8/2025 10:07:06 p. m.","Información","nhi","9007","The driver entered RTD3.
 All the connected devices will be removed from driver's internal state, so it is expected that DeviceDisconnected events will happen."
"15/8/2025 10:07:04 p. m.","Advertencia","Netwtw10","6062","6062 - Lso was triggered"
"15/8/2025 10:07:01 p. m.","Información","Netwtw10","7021","7021 - Connection telemetry fields and analysis usage"
"15/8/2025 10:06:59 p. m.","Información","Netwtw10","7026","7026 - Dump after return from D3 after cmd"
"15/8/2025 10:06:59 p. m.","Información","Netwtw10","7025","7025 - Dump after return from D3 before cmd "
"15/8/2025 10:06:59 p. m.","Información","nhi","9008","Driver exit RTD3.
 All the connected devices will now cause DeviceConnected events."
"15/8/2025 10:03:28 p. m.","Información","Netwtw10","7026","7026 - Dump after return from D3 after cmd"
"15/8/2025 10:03:28 p. m.","Información","Netwtw10","7025","7025 - Dump after return from D3 before cmd "
"15/8/2025 10:02:04 p. m.","Información","nhi","9007","The driver entered RTD3.
 All the connected devices will be removed from driver's internal state, so it is expected that DeviceDisconnected events will happen."
"15/8/2025 10:02:00 p. m.","Advertencia","rt640x64","1","Realtek PCIe GbE Family Controller is disconnected from network."
"15/8/2025 10:01:57 p. m.","Información","Netwtw10","7026","7026 - Dump after return from D3 after cmd"
"15/8/2025 10:01:57 p. m.","Información","Netwtw10","7025","7025 - Dump after return from D3 before cmd "
"15/8/2025 10:01:57 p. m.","Información","nhi","9008","Driver exit RTD3.
 All the connected devices will now cause DeviceConnected events."
"15/8/2025 10:01:11 p. m.","Información","Netwtw10","7026","7026 - Dump after return from D3 after cmd"
"15/8/2025 10:01:11 p. m.","Información","Netwtw10","7025","7025 - Dump after return from D3 before cmd "
"15/8/2025 9:59:13 p. m.","Advertencia","rt640x64","1","Realtek PCIe GbE Family Controller is disconnected from network."
"15/8/2025 9:59:10 p. m.","Información","Netwtw10","7026","7026 - Dump after return from D3 after cmd"
"15/8/2025 9:59:10 p. m.","Información","Netwtw10","7025","7025 - Dump after return from D3 before cmd "
"15/8/2025 9:59:08 p. m.","Información","Netwtw10","7026","7026 - Dump after return from D3 after cmd"
"15/8/2025 9:59:08 p. m.","Información","Netwtw10","7025","7025 - Dump after return from D3 before cmd "
"15/8/2025 9:58:46 p. m.","Advertencia","rt640x64","1","Realtek PCIe GbE Family Controller is disconnected from network."
"15/8/2025 9:58:43 p. m.","Información","Netwtw10","7026","7026 - Dump after return from D3 after cmd"
"15/8/2025 9:58:43 p. m.","Información","Netwtw10","7025","7025 - Dump after return from D3 before cmd "
"15/8/2025 9:56:58 p. m.","Información","nhi","9007","The driver entered RTD3.
 All the connected devices will be removed from driver's internal state, so it is expected that DeviceDisconnected events will happen."
"15/8/2025 9:56:52 p. m.","Información","Netwtw10","7026","7026 - Dump after return from D3 after cmd"
"15/8/2025 9:56:52 p. m.","Información","Netwtw10","7025","7025 - Dump after return from D3 before cmd "
"15/8/2025 9:56:52 p. m.","Información","nhi","9008","Driver exit RTD3.
 All the connected devices will now cause DeviceConnected events."
"15/8/2025 9:56:46 p. m.","Advertencia","rt640x64","1","Realtek PCIe GbE Family Controller is disconnected from network."
"15/8/2025 9:56:43 p. m.","Información","Netwtw10","7026","7026 - Dump after return from D3 after cmd"
"15/8/2025 9:56:43 p. m.","Información","Netwtw10","7025","7025 - Dump after return from D3 before cmd "
"15/8/2025 9:54:46 p. m.","Advertencia","rt640x64","1","Realtek PCIe GbE Family Controller is disconnected from network."
"15/8/2025 9:54:43 p. m.","Información","Netwtw10","7026","7026 - Dump after return from D3 after cmd"
"15/8/2025 9:54:43 p. m.","Información","Netwtw10","7025","7025 - Dump after return from D3 before cmd "
"15/8/2025 9:52:43 p. m.","Información","Netwtw10","7026","7026 - Dump after return from D3 after cmd"
"15/8/2025 9:52:43 p. m.","Información","Netwtw10","7025","7025 - Dump after return from D3 before cmd "
"15/8/2025 9:50:43 p. m.","Información","Netwtw10","7026","7026 - Dump after return from D3 after cmd"
"15/8/2025 9:50:43 p. m.","Información","Netwtw10","7025","7025 - Dump after return from D3 before cmd "
"15/8/2025 9:48:43 p. m.","Información","Netwtw10","7026","7026 - Dump after return from D3 after cmd"
"15/8/2025 9:48:43 p. m.","Información","Netwtw10","7025","7025 - Dump after return from D3 before cmd "
"15/8/2025 9:47:03 p. m.","Advertencia","rt640x64","1","Realtek PCIe GbE Family Controller is disconnected from network."
"15/8/2025 9:47:00 p. m.","Información","Netwtw10","7026","7026 - Dump after return from D3 after cmd"
"15/8/2025 9:47:00 p. m.","Información","Netwtw10","7025","7025 - Dump after return from D3 before cmd "
"15/8/2025 9:46:43 p. m.","Información","Netwtw10","7026","7026 - Dump after return from D3 after cmd"
"15/8/2025 9:46:43 p. m.","Información","Netwtw10","7025","7025 - Dump after return from D3 before cmd "
"15/8/2025 9:44:43 p. m.","Información","Netwtw10","7026","7026 - Dump after return from D3 after cmd"
"15/8/2025 9:44:43 p. m.","Información","Netwtw10","7025","7025 - Dump after return from D3 before cmd "
"15/8/2025 9:42:43 p. m.","Información","Netwtw10","7026","7026 - Dump after return from D3 after cmd"
"15/8/2025 9:42:43 p. m.","Información","Netwtw10","7025","7025 - Dump after return from D3 before cmd "
"15/8/2025 9:40:43 p. m.","Información","Netwtw10","7026","7026 - Dump after return from D3 after cmd"
"15/8/2025 9:40:43 p. m.","Información","Netwtw10","7025","7025 - Dump after return from D3 before cmd "
"15/8/2025 9:38:43 p. m.","Información","Netwtw10","7026","7026 - Dump after return from D3 after cmd"
"15/8/2025 9:38:43 p. m.","Información","Netwtw10","7025","7025 - Dump after return from D3 before cmd "
"15/8/2025 9:36:46 p. m.","Advertencia","rt640x64","1","Realtek PCIe GbE Family Controller is disconnected from network."
"15/8/2025 9:36:43 p. m.","Información","Netwtw10","7026","7026 - Dump after return from D3 after cmd"
"15/8/2025 9:36:43 p. m.","Información","Netwtw10","7025","7025 - Dump after return from D3 before cmd "
"15/8/2025 9:34:43 p. m.","Información","Netwtw10","7026","7026 - Dump after return from D3 after cmd"
"15/8/2025 9:34:43 p. m.","Información","Netwtw10","7025","7025 - Dump after return from D3 before cmd "
"15/8/2025 9:32:43 p. m.","Información","Netwtw10","7026","7026 - Dump after return from D3 after cmd"
"15/8/2025 9:32:43 p. m.","Información","Netwtw10","7025","7025 - Dump after return from D3 before cmd "
"15/8/2025 9:30:15 p. m.","Advertencia","rt640x64","1","Realtek PCIe GbE Family Controller is disconnected from network."
"15/8/2025 9:30:12 p. m.","Información","Netwtw10","7026","7026 - Dump after return from D3 after cmd"
"15/8/2025 9:30:12 p. m.","Información","Netwtw10","7025","7025 - Dump after return from D3 before cmd "
"15/8/2025 9:28:43 p. m.","Información","Netwtw10","7026","7026 - Dump after return from D3 after cmd"
"15/8/2025 9:28:43 p. m.","Información","Netwtw10","7025","7025 - Dump after return from D3 before cmd "
"15/8/2025 9:27:42 p. m.","Información","Netwtw10","7026","7026 - Dump after return from D3 after cmd"
"15/8/2025 9:27:42 p. m.","Información","Netwtw10","7025","7025 - Dump after return from D3 before cmd "
"15/8/2025 9:26:43 p. m.","Información","Netwtw10","7026","7026 - Dump after return from D3 after cmd"
"15/8/2025 9:26:43 p. m.","Información","Netwtw10","7025","7025 - Dump after return from D3 before cmd "
"15/8/2025 9:24:46 p. m.","Advertencia","rt640x64","1","Realtek PCIe GbE Family Controller is disconnected from network."
"15/8/2025 9:24:43 p. m.","Información","Netwtw10","7026","7026 - Dump after return from D3 after cmd"
"15/8/2025 9:24:43 p. m.","Información","Netwtw10","7025","7025 - Dump after return from D3 before cmd "
"15/8/2025 9:22:43 p. m.","Información","Netwtw10","7026","7026 - Dump after return from D3 after cmd"
"15/8/2025 9:22:43 p. m.","Información","Netwtw10","7025","7025 - Dump after return from D3 before cmd "
"15/8/2025 9:20:43 p. m.","Información","Netwtw10","7026","7026 - Dump after return from D3 after cmd"
"15/8/2025 9:20:43 p. m.","Información","Netwtw10","7025","7025 - Dump after return from D3 before cmd "
"15/8/2025 9:18:46 p. m.","Advertencia","rt640x64","1","Realtek PCIe GbE Family Controller is disconnected from network."
"15/8/2025 9:18:43 p. m.","Información","Netwtw10","7026","7026 - Dump after return from D3 after cmd"
"15/8/2025 9:18:43 p. m.","Información","Netwtw10","7025","7025 - Dump after return from D3 before cmd "
"15/8/2025 9:16:43 p. m.","Información","Netwtw10","7026","7026 - Dump after return from D3 after cmd"
"15/8/2025 9:16:43 p. m.","Información","Netwtw10","7025","7025 - Dump after return from D3 before cmd "
"15/8/2025 9:14:43 p. m.","Información","Netwtw10","7026","7026 - Dump after return from D3 after cmd"
"15/8/2025 9:14:43 p. m.","Información","Netwtw10","7025","7025 - Dump after return from D3 before cmd "
"15/8/2025 9:13:16 p. m.","Advertencia","rt640x64","1","Realtek PCIe GbE Family Controller is disconnected from network."
"15/8/2025 9:13:13 p. m.","Información","Netwtw10","7026","7026 - Dump after return from D3 after cmd"
"15/8/2025 9:13:13 p. m.","Información","Netwtw10","7025","7025 - Dump after return from D3 before cmd "
"15/8/2025 9:12:43 p. m.","Información","Netwtw10","7026","7026 - Dump after return from D3 after cmd"
"15/8/2025 9:12:43 p. m.","Información","Netwtw10","7025","7025 - Dump after return from D3 before cmd "
"15/8/2025 9:10:43 p. m.","Información","Netwtw10","7026","7026 - Dump after return from D3 after cmd"
"15/8/2025 9:10:43 p. m.","Información","Netwtw10","7025","7025 - Dump after return from D3 before cmd "
"15/8/2025 9:08:43 p. m.","Información","Netwtw10","7026","7026 - Dump after return from D3 after cmd"
"15/8/2025 9:08:43 p. m.","Información","Netwtw10","7025","7025 - Dump after return from D3 before cmd "
"15/8/2025 9:06:43 p. m.","Información","Netwtw10","7026","7026 - Dump after return from D3 after cmd"
"15/8/2025 9:06:43 p. m.","Información","Netwtw10","7025","7025 - Dump after return from D3 before cmd "
"15/8/2025 9:04:43 p. m.","Información","Netwtw10","7026","7026 - Dump after return from D3 after cmd"
"15/8/2025 9:04:43 p. m.","Información","Netwtw10","7025","7025 - Dump after return from D3 before cmd "
"15/8/2025 9:02:43 p. m.","Información","Netwtw10","7026","7026 - Dump after return from D3 after cmd"
"15/8/2025 9:02:43 p. m.","Información","Netwtw10","7025","7025 - Dump after return from D3 before cmd "
"15/8/2025 9:00:42 p. m.","Información","Netwtw10","7026","7026 - Dump after return from D3 after cmd"
"15/8/2025 9:00:42 p. m.","Información","Netwtw10","7025","7025 - Dump after return from D3 before cmd "
"15/8/2025 8:58:42 p. m.","Información","Netwtw10","7026","7026 - Dump after return from D3 after cmd"
"15/8/2025 8:58:42 p. m.","Información","Netwtw10","7025","7025 - Dump after return from D3 before cmd "
"15/8/2025 8:56:43 p. m.","Información","Netwtw10","7026","7026 - Dump after return from D3 after cmd"
"15/8/2025 8:56:43 p. m.","Información","Netwtw10","7025","7025 - Dump after return from D3 before cmd "
"15/8/2025 8:54:42 p. m.","Información","Netwtw10","7026","7026 - Dump after return from D3 after cmd"
"15/8/2025 8:54:42 p. m.","Información","Netwtw10","7025","7025 - Dump after return from D3 before cmd "
"15/8/2025 8:52:42 p. m.","Información","Netwtw10","7026","7026 - Dump after return from D3 after cmd"
"15/8/2025 8:52:42 p. m.","Información","Netwtw10","7025","7025 - Dump after return from D3 before cmd "
"15/8/2025 8:50:42 p. m.","Información","Netwtw10","7026","7026 - Dump after return from D3 after cmd"
"15/8/2025 8:50:42 p. m.","Información","Netwtw10","7025","7025 - Dump after return from D3 before cmd "
"15/8/2025 8:48:42 p. m.","Información","Netwtw10","7026","7026 - Dump after return from D3 after cmd"
"15/8/2025 8:48:42 p. m.","Información","Netwtw10","7025","7025 - Dump after return from D3 before cmd "
"15/8/2025 8:48:04 p. m.","Información","Netwtw10","7026","7026 - Dump after return from D3 after cmd"
"15/8/2025 8:48:04 p. m.","Información","Netwtw10","7025","7025 - Dump after return from D3 before cmd "
"15/8/2025 8:47:02 p. m.","Información","Microsoft-Windows-WindowsUpdateClient","19","Instalación correcta: Windows instaló correctamente la siguiente actualización: 9NBLGGGZM6WM-ROBLOXCORPORATION.ROBLOX"
"15/8/2025 8:47:00 p. m.","Información","Microsoft-Windows-Kernel-General","16","El historial de accesos en el subárbol \??\C:\Users\PCTIC-05\AppData\Local\Packages\ROBLOXCORPORATION.ROBLOX_55nm5eh3cm0pr\Settings\settings.dat se borró mediante la actualización de 2 claves y la creación de 1 páginas modificadas."
"15/8/2025 8:46:59 p. m.","Información","Microsoft-Windows-WindowsUpdateClient","43","Instalación iniciada: Windows comenzó a instalar la actualización siguiente: 9NBLGGGZM6WM-ROBLOXCORPORATION.ROBLOX"
"15/8/2025 8:46:55 p. m.","Información","Microsoft-Windows-Kernel-General","16","El historial de accesos en el subárbol \??\C:\ProgramData\Microsoft\Windows\AppRepository\Packages\ROBLOXCORPORATION.ROBLOX_2.686.866.0_x64__55nm5eh3cm0pr\ActivationStore.dat se borró mediante la actualización de 0 claves y la creación de 0 páginas modificadas."
"15/8/2025 8:45:51 p. m.","Información","Microsoft-Windows-Kernel-Power","566","La sesión del sistema ha cambiado de 97 a 98.

Motivo InputMouse 

BootId: 12"
"15/8/2025 8:44:41 p. m.","Información","Microsoft-Windows-Kernel-Power","506","El sistema está entrando en el modo de espera moderno 

motivo: 16777220. "
"15/8/2025 8:44:41 p. m.","Información","Microsoft-Windows-Kernel-Power","566","La sesión del sistema ha cambiado de 96 a 97.

Motivo 16777220 

BootId: 12"
"15/8/2025 8:44:41 p. m.","Información","Microsoft-Windows-Kernel-Power","507","El sistema está saliendo del modo de espera moderno 

motivo: 16777220. "
"15/8/2025 8:44:40 p. m.","Información","Microsoft-Windows-Kernel-Power","566","La sesión del sistema ha cambiado de 95 a 96.

Motivo InputMouse 

BootId: 12"
"15/8/2025 8:44:38 p. m.","Información","Microsoft-Windows-Kernel-Power","506","El sistema está entrando en el modo de espera moderno 

motivo: 16777220. "
"15/8/2025 8:44:38 p. m.","Información","Microsoft-Windows-Kernel-Power","566","La sesión del sistema ha cambiado de 94 a 95.

Motivo 16777220 

BootId: 12"
"15/8/2025 8:44:38 p. m.","Información","Microsoft-Windows-Kernel-Power","507","El sistema está saliendo del modo de espera moderno 

motivo: 16777220. "
"15/8/2025 8:44:37 p. m.","Información","Microsoft-Windows-Kernel-Power","566","La sesión del sistema ha cambiado de 93 a 94.

Motivo InputMouse 

BootId: 12"
"15/8/2025 8:43:47 p. m.","Información","Microsoft-Windows-WindowsUpdateClient","19","Instalación correcta: Windows instaló correctamente la siguiente actualización: 9NBLGGH10PG8-MICROSOFT.PEOPLE"
"15/8/2025 8:43:41 p. m.","Información","Microsoft-Windows-WindowsUpdateClient","19","Instalación correcta: Windows instaló correctamente la siguiente actualización: 9WZDNCRD1HKW-Microsoft.XboxIdentityProvider"
"15/8/2025 8:43:40 p. m.","Información","Microsoft-Windows-WindowsUpdateClient","44","Windows Update comenzó a descargar una actualización."
"15/8/2025 8:43:33 p. m.","Información","Microsoft-Windows-WindowsUpdateClient","19","Instalación correcta: Windows instaló correctamente la siguiente actualización: 9NBLGGH537C2-Microsoft.XboxGameOverlay"
"15/8/2025 8:43:32 p. m.","Información","Microsoft-Windows-WindowsUpdateClient","44","Windows Update comenzó a descargar una actualización."
"15/8/2025 8:43:28 p. m.","Información","Microsoft-Windows-WindowsUpdateClient","44","Windows Update comenzó a descargar una actualización."
"15/8/2025 8:43:28 p. m.","Información","Microsoft-Windows-WindowsUpdateClient","44","Windows Update comenzó a descargar una actualización."
"15/8/2025 8:42:26 p. m.","Información","Microsoft-Windows-Kernel-Power","506","El sistema está entrando en el modo de espera moderno 

motivo: AC/DC Display Burst Suppressed. "
"15/8/2025 8:42:26 p. m.","Información","Microsoft-Windows-Kernel-Power","566","La sesión del sistema ha cambiado de 92 a 93.

Motivo InputMouse 

BootId: 12"
"15/8/2025 8:42:26 p. m.","Información","Microsoft-Windows-Kernel-Power","507","El sistema está saliendo del modo de espera moderno 

motivo: AC/DC Display Burst Suppressed. "
"15/8/2025 8:42:26 p. m.","Información","Microsoft-Windows-Kernel-Power","172","Estado de conectividad en modo de espera: Connected. Motivo: None"
"15/8/2025 8:42:26 p. m.","Información","Netwtw10","7026","7026 - Dump after return from D3 after cmd"
"15/8/2025 8:42:26 p. m.","Información","Netwtw10","7025","7025 - Dump after return from D3 before cmd "
"15/8/2025 8:42:26 p. m.","Información","Microsoft-Windows-Kernel-Power","105","Cambio de fuente de energía."
"15/8/2025 8:41:37 p. m.","Información","Microsoft-Windows-Kernel-Power","172","Estado de conectividad en modo de espera: Disconnected. Motivo: Adaptive Connected Standby"
"15/8/2025 8:41:25 p. m.","Información","Microsoft-Windows-Kernel-Power","566","La sesión del sistema ha cambiado de 91 a 92.

Motivo PolicyChange 

BootId: 12"
"15/8/2025 8:41:25 p. m.","Advertencia","Win32k","700","Administrador de energía solicitó la supresión de todas las entradas (INPUT_SUPPRESS_REQUEST = 1)"
"15/8/2025 8:41:25 p. m.","Advertencia","Win32k","700","Administrador de energía solicitó la supresión de todas las entradas (INPUT_SUPPRESS_REQUEST = 1)"
"15/8/2025 8:41:25 p. m.","Información","Microsoft-Windows-Kernel-Power","506","El sistema está entrando en el modo de espera moderno 

motivo: Lid. "
"15/8/2025 8:41:25 p. m.","Información","Microsoft-Windows-Kernel-Power","566","La sesión del sistema ha cambiado de 90 a 91.

Motivo PolicyChange 

BootId: 12"
"15/8/2025 8:22:23 p. m.","Información","TPM","17","El hardware del Módulo de plataforma segura (TPM) no pudo ejecutar un comando de TPM."
"15/8/2025 8:22:22 p. m.","Información","Microsoft-Windows-Kernel-General","16","El historial de accesos en el subárbol \??\C:\Users\PCTIC-05\AppData\Local\Packages\Microsoft.MicrosoftEdge.Stable_8wekyb3d8bbwe\Settings\settings.dat se borró mediante la actualización de 1 claves y la creación de 1 páginas modificadas."
"15/8/2025 8:22:22 p. m.","Información","TPM","17","El hardware del Módulo de plataforma segura (TPM) no pudo ejecutar un comando de TPM."
"15/8/2025 8:22:22 p. m.","Información","TPM","17","El hardware del Módulo de plataforma segura (TPM) no pudo ejecutar un comando de TPM."
"15/8/2025 8:22:19 p. m.","Información","Microsoft-Windows-IsolatedUserMode","5","Secure Trustlet NULL Id 0 and Pid 0 started with status STATUS_SUCCESS."
"15/8/2025 8:22:18 p. m.","Información","Microsoft-Windows-IsolatedUserMode","2","Secure Trustlet Id 0 and Pid 0 stopped with status STATUS_SUCCESS."
"15/8/2025 7:41:37 p. m.","Error","Microsoft-Windows-WindowsUpdateClient","20","Error de instalación: error de Windows al instalar la siguiente actualización, error 0x80073D02: 9MSMLRH6LZF3-Microsoft.WindowsNotepad."
"15/8/2025 7:41:37 p. m.","Información","Microsoft-Windows-WindowsUpdateClient","43","Instalación iniciada: Windows comenzó a instalar la actualización siguiente: 9MSMLRH6LZF3-Microsoft.WindowsNotepad"
"15/8/2025 7:41:33 p. m.","Información","Microsoft-Windows-Kernel-General","16","El historial de accesos en el subárbol \??\C:\ProgramData\Microsoft\Windows\AppRepository\Packages\Microsoft.WindowsNotepad_11.2506.35.0_x64__8wekyb3d8bbwe\ActivationStore.dat se borró mediante la actualización de 0 claves y la creación de 0 páginas modificadas."
"15/8/2025 7:40:55 p. m.","Información","Microsoft-Windows-WindowsUpdateClient","44","Windows Update comenzó a descargar una actualización."
"15/8/2025 7:40:55 p. m.","Información","Microsoft-Windows-WindowsUpdateClient","44","Windows Update comenzó a descargar una actualización."
"15/8/2025 7:37:28 p. m.","Información","Microsoft-Windows-WindowsUpdateClient","19","Instalación correcta: Windows instaló correctamente la siguiente actualización: Actualización de inteligencia de seguridad para Microsoft Defender Antivirus - KB2267602 (versión 1.435.212.0) - Canal actual (ampliado)"
"15/8/2025 7:37:17 p. m.","Información","Microsoft-Windows-WindowsUpdateClient","43","Instalación iniciada: Windows comenzó a instalar la actualización siguiente: Actualización de inteligencia de seguridad para Microsoft Defender Antivirus - KB2267602 (versión 1.435.212.0) - Canal actual (ampliado)"
"15/8/2025 7:37:17 p. m.","Información","Microsoft-Windows-WindowsUpdateClient","44","Windows Update comenzó a descargar una actualización."
"15/8/2025 7:28:27 p. m.","Información","Microsoft-Windows-Kernel-General","16","El historial de accesos en el subárbol \??\C:\ProgramData\Packages\Microsoft.XboxGamingOverlay_8wekyb3d8bbwe\S-1-5-21-72991934-2165796093-3938425774-1001\SystemAppData\Helium\Cache\97376a2aa1be2ae2_COM15.dat se borró mediante la actualización de 1 claves y la creación de 1 páginas modificadas."
"15/8/2025 7:24:57 p. m.","Información","Microsoft-Windows-Kernel-General","15","El subárbol \SystemRoot\System32\config\DRIVERS se reorganizó con un tamaño inicial de 7823360 bytes y un tamaño final de 7786496 bytes."
"15/8/2025 7:23:11 p. m.","Información","TPM","17","El hardware del Módulo de plataforma segura (TPM) no pudo ejecutar un comando de TPM."
"15/8/2025 7:22:50 p. m.","Error","Service Control Manager","7011","Se agotó el tiempo de espera (30000 ms) para la respuesta de transacción del servicio WinDefend."
"15/8/2025 7:22:38 p. m.","Información","Microsoft-Windows-TPM-WMI","1038","Las comprobaciones de estado de la atestación previa confirman que se espera que el dispositivo supere la atestación.
 Consulte C:\WINDOWS\Logs\MeasuredBoot\0000000033-0000000007.json para obtener información detallada sobre las comprobaciones realizadas."
"15/8/2025 7:22:38 p. m.","Información","Microsoft-Windows-TPM-WMI","1041","Información detallada sobre la comprobación del estado de la atestación previa: {""Version"":1,""HealthStatus"":""Attestable"",""Required"":[{""Field"":""TpmPresent"",""Value"":true,""DesiredValue"":true},{""Field"":""TpmMeetsMinimumVersion"",""Value"":true,""DesiredValue"":true},{""Field"":""TpmIsResponsive"",""Value"":true,""DesiredValue"":true},{""Field"":""EkCertIsAvailable"",""Value"":true,""DesiredValue"":true},{""Field"":""TcgLogFound"",""Value"":true,""DesiredValue"":true}],""Expected"":[{""Field"":""PcrsMatchTcgLog"",""Value"":true,""DesiredValue"":true}],""Informational"":[{""Field"":""SecureBootEnabled"",""ValueFromComputer"":true,""ValueFromTcgLog"":true,""DesiredValue"":true,""TcgValueIsVerifiable"":true},{""Field"":""VirtualSecureMemory"",""ValueFromComputer"":false,""ValueFromTcgLog"":false,""DesiredValue"":true,""TcgValueIsVerifiable"":true},{""Field"":""SecureCorePCCompliant"",""ValueFromComputer"":false,""ValueFromTcgLog"":false,""DesiredValue"":true,""TcgValueIsVerifiable"":true}]}"
"15/8/2025 7:22:28 p. m.","Información","Microsoft-Windows-Hyper-V-VmSwitch","291","Descarga de RSC modificada para la 6598FD11-7307-4DD7-8E4A-3EC4FB88B3D3--CB46B844-0AB4-4DF5-B08A-4E8E3BD5AEE5 NIC (nombre descriptivo: ) IPv4 anterior: Deshabilitado, IPv4 actual: Deshabilitado, IPv6 anterior: Deshabilitado, IPv6 actual: Deshabilitado. Motivo: OID de RSC"
"15/8/2025 7:22:28 p. m.","Información","Microsoft-Windows-Hyper-V-VmSwitch","102","Networking driver in 6598FD11-7307-4DD7-8E4A-3EC4FB88B3D3 is loaded and the protocol version is negotiated to the most recent version (Virtual machine ID 6598FD11-7307-4DD7-8E4A-3EC4FB88B3D3)."
"15/8/2025 7:22:26 p. m.","Información","Microsoft-Windows-Hyper-V-VmSwitch","291","Descarga de RSC modificada para la 6598FD11-7307-4DD7-8E4A-3EC4FB88B3D3--CB46B844-0AB4-4DF5-B08A-4E8E3BD5AEE5 NIC (nombre descriptivo: ) IPv4 anterior: Deshabilitado, IPv4 actual: Deshabilitado, IPv6 anterior: Deshabilitado, IPv6 actual: Deshabilitado. Motivo: OID de RSC"
"15/8/2025 7:22:25 p. m.","Información","Microsoft-Windows-Hyper-V-VmSwitch","102","Networking driver in 6598FD11-7307-4DD7-8E4A-3EC4FB88B3D3 is loaded and the protocol version is negotiated to the most recent version (Virtual machine ID 6598FD11-7307-4DD7-8E4A-3EC4FB88B3D3)."
"15/8/2025 7:22:21 p. m.","Información","Microsoft-Windows-Power-Troubleshooter","1","El sistema estaba en un estado de baja energía y se reanudó.

Hora de suspensión: ‎2025‎-‎08‎-‎15T10:37:50.671540700Z
Hora de reactivación: ‎2025‎-‎08‎-‎15T23:22:15.330065200Z

Origen de la reactivación: Unknown"
"15/8/2025 7:22:20 p. m.","Información","nhi","9007","The driver entered RTD3.
 All the connected devices will be removed from driver's internal state, so it is expected that DeviceDisconnected events will happen."
"15/8/2025 7:22:18 p. m.","Información","Microsoft-Windows-Time-Service","37","El proveedor de hora NtpClient está recibiendo datos de hora  válidos desde time.windows.com,0x9 (ntp.m|0x9|0.0.0.0:123->40.119.6.228:123)."
"15/8/2025 7:22:17 p. m.","Advertencia","rt640x64","1","Realtek PCIe GbE Family Controller is disconnected from network."
"15/8/2025 7:22:16 p. m.","Advertencia","Netwtw10","6062","6062 - Lso was triggered"
"15/8/2025 7:22:15 p. m.","Error","Microsoft-Windows-NDIS","10317","Minipuerto Microsoft Wi-Fi Direct Virtual Adapter #2, {79f38f0f-3b2e-4931-b16b-3a5d8eb7dab9}, tuvo el evento Fatal error: The miniport has failed a power transition to operational power"
"15/8/2025 7:22:15 p. m.","Información","WiManH","2",
"15/8/2025 7:22:15 p. m.","Información","Intel-SST-OED","28","Loaded DSP FW library: \??\C:\WINDOWS\System32\DriverStore\FileRepository\intcoed_oemlibpath.inf_amd64_69401f7e35684734\tgl_maxx_audio_pro.bin, status = STATUS_SUCCESS."
"15/8/2025 7:22:15 p. m.","Información","VfpExt","7036","El servicio  entró en estado Filter restart complete."
"15/8/2025 7:22:15 p. m.","Información","VfpExt","7036","El servicio  entró en estado Filter restart start."
"15/8/2025 7:22:15 p. m.","Información","VfpExt","7036","El servicio  entró en estado Filter attach complete."
"15/8/2025 7:22:15 p. m.","Información","VfpExt","7036","El servicio  entró en estado Filter attach start."
"15/8/2025 7:22:15 p. m.","Información","Intel-SST-OED","28","Loaded DSP FW library: Libs\dsp_lib_whm_tgl_release.bin, status = STATUS_SUCCESS."
"15/8/2025 7:22:15 p. m.","Información","Intel-SST-OED","28","Loaded DSP FW library: Libs\dsp_lib_intel_wov_tgl_release.bin, status = STATUS_SUCCESS."
"15/8/2025 7:22:15 p. m.","Información","Netwtw10","7021","7021 - Connection telemetry fields and analysis usage"
"15/8/2025 7:22:15 p. m.","Información","Microsoft-Windows-Kernel-Power","566","La sesión del sistema ha cambiado de 88 a 90.

Motivo PolicyChange 

BootId: 12"
"15/8/2025 7:22:15 p. m.","Información","Microsoft-Windows-Kernel-Power","507","El sistema está saliendo del modo de espera moderno 

motivo: Lid. "
"15/8/2025 7:22:15 p. m.","Información","Microsoft-Windows-Kernel-Power","506","El sistema está entrando en el modo de espera moderno 

motivo: Sleep, Hibernate, or Shutdown. "
