"10/8/2025 1:40:16 a. m.","Información","Microsoft-Windows-Kernel-Power","566","La sesión del sistema ha cambiado de 56 a 57.

Motivo PolicyChange 

BootId: 11"
"10/8/2025 1:40:16 a. m.","Advertencia","Win32k","700","Administrador de energía solicitó la supresión de todas las entradas (INPUT_SUPPRESS_REQUEST = 1)"
"10/8/2025 1:40:16 a. m.","Advertencia","Win32k","700","Administrador de energía solicitó la supresión de todas las entradas (INPUT_SUPPRESS_REQUEST = 1)"
"10/8/2025 1:40:16 a. m.","Información","Microsoft-Windows-Kernel-Power","506","El sistema está entrando en el modo de espera moderno 

motivo: Lid. "
"10/8/2025 1:40:16 a. m.","Información","Microsoft-Windows-Kernel-Power","566","La sesión del sistema ha cambiado de 55 a 56.

Motivo PolicyChange 

BootId: 11"
"10/8/2025 12:27:43 a. m.","Información","Microsoft-Windows-WindowsUpdateClient","19","Instalación correcta: Windows instaló correctamente la siguiente actualización: Actualización de inteligencia de seguridad para Microsoft Defender Antivirus - KB2267602 (versión 1.435.83.0) - Canal actual (ampliado)"
"10/8/2025 12:27:22 a. m.","Información","Microsoft-Windows-WindowsUpdateClient","43","Instalación iniciada: Windows comenzó a instalar la actualización siguiente: Actualización de inteligencia de seguridad para Microsoft Defender Antivirus - KB2267602 (versión 1.435.83.0) - Canal actual (ampliado)"
"10/8/2025 12:27:20 a. m.","Información","Microsoft-Windows-WindowsUpdateClient","44","Windows Update comenzó a descargar una actualización."
"9/8/2025 11:21:10 p. m.","Información","Microsoft-Windows-HttpService","114","Se quitó la dirección URL (http://*:2869/upnp/eventing/) del grupo de direcciones URL (0xFE00000520000001). Id. de proceso 0x25C0 ruta de acceso ejecutable \Device\HarddiskVolume3\Windows\System32\svchost.exe, S-1-5-19  de usuario"
"9/8/2025 10:43:36 p. m.","Información","Microsoft-Windows-WindowsUpdateClient","19","Instalación correcta: Windows instaló correctamente la siguiente actualización: 9NBLGGH4LS1F-Microsoft.StorePurchaseApp"
"9/8/2025 10:43:34 p. m.","Información","Microsoft-Windows-WindowsUpdateClient","43","Instalación iniciada: Windows comenzó a instalar la actualización siguiente: 9NBLGGH4LS1F-Microsoft.StorePurchaseApp"
"9/8/2025 10:43:32 p. m.","Información","Microsoft-Windows-Kernel-General","16","El historial de accesos en el subárbol \??\C:\ProgramData\Microsoft\Windows\AppRepository\Packages\Microsoft.StorePurchaseApp_22506.1401.4.0_x64__8wekyb3d8bbwe\ActivationStore.dat se borró mediante la actualización de 0 claves y la creación de 0 páginas modificadas."
"9/8/2025 10:42:05 p. m.","Error","Microsoft-Windows-WindowsUpdateClient","20","Error de instalación: error de Windows al instalar la siguiente actualización, error 0x80073D02: 9NMPJ99VJBWV-Microsoft.YourPhone."
"9/8/2025 10:42:04 p. m.","Información","Microsoft-Windows-WindowsUpdateClient","43","Instalación iniciada: Windows comenzó a instalar la actualización siguiente: 9NMPJ99VJBWV-Microsoft.YourPhone"
"9/8/2025 10:42:04 p. m.","Información","Microsoft-Windows-WindowsUpdateClient","44","Windows Update comenzó a descargar una actualización."
"9/8/2025 10:42:03 p. m.","Error","Microsoft-Windows-WindowsUpdateClient","20","Error de instalación: error de Windows al instalar la siguiente actualización, error 0x80073D02: 9NTXGKQ8P7N0-MicrosoftWindows.CrossDevice."
"9/8/2025 10:42:02 p. m.","Información","Microsoft-Windows-WindowsUpdateClient","43","Instalación iniciada: Windows comenzó a instalar la actualización siguiente: 9NTXGKQ8P7N0-MicrosoftWindows.CrossDevice"
"9/8/2025 10:41:56 p. m.","Información","Microsoft-Windows-WindowsUpdateClient","44","Windows Update comenzó a descargar una actualización."
"9/8/2025 10:41:56 p. m.","Información","Microsoft-Windows-WindowsUpdateClient","44","Windows Update comenzó a descargar una actualización."
"9/8/2025 10:41:56 p. m.","Información","Microsoft-Windows-WindowsUpdateClient","44","Windows Update comenzó a descargar una actualización."
"9/8/2025 10:41:35 p. m.","Información","Microsoft-Windows-WindowsUpdateClient","19","Instalación correcta: Windows instaló correctamente la siguiente actualización: Actualización de inteligencia de seguridad para Microsoft Defender Antivirus - KB2267602 (versión 1.435.82.0) - Canal actual (ampliado)"
"9/8/2025 10:41:12 p. m.","Información","Microsoft-Windows-WindowsUpdateClient","43","Instalación iniciada: Windows comenzó a instalar la actualización siguiente: Actualización de inteligencia de seguridad para Microsoft Defender Antivirus - KB2267602 (versión 1.435.82.0) - Canal actual (ampliado)"
"9/8/2025 10:41:07 p. m.","Información","Microsoft-Windows-WindowsUpdateClient","44","Windows Update comenzó a descargar una actualización."
"9/8/2025 10:27:56 p. m.","Información","Microsoft-Windows-HttpService","113","Se intentó agregar la dirección URL (http://*:2869/upnp/eventing/) al grupo de direcciones URL (0xFE00000520000001). Estado: 0x0. Id. de proceso 0x25C0 ruta de acceso ejecutable \Device\HarddiskVolume3\Windows\System32\svchost.exe, S-1-5-19  de usuario"
"9/8/2025 10:27:56 p. m.","Información","Microsoft-Windows-HttpService","114","Se quitó la dirección URL (http://*:2869/upnp/eventing/) del grupo de direcciones URL (0xFE00000120000007). Id. de proceso 0x25C0 ruta de acceso ejecutable \Device\HarddiskVolume3\Windows\System32\svchost.exe, S-1-5-19  de usuario"
"9/8/2025 10:27:56 p. m.","Información","Microsoft-Windows-HttpService","113","Se intentó agregar la dirección URL (http://*:2869/upnp/eventing/) al grupo de direcciones URL (0xFE00000120000007). Estado: 0x0. Id. de proceso 0x25C0 ruta de acceso ejecutable \Device\HarddiskVolume3\Windows\System32\svchost.exe, S-1-5-19  de usuario"
"9/8/2025 10:27:56 p. m.","Información","Microsoft-Windows-HttpService","114","Se quitó la dirección URL (http://*:2869/upnp/eventing/) del grupo de direcciones URL (0xFE00000120000006). Id. de proceso 0x25C0 ruta de acceso ejecutable \Device\HarddiskVolume3\Windows\System32\svchost.exe, S-1-5-19  de usuario"
"9/8/2025 10:26:05 p. m.","Información","Microsoft-Windows-HttpService","113","Se intentó agregar la dirección URL (http://*:2869/upnp/eventing/) al grupo de direcciones URL (0xFE00000120000006). Estado: 0x0. Id. de proceso 0x25C0 ruta de acceso ejecutable \Device\HarddiskVolume3\Windows\System32\svchost.exe, S-1-5-19  de usuario"
"9/8/2025 10:26:05 p. m.","Información","Microsoft-Windows-HttpService","114","Se quitó la dirección URL (http://*:2869/upnp/eventing/) del grupo de direcciones URL (0xFE00000120000005). Id. de proceso 0x25C0 ruta de acceso ejecutable \Device\HarddiskVolume3\Windows\System32\svchost.exe, S-1-5-19  de usuario"
"9/8/2025 10:26:05 p. m.","Información","Microsoft-Windows-HttpService","113","Se intentó agregar la dirección URL (http://*:2869/upnp/eventing/) al grupo de direcciones URL (0xFE00000120000005). Estado: 0x0. Id. de proceso 0x25C0 ruta de acceso ejecutable \Device\HarddiskVolume3\Windows\System32\svchost.exe, S-1-5-19  de usuario"
"9/8/2025 10:26:05 p. m.","Información","Microsoft-Windows-HttpService","114","Se quitó la dirección URL (http://*:2869/upnp/eventing/) del grupo de direcciones URL (0xFE00000120000004). Id. de proceso 0x25C0 ruta de acceso ejecutable \Device\HarddiskVolume3\Windows\System32\svchost.exe, S-1-5-19  de usuario"
"9/8/2025 10:21:31 p. m.","Información","Microsoft-Windows-Time-Service","37","El proveedor de hora NtpClient está recibiendo datos de hora  válidos desde time.windows.com,0x9 (ntp.m|0x9|0.0.0.0:123->40.119.6.228:123)."
"9/8/2025 10:21:16 p. m.","Información","Microsoft-Windows-Kernel-General","15","El subárbol \??\C:\WINDOWS\System32\SMI\Store\Machine\schema.dat se reorganizó con un tamaño inicial de 10878976 bytes y un tamaño final de 10862592 bytes."
"9/8/2025 10:21:16 p. m.","Información","Microsoft-Windows-Kernel-General","16","El historial de accesos en el subárbol \??\C:\WINDOWS\System32\config\COMPONENTS se borró mediante la actualización de 109003 claves y la creación de 12949 páginas modificadas."
"9/8/2025 10:21:06 p. m.","Información","Microsoft-Windows-HttpService","113","Se intentó agregar la dirección URL (http://*:2869/upnp/eventing/) al grupo de direcciones URL (0xFE00000120000004). Estado: 0x0. Id. de proceso 0x25C0 ruta de acceso ejecutable \Device\HarddiskVolume3\Windows\System32\svchost.exe, S-1-5-19  de usuario"
"9/8/2025 10:21:05 p. m.","Información","Microsoft-Windows-HttpService","114","Se quitó la dirección URL (http://*:2869/upnp/eventing/) del grupo de direcciones URL (0xFE00000020000005). Id. de proceso 0x25C0 ruta de acceso ejecutable \Device\HarddiskVolume3\Windows\System32\svchost.exe, S-1-5-19  de usuario"
"9/8/2025 10:21:05 p. m.","Información","Microsoft-Windows-HttpService","113","Se intentó agregar la dirección URL (http://*:2869/upnp/eventing/) al grupo de direcciones URL (0xFE00000020000005). Estado: 0x0. Id. de proceso 0x25C0 ruta de acceso ejecutable \Device\HarddiskVolume3\Windows\System32\svchost.exe, S-1-5-19  de usuario"
"9/8/2025 10:21:05 p. m.","Información","Microsoft-Windows-HttpService","114","Se quitó la dirección URL (http://*:2869/upnp/eventing/) del grupo de direcciones URL (0xFE00000020000004). Id. de proceso 0x25C0 ruta de acceso ejecutable \Device\HarddiskVolume3\Windows\System32\svchost.exe, S-1-5-19  de usuario"
"9/8/2025 10:21:04 p. m.","Información","Microsoft-Windows-TPM-WMI","1038","Las comprobaciones de estado de la atestación previa confirman que se espera que el dispositivo supere la atestación.
 Consulte C:\WINDOWS\Logs\MeasuredBoot\0000000032-0000000004.json para obtener información detallada sobre las comprobaciones realizadas."
"9/8/2025 10:21:04 p. m.","Información","Microsoft-Windows-TPM-WMI","1041","Información detallada sobre la comprobación del estado de la atestación previa: {""Version"":1,""HealthStatus"":""Attestable"",""Required"":[{""Field"":""TpmPresent"",""Value"":true,""DesiredValue"":true},{""Field"":""TpmMeetsMinimumVersion"",""Value"":true,""DesiredValue"":true},{""Field"":""TpmIsResponsive"",""Value"":true,""DesiredValue"":true},{""Field"":""EkCertIsAvailable"",""Value"":true,""DesiredValue"":true},{""Field"":""TcgLogFound"",""Value"":true,""DesiredValue"":true}],""Expected"":[{""Field"":""PcrsMatchTcgLog"",""Value"":true,""DesiredValue"":true}],""Informational"":[{""Field"":""SecureBootEnabled"",""ValueFromComputer"":true,""ValueFromTcgLog"":true,""DesiredValue"":true,""TcgValueIsVerifiable"":true},{""Field"":""VirtualSecureMemory"",""ValueFromComputer"":false,""ValueFromTcgLog"":false,""DesiredValue"":true,""TcgValueIsVerifiable"":true},{""Field"":""SecureCorePCCompliant"",""ValueFromComputer"":false,""ValueFromTcgLog"":false,""DesiredValue"":true,""TcgValueIsVerifiable"":true}]}"
"9/8/2025 10:21:02 p. m.","Información","Microsoft-Windows-HttpService","113","Se intentó agregar la dirección URL (http://*:2869/upnp/eventing/) al grupo de direcciones URL (0xFE00000020000004). Estado: 0x0. Id. de proceso 0x25C0 ruta de acceso ejecutable \Device\HarddiskVolume3\Windows\System32\svchost.exe, S-1-5-19  de usuario"
"9/8/2025 10:21:01 p. m.","Información","Microsoft-Windows-HttpService","114","Se quitó la dirección URL (http://*:2869/upnp/eventing/) del grupo de direcciones URL (0xFE00000320000002). Id. de proceso 0x25C0 ruta de acceso ejecutable \Device\HarddiskVolume3\Windows\System32\svchost.exe, S-1-5-19  de usuario"
"9/8/2025 10:21:01 p. m.","Información","Microsoft-Windows-HttpService","113","Se intentó agregar la dirección URL (http://*:2869/upnp/eventing/) al grupo de direcciones URL (0xFE00000320000002). Estado: 0x0. Id. de proceso 0x25C0 ruta de acceso ejecutable \Device\HarddiskVolume3\Windows\System32\svchost.exe, S-1-5-19  de usuario"
"9/8/2025 10:21:00 p. m.","Información","nhi","9007","The driver entered RTD3.
 All the connected devices will be removed from driver's internal state, so it is expected that DeviceDisconnected events will happen."
"9/8/2025 10:20:57 p. m.","Advertencia","rt640x64","1","Realtek PCIe GbE Family Controller is disconnected from network."
"9/8/2025 10:20:57 p. m.","Información","Microsoft-Windows-Power-Troubleshooter","1","El sistema estaba en un estado de baja energía y se reanudó.

Hora de suspensión: ‎2025‎-‎08‎-‎09T12:35:08.088673100Z
Hora de reactivación: ‎2025‎-‎08‎-‎10T02:20:55.327531000Z

Origen de la reactivación: Unknown"
"9/8/2025 10:20:57 p. m.","Advertencia","Netwtw10","6062","6062 - Lso was triggered"
"9/8/2025 10:20:56 p. m.","Advertencia","Microsoft-Windows-Time-Service","134","NtpClient no pudo establecer un sistema del mismo nivel manual para usar como origen de la hora debido a un error de resolución de DNS en 'time.windows.com,0x9'. NtpClient lo intentará de nuevo dentro de 15 minutos y doblará el intervalo de reintento en adelante. Error: Host desconocido. (0x80072AF9)"
"9/8/2025 10:20:55 p. m.","Información","Microsoft-Windows-Kernel-Power","566","La sesión del sistema ha cambiado de 53 a 55.

Motivo PolicyChange 

BootId: 11"
"9/8/2025 10:20:55 p. m.","Información","Microsoft-Windows-Kernel-Power","507","El sistema está saliendo del modo de espera moderno 

motivo: Lid. "
"9/8/2025 10:20:55 p. m.","Información","Netwtw10","7021","7021 - Connection telemetry fields and analysis usage"
"9/8/2025 10:20:55 p. m.","Información","Microsoft-Windows-Kernel-Power","506","El sistema está entrando en el modo de espera moderno 

motivo: Sleep, Hibernate, or Shutdown. "
"9/8/2025 10:20:55 p. m.","Información","Microsoft-Windows-Kernel-Power","566","La sesión del sistema ha cambiado de 52 a 53.

Motivo SxTransition 

BootId: 11"
"9/8/2025 10:20:55 p. m.","Información","Microsoft-Windows-Kernel-Boot","247","No se puede cargar el firmware de Pluton-Windows. StatusCode: STATUS_SUCCESS, Motivo: Failed to apply firmware."
"9/8/2025 10:20:55 p. m.","Información","Microsoft-Windows-Kernel-Boot","27","El tipo de arranque fue 0x2."
"9/8/2025 10:20:55 p. m.","Información","Microsoft-Windows-Kernel-Boot","25","La directiva del menú de arranque fue 0x0."
"9/8/2025 10:20:55 p. m.","Información","Microsoft-Windows-Kernel-Boot","32","Bootmgr esperó la entrada del usuario durante 0 ms."
"9/8/2025 10:20:55 p. m.","Información","Microsoft-Windows-Kernel-Boot","18","Existen 0x1 opciones de arranque en este sistema."
"9/8/2025 10:20:55 p. m.","Información","Microsoft-Windows-Kernel-Boot","30","El firmware notificó métricas de arranque."
"9/8/2025 10:20:55 p. m.","Error","Microsoft-Windows-NDIS","10317","Minipuerto Microsoft Wi-Fi Direct Virtual Adapter #2, {79f38f0f-3b2e-4931-b16b-3a5d8eb7dab9}, tuvo el evento Fatal error: The miniport has failed a power transition to operational power"
"9/8/2025 10:20:55 p. m.","Información","Intel-SST-OED","28","Loaded DSP FW library: \??\C:\WINDOWS\System32\DriverStore\FileRepository\intcoed_oemlibpath.inf_amd64_69401f7e35684734\tgl_maxx_audio_pro.bin, status = STATUS_SUCCESS."
"9/8/2025 10:20:55 p. m.","Información","Netwtw10","7023","7023 - secure boot debug logging Quasar"
"9/8/2025 10:20:54 p. m.","Información","Intel-SST-OED","28","Loaded DSP FW library: Libs\dsp_lib_whm_tgl_release.bin, status = STATUS_SUCCESS."
"9/8/2025 10:20:54 p. m.","Información","Intel-SST-OED","28","Loaded DSP FW library: Libs\dsp_lib_intel_wov_tgl_release.bin, status = STATUS_SUCCESS."
"9/8/2025 10:20:54 p. m.","Información","WiManH","2",
"9/8/2025 10:20:54 p. m.","Advertencia","TPM","30","El recuento de restablecimiento y/o reanudación no coinciden con los valores esperados después de hibernar o reanudar."
"9/8/2025 10:20:54 p. m.","Información","Netwtw10","7025","7025 - Dump after return from D3 before cmd "
"9/8/2025 10:20:54 p. m.","Advertencia","Win32k","701","Administrador de energía no solicitó la supresión de todas las entradas (INPUT_SUPPRESS_REQUEST = 0)"
"9/8/2025 10:20:54 p. m.","Advertencia","Win32k","701","Administrador de energía no solicitó la supresión de todas las entradas (INPUT_SUPPRESS_REQUEST = 0)"
"9/8/2025 10:20:54 p. m.","Información","Microsoft-Windows-Kernel-General","1","La hora del sistema ha cambiado a ‎2025‎-‎08‎-‎10T02:20:54.500000000Z de ‎2025‎-‎08‎-‎09T12:35:15.121471000Z.
Diferencia horaria: 49539378 ms

Motivo del cambio: System time synchronized with the hardware clock.
Proceso: '' (PID 4).

Hora de RTC: ‎2025‎-‎08‎-‎09T22:20:54.500000000Z
Diferencia de zona horaria actual: 240
hora RTC es UTC: false
La hora del sistema se basaba en la hora RTC: false"
"9/8/2025 10:20:55 p. m.","Información","EventLog","6013","El tiempo límite del sistema es de 339704 segundos."
"9/8/2025 8:35:15 a. m.","Información","Microsoft-Windows-Kernel-Power","107","El sistema se reanudó del estado de suspensión."
"9/8/2025 8:35:13 a. m.","Información","Microsoft-Windows-Kernel-Power","42","El sistema está entrando en suspensión.

Motivo de la suspensión: Hibernate from Sleep - Standby Battery Budget Exceeded"
"9/8/2025 8:35:13 a. m.","Información","Microsoft-Windows-Kernel-Power","40","El controlador \Driver\ACPI del dispositivo  detuvo la transición de energía."
"9/8/2025 8:35:12 a. m.","Información","nhi","9008","Driver exit RTD3.
 All the connected devices will now cause DeviceConnected events."
"9/8/2025 8:35:10 a. m.","Advertencia","Netwtw10","6062","6062 - Lso was triggered"
"9/8/2025 8:35:09 a. m.","Información","Netwtw10","7021","7021 - Connection telemetry fields and analysis usage"
"9/8/2025 8:35:08 a. m.","Advertencia","Microsoft-Windows-Time-Service","134","NtpClient no pudo establecer un sistema del mismo nivel manual para usar como origen de la hora debido a un error de resolución de DNS en 'time.windows.com,0x9'. NtpClient lo intentará de nuevo dentro de 15 minutos y doblará el intervalo de reintento en adelante. Error: Host desconocido. (0x80072AF9)"
"9/8/2025 8:35:08 a. m.","Información","Microsoft-Windows-Kernel-Power","566","La sesión del sistema ha cambiado de 51 a 52.

Motivo SxTransition 

BootId: 11"
"9/8/2025 8:35:08 a. m.","Información","Microsoft-Windows-Kernel-Power","507","El sistema está saliendo del modo de espera moderno 

motivo: Sleep, Hibernate, or Shutdown. "
"9/8/2025 8:35:08 a. m.","Información","Microsoft-Windows-Kernel-Power","172","Estado de conectividad en modo de espera: Connected. Motivo: None"
"9/8/2025 8:35:08 a. m.","Información","Netwtw10","7026","7026 - Dump after return from D3 after cmd"
"9/8/2025 8:35:08 a. m.","Información","Netwtw10","7025","7025 - Dump after return from D3 before cmd "
"9/8/2025 6:50:18 a. m.","Información","Microsoft-Windows-Kernel-Power","172","Estado de conectividad en modo de espera: Disconnected. Motivo: Policy Setting"
"9/8/2025 6:50:11 a. m.","Información","Microsoft-Windows-Kernel-Power","566","La sesión del sistema ha cambiado de 50 a 51.

Motivo 55 

BootId: 11"
"9/8/2025 6:50:06 a. m.","Información","Microsoft-Windows-Kernel-Power","506","El sistema está entrando en el modo de espera moderno 

motivo: Austerity Battery Drain Budget Exceeded. "
"9/8/2025 6:50:06 a. m.","Información","Microsoft-Windows-Kernel-Power","566","La sesión del sistema ha cambiado de 49 a 50.

Motivo 55 

BootId: 11"
"9/8/2025 6:50:06 a. m.","Información","Microsoft-Windows-Kernel-Power","507","El sistema está saliendo del modo de espera moderno 

motivo: Austerity Battery Drain Budget Exceeded. "
"9/8/2025 6:50:06 a. m.","Información","Microsoft-Windows-Kernel-Power","172","Estado de conectividad en modo de espera: Connected. Motivo: None"
"9/8/2025 6:50:06 a. m.","Información","Netwtw10","7026","7026 - Dump after return from D3 after cmd"
"9/8/2025 6:50:06 a. m.","Información","Netwtw10","7025","7025 - Dump after return from D3 before cmd "
"9/8/2025 6:36:25 a. m.","Información","Microsoft-Windows-Kernel-Power","172","Estado de conectividad en modo de espera: Disconnected. Motivo: Adaptive Connected Standby"
"9/8/2025 6:36:17 a. m.","Información","Microsoft-Windows-Kernel-Power","566","La sesión del sistema ha cambiado de 48 a 49.

Motivo InputMouse 

BootId: 11"
"9/8/2025 6:36:15 a. m.","Advertencia","rt640x64","1","Realtek PCIe GbE Family Controller is disconnected from network."
"9/8/2025 6:36:12 a. m.","Información","Microsoft-Windows-Kernel-Power","506","El sistema está entrando en el modo de espera moderno 

motivo: AC/DC Display Burst Suppressed. "
"9/8/2025 6:36:12 a. m.","Información","Microsoft-Windows-Kernel-Power","566","La sesión del sistema ha cambiado de 47 a 48.

Motivo InputMouse 

BootId: 11"
"9/8/2025 6:36:12 a. m.","Información","Microsoft-Windows-Kernel-Power","507","El sistema está saliendo del modo de espera moderno 

motivo: AC/DC Display Burst Suppressed. "
"9/8/2025 6:36:12 a. m.","Información","Netwtw10","7026","7026 - Dump after return from D3 after cmd"
"9/8/2025 6:36:12 a. m.","Información","Netwtw10","7025","7025 - Dump after return from D3 before cmd "
"9/8/2025 6:36:12 a. m.","Información","Microsoft-Windows-Kernel-Power","105","Cambio de fuente de energía."
"9/8/2025 6:31:37 a. m.","Información","nhi","9007","The driver entered RTD3.
 All the connected devices will be removed from driver's internal state, so it is expected that DeviceDisconnected events will happen."
"9/8/2025 6:31:32 a. m.","Información","nhi","9008","Driver exit RTD3.
 All the connected devices will now cause DeviceConnected events."
"9/8/2025 6:31:32 a. m.","Información","Netwtw10","7026","7026 - Dump after return from D3 after cmd"
"9/8/2025 6:31:32 a. m.","Información","Netwtw10","7025","7025 - Dump after return from D3 before cmd "
"9/8/2025 6:31:25 a. m.","Información","Netwtw10","7026","7026 - Dump after return from D3 after cmd"
"9/8/2025 6:31:25 a. m.","Información","Netwtw10","7025","7025 - Dump after return from D3 before cmd "
"9/8/2025 6:24:33 a. m.","Información","nhi","9007","The driver entered RTD3.
 All the connected devices will be removed from driver's internal state, so it is expected that DeviceDisconnected events will happen."
"9/8/2025 6:24:28 a. m.","Información","Netwtw10","7026","7026 - Dump after return from D3 after cmd"
"9/8/2025 6:24:28 a. m.","Información","Netwtw10","7025","7025 - Dump after return from D3 before cmd "
"9/8/2025 6:24:28 a. m.","Información","nhi","9008","Driver exit RTD3.
 All the connected devices will now cause DeviceConnected events."
"9/8/2025 6:24:25 a. m.","Información","Netwtw10","7026","7026 - Dump after return from D3 after cmd"
"9/8/2025 6:24:25 a. m.","Información","Netwtw10","7025","7025 - Dump after return from D3 before cmd "
"9/8/2025 6:18:58 a. m.","Información","nhi","9007","The driver entered RTD3.
 All the connected devices will be removed from driver's internal state, so it is expected that DeviceDisconnected events will happen."
"9/8/2025 6:17:27 a. m.","Información","Netwtw10","7026","7026 - Dump after return from D3 after cmd"
"9/8/2025 6:17:27 a. m.","Información","Netwtw10","7025","7025 - Dump after return from D3 before cmd "
"9/8/2025 6:17:27 a. m.","Información","nhi","9008","Driver exit RTD3.
 All the connected devices will now cause DeviceConnected events."
"9/8/2025 6:17:25 a. m.","Información","Netwtw10","7026","7026 - Dump after return from D3 after cmd"
"9/8/2025 6:17:25 a. m.","Información","Netwtw10","7025","7025 - Dump after return from D3 before cmd "
"9/8/2025 6:16:26 a. m.","Información","Netwtw10","7026","7026 - Dump after return from D3 after cmd"
"9/8/2025 6:16:26 a. m.","Información","Netwtw10","7025","7025 - Dump after return from D3 before cmd "
"9/8/2025 6:10:25 a. m.","Información","Netwtw10","7026","7026 - Dump after return from D3 after cmd"
"9/8/2025 6:10:25 a. m.","Información","Netwtw10","7025","7025 - Dump after return from D3 before cmd "
"9/8/2025 6:04:24 a. m.","Información","nhi","9007","The driver entered RTD3.
 All the connected devices will be removed from driver's internal state, so it is expected that DeviceDisconnected events will happen."
"9/8/2025 6:03:32 a. m.","Información","Netwtw10","7026","7026 - Dump after return from D3 after cmd"
"9/8/2025 6:03:32 a. m.","Información","Netwtw10","7025","7025 - Dump after return from D3 before cmd "
"9/8/2025 6:03:32 a. m.","Información","nhi","9008","Driver exit RTD3.
 All the connected devices will now cause DeviceConnected events."
"9/8/2025 6:03:25 a. m.","Información","Netwtw10","7026","7026 - Dump after return from D3 after cmd"
"9/8/2025 6:03:25 a. m.","Información","Netwtw10","7025","7025 - Dump after return from D3 before cmd "
"9/8/2025 5:56:33 a. m.","Información","nhi","9007","The driver entered RTD3.
 All the connected devices will be removed from driver's internal state, so it is expected that DeviceDisconnected events will happen."
"9/8/2025 5:56:28 a. m.","Información","Netwtw10","7026","7026 - Dump after return from D3 after cmd"
"9/8/2025 5:56:28 a. m.","Información","Netwtw10","7025","7025 - Dump after return from D3 before cmd "
"9/8/2025 5:56:28 a. m.","Información","nhi","9008","Driver exit RTD3.
 All the connected devices will now cause DeviceConnected events."
"9/8/2025 5:56:25 a. m.","Información","Netwtw10","7026","7026 - Dump after return from D3 after cmd"
"9/8/2025 5:56:25 a. m.","Información","Netwtw10","7025","7025 - Dump after return from D3 before cmd "
"9/8/2025 5:51:10 a. m.","Información","nhi","9007","The driver entered RTD3.
 All the connected devices will be removed from driver's internal state, so it is expected that DeviceDisconnected events will happen."
"9/8/2025 5:49:27 a. m.","Información","Netwtw10","7026","7026 - Dump after return from D3 after cmd"
"9/8/2025 5:49:27 a. m.","Información","Netwtw10","7025","7025 - Dump after return from D3 before cmd "
"9/8/2025 5:49:27 a. m.","Información","nhi","9008","Driver exit RTD3.
 All the connected devices will now cause DeviceConnected events."
"9/8/2025 5:49:25 a. m.","Información","Netwtw10","7026","7026 - Dump after return from D3 after cmd"
"9/8/2025 5:49:25 a. m.","Información","Netwtw10","7025","7025 - Dump after return from D3 before cmd "
"9/8/2025 5:42:34 a. m.","Información","nhi","9007","The driver entered RTD3.
 All the connected devices will be removed from driver's internal state, so it is expected that DeviceDisconnected events will happen."
"9/8/2025 5:42:27 a. m.","Advertencia","rt640x64","1","Realtek PCIe GbE Family Controller is disconnected from network."
"9/8/2025 5:42:24 a. m.","Información","Netwtw10","7026","7026 - Dump after return from D3 after cmd"
"9/8/2025 5:42:24 a. m.","Información","Netwtw10","7025","7025 - Dump after return from D3 before cmd "
"9/8/2025 5:37:52 a. m.","Información","nhi","9008","Driver exit RTD3.
 All the connected devices will now cause DeviceConnected events."
"9/8/2025 5:37:51 a. m.","Información","Netwtw10","7026","7026 - Dump after return from D3 after cmd"
"9/8/2025 5:37:51 a. m.","Información","Netwtw10","7025","7025 - Dump after return from D3 before cmd "
"9/8/2025 5:37:48 a. m.","Información","Netwtw10","7026","7026 - Dump after return from D3 after cmd"
"9/8/2025 5:37:48 a. m.","Información","Netwtw10","7025","7025 - Dump after return from D3 before cmd "
"9/8/2025 5:30:55 a. m.","Información","nhi","9007","The driver entered RTD3.
 All the connected devices will be removed from driver's internal state, so it is expected that DeviceDisconnected events will happen."
"9/8/2025 5:30:50 a. m.","Información","nhi","9008","Driver exit RTD3.
 All the connected devices will now cause DeviceConnected events."
"9/8/2025 5:30:50 a. m.","Información","Netwtw10","7026","7026 - Dump after return from D3 after cmd"
"9/8/2025 5:30:50 a. m.","Información","Netwtw10","7025","7025 - Dump after return from D3 before cmd "
"9/8/2025 5:30:48 a. m.","Información","Netwtw10","7026","7026 - Dump after return from D3 after cmd"
"9/8/2025 5:30:48 a. m.","Información","Netwtw10","7025","7025 - Dump after return from D3 before cmd "
"9/8/2025 5:23:50 a. m.","Advertencia","rt640x64","1","Realtek PCIe GbE Family Controller is disconnected from network."
"9/8/2025 5:23:47 a. m.","Información","Netwtw10","7026","7026 - Dump after return from D3 after cmd"
"9/8/2025 5:23:47 a. m.","Información","Netwtw10","7025","7025 - Dump after return from D3 before cmd "
"9/8/2025 5:21:57 a. m.","Error","Service Control Manager","7000","El servicio Host de sistema de diagnóstico no pudo iniciarse debido al siguiente error: 
El servicio no respondió a tiempo a la solicitud de inicio o de control."
"9/8/2025 5:21:57 a. m.","Error","Service Control Manager","7009","Se agotó el tiempo de espera (30000 ms) para la conexión con el servicio Host de sistema de diagnóstico."
"9/8/2025 5:20:52 a. m.","Información","nhi","9007","The driver entered RTD3.
 All the connected devices will be removed from driver's internal state, so it is expected that DeviceDisconnected events will happen."
"9/8/2025 5:20:46 a. m.","Información","Netwtw10","7026","7026 - Dump after return from D3 after cmd"
"9/8/2025 5:20:46 a. m.","Información","Netwtw10","7025","7025 - Dump after return from D3 before cmd "
"9/8/2025 5:16:51 a. m.","Información","Netwtw10","7026","7026 - Dump after return from D3 after cmd"
"9/8/2025 5:16:51 a. m.","Información","Netwtw10","7025","7025 - Dump after return from D3 before cmd "
"9/8/2025 5:16:50 a. m.","Información","nhi","9008","Driver exit RTD3.
 All the connected devices will now cause DeviceConnected events."
"9/8/2025 5:16:47 a. m.","Información","Netwtw10","7026","7026 - Dump after return from D3 after cmd"
"9/8/2025 5:16:47 a. m.","Información","Netwtw10","7025","7025 - Dump after return from D3 before cmd "
"9/8/2025 5:10:01 a. m.","Información","nhi","9007","The driver entered RTD3.
 All the connected devices will be removed from driver's internal state, so it is expected that DeviceDisconnected events will happen."
"9/8/2025 5:09:55 a. m.","Información","Netwtw10","7026","7026 - Dump after return from D3 after cmd"
"9/8/2025 5:09:55 a. m.","Información","Netwtw10","7025","7025 - Dump after return from D3 before cmd "
"9/8/2025 5:09:55 a. m.","Información","nhi","9008","Driver exit RTD3.
 All the connected devices will now cause DeviceConnected events."
"9/8/2025 5:09:53 a. m.","Información","Netwtw10","7026","7026 - Dump after return from D3 after cmd"
"9/8/2025 5:09:53 a. m.","Información","Netwtw10","7025","7025 - Dump after return from D3 before cmd "
"9/8/2025 5:02:53 a. m.","Información","Netwtw10","7026","7026 - Dump after return from D3 after cmd"
"9/8/2025 5:02:53 a. m.","Información","Netwtw10","7025","7025 - Dump after return from D3 before cmd "
"9/8/2025 4:55:53 a. m.","Información","Netwtw10","7026","7026 - Dump after return from D3 after cmd"
"9/8/2025 4:55:53 a. m.","Información","Netwtw10","7025","7025 - Dump after return from D3 before cmd "
"9/8/2025 4:48:55 a. m.","Advertencia","rt640x64","1","Realtek PCIe GbE Family Controller is disconnected from network."
"9/8/2025 4:48:52 a. m.","Información","Netwtw10","7026","7026 - Dump after return from D3 after cmd"
"9/8/2025 4:48:52 a. m.","Información","Netwtw10","7025","7025 - Dump after return from D3 before cmd "
"9/8/2025 4:17:07 a. m.","Información","Netwtw10","7026","7026 - Dump after return from D3 after cmd"
"9/8/2025 4:17:07 a. m.","Información","Netwtw10","7025","7025 - Dump after return from D3 before cmd "
"9/8/2025 4:10:39 a. m.","Información","Netwtw10","7026","7026 - Dump after return from D3 after cmd"
"9/8/2025 4:10:39 a. m.","Información","Netwtw10","7025","7025 - Dump after return from D3 before cmd "
"9/8/2025 4:09:08 a. m.","Información","Microsoft-Windows-IsolatedUserMode","2","Secure Trustlet Id 6 and Pid 23768 stopped with status STATUS_SUCCESS."
"9/8/2025 4:03:39 a. m.","Información","Netwtw10","7026","7026 - Dump after return from D3 after cmd"
"9/8/2025 4:03:39 a. m.","Información","Netwtw10","7025","7025 - Dump after return from D3 before cmd "
"9/8/2025 3:56:39 a. m.","Información","Netwtw10","7026","7026 - Dump after return from D3 after cmd"
"9/8/2025 3:56:39 a. m.","Información","Netwtw10","7025","7025 - Dump after return from D3 before cmd "
"9/8/2025 3:50:36 a. m.","Error","Service Control Manager","7000","El servicio Host de sistema de diagnóstico no pudo iniciarse debido al siguiente error: 
El servicio no respondió a tiempo a la solicitud de inicio o de control."
"9/8/2025 3:50:36 a. m.","Error","Service Control Manager","7009","Se agotó el tiempo de espera (30000 ms) para la conexión con el servicio Host de sistema de diagnóstico."
"9/8/2025 3:49:53 a. m.","Información","nhi","9007","The driver entered RTD3.
 All the connected devices will be removed from driver's internal state, so it is expected that DeviceDisconnected events will happen."
"9/8/2025 3:49:48 a. m.","Información","nhi","9008","Driver exit RTD3.
 All the connected devices will now cause DeviceConnected events."
"9/8/2025 3:49:48 a. m.","Información","Netwtw10","7026","7026 - Dump after return from D3 after cmd"
"9/8/2025 3:49:48 a. m.","Información","Netwtw10","7025","7025 - Dump after return from D3 before cmd "
"9/8/2025 3:49:39 a. m.","Información","Netwtw10","7026","7026 - Dump after return from D3 after cmd"
"9/8/2025 3:49:39 a. m.","Información","Netwtw10","7025","7025 - Dump after return from D3 before cmd "
"9/8/2025 3:42:47 a. m.","Información","nhi","9007","The driver entered RTD3.
 All the connected devices will be removed from driver's internal state, so it is expected that DeviceDisconnected events will happen."
"9/8/2025 3:42:42 a. m.","Información","Netwtw10","7026","7026 - Dump after return from D3 after cmd"
"9/8/2025 3:42:42 a. m.","Información","Netwtw10","7025","7025 - Dump after return from D3 before cmd "
"9/8/2025 3:42:42 a. m.","Información","nhi","9008","Driver exit RTD3.
 All the connected devices will now cause DeviceConnected events."
"9/8/2025 3:42:39 a. m.","Información","Netwtw10","7026","7026 - Dump after return from D3 after cmd"
"9/8/2025 3:42:39 a. m.","Información","Netwtw10","7025","7025 - Dump after return from D3 before cmd "
"9/8/2025 3:42:17 a. m.","Información","Netwtw10","7026","7026 - Dump after return from D3 after cmd"
"9/8/2025 3:42:17 a. m.","Información","Netwtw10","7025","7025 - Dump after return from D3 before cmd "
"9/8/2025 3:35:46 a. m.","Información","nhi","9007","The driver entered RTD3.
 All the connected devices will be removed from driver's internal state, so it is expected that DeviceDisconnected events will happen."
"9/8/2025 3:35:40 a. m.","Información","nhi","9008","Driver exit RTD3.
 All the connected devices will now cause DeviceConnected events."
"9/8/2025 3:35:40 a. m.","Información","Netwtw10","7026","7026 - Dump after return from D3 after cmd"
"9/8/2025 3:35:40 a. m.","Información","Netwtw10","7025","7025 - Dump after return from D3 before cmd "
"9/8/2025 3:35:39 a. m.","Información","Netwtw10","7026","7026 - Dump after return from D3 after cmd"
"9/8/2025 3:35:39 a. m.","Información","Netwtw10","7025","7025 - Dump after return from D3 before cmd "
"9/8/2025 3:28:46 a. m.","Información","Microsoft-Windows-IsolatedUserMode","1","Secure Trustlet \??\C:\WINDOWS\System32\NgcIso.exe Id 6 and Pid 23768 started with status STATUS_SUCCESS."
"9/8/2025 3:28:46 a. m.","Información","Microsoft-Windows-IsolatedUserMode","5","Secure Trustlet NULL Id 0 and Pid 0 started with status STATUS_SUCCESS."
"9/8/2025 3:28:44 a. m.","Información","Microsoft-Windows-Kernel-Power","566","La sesión del sistema ha cambiado de 46 a 47.

Motivo InputMouse 

BootId: 11"
"9/8/2025 3:28:42 a. m.","Advertencia","rt640x64","1","Realtek PCIe GbE Family Controller is disconnected from network."
"9/8/2025 3:28:39 a. m.","Información","Microsoft-Windows-Kernel-Power","506","El sistema está entrando en el modo de espera moderno 

motivo: 16777220. "
"9/8/2025 3:28:39 a. m.","Información","Microsoft-Windows-Kernel-Power","566","La sesión del sistema ha cambiado de 45 a 46.

Motivo 16777220 

BootId: 11"
"9/8/2025 3:28:39 a. m.","Información","Microsoft-Windows-Kernel-Power","507","El sistema está saliendo del modo de espera moderno 

motivo: 16777220. "
"9/8/2025 3:28:39 a. m.","Información","Netwtw10","7026","7026 - Dump after return from D3 after cmd"
"9/8/2025 3:28:39 a. m.","Información","Netwtw10","7025","7025 - Dump after return from D3 before cmd "
"9/8/2025 3:24:07 a. m.","Información","Netwtw10","7026","7026 - Dump after return from D3 after cmd"
"9/8/2025 3:24:07 a. m.","Información","Netwtw10","7025","7025 - Dump after return from D3 before cmd "
"9/8/2025 3:21:39 a. m.","Información","Netwtw10","7026","7026 - Dump after return from D3 after cmd"
"9/8/2025 3:21:39 a. m.","Información","Netwtw10","7025","7025 - Dump after return from D3 before cmd "
"9/8/2025 3:17:26 a. m.","Información","Netwtw10","7026","7026 - Dump after return from D3 after cmd"
"9/8/2025 3:17:26 a. m.","Información","Netwtw10","7025","7025 - Dump after return from D3 before cmd "
"9/8/2025 3:14:46 a. m.","Información","nhi","9007","The driver entered RTD3.
 All the connected devices will be removed from driver's internal state, so it is expected that DeviceDisconnected events will happen."
"9/8/2025 3:14:40 a. m.","Información","nhi","9008","Driver exit RTD3.
 All the connected devices will now cause DeviceConnected events."
"9/8/2025 3:14:40 a. m.","Información","Netwtw10","7026","7026 - Dump after return from D3 after cmd"
"9/8/2025 3:14:40 a. m.","Información","Netwtw10","7025","7025 - Dump after return from D3 before cmd "
"9/8/2025 3:14:39 a. m.","Información","Netwtw10","7026","7026 - Dump after return from D3 after cmd"
"9/8/2025 3:14:39 a. m.","Información","Netwtw10","7025","7025 - Dump after return from D3 before cmd "
"9/8/2025 3:07:39 a. m.","Información","Netwtw10","7026","7026 - Dump after return from D3 after cmd"
"9/8/2025 3:07:39 a. m.","Información","Netwtw10","7025","7025 - Dump after return from D3 before cmd "
"9/8/2025 3:00:39 a. m.","Información","Netwtw10","7026","7026 - Dump after return from D3 after cmd"
"9/8/2025 3:00:39 a. m.","Información","Netwtw10","7025","7025 - Dump after return from D3 before cmd "
"9/8/2025 2:57:44 a. m.","Información","nhi","9007","The driver entered RTD3.
 All the connected devices will be removed from driver's internal state, so it is expected that DeviceDisconnected events will happen."
"9/8/2025 2:53:40 a. m.","Información","Netwtw10","7026","7026 - Dump after return from D3 after cmd"
"9/8/2025 2:53:40 a. m.","Información","Netwtw10","7025","7025 - Dump after return from D3 before cmd "
"9/8/2025 2:53:40 a. m.","Información","nhi","9008","Driver exit RTD3.
 All the connected devices will now cause DeviceConnected events."
"9/8/2025 2:53:39 a. m.","Información","Netwtw10","7026","7026 - Dump after return from D3 after cmd"
"9/8/2025 2:53:39 a. m.","Información","Netwtw10","7025","7025 - Dump after return from D3 before cmd "
"9/8/2025 2:46:47 a. m.","Información","nhi","9007","The driver entered RTD3.
 All the connected devices will be removed from driver's internal state, so it is expected that DeviceDisconnected events will happen."
"9/8/2025 2:46:41 a. m.","Advertencia","rt640x64","1","Realtek PCIe GbE Family Controller is disconnected from network."
"9/8/2025 2:46:38 a. m.","Información","Netwtw10","7026","7026 - Dump after return from D3 after cmd"
"9/8/2025 2:46:38 a. m.","Información","Netwtw10","7025","7025 - Dump after return from D3 before cmd "
"9/8/2025 2:46:37 a. m.","Información","Netwtw10","7026","7026 - Dump after return from D3 after cmd"
"9/8/2025 2:46:37 a. m.","Información","Netwtw10","7025","7025 - Dump after return from D3 before cmd "
"9/8/2025 2:43:19 a. m.","Información","Netwtw10","7026","7026 - Dump after return from D3 after cmd"
"9/8/2025 2:43:19 a. m.","Información","Netwtw10","7025","7025 - Dump after return from D3 before cmd "
"9/8/2025 2:43:19 a. m.","Información","nhi","9008","Driver exit RTD3.
 All the connected devices will now cause DeviceConnected events."
"9/8/2025 2:42:40 a. m.","Información","Netwtw10","7026","7026 - Dump after return from D3 after cmd"
"9/8/2025 2:42:40 a. m.","Información","Netwtw10","7025","7025 - Dump after return from D3 before cmd "
"9/8/2025 2:42:26 a. m.","Información","nhi","9007","The driver entered RTD3.
 All the connected devices will be removed from driver's internal state, so it is expected that DeviceDisconnected events will happen."
"9/8/2025 2:42:21 a. m.","Información","Netwtw10","7026","7026 - Dump after return from D3 after cmd"
"9/8/2025 2:42:21 a. m.","Información","Netwtw10","7025","7025 - Dump after return from D3 before cmd "
"9/8/2025 2:42:21 a. m.","Información","nhi","9008","Driver exit RTD3.
 All the connected devices will now cause DeviceConnected events."
"9/8/2025 2:42:11 a. m.","Información","Netwtw10","7026","7026 - Dump after return from D3 after cmd"
"9/8/2025 2:42:11 a. m.","Información","Netwtw10","7025","7025 - Dump after return from D3 before cmd "
"9/8/2025 2:42:11 a. m.","Información","nhi","9007","The driver entered RTD3.
 All the connected devices will be removed from driver's internal state, so it is expected that DeviceDisconnected events will happen."
"9/8/2025 2:42:07 a. m.","Información","Netwtw10","7026","7026 - Dump after return from D3 after cmd"
"9/8/2025 2:42:06 a. m.","Información","Netwtw10","7025","7025 - Dump after return from D3 before cmd "
"9/8/2025 2:42:05 a. m.","Información","Netwtw10","7026","7026 - Dump after return from D3 after cmd"
"9/8/2025 2:42:05 a. m.","Información","Netwtw10","7025","7025 - Dump after return from D3 before cmd "
"9/8/2025 2:42:05 a. m.","Información","nhi","9008","Driver exit RTD3.
 All the connected devices will now cause DeviceConnected events."
"9/8/2025 2:42:04 a. m.","Advertencia","rt640x64","1","Realtek PCIe GbE Family Controller is disconnected from network."
"9/8/2025 2:42:01 a. m.","Información","Netwtw10","7026","7026 - Dump after return from D3 after cmd"
"9/8/2025 2:42:01 a. m.","Información","Netwtw10","7025","7025 - Dump after return from D3 before cmd "
"9/8/2025 2:35:45 a. m.","Información","Netwtw10","7026","7026 - Dump after return from D3 after cmd"
"9/8/2025 2:35:45 a. m.","Información","Netwtw10","7025","7025 - Dump after return from D3 before cmd "
"9/8/2025 2:32:00 a. m.","Información","Netwtw10","7026","7026 - Dump after return from D3 after cmd"
"9/8/2025 2:32:00 a. m.","Información","Netwtw10","7025","7025 - Dump after return from D3 before cmd "
"9/8/2025 2:23:16 a. m.","Información","Microsoft-Windows-WindowsUpdateClient","19","Instalación correcta: Windows instaló correctamente la siguiente actualización: 9NBLGGGZM6WM-ROBLOXCORPORATION.ROBLOX"
"9/8/2025 2:23:14 a. m.","Información","Microsoft-Windows-WindowsUpdateClient","43","Instalación iniciada: Windows comenzó a instalar la actualización siguiente: 9NBLGGGZM6WM-ROBLOXCORPORATION.ROBLOX"
"9/8/2025 2:23:12 a. m.","Información","Microsoft-Windows-Kernel-General","16","El historial de accesos en el subárbol \??\C:\ProgramData\Microsoft\Windows\AppRepository\Packages\ROBLOXCORPORATION.ROBLOX_2.685.794.0_x64__55nm5eh3cm0pr\ActivationStore.dat se borró mediante la actualización de 0 claves y la creación de 0 páginas modificadas."
"9/8/2025 2:21:02 a. m.","Información","Microsoft-Windows-Kernel-Power","566","La sesión del sistema ha cambiado de 44 a 45.

Motivo InputMouse 

BootId: 11"
"9/8/2025 2:20:26 a. m.","Error","Microsoft-Windows-WindowsUpdateClient","20","Error de instalación: error de Windows al instalar la siguiente actualización, error 0x80073D02: 9NMPJ99VJBWV-Microsoft.YourPhone."
"9/8/2025 2:20:26 a. m.","Error","Microsoft-Windows-WindowsUpdateClient","20","Error de instalación: error de Windows al instalar la siguiente actualización, error 0x80073D02: 9NTXGKQ8P7N0-MicrosoftWindows.CrossDevice."
"9/8/2025 2:20:25 a. m.","Información","Microsoft-Windows-WindowsUpdateClient","43","Instalación iniciada: Windows comenzó a instalar la actualización siguiente: 9NMPJ99VJBWV-Microsoft.YourPhone"
"9/8/2025 2:20:25 a. m.","Información","Microsoft-Windows-WindowsUpdateClient","43","Instalación iniciada: Windows comenzó a instalar la actualización siguiente: 9NTXGKQ8P7N0-MicrosoftWindows.CrossDevice"
"9/8/2025 2:20:21 a. m.","Información","Microsoft-Windows-WindowsUpdateClient","44","Windows Update comenzó a descargar una actualización."
"9/8/2025 2:20:21 a. m.","Información","Microsoft-Windows-WindowsUpdateClient","44","Windows Update comenzó a descargar una actualización."
"9/8/2025 2:20:21 a. m.","Información","Microsoft-Windows-WindowsUpdateClient","44","Windows Update comenzó a descargar una actualización."
"9/8/2025 2:19:53 a. m.","Información","Microsoft-Windows-Kernel-Power","506","El sistema está entrando en el modo de espera moderno 

motivo: 16777220. "
"9/8/2025 2:19:53 a. m.","Información","Microsoft-Windows-Kernel-Power","566","La sesión del sistema ha cambiado de 43 a 44.

Motivo 16777220 

BootId: 11"
"9/8/2025 2:19:53 a. m.","Información","Microsoft-Windows-Kernel-Power","507","El sistema está saliendo del modo de espera moderno 

motivo: 16777220. "
"9/8/2025 2:19:52 a. m.","Información","Microsoft-Windows-Kernel-Power","566","La sesión del sistema ha cambiado de 42 a 43.

Motivo InputMouse 

BootId: 11"
"9/8/2025 2:18:44 a. m.","Información","Microsoft-Windows-WindowsUpdateClient","19","Instalación correcta: Windows instaló correctamente la siguiente actualización: Actualización de inteligencia de seguridad para Microsoft Defender Antivirus - KB2267602 (versión 1.435.71.0) - Canal actual (ampliado)"
"9/8/2025 2:18:06 a. m.","Información","Microsoft-Windows-WindowsUpdateClient","43","Instalación iniciada: Windows comenzó a instalar la actualización siguiente: Actualización de inteligencia de seguridad para Microsoft Defender Antivirus - KB2267602 (versión 1.435.71.0) - Canal actual (ampliado)"
"9/8/2025 2:17:59 a. m.","Advertencia","Netwtw10","6062","6062 - Lso was triggered"
"9/8/2025 2:17:46 a. m.","Información","Netwtw10","7021","7021 - Connection telemetry fields and analysis usage"
"9/8/2025 2:17:44 a. m.","Información","Microsoft-Windows-Kernel-Power","506","El sistema está entrando en el modo de espera moderno 

motivo: AC/DC Display Burst Suppressed. "
"9/8/2025 2:17:44 a. m.","Información","Microsoft-Windows-Kernel-Power","566","La sesión del sistema ha cambiado de 41 a 42.

Motivo InputMouse 

BootId: 11"
"9/8/2025 2:17:44 a. m.","Información","Microsoft-Windows-Kernel-Power","507","El sistema está saliendo del modo de espera moderno 

motivo: AC/DC Display Burst Suppressed. "
"9/8/2025 2:17:44 a. m.","Información","Microsoft-Windows-Kernel-Power","172","Estado de conectividad en modo de espera: Connected. Motivo: None"
"9/8/2025 2:17:44 a. m.","Información","Netwtw10","7026","7026 - Dump after return from D3 after cmd"
"9/8/2025 2:17:44 a. m.","Información","Netwtw10","7025","7025 - Dump after return from D3 before cmd "
"9/8/2025 2:17:43 a. m.","Información","Microsoft-Windows-Kernel-Power","105","Cambio de fuente de energía."
"9/8/2025 2:16:53 a. m.","Información","Microsoft-Windows-Kernel-Power","172","Estado de conectividad en modo de espera: Disconnected. Motivo: Policy Setting"
"9/8/2025 2:16:45 a. m.","Información","Microsoft-Windows-Kernel-Power","566","La sesión del sistema ha cambiado de 40 a 41.

Motivo 55 

BootId: 11"
"9/8/2025 2:16:40 a. m.","Información","Microsoft-Windows-Kernel-Power","506","El sistema está entrando en el modo de espera moderno 

motivo: Austerity Battery Drain Budget Exceeded. "
"9/8/2025 2:16:40 a. m.","Información","Microsoft-Windows-Kernel-Power","566","La sesión del sistema ha cambiado de 39 a 40.

Motivo 55 

BootId: 11"
"9/8/2025 2:16:40 a. m.","Información","Microsoft-Windows-Kernel-Power","507","El sistema está saliendo del modo de espera moderno 

motivo: Austerity Battery Drain Budget Exceeded. "
"9/8/2025 2:16:40 a. m.","Información","Microsoft-Windows-Kernel-Power","172","Estado de conectividad en modo de espera: Connected. Motivo: None"
"9/8/2025 2:16:40 a. m.","Información","Netwtw10","7026","7026 - Dump after return from D3 after cmd"
"9/8/2025 2:16:40 a. m.","Información","Netwtw10","7025","7025 - Dump after return from D3 before cmd "
"9/8/2025 2:06:44 a. m.","Advertencia","rt640x64","1","Realtek PCIe GbE Family Controller is disconnected from network."
"9/8/2025 2:06:43 a. m.","Información","Microsoft-Windows-Kernel-Power","172","Estado de conectividad en modo de espera: Disconnected. Motivo: Adaptive Connected Standby"
"9/8/2025 2:06:41 a. m.","Información","Microsoft-Windows-Kernel-Power","172","Estado de conectividad en modo de espera: Connected. Motivo: None"
"9/8/2025 2:06:41 a. m.","Información","Netwtw10","7026","7026 - Dump after return from D3 after cmd"
"9/8/2025 2:06:41 a. m.","Información","Netwtw10","7025","7025 - Dump after return from D3 before cmd "
"9/8/2025 2:06:40 a. m.","Información","Microsoft-Windows-Kernel-Power","172","Estado de conectividad en modo de espera: Disconnected. Motivo: Adaptive Connected Standby"
"9/8/2025 2:06:39 a. m.","Información","Microsoft-Windows-Kernel-Power","172","Estado de conectividad en modo de espera: Connected. Motivo: None"
"9/8/2025 2:06:39 a. m.","Información","Netwtw10","7026","7026 - Dump after return from D3 after cmd"
"9/8/2025 2:06:39 a. m.","Información","Netwtw10","7025","7025 - Dump after return from D3 before cmd "
"9/8/2025 2:06:38 a. m.","Información","Microsoft-Windows-Kernel-Power","172","Estado de conectividad en modo de espera: Disconnected. Motivo: Adaptive Connected Standby"
"9/8/2025 2:06:36 a. m.","Información","Microsoft-Windows-Kernel-Power","172","Estado de conectividad en modo de espera: Connected. Motivo: None"
