"11/8/2025 4:15:27 p. m.","Información","Microsoft-Windows-IsolatedUserMode","5","Secure Trustlet NULL Id 0 and Pid 0 started with status STATUS_SUCCESS."
"11/8/2025 4:15:27 p. m.","Información","Microsoft-Windows-Wininit","14","Configuración de Credential Guard:

Configuración del registro: 0x0
Configuración de prueba: 0
Habilitación automática: 0"
"11/8/2025 4:15:27 p. m.","Información","Win32k","267","La comprobación de control de calidad de hardware táctil se realizó correctamente."
"11/8/2025 4:15:27 p. m.","Información","Microsoft-Windows-Wininit","23","Antirreversión de aplicación de arranque: inicialización completada con estado:
HRESULT: La operación se completó correctamente.
Nuevo temporizador necesario: false
Nuevo temporizador esperando a que se complete la actualización del sistema: false
El temporizador de bloqueo temporal anterior existe pero está deshabilitado por el registro: false
"
"11/8/2025 4:15:27 p. m.","Información","Microsoft-Windows-Wininit","25","Antirreversión de aplicación de arranque: temporizador anterior reanudado con estado:

HRESULT: La operación se completó correctamente.
Temporizador anterior presente: true
Hora de inicio: ‎2025‎-‎07‎-‎19T07:41:36.931375700Z
Período de gracia: 51840000000000
Intento de aplicación de recuperación correcto: false
"
"11/8/2025 4:15:27 p. m.","Información","Microsoft-Windows-Wininit","24","Antirreversión de aplicación de arranque: inicio del temporizador completado con el estado:

Win32Error: 0
Hora de inicio: ‎2025‎-‎07‎-‎19T07:41:36.931375700Z
Período de gracia: 51840000000000
Hora de vencimiento: ‎2025‎-‎09‎-‎17T07:41:36.931375700Z
"
"11/8/2025 4:15:27 p. m.","Información","Microsoft-Windows-Wininit","19","Estado de creación de nuevo temporizador de seguridad basada en virtualización

HRESULT: La operación se completó correctamente.
Nuevo temporizador de bloqueo temporal necesario: false
Nuevo temporizador de bloqueos temporales esperando a que se complete la actualización del sistema: false
 Existe un temporizador de bloqueo temporal anterior pero deshabilitado por el Registro: false
Existe el archivo de directiva: false
"
"11/8/2025 4:15:26 p. m.","Advertencia","Microsoft-Windows-Kernel-PnP","219","No se pudo cargar el \Driver\WUDFRd del controlador.
Dispositivo: HID\Vid_8087&Pid_0AC2\6&ac79363&0&0000
Estado: 0xC0000365"
"11/8/2025 4:15:26 p. m.","Información","Microsoft-Windows-DriverFrameworks-UserMode","10118","El reflector UMDF no se puede conectar al Administrador de control de servicios (SCM). Es lo que se espera durante el arranque, cuando el SCM aún no se ha iniciado. Se reintentará cuando se inicie."
"11/8/2025 4:15:23 p. m.","Advertencia","rt640x64","1","Realtek PCIe GbE Family Controller is disconnected from network."
"11/8/2025 4:15:22 p. m.","Advertencia","Microsoft-Windows-Kernel-PnP","219","No se pudo cargar el \Driver\WUDFRd del controlador.
Dispositivo: {DD8E82AE-334B-49A2-AEAE-AEB0FD5C40DD}\DetectionVerification\5&4bfb3d0&0&0
Estado: 0xC0000365"
"11/8/2025 4:15:22 p. m.","Información","Microsoft-Windows-DriverFrameworks-UserMode","10118","El reflector UMDF no se puede conectar al Administrador de control de servicios (SCM). Es lo que se espera durante el arranque, cuando el SCM aún no se ha iniciado. Se reintentará cuando se inicie."
"11/8/2025 4:15:22 p. m.","Información","Intel-SST-OED","28","Loaded DSP FW library: \??\C:\WINDOWS\System32\DriverStore\FileRepository\intcoed_oemlibpath.inf_amd64_69401f7e35684734\tgl_maxx_audio_pro.bin, status = STATUS_SUCCESS."
"11/8/2025 4:15:22 p. m.","Información","Intel-SST-OED","28","Loaded DSP FW library: Libs\dsp_lib_whm_tgl_release.bin, status = STATUS_SUCCESS."
"11/8/2025 4:15:22 p. m.","Información","Intel-SST-OED","28","Loaded DSP FW library: Libs\dsp_lib_intel_wov_tgl_release.bin, status = STATUS_SUCCESS."
"11/8/2025 4:15:21 p. m.","Información","Intel-SST-OED","28","Library is not supported in BIOS: \??\C:\WINDOWS\System32\DriverStore\FileRepository\intcoed_oemlibpath.inf_amd64_69401f7e35684734\tgl_tismartamp_lib.bin, status = Solicitud no compatible.."
"11/8/2025 4:15:21 p. m.","Información","Intel-SST-OED","29","FX module is not supported in BIOS:  {9a44a769-1a51-464a-a54b-1a4084bf370b} from \??\C:\WINDOWS\System32\DriverStore\FileRepository\intcoed_oemlibpath.inf_amd64_69401f7e35684734\tgl_tismartamp_lib.bin."
"11/8/2025 4:15:21 p. m.","Información","Intel-SST-OED","28","Library is not supported in BIOS: \??\C:\WINDOWS\System32\DriverStore\FileRepository\intcoed_oemlibpath.inf_amd64_69401f7e35684734\tgl_tisa_stereo_lib.bin, status = Solicitud no compatible.."
"11/8/2025 4:15:21 p. m.","Información","Intel-SST-OED","29","FX module is not supported in BIOS:  {a07eece7-8f01-4ecd-8bde-3e4de8a55f81} from \??\C:\WINDOWS\System32\DriverStore\FileRepository\intcoed_oemlibpath.inf_amd64_69401f7e35684734\tgl_tisa_stereo_lib.bin."
"11/8/2025 4:15:21 p. m.","Información","Intel-SST-OED","28","Library is not supported in BIOS: \??\C:\WINDOWS\System32\DriverStore\FileRepository\intcoed_oemlibpath.inf_amd64_69401f7e35684734\tgl_rtksep96_lib.bin, status = Solicitud no compatible.."
"11/8/2025 4:15:21 p. m.","Información","Intel-SST-OED","29","FX module is not supported in BIOS:  {7111001f-d35f-44d9-81d2-7ac685bed3d7} from \??\C:\WINDOWS\System32\DriverStore\FileRepository\intcoed_oemlibpath.inf_amd64_69401f7e35684734\tgl_rtksep96_lib.bin."
"11/8/2025 4:15:21 p. m.","Información","Intel-SST-OED","28","Library is not supported in BIOS: \??\C:\WINDOWS\System32\DriverStore\FileRepository\intcoed_oemlibpath.inf_amd64_69401f7e35684734\tgl_rtksep48_lib.bin, status = Solicitud no compatible.."
"11/8/2025 4:15:21 p. m.","Información","Intel-SST-OED","29","FX module is not supported in BIOS:  {7aa4db02-6b41-4bc3-a712-80a2dde29e11} from \??\C:\WINDOWS\System32\DriverStore\FileRepository\intcoed_oemlibpath.inf_amd64_69401f7e35684734\tgl_rtksep48_lib.bin."
"11/8/2025 4:15:21 p. m.","Información","Intel-SST-OED","28","Library is not supported in BIOS: \??\C:\WINDOWS\System32\DriverStore\FileRepository\intcoed_oemlibpath.inf_amd64_69401f7e35684734\tgl_rtksep483_lib.bin, status = Solicitud no compatible.."
"11/8/2025 4:15:21 p. m.","Información","Intel-SST-OED","29","FX module is not supported in BIOS:  {7bbe0c2c-9c46-4450-b322-114ece31c6bd} from \??\C:\WINDOWS\System32\DriverStore\FileRepository\intcoed_oemlibpath.inf_amd64_69401f7e35684734\tgl_rtksep483_lib.bin."
"11/8/2025 4:15:21 p. m.","Información","Intel-SST-OED","28","Library is not supported in BIOS: \??\C:\WINDOWS\System32\DriverStore\FileRepository\intcoed_oemlibpath.inf_amd64_69401f7e35684734\tgl_rtksep482_lib.bin, status = Solicitud no compatible.."
"11/8/2025 4:15:21 p. m.","Información","Intel-SST-OED","29","FX module is not supported in BIOS:  {79921daf-e755-45dc-b687-7c26eb97a7bd} from \??\C:\WINDOWS\System32\DriverStore\FileRepository\intcoed_oemlibpath.inf_amd64_69401f7e35684734\tgl_rtksep482_lib.bin."
"11/8/2025 4:15:21 p. m.","Información","Intel-SST-OED","28","Library is not supported in BIOS: \??\C:\WINDOWS\System32\DriverStore\FileRepository\intcoed_oemlibpath.inf_amd64_69401f7e35684734\tgl_rtksep24_lib.bin, status = Solicitud no compatible.."
"11/8/2025 4:15:21 p. m.","Información","Intel-SST-OED","29","FX module is not supported in BIOS:  {7111001f-d35f-44d9-81d2-77e0d5e1bcd8} from \??\C:\WINDOWS\System32\DriverStore\FileRepository\intcoed_oemlibpath.inf_amd64_69401f7e35684734\tgl_rtksep24_lib.bin."
"11/8/2025 4:15:21 p. m.","Información","Intel-SST-OED","28","Library is not supported in BIOS: \??\C:\WINDOWS\System32\DriverStore\FileRepository\intcoed_oemlibpath.inf_amd64_69401f7e35684734\tgl_nahimic_lib.bin, status = Solicitud no compatible.."
"11/8/2025 4:15:21 p. m.","Información","Intel-SST-OED","29","FX module is not supported in BIOS:  {7159bbd2-ef07-48e8-bdb7-17ee17423c14} from \??\C:\WINDOWS\System32\DriverStore\FileRepository\intcoed_oemlibpath.inf_amd64_69401f7e35684734\tgl_nahimic_lib.bin."
"11/8/2025 4:15:21 p. m.","Información","Netwtw10","7023","7023 - secure boot debug logging Quasar"
"11/8/2025 4:15:21 p. m.","Información","Netwtw10","7017","7017 - secure boot (SB) configuration"
"11/8/2025 4:15:21 p. m.","Información","Netwtw10","7010","7010 - driver enabled (miniport init)"
"11/8/2025 4:15:21 p. m.","Información","WiManH","2",
"11/8/2025 4:15:21 p. m.","Información","Netwtw10","7002","7002 - CTDP power limit value (SPLC)"
"11/8/2025 4:15:21 p. m.","Información","Netwtw10","7005","7005 - SAR value max TX power (WRDS)"
"11/8/2025 4:15:21 p. m.","Información","Netwtw10","7006","7006 - SAR Geo delta value (WGDS)"
"11/8/2025 4:15:21 p. m.","Información","MEIx64","2","Intel(R) Management Engine Interface driver has started successfully."
"11/8/2025 4:15:21 p. m.","Información","Netwtw10","7027","7027 - get Nic Manufacturere on init"
"11/8/2025 4:15:21 p. m.","Información","Netwtw10","7036","El servicio \Device\NDMP6 entró en estado Intel(R) Wi-Fi 6 AX201 160MHz."
"11/8/2025 4:15:21 p. m.","Información","Microsoft-Windows-Kernel-Power","521","Cambio de número de baterías"
"11/8/2025 4:15:21 p. m.","Información","Microsoft-Windows-Kernel-Power","521","Cambio de número de baterías"
"11/8/2025 4:15:21 p. m.","Información","VfpExt","7036","El servicio  entró en estado Filter restart complete."
"11/8/2025 4:15:21 p. m.","Información","VfpExt","7036","El servicio  entró en estado Filter restart start."
"11/8/2025 4:15:21 p. m.","Información","VfpExt","7036","El servicio  entró en estado Filter attach complete."
"11/8/2025 4:15:21 p. m.","Información","VfpExt","7036","El servicio  entró en estado Filter attach start."
"11/8/2025 4:15:21 p. m.","Información","Microsoft-Windows-Kernel-Processor-Power","55","El procesador 7 en el grupo 0 expone las siguientes funciones de administración de energía:

Tipo de estado inactivo: Micro Power Engine Plugin (estados 11)

Tipo de estado de rendimiento: ACPI Collaborative Processor Performance Control
Frecuencia nominal (MHz): 1382
Porcentaje de rendimiento máximo: 300
Porcentaje de rendimiento mínimo: 100
Porcentaje de limitación mínimo: 7"
"11/8/2025 4:15:20 p. m.","Información","Microsoft-Windows-Kernel-Processor-Power","55","El procesador 5 en el grupo 0 expone las siguientes funciones de administración de energía:

Tipo de estado inactivo: Micro Power Engine Plugin (estados 11)

Tipo de estado de rendimiento: ACPI Collaborative Processor Performance Control
Frecuencia nominal (MHz): 1382
Porcentaje de rendimiento máximo: 300
Porcentaje de rendimiento mínimo: 100
Porcentaje de limitación mínimo: 7"
"11/8/2025 4:15:20 p. m.","Información","Microsoft-Windows-Kernel-Processor-Power","55","El procesador 3 en el grupo 0 expone las siguientes funciones de administración de energía:

Tipo de estado inactivo: Micro Power Engine Plugin (estados 11)

Tipo de estado de rendimiento: ACPI Collaborative Processor Performance Control
Frecuencia nominal (MHz): 1382
Porcentaje de rendimiento máximo: 300
Porcentaje de rendimiento mínimo: 100
Porcentaje de limitación mínimo: 7"
"11/8/2025 4:15:20 p. m.","Información","Microsoft-Windows-Kernel-Processor-Power","55","El procesador 1 en el grupo 0 expone las siguientes funciones de administración de energía:

Tipo de estado inactivo: Micro Power Engine Plugin (estados 11)

Tipo de estado de rendimiento: ACPI Collaborative Processor Performance Control
Frecuencia nominal (MHz): 1382
Porcentaje de rendimiento máximo: 300
Porcentaje de rendimiento mínimo: 100
Porcentaje de limitación mínimo: 7"
"11/8/2025 4:15:20 p. m.","Información","Microsoft-Windows-Kernel-Processor-Power","55","El procesador 6 en el grupo 0 expone las siguientes funciones de administración de energía:

Tipo de estado inactivo: Micro Power Engine Plugin (estados 11)

Tipo de estado de rendimiento: ACPI Collaborative Processor Performance Control
Frecuencia nominal (MHz): 1382
Porcentaje de rendimiento máximo: 300
Porcentaje de rendimiento mínimo: 100
Porcentaje de limitación mínimo: 7"
"11/8/2025 4:15:20 p. m.","Información","Microsoft-Windows-Kernel-Processor-Power","55","El procesador 4 en el grupo 0 expone las siguientes funciones de administración de energía:

Tipo de estado inactivo: Micro Power Engine Plugin (estados 11)

Tipo de estado de rendimiento: ACPI Collaborative Processor Performance Control
Frecuencia nominal (MHz): 1382
Porcentaje de rendimiento máximo: 300
Porcentaje de rendimiento mínimo: 100
Porcentaje de limitación mínimo: 7"
"11/8/2025 4:15:20 p. m.","Información","Microsoft-Windows-Kernel-Processor-Power","55","El procesador 2 en el grupo 0 expone las siguientes funciones de administración de energía:

Tipo de estado inactivo: Micro Power Engine Plugin (estados 11)

Tipo de estado de rendimiento: ACPI Collaborative Processor Performance Control
Frecuencia nominal (MHz): 1382
Porcentaje de rendimiento máximo: 300
Porcentaje de rendimiento mínimo: 100
Porcentaje de limitación mínimo: 7"
"11/8/2025 4:15:20 p. m.","Información","nhi","9001","Thunderbolt driver is loaded and initialized connection to HW.
 Driver version: 1.41.1193.0
 NVM version: 48:1
"
"11/8/2025 4:15:20 p. m.","Información","Microsoft-Windows-Kernel-Processor-Power","55","El procesador 0 en el grupo 0 expone las siguientes funciones de administración de energía:

Tipo de estado inactivo: Micro Power Engine Plugin (estados 11)

Tipo de estado de rendimiento: ACPI Collaborative Processor Performance Control
Frecuencia nominal (MHz): 1382
Porcentaje de rendimiento máximo: 300
Porcentaje de rendimiento mínimo: 100
Porcentaje de limitación mínimo: 7"
"11/8/2025 4:15:20 p. m.","Información","Microsoft-Windows-Kernel-General","24","La información de zona horaria se actualizó con el motivo de salida 0. La diferencia de zona horaria actual es 240."
"11/8/2025 4:15:20 p. m.","Información","Microsoft-Windows-Ntfs","98","Volumen \\?\Volume{87337007-4a35-4346-ac67-ed018ac82d6b} (\Device\HarddiskVolume4) es correcto. No se requiere ninguna acción."
"11/8/2025 4:15:19 p. m.","Advertencia","Microsoft-Windows-Kernel-PnP","219","No se pudo cargar el \Driver\WUDFRd del controlador.
Dispositivo: PCI\VEN_8086&DEV_9A03&SUBSYS_0B211028&REV_01\3&11583659&0&20
Estado: 0xC0000365"
"11/8/2025 4:15:19 p. m.","Información","Microsoft-Windows-DriverFrameworks-UserMode","10118","El reflector UMDF no se puede conectar al Administrador de control de servicios (SCM). Es lo que se espera durante el arranque, cuando el SCM aún no se ha iniciado. Se reintentará cuando se inicie."
"11/8/2025 4:15:16 p. m.","Información","Microsoft-Windows-Hyper-V-VmSwitch","5","Miniport NIC C08CB7B8-9B3C-408E-8E30-5E16A3AEB445 (Friendly Name: Default Switch) successfully enabled"
"11/8/2025 4:15:16 p. m.","Información","Microsoft-Windows-Hyper-V-VmSwitch","232","NIC C08CB7B8-9B3C-408E-8E30-5E16A3AEB445 (Friendly Name: Default Switch) successfully connected to port C08CB7B8-9B3C-408E-8E30-5E16A3AEB445 (Friendly Name: Host Vnic C08CB7B8-9B3C-408E-8E30-5E16A3AEB444) on switch C08CB7B8-9B3C-408E-8E30-5E16A3AEB444(Friendly Name: Default Switch)."
"11/8/2025 4:15:16 p. m.","Información","Microsoft-Windows-Hyper-V-VmSwitch","7","Miniport NIC C08CB7B8-9B3C-408E-8E30-5E16A3AEB445 (Friendly Name: Default Switch) successfully initialized."
"11/8/2025 4:15:16 p. m.","Información","Microsoft-Windows-Hyper-V-VmSwitch","291","Descarga de RSC modificada para la C08CB7B8-9B3C-408E-8E30-5E16A3AEB445 NIC (nombre descriptivo: Default Switch) IPv4 anterior: Deshabilitado, IPv4 actual: Deshabilitado, IPv6 anterior: Deshabilitado, IPv6 actual: Deshabilitado. Motivo: Inicio de NIC"
"11/8/2025 4:15:16 p. m.","Información","Microsoft-Windows-Hyper-V-VmSwitch","233","La operación ' Create ' se realizó correctamente en la NIC C08CB7B8-9B3C-408E-8E30-5E16A3AEB445 (nombre descriptivo: Default Switch) e ID. de instancia {00000000-0000-0000-0000-000000000000}. "
"11/8/2025 4:15:16 p. m.","Información","Microsoft-Windows-Hyper-V-VmSwitch","291","Descarga de RSC modificada para la C08CB7B8-9B3C-408E-8E30-5E16A3AEB445 NIC (nombre descriptivo: Default Switch) IPv4 anterior: Deshabilitado, IPv4 actual: Deshabilitado, IPv6 anterior: Deshabilitado, IPv6 actual: Deshabilitado. Motivo: Creación de NIC"
"11/8/2025 4:15:16 p. m.","Información","Microsoft-Windows-Hyper-V-VmSwitch","5","Miniport NIC 790E58B4-7939-4434-9358-89AE7DDBE87F (Friendly Name: WSL (Hyper-V firewall)) successfully enabled"
"11/8/2025 4:15:16 p. m.","Información","Microsoft-Windows-Hyper-V-VmSwitch","232","NIC 790E58B4-7939-4434-9358-89AE7DDBE87F (Friendly Name: WSL (Hyper-V firewall)) successfully connected to port 790E58B4-7939-4434-9358-89AE7DDBE87F (Friendly Name: Host Vnic 790E58B4-7939-4434-9358-89AE7DDBE87E) on switch 790E58B4-7939-4434-9358-89AE7DDBE87E(Friendly Name: WSL (Hyper-V firewall))."
"11/8/2025 4:15:16 p. m.","Información","Microsoft-Windows-Hyper-V-VmSwitch","7","Miniport NIC 790E58B4-7939-4434-9358-89AE7DDBE87F (Friendly Name: WSL (Hyper-V firewall)) successfully initialized."
"11/8/2025 4:15:16 p. m.","Información","Microsoft-Windows-Hyper-V-VmSwitch","291","Descarga de RSC modificada para la 790E58B4-7939-4434-9358-89AE7DDBE87F NIC (nombre descriptivo: WSL (Hyper-V firewall)) IPv4 anterior: Deshabilitado, IPv4 actual: Deshabilitado, IPv6 anterior: Deshabilitado, IPv6 actual: Deshabilitado. Motivo: Inicio de NIC"
"11/8/2025 4:15:16 p. m.","Información","Microsoft-Windows-Hyper-V-VmSwitch","233","La operación ' Create ' se realizó correctamente en la NIC 790E58B4-7939-4434-9358-89AE7DDBE87F (nombre descriptivo: WSL (Hyper-V firewall)) e ID. de instancia {00000000-0000-0000-0000-000000000000}. "
"11/8/2025 4:15:16 p. m.","Información","Microsoft-Windows-Hyper-V-VmSwitch","291","Descarga de RSC modificada para la 790E58B4-7939-4434-9358-89AE7DDBE87F NIC (nombre descriptivo: WSL (Hyper-V firewall)) IPv4 anterior: Deshabilitado, IPv4 actual: Deshabilitado, IPv6 anterior: Deshabilitado, IPv6 actual: Deshabilitado. Motivo: Creación de NIC"
"11/8/2025 4:15:16 p. m.","Información","Microsoft-Windows-Hyper-V-VmSwitch","264","El C08CB7B8-9B3C-408E-8E30-5E16A3AEB445 de puerto interno o externo (nombre descriptivo: Host Vnic C08CB7B8-9B3C-408E-8E30-5E16A3AEB444) se creó correctamente en el conmutador C08CB7B8-9B3C-408E-8E30-5E16A3AEB444 (nombre descriptivo: Default Switch)."
"11/8/2025 4:15:16 p. m.","Información","Microsoft-Windows-Hyper-V-VmSwitch","292","Descarga de RSC modificada para el puerto C08CB7B8-9B3C-408E-8E30-5E16A3AEB445 (nombre descriptivo: Host Vnic C08CB7B8-9B3C-408E-8E30-5E16A3AEB444) Anterior: Deshabilitado, actual: Habilitado. Motivo: Creación de puertos"
"11/8/2025 4:15:16 p. m.","Información","Microsoft-Windows-Hyper-V-VmSwitch","9","Switch C08CB7B8-9B3C-408E-8E30-5E16A3AEB444 (Friendly Name: Default Switch) successfully initialized."
"11/8/2025 4:15:16 p. m.","Información","Microsoft-Windows-Hyper-V-VmSwitch","232","NIC C08CB7B8-9B3C-408E-8E30-5E16A3AEB444 (Friendly Name: Default Switch) successfully connected to port C08CB7B8-9B3C-408E-8E30-5E16A3AEB444 (Friendly Name: Default Switch) on switch C08CB7B8-9B3C-408E-8E30-5E16A3AEB444(Friendly Name: Default Switch)."
"11/8/2025 4:15:16 p. m.","Información","Microsoft-Windows-Hyper-V-VmSwitch","233","La operación ' Create ' se realizó correctamente en la NIC C08CB7B8-9B3C-408E-8E30-5E16A3AEB444 (nombre descriptivo: Default Switch) e ID. de instancia {00000000-0000-0000-0000-000000000000}. "
"11/8/2025 4:15:16 p. m.","Información","Microsoft-Windows-Hyper-V-VmSwitch","291","Descarga de RSC modificada para la C08CB7B8-9B3C-408E-8E30-5E16A3AEB444 NIC (nombre descriptivo: Default Switch) IPv4 anterior: Deshabilitado, IPv4 actual: Deshabilitado, IPv6 anterior: Deshabilitado, IPv6 actual: Deshabilitado. Motivo: Creación de NIC"
"11/8/2025 4:15:16 p. m.","Información","Microsoft-Windows-Hyper-V-VmSwitch","67","El C08CB7B8-9B3C-408E-8E30-5E16A3AEB444 de puerto (nombre descriptivo: Default Switch) se creó correctamente en el conmutador C08CB7B8-9B3C-408E-8E30-5E16A3AEB444 (nombre descriptivo: Default Switch)."
"11/8/2025 4:15:16 p. m.","Información","Microsoft-Windows-Hyper-V-VmSwitch","292","Descarga de RSC modificada para el puerto C08CB7B8-9B3C-408E-8E30-5E16A3AEB444 (nombre descriptivo: Default Switch) Anterior: Deshabilitado, actual: Habilitado. Motivo: Creación de puertos"
"11/8/2025 4:15:16 p. m.","Información","Microsoft-Windows-Hyper-V-VmSwitch","264","El 790E58B4-7939-4434-9358-89AE7DDBE87F de puerto interno o externo (nombre descriptivo: Host Vnic 790E58B4-7939-4434-9358-89AE7DDBE87E) se creó correctamente en el conmutador 790E58B4-7939-4434-9358-89AE7DDBE87E (nombre descriptivo: WSL (Hyper-V firewall))."
"11/8/2025 4:15:16 p. m.","Información","Microsoft-Windows-Hyper-V-VmSwitch","292","Descarga de RSC modificada para el puerto 790E58B4-7939-4434-9358-89AE7DDBE87F (nombre descriptivo: Host Vnic 790E58B4-7939-4434-9358-89AE7DDBE87E) Anterior: Deshabilitado, actual: Habilitado. Motivo: Creación de puertos"
"11/8/2025 4:15:16 p. m.","Información","Microsoft-Windows-Hyper-V-VmSwitch","9","Switch 790E58B4-7939-4434-9358-89AE7DDBE87E (Friendly Name: WSL (Hyper-V firewall)) successfully initialized."
"11/8/2025 4:15:16 p. m.","Información","Microsoft-Windows-Hyper-V-VmSwitch","232","NIC 790E58B4-7939-4434-9358-89AE7DDBE87E (Friendly Name: WSL (Hyper-V firewall)) successfully connected to port 790E58B4-7939-4434-9358-89AE7DDBE87E (Friendly Name: WSL (Hyper-V firewall)) on switch 790E58B4-7939-4434-9358-89AE7DDBE87E(Friendly Name: WSL (Hyper-V firewall))."
"11/8/2025 4:15:16 p. m.","Información","Microsoft-Windows-Hyper-V-VmSwitch","233","La operación ' Create ' se realizó correctamente en la NIC 790E58B4-7939-4434-9358-89AE7DDBE87E (nombre descriptivo: WSL (Hyper-V firewall)) e ID. de instancia {00000000-0000-0000-0000-000000000000}. "
"11/8/2025 4:15:16 p. m.","Información","Microsoft-Windows-Hyper-V-VmSwitch","291","Descarga de RSC modificada para la 790E58B4-7939-4434-9358-89AE7DDBE87E NIC (nombre descriptivo: WSL (Hyper-V firewall)) IPv4 anterior: Deshabilitado, IPv4 actual: Deshabilitado, IPv6 anterior: Deshabilitado, IPv6 actual: Deshabilitado. Motivo: Creación de NIC"
"11/8/2025 4:15:16 p. m.","Información","Microsoft-Windows-Hyper-V-VmSwitch","67","El 790E58B4-7939-4434-9358-89AE7DDBE87E de puerto (nombre descriptivo: WSL (Hyper-V firewall)) se creó correctamente en el conmutador 790E58B4-7939-4434-9358-89AE7DDBE87E (nombre descriptivo: WSL (Hyper-V firewall))."
"11/8/2025 4:15:16 p. m.","Información","Microsoft-Windows-Hyper-V-VmSwitch","292","Descarga de RSC modificada para el puerto 790E58B4-7939-4434-9358-89AE7DDBE87E (nombre descriptivo: WSL (Hyper-V firewall)) Anterior: Deshabilitado, actual: Habilitado. Motivo: Creación de puertos"
"11/8/2025 4:15:16 p. m.","Información","Microsoft-Windows-Hyper-V-VmSwitch","277","vmswitch.sys versión 26100.amd64.ge_release_svc_prod3, depuración false, oficial true, 1, 1"
"11/8/2025 4:15:16 p. m.","Información","Microsoft-Windows-FilterManager","6","Filtro de sistema de archivos 'npsvctrig' (10.0, ‎1978‎-‎05‎-‎14T05:13:30.000000000Z) correctamente cargado y registrado con el administrador de filtros."
"11/8/2025 4:15:16 p. m.","Información","VfpExt","7036","El servicio  entró en estado Driver load complete."
"11/8/2025 4:15:16 p. m.","Información","VfpExt","7036","El servicio  entró en estado Driver load start."
"11/8/2025 4:15:16 p. m.","Información","Microsoft-Windows-FilterManager","6","Filtro de sistema de archivos 'UCPD' (10.0, ‎2007‎-‎02‎-‎05T01:30:28.000000000Z) correctamente cargado y registrado con el administrador de filtros."
"11/8/2025 4:15:16 p. m.","Información","Microsoft-Windows-FilterManager","6","Filtro de sistema de archivos 'FileCrypt' (10.0, ‎2075‎-‎08‎-‎31T18:07:07.000000000Z) correctamente cargado y registrado con el administrador de filtros."
"11/8/2025 4:15:16 p. m.","Información","Microsoft-Windows-Ntfs","98","Volumen C: (\Device\HarddiskVolume3) es correcto. No se requiere ninguna acción."
"11/8/2025 4:15:15 p. m.","Información","Microsoft-Windows-FilterManager","6","Filtro de sistema de archivos 'WdFilter' (10.0, ‎2020‎-‎11‎-‎18T13:24:15.000000000Z) correctamente cargado y registrado con el administrador de filtros."
"11/8/2025 4:15:15 p. m.","Información","Microsoft-Windows-FilterManager","6","Filtro de sistema de archivos 'Wof' (10.0, ‎2033‎-‎09‎-‎02T19:41:44.000000000Z) correctamente cargado y registrado con el administrador de filtros."
"11/8/2025 4:15:15 p. m.","Información","Microsoft-Windows-FilterManager","6","Filtro de sistema de archivos 'FileInfo' (10.0, ‎2093‎-‎04‎-‎01T21:29:43.000000000Z) correctamente cargado y registrado con el administrador de filtros."
"11/8/2025 4:15:15 p. m.","Información","Microsoft-Windows-FilterManager","6","Filtro de sistema de archivos 'WinSetupMon' (10.0, ‎2104‎-‎05‎-‎25T21:43:09.000000000Z) correctamente cargado y registrado con el administrador de filtros."
"11/8/2025 4:15:14 p. m.","Información","Microsoft-Windows-HAL","16","Se ha inicializado el informe de errores IOMMU."
"11/8/2025 4:15:14 p. m.","Información","Microsoft-Windows-Kernel-General","20","Se ha actualizado la configuración del segundo intercalar. 
Motivo: Leap second data initialized from registry during boot
Segundos intercalares habilitados: true
Nuevo recuento de segundos intercalares: 0
Antiguo recuento de segundos intercalares: 0"
"11/8/2025 4:15:14 p. m.","Información","Microsoft-Windows-Kernel-Boot","30","El firmware notificó métricas de arranque."
"11/8/2025 4:15:14 p. m.","Información","Microsoft-Windows-IsolatedUserMode","3","Secure Kernel started with status STATUS_SUCCESS and flags HvciEnabled,HvciStrictMode."
"11/8/2025 4:15:14 p. m.","Información","Microsoft-Windows-Hyper-V-Hypervisor","165","Mitigaciones configuradas del hipervisor para CVE-2019-11091, CVE-2018-12126, CVE-2018-12127, CVE-2018-12130 para máquinas virtuales.

Procesador no afectado: true
Familia de procesadores no afectada: false
El procesador admite el vaciado del búfer microarquitectura: false
Vaciado del búfer necesario: false
"
"11/8/2025 4:15:14 p. m.","Información","Microsoft-Windows-Hyper-V-Hypervisor","156","Mitigaciones configuradas del hipervisor para CVE-2018-3646 para máquinas virtuales.

Procesador no afectado: true
Familia de procesadores no afectada: false
El procesador admite el vaciado de caché: true
HyperThreading habilitado: true
El hipervisor primario aplica mitigaciones: false
Mitigaciones deshabilitadas por bcdedit: false
Mitigaciones habilitadas: true
Es necesario vaciar la caché: false
"
"11/8/2025 4:15:14 p. m.","Información","Microsoft-Windows-Hyper-V-Hypervisor","129","El hipervisor inicializó la reasignación de E/S.

Hardware presente: true
Hardware habilitado: true
Directiva: 0x0
Características habilitadas: 0x43
Información interna: 0x0
Problemas: 0x0
Información adicional: 0x0"
"11/8/2025 4:15:14 p. m.","Información","Microsoft-Windows-Hyper-V-Hypervisor","2","El tipo de programador de hipervisor es 0x4."
"11/8/2025 4:15:14 p. m.","Información","Microsoft-Windows-Hyper-V-Hypervisor","1","El hipervisor se inició correctamente. "
"11/8/2025 4:15:14 p. m.","Información","Microsoft-Windows-Kernel-Boot","27","El tipo de arranque fue 0x0."
"11/8/2025 4:15:14 p. m.","Información","Microsoft-Windows-Kernel-Boot","25","La directiva del menú de arranque fue 0x1."
"11/8/2025 4:15:14 p. m.","Información","Microsoft-Windows-Kernel-Boot","238","Diferencia de zona horaria EFI: 2047. Marcas de verano: 0. Hora del firmware: ‎2025‎-‎08‎-‎11T16:15:11.000000000Z. "
"11/8/2025 4:15:14 p. m.","Información","Microsoft-Windows-Kernel-Boot","247","No se puede cargar el firmware de Pluton-Windows. StatusCode: STATUS_SUCCESS, Motivo: Failed to apply firmware."
"11/8/2025 4:15:14 p. m.","Información","Microsoft-Windows-Kernel-Boot","20","El último estado correcto de apagado fue true. El último estado correcto de arranque fue true."
"11/8/2025 4:15:14 p. m.","Información","Microsoft-Windows-Kernel-Boot","32","Bootmgr esperó la entrada del usuario durante 0 ms."
"11/8/2025 4:15:14 p. m.","Información","Microsoft-Windows-Kernel-Boot","18","Existen 0x1 opciones de arranque en este sistema."
"11/8/2025 4:15:14 p. m.","Información","Microsoft-Windows-Kernel-Boot","153","La seguridad basada en virtualización (directivas: VBS Enabled,VSM Required,Hvci,Boot Chain Signer Soft Enforced) es enabled due to VBS registry configuration."
"11/8/2025 4:15:14 p. m.","Información","Microsoft-Windows-Kernel-General","25","La hora del sistema se inicializó a ‎2025‎-‎08‎-‎11T20:15:13.500000000Z. 

Hora del cargador: ‎2025‎-‎08‎-‎11T20:15:11.000000000Z
Marcas de arranque internas: 0x2
código de error HAL RTC: 0x0
la hora RTC está en UTC: false
Arranque flexible: false
Correcto: true
Fase: 0"
"11/8/2025 4:15:14 p. m.","Información","Microsoft-Windows-Kernel-General","12","El sistema operativo se inició a la hora del sistema ‎2025‎-‎08‎-‎11T20:15:13.500000000Z."
"11/8/2025 4:15:01 p. m.","Información","Microsoft-Windows-Kernel-General","13","El sistema operativo se está cerrando a la hora del sistema ‎2025‎-‎08‎-‎11T20:15:01.270604300Z."
"11/8/2025 4:15:00 p. m.","Información","Microsoft-Windows-Kernel-Power","577","El sistema se ha preparado para que el sistema inicie un reinicio desde Active."
"11/8/2025 4:14:59 p. m.","Información","nhi","9008","Driver exit RTD3.
 All the connected devices will now cause DeviceConnected events."
"11/8/2025 4:14:58 p. m.","Información","Microsoft-Windows-Kernel-Power","109","El administrador de energía del kernel ha iniciado una transición de apagado.

Acción: Power Action Reboot 
Código de evento: 0x0 
Motivo: Kernel API"
"11/8/2025 4:14:58 p. m.","Información","Microsoft-Windows-WLAN-AutoConfig","4001","El servicio de Configuración automática de WLAN se detuvo correctamente.
"
"11/8/2025 4:14:58 p. m.","Advertencia","Microsoft-Windows-WLAN-AutoConfig","10002","Se detuvo el módulo de extensibilidad de WLAN.

Ruta de acceso del módulo: C:\WINDOWS\system32\IntelIHVRouter10.dll
"
"11/8/2025 4:15:28 p. m.","Información","EventLog","6013","El tiempo límite del sistema es de 14 segundos."
"11/8/2025 4:15:28 p. m.","Información","EventLog","6005","Se inició el servicio de Registro de eventos."
"11/8/2025 4:15:28 p. m.","Información","EventLog","6009","Microsoft (R) Windows (R) 10.00. 26100  Multiprocessor Free."
"11/8/2025 4:14:56 p. m.","Información","Microsoft-Windows-Dhcp-Client","50037","Servicio cliente DHCPv4 detenido. Valor de la marca ShutDown: 1"
"11/8/2025 4:14:56 p. m.","Información","Microsoft-Windows-Dhcp-Client","50106","DHCPv4 está esperando a que se detenga el servicio DHCPv6"
"11/8/2025 4:14:56 p. m.","Información","Microsoft-Windows-DHCPv6-Client","51057","La parada del servicio del cliente DHCPv6 está casi lista. El recuento de referencia de contexto DHCP es 1"
"11/8/2025 4:14:56 p. m.","Información","Microsoft-Windows-DHCPv6-Client","51057","La parada del servicio del cliente DHCPv6 está casi lista. El recuento de referencia de contexto DHCP es 1"
"11/8/2025 4:14:56 p. m.","Información","Microsoft-Windows-DHCPv6-Client","51057","La parada del servicio del cliente DHCPv6 está casi lista. El recuento de referencia de contexto DHCP es 1"
"11/8/2025 4:14:56 p. m.","Información","Microsoft-Windows-DHCPv6-Client","51057","La parada del servicio del cliente DHCPv6 está casi lista. El recuento de referencia de contexto DHCP es 1"
"11/8/2025 4:14:56 p. m.","Información","Microsoft-Windows-DHCPv6-Client","51047","Servicio de cliente DHCPv6 detenido. El valor de la marca ShutDown es 1"
"11/8/2025 4:14:56 p. m.","Información","Microsoft-Windows-Kernel-General","1","La hora del sistema ha cambiado a ‎2025‎-‎08‎-‎11T20:14:56.728031000Z de ‎2025‎-‎08‎-‎11T20:14:56.726966700Z.
Diferencia horaria: 1 ms

Motivo del cambio: An application or system component changed the time.
Proceso: '\Device\HarddiskVolume3\Windows\System32\svchost.exe' (PID 4560).

Hora de RTC: ‎2025‎-‎08‎-‎11T16:14:56.728031000Z
Diferencia de zona horaria actual: 240
hora RTC es UTC: false
La hora del sistema se basaba en la hora RTC: false"
"11/8/2025 4:14:56 p. m.","Error","Microsoft-Windows-HAL","21","No se estableció el reloj en tiempo real de hardware debido a un error en la evaluación del método de dispositivo de alarma y hora ACPI.  Estado: 0xC00000BB."
"11/8/2025 4:14:56 p. m.","Error","Microsoft-Windows-HAL","20","No se consultó el reloj en tiempo real de hardware debido a un error en la evaluación del método de dispositivo de alarma y hora ACPI.  Estado: 0xC00000BB."
"11/8/2025 4:14:56 p. m.","Información","Microsoft-Windows-Kernel-General","24","La información de zona horaria se actualizó con el motivo de salida 0. La diferencia de zona horaria actual es 240."
"11/8/2025 4:14:56 p. m.","Información","Microsoft-Windows-Dhcp-Client","50105","El cliente DHCPv4 ProcessDHCPRequestForever recibió TERMINATE_EVENT"
"11/8/2025 4:14:56 p. m.","Información","Microsoft-Windows-Dhcp-Client","50104","El cliente DHCPv4 recibió una notificación de apagado"
"11/8/2025 4:14:56 p. m.","Error","Service Control Manager","7043","El servicio Servicio de seguridad de Windows no se cerró correctamente después de recibir un control de aviso de apagado."
"11/8/2025 4:14:56 p. m.","Información","EventLog","6006","Se detuvo el servicio de Registro de eventos."
"11/8/2025 4:14:38 p. m.","Información","Microsoft-Windows-Winlogon","7002","Notificación de cierre de sesión de usuario para el Programa para la mejora de la experiencia del usuario"
"11/8/2025 4:14:38 p. m.","Información","User32","1074","El proceso C:\WINDOWS\system32\winlogon.exe (TICPC-05) inició el Reinicio del equipo TICPC-05 en nombre del usuario NT AUTHORITY\SYSTEM por el siguiente motivo: No se encontraron títulos para este motivo
 Código de motivo: 0x500ff
 Tipo de apagado: Reinicio
 Comentario: "
"11/8/2025 4:14:36 p. m.","Información","Microsoft-Windows-IsolatedUserMode","2","Secure Trustlet Id 0 and Pid 0 stopped with status STATUS_SUCCESS."
"11/8/2025 4:14:35 p. m.","Información","User32","1074","El proceso OptionalFeatures.exe inició el Reinicio del equipo TICPC-05 en nombre del usuario TICPC-05\PCTIC-05 por el siguiente motivo: No se encontraron títulos para este motivo
 Código de motivo: 0x80020000
 Tipo de apagado: Reinicio
 Comentario: "
"11/8/2025 4:13:48 p. m.","Información","Service Control Manager","7040","El tipo de inicio del servicio Windows Modules Installer se cambió de inicio por solicitud a inicio automático."
"11/8/2025 4:07:47 p. m.","Información","Microsoft-Windows-Hyper-V-VmSwitch","71","Eliminación completada para el 3EED9D07-FE97-4612-9202-AEFC3FF4B9FC de puerto (nombre descriptivo: 3EED9D07-FE97-4612-9202-AEFC3FF4B9FC)."
"11/8/2025 4:07:47 p. m.","Información","Microsoft-Windows-Hyper-V-VmSwitch","69","El 3EED9D07-FE97-4612-9202-AEFC3FF4B9FC de puerto (nombre descriptivo: 3EED9D07-FE97-4612-9202-AEFC3FF4B9FC) se eliminó correctamente. Cambie 790E58B4-7939-4434-9358-89AE7DDBE87E (nombre descriptivo: WSL (Hyper-V firewall))."
"11/8/2025 4:07:47 p. m.","Información","Microsoft-Windows-Hyper-V-VmSwitch","233","La operación ' Delete ' se realizó correctamente en la NIC 26FD59EB-3D48-4990-A9F8-84702C245EEC--3EED9D07-FE97-4612-9202-AEFC3FF4B9FC (nombre descriptivo: ) e ID. de instancia {00000000-0000-0000-0000-000000000000}. "
"11/8/2025 4:07:47 p. m.","Información","Microsoft-Windows-Hyper-V-VmSwitch","234","NIC 26FD59EB-3D48-4990-A9F8-84702C245EEC--3EED9D07-FE97-4612-9202-AEFC3FF4B9FC successfully disconnected from port ."
"11/8/2025 4:07:47 p. m.","Información","Microsoft-Windows-Hyper-V-VmSwitch","234","NIC 26FD59EB-3D48-4990-A9F8-84702C245EEC--3EED9D07-FE97-4612-9202-AEFC3FF4B9FC successfully disconnected from port ."
"11/8/2025 3:34:38 p. m.","Información","Microsoft-Windows-Hyper-V-VmSwitch","291","Descarga de RSC modificada para la 26FD59EB-3D48-4990-A9F8-84702C245EEC--3EED9D07-FE97-4612-9202-AEFC3FF4B9FC NIC (nombre descriptivo: ) IPv4 anterior: Habilitado, IPv4 actual: Habilitado, IPv6 anterior: Habilitado, IPv6 actual: Habilitado. Motivo: OID de RSC"
"11/8/2025 3:34:38 p. m.","Información","Microsoft-Windows-Hyper-V-VmSwitch","102","Networking driver in 26FD59EB-3D48-4990-A9F8-84702C245EEC is loaded and the protocol version is negotiated to the most recent version (Virtual machine ID 26FD59EB-3D48-4990-A9F8-84702C245EEC)."
"11/8/2025 3:34:38 p. m.","Información","Microsoft-Windows-Hyper-V-VmSwitch","291","Descarga de RSC modificada para la 26FD59EB-3D48-4990-A9F8-84702C245EEC--3EED9D07-FE97-4612-9202-AEFC3FF4B9FC NIC (nombre descriptivo: ) IPv4 anterior: Deshabilitado, IPv4 actual: Habilitado, IPv6 anterior: Deshabilitado, IPv6 actual: Habilitado. Motivo: OID de RSC"
"11/8/2025 3:34:38 p. m.","Información","Microsoft-Windows-Hyper-V-VmSwitch","102","Networking driver in 26FD59EB-3D48-4990-A9F8-84702C245EEC is loaded and the protocol version is negotiated to the most recent version (Virtual machine ID 26FD59EB-3D48-4990-A9F8-84702C245EEC)."
"11/8/2025 3:34:38 p. m.","Información","Microsoft-Windows-Hyper-V-VmSwitch","232","NIC 26FD59EB-3D48-4990-A9F8-84702C245EEC--3EED9D07-FE97-4612-9202-AEFC3FF4B9FC (Friendly Name: ) successfully connected to port 3EED9D07-FE97-4612-9202-AEFC3FF4B9FC (Friendly Name: 3EED9D07-FE97-4612-9202-AEFC3FF4B9FC) on switch 790E58B4-7939-4434-9358-89AE7DDBE87E(Friendly Name: WSL (Hyper-V firewall))."
"11/8/2025 3:34:38 p. m.","Información","Microsoft-Windows-Hyper-V-VmSwitch","233","La operación ' Create ' se realizó correctamente en la NIC 26FD59EB-3D48-4990-A9F8-84702C245EEC--3EED9D07-FE97-4612-9202-AEFC3FF4B9FC (nombre descriptivo: ) e ID. de instancia {00000000-0000-0000-0000-000000000000}. "
"11/8/2025 3:34:38 p. m.","Información","Microsoft-Windows-Hyper-V-VmSwitch","291","Descarga de RSC modificada para la 26FD59EB-3D48-4990-A9F8-84702C245EEC--3EED9D07-FE97-4612-9202-AEFC3FF4B9FC NIC (nombre descriptivo: ) IPv4 anterior: Deshabilitado, IPv4 actual: Deshabilitado, IPv6 anterior: Deshabilitado, IPv6 actual: Deshabilitado. Motivo: Creación de NIC"
"11/8/2025 3:34:37 p. m.","Información","Microsoft-Windows-Hyper-V-VmSwitch","67","El 3EED9D07-FE97-4612-9202-AEFC3FF4B9FC de puerto (nombre descriptivo: 3EED9D07-FE97-4612-9202-AEFC3FF4B9FC) se creó correctamente en el conmutador 790E58B4-7939-4434-9358-89AE7DDBE87E (nombre descriptivo: WSL (Hyper-V firewall))."
"11/8/2025 3:34:37 p. m.","Información","Microsoft-Windows-Hyper-V-VmSwitch","292","Descarga de RSC modificada para el puerto 3EED9D07-FE97-4612-9202-AEFC3FF4B9FC (nombre descriptivo: 3EED9D07-FE97-4612-9202-AEFC3FF4B9FC) Anterior: Deshabilitado, actual: Habilitado. Motivo: Creación de puertos"
"11/8/2025 3:34:37 p. m.","Información","Microsoft-Windows-Hyper-V-VmSwitch","232","NIC 790E58B4-7939-4434-9358-89AE7DDBE87F (Friendly Name: WSL (Hyper-V firewall)) successfully connected to port 790E58B4-7939-4434-9358-89AE7DDBE87F (Friendly Name: Host Vnic 790E58B4-7939-4434-9358-89AE7DDBE87E) on switch 790E58B4-7939-4434-9358-89AE7DDBE87E(Friendly Name: WSL (Hyper-V firewall))."
"11/8/2025 3:34:37 p. m.","Información","Microsoft-Windows-Hyper-V-VmSwitch","291","Descarga de RSC modificada para la 790E58B4-7939-4434-9358-89AE7DDBE87F NIC (nombre descriptivo: WSL (Hyper-V firewall)) IPv4 anterior: Habilitado, IPv4 actual: Habilitado, IPv6 anterior: Habilitado, IPv6 actual: Habilitado. Motivo: OID de RSC"
"11/8/2025 3:34:37 p. m.","Información","Microsoft-Windows-Hyper-V-VmSwitch","291","Descarga de RSC modificada para la 790E58B4-7939-4434-9358-89AE7DDBE87F NIC (nombre descriptivo: WSL (Hyper-V firewall)) IPv4 anterior: Deshabilitado, IPv4 actual: Habilitado, IPv6 anterior: Deshabilitado, IPv6 actual: Habilitado. Motivo: OID de RSC"
"11/8/2025 3:34:37 p. m.","Información","Microsoft-Windows-Hyper-V-VmSwitch","7","Miniport NIC 790E58B4-7939-4434-9358-89AE7DDBE87F (Friendly Name: WSL (Hyper-V firewall)) successfully initialized."
"11/8/2025 3:34:37 p. m.","Información","Microsoft-Windows-Hyper-V-VmSwitch","291","Descarga de RSC modificada para la 790E58B4-7939-4434-9358-89AE7DDBE87F NIC (nombre descriptivo: WSL (Hyper-V firewall)) IPv4 anterior: Deshabilitado, IPv4 actual: Deshabilitado, IPv6 anterior: Deshabilitado, IPv6 actual: Deshabilitado. Motivo: Inicio de NIC"
"11/8/2025 3:34:37 p. m.","Información","Microsoft-Windows-Hyper-V-VmSwitch","233","La operación ' Create ' se realizó correctamente en la NIC 790E58B4-7939-4434-9358-89AE7DDBE87F (nombre descriptivo: WSL (Hyper-V firewall)) e ID. de instancia {00000000-0000-0000-0000-000000000000}. "
"11/8/2025 3:34:37 p. m.","Información","Microsoft-Windows-Hyper-V-VmSwitch","291","Descarga de RSC modificada para la 790E58B4-7939-4434-9358-89AE7DDBE87F NIC (nombre descriptivo: WSL (Hyper-V firewall)) IPv4 anterior: Deshabilitado, IPv4 actual: Deshabilitado, IPv6 anterior: Deshabilitado, IPv6 actual: Deshabilitado. Motivo: Creación de NIC"
"11/8/2025 3:34:36 p. m.","Información","Microsoft-Windows-Hyper-V-VmSwitch","264","El 790E58B4-7939-4434-9358-89AE7DDBE87F de puerto interno o externo (nombre descriptivo: Host Vnic 790E58B4-7939-4434-9358-89AE7DDBE87E) se creó correctamente en el conmutador 790E58B4-7939-4434-9358-89AE7DDBE87E (nombre descriptivo: WSL (Hyper-V firewall))."
"11/8/2025 3:34:36 p. m.","Información","Microsoft-Windows-Hyper-V-VmSwitch","292","Descarga de RSC modificada para el puerto 790E58B4-7939-4434-9358-89AE7DDBE87F (nombre descriptivo: Host Vnic 790E58B4-7939-4434-9358-89AE7DDBE87E) Anterior: Deshabilitado, actual: Habilitado. Motivo: Creación de puertos"
"11/8/2025 3:34:36 p. m.","Información","VfpExt","7036","El servicio  entró en estado Filter restart complete."
"11/8/2025 3:34:36 p. m.","Información","VfpExt","7036","El servicio  entró en estado Filter restart start."
"11/8/2025 3:34:36 p. m.","Información","VfpExt","7036","El servicio  entró en estado Filter attach complete."
"11/8/2025 3:34:36 p. m.","Información","VfpExt","7036","El servicio  entró en estado Filter attach start."
"11/8/2025 3:34:36 p. m.","Información","Microsoft-Windows-Hyper-V-VmSwitch","9","Switch 790E58B4-7939-4434-9358-89AE7DDBE87E (Friendly Name: WSL (Hyper-V firewall)) successfully initialized."
"11/8/2025 3:34:36 p. m.","Información","Microsoft-Windows-Hyper-V-VmSwitch","232","NIC 790E58B4-7939-4434-9358-89AE7DDBE87E (Friendly Name: WSL (Hyper-V firewall)) successfully connected to port 790E58B4-7939-4434-9358-89AE7DDBE87E (Friendly Name: WSL (Hyper-V firewall)) on switch 790E58B4-7939-4434-9358-89AE7DDBE87E(Friendly Name: WSL (Hyper-V firewall))."
"11/8/2025 3:34:36 p. m.","Información","Microsoft-Windows-Hyper-V-VmSwitch","233","La operación ' Create ' se realizó correctamente en la NIC 790E58B4-7939-4434-9358-89AE7DDBE87E (nombre descriptivo: WSL (Hyper-V firewall)) e ID. de instancia {00000000-0000-0000-0000-000000000000}. "
"11/8/2025 3:34:36 p. m.","Información","Microsoft-Windows-Hyper-V-VmSwitch","291","Descarga de RSC modificada para la 790E58B4-7939-4434-9358-89AE7DDBE87E NIC (nombre descriptivo: WSL (Hyper-V firewall)) IPv4 anterior: Deshabilitado, IPv4 actual: Deshabilitado, IPv6 anterior: Deshabilitado, IPv6 actual: Deshabilitado. Motivo: Creación de NIC"
"11/8/2025 3:34:36 p. m.","Información","Microsoft-Windows-Hyper-V-VmSwitch","67","El 790E58B4-7939-4434-9358-89AE7DDBE87E de puerto (nombre descriptivo: WSL (Hyper-V firewall)) se creó correctamente en el conmutador 790E58B4-7939-4434-9358-89AE7DDBE87E (nombre descriptivo: WSL (Hyper-V firewall))."
"11/8/2025 3:34:36 p. m.","Información","Microsoft-Windows-Hyper-V-VmSwitch","292","Descarga de RSC modificada para el puerto 790E58B4-7939-4434-9358-89AE7DDBE87E (nombre descriptivo: WSL (Hyper-V firewall)) Anterior: Deshabilitado, actual: Habilitado. Motivo: Creación de puertos"
"11/8/2025 3:34:36 p. m.","Información","VfpExt","7036","El servicio  entró en estado Driver load complete."
"11/8/2025 3:34:36 p. m.","Información","VfpExt","7036","El servicio  entró en estado Driver load start."
"11/8/2025 3:28:34 p. m.","Información","Service Control Manager","7045","Se instaló un servicio en el sistema.

Nombre del servicio:  WSL Service
Nombre del archivo del servicio:  ""C:\Program Files\WSL\wslservice.exe""
Tipo de servicio:  servicio de modo usuario
Tipo de inicio de servicio:  inicio automático
Cuenta de servicio:  LocalSystem"
"11/8/2025 3:28:31 p. m.","Información","Microsoft-Windows-Kernel-General","16","El historial de accesos en el subárbol \??\C:\ProgramData\Microsoft\Windows\AppRepository\Packages\MicrosoftCorporationII.WindowsSubsystemForLinux_2.5.10.0_x64__8wekyb3d8bbwe\ActivationStore.dat se borró mediante la actualización de 0 claves y la creación de 0 páginas modificadas."
"11/8/2025 3:21:52 p. m.","Información","Microsoft-Windows-Kernel-Power","105","Cambio de fuente de energía."
"11/8/2025 2:59:16 p. m.","Información","TPM","17","El hardware del Módulo de plataforma segura (TPM) no pudo ejecutar un comando de TPM."
"11/8/2025 2:59:16 p. m.","Información","TPM","17","El hardware del Módulo de plataforma segura (TPM) no pudo ejecutar un comando de TPM."
"11/8/2025 12:57:26 p. m.","Información","TPM","17","El hardware del Módulo de plataforma segura (TPM) no pudo ejecutar un comando de TPM."
"11/8/2025 12:57:26 p. m.","Información","TPM","17","El hardware del Módulo de plataforma segura (TPM) no pudo ejecutar un comando de TPM."
"11/8/2025 12:57:25 p. m.","Información","TPM","17","El hardware del Módulo de plataforma segura (TPM) no pudo ejecutar un comando de TPM."
"11/8/2025 12:57:23 p. m.","Información","Microsoft-Windows-IsolatedUserMode","5","Secure Trustlet NULL Id 0 and Pid 0 started with status STATUS_SUCCESS."
"11/8/2025 12:57:23 p. m.","Información","Microsoft-Windows-IsolatedUserMode","2","Secure Trustlet Id 0 and Pid 0 stopped with status STATUS_SUCCESS."
"11/8/2025 12:47:13 p. m.","Información","Microsoft-Windows-WindowsUpdateClient","19","Instalación correcta: Windows instaló correctamente la siguiente actualización: 9WZDNCRD29V9-MICROSOFT.MICROSOFTOFFICEHUB"
"11/8/2025 12:47:10 p. m.","Información","Microsoft-Windows-WindowsUpdateClient","43","Instalación iniciada: Windows comenzó a instalar la actualización siguiente: 9WZDNCRD29V9-MICROSOFT.MICROSOFTOFFICEHUB"
"11/8/2025 12:47:07 p. m.","Información","Microsoft-Windows-Kernel-General","16","El historial de accesos en el subárbol \??\C:\ProgramData\Microsoft\Windows\AppRepository\Packages\Microsoft.MicrosoftOfficeHub_19.2508.37081.0_x64__8wekyb3d8bbwe\ActivationStore.dat se borró mediante la actualización de 0 claves y la creación de 0 páginas modificadas."
"11/8/2025 12:46:15 p. m.","Información","Microsoft-Windows-WindowsUpdateClient","19","Instalación correcta: Windows instaló correctamente la siguiente actualización: Actualización de inteligencia de seguridad para Microsoft Defender Antivirus - KB2267602 (versión 1.435.107.0) - Canal actual (ampliado)"
"11/8/2025 12:46:06 p. m.","Información","Microsoft-Windows-WindowsUpdateClient","44","Windows Update comenzó a descargar una actualización."
"11/8/2025 12:45:59 p. m.","Información","Microsoft-Windows-WindowsUpdateClient","43","Instalación iniciada: Windows comenzó a instalar la actualización siguiente: Actualización de inteligencia de seguridad para Microsoft Defender Antivirus - KB2267602 (versión 1.435.107.0) - Canal actual (ampliado)"
"11/8/2025 12:45:58 p. m.","Información","Microsoft-Windows-WindowsUpdateClient","44","Windows Update comenzó a descargar una actualización."
"11/8/2025 12:11:58 p. m.","Información","Microsoft-Windows-Time-Service","37","El proveedor de hora NtpClient está recibiendo datos de hora  válidos desde time.windows.com,0x9 (ntp.m|0x9|0.0.0.0:123->40.119.6.228:123)."
"11/8/2025 12:11:19 p. m.","Información","Microsoft-Windows-Kernel-Power","105","Cambio de fuente de energía."
"11/8/2025 12:00:00 p. m.","Información","EventLog","6013","El tiempo límite del sistema es de 475249 segundos."
"11/8/2025 11:57:24 a. m.","Advertencia","rt640x64","1","Realtek PCIe GbE Family Controller is disconnected from network."
"11/8/2025 11:57:21 a. m.","Información","Microsoft-Windows-Kernel-Power","566","La sesión del sistema ha cambiado de 93 a 94.

Motivo PolicyChange 

BootId: 11"
