"16/8/2025 7:28:05 a. m.","Advertencia","Microsoft-Windows-DistributedCOM","10016","La configuración de permisos específico de la aplicación no concede el permiso Iniciar Local para la aplicación de servidor COM con CLSID 
Windows.SecurityCenter.WscCloudBackupProvider
 y APPID 
No disponible
 al usuario TICPC-05\PCTIC-05 con SID (S-1-5-21-72991934-2165796093-3938425774-1001) en la dirección LocalHost (con LRPC) que se ejecuta en el contenedor de aplicaciones con SID No disponible (No disponible). Este permiso de seguridad se puede modificar mediante la herramienta administrativa Servicios de componentes."
"16/8/2025 7:28:03 a. m.","Información","Microsoft-Windows-IsolatedUserMode","5","Secure Trustlet NULL Id 0 and Pid 0 started with status STATUS_SUCCESS."
"16/8/2025 7:27:50 a. m.","Información","TPM","17","El hardware del Módulo de plataforma segura (TPM) no pudo ejecutar un comando de TPM."
"16/8/2025 7:27:46 a. m.","Información","Microsoft-Windows-Kernel-General","16","El historial de accesos en el subárbol \??\C:\Users\PCTIC-05\AppData\Local\Packages\Microsoft.WindowsNotepad_8wekyb3d8bbwe\Settings\settings.dat se borró mediante la actualización de 2 claves y la creación de 1 páginas modificadas."
"16/8/2025 7:27:44 a. m.","Información","Microsoft-Windows-Kernel-General","16","El historial de accesos en el subárbol \??\C:\Users\PCTIC-05\AppData\Local\Packages\MicrosoftWindows.Client.WebExperience_cw5n1h2txyewy\Settings\settings.dat se borró mediante la actualización de 6 claves y la creación de 1 páginas modificadas."
"16/8/2025 7:27:41 a. m.","Información","Microsoft-Windows-Kernel-General","16","El historial de accesos en el subárbol \??\C:\ProgramData\Packages\Microsoft.WidgetsPlatformRuntime_8wekyb3d8bbwe\S-1-5-21-72991934-2165796093-3938425774-1001\SystemAppData\Helium\Cache\89bc9879cd777c28_COM15.dat se borró mediante la actualización de 1 claves y la creación de 1 páginas modificadas."
"16/8/2025 7:27:41 a. m.","Información","Microsoft-Windows-Kernel-General","16","El historial de accesos en el subárbol \??\C:\Users\PCTIC-05\AppData\Local\Packages\Microsoft.WidgetsPlatformRuntime_8wekyb3d8bbwe\SystemAppData\Helium\UserClasses.dat se borró mediante la actualización de 15 claves y la creación de 4 páginas modificadas."
"16/8/2025 7:27:41 a. m.","Información","Microsoft-Windows-Kernel-General","16","El historial de accesos en el subárbol \??\C:\Users\PCTIC-05\AppData\Local\Packages\Microsoft.WidgetsPlatformRuntime_8wekyb3d8bbwe\SystemAppData\Helium\User.dat se borró mediante la actualización de 1 claves y la creación de 1 páginas modificadas."
"16/8/2025 7:27:41 a. m.","Información","Microsoft-Windows-Kernel-General","16","El historial de accesos en el subárbol \??\C:\ProgramData\Packages\MicrosoftWindows.Client.WebExperience_cw5n1h2txyewy\S-1-5-21-72991934-2165796093-3938425774-1001\SystemAppData\Helium\Cache\40dfb99aa8fbeb29_COM15.dat se borró mediante la actualización de 1 claves y la creación de 1 páginas modificadas."
"16/8/2025 7:27:41 a. m.","Información","Microsoft-Windows-Kernel-General","16","El historial de accesos en el subárbol \??\C:\Users\PCTIC-05\AppData\Local\Packages\MicrosoftWindows.Client.WebExperience_cw5n1h2txyewy\SystemAppData\Helium\UserClasses.dat se borró mediante la actualización de 15 claves y la creación de 2 páginas modificadas."
"16/8/2025 7:27:41 a. m.","Información","Microsoft-Windows-Kernel-General","16","El historial de accesos en el subárbol \??\C:\Users\PCTIC-05\AppData\Local\Packages\MicrosoftWindows.Client.WebExperience_cw5n1h2txyewy\SystemAppData\Helium\User.dat se borró mediante la actualización de 14 claves y la creación de 1 páginas modificadas."
"16/8/2025 7:27:41 a. m.","Información","Microsoft-Windows-Kernel-General","16","El historial de accesos en el subárbol \??\C:\Users\PCTIC-05\AppData\Local\Packages\MicrosoftWindows.Client.CBS_cw5n1h2txyewy\Settings\settings.dat se borró mediante la actualización de 38 claves y la creación de 8 páginas modificadas."
"16/8/2025 7:27:39 a. m.","Información","Microsoft-Windows-Kernel-General","16","El historial de accesos en el subárbol \??\C:\Users\PCTIC-05\AppData\Local\Packages\MicrosoftWindows.Client.CoreAI_cw5n1h2txyewy\Settings\settings.dat se borró mediante la actualización de 1 claves y la creación de 1 páginas modificadas."
"16/8/2025 7:27:34 a. m.","Información","Microsoft-Windows-Kernel-General","16","El historial de accesos en el subárbol \??\C:\ProgramData\Packages\MicrosoftWindows.Client.CBS_cw5n1h2txyewy\S-1-5-21-72991934-2165796093-3938425774-1001\SystemAppData\Helium\Cache\87b68362b9c83648_COM15.dat se borró mediante la actualización de 1 claves y la creación de 1 páginas modificadas."
"16/8/2025 7:27:34 a. m.","Información","Microsoft-Windows-Kernel-General","16","El historial de accesos en el subárbol \??\C:\Users\PCTIC-05\AppData\Local\Microsoft\Windows\UsrClass.dat se borró mediante la actualización de 4683 claves y la creación de 707 páginas modificadas."
"16/8/2025 7:27:34 a. m.","Información","Microsoft-Windows-Kernel-General","15","El subárbol \??\C:\Users\PCTIC-05\ntuser.dat se reorganizó con un tamaño inicial de 12677120 bytes y un tamaño final de 10760192 bytes."
"16/8/2025 7:27:33 a. m.","Información","Microsoft-Windows-Winlogon","7001","Notificación de inicio de sesión de usuario para el Programa para la mejora de la experiencia del usuario"
"16/8/2025 7:27:33 a. m.","Información","Service Control Manager","7040","El tipo de inicio del servicio Windows Modules Installer se cambió de inicio automático a inicio por solicitud."
"16/8/2025 7:27:27 a. m.","Información","Microsoft-Windows-Hyper-V-VmSwitch","232","NIC C08CB7B8-9B3C-408E-8E30-5E16A3AEB445 (Friendly Name: Default Switch) successfully connected to port C08CB7B8-9B3C-408E-8E30-5E16A3AEB445 (Friendly Name: Host Vnic C08CB7B8-9B3C-408E-8E30-5E16A3AEB444) on switch C08CB7B8-9B3C-408E-8E30-5E16A3AEB444(Friendly Name: Default Switch)."
"16/8/2025 7:27:27 a. m.","Información","Microsoft-Windows-Hyper-V-VmSwitch","7","Miniport NIC C08CB7B8-9B3C-408E-8E30-5E16A3AEB445 (Friendly Name: Default Switch) successfully initialized."
"16/8/2025 7:27:27 a. m.","Información","Microsoft-Windows-Hyper-V-VmSwitch","291","Descarga de RSC modificada para la C08CB7B8-9B3C-408E-8E30-5E16A3AEB445 NIC (nombre descriptivo: Default Switch) IPv4 anterior: Deshabilitado, IPv4 actual: Deshabilitado, IPv6 anterior: Deshabilitado, IPv6 actual: Deshabilitado. Motivo: Inicio de NIC"
"16/8/2025 7:27:27 a. m.","Información","Microsoft-Windows-Hyper-V-VmSwitch","233","La operación ' Create ' se realizó correctamente en la NIC C08CB7B8-9B3C-408E-8E30-5E16A3AEB445 (nombre descriptivo: Default Switch) e ID. de instancia {00000000-0000-0000-0000-000000000000}. "
"16/8/2025 7:27:27 a. m.","Información","Microsoft-Windows-Hyper-V-VmSwitch","291","Descarga de RSC modificada para la C08CB7B8-9B3C-408E-8E30-5E16A3AEB445 NIC (nombre descriptivo: Default Switch) IPv4 anterior: Deshabilitado, IPv4 actual: Deshabilitado, IPv6 anterior: Deshabilitado, IPv6 actual: Deshabilitado. Motivo: Creación de NIC"
"16/8/2025 7:27:27 a. m.","Información","Microsoft-Windows-Hyper-V-VmSwitch","264","El C08CB7B8-9B3C-408E-8E30-5E16A3AEB445 de puerto interno o externo (nombre descriptivo: Host Vnic C08CB7B8-9B3C-408E-8E30-5E16A3AEB444) se creó correctamente en el conmutador C08CB7B8-9B3C-408E-8E30-5E16A3AEB444 (nombre descriptivo: Default Switch)."
"16/8/2025 7:27:27 a. m.","Información","Microsoft-Windows-Hyper-V-VmSwitch","292","Descarga de RSC modificada para el puerto C08CB7B8-9B3C-408E-8E30-5E16A3AEB445 (nombre descriptivo: Host Vnic C08CB7B8-9B3C-408E-8E30-5E16A3AEB444) Anterior: Deshabilitado, actual: Habilitado. Motivo: Creación de puertos"
"16/8/2025 7:27:27 a. m.","Información","Microsoft-Windows-Hyper-V-VmSwitch","9","Switch C08CB7B8-9B3C-408E-8E30-5E16A3AEB444 (Friendly Name: Default Switch) successfully initialized."
"16/8/2025 7:27:27 a. m.","Información","Microsoft-Windows-Hyper-V-VmSwitch","232","NIC C08CB7B8-9B3C-408E-8E30-5E16A3AEB444 (Friendly Name: Default Switch) successfully connected to port C08CB7B8-9B3C-408E-8E30-5E16A3AEB444 (Friendly Name: Default Switch) on switch C08CB7B8-9B3C-408E-8E30-5E16A3AEB444(Friendly Name: Default Switch)."
"16/8/2025 7:27:27 a. m.","Información","Microsoft-Windows-Hyper-V-VmSwitch","233","La operación ' Create ' se realizó correctamente en la NIC C08CB7B8-9B3C-408E-8E30-5E16A3AEB444 (nombre descriptivo: Default Switch) e ID. de instancia {00000000-0000-0000-0000-000000000000}. "
"16/8/2025 7:27:27 a. m.","Información","Microsoft-Windows-Hyper-V-VmSwitch","291","Descarga de RSC modificada para la C08CB7B8-9B3C-408E-8E30-5E16A3AEB444 NIC (nombre descriptivo: Default Switch) IPv4 anterior: Deshabilitado, IPv4 actual: Deshabilitado, IPv6 anterior: Deshabilitado, IPv6 actual: Deshabilitado. Motivo: Creación de NIC"
"16/8/2025 7:27:27 a. m.","Información","Microsoft-Windows-Hyper-V-VmSwitch","67","El C08CB7B8-9B3C-408E-8E30-5E16A3AEB444 de puerto (nombre descriptivo: Default Switch) se creó correctamente en el conmutador C08CB7B8-9B3C-408E-8E30-5E16A3AEB444 (nombre descriptivo: Default Switch)."
"16/8/2025 7:27:27 a. m.","Información","Microsoft-Windows-Hyper-V-VmSwitch","292","Descarga de RSC modificada para el puerto C08CB7B8-9B3C-408E-8E30-5E16A3AEB444 (nombre descriptivo: Default Switch) Anterior: Deshabilitado, actual: Habilitado. Motivo: Creación de puertos"
"16/8/2025 7:27:26 a. m.","Advertencia","Netwtw10","6062","6062 - Lso was triggered"
"16/8/2025 7:27:23 a. m.","Información","Microsoft-Windows-TPM-WMI","1025","El TPM se aprovisionó correctamente y está listo para su uso."
"16/8/2025 7:27:22 a. m.","Información","Microsoft-Windows-TPM-WMI","1282","Se generó el identificador de dispositivos TBS."
"16/8/2025 7:27:22 a. m.","Información","Netwtw10","7021","7021 - Connection telemetry fields and analysis usage"
"16/8/2025 7:27:19 a. m.","Información","Microsoft-Windows-IsolatedUserMode","1","Secure Trustlet \??\C:\WINDOWS\System32\NgcIso.exe Id 6 and Pid 6304 started with status STATUS_SUCCESS."
"16/8/2025 7:27:19 a. m.","Información","Microsoft-Windows-IsolatedUserMode","5","Secure Trustlet NULL Id 0 and Pid 0 started with status STATUS_SUCCESS."
"16/8/2025 7:27:18 a. m.","Información","Microsoft-Windows-WLAN-AutoConfig","10001","El módulo de extensibilidad de WLAN se inició correctamente.

Ruta de acceso del módulo: C:\WINDOWS\system32\IntelIHVRouter10.dll
"
"16/8/2025 7:27:18 a. m.","Información","Microsoft-Windows-WLAN-AutoConfig","4000","El servicio de Configuración automática de WLAN se inició correctamente.
"
"16/8/2025 7:27:18 a. m.","Información","TPM","18","Este evento desencadena que se ejecute la comprobación de estado/aprovisionamiento del Módulo de plataforma segura (TPM)."
"16/8/2025 7:27:16 a. m.","Información","nhi","9007","The driver entered RTD3.
 All the connected devices will be removed from driver's internal state, so it is expected that DeviceDisconnected events will happen."
"16/8/2025 7:27:13 a. m.","Información","Microsoft-Windows-UserModePowerService","12","El proceso C:\Windows\System32\DriverStore\FileRepository\dptf_cpu.inf_amd64_897ea327b3fe52f7\esif_uf.exe (identificador de proceso:3568) restableció el esquema de directivas de {381b4222-f694-41f0-9685-ff5bb260df2e} a {381b4222-f694-41f0-9685-ff5bb260df2e}"
"16/8/2025 7:27:13 a. m.","Información","Microsoft-Windows-UserModePowerService","12","El proceso C:\Windows\System32\DriverStore\FileRepository\dptf_cpu.inf_amd64_897ea327b3fe52f7\esif_uf.exe (identificador de proceso:3568) restableció el esquema de directivas de {381b4222-f694-41f0-9685-ff5bb260df2e} a {381b4222-f694-41f0-9685-ff5bb260df2e}"
"16/8/2025 7:27:13 a. m.","Información","Microsoft-Windows-HttpService","112","Se intentó reservar la http://+:80/116B50EB-ECE2-41ac-8429-9F9E963361B7/ url. Estado 0x0. Id. de proceso 0x4 ruta de acceso ejecutable , S-1-5-18  de usuario"
"16/8/2025 7:27:13 a. m.","Información","Microsoft-Windows-HttpService","112","Se intentó reservar la https://+:443/C574AC30-5794-4AEE-B1BB-6651C5315029/ url. Estado 0x0. Id. de proceso 0x4 ruta de acceso ejecutable , S-1-5-18  de usuario"
"16/8/2025 7:27:13 a. m.","Información","Microsoft-Windows-HttpService","112","Se intentó reservar la http://+:80/0131501b-d67f-491b-9a40-c4bf27bcb4d4/ url. Estado 0x0. Id. de proceso 0x4 ruta de acceso ejecutable , S-1-5-18  de usuario"
"16/8/2025 7:27:13 a. m.","Información","Microsoft-Windows-HttpService","112","Se intentó reservar la http://+:3387/rdp/ url. Estado 0x0. Id. de proceso 0x4 ruta de acceso ejecutable , S-1-5-18  de usuario"
"16/8/2025 7:27:13 a. m.","Información","Microsoft-Windows-HttpService","112","Se intentó reservar la https://+:3392/rdp/ url. Estado 0x0. Id. de proceso 0x4 ruta de acceso ejecutable , S-1-5-18  de usuario"
"16/8/2025 7:27:13 a. m.","Información","Microsoft-Windows-HttpService","112","Se intentó reservar la http://+:10243/WMPNSSv4/ url. Estado 0x0. Id. de proceso 0x4 ruta de acceso ejecutable , S-1-5-18  de usuario"
"16/8/2025 7:27:13 a. m.","Información","Microsoft-Windows-HttpService","112","Se intentó reservar la https://+:10245/WMPNSSv4/ url. Estado 0x0. Id. de proceso 0x4 ruta de acceso ejecutable , S-1-5-18  de usuario"
"16/8/2025 7:27:13 a. m.","Información","Microsoft-Windows-HttpService","112","Se intentó reservar la http://+:10247/apps/ url. Estado 0x0. Id. de proceso 0x4 ruta de acceso ejecutable , S-1-5-18  de usuario"
"16/8/2025 7:27:13 a. m.","Información","Microsoft-Windows-HttpService","112","Se intentó reservar la http://+:10246/MDEServer/ url. Estado 0x0. Id. de proceso 0x4 ruta de acceso ejecutable , S-1-5-18  de usuario"
"16/8/2025 7:27:13 a. m.","Información","Microsoft-Windows-HttpService","112","Se intentó reservar la https://+:443/sra_{BA195980-CD49-458b-9E23-C84EE0ADCD75}/ url. Estado 0x0. Id. de proceso 0x4 ruta de acceso ejecutable , S-1-5-18  de usuario"
"16/8/2025 7:27:13 a. m.","Información","Microsoft-Windows-HttpService","112","Se intentó reservar la http://+:5985/wsman/ url. Estado 0x0. Id. de proceso 0x4 ruta de acceso ejecutable , S-1-5-18  de usuario"
"16/8/2025 7:27:13 a. m.","Información","Microsoft-Windows-HttpService","112","Se intentó reservar la http://+:47001/wsman/ url. Estado 0x0. Id. de proceso 0x4 ruta de acceso ejecutable , S-1-5-18  de usuario"
"16/8/2025 7:27:13 a. m.","Información","Microsoft-Windows-HttpService","112","Se intentó reservar la https://+:5986/wsman/ url. Estado 0x0. Id. de proceso 0x4 ruta de acceso ejecutable , S-1-5-18  de usuario"
"16/8/2025 7:27:13 a. m.","Información","Microsoft-Windows-HttpService","112","Se intentó reservar la http://*:2869/ url. Estado 0x0. Id. de proceso 0x4 ruta de acceso ejecutable , S-1-5-18  de usuario"
"16/8/2025 7:27:13 a. m.","Información","Microsoft-Windows-HttpService","112","Se intentó reservar la https://*:5358/ url. Estado 0x0. Id. de proceso 0x4 ruta de acceso ejecutable , S-1-5-18  de usuario"
"16/8/2025 7:27:13 a. m.","Información","Microsoft-Windows-HttpService","112","Se intentó reservar la http://+:80/Temporary_Listen_Addresses/ url. Estado 0x0. Id. de proceso 0x4 ruta de acceso ejecutable , S-1-5-18  de usuario"
"16/8/2025 7:27:13 a. m.","Información","Microsoft-Windows-HttpService","112","Se intentó reservar la http://*:5357/ url. Estado 0x0. Id. de proceso 0x4 ruta de acceso ejecutable , S-1-5-18  de usuario"
"16/8/2025 7:27:13 a. m.","Información","Microsoft-Windows-Hyper-V-VmSwitch","277","vmswitch.sys versión 26100.amd64.ge_release_svc_prod1, depuración false, oficial true, 1, 1"
"16/8/2025 7:27:13 a. m.","Información","Microsoft-Windows-TPM-WMI","1038","Las comprobaciones de estado de la atestación previa confirman que se espera que el dispositivo supere la atestación.
 Consulte C:\WINDOWS\Logs\MeasuredBoot\0000000035-0000000000.json para obtener información detallada sobre las comprobaciones realizadas."
"16/8/2025 7:27:13 a. m.","Información","Microsoft-Windows-TPM-WMI","1041","Información detallada sobre la comprobación del estado de la atestación previa: {""Version"":1,""HealthStatus"":""Attestable"",""Required"":[{""Field"":""TpmPresent"",""Value"":true,""DesiredValue"":true},{""Field"":""TpmMeetsMinimumVersion"",""Value"":true,""DesiredValue"":true},{""Field"":""TpmIsResponsive"",""Value"":true,""DesiredValue"":true},{""Field"":""EkCertIsAvailable"",""Value"":true,""DesiredValue"":true},{""Field"":""TcgLogFound"",""Value"":true,""DesiredValue"":true}],""Expected"":[{""Field"":""PcrsMatchTcgLog"",""Value"":true,""DesiredValue"":true}],""Informational"":[{""Field"":""SecureBootEnabled"",""ValueFromComputer"":true,""ValueFromTcgLog"":true,""DesiredValue"":true,""TcgValueIsVerifiable"":true},{""Field"":""VirtualSecureMemory"",""ValueFromComputer"":false,""ValueFromTcgLog"":false,""DesiredValue"":true,""TcgValueIsVerifiable"":true},{""Field"":""SecureCorePCCompliant"",""ValueFromComputer"":false,""ValueFromTcgLog"":false,""DesiredValue"":true,""TcgValueIsVerifiable"":true}]}"
"16/8/2025 7:27:13 a. m.","Error","Microsoft-Windows-Eventlog","22","El servicio de inicio de sesión de eventos detectó un error al inicializar recursos de publicación para el canal Microsoft-Windows-USBVideo/Analytic. Si el tipo de canal es Analítico o Depurador, podría indicar también un error de inicialización de recursos de registro."
"16/8/2025 7:27:13 a. m.","Información","RST Middleware","27","Found passthru disk: SCSI Port: 0, SCSI Bus: 3, SCSI Target: 0, PCIe SSD, 512110190592 bytes, TEAM TM8FP6512G                         "
"16/8/2025 7:27:13 a. m.","Información","Win32k","267","La comprobación de control de calidad de hardware táctil se realizó correctamente."
"16/8/2025 7:27:12 a. m.","Información","Microsoft-Windows-FilterManager","6","Filtro de sistema de archivos 'bindflt' (10.0, ‎2032‎-‎10‎-‎09T02:28:18.000000000Z) correctamente cargado y registrado con el administrador de filtros."
"16/8/2025 7:27:12 a. m.","Información","Microsoft-Windows-FilterManager","6","Filtro de sistema de archivos 'storqosflt' (10.0, ‎2021‎-‎03‎-‎19T06:47:34.000000000Z) correctamente cargado y registrado con el administrador de filtros."
"16/8/2025 7:27:12 a. m.","Información","Microsoft-Windows-FilterManager","6","Filtro de sistema de archivos 'UnionFS' (10.0, ‎2047‎-‎02‎-‎21T07:01:20.000000000Z) correctamente cargado y registrado con el administrador de filtros."
"16/8/2025 7:27:12 a. m.","Información","Microsoft-Windows-FilterManager","6","Filtro de sistema de archivos 'CldFlt' (10.0, ‎2066‎-‎10‎-‎17T19:52:14.000000000Z) correctamente cargado y registrado con el administrador de filtros."
"16/8/2025 7:27:12 a. m.","Información","Microsoft-Windows-FilterManager","1","Filtro de sistema de archivos 'CldFlt' (Versión 10.0, ‎2066‎-‎10‎-‎17T19:52:14.000000000Z) correctamente descargado."
"16/8/2025 7:27:12 a. m.","Información","Microsoft-Windows-FilterManager","6","Filtro de sistema de archivos 'CldFlt' (10.0, ‎2066‎-‎10‎-‎17T19:52:14.000000000Z) correctamente cargado y registrado con el administrador de filtros."
"16/8/2025 7:27:12 a. m.","Información","Microsoft-Windows-FilterManager","6","Filtro de sistema de archivos 'wcifs' (10.0, ‎2053‎-‎03‎-‎11T00:36:57.000000000Z) correctamente cargado y registrado con el administrador de filtros."
"16/8/2025 7:27:12 a. m.","Información","Microsoft-Windows-FilterManager","6","Filtro de sistema de archivos 'luafv' (10.0, ‎2105‎-‎10‎-‎05T01:54:15.000000000Z) correctamente cargado y registrado con el administrador de filtros."
"16/8/2025 7:27:12 a. m.","Información","Microsoft-Windows-FilterManager","6","Filtro de sistema de archivos 'bfs' (10.0, ‎2101‎-‎07‎-‎17T16:54:57.000000000Z) correctamente cargado y registrado con el administrador de filtros."
"16/8/2025 7:27:12 a. m.","Información","Microsoft-Windows-DHCPv6-Client","51046","Servicio de cliente DHCPv6 iniciado"
"16/8/2025 7:27:12 a. m.","Información","Microsoft-Windows-Dhcp-Client","50036","Servicio cliente DHCPv4 iniciado"
"16/8/2025 7:27:12 a. m.","Información","Microsoft-Windows-Dhcp-Client","50103","El cliente DHCPv4 registró una la notificación de apagado"
"16/8/2025 7:27:12 a. m.","Información","Microsoft-Windows-Dhcp-Client","50036","Servicio cliente DHCPv4 iniciado"
"16/8/2025 7:27:12 a. m.","Información","Microsoft-Windows-Directory-Services-SAM","16983","El administrador de cuentas de seguridad está registrando eventos de resumen periódicos para clientes remotos que llaman un cambio de contraseña heredada o establecen métodos RPC. 

 Para más información, consulte https://go.microsoft.com/fwlink/?linkid=2150956.
"
"16/8/2025 7:27:12 a. m.","Información","Microsoft-Windows-Directory-Services-SAM","16977","El dominio está configurado con las siguientes opciones de configuración relacionadas con la longitud mínima de la contraseña.

MinimumPasswordLength: 0

RelaxMinimumPasswordLengthLimits: 0

MinimumPasswordLengthAudit: -1

Para obtener más información, consulta https://go.microsoft.com/fwlink/?LinkId=2097191.
"
"16/8/2025 7:27:12 a. m.","Información","Microsoft-Windows-Directory-Services-SAM","16962","Se están restringiendo las llamadas remotas a la base de datos SAM mediante el descriptor de seguridad predeterminado: O:SYG:SYD:(A;;RC;;;BA).
Para obtener más información, consulte http://go.microsoft.com/fwlink/?LinkId=787651."
"16/8/2025 7:27:12 a. m.","Información","Microsoft-Windows-IsolatedUserMode","5","Secure Trustlet NULL Id 0 and Pid 0 started with status STATUS_SUCCESS."
"16/8/2025 7:27:12 a. m.","Información","LsaSrv","6156","Seguridad basada en virtualización para el estado de habilitación automática de Credential Guard.

Requisitos de hardware:	1
Dominio unido:	0
Azure AD unido:	0
 Licenciado para Credential Guard:	0
Controlador del dominio:	0"
"16/8/2025 7:27:12 a. m.","Información","Microsoft-Windows-Wininit","12","LSASS.exe se inició como un proceso protegido con nivel: 4."
"16/8/2025 7:27:12 a. m.","Información","Microsoft-Windows-Wininit","18","VBS Key Isolation se inició y protegerá las claves aisladas de VSM."
"16/8/2025 7:27:12 a. m.","Información","Microsoft-Windows-IsolatedUserMode","1","Secure Trustlet \??\C:\WINDOWS\system32\lsaiso.exe Id 1 and Pid 1068 started with status STATUS_SUCCESS."
"16/8/2025 7:27:12 a. m.","Información","Microsoft-Windows-IsolatedUserMode","5","Secure Trustlet NULL Id 0 and Pid 0 started with status STATUS_SUCCESS."
"16/8/2025 7:27:12 a. m.","Información","Win32k","267","La comprobación de control de calidad de hardware táctil se realizó correctamente."
"16/8/2025 7:27:12 a. m.","Información","Microsoft-Windows-Wininit","14","Configuración de Credential Guard:

Configuración del registro: 0x0
Configuración de prueba: 0
Habilitación automática: 0"
"16/8/2025 7:27:11 a. m.","Información","Microsoft-Windows-Wininit","23","Antirreversión de aplicación de arranque: inicialización completada con estado:
HRESULT: La operación se completó correctamente.
Nuevo temporizador necesario: false
Nuevo temporizador esperando a que se complete la actualización del sistema: false
El temporizador de bloqueo temporal anterior existe pero está deshabilitado por el registro: false
"
"16/8/2025 7:27:11 a. m.","Información","Microsoft-Windows-Wininit","25","Antirreversión de aplicación de arranque: temporizador anterior reanudado con estado:

HRESULT: La operación se completó correctamente.
Temporizador anterior presente: true
Hora de inicio: ‎2025‎-‎07‎-‎19T07:41:36.931375700Z
Período de gracia: 51840000000000
Intento de aplicación de recuperación correcto: false
"
"16/8/2025 7:27:11 a. m.","Información","Microsoft-Windows-Wininit","24","Antirreversión de aplicación de arranque: inicio del temporizador completado con el estado:

Win32Error: 0
Hora de inicio: ‎2025‎-‎07‎-‎19T07:41:36.931375700Z
Período de gracia: 51840000000000
Hora de vencimiento: ‎2025‎-‎09‎-‎17T07:41:36.931375700Z
"
"16/8/2025 7:27:11 a. m.","Información","Microsoft-Windows-Wininit","19","Estado de creación de nuevo temporizador de seguridad basada en virtualización

HRESULT: La operación se completó correctamente.
Nuevo temporizador de bloqueo temporal necesario: false
Nuevo temporizador de bloqueos temporales esperando a que se complete la actualización del sistema: false
 Existe un temporizador de bloqueo temporal anterior pero deshabilitado por el Registro: false
Existe el archivo de directiva: false
"
"16/8/2025 7:27:10 a. m.","Advertencia","Microsoft-Windows-Kernel-PnP","219","No se pudo cargar el \Driver\WUDFRd del controlador.
Dispositivo: HID\Vid_8087&Pid_0AC2\6&ac79363&0&0000
Estado: 0xC0000365"
"16/8/2025 7:27:10 a. m.","Información","Microsoft-Windows-DriverFrameworks-UserMode","10118","El reflector UMDF no se puede conectar al Administrador de control de servicios (SCM). Es lo que se espera durante el arranque, cuando el SCM aún no se ha iniciado. Se reintentará cuando se inicie."
"16/8/2025 7:27:07 a. m.","Advertencia","rt640x64","1","Realtek PCIe GbE Family Controller is disconnected from network."
"16/8/2025 7:27:06 a. m.","Advertencia","Microsoft-Windows-Kernel-PnP","219","No se pudo cargar el \Driver\WUDFRd del controlador.
Dispositivo: {DD8E82AE-334B-49A2-AEAE-AEB0FD5C40DD}\DetectionVerification\5&4bfb3d0&0&0
Estado: 0xC0000365"
"16/8/2025 7:27:06 a. m.","Información","Microsoft-Windows-DriverFrameworks-UserMode","10118","El reflector UMDF no se puede conectar al Administrador de control de servicios (SCM). Es lo que se espera durante el arranque, cuando el SCM aún no se ha iniciado. Se reintentará cuando se inicie."
"16/8/2025 7:27:06 a. m.","Información","Intel-SST-OED","28","Loaded DSP FW library: \??\C:\WINDOWS\System32\DriverStore\FileRepository\intcoed_oemlibpath.inf_amd64_69401f7e35684734\tgl_maxx_audio_pro.bin, status = STATUS_SUCCESS."
"16/8/2025 7:27:06 a. m.","Información","Intel-SST-OED","28","Loaded DSP FW library: Libs\dsp_lib_whm_tgl_release.bin, status = STATUS_SUCCESS."
"16/8/2025 7:27:06 a. m.","Información","Intel-SST-OED","28","Loaded DSP FW library: Libs\dsp_lib_intel_wov_tgl_release.bin, status = STATUS_SUCCESS."
"16/8/2025 7:27:05 a. m.","Información","Intel-SST-OED","28","Library is not supported in BIOS: \??\C:\WINDOWS\System32\DriverStore\FileRepository\intcoed_oemlibpath.inf_amd64_69401f7e35684734\tgl_tismartamp_lib.bin, status = Solicitud no compatible.."
"16/8/2025 7:27:05 a. m.","Información","Intel-SST-OED","29","FX module is not supported in BIOS:  {9a44a769-1a51-464a-a54b-1a4084bf370b} from \??\C:\WINDOWS\System32\DriverStore\FileRepository\intcoed_oemlibpath.inf_amd64_69401f7e35684734\tgl_tismartamp_lib.bin."
"16/8/2025 7:27:05 a. m.","Información","Intel-SST-OED","28","Library is not supported in BIOS: \??\C:\WINDOWS\System32\DriverStore\FileRepository\intcoed_oemlibpath.inf_amd64_69401f7e35684734\tgl_tisa_stereo_lib.bin, status = Solicitud no compatible.."
"16/8/2025 7:27:05 a. m.","Información","Intel-SST-OED","29","FX module is not supported in BIOS:  {a07eece7-8f01-4ecd-8bde-3e4de8a55f81} from \??\C:\WINDOWS\System32\DriverStore\FileRepository\intcoed_oemlibpath.inf_amd64_69401f7e35684734\tgl_tisa_stereo_lib.bin."
"16/8/2025 7:27:05 a. m.","Información","Intel-SST-OED","28","Library is not supported in BIOS: \??\C:\WINDOWS\System32\DriverStore\FileRepository\intcoed_oemlibpath.inf_amd64_69401f7e35684734\tgl_rtksep96_lib.bin, status = Solicitud no compatible.."
"16/8/2025 7:27:05 a. m.","Información","Intel-SST-OED","29","FX module is not supported in BIOS:  {7111001f-d35f-44d9-81d2-7ac685bed3d7} from \??\C:\WINDOWS\System32\DriverStore\FileRepository\intcoed_oemlibpath.inf_amd64_69401f7e35684734\tgl_rtksep96_lib.bin."
"16/8/2025 7:27:05 a. m.","Información","Intel-SST-OED","28","Library is not supported in BIOS: \??\C:\WINDOWS\System32\DriverStore\FileRepository\intcoed_oemlibpath.inf_amd64_69401f7e35684734\tgl_rtksep48_lib.bin, status = Solicitud no compatible.."
"16/8/2025 7:27:05 a. m.","Información","Intel-SST-OED","29","FX module is not supported in BIOS:  {7aa4db02-6b41-4bc3-a712-80a2dde29e11} from \??\C:\WINDOWS\System32\DriverStore\FileRepository\intcoed_oemlibpath.inf_amd64_69401f7e35684734\tgl_rtksep48_lib.bin."
"16/8/2025 7:27:05 a. m.","Información","Intel-SST-OED","28","Library is not supported in BIOS: \??\C:\WINDOWS\System32\DriverStore\FileRepository\intcoed_oemlibpath.inf_amd64_69401f7e35684734\tgl_rtksep483_lib.bin, status = Solicitud no compatible.."
"16/8/2025 7:27:05 a. m.","Información","Intel-SST-OED","29","FX module is not supported in BIOS:  {7bbe0c2c-9c46-4450-b322-114ece31c6bd} from \??\C:\WINDOWS\System32\DriverStore\FileRepository\intcoed_oemlibpath.inf_amd64_69401f7e35684734\tgl_rtksep483_lib.bin."
"16/8/2025 7:27:05 a. m.","Información","Intel-SST-OED","28","Library is not supported in BIOS: \??\C:\WINDOWS\System32\DriverStore\FileRepository\intcoed_oemlibpath.inf_amd64_69401f7e35684734\tgl_rtksep482_lib.bin, status = Solicitud no compatible.."
"16/8/2025 7:27:05 a. m.","Información","Intel-SST-OED","29","FX module is not supported in BIOS:  {79921daf-e755-45dc-b687-7c26eb97a7bd} from \??\C:\WINDOWS\System32\DriverStore\FileRepository\intcoed_oemlibpath.inf_amd64_69401f7e35684734\tgl_rtksep482_lib.bin."
"16/8/2025 7:27:05 a. m.","Información","Intel-SST-OED","28","Library is not supported in BIOS: \??\C:\WINDOWS\System32\DriverStore\FileRepository\intcoed_oemlibpath.inf_amd64_69401f7e35684734\tgl_rtksep24_lib.bin, status = Solicitud no compatible.."
"16/8/2025 7:27:05 a. m.","Información","Intel-SST-OED","29","FX module is not supported in BIOS:  {7111001f-d35f-44d9-81d2-77e0d5e1bcd8} from \??\C:\WINDOWS\System32\DriverStore\FileRepository\intcoed_oemlibpath.inf_amd64_69401f7e35684734\tgl_rtksep24_lib.bin."
"16/8/2025 7:27:05 a. m.","Información","Intel-SST-OED","28","Library is not supported in BIOS: \??\C:\WINDOWS\System32\DriverStore\FileRepository\intcoed_oemlibpath.inf_amd64_69401f7e35684734\tgl_nahimic_lib.bin, status = Solicitud no compatible.."
"16/8/2025 7:27:05 a. m.","Información","Intel-SST-OED","29","FX module is not supported in BIOS:  {7159bbd2-ef07-48e8-bdb7-17ee17423c14} from \??\C:\WINDOWS\System32\DriverStore\FileRepository\intcoed_oemlibpath.inf_amd64_69401f7e35684734\tgl_nahimic_lib.bin."
"16/8/2025 7:27:05 a. m.","Información","Netwtw10","7023","7023 - secure boot debug logging Quasar"
"16/8/2025 7:27:05 a. m.","Información","Netwtw10","7017","7017 - secure boot (SB) configuration"
"16/8/2025 7:27:05 a. m.","Información","Netwtw10","7010","7010 - driver enabled (miniport init)"
"16/8/2025 7:27:05 a. m.","Información","Netwtw10","7002","7002 - CTDP power limit value (SPLC)"
"16/8/2025 7:27:05 a. m.","Información","Netwtw10","7005","7005 - SAR value max TX power (WRDS)"
"16/8/2025 7:27:05 a. m.","Información","Netwtw10","7006","7006 - SAR Geo delta value (WGDS)"
"16/8/2025 7:27:05 a. m.","Información","WiManH","2",
"16/8/2025 7:27:05 a. m.","Información","MEIx64","2","Intel(R) Management Engine Interface driver has started successfully."
"16/8/2025 7:27:05 a. m.","Información","Netwtw10","7027","7027 - get Nic Manufacturere on init"
"16/8/2025 7:27:05 a. m.","Información","Netwtw10","7036","El servicio \Device\NDMP2 entró en estado Intel(R) Wi-Fi 6 AX201 160MHz."
"16/8/2025 7:27:05 a. m.","Información","Microsoft-Windows-Kernel-Power","521","Cambio de número de baterías"
"16/8/2025 7:27:05 a. m.","Información","Microsoft-Windows-Kernel-Power","521","Cambio de número de baterías"
"16/8/2025 7:27:05 a. m.","Información","Microsoft-Windows-Kernel-Processor-Power","55","El procesador 7 en el grupo 0 expone las siguientes funciones de administración de energía:

Tipo de estado inactivo: Micro Power Engine Plugin (estados 11)

Tipo de estado de rendimiento: ACPI Collaborative Processor Performance Control
Frecuencia nominal (MHz): 1382
Porcentaje de rendimiento máximo: 300
Porcentaje de rendimiento mínimo: 100
Porcentaje de limitación mínimo: 7"
"16/8/2025 7:27:04 a. m.","Información","Microsoft-Windows-Kernel-Processor-Power","55","El procesador 5 en el grupo 0 expone las siguientes funciones de administración de energía:

Tipo de estado inactivo: Micro Power Engine Plugin (estados 11)

Tipo de estado de rendimiento: ACPI Collaborative Processor Performance Control
Frecuencia nominal (MHz): 1382
Porcentaje de rendimiento máximo: 300
Porcentaje de rendimiento mínimo: 100
Porcentaje de limitación mínimo: 7"
"16/8/2025 7:27:04 a. m.","Información","Microsoft-Windows-Kernel-Processor-Power","55","El procesador 3 en el grupo 0 expone las siguientes funciones de administración de energía:

Tipo de estado inactivo: Micro Power Engine Plugin (estados 11)

Tipo de estado de rendimiento: ACPI Collaborative Processor Performance Control
Frecuencia nominal (MHz): 1382
Porcentaje de rendimiento máximo: 300
Porcentaje de rendimiento mínimo: 100
Porcentaje de limitación mínimo: 7"
"16/8/2025 7:27:04 a. m.","Información","Microsoft-Windows-Kernel-Processor-Power","55","El procesador 1 en el grupo 0 expone las siguientes funciones de administración de energía:

Tipo de estado inactivo: Micro Power Engine Plugin (estados 11)

Tipo de estado de rendimiento: ACPI Collaborative Processor Performance Control
Frecuencia nominal (MHz): 1382
Porcentaje de rendimiento máximo: 300
Porcentaje de rendimiento mínimo: 100
Porcentaje de limitación mínimo: 7"
"16/8/2025 7:27:04 a. m.","Información","Microsoft-Windows-Kernel-Processor-Power","55","El procesador 6 en el grupo 0 expone las siguientes funciones de administración de energía:

Tipo de estado inactivo: Micro Power Engine Plugin (estados 11)

Tipo de estado de rendimiento: ACPI Collaborative Processor Performance Control
Frecuencia nominal (MHz): 1382
Porcentaje de rendimiento máximo: 300
Porcentaje de rendimiento mínimo: 100
Porcentaje de limitación mínimo: 7"
"16/8/2025 7:27:04 a. m.","Información","Microsoft-Windows-Kernel-Processor-Power","55","El procesador 4 en el grupo 0 expone las siguientes funciones de administración de energía:

Tipo de estado inactivo: Micro Power Engine Plugin (estados 11)

Tipo de estado de rendimiento: ACPI Collaborative Processor Performance Control
Frecuencia nominal (MHz): 1382
Porcentaje de rendimiento máximo: 300
Porcentaje de rendimiento mínimo: 100
Porcentaje de limitación mínimo: 7"
"16/8/2025 7:27:04 a. m.","Información","Microsoft-Windows-Kernel-Processor-Power","55","El procesador 2 en el grupo 0 expone las siguientes funciones de administración de energía:

Tipo de estado inactivo: Micro Power Engine Plugin (estados 11)

Tipo de estado de rendimiento: ACPI Collaborative Processor Performance Control
Frecuencia nominal (MHz): 1382
Porcentaje de rendimiento máximo: 300
Porcentaje de rendimiento mínimo: 100
Porcentaje de limitación mínimo: 7"
"16/8/2025 7:27:04 a. m.","Información","nhi","9001","Thunderbolt driver is loaded and initialized connection to HW.
 Driver version: 1.41.1193.0
 NVM version: 48:1
"
"16/8/2025 7:27:04 a. m.","Información","Microsoft-Windows-Kernel-Processor-Power","55","El procesador 0 en el grupo 0 expone las siguientes funciones de administración de energía:

Tipo de estado inactivo: Micro Power Engine Plugin (estados 11)

Tipo de estado de rendimiento: ACPI Collaborative Processor Performance Control
Frecuencia nominal (MHz): 1382
Porcentaje de rendimiento máximo: 300
Porcentaje de rendimiento mínimo: 100
Porcentaje de limitación mínimo: 7"
"16/8/2025 7:27:03 a. m.","Información","Microsoft-Windows-Kernel-General","24","La información de zona horaria se actualizó con el motivo de salida 0. La diferencia de zona horaria actual es 240."
"16/8/2025 7:27:03 a. m.","Información","Microsoft-Windows-Ntfs","98","Volumen \\?\Volume{87337007-4a35-4346-ac67-ed018ac82d6b} (\Device\HarddiskVolume4) es correcto. No se requiere ninguna acción."
"16/8/2025 7:27:03 a. m.","Advertencia","Microsoft-Windows-Kernel-PnP","219","No se pudo cargar el \Driver\WUDFRd del controlador.
Dispositivo: PCI\VEN_8086&DEV_9A03&SUBSYS_0B211028&REV_01\3&11583659&0&20
Estado: 0xC0000365"
"16/8/2025 7:27:03 a. m.","Información","Microsoft-Windows-DriverFrameworks-UserMode","10118","El reflector UMDF no se puede conectar al Administrador de control de servicios (SCM). Es lo que se espera durante el arranque, cuando el SCM aún no se ha iniciado. Se reintentará cuando se inicie."
"16/8/2025 7:26:59 a. m.","Información","Microsoft-Windows-FilterManager","6","Filtro de sistema de archivos 'npsvctrig' (10.0, ‎1978‎-‎05‎-‎14T05:13:30.000000000Z) correctamente cargado y registrado con el administrador de filtros."
"16/8/2025 7:26:59 a. m.","Información","VfpExt","7036","El servicio  entró en estado Driver load complete."
"16/8/2025 7:26:59 a. m.","Información","VfpExt","7036","El servicio  entró en estado Driver load start."
"16/8/2025 7:26:59 a. m.","Información","Microsoft-Windows-FilterManager","6","Filtro de sistema de archivos 'UCPD' (10.0, ‎2007‎-‎02‎-‎05T01:30:28.000000000Z) correctamente cargado y registrado con el administrador de filtros."
"16/8/2025 7:26:59 a. m.","Información","Microsoft-Windows-FilterManager","6","Filtro de sistema de archivos 'FileCrypt' (10.0, ‎2075‎-‎08‎-‎31T18:07:07.000000000Z) correctamente cargado y registrado con el administrador de filtros."
"16/8/2025 7:26:58 a. m.","Información","Microsoft-Windows-Ntfs","98","Volumen C: (\Device\HarddiskVolume3) es correcto. No se requiere ninguna acción."
"16/8/2025 7:26:58 a. m.","Información","Microsoft-Windows-FilterManager","6","Filtro de sistema de archivos 'WdFilter' (10.0, ‎2020‎-‎11‎-‎18T13:24:15.000000000Z) correctamente cargado y registrado con el administrador de filtros."
"16/8/2025 7:26:58 a. m.","Información","Microsoft-Windows-FilterManager","6","Filtro de sistema de archivos 'Wof' (10.0, ‎2033‎-‎09‎-‎02T19:41:44.000000000Z) correctamente cargado y registrado con el administrador de filtros."
"16/8/2025 7:26:58 a. m.","Información","Microsoft-Windows-FilterManager","6","Filtro de sistema de archivos 'FileInfo' (10.0, ‎2093‎-‎04‎-‎01T21:29:43.000000000Z) correctamente cargado y registrado con el administrador de filtros."
"16/8/2025 7:26:58 a. m.","Información","Microsoft-Windows-FilterManager","6","Filtro de sistema de archivos 'WinSetupMon' (10.0, ‎2104‎-‎05‎-‎25T21:43:09.000000000Z) correctamente cargado y registrado con el administrador de filtros."
"16/8/2025 7:26:57 a. m.","Información","Microsoft-Windows-HAL","16","Se ha inicializado el informe de errores IOMMU."
"16/8/2025 7:26:57 a. m.","Información","Microsoft-Windows-Kernel-General","20","Se ha actualizado la configuración del segundo intercalar. 
Motivo: Leap second data initialized from registry during boot
Segundos intercalares habilitados: true
Nuevo recuento de segundos intercalares: 0
Antiguo recuento de segundos intercalares: 0"
"16/8/2025 7:26:57 a. m.","Información","Microsoft-Windows-Kernel-Boot","30","El firmware notificó métricas de arranque."
"16/8/2025 7:26:57 a. m.","Información","Microsoft-Windows-IsolatedUserMode","3","Secure Kernel started with status STATUS_SUCCESS and flags HvciEnabled,HvciStrictMode."
"16/8/2025 7:26:57 a. m.","Información","Microsoft-Windows-Hyper-V-Hypervisor","165","Mitigaciones configuradas del hipervisor para CVE-2019-11091, CVE-2018-12126, CVE-2018-12127, CVE-2018-12130 para máquinas virtuales.

Procesador no afectado: true
Familia de procesadores no afectada: false
El procesador admite el vaciado del búfer microarquitectura: false
Vaciado del búfer necesario: false
"
"16/8/2025 7:26:57 a. m.","Información","Microsoft-Windows-Hyper-V-Hypervisor","156","Mitigaciones configuradas del hipervisor para CVE-2018-3646 para máquinas virtuales.

Procesador no afectado: true
Familia de procesadores no afectada: false
El procesador admite el vaciado de caché: true
HyperThreading habilitado: true
El hipervisor primario aplica mitigaciones: false
Mitigaciones deshabilitadas por bcdedit: false
Mitigaciones habilitadas: true
Es necesario vaciar la caché: false
"
"16/8/2025 7:26:57 a. m.","Información","Microsoft-Windows-Hyper-V-Hypervisor","129","El hipervisor inicializó la reasignación de E/S.

Hardware presente: true
Hardware habilitado: true
Directiva: 0x0
Características habilitadas: 0x43
Información interna: 0x0
Problemas: 0x0
Información adicional: 0x0"
"16/8/2025 7:26:57 a. m.","Información","Microsoft-Windows-Hyper-V-Hypervisor","2","El tipo de programador de hipervisor es 0x4."
"16/8/2025 7:26:57 a. m.","Información","Microsoft-Windows-Hyper-V-Hypervisor","1","El hipervisor se inició correctamente. "
"16/8/2025 7:26:57 a. m.","Información","Microsoft-Windows-Kernel-Boot","27","El tipo de arranque fue 0x0."
"16/8/2025 7:26:57 a. m.","Información","Microsoft-Windows-Kernel-Boot","25","La directiva del menú de arranque fue 0x1."
"16/8/2025 7:26:57 a. m.","Información","Microsoft-Windows-Kernel-Boot","238","Diferencia de zona horaria EFI: 2047. Marcas de verano: 0. Hora del firmware: ‎2025‎-‎08‎-‎16T07:26:54.000000000Z. "
"16/8/2025 7:26:57 a. m.","Información","Microsoft-Windows-Kernel-Boot","247","No se puede cargar el firmware de Pluton-Windows. StatusCode: STATUS_SUCCESS, Motivo: Failed to apply firmware."
"16/8/2025 7:26:57 a. m.","Información","Microsoft-Windows-Kernel-Boot","20","El último estado correcto de apagado fue true. El último estado correcto de arranque fue true."
"16/8/2025 7:26:57 a. m.","Información","Microsoft-Windows-Kernel-Boot","32","Bootmgr esperó la entrada del usuario durante 0 ms."
"16/8/2025 7:26:57 a. m.","Información","Microsoft-Windows-Kernel-Boot","18","Existen 0x1 opciones de arranque en este sistema."
"16/8/2025 7:26:57 a. m.","Información","Microsoft-Windows-Kernel-Boot","153","La seguridad basada en virtualización (directivas: VBS Enabled,VSM Required,Hvci,Boot Chain Signer Soft Enforced) es enabled due to VBS registry configuration."
"16/8/2025 7:26:57 a. m.","Información","Microsoft-Windows-Kernel-General","25","La hora del sistema se inicializó a ‎2025‎-‎08‎-‎16T11:26:56.500000000Z. 

Hora del cargador: ‎2025‎-‎08‎-‎16T11:26:54.000000000Z
Marcas de arranque internas: 0x2
código de error HAL RTC: 0x0
la hora RTC está en UTC: false
Arranque flexible: false
Correcto: true
Fase: 0"
"16/8/2025 7:26:57 a. m.","Información","Microsoft-Windows-Kernel-General","12","El sistema operativo se inició a la hora del sistema ‎2025‎-‎08‎-‎16T11:26:56.500000000Z."
"16/8/2025 7:26:45 a. m.","Información","Microsoft-Windows-Kernel-General","13","El sistema operativo se está cerrando a la hora del sistema ‎2025‎-‎08‎-‎16T11:26:45.028157100Z."
"16/8/2025 7:26:44 a. m.","Información","Microsoft-Windows-Kernel-Power","577","El sistema se ha preparado para que el sistema inicie un reinicio desde Active."
"16/8/2025 7:26:44 a. m.","Información","nhi","9008","Driver exit RTD3.
 All the connected devices will now cause DeviceConnected events."
"16/8/2025 7:26:42 a. m.","Información","Microsoft-Windows-Kernel-Power","109","El administrador de energía del kernel ha iniciado una transición de apagado.

Acción: Power Action Reboot 
Código de evento: 0x0 
Motivo: Kernel API"
"16/8/2025 7:26:42 a. m.","Información","Microsoft-Windows-WLAN-AutoConfig","4001","El servicio de Configuración automática de WLAN se detuvo correctamente.
"
"16/8/2025 7:26:42 a. m.","Advertencia","Microsoft-Windows-WLAN-AutoConfig","10002","Se detuvo el módulo de extensibilidad de WLAN.

Ruta de acceso del módulo: C:\WINDOWS\system32\IntelIHVRouter10.dll
"
"16/8/2025 7:26:41 a. m.","Información","Microsoft-Windows-Dhcp-Client","50037","Servicio cliente DHCPv4 detenido. Valor de la marca ShutDown: 1"
"16/8/2025 7:27:13 a. m.","Información","EventLog","6013","El tiempo límite del sistema es de 16 segundos."
"16/8/2025 7:26:41 a. m.","Información","Microsoft-Windows-DHCPv6-Client","51057","La parada del servicio del cliente DHCPv6 está casi lista. El recuento de referencia de contexto DHCP es 1"
"16/8/2025 7:26:41 a. m.","Información","Microsoft-Windows-DHCPv6-Client","51057","La parada del servicio del cliente DHCPv6 está casi lista. El recuento de referencia de contexto DHCP es 1"
"16/8/2025 7:27:13 a. m.","Información","EventLog","6005","Se inició el servicio de Registro de eventos."
"16/8/2025 7:27:13 a. m.","Información","EventLog","6009","Microsoft (R) Windows (R) 10.00. 26100  Multiprocessor Free."
"16/8/2025 7:26:41 a. m.","Información","Microsoft-Windows-Dhcp-Client","50106","DHCPv4 está esperando a que se detenga el servicio DHCPv6"
"16/8/2025 7:26:41 a. m.","Información","Microsoft-Windows-DHCPv6-Client","51047","Servicio de cliente DHCPv6 detenido. El valor de la marca ShutDown es 1"
"16/8/2025 7:26:41 a. m.","Información","Microsoft-Windows-Dhcp-Client","50105","El cliente DHCPv4 ProcessDHCPRequestForever recibió TERMINATE_EVENT"
"16/8/2025 7:26:41 a. m.","Información","Microsoft-Windows-Dhcp-Client","50104","El cliente DHCPv4 recibió una notificación de apagado"
"16/8/2025 7:26:41 a. m.","Información","Microsoft-Windows-IsolatedUserMode","2","Secure Trustlet Id 6 and Pid 6288 stopped with status STATUS_SUCCESS."
"16/8/2025 7:26:40 a. m.","Información","User32","1074","El proceso C:\WINDOWS\servicing\TrustedInstaller.exe (TICPC-05) inició el Reinicio del equipo TICPC-05 en nombre del usuario NT AUTHORITY\SYSTEM por el siguiente motivo: Sistema operativo: actualización (planeada)
 Código de motivo: 0x80020003
 Tipo de apagado: Reinicio
 Comentario: "
"16/8/2025 7:26:41 a. m.","Información","EventLog","6006","Se detuvo el servicio de Registro de eventos."
"16/8/2025 7:26:15 a. m.","Información","Microsoft-Windows-Kernel-General","16","El historial de accesos en el subárbol \??\C:\ProgramData\Microsoft\Windows\AppRepository\Packages\MicrosoftWindows.Client.CoreAI_1000.26100.4946.0_x64__cw5n1h2txyewy\ActivationStore.dat se borró mediante la actualización de 0 claves y la creación de 0 páginas modificadas."
"16/8/2025 7:26:14 a. m.","Información","Microsoft-Windows-Kernel-General","16","El historial de accesos en el subárbol \??\C:\ProgramData\Microsoft\Windows\AppRepository\Packages\MicrosoftWindows.57074914.Livtop_1000.26100.4946.0_x64__cw5n1h2txyewy\ActivationStore.dat se borró mediante la actualización de 0 claves y la creación de 0 páginas modificadas."
"16/8/2025 7:26:14 a. m.","Información","Microsoft-Windows-Kernel-General","16","El historial de accesos en el subárbol \??\C:\ProgramData\Microsoft\Windows\AppRepository\Packages\MicrosoftWindows.57074904.InpApp_1000.26100.4946.0_x64__cw5n1h2txyewy\ActivationStore.dat se borró mediante la actualización de 0 claves y la creación de 0 páginas modificadas."
"16/8/2025 7:26:13 a. m.","Información","Microsoft-Windows-Kernel-General","16","El historial de accesos en el subárbol \??\C:\ProgramData\Microsoft\Windows\AppRepository\Packages\MicrosoftWindows.57058570.Speion_1000.26100.4946.0_x64__cw5n1h2txyewy\ActivationStore.dat se borró mediante la actualización de 0 claves y la creación de 0 páginas modificadas."
"16/8/2025 7:26:13 a. m.","Información","Microsoft-Windows-Kernel-General","16","El historial de accesos en el subárbol \??\C:\ProgramData\Microsoft\Windows\AppRepository\Packages\MicrosoftWindows.56978801.Voiess_1000.26100.4946.0_x64__cw5n1h2txyewy\ActivationStore.dat se borró mediante la actualización de 0 claves y la creación de 0 páginas modificadas."
"16/8/2025 7:26:12 a. m.","Información","Microsoft-Windows-Kernel-General","16","El historial de accesos en el subárbol \??\C:\ProgramData\Microsoft\Windows\AppRepository\Packages\MicrosoftWindows.54792954.Filons_1000.26100.4946.0_x64__cw5n1h2txyewy\ActivationStore.dat se borró mediante la actualización de 0 claves y la creación de 0 páginas modificadas."
"16/8/2025 7:26:09 a. m.","Advertencia","Netwtw10","6062","6062 - Lso was triggered"
"16/8/2025 7:26:07 a. m.","Información","Microsoft-Windows-Hyper-V-VmSwitch","233","La operación ' Delete ' se realizó correctamente en la NIC C08CB7B8-9B3C-408E-8E30-5E16A3AEB445 (nombre descriptivo: Default Switch) e ID. de instancia {9de63e2c-f010-4484-9a06-97109d178ecd}. "
"16/8/2025 7:26:06 a. m.","Información","Microsoft-Windows-Hyper-V-VmSwitch","62","El conmutador C08CB7B8-9B3C-408E-8E30-5E16A3AEB444 (nombre descriptivo: Default Switch) se ha eliminado correctamente."
"16/8/2025 7:26:06 a. m.","Información","Microsoft-Windows-Hyper-V-VmSwitch","233","La operación ' Delete ' se realizó correctamente en la NIC C08CB7B8-9B3C-408E-8E30-5E16A3AEB444 (nombre descriptivo: Default Switch) e ID. de instancia {00000000-0000-0000-0000-000000000000}. "
"16/8/2025 7:26:06 a. m.","Información","Microsoft-Windows-Hyper-V-VmSwitch","71","Eliminación completada para el C08CB7B8-9B3C-408E-8E30-5E16A3AEB444 de puerto (nombre descriptivo: Default Switch)."
"16/8/2025 7:26:06 a. m.","Información","Microsoft-Windows-Hyper-V-VmSwitch","71","Eliminación completada para el C08CB7B8-9B3C-408E-8E30-5E16A3AEB445 de puerto (nombre descriptivo: Host Vnic C08CB7B8-9B3C-408E-8E30-5E16A3AEB444)."
"16/8/2025 7:26:06 a. m.","Información","Microsoft-Windows-Hyper-V-VmSwitch","69","El C08CB7B8-9B3C-408E-8E30-5E16A3AEB445 de puerto (nombre descriptivo: Host Vnic C08CB7B8-9B3C-408E-8E30-5E16A3AEB444) se eliminó correctamente. Cambie C08CB7B8-9B3C-408E-8E30-5E16A3AEB444 (nombre descriptivo: Default Switch)."
"16/8/2025 7:26:06 a. m.","Información","Microsoft-Windows-Hyper-V-VmSwitch","234","NIC C08CB7B8-9B3C-408E-8E30-5E16A3AEB445 successfully disconnected from port C08CB7B8-9B3C-408E-8E30-5E16A3AEB445."
"16/8/2025 7:26:06 a. m.","Información","Microsoft-Windows-Hyper-V-VmSwitch","69","El C08CB7B8-9B3C-408E-8E30-5E16A3AEB444 de puerto (nombre descriptivo: Default Switch) se eliminó correctamente. Cambie C08CB7B8-9B3C-408E-8E30-5E16A3AEB444 (nombre descriptivo: Default Switch)."
