"30/7/2025 12:57:02 a. m.","Información","Microsoft-Windows-Kernel-Power","566","La sesión del sistema ha cambiado de 104 a 105.

Motivo PolicyChange 

BootId: 10"
"30/7/2025 12:57:02 a. m.","Información","Microsoft-Windows-Kernel-Power","507","El sistema está saliendo del modo de espera moderno 

motivo: Lid. "
"30/7/2025 12:57:02 a. m.","Información","Microsoft-Windows-Kernel-Power","172","Estado de conectividad en modo de espera: Connected. Motivo: None"
"30/7/2025 12:57:02 a. m.","Información","Netwtw10","7026","7026 - Dump after return from D3 after cmd"
"30/7/2025 12:57:02 a. m.","Información","Netwtw10","7025","7025 - Dump after return from D3 before cmd "
"30/7/2025 12:57:02 a. m.","Advertencia","Win32k","701","Administrador de energía no solicitó la supresión de todas las entradas (INPUT_SUPPRESS_REQUEST = 0)"
"30/7/2025 12:57:02 a. m.","Advertencia","Win32k","701","Administrador de energía no solicitó la supresión de todas las entradas (INPUT_SUPPRESS_REQUEST = 0)"
"30/7/2025 12:10:14 a. m.","Información","Microsoft-Windows-Kernel-Power","172","Estado de conectividad en modo de espera: Disconnected. Motivo: Policy Setting"
"30/7/2025 12:10:06 a. m.","Información","Microsoft-Windows-Kernel-Power","566","La sesión del sistema ha cambiado de 103 a 104.

Motivo 55 

BootId: 10"
"30/7/2025 12:10:01 a. m.","Información","Microsoft-Windows-Kernel-Power","506","El sistema está entrando en el modo de espera moderno 

motivo: Austerity Battery Drain Budget Exceeded. "
"30/7/2025 12:10:01 a. m.","Información","Microsoft-Windows-Kernel-Power","566","La sesión del sistema ha cambiado de 102 a 103.

Motivo 55 

BootId: 10"
"30/7/2025 12:10:01 a. m.","Información","Microsoft-Windows-Kernel-Power","507","El sistema está saliendo del modo de espera moderno 

motivo: Austerity Battery Drain Budget Exceeded. "
"30/7/2025 12:10:01 a. m.","Información","Microsoft-Windows-Kernel-Power","172","Estado de conectividad en modo de espera: Connected. Motivo: None"
"30/7/2025 12:10:01 a. m.","Información","Netwtw10","7026","7026 - Dump after return from D3 after cmd"
"30/7/2025 12:10:01 a. m.","Información","Netwtw10","7025","7025 - Dump after return from D3 before cmd "
"29/7/2025 11:52:24 p. m.","Información","Microsoft-Windows-Kernel-Power","172","Estado de conectividad en modo de espera: Disconnected. Motivo: Adaptive Connected Standby"
"29/7/2025 11:52:17 p. m.","Información","Microsoft-Windows-Kernel-Power","566","La sesión del sistema ha cambiado de 101 a 102.

Motivo InputMouse 

BootId: 10"
"29/7/2025 11:52:17 p. m.","Información","Microsoft-Windows-Kernel-Power","506","El sistema está entrando en el modo de espera moderno 

motivo: AC/DC Display Burst Suppressed. "
"29/7/2025 11:52:17 p. m.","Información","Microsoft-Windows-Kernel-Power","566","La sesión del sistema ha cambiado de 99 a 101.

Motivo InputMouse 

BootId: 10"
"29/7/2025 11:52:17 p. m.","Información","Microsoft-Windows-Kernel-Power","507","El sistema está saliendo del modo de espera moderno 

motivo: AC/DC Display Burst Suppressed. "
"29/7/2025 11:52:17 p. m.","Información","Microsoft-Windows-Kernel-Power","105","Cambio de fuente de energía."
"29/7/2025 11:52:05 p. m.","Información","Microsoft-Windows-WindowsUpdateClient","44","Windows Update comenzó a descargar una actualización."
"29/7/2025 11:52:05 p. m.","Información","Microsoft-Windows-WindowsUpdateClient","44","Windows Update comenzó a descargar una actualización."
"29/7/2025 11:51:40 p. m.","Advertencia","Win32k","700","Administrador de energía solicitó la supresión de todas las entradas (INPUT_SUPPRESS_REQUEST = 1)"
"29/7/2025 11:51:40 p. m.","Advertencia","Win32k","700","Administrador de energía solicitó la supresión de todas las entradas (INPUT_SUPPRESS_REQUEST = 1)"
"29/7/2025 11:51:39 p. m.","Información","Microsoft-Windows-Kernel-Power","506","El sistema está entrando en el modo de espera moderno 

motivo: 16777220. "
"29/7/2025 11:51:39 p. m.","Información","Microsoft-Windows-Kernel-Power","566","La sesión del sistema ha cambiado de 98 a 99.

Motivo 16777220 

BootId: 10"
"29/7/2025 11:51:39 p. m.","Información","Microsoft-Windows-Kernel-Power","507","El sistema está saliendo del modo de espera moderno 

motivo: 16777220. "
"29/7/2025 11:51:38 p. m.","Información","Microsoft-Windows-Kernel-Power","566","La sesión del sistema ha cambiado de 97 a 98.

Motivo PolicyChange 

BootId: 10"
"29/7/2025 11:51:38 p. m.","Información","Microsoft-Windows-Kernel-Power","506","El sistema está entrando en el modo de espera moderno 

motivo: Lid. "
"29/7/2025 11:51:38 p. m.","Información","Microsoft-Windows-Kernel-Power","566","La sesión del sistema ha cambiado de 96 a 97.

Motivo PolicyChange 

BootId: 10"
"29/7/2025 11:01:29 p. m.","Información","Microsoft-Windows-WindowsUpdateClient","19","Instalación correcta: Windows instaló correctamente la siguiente actualización: Actualización de inteligencia de seguridad para Microsoft Defender Antivirus - KB2267602 (versión 1.433.159.0) - Canal actual (ampliado)"
"29/7/2025 11:01:20 p. m.","Información","Microsoft-Windows-WindowsUpdateClient","43","Instalación iniciada: Windows comenzó a instalar la actualización siguiente: Actualización de inteligencia de seguridad para Microsoft Defender Antivirus - KB2267602 (versión 1.433.159.0) - Canal actual (ampliado)"
"29/7/2025 11:01:20 p. m.","Información","Microsoft-Windows-WindowsUpdateClient","44","Windows Update comenzó a descargar una actualización."
"29/7/2025 10:37:37 p. m.","Información","Microsoft-Windows-Kernel-Power","105","Cambio de fuente de energía."
"29/7/2025 10:32:43 p. m.","Advertencia","Netwtw10","6062","6062 - Lso was triggered"
"29/7/2025 10:32:42 p. m.","Información","Microsoft-Windows-Kernel-Power","566","La sesión del sistema ha cambiado de 95 a 96.

Motivo PolicyChange 

BootId: 10"
"29/7/2025 10:32:42 p. m.","Información","Microsoft-Windows-Kernel-Power","507","El sistema está saliendo del modo de espera moderno 

motivo: Lid. "
"29/7/2025 10:32:42 p. m.","Información","Netwtw10","7021","7021 - Connection telemetry fields and analysis usage"
"29/7/2025 10:32:41 p. m.","Información","Microsoft-Windows-Kernel-Power","172","Estado de conectividad en modo de espera: Connected. Motivo: None"
"29/7/2025 10:32:41 p. m.","Información","Netwtw10","7026","7026 - Dump after return from D3 after cmd"
"29/7/2025 10:32:41 p. m.","Información","Netwtw10","7025","7025 - Dump after return from D3 before cmd "
"29/7/2025 10:32:41 p. m.","Advertencia","Win32k","701","Administrador de energía no solicitó la supresión de todas las entradas (INPUT_SUPPRESS_REQUEST = 0)"
"29/7/2025 10:32:41 p. m.","Advertencia","Win32k","701","Administrador de energía no solicitó la supresión de todas las entradas (INPUT_SUPPRESS_REQUEST = 0)"
"29/7/2025 9:40:17 p. m.","Información","Microsoft-Windows-Kernel-Power","172","Estado de conectividad en modo de espera: Disconnected. Motivo: Policy Setting"
"29/7/2025 9:40:09 p. m.","Información","Microsoft-Windows-Kernel-Power","566","La sesión del sistema ha cambiado de 94 a 95.

Motivo 55 

BootId: 10"
"29/7/2025 9:40:04 p. m.","Información","Microsoft-Windows-Kernel-Power","506","El sistema está entrando en el modo de espera moderno 

motivo: Austerity Battery Drain Budget Exceeded. "
"29/7/2025 9:40:04 p. m.","Información","Microsoft-Windows-Kernel-Power","566","La sesión del sistema ha cambiado de 93 a 94.

Motivo 55 

BootId: 10"
"29/7/2025 9:40:04 p. m.","Información","Microsoft-Windows-Kernel-Power","507","El sistema está saliendo del modo de espera moderno 

motivo: Austerity Battery Drain Budget Exceeded. "
"29/7/2025 9:40:04 p. m.","Información","Microsoft-Windows-Kernel-Power","172","Estado de conectividad en modo de espera: Connected. Motivo: None"
"29/7/2025 9:40:04 p. m.","Información","Netwtw10","7026","7026 - Dump after return from D3 after cmd"
"29/7/2025 9:40:04 p. m.","Información","Netwtw10","7025","7025 - Dump after return from D3 before cmd "
"29/7/2025 9:04:39 p. m.","Información","Microsoft-Windows-Kernel-Power","172","Estado de conectividad en modo de espera: Disconnected. Motivo: Adaptive Connected Standby"
"29/7/2025 9:04:31 p. m.","Información","Microsoft-Windows-Kernel-Power","566","La sesión del sistema ha cambiado de 92 a 93.

Motivo PolicyChange 

BootId: 10"
"29/7/2025 9:04:31 p. m.","Advertencia","Win32k","700","Administrador de energía solicitó la supresión de todas las entradas (INPUT_SUPPRESS_REQUEST = 1)"
"29/7/2025 9:04:31 p. m.","Advertencia","Win32k","700","Administrador de energía solicitó la supresión de todas las entradas (INPUT_SUPPRESS_REQUEST = 1)"
"29/7/2025 9:04:31 p. m.","Información","Microsoft-Windows-Kernel-Power","506","El sistema está entrando en el modo de espera moderno 

motivo: Lid. "
"29/7/2025 9:04:31 p. m.","Información","Microsoft-Windows-Kernel-Power","566","La sesión del sistema ha cambiado de 91 a 92.

Motivo PolicyChange 

BootId: 10"
"29/7/2025 8:40:38 p. m.","Advertencia","Netwtw10","6062","6062 - Lso was triggered"
"29/7/2025 8:40:36 p. m.","Información","Netwtw10","7021","7021 - Connection telemetry fields and analysis usage"
"29/7/2025 8:40:36 p. m.","Información","Microsoft-Windows-Kernel-Power","566","La sesión del sistema ha cambiado de 90 a 91.

Motivo PolicyChange 

BootId: 10"
"29/7/2025 8:40:36 p. m.","Información","Microsoft-Windows-Kernel-Power","507","El sistema está saliendo del modo de espera moderno 

motivo: Lid. "
"29/7/2025 8:40:36 p. m.","Información","Microsoft-Windows-Kernel-Power","172","Estado de conectividad en modo de espera: Connected. Motivo: None"
"29/7/2025 8:40:35 p. m.","Información","Netwtw10","7026","7026 - Dump after return from D3 after cmd"
"29/7/2025 8:40:35 p. m.","Información","Netwtw10","7025","7025 - Dump after return from D3 before cmd "
"29/7/2025 8:40:35 p. m.","Advertencia","Win32k","701","Administrador de energía no solicitó la supresión de todas las entradas (INPUT_SUPPRESS_REQUEST = 0)"
"29/7/2025 8:40:35 p. m.","Advertencia","Win32k","701","Administrador de energía no solicitó la supresión de todas las entradas (INPUT_SUPPRESS_REQUEST = 0)"
"29/7/2025 6:42:59 p. m.","Información","Microsoft-Windows-Kernel-Power","172","Estado de conectividad en modo de espera: Disconnected. Motivo: Policy Setting"
"29/7/2025 6:42:52 p. m.","Información","Microsoft-Windows-Kernel-Power","566","La sesión del sistema ha cambiado de 89 a 90.

Motivo 55 

BootId: 10"
"29/7/2025 6:42:47 p. m.","Información","Microsoft-Windows-Kernel-Power","506","El sistema está entrando en el modo de espera moderno 

motivo: Austerity Battery Drain Budget Exceeded. "
"29/7/2025 6:42:47 p. m.","Información","Microsoft-Windows-Kernel-Power","566","La sesión del sistema ha cambiado de 88 a 89.

Motivo 55 

BootId: 10"
"29/7/2025 6:42:47 p. m.","Información","Microsoft-Windows-Kernel-Power","507","El sistema está saliendo del modo de espera moderno 

motivo: Austerity Battery Drain Budget Exceeded. "
"29/7/2025 6:42:47 p. m.","Información","Microsoft-Windows-Kernel-Power","172","Estado de conectividad en modo de espera: Connected. Motivo: None"
"29/7/2025 6:42:47 p. m.","Información","Netwtw10","7026","7026 - Dump after return from D3 after cmd"
"29/7/2025 6:42:47 p. m.","Información","Netwtw10","7025","7025 - Dump after return from D3 before cmd "
"29/7/2025 6:07:59 p. m.","Información","Microsoft-Windows-Kernel-Power","172","Estado de conectividad en modo de espera: Disconnected. Motivo: Adaptive Connected Standby"
"29/7/2025 6:07:51 p. m.","Información","Microsoft-Windows-Kernel-General","1","La hora del sistema ha cambiado a ‎2025‎-‎07‎-‎29T22:07:51.990739800Z de ‎2025‎-‎07‎-‎29T22:07:51.990533900Z.
Diferencia horaria: 0 ms

Motivo del cambio: An application or system component changed the time.
Proceso: '\Device\HarddiskVolume3\Windows\System32\svchost.exe' (PID 1708).

Hora de RTC: ‎2025‎-‎07‎-‎29T18:07:51.990739800Z
Diferencia de zona horaria actual: 240
hora RTC es UTC: false
La hora del sistema se basaba en la hora RTC: false"
"29/7/2025 6:07:51 p. m.","Error","Microsoft-Windows-HAL","21","No se estableció el reloj en tiempo real de hardware debido a un error en la evaluación del método de dispositivo de alarma y hora ACPI.  Estado: 0xC00000BB."
"29/7/2025 6:07:51 p. m.","Error","Microsoft-Windows-HAL","20","No se consultó el reloj en tiempo real de hardware debido a un error en la evaluación del método de dispositivo de alarma y hora ACPI.  Estado: 0xC00000BB."
"29/7/2025 6:07:51 p. m.","Información","Microsoft-Windows-Kernel-General","24","La información de zona horaria se actualizó con el motivo de salida 0. La diferencia de zona horaria actual es 240."
"29/7/2025 6:07:51 p. m.","Información","Microsoft-Windows-Kernel-Power","566","La sesión del sistema ha cambiado de 87 a 88.

Motivo PolicyChange 

BootId: 10"
"29/7/2025 6:07:51 p. m.","Advertencia","Win32k","700","Administrador de energía solicitó la supresión de todas las entradas (INPUT_SUPPRESS_REQUEST = 1)"
"29/7/2025 6:07:51 p. m.","Advertencia","Win32k","700","Administrador de energía solicitó la supresión de todas las entradas (INPUT_SUPPRESS_REQUEST = 1)"
"29/7/2025 6:07:51 p. m.","Información","Microsoft-Windows-Kernel-Power","506","El sistema está entrando en el modo de espera moderno 

motivo: Lid. "
"29/7/2025 6:07:51 p. m.","Información","Microsoft-Windows-Kernel-Power","566","La sesión del sistema ha cambiado de 86 a 87.

Motivo PolicyChange 

BootId: 10"
"29/7/2025 5:54:52 p. m.","Información","Microsoft-Windows-IsolatedUserMode","5","Secure Trustlet NULL Id 0 and Pid 0 started with status STATUS_SUCCESS."
"29/7/2025 5:54:52 p. m.","Información","Microsoft-Windows-IsolatedUserMode","2","Secure Trustlet Id 0 and Pid 0 stopped with status STATUS_SUCCESS."
"29/7/2025 5:23:50 p. m.","Información","Microsoft-Windows-WindowsUpdateClient","19","Instalación correcta: Windows instaló correctamente la siguiente actualización: 9NBLGGH4NNS1-Microsoft.DesktopAppInstaller"
"29/7/2025 5:23:49 p. m.","Información","Microsoft-Windows-WindowsUpdateClient","19","Instalación correcta: Windows instaló correctamente la siguiente actualización: 9WZDNCRFJBMP-MICROSOFT.WINDOWSSTORE"
"29/7/2025 5:23:47 p. m.","Información","Microsoft-Windows-Kernel-General","16","El historial de accesos en el subárbol \??\C:\Users\PCTIC-05\AppData\Local\Packages\Microsoft.DesktopAppInstaller_8wekyb3d8bbwe\Settings\settings.dat se borró mediante la actualización de 2 claves y la creación de 1 páginas modificadas."
"29/7/2025 5:23:46 p. m.","Información","Microsoft-Windows-WindowsUpdateClient","43","Instalación iniciada: Windows comenzó a instalar la actualización siguiente: 9NBLGGH4NNS1-Microsoft.DesktopAppInstaller"
"29/7/2025 5:23:45 p. m.","Información","Microsoft-Windows-WindowsUpdateClient","43","Instalación iniciada: Windows comenzó a instalar la actualización siguiente: 9WZDNCRFJBMP-MICROSOFT.WINDOWSSTORE"
"29/7/2025 5:23:42 p. m.","Información","Microsoft-Windows-Kernel-General","16","El historial de accesos en el subárbol \??\C:\ProgramData\Microsoft\Windows\AppRepository\Packages\Microsoft.DesktopAppInstaller_1.26.430.0_x64__8wekyb3d8bbwe\ActivationStore.dat se borró mediante la actualización de 0 claves y la creación de 0 páginas modificadas."
"29/7/2025 5:23:33 p. m.","Información","Microsoft-Windows-Kernel-General","16","El historial de accesos en el subárbol \??\C:\ProgramData\Microsoft\Windows\AppRepository\Packages\Microsoft.WindowsStore_22506.1401.9.0_x64__8wekyb3d8bbwe\ActivationStore.dat se borró mediante la actualización de 0 claves y la creación de 0 páginas modificadas."
"29/7/2025 5:23:17 p. m.","Información","Microsoft-Windows-WindowsUpdateClient","44","Windows Update comenzó a descargar una actualización."
"29/7/2025 5:23:17 p. m.","Información","Microsoft-Windows-WindowsUpdateClient","44","Windows Update comenzó a descargar una actualización."
"29/7/2025 5:22:47 p. m.","Información","Microsoft-Windows-WindowsUpdateClient","19","Instalación correcta: Windows instaló correctamente la siguiente actualización: Actualización de inteligencia de seguridad para Microsoft Defender Antivirus - KB2267602 (versión 1.433.155.0) - Canal actual (ampliado)"
"29/7/2025 5:22:23 p. m.","Información","Microsoft-Windows-WindowsUpdateClient","43","Instalación iniciada: Windows comenzó a instalar la actualización siguiente: Actualización de inteligencia de seguridad para Microsoft Defender Antivirus - KB2267602 (versión 1.433.155.0) - Canal actual (ampliado)"
"29/7/2025 5:22:23 p. m.","Información","Microsoft-Windows-WindowsUpdateClient","44","Windows Update comenzó a descargar una actualización."
"29/7/2025 5:08:51 p. m.","Información","Microsoft-Windows-IsolatedUserMode","2","Secure Trustlet Id 6 and Pid 19584 stopped with status STATUS_SUCCESS."
"29/7/2025 5:01:26 p. m.","Advertencia","Microsoft-Windows-DistributedCOM","10016","La configuración de permisos específico de la aplicación no concede el permiso Activación Local para la aplicación de servidor COM con CLSID 
{2593F8B9-4EAF-457C-B68A-50F6B8EA6B54}
 y APPID 
{15C20B67-12E7-4BB6-92BB-7AFF07997402}
 al usuario TICPC-05\PCTIC-05 con SID (S-1-5-21-72991934-2165796093-3938425774-1001) en la dirección LocalHost (con LRPC) que se ejecuta en el contenedor de aplicaciones con SID No disponible (No disponible). Este permiso de seguridad se puede modificar mediante la herramienta administrativa Servicios de componentes."
"29/7/2025 5:00:51 p. m.","Información","Microsoft-Windows-IsolatedUserMode","1","Secure Trustlet \??\C:\WINDOWS\System32\NgcIso.exe Id 6 and Pid 19584 started with status STATUS_SUCCESS."
"29/7/2025 5:00:51 p. m.","Información","Microsoft-Windows-IsolatedUserMode","5","Secure Trustlet NULL Id 0 and Pid 0 started with status STATUS_SUCCESS."
"29/7/2025 4:55:24 p. m.","Información","Microsoft-Windows-Time-Service","37","El proveedor de hora NtpClient está recibiendo datos de hora  válidos desde time.windows.com,0x9 (ntp.m|0x9|0.0.0.0:123->40.119.6.228:123)."
"29/7/2025 4:54:59 p. m.","Advertencia","Netwtw10","6062","6062 - Lso was triggered"
"29/7/2025 4:54:59 p. m.","Información","Microsoft-Windows-TPM-WMI","1038","Las comprobaciones de estado de la atestación previa confirman que se espera que el dispositivo supere la atestación.
 Consulte C:\WINDOWS\Logs\MeasuredBoot\0000000031-0000000004.json para obtener información detallada sobre las comprobaciones realizadas."
"29/7/2025 4:54:59 p. m.","Información","Microsoft-Windows-TPM-WMI","1041","Información detallada sobre la comprobación del estado de la atestación previa: {""Version"":1,""HealthStatus"":""Attestable"",""Required"":[{""Field"":""TpmPresent"",""Value"":true,""DesiredValue"":true},{""Field"":""TpmMeetsMinimumVersion"",""Value"":true,""DesiredValue"":true},{""Field"":""TpmIsResponsive"",""Value"":true,""DesiredValue"":true},{""Field"":""EkCertIsAvailable"",""Value"":true,""DesiredValue"":true},{""Field"":""TcgLogFound"",""Value"":true,""DesiredValue"":true}],""Expected"":[{""Field"":""PcrsMatchTcgLog"",""Value"":true,""DesiredValue"":true}],""Informational"":[{""Field"":""SecureBootEnabled"",""ValueFromComputer"":true,""ValueFromTcgLog"":true,""DesiredValue"":true,""TcgValueIsVerifiable"":true},{""Field"":""VirtualSecureMemory"",""ValueFromComputer"":false,""ValueFromTcgLog"":false,""DesiredValue"":true,""TcgValueIsVerifiable"":true},{""Field"":""SecureCorePCCompliant"",""ValueFromComputer"":false,""ValueFromTcgLog"":false,""DesiredValue"":true,""TcgValueIsVerifiable"":true}]}"
"29/7/2025 4:54:57 p. m.","Información","Netwtw10","7021","7021 - Connection telemetry fields and analysis usage"
"29/7/2025 4:54:57 p. m.","Información","nhi","9007","The driver entered RTD3.
 All the connected devices will be removed from driver's internal state, so it is expected that DeviceDisconnected events will happen."
"29/7/2025 4:54:54 p. m.","Advertencia","rt640x64","1","Realtek PCIe GbE Family Controller is disconnected from network."
"29/7/2025 4:54:54 p. m.","Información","Netwtw10","7023","7023 - secure boot debug logging Quasar"
"29/7/2025 4:54:54 p. m.","Información","Netwtw10","7017","7017 - secure boot (SB) configuration"
"29/7/2025 4:54:54 p. m.","Información","Netwtw10","7010","7010 - driver enabled (miniport init)"
"29/7/2025 4:54:53 p. m.","Información","Netwtw10","7002","7002 - CTDP power limit value (SPLC)"
"29/7/2025 4:54:53 p. m.","Información","Netwtw10","7005","7005 - SAR value max TX power (WRDS)"
"29/7/2025 4:54:53 p. m.","Información","Netwtw10","7006","7006 - SAR Geo delta value (WGDS)"
"29/7/2025 4:54:53 p. m.","Información","Netwtw10","7027","7027 - get Nic Manufacturere on init"
"29/7/2025 4:54:53 p. m.","Información","Netwtw10","7036","El servicio \Device\NDMP16 entró en estado Intel(R) Wi-Fi 6 AX201 160MHz."
"29/7/2025 4:54:53 p. m.","Información","Microsoft-Windows-Power-Troubleshooter","1","El sistema estaba en un estado de baja energía y se reanudó.

Hora de suspensión: ‎2025‎-‎07‎-‎29T08:00:23.913882100Z
Hora de reactivación: ‎2025‎-‎07‎-‎29T20:54:51.498218600Z

Origen de la reactivación: Unknown"
"29/7/2025 4:54:52 p. m.","Información","Netwtw10","8000","8000 - Miniport Halt flow (driver disable)"
"29/7/2025 4:54:52 p. m.","Advertencia","Microsoft-Windows-Time-Service","134","NtpClient no pudo establecer un sistema del mismo nivel manual para usar como origen de la hora debido a un error de resolución de DNS en 'time.windows.com,0x9'. NtpClient lo intentará de nuevo dentro de 15 minutos y doblará el intervalo de reintento en adelante. Error: Host desconocido. (0x80072AF9)"
"29/7/2025 4:54:52 p. m.","Error","Microsoft-Windows-NDIS","10317","Minipuerto Microsoft Wi-Fi Direct Virtual Adapter #2, {79f38f0f-3b2e-4931-b16b-3a5d8eb7dab9}, tuvo el evento Fatal error: The miniport has failed a power transition to operational power"
"29/7/2025 4:54:51 p. m.","Información","Netwtw10","7023","7023 - secure boot debug logging Quasar"
"29/7/2025 4:54:51 p. m.","Información","Microsoft-Windows-Kernel-Power","566","La sesión del sistema ha cambiado de 84 a 86.

Motivo PolicyChange 

BootId: 10"
"29/7/2025 4:54:51 p. m.","Información","Microsoft-Windows-Kernel-Power","507","El sistema está saliendo del modo de espera moderno 

motivo: Lid. "
"29/7/2025 4:54:51 p. m.","Información","Intel-SST-OED","28","Loaded DSP FW library: \??\C:\WINDOWS\System32\DriverStore\FileRepository\intcoed_oemlibpath.inf_amd64_69401f7e35684734\tgl_maxx_audio_pro.bin, status = STATUS_SUCCESS."
"29/7/2025 4:54:51 p. m.","Información","Microsoft-Windows-Kernel-Power","506","El sistema está entrando en el modo de espera moderno 

motivo: Sleep, Hibernate, or Shutdown. "
"29/7/2025 4:54:51 p. m.","Información","Microsoft-Windows-Kernel-Power","566","La sesión del sistema ha cambiado de 83 a 84.

Motivo SxTransition 

BootId: 10"
"29/7/2025 4:54:51 p. m.","Información","Intel-SST-OED","28","Loaded DSP FW library: Libs\dsp_lib_whm_tgl_release.bin, status = STATUS_SUCCESS."
"29/7/2025 4:54:51 p. m.","Información","Microsoft-Windows-Kernel-Boot","247","No se puede cargar el firmware de Pluton-Windows. StatusCode: STATUS_SUCCESS, Motivo: Failed to apply firmware."
"29/7/2025 4:54:51 p. m.","Información","Microsoft-Windows-Kernel-Boot","27","El tipo de arranque fue 0x2."
"29/7/2025 4:54:51 p. m.","Información","Microsoft-Windows-Kernel-Boot","25","La directiva del menú de arranque fue 0x0."
"29/7/2025 4:54:51 p. m.","Información","Microsoft-Windows-Kernel-Boot","32","Bootmgr esperó la entrada del usuario durante 0 ms."
"29/7/2025 4:54:51 p. m.","Información","Microsoft-Windows-Kernel-Boot","18","Existen 0x1 opciones de arranque en este sistema."
"29/7/2025 4:54:51 p. m.","Información","Microsoft-Windows-Kernel-Boot","30","El firmware notificó métricas de arranque."
"29/7/2025 4:54:51 p. m.","Información","Intel-SST-OED","28","Loaded DSP FW library: Libs\dsp_lib_intel_wov_tgl_release.bin, status = STATUS_SUCCESS."
"29/7/2025 4:54:51 p. m.","Información","Netwtw10","7025","7025 - Dump after return from D3 before cmd "
"29/7/2025 4:54:51 p. m.","Advertencia","Microsoft-Windows-WLAN-AutoConfig","4003","La configuración automática de WLAN detectó conectividad limitada, por lo que estamos intentando la recuperación automática.

Tipo de recuperación: 4
Código de error: 0x0
Motivo del desencadenador: 1
Familia de IP: 0
"
"29/7/2025 4:54:51 p. m.","Información","WiManH","2",
"29/7/2025 4:54:51 p. m.","Advertencia","TPM","30","El recuento de restablecimiento y/o reanudación no coinciden con los valores esperados después de hibernar o reanudar."
"29/7/2025 4:54:50 p. m.","Advertencia","Win32k","701","Administrador de energía no solicitó la supresión de todas las entradas (INPUT_SUPPRESS_REQUEST = 0)"
"29/7/2025 4:54:50 p. m.","Advertencia","Win32k","701","Administrador de energía no solicitó la supresión de todas las entradas (INPUT_SUPPRESS_REQUEST = 0)"
"29/7/2025 4:54:50 p. m.","Información","Microsoft-Windows-Kernel-General","1","La hora del sistema ha cambiado a ‎2025‎-‎07‎-‎29T20:54:50.500000000Z de ‎2025‎-‎07‎-‎29T08:00:26.258850900Z.
Diferencia horaria: 46464241 ms

Motivo del cambio: System time synchronized with the hardware clock.
Proceso: '' (PID 4).

Hora de RTC: ‎2025‎-‎07‎-‎29T16:54:50.500000000Z
Diferencia de zona horaria actual: 240
hora RTC es UTC: false
La hora del sistema se basaba en la hora RTC: false"
"29/7/2025 4:54:51 p. m.","Información","EventLog","6013","El tiempo límite del sistema es de 401635 segundos."
"29/7/2025 4:00:26 a. m.","Información","Microsoft-Windows-Kernel-Power","107","El sistema se reanudó del estado de suspensión."
"29/7/2025 4:00:25 a. m.","Información","Microsoft-Windows-Kernel-Power","42","El sistema está entrando en suspensión.

Motivo de la suspensión: Hibernate from Sleep - Standby Battery Budget Exceeded"
"29/7/2025 4:00:25 a. m.","Advertencia","Netwtw10","6062","6062 - Lso was triggered"
"29/7/2025 4:00:25 a. m.","Información","Microsoft-Windows-Kernel-Power","40","El controlador \Driver\ACPI del dispositivo  detuvo la transición de energía."
"29/7/2025 4:00:24 a. m.","Información","nhi","9008","Driver exit RTD3.
 All the connected devices will now cause DeviceConnected events."
"29/7/2025 4:00:24 a. m.","Información","Netwtw10","7021","7021 - Connection telemetry fields and analysis usage"
"29/7/2025 4:00:23 a. m.","Información","Microsoft-Windows-Kernel-Power","566","La sesión del sistema ha cambiado de 82 a 83.

Motivo SxTransition 

BootId: 10"
"29/7/2025 4:00:23 a. m.","Información","Microsoft-Windows-Kernel-Power","507","El sistema está saliendo del modo de espera moderno 

motivo: Sleep, Hibernate, or Shutdown. "
"29/7/2025 4:00:23 a. m.","Información","Microsoft-Windows-Kernel-Power","172","Estado de conectividad en modo de espera: Connected. Motivo: None"
"29/7/2025 4:00:23 a. m.","Información","Netwtw10","7026","7026 - Dump after return from D3 after cmd"
"29/7/2025 4:00:23 a. m.","Información","Netwtw10","7025","7025 - Dump after return from D3 before cmd "
"29/7/2025 1:51:56 a. m.","Información","Microsoft-Windows-Kernel-Power","172","Estado de conectividad en modo de espera: Disconnected. Motivo: Policy Setting"
"29/7/2025 1:51:49 a. m.","Información","Microsoft-Windows-Kernel-Power","566","La sesión del sistema ha cambiado de 81 a 82.

Motivo 55 

BootId: 10"
"29/7/2025 1:51:44 a. m.","Información","Microsoft-Windows-Kernel-Power","506","El sistema está entrando en el modo de espera moderno 

motivo: Austerity Battery Drain Budget Exceeded. "
"29/7/2025 1:51:44 a. m.","Información","Microsoft-Windows-Kernel-Power","566","La sesión del sistema ha cambiado de 80 a 81.

Motivo 55 

BootId: 10"
"29/7/2025 1:51:44 a. m.","Información","Microsoft-Windows-Kernel-Power","507","El sistema está saliendo del modo de espera moderno 

motivo: Austerity Battery Drain Budget Exceeded. "
"29/7/2025 1:51:44 a. m.","Información","Microsoft-Windows-Kernel-Power","172","Estado de conectividad en modo de espera: Connected. Motivo: None"
"29/7/2025 1:51:44 a. m.","Información","Netwtw10","7026","7026 - Dump after return from D3 after cmd"
"29/7/2025 1:51:44 a. m.","Información","Netwtw10","7025","7025 - Dump after return from D3 before cmd "
"29/7/2025 1:32:33 a. m.","Información","Microsoft-Windows-Kernel-Power","172","Estado de conectividad en modo de espera: Disconnected. Motivo: Adaptive Connected Standby"
"29/7/2025 1:32:26 a. m.","Información","Microsoft-Windows-Kernel-Power","566","La sesión del sistema ha cambiado de 79 a 80.

Motivo InputMouse 

BootId: 10"
"29/7/2025 1:32:24 a. m.","Advertencia","rt640x64","1","Realtek PCIe GbE Family Controller is disconnected from network."
"29/7/2025 1:32:21 a. m.","Información","Microsoft-Windows-Kernel-Power","506","El sistema está entrando en el modo de espera moderno 

motivo: AC/DC Display Burst Suppressed. "
"29/7/2025 1:32:21 a. m.","Información","Microsoft-Windows-Kernel-Power","566","La sesión del sistema ha cambiado de 78 a 79.

Motivo InputMouse 

BootId: 10"
"29/7/2025 1:32:21 a. m.","Información","Microsoft-Windows-Kernel-Power","507","El sistema está saliendo del modo de espera moderno 

motivo: AC/DC Display Burst Suppressed. "
"29/7/2025 1:32:21 a. m.","Información","Netwtw10","7026","7026 - Dump after return from D3 after cmd"
"29/7/2025 1:32:21 a. m.","Información","Netwtw10","7025","7025 - Dump after return from D3 before cmd "
"29/7/2025 1:32:20 a. m.","Información","Microsoft-Windows-Kernel-Power","105","Cambio de fuente de energía."
"29/7/2025 1:24:44 a. m.","Información","Netwtw10","7026","7026 - Dump after return from D3 after cmd"
"29/7/2025 1:24:44 a. m.","Información","Netwtw10","7025","7025 - Dump after return from D3 before cmd "
"29/7/2025 1:09:43 a. m.","Información","Netwtw10","7026","7026 - Dump after return from D3 after cmd"
"29/7/2025 1:09:43 a. m.","Información","Netwtw10","7025","7025 - Dump after return from D3 before cmd "
"29/7/2025 1:01:00 a. m.","Información","Microsoft-Windows-WindowsUpdateClient","19","Instalación correcta: Windows instaló correctamente la siguiente actualización: 9MZ95KL8MR0L-Microsoft.ScreenSketch"
"29/7/2025 1:00:59 a. m.","Información","Microsoft-Windows-Kernel-General","16","El historial de accesos en el subárbol \??\C:\Users\PCTIC-05\AppData\Local\Packages\Microsoft.ScreenSketch_8wekyb3d8bbwe\Settings\settings.dat se borró mediante la actualización de 2 claves y la creación de 0 páginas modificadas."
"29/7/2025 1:00:58 a. m.","Información","Microsoft-Windows-WindowsUpdateClient","43","Instalación iniciada: Windows comenzó a instalar la actualización siguiente: 9MZ95KL8MR0L-Microsoft.ScreenSketch"
"29/7/2025 1:00:54 a. m.","Información","Microsoft-Windows-Kernel-General","16","El historial de accesos en el subárbol \??\C:\ProgramData\Microsoft\Windows\AppRepository\Packages\Microsoft.ScreenSketch_11.2506.25.0_x64__8wekyb3d8bbwe\ActivationStore.dat se borró mediante la actualización de 0 claves y la creación de 0 páginas modificadas."
"29/7/2025 12:57:12 a. m.","Error","Microsoft-Windows-DistributedCOM","10010","El servidor {283EDD52-69B2-473D-BEB6-2C0B4C01FD73} no se registró con DCOM dentro del tiempo de espera requerido."
"29/7/2025 12:56:50 a. m.","Información","Microsoft-Windows-WindowsUpdateClient","19","Instalación correcta: Windows instaló correctamente la siguiente actualización: 9NBLGGH537C2-Microsoft.XboxGameOverlay"
"29/7/2025 12:56:47 a. m.","Información","Microsoft-Windows-WindowsUpdateClient","44","Windows Update comenzó a descargar una actualización."
"29/7/2025 12:56:41 a. m.","Error","Microsoft-Windows-DistributedCOM","10010","El servidor {338B40F9-9D68-4B53-A793-6B9AA0C5F63B} no se registró con DCOM dentro del tiempo de espera requerido."
"29/7/2025 12:56:18 a. m.","Información","Microsoft-Windows-WindowsUpdateClient","44","Windows Update comenzó a descargar una actualización."
"29/7/2025 12:56:18 a. m.","Información","Microsoft-Windows-WindowsUpdateClient","44","Windows Update comenzó a descargar una actualización."
"29/7/2025 12:55:14 a. m.","Advertencia","Netwtw10","6062","6062 - Lso was triggered"
"29/7/2025 12:55:13 a. m.","Advertencia","rt640x64","1","Realtek PCIe GbE Family Controller is disconnected from network."
"29/7/2025 12:55:10 a. m.","Información","Netwtw10","7026","7026 - Dump after return from D3 after cmd"
"29/7/2025 12:55:10 a. m.","Información","Netwtw10","7025","7025 - Dump after return from D3 before cmd "
"29/7/2025 12:48:53 a. m.","Información","Microsoft-Windows-Kernel-General","16","El historial de accesos en el subárbol \??\C:\Users\PCTIC-05\AppData\Local\Packages\Microsoft.WindowsStore_8wekyb3d8bbwe\Settings\settings.dat se borró mediante la actualización de 15 claves y la creación de 3 páginas modificadas."
"29/7/2025 12:48:52 a. m.","Información","Netwtw10","7026","7026 - Dump after return from D3 after cmd"
"29/7/2025 12:48:52 a. m.","Información","Netwtw10","7025","7025 - Dump after return from D3 before cmd "
"29/7/2025 12:48:08 a. m.","Información","Microsoft-Windows-Kernel-Power","566","La sesión del sistema ha cambiado de 77 a 78.

Motivo InputMouse 

BootId: 10"
"29/7/2025 12:48:03 a. m.","Información","Netwtw10","7021","7021 - Connection telemetry fields and analysis usage"
"29/7/2025 12:48:03 a. m.","Información","Microsoft-Windows-Kernel-Power","506","El sistema está entrando en el modo de espera moderno 

motivo: AC/DC Display Burst Suppressed. "
"29/7/2025 12:48:03 a. m.","Información","Microsoft-Windows-Kernel-Power","566","La sesión del sistema ha cambiado de 76 a 77.

Motivo InputMouse 

BootId: 10"
"29/7/2025 12:48:03 a. m.","Información","Microsoft-Windows-Kernel-Power","507","El sistema está saliendo del modo de espera moderno 

motivo: AC/DC Display Burst Suppressed. "
"29/7/2025 12:48:03 a. m.","Información","Microsoft-Windows-Kernel-Power","172","Estado de conectividad en modo de espera: Connected. Motivo: None"
"29/7/2025 12:48:03 a. m.","Información","Netwtw10","7026","7026 - Dump after return from D3 after cmd"
"29/7/2025 12:48:03 a. m.","Información","Netwtw10","7025","7025 - Dump after return from D3 before cmd "
"29/7/2025 12:48:02 a. m.","Información","Microsoft-Windows-Kernel-Power","105","Cambio de fuente de energía."
"28/7/2025 11:33:59 p. m.","Información","Microsoft-Windows-Kernel-Power","172","Estado de conectividad en modo de espera: Disconnected. Motivo: Policy Setting"
"28/7/2025 11:33:52 p. m.","Información","Microsoft-Windows-Kernel-Power","566","La sesión del sistema ha cambiado de 75 a 76.

Motivo 55 

BootId: 10"
"28/7/2025 11:33:47 p. m.","Información","Microsoft-Windows-Kernel-Power","506","El sistema está entrando en el modo de espera moderno 

motivo: Austerity Battery Drain Budget Exceeded. "
"28/7/2025 11:33:47 p. m.","Información","Microsoft-Windows-Kernel-Power","566","La sesión del sistema ha cambiado de 74 a 75.

Motivo 55 

BootId: 10"
"28/7/2025 11:33:47 p. m.","Información","Microsoft-Windows-Kernel-Power","507","El sistema está saliendo del modo de espera moderno 

motivo: Austerity Battery Drain Budget Exceeded. "
"28/7/2025 11:33:47 p. m.","Información","Microsoft-Windows-Kernel-Power","172","Estado de conectividad en modo de espera: Connected. Motivo: None"
"28/7/2025 11:33:47 p. m.","Información","Netwtw10","7026","7026 - Dump after return from D3 after cmd"
"28/7/2025 11:33:47 p. m.","Información","Netwtw10","7025","7025 - Dump after return from D3 before cmd "
"28/7/2025 11:22:15 p. m.","Información","nhi","9007","The driver entered RTD3.
 All the connected devices will be removed from driver's internal state, so it is expected that DeviceDisconnected events will happen."
"28/7/2025 11:22:07 p. m.","Información","Netwtw10","7026","7026 - Dump after return from D3 after cmd"
"28/7/2025 11:22:07 p. m.","Información","Netwtw10","7025","7025 - Dump after return from D3 before cmd "
"28/7/2025 11:22:07 p. m.","Información","nhi","9008","Driver exit RTD3.
 All the connected devices will now cause DeviceConnected events."
"28/7/2025 11:21:40 p. m.","Información","Netwtw10","7026","7026 - Dump after return from D3 after cmd"
"28/7/2025 11:21:40 p. m.","Información","Netwtw10","7025","7025 - Dump after return from D3 before cmd "
"28/7/2025 11:19:18 p. m.","Información","nhi","9007","The driver entered RTD3.
 All the connected devices will be removed from driver's internal state, so it is expected that DeviceDisconnected events will happen."
"28/7/2025 11:19:13 p. m.","Información","Netwtw10","7026","7026 - Dump after return from D3 after cmd"
"28/7/2025 11:19:13 p. m.","Información","Netwtw10","7025","7025 - Dump after return from D3 before cmd "
"28/7/2025 11:19:13 p. m.","Información","nhi","9008","Driver exit RTD3.
 All the connected devices will now cause DeviceConnected events."
"28/7/2025 11:06:08 p. m.","Información","Microsoft-Windows-Kernel-Power","172","Estado de conectividad en modo de espera: Disconnected. Motivo: Adaptive Connected Standby"
"28/7/2025 11:06:03 p. m.","Información","Microsoft-Windows-Kernel-Power","566","La sesión del sistema ha cambiado de 73 a 74.

Motivo InputMouse 

BootId: 10"
"28/7/2025 11:05:58 p. m.","Información","Microsoft-Windows-Kernel-Power","506","El sistema está entrando en el modo de espera moderno 

motivo: AC/DC Display Burst Suppressed. "
"28/7/2025 11:05:58 p. m.","Información","Microsoft-Windows-Kernel-Power","566","La sesión del sistema ha cambiado de 72 a 73.

Motivo InputMouse 

BootId: 10"
"28/7/2025 11:05:58 p. m.","Información","Microsoft-Windows-Kernel-Power","507","El sistema está saliendo del modo de espera moderno 

motivo: AC/DC Display Burst Suppressed. "
"28/7/2025 11:05:58 p. m.","Información","Netwtw10","7026","7026 - Dump after return from D3 after cmd"
"28/7/2025 11:05:58 p. m.","Información","Netwtw10","7025","7025 - Dump after return from D3 before cmd "
"28/7/2025 11:05:58 p. m.","Información","Microsoft-Windows-Kernel-Power","105","Cambio de fuente de energía."
"28/7/2025 10:58:17 p. m.","Información","Microsoft-Windows-Kernel-General","1","La hora del sistema ha cambiado a ‎2025‎-‎07‎-‎29T02:58:17.444159100Z de ‎2025‎-‎07‎-‎29T02:58:17.444124800Z.
Diferencia horaria: 0 ms

Motivo del cambio: An application or system component changed the time.
Proceso: '\Device\HarddiskVolume3\Windows\System32\svchost.exe' (PID 1708).

Hora de RTC: ‎2025‎-‎07‎-‎28T22:58:17.444159100Z
Diferencia de zona horaria actual: 240
hora RTC es UTC: false
La hora del sistema se basaba en la hora RTC: false"
"28/7/2025 10:58:17 p. m.","Error","Microsoft-Windows-HAL","21","No se estableció el reloj en tiempo real de hardware debido a un error en la evaluación del método de dispositivo de alarma y hora ACPI.  Estado: 0xC00000BB."
"28/7/2025 10:58:17 p. m.","Error","Microsoft-Windows-HAL","20","No se consultó el reloj en tiempo real de hardware debido a un error en la evaluación del método de dispositivo de alarma y hora ACPI.  Estado: 0xC00000BB."
"28/7/2025 10:58:17 p. m.","Información","Microsoft-Windows-Kernel-General","24","La información de zona horaria se actualizó con el motivo de salida 0. La diferencia de zona horaria actual es 240."
"28/7/2025 10:58:17 p. m.","Información","Microsoft-Windows-Kernel-Power","566","La sesión del sistema ha cambiado de 71 a 72.

Motivo PolicyChange 

BootId: 10"
"28/7/2025 10:58:17 p. m.","Información","Microsoft-Windows-Kernel-Power","506","El sistema está entrando en el modo de espera moderno 

motivo: Lid. "
"28/7/2025 10:58:17 p. m.","Información","Microsoft-Windows-Kernel-Power","566","La sesión del sistema ha cambiado de 70 a 71.

Motivo PolicyChange 

BootId: 10"
"28/7/2025 10:58:17 p. m.","Advertencia","Win32k","700","Administrador de energía solicitó la supresión de todas las entradas (INPUT_SUPPRESS_REQUEST = 1)"
"28/7/2025 10:58:17 p. m.","Advertencia","Win32k","700","Administrador de energía solicitó la supresión de todas las entradas (INPUT_SUPPRESS_REQUEST = 1)"
"28/7/2025 10:56:51 p. m.","Información","Microsoft-Windows-WindowsUpdateClient","19","Instalación correcta: Windows instaló correctamente la siguiente actualización: Actualización de inteligencia de seguridad para Microsoft Defender Antivirus - KB2267602 (versión 1.433.130.0) - Canal actual (ampliado)"
"28/7/2025 10:56:43 p. m.","Información","Microsoft-Windows-WindowsUpdateClient","43","Instalación iniciada: Windows comenzó a instalar la actualización siguiente: Actualización de inteligencia de seguridad para Microsoft Defender Antivirus - KB2267602 (versión 1.433.130.0) - Canal actual (ampliado)"
"28/7/2025 10:56:43 p. m.","Información","Microsoft-Windows-WindowsUpdateClient","44","Windows Update comenzó a descargar una actualización."
"28/7/2025 10:23:38 p. m.","Información","Microsoft-Windows-Kernel-Power","105","Cambio de fuente de energía."
"28/7/2025 10:07:33 p. m.","Información","TPM","17","El hardware del Módulo de plataforma segura (TPM) no pudo ejecutar un comando de TPM."
"28/7/2025 10:07:33 p. m.","Información","TPM","17","El hardware del Módulo de plataforma segura (TPM) no pudo ejecutar un comando de TPM."
"28/7/2025 10:07:32 p. m.","Información","TPM","17","El hardware del Módulo de plataforma segura (TPM) no pudo ejecutar un comando de TPM."
"28/7/2025 10:07:28 p. m.","Advertencia","Microsoft-Windows-DistributedCOM","10016","La configuración de permisos específico de la aplicación no concede el permiso Activación Local para la aplicación de servidor COM con CLSID 
{2593F8B9-4EAF-457C-B68A-50F6B8EA6B54}
 y APPID 
{15C20B67-12E7-4BB6-92BB-7AFF07997402}
 al usuario TICPC-05\PCTIC-05 con SID (S-1-5-21-72991934-2165796093-3938425774-1001) en la dirección LocalHost (con LRPC) que se ejecuta en el contenedor de aplicaciones con SID MSTeams_25163.3611.3774.6315_x64__8wekyb3d8bbwe (No disponible). Este permiso de seguridad se puede modificar mediante la herramienta administrativa Servicios de componentes."
"28/7/2025 10:04:58 p. m.","Información","TPM","17","El hardware del Módulo de plataforma segura (TPM) no pudo ejecutar un comando de TPM."
"28/7/2025 10:04:57 p. m.","Información","TPM","17","El hardware del Módulo de plataforma segura (TPM) no pudo ejecutar un comando de TPM."
"28/7/2025 10:04:57 p. m.","Información","TPM","17","El hardware del Módulo de plataforma segura (TPM) no pudo ejecutar un comando de TPM."
"28/7/2025 10:04:56 p. m.","Información","Microsoft-Windows-IsolatedUserMode","5","Secure Trustlet NULL Id 0 and Pid 0 started with status STATUS_SUCCESS."
"28/7/2025 10:04:55 p. m.","Información","Microsoft-Windows-IsolatedUserMode","2","Secure Trustlet Id 0 and Pid 0 stopped with status STATUS_SUCCESS."
"28/7/2025 8:50:48 p. m.","Advertencia","Tcpip","4227","Error de TCP/IP al establecer una conexión saliente porque el extremo local seleccionado se usó recientemente en la conexión al mismo extremo remoto. Este error suele ocurrir cuando las conexiones salientes se abren y cierran con mucha frecuencia, lo que provoca el uso de todos los puertos locales disponibles y fuerza que TCP/IP reutilice un puerto local para una conexión saliente. Para minimizar el riesgo de que se dañen los datos, el estándar TCP/IP requiere el transcurso de un período de tiempo mínimo  entre conexiones sucesivas de un extremo local determinado a un extremo remoto determinado."
"28/7/2025 8:14:53 p. m.","Información","Microsoft-Windows-Kernel-General","16","El historial de accesos en el subárbol \??\C:\ProgramData\Packages\Microsoft.WindowsTerminal_8wekyb3d8bbwe\S-1-5-21-72991934-2165796093-3938425774-1001\SystemAppData\Helium\Cache\1a3d166a039ff703_COM15.dat se borró mediante la actualización de 1 claves y la creación de 1 páginas modificadas."
"28/7/2025 8:14:53 p. m.","Información","Microsoft-Windows-Kernel-General","16","El historial de accesos en el subárbol \??\C:\Users\PCTIC-05\AppData\Local\Packages\Microsoft.WindowsTerminal_8wekyb3d8bbwe\SystemAppData\Helium\UserClasses.dat se borró mediante la actualización de 1 claves y la creación de 1 páginas modificadas."
"28/7/2025 8:14:53 p. m.","Información","Microsoft-Windows-Kernel-General","16","El historial de accesos en el subárbol \??\C:\Users\PCTIC-05\AppData\Local\Packages\Microsoft.WindowsTerminal_8wekyb3d8bbwe\SystemAppData\Helium\User.dat se borró mediante la actualización de 1 claves y la creación de 1 páginas modificadas."
"28/7/2025 8:14:09 p. m.","Advertencia","Microsoft-Windows-DNS-Client","1014","La resolución de nombres para el nombre audienceexposure.com agotó el tiempo de espera después de que ninguno de los servidores DNS configurados respondiera. PID de cliente 7676."
"28/7/2025 8:10:28 p. m.","Información","Microsoft-Windows-Kernel-General","16","El historial de accesos en el subárbol \??\C:\Users\PCTIC-05\AppData\Local\Microsoft\VisualStudio\17.0_55120ddf\privateregistry.bin se borró mediante la actualización de 5571 claves y la creación de 631 páginas modificadas."
"28/7/2025 8:09:42 p. m.","Información","nhi","9007","The driver entered RTD3.
 All the connected devices will be removed from driver's internal state, so it is expected that DeviceDisconnected events will happen."
"28/7/2025 8:09:37 p. m.","Información","nhi","9008","Driver exit RTD3.
 All the connected devices will now cause DeviceConnected events."
"28/7/2025 8:08:31 p. m.","Información","Microsoft-Windows-Time-Service","37","El proveedor de hora NtpClient está recibiendo datos de hora  válidos desde time.windows.com,0x9 (ntp.m|0x9|0.0.0.0:123->40.119.6.228:123)."
"28/7/2025 8:07:56 p. m.","Información","nhi","9007","The driver entered RTD3.
 All the connected devices will be removed from driver's internal state, so it is expected that DeviceDisconnected events will happen."
"28/7/2025 8:07:55 p. m.","Advertencia","Netwtw10","6062","6062 - Lso was triggered"
"28/7/2025 8:07:54 p. m.","Información","Netwtw10","7021","7021 - Connection telemetry fields and analysis usage"
"28/7/2025 8:07:53 p. m.","Advertencia","rt640x64","1","Realtek PCIe GbE Family Controller is disconnected from network."
"28/7/2025 8:07:53 p. m.","Información","Microsoft-Windows-TPM-WMI","1038","Las comprobaciones de estado de la atestación previa confirman que se espera que el dispositivo supere la atestación.
 Consulte C:\WINDOWS\Logs\MeasuredBoot\0000000031-0000000003.json para obtener información detallada sobre las comprobaciones realizadas."
"28/7/2025 8:07:53 p. m.","Información","Microsoft-Windows-TPM-WMI","1041","Información detallada sobre la comprobación del estado de la atestación previa: {""Version"":1,""HealthStatus"":""Attestable"",""Required"":[{""Field"":""TpmPresent"",""Value"":true,""DesiredValue"":true},{""Field"":""TpmMeetsMinimumVersion"",""Value"":true,""DesiredValue"":true},{""Field"":""TpmIsResponsive"",""Value"":true,""DesiredValue"":true},{""Field"":""EkCertIsAvailable"",""Value"":true,""DesiredValue"":true},{""Field"":""TcgLogFound"",""Value"":true,""DesiredValue"":true}],""Expected"":[{""Field"":""PcrsMatchTcgLog"",""Value"":true,""DesiredValue"":true}],""Informational"":[{""Field"":""SecureBootEnabled"",""ValueFromComputer"":true,""ValueFromTcgLog"":true,""DesiredValue"":true,""TcgValueIsVerifiable"":true},{""Field"":""VirtualSecureMemory"",""ValueFromComputer"":false,""ValueFromTcgLog"":false,""DesiredValue"":true,""TcgValueIsVerifiable"":true},{""Field"":""SecureCorePCCompliant"",""ValueFromComputer"":false,""ValueFromTcgLog"":false,""DesiredValue"":true,""TcgValueIsVerifiable"":true}]}"
"28/7/2025 8:07:53 p. m.","Información","Microsoft-Windows-Kernel-General","16","El historial de accesos en el subárbol \Device\HarddiskVolume1\EFI\Microsoft\Boot\BCD se borró mediante la actualización de 93 claves y la creación de 9 páginas modificadas."
"28/7/2025 8:07:52 p. m.","Información","Microsoft-Windows-Power-Troubleshooter","1","El sistema estaba en un estado de baja energía y se reanudó.

Hora de suspensión: ‎2025‎-‎07‎-‎28T20:24:19.495574000Z
Hora de reactivación: ‎2025‎-‎07‎-‎29T00:07:51.315432000Z

Origen de la reactivación: Unknown"
"28/7/2025 8:07:51 p. m.","Advertencia","Microsoft-Windows-Time-Service","134","NtpClient no pudo establecer un sistema del mismo nivel manual para usar como origen de la hora debido a un error de resolución de DNS en 'time.windows.com,0x9'. NtpClient lo intentará de nuevo dentro de 15 minutos y doblará el intervalo de reintento en adelante. Error: Host desconocido. (0x80072AF9)"
"28/7/2025 8:07:51 p. m.","Información","Microsoft-Windows-Kernel-Power","566","La sesión del sistema ha cambiado de 68 a 70.

Motivo PolicyChange 

BootId: 10"
"28/7/2025 8:07:51 p. m.","Información","Microsoft-Windows-Kernel-Power","507","El sistema está saliendo del modo de espera moderno 

motivo: Lid. "
"28/7/2025 8:07:51 p. m.","Información","Microsoft-Windows-Kernel-Power","506","El sistema está entrando en el modo de espera moderno 

motivo: Sleep, Hibernate, or Shutdown. "
"28/7/2025 8:07:51 p. m.","Información","Microsoft-Windows-Kernel-Power","566","La sesión del sistema ha cambiado de 67 a 68.

Motivo SxTransition 

BootId: 10"
"28/7/2025 8:07:51 p. m.","Información","Microsoft-Windows-Kernel-Boot","247","No se puede cargar el firmware de Pluton-Windows. StatusCode: STATUS_SUCCESS, Motivo: Failed to apply firmware."
"28/7/2025 8:07:51 p. m.","Información","Microsoft-Windows-Kernel-Boot","27","El tipo de arranque fue 0x2."
"28/7/2025 8:07:51 p. m.","Información","Microsoft-Windows-Kernel-Boot","25","La directiva del menú de arranque fue 0x0."
"28/7/2025 8:07:51 p. m.","Información","Microsoft-Windows-Kernel-Boot","32","Bootmgr esperó la entrada del usuario durante 0 ms."
"28/7/2025 8:07:51 p. m.","Información","Microsoft-Windows-Kernel-Boot","18","Existen 0x1 opciones de arranque en este sistema."
