"6/8/2025 3:53:20 a. m.","Información","Microsoft-Windows-Kernel-Power","172","Estado de conectividad en modo de espera: Disconnected. Motivo: Adaptive Connected Standby"
"6/8/2025 3:53:15 a. m.","Información","Microsoft-Windows-Kernel-Power","566","La sesión del sistema ha cambiado de 7 a 8.

Motivo InputMouse 

BootId: 11"
"6/8/2025 3:53:13 a. m.","Advertencia","rt640x64","1","Realtek PCIe GbE Family Controller is disconnected from network."
"6/8/2025 3:53:10 a. m.","Información","Microsoft-Windows-Kernel-Power","506","El sistema está entrando en el modo de espera moderno 

motivo: AC/DC Display Burst Suppressed. "
"6/8/2025 3:53:10 a. m.","Información","Microsoft-Windows-Kernel-Power","566","La sesión del sistema ha cambiado de 6 a 7.

Motivo InputMouse 

BootId: 11"
"6/8/2025 3:53:10 a. m.","Información","Microsoft-Windows-Kernel-Power","507","El sistema está saliendo del modo de espera moderno 

motivo: AC/DC Display Burst Suppressed. "
"6/8/2025 3:53:10 a. m.","Información","Netwtw10","7026","7026 - Dump after return from D3 after cmd"
"6/8/2025 3:53:10 a. m.","Información","Netwtw10","7025","7025 - Dump after return from D3 before cmd "
"6/8/2025 3:53:09 a. m.","Información","Microsoft-Windows-Kernel-Power","105","Cambio de fuente de energía."
"6/8/2025 3:51:29 a. m.","Información","Netwtw10","7026","7026 - Dump after return from D3 after cmd"
"6/8/2025 3:51:29 a. m.","Información","Netwtw10","7025","7025 - Dump after return from D3 before cmd "
"6/8/2025 3:49:29 a. m.","Información","Netwtw10","7026","7026 - Dump after return from D3 after cmd"
"6/8/2025 3:49:29 a. m.","Información","Netwtw10","7025","7025 - Dump after return from D3 before cmd "
"6/8/2025 3:47:29 a. m.","Información","Netwtw10","7026","7026 - Dump after return from D3 after cmd"
"6/8/2025 3:47:29 a. m.","Información","Netwtw10","7025","7025 - Dump after return from D3 before cmd "
"6/8/2025 3:45:29 a. m.","Información","Netwtw10","7026","7026 - Dump after return from D3 after cmd"
"6/8/2025 3:45:29 a. m.","Información","Netwtw10","7025","7025 - Dump after return from D3 before cmd "
"6/8/2025 3:43:32 a. m.","Advertencia","rt640x64","1","Realtek PCIe GbE Family Controller is disconnected from network."
"6/8/2025 3:43:29 a. m.","Información","Netwtw10","7026","7026 - Dump after return from D3 after cmd"
"6/8/2025 3:43:29 a. m.","Información","Netwtw10","7025","7025 - Dump after return from D3 before cmd "
"6/8/2025 3:41:29 a. m.","Información","Netwtw10","7026","7026 - Dump after return from D3 after cmd"
"6/8/2025 3:41:29 a. m.","Información","Netwtw10","7025","7025 - Dump after return from D3 before cmd "
"6/8/2025 3:39:29 a. m.","Información","Netwtw10","7026","7026 - Dump after return from D3 after cmd"
"6/8/2025 3:39:29 a. m.","Información","Netwtw10","7025","7025 - Dump after return from D3 before cmd "
"6/8/2025 3:37:29 a. m.","Información","Netwtw10","7026","7026 - Dump after return from D3 after cmd"
"6/8/2025 3:37:29 a. m.","Información","Netwtw10","7025","7025 - Dump after return from D3 before cmd "
"6/8/2025 3:35:29 a. m.","Información","Netwtw10","7026","7026 - Dump after return from D3 after cmd"
"6/8/2025 3:35:29 a. m.","Información","Netwtw10","7025","7025 - Dump after return from D3 before cmd "
"6/8/2025 3:33:29 a. m.","Información","Netwtw10","7026","7026 - Dump after return from D3 after cmd"
"6/8/2025 3:33:29 a. m.","Información","Netwtw10","7025","7025 - Dump after return from D3 before cmd "
"6/8/2025 3:31:32 a. m.","Advertencia","rt640x64","1","Realtek PCIe GbE Family Controller is disconnected from network."
"6/8/2025 3:31:29 a. m.","Información","Netwtw10","7026","7026 - Dump after return from D3 after cmd"
"6/8/2025 3:31:29 a. m.","Información","Netwtw10","7025","7025 - Dump after return from D3 before cmd "
"6/8/2025 3:29:29 a. m.","Información","Netwtw10","7026","7026 - Dump after return from D3 after cmd"
"6/8/2025 3:29:29 a. m.","Información","Netwtw10","7025","7025 - Dump after return from D3 before cmd "
"6/8/2025 3:27:29 a. m.","Información","Netwtw10","7026","7026 - Dump after return from D3 after cmd"
"6/8/2025 3:27:29 a. m.","Información","Netwtw10","7025","7025 - Dump after return from D3 before cmd "
"6/8/2025 3:25:35 a. m.","Información","nhi","9007","The driver entered RTD3.
 All the connected devices will be removed from driver's internal state, so it is expected that DeviceDisconnected events will happen."
"6/8/2025 3:25:29 a. m.","Información","Netwtw10","7026","7026 - Dump after return from D3 after cmd"
"6/8/2025 3:25:29 a. m.","Información","Netwtw10","7025","7025 - Dump after return from D3 before cmd "
"6/8/2025 3:23:43 a. m.","Información","Netwtw10","7026","7026 - Dump after return from D3 after cmd"
"6/8/2025 3:23:43 a. m.","Información","Netwtw10","7025","7025 - Dump after return from D3 before cmd "
"6/8/2025 3:23:43 a. m.","Información","nhi","9008","Driver exit RTD3.
 All the connected devices will now cause DeviceConnected events."
"6/8/2025 3:23:29 a. m.","Información","Netwtw10","7026","7026 - Dump after return from D3 after cmd"
"6/8/2025 3:23:29 a. m.","Información","Netwtw10","7025","7025 - Dump after return from D3 before cmd "
"6/8/2025 3:21:33 a. m.","Información","nhi","9007","The driver entered RTD3.
 All the connected devices will be removed from driver's internal state, so it is expected that DeviceDisconnected events will happen."
"6/8/2025 3:21:28 a. m.","Información","Netwtw10","7026","7026 - Dump after return from D3 after cmd"
"6/8/2025 3:21:28 a. m.","Información","Netwtw10","7025","7025 - Dump after return from D3 before cmd "
"6/8/2025 3:21:26 a. m.","Información","Netwtw10","7026","7026 - Dump after return from D3 after cmd"
"6/8/2025 3:21:26 a. m.","Información","Netwtw10","7025","7025 - Dump after return from D3 before cmd "
"6/8/2025 3:21:26 a. m.","Información","nhi","9008","Driver exit RTD3.
 All the connected devices will now cause DeviceConnected events."
"6/8/2025 3:21:17 a. m.","Información","Netwtw10","7026","7026 - Dump after return from D3 after cmd"
"6/8/2025 3:21:17 a. m.","Información","Netwtw10","7025","7025 - Dump after return from D3 before cmd "
"6/8/2025 3:21:16 a. m.","Información","Netwtw10","7026","7026 - Dump after return from D3 after cmd"
"6/8/2025 3:21:16 a. m.","Información","Netwtw10","7025","7025 - Dump after return from D3 before cmd "
"6/8/2025 3:21:13 a. m.","Información","nhi","9007","The driver entered RTD3.
 All the connected devices will be removed from driver's internal state, so it is expected that DeviceDisconnected events will happen."
"6/8/2025 3:21:12 a. m.","Información","Netwtw10","7026","7026 - Dump after return from D3 after cmd"
"6/8/2025 3:21:12 a. m.","Información","Netwtw10","7025","7025 - Dump after return from D3 before cmd "
"6/8/2025 3:21:07 a. m.","Información","Netwtw10","7026","7026 - Dump after return from D3 after cmd"
"6/8/2025 3:21:07 a. m.","Información","Netwtw10","7025","7025 - Dump after return from D3 before cmd "
"6/8/2025 3:21:07 a. m.","Información","nhi","9008","Driver exit RTD3.
 All the connected devices will now cause DeviceConnected events."
"6/8/2025 3:21:06 a. m.","Advertencia","rt640x64","1","Realtek PCIe GbE Family Controller is disconnected from network."
"6/8/2025 3:21:01 a. m.","Información","Netwtw10","7026","7026 - Dump after return from D3 after cmd"
"6/8/2025 3:21:01 a. m.","Información","Netwtw10","7025","7025 - Dump after return from D3 before cmd "
"6/8/2025 3:20:36 a. m.","Información","Netwtw10","7026","7026 - Dump after return from D3 after cmd"
"6/8/2025 3:20:36 a. m.","Información","Netwtw10","7025","7025 - Dump after return from D3 before cmd "
"6/8/2025 3:20:26 a. m.","Información","nhi","9007","The driver entered RTD3.
 All the connected devices will be removed from driver's internal state, so it is expected that DeviceDisconnected events will happen."
"6/8/2025 3:20:21 a. m.","Información","Netwtw10","7026","7026 - Dump after return from D3 after cmd"
"6/8/2025 3:20:21 a. m.","Información","Netwtw10","7025","7025 - Dump after return from D3 before cmd "
"6/8/2025 3:20:21 a. m.","Información","nhi","9008","Driver exit RTD3.
 All the connected devices will now cause DeviceConnected events."
"6/8/2025 3:19:33 a. m.","Información","Netwtw10","7026","7026 - Dump after return from D3 after cmd"
"6/8/2025 3:19:33 a. m.","Información","Netwtw10","7025","7025 - Dump after return from D3 before cmd "
"6/8/2025 3:19:33 a. m.","Información","nhi","9007","The driver entered RTD3.
 All the connected devices will be removed from driver's internal state, so it is expected that DeviceDisconnected events will happen."
"6/8/2025 3:19:23 a. m.","Información","Netwtw10","7026","7026 - Dump after return from D3 after cmd"
"6/8/2025 3:19:23 a. m.","Información","Netwtw10","7025","7025 - Dump after return from D3 before cmd "
"6/8/2025 3:19:10 a. m.","Información","Netwtw10","7026","7026 - Dump after return from D3 after cmd"
"6/8/2025 3:19:10 a. m.","Información","Netwtw10","7025","7025 - Dump after return from D3 before cmd "
"6/8/2025 3:19:10 a. m.","Información","nhi","9008","Driver exit RTD3.
 All the connected devices will now cause DeviceConnected events."
"6/8/2025 3:19:00 a. m.","Información","nhi","9007","The driver entered RTD3.
 All the connected devices will be removed from driver's internal state, so it is expected that DeviceDisconnected events will happen."
"6/8/2025 3:18:58 a. m.","Información","Microsoft-Windows-Kernel-Power","566","La sesión del sistema ha cambiado de 5 a 6.

Motivo InputMouse 

BootId: 11"
"6/8/2025 3:18:55 a. m.","Información","Microsoft-Windows-Kernel-Power","506","El sistema está entrando en el modo de espera moderno 

motivo: 16777220. "
"6/8/2025 3:18:55 a. m.","Información","Microsoft-Windows-Kernel-Power","566","La sesión del sistema ha cambiado de 4 a 5.

Motivo 16777220 

BootId: 11"
"6/8/2025 3:18:55 a. m.","Información","Microsoft-Windows-Kernel-Power","507","El sistema está saliendo del modo de espera moderno 

motivo: 16777220. "
"6/8/2025 3:18:55 a. m.","Información","Netwtw10","7026","7026 - Dump after return from D3 after cmd"
"6/8/2025 3:18:55 a. m.","Información","Netwtw10","7025","7025 - Dump after return from D3 before cmd "
"6/8/2025 3:18:39 a. m.","Información","Netwtw10","7026","7026 - Dump after return from D3 after cmd"
"6/8/2025 3:18:39 a. m.","Información","Netwtw10","7025","7025 - Dump after return from D3 before cmd "
"6/8/2025 3:18:39 a. m.","Información","nhi","9008","Driver exit RTD3.
 All the connected devices will now cause DeviceConnected events."
"6/8/2025 3:18:33 a. m.","Advertencia","rt640x64","1","Realtek PCIe GbE Family Controller is disconnected from network."
"6/8/2025 3:18:30 a. m.","Información","Netwtw10","7026","7026 - Dump after return from D3 after cmd"
"6/8/2025 3:18:30 a. m.","Información","Netwtw10","7025","7025 - Dump after return from D3 before cmd "
"6/8/2025 3:15:27 a. m.","Información","nhi","9007","The driver entered RTD3.
 All the connected devices will be removed from driver's internal state, so it is expected that DeviceDisconnected events will happen."
"6/8/2025 3:15:22 a. m.","Información","Netwtw10","7026","7026 - Dump after return from D3 after cmd"
"6/8/2025 3:15:22 a. m.","Información","Netwtw10","7025","7025 - Dump after return from D3 before cmd "
"6/8/2025 3:15:22 a. m.","Información","nhi","9008","Driver exit RTD3.
 All the connected devices will now cause DeviceConnected events."
"6/8/2025 3:15:20 a. m.","Información","Netwtw10","7026","7026 - Dump after return from D3 after cmd"
"6/8/2025 3:15:20 a. m.","Información","Netwtw10","7025","7025 - Dump after return from D3 before cmd "
"6/8/2025 3:13:20 a. m.","Información","Netwtw10","7026","7026 - Dump after return from D3 after cmd"
"6/8/2025 3:13:20 a. m.","Información","Netwtw10","7025","7025 - Dump after return from D3 before cmd "
"6/8/2025 3:11:20 a. m.","Información","Netwtw10","7026","7026 - Dump after return from D3 after cmd"
"6/8/2025 3:11:20 a. m.","Información","Netwtw10","7025","7025 - Dump after return from D3 before cmd "
"6/8/2025 3:09:20 a. m.","Información","Netwtw10","7026","7026 - Dump after return from D3 after cmd"
"6/8/2025 3:09:20 a. m.","Información","Netwtw10","7025","7025 - Dump after return from D3 before cmd "
"6/8/2025 3:07:27 a. m.","Información","nhi","9007","The driver entered RTD3.
 All the connected devices will be removed from driver's internal state, so it is expected that DeviceDisconnected events will happen."
"6/8/2025 3:07:20 a. m.","Información","Netwtw10","7026","7026 - Dump after return from D3 after cmd"
"6/8/2025 3:07:20 a. m.","Información","Netwtw10","7025","7025 - Dump after return from D3 before cmd "
"6/8/2025 3:05:23 a. m.","Información","Netwtw10","7026","7026 - Dump after return from D3 after cmd"
"6/8/2025 3:05:23 a. m.","Información","Netwtw10","7025","7025 - Dump after return from D3 before cmd "
"6/8/2025 3:05:23 a. m.","Información","nhi","9008","Driver exit RTD3.
 All the connected devices will now cause DeviceConnected events."
"6/8/2025 3:05:20 a. m.","Información","Netwtw10","7026","7026 - Dump after return from D3 after cmd"
"6/8/2025 3:05:20 a. m.","Información","Netwtw10","7025","7025 - Dump after return from D3 before cmd "
"6/8/2025 3:03:20 a. m.","Información","Netwtw10","7026","7026 - Dump after return from D3 after cmd"
"6/8/2025 3:03:20 a. m.","Información","Netwtw10","7025","7025 - Dump after return from D3 before cmd "
"6/8/2025 3:01:24 a. m.","Información","Netwtw10","7026","7026 - Dump after return from D3 after cmd"
"6/8/2025 3:01:24 a. m.","Información","Netwtw10","7025","7025 - Dump after return from D3 before cmd "
"6/8/2025 3:01:23 a. m.","Advertencia","rt640x64","1","Realtek PCIe GbE Family Controller is disconnected from network."
"6/8/2025 3:01:20 a. m.","Información","Netwtw10","7026","7026 - Dump after return from D3 after cmd"
"6/8/2025 3:01:20 a. m.","Información","Netwtw10","7025","7025 - Dump after return from D3 before cmd "
"6/8/2025 2:59:28 a. m.","Información","nhi","9007","The driver entered RTD3.
 All the connected devices will be removed from driver's internal state, so it is expected that DeviceDisconnected events will happen."
"6/8/2025 2:59:23 a. m.","Información","nhi","9008","Driver exit RTD3.
 All the connected devices will now cause DeviceConnected events."
"6/8/2025 2:59:23 a. m.","Información","Netwtw10","7026","7026 - Dump after return from D3 after cmd"
"6/8/2025 2:59:23 a. m.","Información","Netwtw10","7025","7025 - Dump after return from D3 before cmd "
"6/8/2025 2:59:20 a. m.","Información","Netwtw10","7026","7026 - Dump after return from D3 after cmd"
"6/8/2025 2:59:20 a. m.","Información","Netwtw10","7025","7025 - Dump after return from D3 before cmd "
"6/8/2025 2:57:20 a. m.","Información","Netwtw10","7026","7026 - Dump after return from D3 after cmd"
"6/8/2025 2:57:20 a. m.","Información","Netwtw10","7025","7025 - Dump after return from D3 before cmd "
"6/8/2025 2:55:28 a. m.","Información","nhi","9007","The driver entered RTD3.
 All the connected devices will be removed from driver's internal state, so it is expected that DeviceDisconnected events will happen."
"6/8/2025 2:55:23 a. m.","Información","Netwtw10","7026","7026 - Dump after return from D3 after cmd"
"6/8/2025 2:55:23 a. m.","Información","Netwtw10","7025","7025 - Dump after return from D3 before cmd "
"6/8/2025 2:55:23 a. m.","Información","nhi","9008","Driver exit RTD3.
 All the connected devices will now cause DeviceConnected events."
"6/8/2025 2:55:23 a. m.","Advertencia","rt640x64","1","Realtek PCIe GbE Family Controller is disconnected from network."
"6/8/2025 2:55:20 a. m.","Información","Netwtw10","7026","7026 - Dump after return from D3 after cmd"
"6/8/2025 2:55:20 a. m.","Información","Netwtw10","7025","7025 - Dump after return from D3 before cmd "
"6/8/2025 2:53:24 a. m.","Información","Netwtw10","7026","7026 - Dump after return from D3 after cmd"
"6/8/2025 2:53:24 a. m.","Información","Netwtw10","7025","7025 - Dump after return from D3 before cmd "
"6/8/2025 2:53:22 a. m.","Advertencia","rt640x64","1","Realtek PCIe GbE Family Controller is disconnected from network."
"6/8/2025 2:53:20 a. m.","Información","Netwtw10","7026","7026 - Dump after return from D3 after cmd"
"6/8/2025 2:53:20 a. m.","Información","Netwtw10","7025","7025 - Dump after return from D3 before cmd "
"6/8/2025 2:51:20 a. m.","Información","Netwtw10","7026","7026 - Dump after return from D3 after cmd"
"6/8/2025 2:51:20 a. m.","Información","Netwtw10","7025","7025 - Dump after return from D3 before cmd "
"6/8/2025 2:49:20 a. m.","Información","Netwtw10","7026","7026 - Dump after return from D3 after cmd"
"6/8/2025 2:49:20 a. m.","Información","Netwtw10","7025","7025 - Dump after return from D3 before cmd "
"6/8/2025 2:47:20 a. m.","Información","Netwtw10","7026","7026 - Dump after return from D3 after cmd"
"6/8/2025 2:47:20 a. m.","Información","Netwtw10","7025","7025 - Dump after return from D3 before cmd "
"6/8/2025 2:45:28 a. m.","Información","nhi","9007","The driver entered RTD3.
 All the connected devices will be removed from driver's internal state, so it is expected that DeviceDisconnected events will happen."
"6/8/2025 2:45:23 a. m.","Información","Netwtw10","7026","7026 - Dump after return from D3 after cmd"
"6/8/2025 2:45:23 a. m.","Información","Netwtw10","7025","7025 - Dump after return from D3 before cmd "
"6/8/2025 2:45:23 a. m.","Información","nhi","9008","Driver exit RTD3.
 All the connected devices will now cause DeviceConnected events."
"6/8/2025 2:45:20 a. m.","Información","Netwtw10","7026","7026 - Dump after return from D3 after cmd"
"6/8/2025 2:45:20 a. m.","Información","Netwtw10","7025","7025 - Dump after return from D3 before cmd "
"6/8/2025 2:43:17 a. m.","Información","Netwtw10","7026","7026 - Dump after return from D3 after cmd"
"6/8/2025 2:43:17 a. m.","Información","Netwtw10","7025","7025 - Dump after return from D3 before cmd "
"6/8/2025 2:40:06 a. m.","Información","Netwtw10","7026","7026 - Dump after return from D3 after cmd"
"6/8/2025 2:40:06 a. m.","Información","Netwtw10","7025","7025 - Dump after return from D3 before cmd "
"6/8/2025 2:38:13 a. m.","Información","Microsoft-Windows-Kernel-Power","566","La sesión del sistema ha cambiado de 3 a 4.

Motivo InputMouse 

BootId: 11"
"6/8/2025 2:38:08 a. m.","Información","Microsoft-Windows-Kernel-Power","506","El sistema está entrando en el modo de espera moderno 

motivo: AC/DC Display Burst Suppressed. "
"6/8/2025 2:38:08 a. m.","Información","Microsoft-Windows-Kernel-Power","566","La sesión del sistema ha cambiado de 2 a 3.

Motivo InputMouse 

BootId: 11"
"6/8/2025 2:38:08 a. m.","Información","Microsoft-Windows-Kernel-Power","507","El sistema está saliendo del modo de espera moderno 

motivo: AC/DC Display Burst Suppressed. "
"6/8/2025 2:38:08 a. m.","Información","Microsoft-Windows-Kernel-Power","172","Estado de conectividad en modo de espera: Connected. Motivo: None"
"6/8/2025 2:38:08 a. m.","Información","Netwtw10","7026","7026 - Dump after return from D3 after cmd"
"6/8/2025 2:38:08 a. m.","Información","Netwtw10","7025","7025 - Dump after return from D3 before cmd "
"6/8/2025 2:38:08 a. m.","Información","Microsoft-Windows-Kernel-Power","105","Cambio de fuente de energía."
"6/8/2025 2:38:03 a. m.","Información","Microsoft-Windows-Kernel-Power","172","Estado de conectividad en modo de espera: Disconnected. Motivo: Adaptive Connected Standby"
"6/8/2025 2:37:59 a. m.","Información","Microsoft-Windows-Kernel-General","16","El historial de accesos en el subárbol \??\C:\ProgramData\Microsoft\Provisioning\Microsoft-Desktop-Provisioning-Sequence.dat se borró mediante la actualización de 0 claves y la creación de 0 páginas modificadas."
"6/8/2025 2:37:56 a. m.","Información","Microsoft-Windows-Kernel-Power","566","La sesión del sistema ha cambiado de 1 a 2.

Motivo PolicyChange 

BootId: 11"
"6/8/2025 2:37:56 a. m.","Advertencia","Win32k","700","Administrador de energía solicitó la supresión de todas las entradas (INPUT_SUPPRESS_REQUEST = 1)"
"6/8/2025 2:37:56 a. m.","Advertencia","Win32k","700","Administrador de energía solicitó la supresión de todas las entradas (INPUT_SUPPRESS_REQUEST = 1)"
"6/8/2025 2:37:56 a. m.","Información","Microsoft-Windows-Kernel-Power","506","El sistema está entrando en el modo de espera moderno 

motivo: Lid. "
"6/8/2025 2:37:56 a. m.","Información","Microsoft-Windows-Kernel-Power","566","La sesión del sistema ha cambiado de 0 a 1.

Motivo PolicyChange 

BootId: 11"
"6/8/2025 2:08:47 a. m.","Información","Microsoft-Windows-Kernel-General","16","El historial de accesos en el subárbol \??\C:\Users\PCTIC-05\AppData\Local\Packages\Microsoft.WindowsTerminal_8wekyb3d8bbwe\SystemAppData\Helium\UserClasses.dat se borró mediante la actualización de 1 claves y la creación de 1 páginas modificadas."
"6/8/2025 2:08:47 a. m.","Información","Microsoft-Windows-Kernel-General","16","El historial de accesos en el subárbol \??\C:\Users\PCTIC-05\AppData\Local\Packages\Microsoft.WindowsTerminal_8wekyb3d8bbwe\SystemAppData\Helium\User.dat se borró mediante la actualización de 1 claves y la creación de 1 páginas modificadas."
"6/8/2025 1:10:09 a. m.","Información","Microsoft-Windows-Time-Service","158","El proveedor de hora 'VMICTimeProvider' ha indicado que el hardware y el entorno operativo actuales no son compatibles y se ha detenido. Este es un comportamiento esperado para VMICTimeProvider en entornos que no son invitados de HyperV. Este también podría ser el comportamiento esperado de este proveedor en el entorno operativo actual."
"6/8/2025 1:02:37 a. m.","Información","Microsoft-Windows-Kernel-Power","105","Cambio de fuente de energía."
"6/8/2025 12:53:05 a. m.","Información","Microsoft-Windows-Time-Service","158","El proveedor de hora 'VMICTimeProvider' ha indicado que el hardware y el entorno operativo actuales no son compatibles y se ha detenido. Este es un comportamiento esperado para VMICTimeProvider en entornos que no son invitados de HyperV. Este también podría ser el comportamiento esperado de este proveedor en el entorno operativo actual."
"6/8/2025 12:36:57 a. m.","Información","Microsoft-Windows-Kernel-General","16","El historial de accesos en el subárbol \??\C:\Users\PCTIC-05\AppData\Local\Packages\Microsoft.Windows.ShellExperienceHost_cw5n1h2txyewy\Settings\settings.dat se borró mediante la actualización de 2 claves y la creación de 1 páginas modificadas."
"6/8/2025 12:36:01 a. m.","Información","Microsoft-Windows-Time-Service","158","El proveedor de hora 'VMICTimeProvider' ha indicado que el hardware y el entorno operativo actuales no son compatibles y se ha detenido. Este es un comportamiento esperado para VMICTimeProvider en entornos que no son invitados de HyperV. Este también podría ser el comportamiento esperado de este proveedor en el entorno operativo actual."
"6/8/2025 12:24:09 a. m.","Información","Microsoft-Windows-IsolatedUserMode","2","Secure Trustlet Id 6 and Pid 6888 stopped with status STATUS_SUCCESS."
"6/8/2025 12:18:57 a. m.","Información","Microsoft-Windows-Time-Service","158","El proveedor de hora 'VMICTimeProvider' ha indicado que el hardware y el entorno operativo actuales no son compatibles y se ha detenido. Este es un comportamiento esperado para VMICTimeProvider en entornos que no son invitados de HyperV. Este también podría ser el comportamiento esperado de este proveedor en el entorno operativo actual."
"6/8/2025 12:15:29 a. m.","Información","nhi","9007","The driver entered RTD3.
 All the connected devices will be removed from driver's internal state, so it is expected that DeviceDisconnected events will happen."
"6/8/2025 12:15:24 a. m.","Información","nhi","9008","Driver exit RTD3.
 All the connected devices will now cause DeviceConnected events."
"6/8/2025 12:14:13 a. m.","Información","nhi","9007","The driver entered RTD3.
 All the connected devices will be removed from driver's internal state, so it is expected that DeviceDisconnected events will happen."
"6/8/2025 12:14:08 a. m.","Información","nhi","9008","Driver exit RTD3.
 All the connected devices will now cause DeviceConnected events."
"6/8/2025 12:10:17 a. m.","Información","Service Control Manager","7040","El tipo de inicio del servicio Servicio de transferencia inteligente en segundo plano (BITS) se cambió de inicio automático a inicio por solicitud."
"6/8/2025 12:10:13 a. m.","Información","Microsoft-Windows-WindowsUpdateClient","19","Instalación correcta: Windows instaló correctamente la siguiente actualización: Actualización de inteligencia de seguridad para Microsoft Defender Antivirus - KB2267602 (versión 1.433.308.0) - Canal actual (ampliado)"
"6/8/2025 12:10:06 a. m.","Información","Microsoft-Windows-WindowsUpdateClient","43","Instalación iniciada: Windows comenzó a instalar la actualización siguiente: Actualización de inteligencia de seguridad para Microsoft Defender Antivirus - KB2267602 (versión 1.433.308.0) - Canal actual (ampliado)"
"6/8/2025 12:09:53 a. m.","Información","Microsoft-Windows-WindowsUpdateClient","44","Windows Update comenzó a descargar una actualización."
"6/8/2025 12:08:33 a. m.","Información","Microsoft-Windows-Kernel-General","16","El historial de accesos en el subárbol \??\C:\ProgramData\Packages\Microsoft.WindowsNotepad_8wekyb3d8bbwe\S-1-5-21-72991934-2165796093-3938425774-1001\SystemAppData\Helium\Cache\2460a7a9b34c5c42_COM15.dat se borró mediante la actualización de 1 claves y la creación de 1 páginas modificadas."
"6/8/2025 12:08:33 a. m.","Información","Microsoft-Windows-Kernel-General","16","El historial de accesos en el subárbol \??\C:\Users\PCTIC-05\AppData\Local\Packages\Microsoft.WindowsNotepad_8wekyb3d8bbwe\SystemAppData\Helium\UserClasses.dat se borró mediante la actualización de 10 claves y la creación de 3 páginas modificadas."
"6/8/2025 12:08:33 a. m.","Información","Microsoft-Windows-Kernel-General","16","El historial de accesos en el subárbol \??\C:\Users\PCTIC-05\AppData\Local\Packages\Microsoft.WindowsNotepad_8wekyb3d8bbwe\SystemAppData\Helium\User.dat se borró mediante la actualización de 7 claves y la creación de 1 páginas modificadas."
"6/8/2025 12:08:33 a. m.","Información","Microsoft-Windows-Kernel-General","16","El historial de accesos en el subárbol \??\C:\ProgramData\Packages\WinRAR.ShellExtension_d9ma7nkbkv4rp\S-1-5-21-72991934-2165796093-3938425774-1001\SystemAppData\Helium\Cache\47b86fda953346a8_COM15.dat se borró mediante la actualización de 1 claves y la creación de 1 páginas modificadas."
"6/8/2025 12:08:04 a. m.","Información","Service Control Manager","7040","El tipo de inicio del servicio Servicio de transferencia inteligente en segundo plano (BITS) se cambió de inicio por solicitud a inicio automático."
"6/8/2025 12:03:38 a. m.","Información","Service Control Manager","7040","El tipo de inicio del servicio Servicio de transferencia inteligente en segundo plano (BITS) se cambió de inicio automático a inicio por solicitud."
"6/8/2025 12:01:58 a. m.","Información","Microsoft-Windows-Kernel-General","16","El historial de accesos en el subárbol \??\C:\ProgramData\Microsoft\Windows\AppRepository\Packages\Microsoft.StartExperiencesApp_1.1.200.0_x64__8wekyb3d8bbwe\ActivationStore.dat se borró mediante la actualización de 0 claves y la creación de 0 páginas modificadas."
"6/8/2025 12:01:47 a. m.","Advertencia","Microsoft-Windows-DistributedCOM","10016","La configuración de permisos específico de la aplicación no concede el permiso Activación Local para la aplicación de servidor COM con CLSID 
{2593F8B9-4EAF-457C-B68A-50F6B8EA6B54}
 y APPID 
{15C20B67-12E7-4BB6-92BB-7AFF07997402}
 al usuario TICPC-05\PCTIC-05 con SID (S-1-5-21-72991934-2165796093-3938425774-1001) en la dirección LocalHost (con LRPC) que se ejecuta en el contenedor de aplicaciones con SID No disponible (No disponible). Este permiso de seguridad se puede modificar mediante la herramienta administrativa Servicios de componentes."
"6/8/2025 12:01:40 a. m.","Información","TPM","17","El hardware del Módulo de plataforma segura (TPM) no pudo ejecutar un comando de TPM."
"6/8/2025 12:01:40 a. m.","Información","TPM","17","El hardware del Módulo de plataforma segura (TPM) no pudo ejecutar un comando de TPM."
"6/8/2025 12:01:39 a. m.","Información","TPM","17","El hardware del Módulo de plataforma segura (TPM) no pudo ejecutar un comando de TPM."
"6/8/2025 12:01:37 a. m.","Advertencia","Microsoft-Windows-DistributedCOM","10016","La configuración de permisos específico de la aplicación no concede el permiso Iniciar Local para la aplicación de servidor COM con CLSID 
Windows.SecurityCenter.WscDataProtection
 y APPID 
No disponible
 al usuario NT AUTHORITY\SYSTEM con SID (S-1-5-18) en la dirección LocalHost (con LRPC) que se ejecuta en el contenedor de aplicaciones con SID No disponible (No disponible). Este permiso de seguridad se puede modificar mediante la herramienta administrativa Servicios de componentes."
"6/8/2025 12:01:37 a. m.","Advertencia","Microsoft-Windows-DistributedCOM","10016","La configuración de permisos específico de la aplicación no concede el permiso Iniciar Local para la aplicación de servidor COM con CLSID 
Windows.SecurityCenter.SecurityAppBroker
 y APPID 
No disponible
 al usuario NT AUTHORITY\SYSTEM con SID (S-1-5-18) en la dirección LocalHost (con LRPC) que se ejecuta en el contenedor de aplicaciones con SID No disponible (No disponible). Este permiso de seguridad se puede modificar mediante la herramienta administrativa Servicios de componentes."
"6/8/2025 12:01:37 a. m.","Advertencia","Microsoft-Windows-DistributedCOM","10016","La configuración de permisos específico de la aplicación no concede el permiso Iniciar Local para la aplicación de servidor COM con CLSID 
Windows.SecurityCenter.WscBrokerManager
 y APPID 
No disponible
 al usuario NT AUTHORITY\SYSTEM con SID (S-1-5-18) en la dirección LocalHost (con LRPC) que se ejecuta en el contenedor de aplicaciones con SID No disponible (No disponible). Este permiso de seguridad se puede modificar mediante la herramienta administrativa Servicios de componentes."
"6/8/2025 12:01:37 a. m.","Información","Microsoft-Windows-Time-Service","158","El proveedor de hora 'VMICTimeProvider' ha indicado que el hardware y el entorno operativo actuales no son compatibles y se ha detenido. Este es un comportamiento esperado para VMICTimeProvider en entornos que no son invitados de HyperV. Este también podría ser el comportamiento esperado de este proveedor en el entorno operativo actual."
"6/8/2025 12:01:35 a. m.","Información","Microsoft-Windows-Kernel-General","16","El historial de accesos en el subárbol \??\C:\WINDOWS\ServiceProfiles\NetworkService\AppData\Local\Microsoft\Windows\DeliveryOptimization\State\dosvcState.dat se borró mediante la actualización de 39 claves y la creación de 14 páginas modificadas."
"6/8/2025 12:00:58 a. m.","Información","TPM","17","El hardware del Módulo de plataforma segura (TPM) no pudo ejecutar un comando de TPM."
"6/8/2025 12:00:57 a. m.","Información","TPM","17","El hardware del Módulo de plataforma segura (TPM) no pudo ejecutar un comando de TPM."
"6/8/2025 12:00:57 a. m.","Información","TPM","17","El hardware del Módulo de plataforma segura (TPM) no pudo ejecutar un comando de TPM."
"6/8/2025 12:00:53 a. m.","Advertencia","Microsoft-Windows-DistributedCOM","10016","La configuración de permisos específico de la aplicación no concede el permiso Activación Local para la aplicación de servidor COM con CLSID 
{2593F8B9-4EAF-457C-B68A-50F6B8EA6B54}
 y APPID 
{15C20B67-12E7-4BB6-92BB-7AFF07997402}
 al usuario TICPC-05\PCTIC-05 con SID (S-1-5-21-72991934-2165796093-3938425774-1001) en la dirección LocalHost (con LRPC) que se ejecuta en el contenedor de aplicaciones con SID MSTeams_25185.410.3812.8024_x64__8wekyb3d8bbwe (No disponible). Este permiso de seguridad se puede modificar mediante la herramienta administrativa Servicios de componentes."
"6/8/2025 12:00:43 a. m.","Información","TPM","17","El hardware del Módulo de plataforma segura (TPM) no pudo ejecutar un comando de TPM."
"6/8/2025 12:00:42 a. m.","Información","TPM","17","El hardware del Módulo de plataforma segura (TPM) no pudo ejecutar un comando de TPM."
"6/8/2025 12:00:42 a. m.","Información","TPM","17","El hardware del Módulo de plataforma segura (TPM) no pudo ejecutar un comando de TPM."
"6/8/2025 12:00:40 a. m.","Información","Microsoft-Windows-IsolatedUserMode","5","Secure Trustlet NULL Id 0 and Pid 0 started with status STATUS_SUCCESS."
"6/8/2025 12:00:40 a. m.","Información","Microsoft-Windows-IsolatedUserMode","2","Secure Trustlet Id 0 and Pid 0 stopped with status STATUS_SUCCESS."
"6/8/2025 12:00:36 a. m.","Información","Microsoft-Windows-Kernel-General","16","El historial de accesos en el subárbol \??\C:\Users\PCTIC-05\AppData\Local\Packages\MSTeams_8wekyb3d8bbwe\SystemAppData\Helium\User.dat se borró mediante la actualización de 40 claves y la creación de 6 páginas modificadas."
"6/8/2025 12:00:35 a. m.","Información","Microsoft-Windows-IsolatedUserMode","5","Secure Trustlet NULL Id 0 and Pid 0 started with status STATUS_SUCCESS."
"6/8/2025 12:00:27 a. m.","Información","Microsoft-Windows-Kernel-General","16","El historial de accesos en el subárbol \??\C:\Users\PCTIC-05\AppData\Local\Packages\Microsoft.OneDriveSync_8wekyb3d8bbwe\Settings\settings.dat se borró mediante la actualización de 1 claves y la creación de 1 páginas modificadas."
"6/8/2025 12:00:25 a. m.","Información","Microsoft-Windows-Kernel-General","16","El historial de accesos en el subárbol \??\C:\Users\PCTIC-05\AppData\Local\Packages\Microsoft.Copilot_8wekyb3d8bbwe\Settings\settings.dat se borró mediante la actualización de 1 claves y la creación de 1 páginas modificadas."
"6/8/2025 12:00:24 a. m.","Información","Microsoft-Windows-Kernel-General","16","El historial de accesos en el subárbol \??\C:\Users\PCTIC-05\AppData\Local\Packages\MSTeams_8wekyb3d8bbwe\Settings\settings.dat se borró mediante la actualización de 2 claves y la creación de 1 páginas modificadas."
"6/8/2025 12:00:00 a. m.","Información","TPM","17","El hardware del Módulo de plataforma segura (TPM) no pudo ejecutar un comando de TPM."
"5/8/2025 11:59:55 p. m.","Información","Microsoft-Windows-Kernel-General","16","El historial de accesos en el subárbol \??\C:\ProgramData\Packages\Microsoft.WidgetsPlatformRuntime_8wekyb3d8bbwe\S-1-5-21-72991934-2165796093-3938425774-1001\SystemAppData\Helium\Cache\89bc9879cd777c28_COM15.dat se borró mediante la actualización de 1 claves y la creación de 1 páginas modificadas."
"5/8/2025 11:59:55 p. m.","Información","Microsoft-Windows-Kernel-General","16","El historial de accesos en el subárbol \??\C:\Users\PCTIC-05\AppData\Local\Packages\Microsoft.WidgetsPlatformRuntime_8wekyb3d8bbwe\SystemAppData\Helium\UserClasses.dat se borró mediante la actualización de 15 claves y la creación de 3 páginas modificadas."
"5/8/2025 11:59:55 p. m.","Información","Microsoft-Windows-Kernel-General","16","El historial de accesos en el subárbol \??\C:\Users\PCTIC-05\AppData\Local\Packages\Microsoft.WidgetsPlatformRuntime_8wekyb3d8bbwe\SystemAppData\Helium\User.dat se borró mediante la actualización de 1 claves y la creación de 1 páginas modificadas."
"5/8/2025 11:59:55 p. m.","Información","Microsoft-Windows-Kernel-General","16","El historial de accesos en el subárbol \??\C:\Users\PCTIC-05\AppData\Local\Packages\Microsoft.Windows.StartMenuExperienceHost_cw5n1h2txyewy\Settings\settings.dat se borró mediante la actualización de 16 claves y la creación de 1 páginas modificadas."
"5/8/2025 11:59:54 p. m.","Información","Microsoft-Windows-Kernel-General","16","El historial de accesos en el subárbol \??\C:\Users\PCTIC-05\AppData\Local\Packages\MicrosoftWindows.Client.CBS_cw5n1h2txyewy\Settings\settings.dat se borró mediante la actualización de 18 claves y la creación de 8 páginas modificadas."
"5/8/2025 11:59:53 p. m.","Información","Microsoft-Windows-Hyper-V-VmSwitch","232","NIC C08CB7B8-9B3C-408E-8E30-5E16A3AEB445 (Friendly Name: Default Switch) successfully connected to port C08CB7B8-9B3C-408E-8E30-5E16A3AEB445 (Friendly Name: Host Vnic C08CB7B8-9B3C-408E-8E30-5E16A3AEB444) on switch C08CB7B8-9B3C-408E-8E30-5E16A3AEB444(Friendly Name: Default Switch)."
"5/8/2025 11:59:53 p. m.","Información","Microsoft-Windows-Hyper-V-VmSwitch","7","Miniport NIC C08CB7B8-9B3C-408E-8E30-5E16A3AEB445 (Friendly Name: Default Switch) successfully initialized."
"5/8/2025 11:59:53 p. m.","Información","Microsoft-Windows-Hyper-V-VmSwitch","291","Descarga de RSC modificada para la C08CB7B8-9B3C-408E-8E30-5E16A3AEB445 NIC (nombre descriptivo: Default Switch) IPv4 anterior: Deshabilitado, IPv4 actual: Deshabilitado, IPv6 anterior: Deshabilitado, IPv6 actual: Deshabilitado. Motivo: Inicio de NIC"
"5/8/2025 11:59:53 p. m.","Información","Microsoft-Windows-Hyper-V-VmSwitch","233","La operación ' Create ' se realizó correctamente en la NIC C08CB7B8-9B3C-408E-8E30-5E16A3AEB445 (nombre descriptivo: Default Switch) e ID. de instancia {00000000-0000-0000-0000-000000000000}. "
"5/8/2025 11:59:53 p. m.","Información","Microsoft-Windows-Hyper-V-VmSwitch","291","Descarga de RSC modificada para la C08CB7B8-9B3C-408E-8E30-5E16A3AEB445 NIC (nombre descriptivo: Default Switch) IPv4 anterior: Deshabilitado, IPv4 actual: Deshabilitado, IPv6 anterior: Deshabilitado, IPv6 actual: Deshabilitado. Motivo: Creación de NIC"
"5/8/2025 11:59:52 p. m.","Advertencia","Netwtw10","6062","6062 - Lso was triggered"
"5/8/2025 11:59:52 p. m.","Información","Microsoft-Windows-Hyper-V-VmSwitch","264","El C08CB7B8-9B3C-408E-8E30-5E16A3AEB445 de puerto interno o externo (nombre descriptivo: Host Vnic C08CB7B8-9B3C-408E-8E30-5E16A3AEB444) se creó correctamente en el conmutador C08CB7B8-9B3C-408E-8E30-5E16A3AEB444 (nombre descriptivo: Default Switch)."
"5/8/2025 11:59:52 p. m.","Información","Microsoft-Windows-Hyper-V-VmSwitch","292","Descarga de RSC modificada para el puerto C08CB7B8-9B3C-408E-8E30-5E16A3AEB445 (nombre descriptivo: Host Vnic C08CB7B8-9B3C-408E-8E30-5E16A3AEB444) Anterior: Deshabilitado, actual: Habilitado. Motivo: Creación de puertos"
"5/8/2025 11:59:52 p. m.","Información","Microsoft-Windows-Hyper-V-VmSwitch","9","Switch C08CB7B8-9B3C-408E-8E30-5E16A3AEB444 (Friendly Name: Default Switch) successfully initialized."
"5/8/2025 11:59:52 p. m.","Información","Microsoft-Windows-Hyper-V-VmSwitch","232","NIC C08CB7B8-9B3C-408E-8E30-5E16A3AEB444 (Friendly Name: Default Switch) successfully connected to port C08CB7B8-9B3C-408E-8E30-5E16A3AEB444 (Friendly Name: Default Switch) on switch C08CB7B8-9B3C-408E-8E30-5E16A3AEB444(Friendly Name: Default Switch)."
"5/8/2025 11:59:52 p. m.","Información","Microsoft-Windows-Hyper-V-VmSwitch","233","La operación ' Create ' se realizó correctamente en la NIC C08CB7B8-9B3C-408E-8E30-5E16A3AEB444 (nombre descriptivo: Default Switch) e ID. de instancia {00000000-0000-0000-0000-000000000000}. "
"5/8/2025 11:59:52 p. m.","Información","Microsoft-Windows-Hyper-V-VmSwitch","291","Descarga de RSC modificada para la C08CB7B8-9B3C-408E-8E30-5E16A3AEB444 NIC (nombre descriptivo: Default Switch) IPv4 anterior: Deshabilitado, IPv4 actual: Deshabilitado, IPv6 anterior: Deshabilitado, IPv6 actual: Deshabilitado. Motivo: Creación de NIC"
"5/8/2025 11:59:52 p. m.","Información","Microsoft-Windows-Hyper-V-VmSwitch","67","El C08CB7B8-9B3C-408E-8E30-5E16A3AEB444 de puerto (nombre descriptivo: Default Switch) se creó correctamente en el conmutador C08CB7B8-9B3C-408E-8E30-5E16A3AEB444 (nombre descriptivo: Default Switch)."
"5/8/2025 11:59:52 p. m.","Información","Microsoft-Windows-Hyper-V-VmSwitch","292","Descarga de RSC modificada para el puerto C08CB7B8-9B3C-408E-8E30-5E16A3AEB444 (nombre descriptivo: Default Switch) Anterior: Deshabilitado, actual: Habilitado. Motivo: Creación de puertos"
"5/8/2025 11:59:52 p. m.","Información","Service Control Manager","7045","Se instaló un servicio en el sistema.

Nombre del servicio:  VMSMP
Nombre del archivo del servicio:  \SystemRoot\System32\drivers\vmswitch.sys
Tipo de servicio:  controlador de modo kernel
Tipo de inicio de servicio:  inicio por solicitud
Cuenta de servicio:  "
"5/8/2025 11:59:51 p. m.","Información","Microsoft-Windows-Kernel-General","16","El historial de accesos en el subárbol \??\C:\ProgramData\Packages\MicrosoftWindows.Client.CBS_cw5n1h2txyewy\S-1-5-21-72991934-2165796093-3938425774-1001\SystemAppData\Helium\Cache\87b68362b9c83648_COM15.dat se borró mediante la actualización de 1 claves y la creación de 1 páginas modificadas."
"5/8/2025 11:59:50 p. m.","Información","Microsoft-Windows-Kernel-General","16","El historial de accesos en el subárbol \??\C:\Users\PCTIC-05\AppData\Local\Microsoft\Windows\UsrClass.dat se borró mediante la actualización de 4543 claves y la creación de 637 páginas modificadas."
"5/8/2025 11:59:50 p. m.","Información","Microsoft-Windows-Kernel-General","15","El subárbol \??\C:\Users\PCTIC-05\ntuser.dat se reorganizó con un tamaño inicial de 12496896 bytes y un tamaño final de 10563584 bytes."
"5/8/2025 11:59:50 p. m.","Información","Microsoft-Windows-Winlogon","7001","Notificación de inicio de sesión de usuario para el Programa para la mejora de la experiencia del usuario"
"5/8/2025 11:59:50 p. m.","Información","Service Control Manager","7040","El tipo de inicio del servicio Windows Modules Installer se cambió de inicio automático a inicio por solicitud."
"5/8/2025 11:59:45 p. m.","Información","Microsoft-Windows-Hyper-V-VmSwitch","277","vmswitch.sys versión 26100.amd64.ge_release_svc_prod3, depuración false, oficial true, 1, 1"
"5/8/2025 11:59:45 p. m.","Error","Service Control Manager","7000","El servicio Virtualización de red anidada no pudo iniciarse debido al siguiente error: 
Una característica de hipervisor no está disponible para el usuario."
"5/8/2025 11:59:45 p. m.","Información","Service Control Manager","7040","El tipo de inicio del servicio Virtualización de red anidada se cambió de inicio por solicitud a inicio automático."
"5/8/2025 11:59:39 p. m.","Información","Microsoft-Windows-TPM-WMI","1025","El TPM se aprovisionó correctamente y está listo para su uso."
"5/8/2025 11:59:38 p. m.","Información","Netwtw10","7021","7021 - Connection telemetry fields and analysis usage"
"5/8/2025 11:59:37 p. m.","Información","Microsoft-Windows-TPM-WMI","1282","Se generó el identificador de dispositivos TBS."
"5/8/2025 11:59:35 p. m.","Información","Microsoft-Windows-WLAN-AutoConfig","10001","El módulo de extensibilidad de WLAN se inició correctamente.

Ruta de acceso del módulo: C:\WINDOWS\system32\IntelIHVRouter10.dll
"
"5/8/2025 11:59:35 p. m.","Información","Microsoft-Windows-IsolatedUserMode","1","Secure Trustlet \??\C:\WINDOWS\System32\NgcIso.exe Id 6 and Pid 6888 started with status STATUS_SUCCESS."
"5/8/2025 11:59:35 p. m.","Información","Microsoft-Windows-IsolatedUserMode","5","Secure Trustlet NULL Id 0 and Pid 0 started with status STATUS_SUCCESS."
"5/8/2025 11:59:35 p. m.","Información","Microsoft-Windows-Kernel-General","16","El historial de accesos en el subárbol \??\C:\WINDOWS\AppCompat\Programs\Amcache.hve se borró mediante la actualización de 3621 claves y la creación de 1318 páginas modificadas."
"5/8/2025 11:59:35 p. m.","Información","Microsoft-Windows-WLAN-AutoConfig","4000","El servicio de Configuración automática de WLAN se inició correctamente.
"
"5/8/2025 11:59:34 p. m.","Información","TPM","18","Este evento desencadena que se ejecute la comprobación de estado/aprovisionamiento del Módulo de plataforma segura (TPM)."
"5/8/2025 11:59:34 p. m.","Información","Service Control Manager","7026","El siguiente controlador de inicio del sistema o de inicio del arranque no se cargó: 
VfpExt"
"5/8/2025 11:59:31 p. m.","Información","nhi","9007","The driver entered RTD3.
 All the connected devices will be removed from driver's internal state, so it is expected that DeviceDisconnected events will happen."
"5/8/2025 11:59:30 p. m.","Información","Microsoft-Windows-UserModePowerService","12","El proceso C:\Windows\System32\DriverStore\FileRepository\dptf_cpu.inf_amd64_897ea327b3fe52f7\esif_uf.exe (identificador de proceso:4240) restableció el esquema de directivas de {381b4222-f694-41f0-9685-ff5bb260df2e} a {381b4222-f694-41f0-9685-ff5bb260df2e}"
"5/8/2025 11:59:30 p. m.","Información","Microsoft-Windows-UserModePowerService","12","El proceso C:\Windows\System32\DriverStore\FileRepository\dptf_cpu.inf_amd64_897ea327b3fe52f7\esif_uf.exe (identificador de proceso:4240) restableció el esquema de directivas de {381b4222-f694-41f0-9685-ff5bb260df2e} a {381b4222-f694-41f0-9685-ff5bb260df2e}"
"5/8/2025 11:59:29 p. m.","Información","Microsoft-Windows-HttpService","112","Se intentó reservar la http://+:80/116B50EB-ECE2-41ac-8429-9F9E963361B7/ url. Estado 0x0. Id. de proceso 0x4 ruta de acceso ejecutable , S-1-5-18  de usuario"
"5/8/2025 11:59:29 p. m.","Información","Microsoft-Windows-HttpService","112","Se intentó reservar la https://+:443/C574AC30-5794-4AEE-B1BB-6651C5315029/ url. Estado 0x0. Id. de proceso 0x4 ruta de acceso ejecutable , S-1-5-18  de usuario"
"5/8/2025 11:59:29 p. m.","Información","Microsoft-Windows-HttpService","112","Se intentó reservar la http://+:80/0131501b-d67f-491b-9a40-c4bf27bcb4d4/ url. Estado 0x0. Id. de proceso 0x4 ruta de acceso ejecutable , S-1-5-18  de usuario"
"5/8/2025 11:59:29 p. m.","Información","Microsoft-Windows-HttpService","112","Se intentó reservar la http://+:3387/rdp/ url. Estado 0x0. Id. de proceso 0x4 ruta de acceso ejecutable , S-1-5-18  de usuario"
"5/8/2025 11:59:29 p. m.","Información","Microsoft-Windows-HttpService","112","Se intentó reservar la https://+:3392/rdp/ url. Estado 0x0. Id. de proceso 0x4 ruta de acceso ejecutable , S-1-5-18  de usuario"
"5/8/2025 11:59:29 p. m.","Información","Microsoft-Windows-HttpService","112","Se intentó reservar la http://+:10243/WMPNSSv4/ url. Estado 0x0. Id. de proceso 0x4 ruta de acceso ejecutable , S-1-5-18  de usuario"
"5/8/2025 11:59:29 p. m.","Información","Microsoft-Windows-HttpService","112","Se intentó reservar la https://+:10245/WMPNSSv4/ url. Estado 0x0. Id. de proceso 0x4 ruta de acceso ejecutable , S-1-5-18  de usuario"
"5/8/2025 11:59:29 p. m.","Información","Microsoft-Windows-HttpService","112","Se intentó reservar la http://+:10247/apps/ url. Estado 0x0. Id. de proceso 0x4 ruta de acceso ejecutable , S-1-5-18  de usuario"
"5/8/2025 11:59:29 p. m.","Información","Microsoft-Windows-HttpService","112","Se intentó reservar la http://+:10246/MDEServer/ url. Estado 0x0. Id. de proceso 0x4 ruta de acceso ejecutable , S-1-5-18  de usuario"
"5/8/2025 11:59:29 p. m.","Información","Microsoft-Windows-HttpService","112","Se intentó reservar la https://+:443/sra_{BA195980-CD49-458b-9E23-C84EE0ADCD75}/ url. Estado 0x0. Id. de proceso 0x4 ruta de acceso ejecutable , S-1-5-18  de usuario"
"5/8/2025 11:59:29 p. m.","Información","Microsoft-Windows-HttpService","112","Se intentó reservar la http://+:5985/wsman/ url. Estado 0x0. Id. de proceso 0x4 ruta de acceso ejecutable , S-1-5-18  de usuario"
"5/8/2025 11:59:29 p. m.","Información","Microsoft-Windows-HttpService","112","Se intentó reservar la http://+:47001/wsman/ url. Estado 0x0. Id. de proceso 0x4 ruta de acceso ejecutable , S-1-5-18  de usuario"
"5/8/2025 11:59:29 p. m.","Información","Microsoft-Windows-HttpService","112","Se intentó reservar la https://+:5986/wsman/ url. Estado 0x0. Id. de proceso 0x4 ruta de acceso ejecutable , S-1-5-18  de usuario"
"5/8/2025 11:59:29 p. m.","Información","Microsoft-Windows-HttpService","112","Se intentó reservar la http://*:2869/ url. Estado 0x0. Id. de proceso 0x4 ruta de acceso ejecutable , S-1-5-18  de usuario"
"5/8/2025 11:59:29 p. m.","Información","Microsoft-Windows-HttpService","112","Se intentó reservar la https://*:5358/ url. Estado 0x0. Id. de proceso 0x4 ruta de acceso ejecutable , S-1-5-18  de usuario"
"5/8/2025 11:59:29 p. m.","Información","Microsoft-Windows-HttpService","112","Se intentó reservar la http://+:80/Temporary_Listen_Addresses/ url. Estado 0x0. Id. de proceso 0x4 ruta de acceso ejecutable , S-1-5-18  de usuario"
"5/8/2025 11:59:29 p. m.","Información","Microsoft-Windows-HttpService","112","Se intentó reservar la http://*:5357/ url. Estado 0x0. Id. de proceso 0x4 ruta de acceso ejecutable , S-1-5-18  de usuario"
"5/8/2025 11:59:29 p. m.","Información","Microsoft-Windows-TPM-WMI","1038","Las comprobaciones de estado de la atestación previa confirman que se espera que el dispositivo supere la atestación.
 Consulte C:\WINDOWS\Logs\MeasuredBoot\0000000032-0000000000.json para obtener información detallada sobre las comprobaciones realizadas."
