"9/8/2025 2:06:36 a. m.","Información","Microsoft-Windows-Kernel-Power","172","Estado de conectividad en modo de espera: Disconnected. Motivo: Adaptive Connected Standby"
"9/8/2025 2:06:08 a. m.","Información","Microsoft-Windows-Kernel-Power","172","Estado de conectividad en modo de espera: Connected. Motivo: None"
"9/8/2025 2:06:08 a. m.","Información","Microsoft-Windows-Kernel-Power","172","Estado de conectividad en modo de espera: Disconnected. Motivo: Adaptive Connected Standby"
"9/8/2025 2:06:08 a. m.","Información","Microsoft-Windows-Kernel-Power","172","Estado de conectividad en modo de espera: Connected. Motivo: None"
"9/8/2025 2:06:08 a. m.","Información","Netwtw10","7026","7026 - Dump after return from D3 after cmd"
"9/8/2025 2:06:08 a. m.","Información","Netwtw10","7025","7025 - Dump after return from D3 before cmd "
"9/8/2025 2:05:18 a. m.","Advertencia","rt640x64","1","Realtek PCIe GbE Family Controller is disconnected from network."
"9/8/2025 2:05:17 a. m.","Información","Microsoft-Windows-Kernel-Power","172","Estado de conectividad en modo de espera: Disconnected. Motivo: Adaptive Connected Standby"
"9/8/2025 2:05:15 a. m.","Información","Microsoft-Windows-Kernel-Power","172","Estado de conectividad en modo de espera: Connected. Motivo: None"
"9/8/2025 2:05:15 a. m.","Información","Netwtw10","7026","7026 - Dump after return from D3 after cmd"
"9/8/2025 2:05:15 a. m.","Información","Netwtw10","7025","7025 - Dump after return from D3 before cmd "
"9/8/2025 2:05:13 a. m.","Información","Microsoft-Windows-Kernel-Power","172","Estado de conectividad en modo de espera: Disconnected. Motivo: Adaptive Connected Standby"
"9/8/2025 2:05:12 a. m.","Información","Microsoft-Windows-Kernel-Power","172","Estado de conectividad en modo de espera: Connected. Motivo: None"
"9/8/2025 2:05:12 a. m.","Información","Netwtw10","7026","7026 - Dump after return from D3 after cmd"
"9/8/2025 2:05:12 a. m.","Información","Netwtw10","7025","7025 - Dump after return from D3 before cmd "
"9/8/2025 2:05:09 a. m.","Información","Microsoft-Windows-Kernel-Power","172","Estado de conectividad en modo de espera: Disconnected. Motivo: Adaptive Connected Standby"
"9/8/2025 2:05:07 a. m.","Información","Microsoft-Windows-Kernel-Power","172","Estado de conectividad en modo de espera: Connected. Motivo: None"
"9/8/2025 2:05:07 a. m.","Información","Microsoft-Windows-Kernel-Power","172","Estado de conectividad en modo de espera: Disconnected. Motivo: Adaptive Connected Standby"
"9/8/2025 2:05:02 a. m.","Información","Microsoft-Windows-WindowsUpdateClient","44","Windows Update comenzó a descargar una actualización."
"9/8/2025 2:03:58 a. m.","Información","Microsoft-Windows-Kernel-Power","172","Estado de conectividad en modo de espera: Connected. Motivo: None"
"9/8/2025 2:03:58 a. m.","Información","Microsoft-Windows-Kernel-Power","172","Estado de conectividad en modo de espera: Disconnected. Motivo: Adaptive Connected Standby"
"9/8/2025 2:03:58 a. m.","Información","Microsoft-Windows-Kernel-Power","172","Estado de conectividad en modo de espera: Connected. Motivo: None"
"9/8/2025 2:03:58 a. m.","Información","Microsoft-Windows-Kernel-Power","172","Estado de conectividad en modo de espera: Disconnected. Motivo: Adaptive Connected Standby"
"9/8/2025 2:03:51 a. m.","Información","Microsoft-Windows-Kernel-Power","566","La sesión del sistema ha cambiado de 38 a 39.

Motivo PolicyChange 

BootId: 11"
"9/8/2025 2:03:51 a. m.","Advertencia","Win32k","700","Administrador de energía solicitó la supresión de todas las entradas (INPUT_SUPPRESS_REQUEST = 1)"
"9/8/2025 2:03:51 a. m.","Advertencia","Win32k","700","Administrador de energía solicitó la supresión de todas las entradas (INPUT_SUPPRESS_REQUEST = 1)"
"9/8/2025 2:03:51 a. m.","Información","Microsoft-Windows-Kernel-Power","506","El sistema está entrando en el modo de espera moderno 

motivo: Lid. "
"9/8/2025 2:03:51 a. m.","Información","Microsoft-Windows-Kernel-Power","566","La sesión del sistema ha cambiado de 37 a 38.

Motivo PolicyChange 

BootId: 11"
"9/8/2025 12:59:18 a. m.","Información","Microsoft-Windows-HttpService","114","Se quitó la dirección URL (http://*:2869/upnp/eventing/) del grupo de direcciones URL (0xFE00000020000003). Id. de proceso 0x25C0 ruta de acceso ejecutable \Device\HarddiskVolume3\Windows\System32\svchost.exe, S-1-5-19  de usuario"
"9/8/2025 12:18:48 a. m.","Información","Microsoft-Windows-HttpService","113","Se intentó agregar la dirección URL (http://*:2869/upnp/eventing/) al grupo de direcciones URL (0xFE00000020000003). Estado: 0x0. Id. de proceso 0x25C0 ruta de acceso ejecutable \Device\HarddiskVolume3\Windows\System32\svchost.exe, S-1-5-19  de usuario"
"9/8/2025 12:18:48 a. m.","Información","Microsoft-Windows-HttpService","114","Se quitó la dirección URL (http://*:2869/upnp/eventing/) del grupo de direcciones URL (0xFE00000020000002). Id. de proceso 0x25C0 ruta de acceso ejecutable \Device\HarddiskVolume3\Windows\System32\svchost.exe, S-1-5-19  de usuario"
"9/8/2025 12:18:47 a. m.","Información","Microsoft-Windows-HttpService","113","Se intentó agregar la dirección URL (http://*:2869/upnp/eventing/) al grupo de direcciones URL (0xFE00000020000002). Estado: 0x0. Id. de proceso 0x25C0 ruta de acceso ejecutable \Device\HarddiskVolume3\Windows\System32\svchost.exe, S-1-5-19  de usuario"
"9/8/2025 12:18:47 a. m.","Información","Microsoft-Windows-HttpService","114","Se quitó la dirección URL (http://*:2869/upnp/eventing/) del grupo de direcciones URL (0xFE00000120000003). Id. de proceso 0x25C0 ruta de acceso ejecutable \Device\HarddiskVolume3\Windows\System32\svchost.exe, S-1-5-19  de usuario"
"9/8/2025 12:03:37 a. m.","Información","Microsoft-Windows-HttpService","113","Se intentó agregar la dirección URL (http://*:2869/upnp/eventing/) al grupo de direcciones URL (0xFE00000120000003). Estado: 0x0. Id. de proceso 0x25C0 ruta de acceso ejecutable \Device\HarddiskVolume3\Windows\System32\svchost.exe, S-1-5-19  de usuario"
"9/8/2025 12:03:37 a. m.","Información","Microsoft-Windows-HttpService","114","Se quitó la dirección URL (http://*:2869/upnp/eventing/) del grupo de direcciones URL (0xFE00000120000002). Id. de proceso 0x25C0 ruta de acceso ejecutable \Device\HarddiskVolume3\Windows\System32\svchost.exe, S-1-5-19  de usuario"
"9/8/2025 12:03:37 a. m.","Información","Microsoft-Windows-HttpService","113","Se intentó agregar la dirección URL (http://*:2869/upnp/eventing/) al grupo de direcciones URL (0xFE00000120000002). Estado: 0x0. Id. de proceso 0x25C0 ruta de acceso ejecutable \Device\HarddiskVolume3\Windows\System32\svchost.exe, S-1-5-19  de usuario"
"9/8/2025 12:03:37 a. m.","Información","Microsoft-Windows-HttpService","114","Se quitó la dirección URL (http://*:2869/upnp/eventing/) del grupo de direcciones URL (0xFE00000220000002). Id. de proceso 0x25C0 ruta de acceso ejecutable \Device\HarddiskVolume3\Windows\System32\svchost.exe, S-1-5-19  de usuario"
"9/8/2025 12:00:48 a. m.","Información","Microsoft-Windows-HttpService","113","Se intentó agregar la dirección URL (http://*:2869/upnp/eventing/) al grupo de direcciones URL (0xFE00000220000002). Estado: 0x0. Id. de proceso 0x25C0 ruta de acceso ejecutable \Device\HarddiskVolume3\Windows\System32\svchost.exe, S-1-5-19  de usuario"
"9/8/2025 12:00:48 a. m.","Información","Microsoft-Windows-HttpService","114","Se quitó la dirección URL (http://*:2869/upnp/eventing/) del grupo de direcciones URL (0xFE00000020000001). Id. de proceso 0x25C0 ruta de acceso ejecutable \Device\HarddiskVolume3\Windows\System32\svchost.exe, S-1-5-19  de usuario"
"9/8/2025 12:00:48 a. m.","Información","Microsoft-Windows-HttpService","113","Se intentó agregar la dirección URL (http://*:2869/upnp/eventing/) al grupo de direcciones URL (0xFE00000020000001). Estado: 0x0. Id. de proceso 0x25C0 ruta de acceso ejecutable \Device\HarddiskVolume3\Windows\System32\svchost.exe, S-1-5-19  de usuario"
"9/8/2025 12:00:48 a. m.","Información","Microsoft-Windows-HttpService","114","Se quitó la dirección URL (http://*:2869/upnp/eventing/) del grupo de direcciones URL (0xFE00000220000001). Id. de proceso 0x25C0 ruta de acceso ejecutable \Device\HarddiskVolume3\Windows\System32\svchost.exe, S-1-5-19  de usuario"
"9/8/2025 12:00:27 a. m.","Información","Microsoft-Windows-HttpService","113","Se intentó agregar la dirección URL (http://*:2869/upnp/eventing/) al grupo de direcciones URL (0xFE00000220000001). Estado: 0x0. Id. de proceso 0x25C0 ruta de acceso ejecutable \Device\HarddiskVolume3\Windows\System32\svchost.exe, S-1-5-19  de usuario"
"9/8/2025 12:00:27 a. m.","Información","Microsoft-Windows-HttpService","114","Se quitó la dirección URL (http://*:2869/upnp/eventing/) del grupo de direcciones URL (0xFE00000320000001). Id. de proceso 0x25C0 ruta de acceso ejecutable \Device\HarddiskVolume3\Windows\System32\svchost.exe, S-1-5-19  de usuario"
"9/8/2025 12:00:27 a. m.","Información","Microsoft-Windows-HttpService","113","Se intentó agregar la dirección URL (http://*:2869/upnp/eventing/) al grupo de direcciones URL (0xFE00000320000001). Estado: 0x0. Id. de proceso 0x25C0 ruta de acceso ejecutable \Device\HarddiskVolume3\Windows\System32\svchost.exe, S-1-5-19  de usuario"
"9/8/2025 12:00:27 a. m.","Información","Microsoft-Windows-HttpService","114","Se quitó la dirección URL (http://*:2869/upnp/eventing/) del grupo de direcciones URL (0xFE00000720000001). Id. de proceso 0x25C0 ruta de acceso ejecutable \Device\HarddiskVolume3\Windows\System32\svchost.exe, S-1-5-19  de usuario"
"8/8/2025 11:59:12 p. m.","Información","Microsoft-Windows-HttpService","113","Se intentó agregar la dirección URL (http://*:2869/upnp/eventing/) al grupo de direcciones URL (0xFE00000720000001). Estado: 0x0. Id. de proceso 0x25C0 ruta de acceso ejecutable \Device\HarddiskVolume3\Windows\System32\svchost.exe, S-1-5-19  de usuario"
"8/8/2025 11:59:12 p. m.","Información","Microsoft-Windows-HttpService","114","Se quitó la dirección URL (http://*:2869/upnp/eventing/) del grupo de direcciones URL (0xFE00000120000001). Id. de proceso 0x25C0 ruta de acceso ejecutable \Device\HarddiskVolume3\Windows\System32\svchost.exe, S-1-5-19  de usuario"
"8/8/2025 11:59:11 p. m.","Información","Microsoft-Windows-HttpService","113","Se intentó agregar la dirección URL (http://*:2869/upnp/eventing/) al grupo de direcciones URL (0xFE00000120000001). Estado: 0x0. Id. de proceso 0x25C0 ruta de acceso ejecutable \Device\HarddiskVolume3\Windows\System32\svchost.exe, S-1-5-19  de usuario"
"8/8/2025 11:59:05 p. m.","Advertencia","Netwtw10","6062","6062 - Lso was triggered"
"8/8/2025 11:59:03 p. m.","Información","Netwtw10","7021","7021 - Connection telemetry fields and analysis usage"
"8/8/2025 11:59:03 p. m.","Información","Microsoft-Windows-Kernel-Power","566","La sesión del sistema ha cambiado de 36 a 37.

Motivo PolicyChange 

BootId: 11"
"8/8/2025 11:59:03 p. m.","Información","Microsoft-Windows-Kernel-Power","507","El sistema está saliendo del modo de espera moderno 

motivo: Lid. "
"8/8/2025 11:59:03 p. m.","Información","Microsoft-Windows-Kernel-Power","172","Estado de conectividad en modo de espera: Connected. Motivo: None"
"8/8/2025 11:59:02 p. m.","Información","Netwtw10","7026","7026 - Dump after return from D3 after cmd"
"8/8/2025 11:59:02 p. m.","Información","Netwtw10","7025","7025 - Dump after return from D3 before cmd "
"8/8/2025 11:59:02 p. m.","Advertencia","Win32k","701","Administrador de energía no solicitó la supresión de todas las entradas (INPUT_SUPPRESS_REQUEST = 0)"
"8/8/2025 11:59:02 p. m.","Advertencia","Win32k","701","Administrador de energía no solicitó la supresión de todas las entradas (INPUT_SUPPRESS_REQUEST = 0)"
"8/8/2025 10:46:33 p. m.","Información","Microsoft-Windows-Kernel-Power","172","Estado de conectividad en modo de espera: Disconnected. Motivo: Policy Setting"
"8/8/2025 10:46:25 p. m.","Información","Microsoft-Windows-Kernel-Power","566","La sesión del sistema ha cambiado de 35 a 36.

Motivo 55 

BootId: 11"
"8/8/2025 10:46:20 p. m.","Información","Microsoft-Windows-Kernel-Power","506","El sistema está entrando en el modo de espera moderno 

motivo: Austerity Battery Drain Budget Exceeded. "
"8/8/2025 10:46:20 p. m.","Información","Microsoft-Windows-Kernel-Power","566","La sesión del sistema ha cambiado de 34 a 35.

Motivo 55 

BootId: 11"
"8/8/2025 10:46:20 p. m.","Información","Microsoft-Windows-Kernel-Power","507","El sistema está saliendo del modo de espera moderno 

motivo: Austerity Battery Drain Budget Exceeded. "
"8/8/2025 10:46:20 p. m.","Información","Microsoft-Windows-Kernel-Power","172","Estado de conectividad en modo de espera: Connected. Motivo: None"
"8/8/2025 10:46:20 p. m.","Información","Netwtw10","7026","7026 - Dump after return from D3 after cmd"
"8/8/2025 10:46:20 p. m.","Información","Netwtw10","7025","7025 - Dump after return from D3 before cmd "
"8/8/2025 10:41:35 p. m.","Información","Microsoft-Windows-WindowsUpdateClient","19","Instalación correcta: Windows instaló correctamente la siguiente actualización: 9WZDNCRD1HKW-Microsoft.XboxIdentityProvider"
"8/8/2025 10:41:35 p. m.","Información","Microsoft-Windows-WindowsUpdateClient","19","Instalación correcta: Windows instaló correctamente la siguiente actualización: 9NBLGGH10PG8-MICROSOFT.PEOPLE"
"8/8/2025 10:41:35 p. m.","Información","Microsoft-Windows-Kernel-Power","172","Estado de conectividad en modo de espera: Disconnected. Motivo: Adaptive Connected Standby"
"8/8/2025 10:41:29 p. m.","Información","Microsoft-Windows-WindowsUpdateClient","19","Instalación correcta: Windows instaló correctamente la siguiente actualización: 9NBLGGH537C2-Microsoft.XboxGameOverlay"
"8/8/2025 10:41:20 p. m.","Información","Microsoft-Windows-WindowsUpdateClient","44","Windows Update comenzó a descargar una actualización."
"8/8/2025 10:41:20 p. m.","Información","Microsoft-Windows-WindowsUpdateClient","44","Windows Update comenzó a descargar una actualización."
"8/8/2025 10:41:20 p. m.","Información","Microsoft-Windows-WindowsUpdateClient","44","Windows Update comenzó a descargar una actualización."
"8/8/2025 10:41:11 p. m.","Información","nhi","9007","The driver entered RTD3.
 All the connected devices will be removed from driver's internal state, so it is expected that DeviceDisconnected events will happen."
"8/8/2025 10:41:09 p. m.","Información","Microsoft-Windows-Kernel-Power","566","La sesión del sistema ha cambiado de 33 a 34.

Motivo InputMouse 

BootId: 11"
"8/8/2025 10:41:06 p. m.","Información","nhi","9008","Driver exit RTD3.
 All the connected devices will now cause DeviceConnected events."
"8/8/2025 10:41:04 p. m.","Información","Microsoft-Windows-Kernel-Power","506","El sistema está entrando en el modo de espera moderno 

motivo: AC/DC Display Burst Suppressed. "
"8/8/2025 10:41:04 p. m.","Información","Microsoft-Windows-Kernel-Power","566","La sesión del sistema ha cambiado de 32 a 33.

Motivo InputMouse 

BootId: 11"
"8/8/2025 10:41:04 p. m.","Información","Microsoft-Windows-Kernel-Power","507","El sistema está saliendo del modo de espera moderno 

motivo: AC/DC Display Burst Suppressed. "
"8/8/2025 10:41:04 p. m.","Información","Microsoft-Windows-Kernel-Power","105","Cambio de fuente de energía."
"8/8/2025 10:41:04 p. m.","Información","Microsoft-Windows-Kernel-General","1","La hora del sistema ha cambiado a ‎2025‎-‎08‎-‎09T02:41:04.060130700Z de ‎2025‎-‎08‎-‎09T02:41:04.059814500Z.
Diferencia horaria: 0 ms

Motivo del cambio: An application or system component changed the time.
Proceso: '\Device\HarddiskVolume3\Windows\System32\svchost.exe' (PID 4560).

Hora de RTC: ‎2025‎-‎08‎-‎08T22:41:04.060130700Z
Diferencia de zona horaria actual: 240
hora RTC es UTC: false
La hora del sistema se basaba en la hora RTC: false"
"8/8/2025 10:41:04 p. m.","Error","Microsoft-Windows-HAL","21","No se estableció el reloj en tiempo real de hardware debido a un error en la evaluación del método de dispositivo de alarma y hora ACPI.  Estado: 0xC00000BB."
"8/8/2025 10:41:04 p. m.","Error","Microsoft-Windows-HAL","20","No se consultó el reloj en tiempo real de hardware debido a un error en la evaluación del método de dispositivo de alarma y hora ACPI.  Estado: 0xC00000BB."
"8/8/2025 10:41:04 p. m.","Información","Microsoft-Windows-Kernel-General","24","La información de zona horaria se actualizó con el motivo de salida 0. La diferencia de zona horaria actual es 240."
"8/8/2025 10:41:04 p. m.","Información","Microsoft-Windows-Kernel-Power","566","La sesión del sistema ha cambiado de 31 a 32.

Motivo PolicyChange 

BootId: 11"
"8/8/2025 10:41:03 p. m.","Advertencia","Win32k","700","Administrador de energía solicitó la supresión de todas las entradas (INPUT_SUPPRESS_REQUEST = 1)"
"8/8/2025 10:41:03 p. m.","Advertencia","Win32k","700","Administrador de energía solicitó la supresión de todas las entradas (INPUT_SUPPRESS_REQUEST = 1)"
"8/8/2025 10:41:03 p. m.","Información","Microsoft-Windows-Kernel-Power","506","El sistema está entrando en el modo de espera moderno 

motivo: Lid. "
"8/8/2025 10:41:03 p. m.","Información","Microsoft-Windows-Kernel-Power","566","La sesión del sistema ha cambiado de 30 a 31.

Motivo PolicyChange 

BootId: 11"
"8/8/2025 10:40:52 p. m.","Información","TPM","17","El hardware del Módulo de plataforma segura (TPM) no pudo ejecutar un comando de TPM."
"8/8/2025 10:40:52 p. m.","Información","TPM","17","El hardware del Módulo de plataforma segura (TPM) no pudo ejecutar un comando de TPM."
"8/8/2025 10:40:51 p. m.","Información","TPM","17","El hardware del Módulo de plataforma segura (TPM) no pudo ejecutar un comando de TPM."
"8/8/2025 10:40:50 p. m.","Información","Microsoft-Windows-IsolatedUserMode","5","Secure Trustlet NULL Id 0 and Pid 0 started with status STATUS_SUCCESS."
"8/8/2025 10:40:50 p. m.","Información","Microsoft-Windows-IsolatedUserMode","2","Secure Trustlet Id 0 and Pid 0 stopped with status STATUS_SUCCESS."
"8/8/2025 10:35:15 p. m.","Información","Microsoft-Windows-IsolatedUserMode","2","Secure Trustlet Id 6 and Pid 19252 stopped with status STATUS_SUCCESS."
"8/8/2025 10:33:24 p. m.","Información","Microsoft-Windows-Kernel-General","16","El historial de accesos en el subárbol \??\C:\Users\PCTIC-05\AppData\Local\Packages\Microsoft.ZuneMusic_8wekyb3d8bbwe\Settings\settings.dat se borró mediante la actualización de 1 claves y la creación de 1 páginas modificadas."
"8/8/2025 10:28:09 p. m.","Información","Microsoft-Windows-IsolatedUserMode","1","Secure Trustlet \??\C:\WINDOWS\System32\NgcIso.exe Id 6 and Pid 19252 started with status STATUS_SUCCESS."
"8/8/2025 10:28:09 p. m.","Información","Microsoft-Windows-IsolatedUserMode","5","Secure Trustlet NULL Id 0 and Pid 0 started with status STATUS_SUCCESS."
"8/8/2025 10:13:50 p. m.","Información","Microsoft-Windows-IsolatedUserMode","2","Secure Trustlet Id 6 and Pid 13972 stopped with status STATUS_SUCCESS."
"8/8/2025 10:06:45 p. m.","Información","TPM","17","El hardware del Módulo de plataforma segura (TPM) no pudo ejecutar un comando de TPM."
"8/8/2025 10:06:45 p. m.","Información","TPM","17","El hardware del Módulo de plataforma segura (TPM) no pudo ejecutar un comando de TPM."
"8/8/2025 10:06:44 p. m.","Información","Microsoft-Windows-IsolatedUserMode","1","Secure Trustlet \??\C:\WINDOWS\System32\NgcIso.exe Id 6 and Pid 13972 started with status STATUS_SUCCESS."
"8/8/2025 10:06:44 p. m.","Información","Microsoft-Windows-IsolatedUserMode","5","Secure Trustlet NULL Id 0 and Pid 0 started with status STATUS_SUCCESS."
"8/8/2025 10:06:43 p. m.","Información","TPM","17","El hardware del Módulo de plataforma segura (TPM) no pudo ejecutar un comando de TPM."
"8/8/2025 9:54:29 p. m.","Información","Microsoft-Windows-IsolatedUserMode","2","Secure Trustlet Id 6 and Pid 16572 stopped with status STATUS_SUCCESS."
"8/8/2025 9:52:54 p. m.","Información","TPM","17","El hardware del Módulo de plataforma segura (TPM) no pudo ejecutar un comando de TPM."
"8/8/2025 9:52:53 p. m.","Información","TPM","17","El hardware del Módulo de plataforma segura (TPM) no pudo ejecutar un comando de TPM."
"8/8/2025 9:52:53 p. m.","Información","TPM","17","El hardware del Módulo de plataforma segura (TPM) no pudo ejecutar un comando de TPM."
"8/8/2025 9:52:43 p. m.","Advertencia","Microsoft-Windows-DistributedCOM","10016","La configuración de permisos específico de la aplicación no concede el permiso Activación Local para la aplicación de servidor COM con CLSID 
{2593F8B9-4EAF-457C-B68A-50F6B8EA6B54}
 y APPID 
{15C20B67-12E7-4BB6-92BB-7AFF07997402}
 al usuario TICPC-05\PCTIC-05 con SID (S-1-5-21-72991934-2165796093-3938425774-1001) en la dirección LocalHost (con LRPC) que se ejecuta en el contenedor de aplicaciones con SID Clipchamp.Clipchamp_4.3.10120.0_x64__yxz26nhyzhsrt (No disponible). Este permiso de seguridad se puede modificar mediante la herramienta administrativa Servicios de componentes."
"8/8/2025 9:52:35 p. m.","Información","Microsoft-Windows-Kernel-General","16","El historial de accesos en el subárbol \??\C:\Users\PCTIC-05\AppData\Local\Packages\microsoft.windowscommunicationsapps_8wekyb3d8bbwe\Settings\settings.dat se borró mediante la actualización de 16 claves y la creación de 1 páginas modificadas."
"8/8/2025 9:47:50 p. m.","Información","Microsoft-Windows-Kernel-General","16","El historial de accesos en el subárbol \??\C:\Users\PCTIC-05\AppData\Local\Packages\Microsoft.Windows.CloudExperienceHost_cw5n1h2txyewy\Settings\settings.dat se borró mediante la actualización de 3 claves y la creación de 1 páginas modificadas."
"8/8/2025 9:47:28 p. m.","Información","Microsoft-Windows-IsolatedUserMode","1","Secure Trustlet \??\C:\WINDOWS\System32\NgcIso.exe Id 6 and Pid 16572 started with status STATUS_SUCCESS."
"8/8/2025 9:47:28 p. m.","Información","Microsoft-Windows-IsolatedUserMode","5","Secure Trustlet NULL Id 0 and Pid 0 started with status STATUS_SUCCESS."
"8/8/2025 9:46:47 p. m.","Información","Microsoft-Windows-IsolatedUserMode","2","Secure Trustlet Id 6 and Pid 1956 stopped with status STATUS_SUCCESS."
"8/8/2025 9:30:38 p. m.","Información","Microsoft-Windows-IsolatedUserMode","1","Secure Trustlet \??\C:\WINDOWS\System32\NgcIso.exe Id 6 and Pid 1956 started with status STATUS_SUCCESS."
"8/8/2025 9:30:38 p. m.","Información","Microsoft-Windows-IsolatedUserMode","5","Secure Trustlet NULL Id 0 and Pid 0 started with status STATUS_SUCCESS."
"8/8/2025 9:30:38 p. m.","Información","TPM","17","El hardware del Módulo de plataforma segura (TPM) no pudo ejecutar un comando de TPM."
"8/8/2025 9:16:40 p. m.","Información","Microsoft-Windows-IsolatedUserMode","2","Secure Trustlet Id 6 and Pid 18548 stopped with status STATUS_SUCCESS."
"8/8/2025 9:09:01 p. m.","Información","Microsoft-Windows-IsolatedUserMode","1","Secure Trustlet \??\C:\WINDOWS\System32\NgcIso.exe Id 6 and Pid 18548 started with status STATUS_SUCCESS."
"8/8/2025 9:09:01 p. m.","Información","Microsoft-Windows-IsolatedUserMode","5","Secure Trustlet NULL Id 0 and Pid 0 started with status STATUS_SUCCESS."
"8/8/2025 8:50:26 p. m.","Información","Microsoft-Windows-IsolatedUserMode","2","Secure Trustlet Id 6 and Pid 10828 stopped with status STATUS_SUCCESS."
"8/8/2025 8:43:21 p. m.","Información","TPM","17","El hardware del Módulo de plataforma segura (TPM) no pudo ejecutar un comando de TPM."
"8/8/2025 8:43:21 p. m.","Información","TPM","17","El hardware del Módulo de plataforma segura (TPM) no pudo ejecutar un comando de TPM."
"8/8/2025 8:43:20 p. m.","Información","TPM","17","El hardware del Módulo de plataforma segura (TPM) no pudo ejecutar un comando de TPM."
"8/8/2025 8:41:32 p. m.","Información","Microsoft-Windows-Kernel-Power","105","Cambio de fuente de energía."
"8/8/2025 8:32:26 p. m.","Información","TPM","17","El hardware del Módulo de plataforma segura (TPM) no pudo ejecutar un comando de TPM."
"8/8/2025 8:32:24 p. m.","Información","Microsoft-Windows-IsolatedUserMode","1","Secure Trustlet \??\C:\WINDOWS\System32\NgcIso.exe Id 6 and Pid 10828 started with status STATUS_SUCCESS."
"8/8/2025 8:32:24 p. m.","Información","Microsoft-Windows-IsolatedUserMode","5","Secure Trustlet NULL Id 0 and Pid 0 started with status STATUS_SUCCESS."
"8/8/2025 8:32:24 p. m.","Información","TPM","17","El hardware del Módulo de plataforma segura (TPM) no pudo ejecutar un comando de TPM."
"8/8/2025 8:01:38 p. m.","Información","Microsoft-Windows-IsolatedUserMode","2","Secure Trustlet Id 6 and Pid 10460 stopped with status STATUS_SUCCESS."
"8/8/2025 7:53:38 p. m.","Información","Microsoft-Windows-IsolatedUserMode","1","Secure Trustlet \??\C:\WINDOWS\System32\NgcIso.exe Id 6 and Pid 10460 started with status STATUS_SUCCESS."
"8/8/2025 7:53:38 p. m.","Información","Microsoft-Windows-IsolatedUserMode","5","Secure Trustlet NULL Id 0 and Pid 0 started with status STATUS_SUCCESS."
"8/8/2025 7:22:36 p. m.","Información","Microsoft-Windows-Kernel-Power","105","Cambio de fuente de energía."
"8/8/2025 6:40:20 p. m.","Información","TPM","17","El hardware del Módulo de plataforma segura (TPM) no pudo ejecutar un comando de TPM."
"8/8/2025 6:40:19 p. m.","Información","TPM","17","El hardware del Módulo de plataforma segura (TPM) no pudo ejecutar un comando de TPM."
"8/8/2025 6:36:28 p. m.","Información","Microsoft-Windows-Kernel-Power","105","Cambio de fuente de energía."
"8/8/2025 6:36:18 p. m.","Información","nhi","9007","The driver entered RTD3.
 All the connected devices will be removed from driver's internal state, so it is expected that DeviceDisconnected events will happen."
"8/8/2025 6:36:12 p. m.","Información","nhi","9008","Driver exit RTD3.
 All the connected devices will now cause DeviceConnected events."
"8/8/2025 6:04:15 p. m.","Información","Microsoft-Windows-Kernel-General","16","El historial de accesos en el subárbol \??\C:\ProgramData\Packages\Microsoft.ScreenSketch_8wekyb3d8bbwe\S-1-5-21-72991934-2165796093-3938425774-1001\SystemAppData\Helium\Cache\268430146466f08_COM15.dat se borró mediante la actualización de 1 claves y la creación de 1 páginas modificadas."
"8/8/2025 6:04:15 p. m.","Información","Microsoft-Windows-Kernel-General","16","El historial de accesos en el subárbol \??\C:\Users\PCTIC-05\AppData\Local\Packages\Microsoft.ScreenSketch_8wekyb3d8bbwe\SystemAppData\Helium\UserClasses.dat se borró mediante la actualización de 9 claves y la creación de 3 páginas modificadas."
"8/8/2025 6:04:15 p. m.","Información","Microsoft-Windows-Kernel-General","16","El historial de accesos en el subárbol \??\C:\Users\PCTIC-05\AppData\Local\Packages\Microsoft.ScreenSketch_8wekyb3d8bbwe\SystemAppData\Helium\User.dat se borró mediante la actualización de 7 claves y la creación de 1 páginas modificadas."
"8/8/2025 5:14:21 p. m.","Información","Microsoft-Windows-Kernel-Power","105","Cambio de fuente de energía."
"8/8/2025 4:39:23 p. m.","Advertencia","Microsoft-Windows-DistributedCOM","10016","La configuración de permisos específico de la aplicación no concede el permiso Activación Local para la aplicación de servidor COM con CLSID 
{2593F8B9-4EAF-457C-B68A-50F6B8EA6B54}
 y APPID 
{15C20B67-12E7-4BB6-92BB-7AFF07997402}
 al usuario TICPC-05\PCTIC-05 con SID (S-1-5-21-72991934-2165796093-3938425774-1001) en la dirección LocalHost (con LRPC) que se ejecuta en el contenedor de aplicaciones con SID No disponible (No disponible). Este permiso de seguridad se puede modificar mediante la herramienta administrativa Servicios de componentes."
"8/8/2025 4:11:44 p. m.","Información","Microsoft-Windows-IsolatedUserMode","2","Secure Trustlet Id 6 and Pid 18716 stopped with status STATUS_SUCCESS."
"8/8/2025 4:04:09 p. m.","Información","Microsoft-Windows-IsolatedUserMode","1","Secure Trustlet \??\C:\WINDOWS\System32\NgcIso.exe Id 6 and Pid 18716 started with status STATUS_SUCCESS."
"8/8/2025 4:04:09 p. m.","Información","Microsoft-Windows-IsolatedUserMode","5","Secure Trustlet NULL Id 0 and Pid 0 started with status STATUS_SUCCESS."
"8/8/2025 4:03:23 p. m.","Información","Microsoft-Windows-Kernel-Power","105","Cambio de fuente de energía."
"8/8/2025 3:46:37 p. m.","Información","Microsoft-Windows-IsolatedUserMode","2","Secure Trustlet Id 6 and Pid 20832 stopped with status STATUS_SUCCESS."
"8/8/2025 3:38:54 p. m.","Información","Microsoft-Windows-IsolatedUserMode","1","Secure Trustlet \??\C:\WINDOWS\System32\NgcIso.exe Id 6 and Pid 20832 started with status STATUS_SUCCESS."
"8/8/2025 3:38:54 p. m.","Información","Microsoft-Windows-IsolatedUserMode","5","Secure Trustlet NULL Id 0 and Pid 0 started with status STATUS_SUCCESS."
"8/8/2025 2:59:37 p. m.","Información","Microsoft-Windows-IsolatedUserMode","2","Secure Trustlet Id 6 and Pid 10428 stopped with status STATUS_SUCCESS."
"8/8/2025 2:51:39 p. m.","Información","Microsoft-Windows-IsolatedUserMode","1","Secure Trustlet \??\C:\WINDOWS\System32\NgcIso.exe Id 6 and Pid 10428 started with status STATUS_SUCCESS."
"8/8/2025 2:51:39 p. m.","Información","Microsoft-Windows-IsolatedUserMode","5","Secure Trustlet NULL Id 0 and Pid 0 started with status STATUS_SUCCESS."
"8/8/2025 2:28:39 p. m.","Información","TPM","17","El hardware del Módulo de plataforma segura (TPM) no pudo ejecutar un comando de TPM."
"8/8/2025 2:28:39 p. m.","Información","TPM","17","El hardware del Módulo de plataforma segura (TPM) no pudo ejecutar un comando de TPM."
"8/8/2025 2:28:38 p. m.","Información","TPM","17","El hardware del Módulo de plataforma segura (TPM) no pudo ejecutar un comando de TPM."
"8/8/2025 2:28:37 p. m.","Información","Microsoft-Windows-IsolatedUserMode","5","Secure Trustlet NULL Id 0 and Pid 0 started with status STATUS_SUCCESS."
"8/8/2025 2:28:36 p. m.","Información","Microsoft-Windows-IsolatedUserMode","2","Secure Trustlet Id 0 and Pid 0 stopped with status STATUS_SUCCESS."
"8/8/2025 1:53:12 p. m.","Error","Microsoft-Windows-WindowsUpdateClient","20","Error de instalación: error de Windows al instalar la siguiente actualización, error 0x80073D02: 9NMPJ99VJBWV-Microsoft.YourPhone."
"8/8/2025 1:53:11 p. m.","Información","Microsoft-Windows-WindowsUpdateClient","43","Instalación iniciada: Windows comenzó a instalar la actualización siguiente: 9NMPJ99VJBWV-Microsoft.YourPhone"
"8/8/2025 1:53:07 p. m.","Información","Microsoft-Windows-Kernel-General","16","El historial de accesos en el subárbol \??\C:\ProgramData\Microsoft\Windows\AppRepository\Packages\Microsoft.YourPhone_1.25071.54.0_x64__8wekyb3d8bbwe\ActivationStore.dat se borró mediante la actualización de 0 claves y la creación de 0 páginas modificadas."
"8/8/2025 1:52:50 p. m.","Error","Microsoft-Windows-WindowsUpdateClient","20","Error de instalación: error de Windows al instalar la siguiente actualización, error 0x80073D02: 9NTXGKQ8P7N0-MicrosoftWindows.CrossDevice."
"8/8/2025 1:52:49 p. m.","Información","Microsoft-Windows-WindowsUpdateClient","43","Instalación iniciada: Windows comenzó a instalar la actualización siguiente: 9NTXGKQ8P7N0-MicrosoftWindows.CrossDevice"
"8/8/2025 1:52:46 p. m.","Información","Microsoft-Windows-Kernel-General","16","El historial de accesos en el subárbol \??\C:\ProgramData\Microsoft\Windows\AppRepository\Packages\MicrosoftWindows.CrossDevice_1.25071.33.0_x64__cw5n1h2txyewy\ActivationStore.dat se borró mediante la actualización de 0 claves y la creación de 0 páginas modificadas."
"8/8/2025 1:51:21 p. m.","Información","Microsoft-Windows-WindowsUpdateClient","44","Windows Update comenzó a descargar una actualización."
"8/8/2025 1:51:21 p. m.","Información","Microsoft-Windows-WindowsUpdateClient","44","Windows Update comenzó a descargar una actualización."
"8/8/2025 1:51:21 p. m.","Información","Microsoft-Windows-WindowsUpdateClient","44","Windows Update comenzó a descargar una actualización."
"8/8/2025 1:51:06 p. m.","Información","Microsoft-Windows-WindowsUpdateClient","19","Instalación correcta: Windows instaló correctamente la siguiente actualización: Actualización de inteligencia de seguridad para Microsoft Defender Antivirus - KB2267602 (versión 1.435.61.0) - Canal actual (ampliado)"
"8/8/2025 1:50:55 p. m.","Información","Microsoft-Windows-WindowsUpdateClient","43","Instalación iniciada: Windows comenzó a instalar la actualización siguiente: Actualización de inteligencia de seguridad para Microsoft Defender Antivirus - KB2267602 (versión 1.435.61.0) - Canal actual (ampliado)"
"8/8/2025 1:50:52 p. m.","Información","Microsoft-Windows-WindowsUpdateClient","44","Windows Update comenzó a descargar una actualización."
"8/8/2025 1:34:51 p. m.","Información","Microsoft-Windows-Kernel-General","16","El historial de accesos en el subárbol \??\C:\ProgramData\Packages\Microsoft.XboxGamingOverlay_8wekyb3d8bbwe\S-1-5-21-72991934-2165796093-3938425774-1001\SystemAppData\Helium\Cache\97376a2aa1be2ae2_COM15.dat se borró mediante la actualización de 1 claves y la creación de 1 páginas modificadas."
"8/8/2025 1:30:13 p. m.","Información","Microsoft-Windows-Kernel-General","16","El historial de accesos en el subárbol \??\C:\Users\PCTIC-05\AppData\Local\Packages\Microsoft.WindowsNotepad_8wekyb3d8bbwe\Settings\settings.dat se borró mediante la actualización de 2 claves y la creación de 1 páginas modificadas."
"8/8/2025 1:29:46 p. m.","Información","Microsoft-Windows-Kernel-General","16","El historial de accesos en el subárbol \SystemRoot\System32\config\DRIVERS se borró mediante la actualización de 38247 claves y la creación de 1795 páginas modificadas."
"8/8/2025 1:28:58 p. m.","Información","Microsoft-Windows-Time-Service","37","El proveedor de hora NtpClient está recibiendo datos de hora  válidos desde time.windows.com,0x9 (ntp.m|0x9|0.0.0.0:123->40.119.6.228:123)."
"8/8/2025 1:28:49 p. m.","Advertencia","Microsoft-Windows-DNS-Client","1014","La resolución de nombres para el nombre login.microsoftonline.com agotó el tiempo de espera después de que ninguno de los servidores DNS configurados respondiera. PID de cliente 9500."
"8/8/2025 1:28:42 p. m.","Advertencia","Netwtw10","6062","6062 - Lso was triggered"
"8/8/2025 1:28:40 p. m.","Información","nhi","9007","The driver entered RTD3.
 All the connected devices will be removed from driver's internal state, so it is expected that DeviceDisconnected events will happen."
"8/8/2025 1:28:39 p. m.","Información","Microsoft-Windows-TPM-WMI","1038","Las comprobaciones de estado de la atestación previa confirman que se espera que el dispositivo supere la atestación.
 Consulte C:\WINDOWS\Logs\MeasuredBoot\0000000032-0000000003.json para obtener información detallada sobre las comprobaciones realizadas."
"8/8/2025 1:28:39 p. m.","Información","Microsoft-Windows-TPM-WMI","1041","Información detallada sobre la comprobación del estado de la atestación previa: {""Version"":1,""HealthStatus"":""Attestable"",""Required"":[{""Field"":""TpmPresent"",""Value"":true,""DesiredValue"":true},{""Field"":""TpmMeetsMinimumVersion"",""Value"":true,""DesiredValue"":true},{""Field"":""TpmIsResponsive"",""Value"":true,""DesiredValue"":true},{""Field"":""EkCertIsAvailable"",""Value"":true,""DesiredValue"":true},{""Field"":""TcgLogFound"",""Value"":true,""DesiredValue"":true}],""Expected"":[{""Field"":""PcrsMatchTcgLog"",""Value"":true,""DesiredValue"":true}],""Informational"":[{""Field"":""SecureBootEnabled"",""ValueFromComputer"":true,""ValueFromTcgLog"":true,""DesiredValue"":true,""TcgValueIsVerifiable"":true},{""Field"":""VirtualSecureMemory"",""ValueFromComputer"":false,""ValueFromTcgLog"":false,""DesiredValue"":true,""TcgValueIsVerifiable"":true},{""Field"":""SecureCorePCCompliant"",""ValueFromComputer"":false,""ValueFromTcgLog"":false,""DesiredValue"":true,""TcgValueIsVerifiable"":true}]}"
"8/8/2025 1:28:37 p. m.","Advertencia","rt640x64","1","Realtek PCIe GbE Family Controller is disconnected from network."
"8/8/2025 1:28:37 p. m.","Información","Netwtw10","7021","7021 - Connection telemetry fields and analysis usage"
"8/8/2025 1:28:37 p. m.","Información","Microsoft-Windows-Power-Troubleshooter","1","El sistema estaba en un estado de baja energía y se reanudó.

Hora de suspensión: ‎2025‎-‎08‎-‎08T11:44:03.611737200Z
Hora de reactivación: ‎2025‎-‎08‎-‎08T17:28:35.425567100Z

Origen de la reactivación: Unknown"
"8/8/2025 1:28:36 p. m.","Advertencia","Microsoft-Windows-Time-Service","134","NtpClient no pudo establecer un sistema del mismo nivel manual para usar como origen de la hora debido a un error de resolución de DNS en 'time.windows.com,0x9'. NtpClient lo intentará de nuevo dentro de 15 minutos y doblará el intervalo de reintento en adelante. Error: Host desconocido. (0x80072AF9)"
"8/8/2025 1:28:35 p. m.","Información","Microsoft-Windows-Kernel-Power","566","La sesión del sistema ha cambiado de 28 a 30.

Motivo PolicyChange 

BootId: 11"
"8/8/2025 1:28:35 p. m.","Información","Microsoft-Windows-Kernel-Power","507","El sistema está saliendo del modo de espera moderno 

motivo: Lid. "
"8/8/2025 1:28:35 p. m.","Información","Microsoft-Windows-Kernel-Power","506","El sistema está entrando en el modo de espera moderno 

motivo: Sleep, Hibernate, or Shutdown. "
"8/8/2025 1:28:35 p. m.","Información","Microsoft-Windows-Kernel-Power","566","La sesión del sistema ha cambiado de 27 a 28.

Motivo SxTransition 

BootId: 11"
"8/8/2025 1:28:35 p. m.","Información","Microsoft-Windows-Kernel-Boot","247","No se puede cargar el firmware de Pluton-Windows. StatusCode: STATUS_SUCCESS, Motivo: Failed to apply firmware."
"8/8/2025 1:28:35 p. m.","Información","Microsoft-Windows-Kernel-Boot","27","El tipo de arranque fue 0x2."
"8/8/2025 1:28:35 p. m.","Información","Microsoft-Windows-Kernel-Boot","25","La directiva del menú de arranque fue 0x0."
"8/8/2025 1:28:35 p. m.","Información","Microsoft-Windows-Kernel-Boot","32","Bootmgr esperó la entrada del usuario durante 0 ms."
"8/8/2025 1:28:35 p. m.","Información","Microsoft-Windows-Kernel-Boot","18","Existen 0x1 opciones de arranque en este sistema."
"8/8/2025 1:28:35 p. m.","Información","Microsoft-Windows-Kernel-Boot","30","El firmware notificó métricas de arranque."
"8/8/2025 1:28:35 p. m.","Información","Intel-SST-OED","28","Loaded DSP FW library: \??\C:\WINDOWS\System32\DriverStore\FileRepository\intcoed_oemlibpath.inf_amd64_69401f7e35684734\tgl_maxx_audio_pro.bin, status = STATUS_SUCCESS."
"8/8/2025 1:28:35 p. m.","Error","Microsoft-Windows-NDIS","10317","Minipuerto Microsoft Wi-Fi Direct Virtual Adapter #2, {79f38f0f-3b2e-4931-b16b-3a5d8eb7dab9}, tuvo el evento Fatal error: The miniport has failed a power transition to operational power"
"8/8/2025 1:28:35 p. m.","Información","Intel-SST-OED","28","Loaded DSP FW library: Libs\dsp_lib_whm_tgl_release.bin, status = STATUS_SUCCESS."
"8/8/2025 1:28:35 p. m.","Información","Intel-SST-OED","28","Loaded DSP FW library: Libs\dsp_lib_intel_wov_tgl_release.bin, status = STATUS_SUCCESS."
"8/8/2025 1:28:35 p. m.","Información","Netwtw10","7023","7023 - secure boot debug logging Quasar"
"8/8/2025 1:28:34 p. m.","Información","WiManH","2",
"8/8/2025 1:28:34 p. m.","Advertencia","TPM","30","El recuento de restablecimiento y/o reanudación no coinciden con los valores esperados después de hibernar o reanudar."
"8/8/2025 1:28:34 p. m.","Información","Netwtw10","7025","7025 - Dump after return from D3 before cmd "
"8/8/2025 1:28:34 p. m.","Advertencia","Win32k","701","Administrador de energía no solicitó la supresión de todas las entradas (INPUT_SUPPRESS_REQUEST = 0)"
"8/8/2025 1:28:34 p. m.","Advertencia","Win32k","701","Administrador de energía no solicitó la supresión de todas las entradas (INPUT_SUPPRESS_REQUEST = 0)"
"8/8/2025 1:28:34 p. m.","Información","Microsoft-Windows-Kernel-General","1","La hora del sistema ha cambiado a ‎2025‎-‎08‎-‎08T17:28:34.500000000Z de ‎2025‎-‎08‎-‎08T11:44:11.350547000Z.
Diferencia horaria: 20663149 ms

Motivo del cambio: System time synchronized with the hardware clock.
Proceso: '' (PID 4).

Hora de RTC: ‎2025‎-‎08‎-‎08T13:28:34.500000000Z
Diferencia de zona horaria actual: 240
hora RTC es UTC: false
La hora del sistema se basaba en la hora RTC: false"
"8/8/2025 7:44:11 a. m.","Información","Microsoft-Windows-Kernel-Power","107","El sistema se reanudó del estado de suspensión."
"8/8/2025 1:28:35 p. m.","Información","EventLog","6013","El tiempo límite del sistema es de 221363 segundos."
"8/8/2025 7:44:05 a. m.","Advertencia","Netwtw10","6062","6062 - Lso was triggered"
"8/8/2025 7:44:05 a. m.","Información","Microsoft-Windows-Kernel-Power","42","El sistema está entrando en suspensión.

Motivo de la suspensión: Hibernate from Sleep - Standby Battery Budget Exceeded"
"8/8/2025 7:44:05 a. m.","Información","Microsoft-Windows-Kernel-Power","40","El controlador \Driver\ACPI del dispositivo  detuvo la transición de energía."
"8/8/2025 7:44:04 a. m.","Información","nhi","9008","Driver exit RTD3.
 All the connected devices will now cause DeviceConnected events."
"8/8/2025 7:44:04 a. m.","Información","Netwtw10","7021","7021 - Connection telemetry fields and analysis usage"
"8/8/2025 7:44:03 a. m.","Información","Microsoft-Windows-Kernel-Power","566","La sesión del sistema ha cambiado de 26 a 27.

Motivo SxTransition 

BootId: 11"
"8/8/2025 7:44:03 a. m.","Información","Microsoft-Windows-Kernel-Power","507","El sistema está saliendo del modo de espera moderno 

motivo: Sleep, Hibernate, or Shutdown. "
"8/8/2025 7:44:03 a. m.","Información","Microsoft-Windows-Kernel-Power","172","Estado de conectividad en modo de espera: Connected. Motivo: None"
"8/8/2025 7:44:03 a. m.","Información","Netwtw10","7026","7026 - Dump after return from D3 after cmd"
"8/8/2025 7:44:03 a. m.","Información","Netwtw10","7025","7025 - Dump after return from D3 before cmd "
"8/8/2025 6:02:02 a. m.","Información","Microsoft-Windows-Kernel-Power","172","Estado de conectividad en modo de espera: Disconnected. Motivo: Policy Setting"
"8/8/2025 6:01:55 a. m.","Información","Microsoft-Windows-Kernel-Power","566","La sesión del sistema ha cambiado de 25 a 26.

Motivo 55 

BootId: 11"
"8/8/2025 6:01:49 a. m.","Información","Microsoft-Windows-Kernel-Power","506","El sistema está entrando en el modo de espera moderno 

motivo: Austerity Battery Drain Budget Exceeded. "
"8/8/2025 6:01:49 a. m.","Información","Microsoft-Windows-Kernel-Power","566","La sesión del sistema ha cambiado de 24 a 25.

Motivo 55 

BootId: 11"
"8/8/2025 6:01:49 a. m.","Información","Microsoft-Windows-Kernel-Power","507","El sistema está saliendo del modo de espera moderno 

motivo: Austerity Battery Drain Budget Exceeded. "
"8/8/2025 6:01:49 a. m.","Información","Microsoft-Windows-Kernel-Power","172","Estado de conectividad en modo de espera: Connected. Motivo: None"
"8/8/2025 6:01:49 a. m.","Información","Netwtw10","7026","7026 - Dump after return from D3 after cmd"
"8/8/2025 6:01:49 a. m.","Información","Netwtw10","7025","7025 - Dump after return from D3 before cmd "
"8/8/2025 5:35:16 a. m.","Información","Microsoft-Windows-Kernel-Power","172","Estado de conectividad en modo de espera: Disconnected. Motivo: Adaptive Connected Standby"
"8/8/2025 5:35:08 a. m.","Información","Microsoft-Windows-Kernel-General","1","La hora del sistema ha cambiado a ‎2025‎-‎08‎-‎08T09:35:08.761386900Z de ‎2025‎-‎08‎-‎08T09:35:08.760560800Z.
Diferencia horaria: 0 ms

Motivo del cambio: An application or system component changed the time.
Proceso: '\Device\HarddiskVolume3\Windows\System32\svchost.exe' (PID 4560).

Hora de RTC: ‎2025‎-‎08‎-‎08T05:35:08.761386900Z
Diferencia de zona horaria actual: 240
hora RTC es UTC: false
La hora del sistema se basaba en la hora RTC: false"
"8/8/2025 5:35:08 a. m.","Error","Microsoft-Windows-HAL","21","No se estableció el reloj en tiempo real de hardware debido a un error en la evaluación del método de dispositivo de alarma y hora ACPI.  Estado: 0xC00000BB."
"8/8/2025 5:35:08 a. m.","Error","Microsoft-Windows-HAL","20","No se consultó el reloj en tiempo real de hardware debido a un error en la evaluación del método de dispositivo de alarma y hora ACPI.  Estado: 0xC00000BB."
"8/8/2025 5:35:08 a. m.","Información","Microsoft-Windows-Kernel-General","24","La información de zona horaria se actualizó con el motivo de salida 0. La diferencia de zona horaria actual es 240."
"8/8/2025 5:35:08 a. m.","Información","Microsoft-Windows-Kernel-Power","566","La sesión del sistema ha cambiado de 23 a 24.

Motivo PolicyChange 

BootId: 11"
"8/8/2025 5:35:08 a. m.","Advertencia","Win32k","700","Administrador de energía solicitó la supresión de todas las entradas (INPUT_SUPPRESS_REQUEST = 1)"
"8/8/2025 5:35:08 a. m.","Advertencia","Win32k","700","Administrador de energía solicitó la supresión de todas las entradas (INPUT_SUPPRESS_REQUEST = 1)"
"8/8/2025 5:35:08 a. m.","Información","Microsoft-Windows-Kernel-Power","506","El sistema está entrando en el modo de espera moderno 

motivo: Lid. "
"8/8/2025 5:35:08 a. m.","Información","Microsoft-Windows-Kernel-Power","566","La sesión del sistema ha cambiado de 22 a 23.

Motivo PolicyChange 

BootId: 11"
"8/8/2025 5:07:54 a. m.","Información","Microsoft-Windows-Kernel-Power","105","Cambio de fuente de energía."
"8/8/2025 5:03:30 a. m.","Información","TPM","17","El hardware del Módulo de plataforma segura (TPM) no pudo ejecutar un comando de TPM."
"8/8/2025 5:03:30 a. m.","Información","TPM","17","El hardware del Módulo de plataforma segura (TPM) no pudo ejecutar un comando de TPM."
"8/8/2025 5:03:29 a. m.","Información","TPM","17","El hardware del Módulo de plataforma segura (TPM) no pudo ejecutar un comando de TPM."
"8/8/2025 5:03:28 a. m.","Información","Microsoft-Windows-IsolatedUserMode","5","Secure Trustlet NULL Id 0 and Pid 0 started with status STATUS_SUCCESS."
"8/8/2025 5:03:28 a. m.","Información","Microsoft-Windows-IsolatedUserMode","2","Secure Trustlet Id 0 and Pid 0 stopped with status STATUS_SUCCESS."
"8/8/2025 4:39:18 a. m.","Información","Microsoft-Windows-IsolatedUserMode","2","Secure Trustlet Id 6 and Pid 4336 stopped with status STATUS_SUCCESS."
"8/8/2025 4:31:18 a. m.","Información","Microsoft-Windows-IsolatedUserMode","1","Secure Trustlet \??\C:\WINDOWS\System32\NgcIso.exe Id 6 and Pid 4336 started with status STATUS_SUCCESS."
"8/8/2025 4:31:18 a. m.","Información","Microsoft-Windows-IsolatedUserMode","5","Secure Trustlet NULL Id 0 and Pid 0 started with status STATUS_SUCCESS."
"8/8/2025 4:18:26 a. m.","Información","Microsoft-Windows-Time-Service","37","El proveedor de hora NtpClient está recibiendo datos de hora  válidos desde time.windows.com,0x9 (ntp.m|0x9|0.0.0.0:123->40.119.6.228:123)."
"8/8/2025 3:41:53 a. m.","Información","Microsoft-Windows-IsolatedUserMode","5","Secure Trustlet NULL Id 0 and Pid 0 started with status STATUS_SUCCESS."
"8/8/2025 3:41:53 a. m.","Información","Microsoft-Windows-IsolatedUserMode","2","Secure Trustlet Id 0 and Pid 0 stopped with status STATUS_SUCCESS."
"8/8/2025 3:05:12 a. m.","Advertencia","Microsoft-Windows-DistributedCOM","10016","La configuración de permisos específico de la aplicación no concede el permiso Activación Local para la aplicación de servidor COM con CLSID 
{2593F8B9-4EAF-457C-B68A-50F6B8EA6B54}
 y APPID 
{15C20B67-12E7-4BB6-92BB-7AFF07997402}
 al usuario TICPC-05\PCTIC-05 con SID (S-1-5-21-72991934-2165796093-3938425774-1001) en la dirección LocalHost (con LRPC) que se ejecuta en el contenedor de aplicaciones con SID No disponible (No disponible). Este permiso de seguridad se puede modificar mediante la herramienta administrativa Servicios de componentes."
"8/8/2025 2:12:10 a. m.","Información","Microsoft-Windows-IsolatedUserMode","5","Secure Trustlet NULL Id 0 and Pid 0 started with status STATUS_SUCCESS."
"8/8/2025 2:12:10 a. m.","Información","Microsoft-Windows-IsolatedUserMode","2","Secure Trustlet Id 0 and Pid 0 stopped with status STATUS_SUCCESS."
"8/8/2025 1:37:29 a. m.","Información","Microsoft-Windows-Kernel-Power","105","Cambio de fuente de energía."
"8/8/2025 1:24:47 a. m.","Información","Microsoft-Windows-Kernel-General","16","El historial de accesos en el subárbol \??\C:\Users\PCTIC-05\AppData\Local\Packages\Microsoft.AAD.BrokerPlugin_cw5n1h2txyewy\Settings\settings.dat se borró mediante la actualización de 28 claves y la creación de 2 páginas modificadas."
"8/8/2025 1:24:46 a. m.","Información","Microsoft-Windows-Kernel-General","16","El historial de accesos en el subárbol \??\C:\Users\PCTIC-05\AppData\Local\Packages\Microsoft.Windows.ContentDeliveryManager_cw5n1h2txyewy\Settings\settings.dat se borró mediante la actualización de 664 claves y la creación de 44 páginas modificadas."
"8/8/2025 12:43:21 a. m.","Información","Service Control Manager","7040","El tipo de inicio del servicio Servicio de transferencia inteligente en segundo plano (BITS) se cambió de inicio por solicitud a inicio automático."
"7/8/2025 11:34:48 p. m.","Información","Microsoft-Windows-IsolatedUserMode","2","Secure Trustlet Id 6 and Pid 1172 stopped with status STATUS_SUCCESS."
"7/8/2025 11:23:06 p. m.","Información","Microsoft-Windows-IsolatedUserMode","1","Secure Trustlet \??\C:\WINDOWS\System32\NgcIso.exe Id 6 and Pid 1172 started with status STATUS_SUCCESS."
"7/8/2025 11:23:06 p. m.","Información","Microsoft-Windows-IsolatedUserMode","5","Secure Trustlet NULL Id 0 and Pid 0 started with status STATUS_SUCCESS."
"7/8/2025 10:44:04 p. m.","Información","Microsoft-Windows-Kernel-Power","105","Cambio de fuente de energía."
"7/8/2025 9:13:36 p. m.","Información","Service Control Manager","7040","El tipo de inicio del servicio Servicio de transferencia inteligente en segundo plano (BITS) se cambió de inicio automático a inicio por solicitud."
"7/8/2025 9:10:35 p. m.","Información","Service Control Manager","7040","El tipo de inicio del servicio Servicio de transferencia inteligente en segundo plano (BITS) se cambió de inicio por solicitud a inicio automático."
