"16/8/2025 10:21:33 p. m.","Información","Microsoft-Windows-Kernel-Power","566","La sesión del sistema ha cambiado de 5 a 6.

Motivo PolicyChange 

BootId: 15"
"16/8/2025 10:20:17 p. m.","Información","TPM","17","El hardware del Módulo de plataforma segura (TPM) no pudo ejecutar un comando de TPM."
"16/8/2025 10:20:17 p. m.","Información","TPM","17","El hardware del Módulo de plataforma segura (TPM) no pudo ejecutar un comando de TPM."
"16/8/2025 10:20:17 p. m.","Información","TPM","17","El hardware del Módulo de plataforma segura (TPM) no pudo ejecutar un comando de TPM."
"16/8/2025 10:20:16 p. m.","Información","Microsoft-Windows-IsolatedUserMode","5","Secure Trustlet NULL Id 0 and Pid 0 started with status STATUS_SUCCESS."
"16/8/2025 10:20:16 p. m.","Información","Microsoft-Windows-IsolatedUserMode","2","Secure Trustlet Id 0 and Pid 0 stopped with status STATUS_SUCCESS."
"16/8/2025 10:08:55 p. m.","Advertencia","Microsoft-Windows-DistributedCOM","10016","La configuración de permisos específico de la aplicación no concede el permiso Activación Local para la aplicación de servidor COM con CLSID 
{2593F8B9-4EAF-457C-B68A-50F6B8EA6B54}
 y APPID 
{15C20B67-12E7-4BB6-92BB-7AFF07997402}
 al usuario TICPC-05\PCTIC-05 con SID (S-1-5-21-72991934-2165796093-3938425774-1001) en la dirección LocalHost (con LRPC) que se ejecuta en el contenedor de aplicaciones con SID Clipchamp.Clipchamp_4.3.10120.0_x64__yxz26nhyzhsrt (No disponible). Este permiso de seguridad se puede modificar mediante la herramienta administrativa Servicios de componentes."
"16/8/2025 10:06:12 p. m.","Información","Microsoft-Windows-IsolatedUserMode","5","Secure Trustlet NULL Id 0 and Pid 0 started with status STATUS_SUCCESS."
"16/8/2025 10:06:11 p. m.","Información","Microsoft-Windows-IsolatedUserMode","2","Secure Trustlet Id 0 and Pid 0 stopped with status STATUS_SUCCESS."
"16/8/2025 10:05:51 p. m.","Información","Microsoft-Windows-IsolatedUserMode","5","Secure Trustlet NULL Id 0 and Pid 0 started with status STATUS_SUCCESS."
"16/8/2025 10:05:51 p. m.","Información","Microsoft-Windows-IsolatedUserMode","2","Secure Trustlet Id 0 and Pid 0 stopped with status STATUS_SUCCESS."
"16/8/2025 9:51:13 p. m.","Información","Microsoft-Windows-Kernel-General","16","El historial de accesos en el subárbol \??\C:\Users\PCTIC-05\AppData\Local\Packages\Microsoft.ZuneMusic_8wekyb3d8bbwe\Settings\settings.dat se borró mediante la actualización de 2 claves y la creación de 1 páginas modificadas."
"16/8/2025 9:29:34 p. m.","Información","TPM","17","El hardware del Módulo de plataforma segura (TPM) no pudo ejecutar un comando de TPM."
"16/8/2025 9:29:34 p. m.","Información","TPM","17","El hardware del Módulo de plataforma segura (TPM) no pudo ejecutar un comando de TPM."
"16/8/2025 9:29:33 p. m.","Información","TPM","17","El hardware del Módulo de plataforma segura (TPM) no pudo ejecutar un comando de TPM."
"16/8/2025 9:29:28 p. m.","Advertencia","Microsoft-Windows-DistributedCOM","10016","La configuración de permisos específico de la aplicación no concede el permiso Activación Local para la aplicación de servidor COM con CLSID 
{2593F8B9-4EAF-457C-B68A-50F6B8EA6B54}
 y APPID 
{15C20B67-12E7-4BB6-92BB-7AFF07997402}
 al usuario TICPC-05\PCTIC-05 con SID (S-1-5-21-72991934-2165796093-3938425774-1001) en la dirección LocalHost (con LRPC) que se ejecuta en el contenedor de aplicaciones con SID Clipchamp.Clipchamp_4.3.10120.0_x64__yxz26nhyzhsrt (No disponible). Este permiso de seguridad se puede modificar mediante la herramienta administrativa Servicios de componentes."
"16/8/2025 9:13:13 p. m.","Información","TPM","17","El hardware del Módulo de plataforma segura (TPM) no pudo ejecutar un comando de TPM."
"16/8/2025 9:13:13 p. m.","Información","TPM","17","El hardware del Módulo de plataforma segura (TPM) no pudo ejecutar un comando de TPM."
"16/8/2025 9:13:12 p. m.","Información","TPM","17","El hardware del Módulo de plataforma segura (TPM) no pudo ejecutar un comando de TPM."
"16/8/2025 9:13:11 p. m.","Información","Microsoft-Windows-IsolatedUserMode","5","Secure Trustlet NULL Id 0 and Pid 0 started with status STATUS_SUCCESS."
"16/8/2025 9:13:11 p. m.","Información","Microsoft-Windows-IsolatedUserMode","2","Secure Trustlet Id 0 and Pid 0 stopped with status STATUS_SUCCESS."
"16/8/2025 9:04:01 p. m.","Información","Service Control Manager","7040","El tipo de inicio del servicio Servicio de transferencia inteligente en segundo plano (BITS) se cambió de inicio automático a inicio por solicitud."
"16/8/2025 8:55:43 p. m.","Información","Service Control Manager","7040","El tipo de inicio del servicio Servicio de transferencia inteligente en segundo plano (BITS) se cambió de inicio por solicitud a inicio automático."
"16/8/2025 8:54:49 p. m.","Información","TPM","17","El hardware del Módulo de plataforma segura (TPM) no pudo ejecutar un comando de TPM."
"16/8/2025 8:54:49 p. m.","Información","TPM","17","El hardware del Módulo de plataforma segura (TPM) no pudo ejecutar un comando de TPM."
"16/8/2025 8:54:43 p. m.","Advertencia","Microsoft-Windows-DistributedCOM","10016","La configuración de permisos específico de la aplicación no concede el permiso Activación Local para la aplicación de servidor COM con CLSID 
{2593F8B9-4EAF-457C-B68A-50F6B8EA6B54}
 y APPID 
{15C20B67-12E7-4BB6-92BB-7AFF07997402}
 al usuario TICPC-05\PCTIC-05 con SID (S-1-5-21-72991934-2165796093-3938425774-1001) en la dirección LocalHost (con LRPC) que se ejecuta en el contenedor de aplicaciones con SID Clipchamp.Clipchamp_4.3.10120.0_x64__yxz26nhyzhsrt (No disponible). Este permiso de seguridad se puede modificar mediante la herramienta administrativa Servicios de componentes."
"16/8/2025 8:54:39 p. m.","Información","Microsoft-Windows-Kernel-General","16","El historial de accesos en el subárbol \??\C:\ProgramData\Packages\Clipchamp.Clipchamp_yxz26nhyzhsrt\S-1-5-21-72991934-2165796093-3938425774-1001\SystemAppData\Helium\Cache\8fc03ffa602ecbc9_COM15.dat se borró mediante la actualización de 1 claves y la creación de 1 páginas modificadas."
"16/8/2025 8:54:39 p. m.","Información","Microsoft-Windows-Kernel-General","16","El historial de accesos en el subárbol \??\C:\Users\PCTIC-05\AppData\Local\Packages\Clipchamp.Clipchamp_yxz26nhyzhsrt\SystemAppData\Helium\UserClasses.dat se borró mediante la actualización de 26 claves y la creación de 2 páginas modificadas."
"16/8/2025 8:54:39 p. m.","Información","Microsoft-Windows-Kernel-General","16","El historial de accesos en el subárbol \??\C:\Users\PCTIC-05\AppData\Local\Packages\Clipchamp.Clipchamp_yxz26nhyzhsrt\SystemAppData\Helium\User.dat se borró mediante la actualización de 34 claves y la creación de 3 páginas modificadas."
"16/8/2025 8:46:25 p. m.","Información","nhi","9007","The driver entered RTD3.
 All the connected devices will be removed from driver's internal state, so it is expected that DeviceDisconnected events will happen."
"16/8/2025 8:46:20 p. m.","Información","nhi","9008","Driver exit RTD3.
 All the connected devices will now cause DeviceConnected events."
"16/8/2025 8:43:14 p. m.","Información","Microsoft-Windows-Kernel-Power","105","Cambio de fuente de energía."
"16/8/2025 7:58:26 p. m.","Información","Microsoft-Windows-WindowsUpdateClient","19","Instalación correcta: Windows instaló correctamente la siguiente actualización: 9NBLGGH10PG8-MICROSOFT.PEOPLE"
"16/8/2025 7:58:23 p. m.","Información","Microsoft-Windows-WindowsUpdateClient","19","Instalación correcta: Windows instaló correctamente la siguiente actualización: 9WZDNCRD1HKW-Microsoft.XboxIdentityProvider"
"16/8/2025 7:58:21 p. m.","Información","Microsoft-Windows-WindowsUpdateClient","19","Instalación correcta: Windows instaló correctamente la siguiente actualización: 9NBLGGH537C2-Microsoft.XboxGameOverlay"
"16/8/2025 7:58:20 p. m.","Información","Microsoft-Windows-WindowsUpdateClient","44","Windows Update comenzó a descargar una actualización."
"16/8/2025 7:58:16 p. m.","Información","Microsoft-Windows-WindowsUpdateClient","44","Windows Update comenzó a descargar una actualización."
"16/8/2025 7:58:16 p. m.","Información","Microsoft-Windows-WindowsUpdateClient","44","Windows Update comenzó a descargar una actualización."
"16/8/2025 7:57:52 p. m.","Información","Microsoft-Windows-WindowsUpdateClient","44","Windows Update comenzó a descargar una actualización."
"16/8/2025 6:48:13 p. m.","Información","Microsoft-Windows-Time-Service","158","El proveedor de hora 'VMICTimeProvider' ha indicado que el hardware y el entorno operativo actuales no son compatibles y se ha detenido. Este es un comportamiento esperado para VMICTimeProvider en entornos que no son invitados de HyperV. Este también podría ser el comportamiento esperado de este proveedor en el entorno operativo actual."
"16/8/2025 6:31:09 p. m.","Información","Microsoft-Windows-Time-Service","158","El proveedor de hora 'VMICTimeProvider' ha indicado que el hardware y el entorno operativo actuales no son compatibles y se ha detenido. Este es un comportamiento esperado para VMICTimeProvider en entornos que no son invitados de HyperV. Este también podría ser el comportamiento esperado de este proveedor en el entorno operativo actual."
"16/8/2025 6:24:33 p. m.","Información","TPM","17","El hardware del Módulo de plataforma segura (TPM) no pudo ejecutar un comando de TPM."
"16/8/2025 6:24:32 p. m.","Información","TPM","17","El hardware del Módulo de plataforma segura (TPM) no pudo ejecutar un comando de TPM."
"16/8/2025 6:24:31 p. m.","Información","TPM","17","El hardware del Módulo de plataforma segura (TPM) no pudo ejecutar un comando de TPM."
"16/8/2025 6:24:30 p. m.","Información","Microsoft-Windows-IsolatedUserMode","5","Secure Trustlet NULL Id 0 and Pid 0 started with status STATUS_SUCCESS."
"16/8/2025 6:24:30 p. m.","Información","Microsoft-Windows-IsolatedUserMode","2","Secure Trustlet Id 0 and Pid 0 stopped with status STATUS_SUCCESS."
"16/8/2025 6:22:39 p. m.","Información","Microsoft-Windows-IsolatedUserMode","2","Secure Trustlet Id 6 and Pid 3568 stopped with status STATUS_SUCCESS."
"16/8/2025 6:14:46 p. m.","Información","Microsoft-Windows-IsolatedUserMode","1","Secure Trustlet \??\C:\WINDOWS\System32\NgcIso.exe Id 6 and Pid 3568 started with status STATUS_SUCCESS."
"16/8/2025 6:14:46 p. m.","Información","Microsoft-Windows-IsolatedUserMode","5","Secure Trustlet NULL Id 0 and Pid 0 started with status STATUS_SUCCESS."
"16/8/2025 6:14:05 p. m.","Información","Microsoft-Windows-Time-Service","158","El proveedor de hora 'VMICTimeProvider' ha indicado que el hardware y el entorno operativo actuales no son compatibles y se ha detenido. Este es un comportamiento esperado para VMICTimeProvider en entornos que no son invitados de HyperV. Este también podría ser el comportamiento esperado de este proveedor en el entorno operativo actual."
"16/8/2025 5:57:08 p. m.","Información","Microsoft-Windows-Kernel-Power","566","La sesión del sistema ha cambiado de 3 a 5.

Motivo PolicyChange 

BootId: 15"
"16/8/2025 5:57:08 p. m.","Información","Microsoft-Windows-Kernel-Power","507","El sistema está saliendo del modo de espera moderno 

motivo: Lid. "
"16/8/2025 5:57:08 p. m.","Advertencia","Win32k","701","Administrador de energía no solicitó la supresión de todas las entradas (INPUT_SUPPRESS_REQUEST = 0)"
"16/8/2025 5:57:08 p. m.","Advertencia","Win32k","701","Administrador de energía no solicitó la supresión de todas las entradas (INPUT_SUPPRESS_REQUEST = 0)"
"16/8/2025 5:57:01 p. m.","Información","Microsoft-Windows-Time-Service","158","El proveedor de hora 'VMICTimeProvider' ha indicado que el hardware y el entorno operativo actuales no son compatibles y se ha detenido. Este es un comportamiento esperado para VMICTimeProvider en entornos que no son invitados de HyperV. Este también podría ser el comportamiento esperado de este proveedor en el entorno operativo actual."
"16/8/2025 5:57:01 p. m.","Información","Microsoft-Windows-Kernel-Power","506","El sistema está entrando en el modo de espera moderno 

motivo: AC/DC Display Burst Suppressed. "
"16/8/2025 5:57:01 p. m.","Información","Microsoft-Windows-Kernel-Power","566","La sesión del sistema ha cambiado de 2 a 3.

Motivo InputMouse 

BootId: 15"
"16/8/2025 5:57:01 p. m.","Información","Microsoft-Windows-Kernel-Power","507","El sistema está saliendo del modo de espera moderno 

motivo: AC/DC Display Burst Suppressed. "
"16/8/2025 5:57:01 p. m.","Información","Microsoft-Windows-Kernel-Power","172","Estado de conectividad en modo de espera: Connected. Motivo: None"
"16/8/2025 5:57:00 p. m.","Información","Netwtw10","7026","7026 - Dump after return from D3 after cmd"
"16/8/2025 5:57:00 p. m.","Información","Netwtw10","7025","7025 - Dump after return from D3 before cmd "
"16/8/2025 5:57:00 p. m.","Información","Microsoft-Windows-Kernel-Power","105","Cambio de fuente de energía."
"16/8/2025 5:48:13 p. m.","Información","Microsoft-Windows-Kernel-Power","172","Estado de conectividad en modo de espera: Disconnected. Motivo: Adaptive Connected Standby"
"16/8/2025 5:48:06 p. m.","Información","Microsoft-Windows-Kernel-Power","566","La sesión del sistema ha cambiado de 1 a 2.

Motivo PolicyChange 

BootId: 15"
"16/8/2025 5:48:06 p. m.","Advertencia","Win32k","700","Administrador de energía solicitó la supresión de todas las entradas (INPUT_SUPPRESS_REQUEST = 1)"
"16/8/2025 5:48:06 p. m.","Advertencia","Win32k","700","Administrador de energía solicitó la supresión de todas las entradas (INPUT_SUPPRESS_REQUEST = 1)"
"16/8/2025 5:48:06 p. m.","Información","Microsoft-Windows-Kernel-Power","506","El sistema está entrando en el modo de espera moderno 

motivo: Lid. "
"16/8/2025 5:48:06 p. m.","Información","Microsoft-Windows-Kernel-Power","566","La sesión del sistema ha cambiado de 0 a 1.

Motivo PolicyChange 

BootId: 15"
"16/8/2025 5:42:12 p. m.","Información","Microsoft-Windows-WindowsUpdateClient","19","Instalación correcta: Windows instaló correctamente la siguiente actualización: Actualización de inteligencia de seguridad para Microsoft Defender Antivirus - KB2267602 (versión 1.435.225.0) - Canal actual (ampliado)"
"16/8/2025 5:41:52 p. m.","Información","Microsoft-Windows-WindowsUpdateClient","43","Instalación iniciada: Windows comenzó a instalar la actualización siguiente: Actualización de inteligencia de seguridad para Microsoft Defender Antivirus - KB2267602 (versión 1.435.225.0) - Canal actual (ampliado)"
"16/8/2025 5:41:52 p. m.","Información","Microsoft-Windows-WindowsUpdateClient","44","Windows Update comenzó a descargar una actualización."
"16/8/2025 5:41:27 p. m.","Información","Microsoft-Windows-Kernel-General","16","El historial de accesos en el subárbol \??\C:\ProgramData\Microsoft\Provisioning\Microsoft-Desktop-Provisioning-Sequence.dat se borró mediante la actualización de 0 claves y la creación de 0 páginas modificadas."
"16/8/2025 5:40:22 p. m.","Información","Microsoft-Windows-IsolatedUserMode","2","Secure Trustlet Id 6 and Pid 4792 stopped with status STATUS_SUCCESS."
"16/8/2025 5:36:25 p. m.","Información","Service Control Manager","7040","El tipo de inicio del servicio Servicio de transferencia inteligente en segundo plano (BITS) se cambió de inicio automático a inicio por solicitud."
"16/8/2025 5:34:50 p. m.","Advertencia","Microsoft-Windows-DistributedCOM","10016","La configuración de permisos específico de la aplicación no concede el permiso Activación Local para la aplicación de servidor COM con CLSID 
{8BC3F05E-D86B-11D0-A075-00C04FB68820}
 y APPID 
{8BC3F05E-D86B-11D0-A075-00C04FB68820}
 al usuario TICPC-05\PCTIC-05 con SID (S-1-5-21-72991934-2165796093-3938425774-1001) en la dirección LocalHost (con LRPC) que se ejecuta en el contenedor de aplicaciones con SID No disponible (S-1-15-2-2741196989-1196184518-3103624517-1884902672-3781353356-2187959636-1699394012). Este permiso de seguridad se puede modificar mediante la herramienta administrativa Servicios de componentes."
"16/8/2025 5:34:35 p. m.","Información","TPM","17","El hardware del Módulo de plataforma segura (TPM) no pudo ejecutar un comando de TPM."
"16/8/2025 5:34:34 p. m.","Información","TPM","17","El hardware del Módulo de plataforma segura (TPM) no pudo ejecutar un comando de TPM."
"16/8/2025 5:34:34 p. m.","Información","TPM","17","El hardware del Módulo de plataforma segura (TPM) no pudo ejecutar un comando de TPM."
"16/8/2025 5:34:29 p. m.","Advertencia","Microsoft-Windows-DistributedCOM","10016","La configuración de permisos específico de la aplicación no concede el permiso Activación Local para la aplicación de servidor COM con CLSID 
{2593F8B9-4EAF-457C-B68A-50F6B8EA6B54}
 y APPID 
{15C20B67-12E7-4BB6-92BB-7AFF07997402}
 al usuario TICPC-05\PCTIC-05 con SID (S-1-5-21-72991934-2165796093-3938425774-1001) en la dirección LocalHost (con LRPC) que se ejecuta en el contenedor de aplicaciones con SID MSTeams_25198.1109.3837.4725_x64__8wekyb3d8bbwe (No disponible). Este permiso de seguridad se puede modificar mediante la herramienta administrativa Servicios de componentes."
"16/8/2025 5:33:50 p. m.","Información","TPM","17","El hardware del Módulo de plataforma segura (TPM) no pudo ejecutar un comando de TPM."
"16/8/2025 5:33:49 p. m.","Información","TPM","17","El hardware del Módulo de plataforma segura (TPM) no pudo ejecutar un comando de TPM."
"16/8/2025 5:33:49 p. m.","Información","TPM","17","El hardware del Módulo de plataforma segura (TPM) no pudo ejecutar un comando de TPM."
"16/8/2025 5:33:47 p. m.","Información","Microsoft-Windows-IsolatedUserMode","5","Secure Trustlet NULL Id 0 and Pid 0 started with status STATUS_SUCCESS."
"16/8/2025 5:33:27 p. m.","Advertencia","Microsoft-Windows-DistributedCOM","10016","La configuración de permisos específico de la aplicación no concede el permiso Activación Local para la aplicación de servidor COM con CLSID 
{2593F8B9-4EAF-457C-B68A-50F6B8EA6B54}
 y APPID 
{15C20B67-12E7-4BB6-92BB-7AFF07997402}
 al usuario TICPC-05\PCTIC-05 con SID (S-1-5-21-72991934-2165796093-3938425774-1001) en la dirección LocalHost (con LRPC) que se ejecuta en el contenedor de aplicaciones con SID No disponible (No disponible). Este permiso de seguridad se puede modificar mediante la herramienta administrativa Servicios de componentes."
"16/8/2025 5:33:25 p. m.","Advertencia","Microsoft-Windows-DistributedCOM","10016","La configuración de permisos específico de la aplicación no concede el permiso Iniciar Local para la aplicación de servidor COM con CLSID 
Windows.SecurityCenter.WscDataProtection
 y APPID 
No disponible
 al usuario NT AUTHORITY\SYSTEM con SID (S-1-5-18) en la dirección LocalHost (con LRPC) que se ejecuta en el contenedor de aplicaciones con SID No disponible (No disponible). Este permiso de seguridad se puede modificar mediante la herramienta administrativa Servicios de componentes."
"16/8/2025 5:33:25 p. m.","Advertencia","Microsoft-Windows-DistributedCOM","10016","La configuración de permisos específico de la aplicación no concede el permiso Iniciar Local para la aplicación de servidor COM con CLSID 
Windows.SecurityCenter.WscBrokerManager
 y APPID 
No disponible
 al usuario NT AUTHORITY\SYSTEM con SID (S-1-5-18) en la dirección LocalHost (con LRPC) que se ejecuta en el contenedor de aplicaciones con SID No disponible (No disponible). Este permiso de seguridad se puede modificar mediante la herramienta administrativa Servicios de componentes."
"16/8/2025 5:33:25 p. m.","Advertencia","Microsoft-Windows-DistributedCOM","10016","La configuración de permisos específico de la aplicación no concede el permiso Iniciar Local para la aplicación de servidor COM con CLSID 
Windows.SecurityCenter.SecurityAppBroker
 y APPID 
No disponible
 al usuario NT AUTHORITY\SYSTEM con SID (S-1-5-18) en la dirección LocalHost (con LRPC) que se ejecuta en el contenedor de aplicaciones con SID No disponible (No disponible). Este permiso de seguridad se puede modificar mediante la herramienta administrativa Servicios de componentes."
"16/8/2025 5:33:25 p. m.","Información","Microsoft-Windows-Time-Service","158","El proveedor de hora 'VMICTimeProvider' ha indicado que el hardware y el entorno operativo actuales no son compatibles y se ha detenido. Este es un comportamiento esperado para VMICTimeProvider en entornos que no son invitados de HyperV. Este también podría ser el comportamiento esperado de este proveedor en el entorno operativo actual."
"16/8/2025 5:33:23 p. m.","Advertencia","Microsoft-Windows-DistributedCOM","10016","La configuración de permisos específico de la aplicación no concede el permiso Iniciar Local para la aplicación de servidor COM con CLSID 
Windows.SecurityCenter.WscCloudBackupProvider
 y APPID 
No disponible
 al usuario TICPC-05\PCTIC-05 con SID (S-1-5-21-72991934-2165796093-3938425774-1001) en la dirección LocalHost (con LRPC) que se ejecuta en el contenedor de aplicaciones con SID No disponible (No disponible). Este permiso de seguridad se puede modificar mediante la herramienta administrativa Servicios de componentes."
"16/8/2025 5:33:22 p. m.","Información","TPM","17","El hardware del Módulo de plataforma segura (TPM) no pudo ejecutar un comando de TPM."
"16/8/2025 5:33:21 p. m.","Información","TPM","17","El hardware del Módulo de plataforma segura (TPM) no pudo ejecutar un comando de TPM."
"16/8/2025 5:33:21 p. m.","Información","TPM","17","El hardware del Módulo de plataforma segura (TPM) no pudo ejecutar un comando de TPM."
"16/8/2025 5:33:21 p. m.","Advertencia","Microsoft-Windows-DistributedCOM","10016","La configuración de permisos específico de la aplicación no concede el permiso Iniciar Local para la aplicación de servidor COM con CLSID 
Windows.SecurityCenter.WscCloudBackupProvider
 y APPID 
No disponible
 al usuario TICPC-05\PCTIC-05 con SID (S-1-5-21-72991934-2165796093-3938425774-1001) en la dirección LocalHost (con LRPC) que se ejecuta en el contenedor de aplicaciones con SID No disponible (No disponible). Este permiso de seguridad se puede modificar mediante la herramienta administrativa Servicios de componentes."
"16/8/2025 5:33:19 p. m.","Información","Service Control Manager","7040","El tipo de inicio del servicio Servicio de transferencia inteligente en segundo plano (BITS) se cambió de inicio por solicitud a inicio automático."
"16/8/2025 5:32:06 p. m.","Información","Microsoft-Windows-Kernel-General","16","El historial de accesos en el subárbol \??\C:\Users\PCTIC-05\AppData\Local\Packages\Microsoft.OfficePushNotificationUtility_8wekyb3d8bbwe\Settings\settings.dat se borró mediante la actualización de 1 claves y la creación de 1 páginas modificadas."
"16/8/2025 5:32:05 p. m.","Información","Microsoft-Windows-Kernel-General","16","El historial de accesos en el subárbol \??\C:\ProgramData\Microsoft\Windows\AppRepository\Packages\Microsoft.Office.ActionsServer_16.0.19029.20184_neutral__8wekyb3d8bbwe\ActivationStore.dat se borró mediante la actualización de 0 claves y la creación de 0 páginas modificadas."
"16/8/2025 5:32:04 p. m.","Información","Microsoft-Windows-Kernel-General","16","El historial de accesos en el subárbol \??\C:\ProgramData\Microsoft\Windows\AppRepository\Packages\Microsoft.OfficePushNotificationUtility_16.0.19029.20184_neutral__8wekyb3d8bbwe\ActivationStore.dat se borró mediante la actualización de 0 claves y la creación de 0 páginas modificadas."
"16/8/2025 5:31:37 p. m.","Información","TPM","17","El hardware del Módulo de plataforma segura (TPM) no pudo ejecutar un comando de TPM."
"16/8/2025 5:31:34 p. m.","Información","Microsoft-Windows-Hyper-V-VmSwitch","232","NIC C08CB7B8-9B3C-408E-8E30-5E16A3AEB445 (Friendly Name: Default Switch) successfully connected to port C08CB7B8-9B3C-408E-8E30-5E16A3AEB445 (Friendly Name: Host Vnic C08CB7B8-9B3C-408E-8E30-5E16A3AEB444) on switch C08CB7B8-9B3C-408E-8E30-5E16A3AEB444(Friendly Name: Default Switch)."
"16/8/2025 5:31:34 p. m.","Información","Microsoft-Windows-Hyper-V-VmSwitch","7","Miniport NIC C08CB7B8-9B3C-408E-8E30-5E16A3AEB445 (Friendly Name: Default Switch) successfully initialized."
"16/8/2025 5:31:34 p. m.","Información","Microsoft-Windows-Hyper-V-VmSwitch","291","Descarga de RSC modificada para la C08CB7B8-9B3C-408E-8E30-5E16A3AEB445 NIC (nombre descriptivo: Default Switch) IPv4 anterior: Deshabilitado, IPv4 actual: Deshabilitado, IPv6 anterior: Deshabilitado, IPv6 actual: Deshabilitado. Motivo: Inicio de NIC"
"16/8/2025 5:31:34 p. m.","Información","Microsoft-Windows-Hyper-V-VmSwitch","233","La operación ' Create ' se realizó correctamente en la NIC C08CB7B8-9B3C-408E-8E30-5E16A3AEB445 (nombre descriptivo: Default Switch) e ID. de instancia {00000000-0000-0000-0000-000000000000}. "
"16/8/2025 5:31:34 p. m.","Información","Microsoft-Windows-Hyper-V-VmSwitch","291","Descarga de RSC modificada para la C08CB7B8-9B3C-408E-8E30-5E16A3AEB445 NIC (nombre descriptivo: Default Switch) IPv4 anterior: Deshabilitado, IPv4 actual: Deshabilitado, IPv6 anterior: Deshabilitado, IPv6 actual: Deshabilitado. Motivo: Creación de NIC"
"16/8/2025 5:31:33 p. m.","Advertencia","Netwtw10","6062","6062 - Lso was triggered"
"16/8/2025 5:31:31 p. m.","Información","Microsoft-Windows-Hyper-V-VmSwitch","264","El C08CB7B8-9B3C-408E-8E30-5E16A3AEB445 de puerto interno o externo (nombre descriptivo: Host Vnic C08CB7B8-9B3C-408E-8E30-5E16A3AEB444) se creó correctamente en el conmutador C08CB7B8-9B3C-408E-8E30-5E16A3AEB444 (nombre descriptivo: Default Switch)."
"16/8/2025 5:31:31 p. m.","Información","Microsoft-Windows-Hyper-V-VmSwitch","292","Descarga de RSC modificada para el puerto C08CB7B8-9B3C-408E-8E30-5E16A3AEB445 (nombre descriptivo: Host Vnic C08CB7B8-9B3C-408E-8E30-5E16A3AEB444) Anterior: Deshabilitado, actual: Habilitado. Motivo: Creación de puertos"
"16/8/2025 5:31:30 p. m.","Información","Microsoft-Windows-Hyper-V-VmSwitch","9","Switch C08CB7B8-9B3C-408E-8E30-5E16A3AEB444 (Friendly Name: Default Switch) successfully initialized."
"16/8/2025 5:31:30 p. m.","Información","Microsoft-Windows-Hyper-V-VmSwitch","232","NIC C08CB7B8-9B3C-408E-8E30-5E16A3AEB444 (Friendly Name: Default Switch) successfully connected to port C08CB7B8-9B3C-408E-8E30-5E16A3AEB444 (Friendly Name: Default Switch) on switch C08CB7B8-9B3C-408E-8E30-5E16A3AEB444(Friendly Name: Default Switch)."
"16/8/2025 5:31:30 p. m.","Información","Microsoft-Windows-Hyper-V-VmSwitch","233","La operación ' Create ' se realizó correctamente en la NIC C08CB7B8-9B3C-408E-8E30-5E16A3AEB444 (nombre descriptivo: Default Switch) e ID. de instancia {00000000-0000-0000-0000-000000000000}. "
"16/8/2025 5:31:30 p. m.","Información","Microsoft-Windows-Hyper-V-VmSwitch","291","Descarga de RSC modificada para la C08CB7B8-9B3C-408E-8E30-5E16A3AEB444 NIC (nombre descriptivo: Default Switch) IPv4 anterior: Deshabilitado, IPv4 actual: Deshabilitado, IPv6 anterior: Deshabilitado, IPv6 actual: Deshabilitado. Motivo: Creación de NIC"
"16/8/2025 5:31:30 p. m.","Información","Microsoft-Windows-Hyper-V-VmSwitch","67","El C08CB7B8-9B3C-408E-8E30-5E16A3AEB444 de puerto (nombre descriptivo: Default Switch) se creó correctamente en el conmutador C08CB7B8-9B3C-408E-8E30-5E16A3AEB444 (nombre descriptivo: Default Switch)."
"16/8/2025 5:31:30 p. m.","Información","Microsoft-Windows-Hyper-V-VmSwitch","292","Descarga de RSC modificada para el puerto C08CB7B8-9B3C-408E-8E30-5E16A3AEB444 (nombre descriptivo: Default Switch) Anterior: Deshabilitado, actual: Habilitado. Motivo: Creación de puertos"
"16/8/2025 5:31:29 p. m.","Información","Microsoft-Windows-TPM-WMI","1025","El TPM se aprovisionó correctamente y está listo para su uso."
"16/8/2025 5:31:28 p. m.","Información","Microsoft-Windows-Hyper-V-VmSwitch","233","La operación ' Delete ' se realizó correctamente en la NIC C08CB7B8-9B3C-408E-8E30-5E16A3AEB445 (nombre descriptivo: Default Switch) e ID. de instancia {0a58e0eb-ce4e-4453-8751-bad44759534b}. "
"16/8/2025 5:31:28 p. m.","Información","Microsoft-Windows-TPM-WMI","1282","Se generó el identificador de dispositivos TBS."
"16/8/2025 5:31:28 p. m.","Información","Netwtw10","7021","7021 - Connection telemetry fields and analysis usage"
"16/8/2025 5:31:25 p. m.","Información","Microsoft-Windows-IsolatedUserMode","1","Secure Trustlet \??\C:\WINDOWS\System32\NgcIso.exe Id 6 and Pid 4792 started with status STATUS_SUCCESS."
"16/8/2025 5:31:25 p. m.","Información","Microsoft-Windows-IsolatedUserMode","5","Secure Trustlet NULL Id 0 and Pid 0 started with status STATUS_SUCCESS."
"16/8/2025 5:31:24 p. m.","Información","TPM","18","Este evento desencadena que se ejecute la comprobación de estado/aprovisionamiento del Módulo de plataforma segura (TPM)."
"16/8/2025 5:31:24 p. m.","Información","Microsoft-Windows-WLAN-AutoConfig","10001","El módulo de extensibilidad de WLAN se inició correctamente.

Ruta de acceso del módulo: C:\WINDOWS\system32\IntelIHVRouter10.dll
"
"16/8/2025 5:31:24 p. m.","Información","Microsoft-Windows-WLAN-AutoConfig","4000","El servicio de Configuración automática de WLAN se inició correctamente.
"
"16/8/2025 5:31:24 p. m.","Información","nhi","9007","The driver entered RTD3.
 All the connected devices will be removed from driver's internal state, so it is expected that DeviceDisconnected events will happen."
"16/8/2025 5:31:22 p. m.","Información","Microsoft-Windows-TPM-WMI","1038","Las comprobaciones de estado de la atestación previa confirman que se espera que el dispositivo supere la atestación.
 Consulte C:\WINDOWS\Logs\MeasuredBoot\0000000036-0000000000.json para obtener información detallada sobre las comprobaciones realizadas."
"16/8/2025 5:31:22 p. m.","Información","Microsoft-Windows-TPM-WMI","1041","Información detallada sobre la comprobación del estado de la atestación previa: {""Version"":1,""HealthStatus"":""Attestable"",""Required"":[{""Field"":""TpmPresent"",""Value"":true,""DesiredValue"":true},{""Field"":""TpmMeetsMinimumVersion"",""Value"":true,""DesiredValue"":true},{""Field"":""TpmIsResponsive"",""Value"":true,""DesiredValue"":true},{""Field"":""EkCertIsAvailable"",""Value"":true,""DesiredValue"":true},{""Field"":""TcgLogFound"",""Value"":true,""DesiredValue"":true}],""Expected"":[{""Field"":""PcrsMatchTcgLog"",""Value"":true,""DesiredValue"":true}],""Informational"":[{""Field"":""SecureBootEnabled"",""ValueFromComputer"":true,""ValueFromTcgLog"":true,""DesiredValue"":true,""TcgValueIsVerifiable"":true},{""Field"":""VirtualSecureMemory"",""ValueFromComputer"":false,""ValueFromTcgLog"":false,""DesiredValue"":true,""TcgValueIsVerifiable"":true},{""Field"":""SecureCorePCCompliant"",""ValueFromComputer"":false,""ValueFromTcgLog"":false,""DesiredValue"":true,""TcgValueIsVerifiable"":true}]}"
"16/8/2025 5:31:21 p. m.","Información","Microsoft-Windows-Winlogon","7001","Notificación de inicio de sesión de usuario para el Programa para la mejora de la experiencia del usuario"
"16/8/2025 5:31:21 p. m.","Información","Microsoft-Windows-UserModePowerService","12","El proceso C:\Windows\System32\DriverStore\FileRepository\dptf_cpu.inf_amd64_897ea327b3fe52f7\esif_uf.exe (identificador de proceso:4456) restableció el esquema de directivas de {381b4222-f694-41f0-9685-ff5bb260df2e} a {381b4222-f694-41f0-9685-ff5bb260df2e}"
"16/8/2025 5:31:21 p. m.","Información","Microsoft-Windows-Hyper-V-VmSwitch","62","El conmutador C08CB7B8-9B3C-408E-8E30-5E16A3AEB444 (nombre descriptivo: Default Switch) se ha eliminado correctamente."
"16/8/2025 5:31:21 p. m.","Información","Microsoft-Windows-Hyper-V-VmSwitch","233","La operación ' Delete ' se realizó correctamente en la NIC C08CB7B8-9B3C-408E-8E30-5E16A3AEB444 (nombre descriptivo: Default Switch) e ID. de instancia {00000000-0000-0000-0000-000000000000}. "
"16/8/2025 5:31:21 p. m.","Información","Microsoft-Windows-Hyper-V-VmSwitch","71","Eliminación completada para el C08CB7B8-9B3C-408E-8E30-5E16A3AEB444 de puerto (nombre descriptivo: Default Switch)."
"16/8/2025 5:31:21 p. m.","Información","Microsoft-Windows-Hyper-V-VmSwitch","71","Eliminación completada para el C08CB7B8-9B3C-408E-8E30-5E16A3AEB445 de puerto (nombre descriptivo: Host Vnic C08CB7B8-9B3C-408E-8E30-5E16A3AEB444)."
"16/8/2025 5:31:21 p. m.","Información","Microsoft-Windows-Hyper-V-VmSwitch","69","El C08CB7B8-9B3C-408E-8E30-5E16A3AEB445 de puerto (nombre descriptivo: Host Vnic C08CB7B8-9B3C-408E-8E30-5E16A3AEB444) se eliminó correctamente. Cambie C08CB7B8-9B3C-408E-8E30-5E16A3AEB444 (nombre descriptivo: Default Switch)."
"16/8/2025 5:31:21 p. m.","Información","Microsoft-Windows-Hyper-V-VmSwitch","234","NIC C08CB7B8-9B3C-408E-8E30-5E16A3AEB445 successfully disconnected from port C08CB7B8-9B3C-408E-8E30-5E16A3AEB445."
"16/8/2025 5:31:21 p. m.","Información","Microsoft-Windows-UserModePowerService","12","El proceso C:\Windows\System32\DriverStore\FileRepository\dptf_cpu.inf_amd64_897ea327b3fe52f7\esif_uf.exe (identificador de proceso:4456) restableció el esquema de directivas de {381b4222-f694-41f0-9685-ff5bb260df2e} a {381b4222-f694-41f0-9685-ff5bb260df2e}"
"16/8/2025 5:31:21 p. m.","Información","Microsoft-Windows-Hyper-V-VmSwitch","69","El C08CB7B8-9B3C-408E-8E30-5E16A3AEB444 de puerto (nombre descriptivo: Default Switch) se eliminó correctamente. Cambie C08CB7B8-9B3C-408E-8E30-5E16A3AEB444 (nombre descriptivo: Default Switch)."
"16/8/2025 5:31:21 p. m.","Información","Microsoft-Windows-Hyper-V-VmSwitch","234","NIC C08CB7B8-9B3C-408E-8E30-5E16A3AEB444 successfully disconnected from port C08CB7B8-9B3C-408E-8E30-5E16A3AEB444."
"16/8/2025 5:31:21 p. m.","Información","RST Middleware","27","Found passthru disk: SCSI Port: 0, SCSI Bus: 3, SCSI Target: 0, PCIe SSD, 512110190592 bytes, TEAM TM8FP6512G                         "
"16/8/2025 5:31:21 p. m.","Información","Microsoft-Windows-HttpService","112","Se intentó reservar la http://+:80/116B50EB-ECE2-41ac-8429-9F9E963361B7/ url. Estado 0x0. Id. de proceso 0x4 ruta de acceso ejecutable , S-1-5-18  de usuario"
"16/8/2025 5:31:21 p. m.","Información","Microsoft-Windows-HttpService","112","Se intentó reservar la https://+:443/C574AC30-5794-4AEE-B1BB-6651C5315029/ url. Estado 0x0. Id. de proceso 0x4 ruta de acceso ejecutable , S-1-5-18  de usuario"
"16/8/2025 5:31:21 p. m.","Información","Microsoft-Windows-HttpService","112","Se intentó reservar la http://+:80/0131501b-d67f-491b-9a40-c4bf27bcb4d4/ url. Estado 0x0. Id. de proceso 0x4 ruta de acceso ejecutable , S-1-5-18  de usuario"
"16/8/2025 5:31:21 p. m.","Información","Microsoft-Windows-HttpService","112","Se intentó reservar la http://+:3387/rdp/ url. Estado 0x0. Id. de proceso 0x4 ruta de acceso ejecutable , S-1-5-18  de usuario"
"16/8/2025 5:31:21 p. m.","Información","Microsoft-Windows-HttpService","112","Se intentó reservar la https://+:3392/rdp/ url. Estado 0x0. Id. de proceso 0x4 ruta de acceso ejecutable , S-1-5-18  de usuario"
"16/8/2025 5:31:21 p. m.","Información","Microsoft-Windows-HttpService","112","Se intentó reservar la http://+:10243/WMPNSSv4/ url. Estado 0x0. Id. de proceso 0x4 ruta de acceso ejecutable , S-1-5-18  de usuario"
"16/8/2025 5:31:21 p. m.","Información","Microsoft-Windows-HttpService","112","Se intentó reservar la https://+:10245/WMPNSSv4/ url. Estado 0x0. Id. de proceso 0x4 ruta de acceso ejecutable , S-1-5-18  de usuario"
"16/8/2025 5:31:21 p. m.","Información","Microsoft-Windows-HttpService","112","Se intentó reservar la http://+:10247/apps/ url. Estado 0x0. Id. de proceso 0x4 ruta de acceso ejecutable , S-1-5-18  de usuario"
"16/8/2025 5:31:21 p. m.","Información","Microsoft-Windows-HttpService","112","Se intentó reservar la http://+:10246/MDEServer/ url. Estado 0x0. Id. de proceso 0x4 ruta de acceso ejecutable , S-1-5-18  de usuario"
"16/8/2025 5:31:21 p. m.","Información","Microsoft-Windows-HttpService","112","Se intentó reservar la https://+:443/sra_{BA195980-CD49-458b-9E23-C84EE0ADCD75}/ url. Estado 0x0. Id. de proceso 0x4 ruta de acceso ejecutable , S-1-5-18  de usuario"
"16/8/2025 5:31:21 p. m.","Información","Microsoft-Windows-HttpService","112","Se intentó reservar la http://+:5985/wsman/ url. Estado 0x0. Id. de proceso 0x4 ruta de acceso ejecutable , S-1-5-18  de usuario"
"16/8/2025 5:31:21 p. m.","Información","Microsoft-Windows-HttpService","112","Se intentó reservar la http://+:47001/wsman/ url. Estado 0x0. Id. de proceso 0x4 ruta de acceso ejecutable , S-1-5-18  de usuario"
"16/8/2025 5:31:21 p. m.","Información","Microsoft-Windows-HttpService","112","Se intentó reservar la https://+:5986/wsman/ url. Estado 0x0. Id. de proceso 0x4 ruta de acceso ejecutable , S-1-5-18  de usuario"
"16/8/2025 5:31:21 p. m.","Información","Microsoft-Windows-HttpService","112","Se intentó reservar la http://*:2869/ url. Estado 0x0. Id. de proceso 0x4 ruta de acceso ejecutable , S-1-5-18  de usuario"
"16/8/2025 5:31:21 p. m.","Información","Microsoft-Windows-HttpService","112","Se intentó reservar la https://*:5358/ url. Estado 0x0. Id. de proceso 0x4 ruta de acceso ejecutable , S-1-5-18  de usuario"
"16/8/2025 5:31:21 p. m.","Información","Microsoft-Windows-HttpService","112","Se intentó reservar la http://+:80/Temporary_Listen_Addresses/ url. Estado 0x0. Id. de proceso 0x4 ruta de acceso ejecutable , S-1-5-18  de usuario"
"16/8/2025 5:31:21 p. m.","Información","Microsoft-Windows-HttpService","112","Se intentó reservar la http://*:5357/ url. Estado 0x0. Id. de proceso 0x4 ruta de acceso ejecutable , S-1-5-18  de usuario"
"16/8/2025 5:31:20 p. m.","Error","Microsoft-Windows-Eventlog","22","El servicio de inicio de sesión de eventos detectó un error al inicializar recursos de publicación para el canal Microsoft-Windows-USBVideo/Analytic. Si el tipo de canal es Analítico o Depurador, podría indicar también un error de inicialización de recursos de registro."
"16/8/2025 5:31:20 p. m.","Información","Microsoft-Windows-FilterManager","6","Filtro de sistema de archivos 'bindflt' (10.0, ‎2032‎-‎10‎-‎09T02:28:18.000000000Z) correctamente cargado y registrado con el administrador de filtros."
"16/8/2025 5:31:20 p. m.","Información","Microsoft-Windows-FilterManager","6","Filtro de sistema de archivos 'storqosflt' (10.0, ‎2021‎-‎03‎-‎19T06:47:34.000000000Z) correctamente cargado y registrado con el administrador de filtros."
"16/8/2025 5:31:20 p. m.","Información","Win32k","267","La comprobación de control de calidad de hardware táctil se realizó correctamente."
"16/8/2025 5:31:20 p. m.","Información","Microsoft-Windows-FilterManager","6","Filtro de sistema de archivos 'UnionFS' (10.0, ‎2047‎-‎02‎-‎21T07:01:20.000000000Z) correctamente cargado y registrado con el administrador de filtros."
"16/8/2025 5:31:20 p. m.","Información","Microsoft-Windows-FilterManager","6","Filtro de sistema de archivos 'CldFlt' (10.0, ‎2066‎-‎10‎-‎17T19:52:14.000000000Z) correctamente cargado y registrado con el administrador de filtros."
"16/8/2025 5:31:20 p. m.","Información","Microsoft-Windows-FilterManager","1","Filtro de sistema de archivos 'CldFlt' (Versión 10.0, ‎2066‎-‎10‎-‎17T19:52:14.000000000Z) correctamente descargado."
"16/8/2025 5:31:20 p. m.","Información","Microsoft-Windows-FilterManager","6","Filtro de sistema de archivos 'CldFlt' (10.0, ‎2066‎-‎10‎-‎17T19:52:14.000000000Z) correctamente cargado y registrado con el administrador de filtros."
"16/8/2025 5:31:20 p. m.","Información","Microsoft-Windows-FilterManager","6","Filtro de sistema de archivos 'luafv' (10.0, ‎2105‎-‎10‎-‎05T01:54:15.000000000Z) correctamente cargado y registrado con el administrador de filtros."
"16/8/2025 5:31:20 p. m.","Información","Microsoft-Windows-FilterManager","6","Filtro de sistema de archivos 'wcifs' (10.0, ‎2053‎-‎03‎-‎11T00:36:57.000000000Z) correctamente cargado y registrado con el administrador de filtros."
"16/8/2025 5:31:20 p. m.","Información","Microsoft-Windows-FilterManager","6","Filtro de sistema de archivos 'bfs' (10.0, ‎2101‎-‎07‎-‎17T16:54:57.000000000Z) correctamente cargado y registrado con el administrador de filtros."
"16/8/2025 5:31:20 p. m.","Información","Microsoft-Windows-DHCPv6-Client","51046","Servicio de cliente DHCPv6 iniciado"
"16/8/2025 5:31:20 p. m.","Información","Microsoft-Windows-Dhcp-Client","50036","Servicio cliente DHCPv4 iniciado"
"16/8/2025 5:31:20 p. m.","Información","Microsoft-Windows-Dhcp-Client","50103","El cliente DHCPv4 registró una la notificación de apagado"
"16/8/2025 5:31:20 p. m.","Información","Microsoft-Windows-Dhcp-Client","50036","Servicio cliente DHCPv4 iniciado"
"16/8/2025 5:31:19 p. m.","Información","Microsoft-Windows-Directory-Services-SAM","16983","El administrador de cuentas de seguridad está registrando eventos de resumen periódicos para clientes remotos que llaman un cambio de contraseña heredada o establecen métodos RPC. 

 Para más información, consulte https://go.microsoft.com/fwlink/?linkid=2150956.
"
"16/8/2025 5:31:19 p. m.","Información","Microsoft-Windows-Directory-Services-SAM","16977","El dominio está configurado con las siguientes opciones de configuración relacionadas con la longitud mínima de la contraseña.

MinimumPasswordLength: 0

RelaxMinimumPasswordLengthLimits: 0

MinimumPasswordLengthAudit: -1

Para obtener más información, consulta https://go.microsoft.com/fwlink/?LinkId=2097191.
"
"16/8/2025 5:31:19 p. m.","Información","Microsoft-Windows-Directory-Services-SAM","16962","Se están restringiendo las llamadas remotas a la base de datos SAM mediante el descriptor de seguridad predeterminado: O:SYG:SYD:(A;;RC;;;BA).
Para obtener más información, consulte http://go.microsoft.com/fwlink/?LinkId=787651."
"16/8/2025 5:31:19 p. m.","Información","Microsoft-Windows-IsolatedUserMode","5","Secure Trustlet NULL Id 0 and Pid 0 started with status STATUS_SUCCESS."
"16/8/2025 5:31:19 p. m.","Información","LsaSrv","6156","Seguridad basada en virtualización para el estado de habilitación automática de Credential Guard.

Requisitos de hardware:	1
Dominio unido:	0
Azure AD unido:	0
 Licenciado para Credential Guard:	0
Controlador del dominio:	0"
"16/8/2025 5:31:19 p. m.","Información","Microsoft-Windows-Wininit","12","LSASS.exe se inició como un proceso protegido con nivel: 4."
"16/8/2025 5:31:19 p. m.","Información","Microsoft-Windows-Wininit","18","VBS Key Isolation se inició y protegerá las claves aisladas de VSM."
"16/8/2025 5:31:19 p. m.","Información","Microsoft-Windows-IsolatedUserMode","1","Secure Trustlet \??\C:\WINDOWS\system32\lsaiso.exe Id 1 and Pid 1108 started with status STATUS_SUCCESS."
"16/8/2025 5:31:19 p. m.","Información","Microsoft-Windows-IsolatedUserMode","5","Secure Trustlet NULL Id 0 and Pid 0 started with status STATUS_SUCCESS."
"16/8/2025 5:31:19 p. m.","Información","Microsoft-Windows-Wininit","14","Configuración de Credential Guard:

Configuración del registro: 0x0
Configuración de prueba: 0
Habilitación automática: 0"
"16/8/2025 5:31:19 p. m.","Información","Win32k","267","La comprobación de control de calidad de hardware táctil se realizó correctamente."
"16/8/2025 5:31:19 p. m.","Información","Microsoft-Windows-Wininit","23","Antirreversión de aplicación de arranque: inicialización completada con estado:
HRESULT: La operación se completó correctamente.
Nuevo temporizador necesario: false
Nuevo temporizador esperando a que se complete la actualización del sistema: false
El temporizador de bloqueo temporal anterior existe pero está deshabilitado por el registro: false
"
"16/8/2025 5:31:19 p. m.","Información","Microsoft-Windows-Wininit","25","Antirreversión de aplicación de arranque: temporizador anterior reanudado con estado:

HRESULT: La operación se completó correctamente.
Temporizador anterior presente: true
Hora de inicio: ‎2025‎-‎07‎-‎19T07:41:36.931375700Z
Período de gracia: 51840000000000
Intento de aplicación de recuperación correcto: false
"
"16/8/2025 5:31:19 p. m.","Información","Microsoft-Windows-Wininit","24","Antirreversión de aplicación de arranque: inicio del temporizador completado con el estado:

Win32Error: 0
Hora de inicio: ‎2025‎-‎07‎-‎19T07:41:36.931375700Z
Período de gracia: 51840000000000
Hora de vencimiento: ‎2025‎-‎09‎-‎17T07:41:36.931375700Z
"
"16/8/2025 5:31:19 p. m.","Información","Microsoft-Windows-Wininit","19","Estado de creación de nuevo temporizador de seguridad basada en virtualización

HRESULT: La operación se completó correctamente.
Nuevo temporizador de bloqueo temporal necesario: false
Nuevo temporizador de bloqueos temporales esperando a que se complete la actualización del sistema: false
 Existe un temporizador de bloqueo temporal anterior pero deshabilitado por el Registro: false
Existe el archivo de directiva: false
"
"16/8/2025 5:31:17 p. m.","Advertencia","Microsoft-Windows-Kernel-PnP","219","No se pudo cargar el \Driver\WUDFRd del controlador.
Dispositivo: HID\Vid_8087&Pid_0AC2\6&ac79363&0&0000
Estado: 0xC0000365"
"16/8/2025 5:31:17 p. m.","Información","Microsoft-Windows-DriverFrameworks-UserMode","10118","El reflector UMDF no se puede conectar al Administrador de control de servicios (SCM). Es lo que se espera durante el arranque, cuando el SCM aún no se ha iniciado. Se reintentará cuando se inicie."
"16/8/2025 5:31:15 p. m.","Advertencia","rt640x64","1","Realtek PCIe GbE Family Controller is disconnected from network."
"16/8/2025 5:31:14 p. m.","Advertencia","Microsoft-Windows-Kernel-PnP","219","No se pudo cargar el \Driver\WUDFRd del controlador.
Dispositivo: {DD8E82AE-334B-49A2-AEAE-AEB0FD5C40DD}\DetectionVerification\5&4bfb3d0&0&0
Estado: 0xC0000365"
