"17/8/2025 8:00:40 p. m.","Información","Microsoft-Windows-Power-Troubleshooter","1","El sistema estaba en un estado de baja energía y se reanudó.

Hora de suspensión: ‎2025‎-‎08‎-‎17T21:48:49.741664100Z
Hora de reactivación: ‎2025‎-‎08‎-‎18T00:00:38.657940400Z

Origen de la reactivación: Unknown"
"17/8/2025 8:00:39 p. m.","Información","Netwtw10","7021","7021 - Connection telemetry fields and analysis usage"
"17/8/2025 8:00:38 p. m.","Error","Microsoft-Windows-NDIS","10317","Minipuerto Microsoft Wi-Fi Direct Virtual Adapter #2, {79f38f0f-3b2e-4931-b16b-3a5d8eb7dab9}, tuvo el evento Fatal error: The miniport has failed a power transition to operational power"
"17/8/2025 8:00:38 p. m.","Información","Microsoft-Windows-Kernel-Power","566","La sesión del sistema ha cambiado de 25 a 27.

Motivo PolicyChange 

BootId: 15"
"17/8/2025 8:00:38 p. m.","Información","Microsoft-Windows-Kernel-Power","507","El sistema está saliendo del modo de espera moderno 

motivo: Lid. "
"17/8/2025 8:00:38 p. m.","Información","Netwtw10","7023","7023 - secure boot debug logging Quasar"
"17/8/2025 8:00:38 p. m.","Información","Microsoft-Windows-Kernel-Power","506","El sistema está entrando en el modo de espera moderno 

motivo: Sleep, Hibernate, or Shutdown. "
"17/8/2025 8:00:38 p. m.","Información","Microsoft-Windows-Kernel-Power","566","La sesión del sistema ha cambiado de 24 a 25.

Motivo SxTransition 

BootId: 15"
"17/8/2025 8:00:38 p. m.","Información","Microsoft-Windows-Kernel-Boot","247","No se puede cargar el firmware de Pluton-Windows. StatusCode: STATUS_SUCCESS, Motivo: Failed to apply firmware."
"17/8/2025 8:00:38 p. m.","Información","Microsoft-Windows-Kernel-Boot","27","El tipo de arranque fue 0x2."
"17/8/2025 8:00:38 p. m.","Información","Microsoft-Windows-Kernel-Boot","25","La directiva del menú de arranque fue 0x0."
"17/8/2025 8:00:38 p. m.","Información","Microsoft-Windows-Kernel-Boot","32","Bootmgr esperó la entrada del usuario durante 0 ms."
"17/8/2025 8:00:38 p. m.","Información","Microsoft-Windows-Kernel-Boot","18","Existen 0x1 opciones de arranque en este sistema."
"17/8/2025 8:00:38 p. m.","Información","Microsoft-Windows-Kernel-Boot","30","El firmware notificó métricas de arranque."
"17/8/2025 8:00:38 p. m.","Información","Intel-SST-OED","28","Loaded DSP FW library: \??\C:\WINDOWS\System32\DriverStore\FileRepository\intcoed_oemlibpath.inf_amd64_69401f7e35684734\tgl_maxx_audio_pro.bin, status = STATUS_SUCCESS."
"17/8/2025 8:00:38 p. m.","Información","Intel-SST-OED","28","Loaded DSP FW library: Libs\dsp_lib_whm_tgl_release.bin, status = STATUS_SUCCESS."
"17/8/2025 8:00:38 p. m.","Información","Intel-SST-OED","28","Loaded DSP FW library: Libs\dsp_lib_intel_wov_tgl_release.bin, status = STATUS_SUCCESS."
"17/8/2025 8:00:38 p. m.","Información","WiManH","2",
"17/8/2025 8:00:38 p. m.","Información","Netwtw10","7025","7025 - Dump after return from D3 before cmd "
"17/8/2025 8:00:38 p. m.","Advertencia","TPM","30","El recuento de restablecimiento y/o reanudación no coinciden con los valores esperados después de hibernar o reanudar."
"17/8/2025 8:00:37 p. m.","Advertencia","Win32k","701","Administrador de energía no solicitó la supresión de todas las entradas (INPUT_SUPPRESS_REQUEST = 0)"
"17/8/2025 8:00:37 p. m.","Advertencia","Win32k","701","Administrador de energía no solicitó la supresión de todas las entradas (INPUT_SUPPRESS_REQUEST = 0)"
"17/8/2025 8:00:37 p. m.","Información","Microsoft-Windows-Kernel-General","1","La hora del sistema ha cambiado a ‎2025‎-‎08‎-‎18T00:00:37.500000000Z de ‎2025‎-‎08‎-‎17T21:49:00.085216800Z.
Diferencia horaria: 7897414 ms

Motivo del cambio: System time synchronized with the hardware clock.
Proceso: '' (PID 4).

Hora de RTC: ‎2025‎-‎08‎-‎17T20:00:37.500000000Z
Diferencia de zona horaria actual: 240
hora RTC es UTC: false
La hora del sistema se basaba en la hora RTC: false"
"17/8/2025 5:49:00 p. m.","Información","Microsoft-Windows-Kernel-Power","107","El sistema se reanudó del estado de suspensión."
"17/8/2025 5:48:54 p. m.","Información","Microsoft-Windows-Kernel-Power","42","El sistema está entrando en suspensión.

Motivo de la suspensión: Hibernate from Sleep - Standby Battery Budget Exceeded"
"17/8/2025 5:48:53 p. m.","Información","Microsoft-Windows-Kernel-Power","40","El controlador \Driver\ACPI del dispositivo  detuvo la transición de energía."
"17/8/2025 5:48:53 p. m.","Información","nhi","9008","Driver exit RTD3.
 All the connected devices will now cause DeviceConnected events."
"17/8/2025 5:48:52 p. m.","Advertencia","Netwtw10","6062","6062 - Lso was triggered"
"17/8/2025 5:48:50 p. m.","Información","Netwtw10","7021","7021 - Connection telemetry fields and analysis usage"
"17/8/2025 5:48:49 p. m.","Información","Microsoft-Windows-Kernel-Power","566","La sesión del sistema ha cambiado de 23 a 24.

Motivo SxTransition 

BootId: 15"
"17/8/2025 5:48:49 p. m.","Información","Microsoft-Windows-Kernel-Power","507","El sistema está saliendo del modo de espera moderno 

motivo: Sleep, Hibernate, or Shutdown. "
"17/8/2025 5:48:49 p. m.","Información","Microsoft-Windows-Kernel-Power","172","Estado de conectividad en modo de espera: Connected. Motivo: None"
"17/8/2025 5:48:49 p. m.","Información","Netwtw10","7026","7026 - Dump after return from D3 after cmd"
"17/8/2025 5:48:49 p. m.","Información","Netwtw10","7025","7025 - Dump after return from D3 before cmd "
"17/8/2025 3:56:38 p. m.","Información","Microsoft-Windows-Kernel-Power","172","Estado de conectividad en modo de espera: Disconnected. Motivo: Policy Setting"
"17/8/2025 3:56:31 p. m.","Información","Microsoft-Windows-Kernel-Power","566","La sesión del sistema ha cambiado de 22 a 23.

Motivo 55 

BootId: 15"
"17/8/2025 3:56:26 p. m.","Información","Microsoft-Windows-Kernel-Power","506","El sistema está entrando en el modo de espera moderno 

motivo: Austerity Battery Drain Budget Exceeded. "
"17/8/2025 3:56:26 p. m.","Información","Microsoft-Windows-Kernel-Power","566","La sesión del sistema ha cambiado de 21 a 22.

Motivo 55 

BootId: 15"
"17/8/2025 3:56:26 p. m.","Información","Microsoft-Windows-Kernel-Power","507","El sistema está saliendo del modo de espera moderno 

motivo: Austerity Battery Drain Budget Exceeded. "
"17/8/2025 3:56:26 p. m.","Información","Microsoft-Windows-Kernel-Power","172","Estado de conectividad en modo de espera: Connected. Motivo: None"
"17/8/2025 3:56:26 p. m.","Información","Netwtw10","7026","7026 - Dump after return from D3 after cmd"
"17/8/2025 3:56:26 p. m.","Información","Netwtw10","7025","7025 - Dump after return from D3 before cmd "
"17/8/2025 3:30:50 p. m.","Información","nhi","9007","The driver entered RTD3.
 All the connected devices will be removed from driver's internal state, so it is expected that DeviceDisconnected events will happen."
"17/8/2025 3:30:46 p. m.","Información","Netwtw10","7021","7021 - Connection telemetry fields and analysis usage"
"17/8/2025 3:30:44 p. m.","Información","Netwtw10","7026","7026 - Dump after return from D3 after cmd"
"17/8/2025 3:30:44 p. m.","Información","Netwtw10","7025","7025 - Dump after return from D3 before cmd "
"17/8/2025 3:30:44 p. m.","Información","nhi","9008","Driver exit RTD3.
 All the connected devices will now cause DeviceConnected events."
"17/8/2025 3:20:47 p. m.","Información","Microsoft-Windows-Kernel-Power","172","Estado de conectividad en modo de espera: Disconnected. Motivo: Adaptive Connected Standby"
"17/8/2025 3:20:39 p. m.","Información","Microsoft-Windows-Kernel-General","1","La hora del sistema ha cambiado a ‎2025‎-‎08‎-‎17T19:20:39.671567200Z de ‎2025‎-‎08‎-‎17T19:20:39.671377100Z.
Diferencia horaria: 0 ms

Motivo del cambio: An application or system component changed the time.
Proceso: '\Device\HarddiskVolume3\Windows\System32\svchost.exe' (PID 12740).

Hora de RTC: ‎2025‎-‎08‎-‎17T15:20:39.671567200Z
Diferencia de zona horaria actual: 240
hora RTC es UTC: false
La hora del sistema se basaba en la hora RTC: false"
"17/8/2025 3:20:39 p. m.","Error","Microsoft-Windows-HAL","21","No se estableció el reloj en tiempo real de hardware debido a un error en la evaluación del método de dispositivo de alarma y hora ACPI.  Estado: 0xC00000BB."
"17/8/2025 3:20:39 p. m.","Error","Microsoft-Windows-HAL","20","No se consultó el reloj en tiempo real de hardware debido a un error en la evaluación del método de dispositivo de alarma y hora ACPI.  Estado: 0xC00000BB."
"17/8/2025 3:20:39 p. m.","Información","Microsoft-Windows-Kernel-General","24","La información de zona horaria se actualizó con el motivo de salida 0. La diferencia de zona horaria actual es 240."
"17/8/2025 3:20:39 p. m.","Información","Microsoft-Windows-Kernel-Power","566","La sesión del sistema ha cambiado de 20 a 21.

Motivo PolicyChange 

BootId: 15"
"17/8/2025 3:20:39 p. m.","Advertencia","Win32k","700","Administrador de energía solicitó la supresión de todas las entradas (INPUT_SUPPRESS_REQUEST = 1)"
"17/8/2025 3:20:39 p. m.","Advertencia","Win32k","700","Administrador de energía solicitó la supresión de todas las entradas (INPUT_SUPPRESS_REQUEST = 1)"
"17/8/2025 3:20:39 p. m.","Información","Microsoft-Windows-Kernel-Power","506","El sistema está entrando en el modo de espera moderno 

motivo: Lid. "
"17/8/2025 3:20:39 p. m.","Información","Microsoft-Windows-Kernel-Power","566","La sesión del sistema ha cambiado de 19 a 20.

Motivo PolicyChange 

BootId: 15"
"17/8/2025 1:36:23 p. m.","Información","Microsoft-Windows-WindowsUpdateClient","19","Instalación correcta: Windows instaló correctamente la siguiente actualización: Actualización de inteligencia de seguridad para Microsoft Defender Antivirus - KB2267602 (versión 1.435.234.0) - Canal actual (ampliado)"
"17/8/2025 1:36:14 p. m.","Información","Microsoft-Windows-WindowsUpdateClient","43","Instalación iniciada: Windows comenzó a instalar la actualización siguiente: Actualización de inteligencia de seguridad para Microsoft Defender Antivirus - KB2267602 (versión 1.435.234.0) - Canal actual (ampliado)"
"17/8/2025 1:36:09 p. m.","Información","Microsoft-Windows-WindowsUpdateClient","44","Windows Update comenzó a descargar una actualización."
"17/8/2025 1:21:43 p. m.","Información","Microsoft-Windows-IsolatedUserMode","2","Secure Trustlet Id 6 and Pid 14344 stopped with status STATUS_SUCCESS."
"17/8/2025 1:16:35 p. m.","Información","Microsoft-Windows-Kernel-General","16","El historial de accesos en el subárbol \??\C:\ProgramData\Packages\Microsoft.YourPhone_8wekyb3d8bbwe\S-1-5-21-72991934-2165796093-3938425774-1001\SystemAppData\Helium\Cache\c1db7d5414b361f4_COM15.dat se borró mediante la actualización de 1 claves y la creación de 1 páginas modificadas."
"17/8/2025 1:14:26 p. m.","Información","Microsoft-Windows-Time-Service","35","El servicio de hora está sincronizando la hora del sistema con el origen de la hora time.windows.com,0x9 (ntp.m|0x9|0.0.0.0:123->40.119.6.228:123) con el id. de referencia 3825628968. El número de capa local actual es 4."
"17/8/2025 1:14:10 p. m.","Información","Microsoft-Windows-Time-Service","37","El proveedor de hora NtpClient está recibiendo datos de hora  válidos desde time.windows.com,0x9 (ntp.m|0x9|0.0.0.0:123->40.119.6.228:123)."
"17/8/2025 1:13:43 p. m.","Información","Microsoft-Windows-IsolatedUserMode","1","Secure Trustlet \??\C:\WINDOWS\System32\NgcIso.exe Id 6 and Pid 14344 started with status STATUS_SUCCESS."
"17/8/2025 1:13:43 p. m.","Información","Microsoft-Windows-IsolatedUserMode","5","Secure Trustlet NULL Id 0 and Pid 0 started with status STATUS_SUCCESS."
"17/8/2025 1:13:41 p. m.","Información","Microsoft-Windows-TPM-WMI","1038","Las comprobaciones de estado de la atestación previa confirman que se espera que el dispositivo supere la atestación.
 Consulte C:\WINDOWS\Logs\MeasuredBoot\0000000036-0000000001.json para obtener información detallada sobre las comprobaciones realizadas."
"17/8/2025 1:13:41 p. m.","Información","Microsoft-Windows-TPM-WMI","1041","Información detallada sobre la comprobación del estado de la atestación previa: {""Version"":1,""HealthStatus"":""Attestable"",""Required"":[{""Field"":""TpmPresent"",""Value"":true,""DesiredValue"":true},{""Field"":""TpmMeetsMinimumVersion"",""Value"":true,""DesiredValue"":true},{""Field"":""TpmIsResponsive"",""Value"":true,""DesiredValue"":true},{""Field"":""EkCertIsAvailable"",""Value"":true,""DesiredValue"":true},{""Field"":""TcgLogFound"",""Value"":true,""DesiredValue"":true}],""Expected"":[{""Field"":""PcrsMatchTcgLog"",""Value"":true,""DesiredValue"":true}],""Informational"":[{""Field"":""SecureBootEnabled"",""ValueFromComputer"":true,""ValueFromTcgLog"":true,""DesiredValue"":true,""TcgValueIsVerifiable"":true},{""Field"":""VirtualSecureMemory"",""ValueFromComputer"":false,""ValueFromTcgLog"":false,""DesiredValue"":true,""TcgValueIsVerifiable"":true},{""Field"":""SecureCorePCCompliant"",""ValueFromComputer"":false,""ValueFromTcgLog"":false,""DesiredValue"":true,""TcgValueIsVerifiable"":true}]}"
"17/8/2025 1:13:40 p. m.","Información","nhi","9007","The driver entered RTD3.
 All the connected devices will be removed from driver's internal state, so it is expected that DeviceDisconnected events will happen."
"17/8/2025 1:13:38 p. m.","Información","Microsoft-Windows-Power-Troubleshooter","1","El sistema estaba en un estado de baja energía y se reanudó.

Hora de suspensión: ‎2025‎-‎08‎-‎17T08:16:13.529276800Z
Hora de reactivación: ‎2025‎-‎08‎-‎17T17:13:35.359306600Z

Origen de la reactivación: Unknown"
"17/8/2025 1:13:37 p. m.","Advertencia","rt640x64","1","Realtek PCIe GbE Family Controller is disconnected from network."
"17/8/2025 1:13:37 p. m.","Advertencia","Netwtw10","6062","6062 - Lso was triggered"
"17/8/2025 1:13:35 p. m.","Advertencia","Microsoft-Windows-Time-Service","134","NtpClient no pudo establecer un sistema del mismo nivel manual para usar como origen de la hora debido a un error de resolución de DNS en 'time.windows.com,0x9'. NtpClient lo intentará de nuevo dentro de 15 minutos y doblará el intervalo de reintento en adelante. Error: Host desconocido. (0x80072AF9)"
"17/8/2025 1:13:35 p. m.","Información","Microsoft-Windows-Kernel-Power","566","La sesión del sistema ha cambiado de 17 a 19.

Motivo PolicyChange 

BootId: 15"
"17/8/2025 1:13:35 p. m.","Error","Microsoft-Windows-NDIS","10317","Minipuerto Microsoft Wi-Fi Direct Virtual Adapter #2, {79f38f0f-3b2e-4931-b16b-3a5d8eb7dab9}, tuvo el evento Fatal error: The miniport has failed a power transition to operational power"
"17/8/2025 1:13:35 p. m.","Información","Microsoft-Windows-Kernel-Power","507","El sistema está saliendo del modo de espera moderno 

motivo: Lid. "
"17/8/2025 1:13:35 p. m.","Información","Netwtw10","7021","7021 - Connection telemetry fields and analysis usage"
"17/8/2025 1:13:35 p. m.","Información","Microsoft-Windows-Kernel-Power","506","El sistema está entrando en el modo de espera moderno 

motivo: Sleep, Hibernate, or Shutdown. "
"17/8/2025 1:13:35 p. m.","Información","Microsoft-Windows-Kernel-Power","566","La sesión del sistema ha cambiado de 16 a 17.

Motivo SxTransition 

BootId: 15"
"17/8/2025 1:13:35 p. m.","Información","Microsoft-Windows-Kernel-Boot","247","No se puede cargar el firmware de Pluton-Windows. StatusCode: STATUS_SUCCESS, Motivo: Failed to apply firmware."
"17/8/2025 1:13:35 p. m.","Información","Microsoft-Windows-Kernel-Boot","27","El tipo de arranque fue 0x2."
"17/8/2025 1:13:35 p. m.","Información","Microsoft-Windows-Kernel-Boot","25","La directiva del menú de arranque fue 0x0."
"17/8/2025 1:13:35 p. m.","Información","Microsoft-Windows-Kernel-Boot","32","Bootmgr esperó la entrada del usuario durante 0 ms."
"17/8/2025 1:13:35 p. m.","Información","Microsoft-Windows-Kernel-Boot","18","Existen 0x1 opciones de arranque en este sistema."
"17/8/2025 1:13:35 p. m.","Información","Microsoft-Windows-Kernel-Boot","30","El firmware notificó métricas de arranque."
"17/8/2025 1:13:35 p. m.","Información","Netwtw10","7023","7023 - secure boot debug logging Quasar"
"17/8/2025 1:13:35 p. m.","Información","Intel-SST-OED","28","Loaded DSP FW library: \??\C:\WINDOWS\System32\DriverStore\FileRepository\intcoed_oemlibpath.inf_amd64_69401f7e35684734\tgl_maxx_audio_pro.bin, status = STATUS_SUCCESS."
"17/8/2025 1:13:35 p. m.","Información","Intel-SST-OED","28","Loaded DSP FW library: Libs\dsp_lib_whm_tgl_release.bin, status = STATUS_SUCCESS."
"17/8/2025 1:13:34 p. m.","Información","Intel-SST-OED","28","Loaded DSP FW library: Libs\dsp_lib_intel_wov_tgl_release.bin, status = STATUS_SUCCESS."
"17/8/2025 1:13:34 p. m.","Información","WiManH","2",
"17/8/2025 1:13:34 p. m.","Advertencia","Win32k","701","Administrador de energía no solicitó la supresión de todas las entradas (INPUT_SUPPRESS_REQUEST = 0)"
"17/8/2025 1:13:34 p. m.","Advertencia","Win32k","701","Administrador de energía no solicitó la supresión de todas las entradas (INPUT_SUPPRESS_REQUEST = 0)"
"17/8/2025 1:13:34 p. m.","Información","Netwtw10","7025","7025 - Dump after return from D3 before cmd "
"17/8/2025 1:13:34 p. m.","Advertencia","TPM","30","El recuento de restablecimiento y/o reanudación no coinciden con los valores esperados después de hibernar o reanudar."
"17/8/2025 1:13:34 p. m.","Información","Microsoft-Windows-Kernel-General","1","La hora del sistema ha cambiado a ‎2025‎-‎08‎-‎17T17:13:34.500000000Z de ‎2025‎-‎08‎-‎17T08:16:21.756673700Z.
Diferencia horaria: 32232743 ms

Motivo del cambio: System time synchronized with the hardware clock.
Proceso: '' (PID 4).

Hora de RTC: ‎2025‎-‎08‎-‎17T13:13:34.500000000Z
Diferencia de zona horaria actual: 240
hora RTC es UTC: false
La hora del sistema se basaba en la hora RTC: false"
"17/8/2025 1:13:34 p. m.","Información","EventLog","6013","El tiempo límite del sistema es de 70951 segundos."
"17/8/2025 4:16:21 a. m.","Información","Microsoft-Windows-Kernel-Power","107","El sistema se reanudó del estado de suspensión."
"17/8/2025 4:16:16 a. m.","Información","Microsoft-Windows-Kernel-Power","42","El sistema está entrando en suspensión.

Motivo de la suspensión: Hibernate from Sleep - Standby Battery Budget Exceeded"
"17/8/2025 4:16:16 a. m.","Información","Microsoft-Windows-Kernel-Power","40","El controlador \Driver\ACPI del dispositivo  detuvo la transición de energía."
"17/8/2025 4:16:15 a. m.","Información","nhi","9008","Driver exit RTD3.
 All the connected devices will now cause DeviceConnected events."
"17/8/2025 4:16:15 a. m.","Advertencia","Netwtw10","6062","6062 - Lso was triggered"
"17/8/2025 4:16:14 a. m.","Información","Netwtw10","7021","7021 - Connection telemetry fields and analysis usage"
"17/8/2025 4:16:14 a. m.","Información","Service Control Manager","7040","El tipo de inicio del servicio Servicio de transferencia inteligente en segundo plano (BITS) se cambió de inicio por solicitud a inicio automático."
"17/8/2025 4:16:13 a. m.","Información","Microsoft-Windows-Kernel-Power","566","La sesión del sistema ha cambiado de 15 a 16.

Motivo SxTransition 

BootId: 15"
"17/8/2025 4:16:13 a. m.","Información","Microsoft-Windows-Kernel-Power","507","El sistema está saliendo del modo de espera moderno 

motivo: Sleep, Hibernate, or Shutdown. "
"17/8/2025 4:16:13 a. m.","Información","Microsoft-Windows-Kernel-Power","172","Estado de conectividad en modo de espera: Connected. Motivo: None"
"17/8/2025 4:16:13 a. m.","Información","Netwtw10","7026","7026 - Dump after return from D3 after cmd"
"17/8/2025 4:16:13 a. m.","Información","Netwtw10","7025","7025 - Dump after return from D3 before cmd "
"17/8/2025 2:16:44 a. m.","Información","Microsoft-Windows-Kernel-Power","172","Estado de conectividad en modo de espera: Disconnected. Motivo: Policy Setting"
"17/8/2025 2:16:36 a. m.","Información","Microsoft-Windows-Kernel-Power","566","La sesión del sistema ha cambiado de 14 a 15.

Motivo 55 

BootId: 15"
"17/8/2025 2:16:31 a. m.","Información","Microsoft-Windows-Kernel-Power","506","El sistema está entrando en el modo de espera moderno 

motivo: Austerity Battery Drain Budget Exceeded. "
"17/8/2025 2:16:31 a. m.","Información","Microsoft-Windows-Kernel-Power","566","La sesión del sistema ha cambiado de 13 a 14.

Motivo 55 

BootId: 15"
"17/8/2025 2:16:31 a. m.","Información","Microsoft-Windows-Kernel-Power","507","El sistema está saliendo del modo de espera moderno 

motivo: Austerity Battery Drain Budget Exceeded. "
"17/8/2025 2:16:31 a. m.","Información","Microsoft-Windows-Kernel-Power","172","Estado de conectividad en modo de espera: Connected. Motivo: None"
"17/8/2025 2:16:31 a. m.","Información","Netwtw10","7026","7026 - Dump after return from D3 after cmd"
"17/8/2025 2:16:31 a. m.","Información","Netwtw10","7025","7025 - Dump after return from D3 before cmd "
"17/8/2025 2:04:19 a. m.","Información","Microsoft-Windows-Kernel-Power","172","Estado de conectividad en modo de espera: Disconnected. Motivo: Adaptive Connected Standby"
"17/8/2025 2:04:13 a. m.","Información","Microsoft-Windows-Kernel-Power","566","La sesión del sistema ha cambiado de 12 a 13.

Motivo InputMouse 

BootId: 15"
"17/8/2025 2:04:11 a. m.","Advertencia","rt640x64","1","Realtek PCIe GbE Family Controller is disconnected from network."
"17/8/2025 2:04:08 a. m.","Información","Microsoft-Windows-Kernel-Power","506","El sistema está entrando en el modo de espera moderno 

motivo: AC/DC Display Burst Suppressed. "
"17/8/2025 2:04:08 a. m.","Información","Microsoft-Windows-Kernel-Power","566","La sesión del sistema ha cambiado de 11 a 12.

Motivo InputMouse 

BootId: 15"
"17/8/2025 2:04:08 a. m.","Información","Microsoft-Windows-Kernel-Power","507","El sistema está saliendo del modo de espera moderno 

motivo: AC/DC Display Burst Suppressed. "
"17/8/2025 2:04:08 a. m.","Información","Netwtw10","7026","7026 - Dump after return from D3 after cmd"
"17/8/2025 2:04:08 a. m.","Información","Netwtw10","7025","7025 - Dump after return from D3 before cmd "
"17/8/2025 2:04:08 a. m.","Información","Microsoft-Windows-Kernel-Power","105","Cambio de fuente de energía."
"17/8/2025 2:02:12 a. m.","Información","Netwtw10","7026","7026 - Dump after return from D3 after cmd"
"17/8/2025 2:02:12 a. m.","Información","Netwtw10","7025","7025 - Dump after return from D3 before cmd "
"17/8/2025 2:00:12 a. m.","Información","Netwtw10","7026","7026 - Dump after return from D3 after cmd"
"17/8/2025 2:00:12 a. m.","Información","Netwtw10","7025","7025 - Dump after return from D3 before cmd "
"17/8/2025 1:58:12 a. m.","Información","Netwtw10","7026","7026 - Dump after return from D3 after cmd"
"17/8/2025 1:58:12 a. m.","Información","Netwtw10","7025","7025 - Dump after return from D3 before cmd "
"17/8/2025 1:56:12 a. m.","Información","Netwtw10","7026","7026 - Dump after return from D3 after cmd"
"17/8/2025 1:56:12 a. m.","Información","Netwtw10","7025","7025 - Dump after return from D3 before cmd "
"17/8/2025 1:54:12 a. m.","Información","Netwtw10","7026","7026 - Dump after return from D3 after cmd"
"17/8/2025 1:54:12 a. m.","Información","Netwtw10","7025","7025 - Dump after return from D3 before cmd "
"17/8/2025 1:52:12 a. m.","Información","Netwtw10","7026","7026 - Dump after return from D3 after cmd"
"17/8/2025 1:52:12 a. m.","Información","Netwtw10","7025","7025 - Dump after return from D3 before cmd "
"17/8/2025 1:50:12 a. m.","Información","Netwtw10","7026","7026 - Dump after return from D3 after cmd"
"17/8/2025 1:50:12 a. m.","Información","Netwtw10","7025","7025 - Dump after return from D3 before cmd "
"17/8/2025 1:49:17 a. m.","Advertencia","rt640x64","1","Realtek PCIe GbE Family Controller is disconnected from network."
"17/8/2025 1:49:14 a. m.","Información","Netwtw10","7026","7026 - Dump after return from D3 after cmd"
"17/8/2025 1:49:14 a. m.","Información","Netwtw10","7025","7025 - Dump after return from D3 before cmd "
"17/8/2025 1:48:11 a. m.","Información","Netwtw10","7026","7026 - Dump after return from D3 after cmd"
"17/8/2025 1:48:11 a. m.","Información","Netwtw10","7025","7025 - Dump after return from D3 before cmd "
"17/8/2025 1:46:12 a. m.","Información","Netwtw10","7026","7026 - Dump after return from D3 after cmd"
"17/8/2025 1:46:12 a. m.","Información","Netwtw10","7025","7025 - Dump after return from D3 before cmd "
"17/8/2025 1:44:11 a. m.","Información","Netwtw10","7026","7026 - Dump after return from D3 after cmd"
"17/8/2025 1:44:11 a. m.","Información","Netwtw10","7025","7025 - Dump after return from D3 before cmd "
"17/8/2025 1:42:20 a. m.","Información","nhi","9007","The driver entered RTD3.
 All the connected devices will be removed from driver's internal state, so it is expected that DeviceDisconnected events will happen."
"17/8/2025 1:42:14 a. m.","Información","Netwtw10","7026","7026 - Dump after return from D3 after cmd"
"17/8/2025 1:42:14 a. m.","Información","Netwtw10","7025","7025 - Dump after return from D3 before cmd "
"17/8/2025 1:42:14 a. m.","Información","nhi","9008","Driver exit RTD3.
 All the connected devices will now cause DeviceConnected events."
"17/8/2025 1:42:11 a. m.","Información","Netwtw10","7026","7026 - Dump after return from D3 after cmd"
"17/8/2025 1:42:11 a. m.","Información","Netwtw10","7025","7025 - Dump after return from D3 before cmd "
"17/8/2025 1:40:11 a. m.","Información","Netwtw10","7026","7026 - Dump after return from D3 after cmd"
"17/8/2025 1:40:11 a. m.","Información","Netwtw10","7025","7025 - Dump after return from D3 before cmd "
"17/8/2025 1:38:11 a. m.","Información","Netwtw10","7026","7026 - Dump after return from D3 after cmd"
"17/8/2025 1:38:11 a. m.","Información","Netwtw10","7025","7025 - Dump after return from D3 before cmd "
"17/8/2025 1:36:11 a. m.","Información","Netwtw10","7026","7026 - Dump after return from D3 after cmd"
"17/8/2025 1:36:11 a. m.","Información","Netwtw10","7025","7025 - Dump after return from D3 before cmd "
"17/8/2025 1:34:11 a. m.","Información","Netwtw10","7026","7026 - Dump after return from D3 after cmd"
"17/8/2025 1:34:11 a. m.","Información","Netwtw10","7025","7025 - Dump after return from D3 before cmd "
"17/8/2025 1:32:11 a. m.","Información","Netwtw10","7026","7026 - Dump after return from D3 after cmd"
"17/8/2025 1:32:11 a. m.","Información","Netwtw10","7025","7025 - Dump after return from D3 before cmd "
"17/8/2025 1:30:11 a. m.","Información","Netwtw10","7026","7026 - Dump after return from D3 after cmd"
"17/8/2025 1:30:11 a. m.","Información","Netwtw10","7025","7025 - Dump after return from D3 before cmd "
"17/8/2025 1:28:11 a. m.","Información","Netwtw10","7026","7026 - Dump after return from D3 after cmd"
"17/8/2025 1:28:11 a. m.","Información","Netwtw10","7025","7025 - Dump after return from D3 before cmd "
"17/8/2025 1:26:47 a. m.","Advertencia","rt640x64","1","Realtek PCIe GbE Family Controller is disconnected from network."
"17/8/2025 1:26:44 a. m.","Información","Netwtw10","7026","7026 - Dump after return from D3 after cmd"
"17/8/2025 1:26:44 a. m.","Información","Netwtw10","7025","7025 - Dump after return from D3 before cmd "
"17/8/2025 1:26:11 a. m.","Información","Netwtw10","7026","7026 - Dump after return from D3 after cmd"
"17/8/2025 1:26:11 a. m.","Información","Netwtw10","7025","7025 - Dump after return from D3 before cmd "
"17/8/2025 1:24:11 a. m.","Información","Netwtw10","7026","7026 - Dump after return from D3 after cmd"
"17/8/2025 1:24:11 a. m.","Información","Netwtw10","7025","7025 - Dump after return from D3 before cmd "
"17/8/2025 1:22:11 a. m.","Información","Netwtw10","7026","7026 - Dump after return from D3 after cmd"
"17/8/2025 1:22:11 a. m.","Información","Netwtw10","7025","7025 - Dump after return from D3 before cmd "
"17/8/2025 1:20:11 a. m.","Información","Netwtw10","7026","7026 - Dump after return from D3 after cmd"
"17/8/2025 1:20:11 a. m.","Información","Netwtw10","7025","7025 - Dump after return from D3 before cmd "
"17/8/2025 1:18:20 a. m.","Información","nhi","9007","The driver entered RTD3.
 All the connected devices will be removed from driver's internal state, so it is expected that DeviceDisconnected events will happen."
"17/8/2025 1:18:14 a. m.","Información","Netwtw10","7026","7026 - Dump after return from D3 after cmd"
"17/8/2025 1:18:14 a. m.","Información","Netwtw10","7025","7025 - Dump after return from D3 before cmd "
"17/8/2025 1:18:14 a. m.","Información","nhi","9008","Driver exit RTD3.
 All the connected devices will now cause DeviceConnected events."
"17/8/2025 1:18:11 a. m.","Información","Netwtw10","7026","7026 - Dump after return from D3 after cmd"
"17/8/2025 1:18:11 a. m.","Información","Netwtw10","7025","7025 - Dump after return from D3 before cmd "
"17/8/2025 1:16:11 a. m.","Información","Netwtw10","7026","7026 - Dump after return from D3 after cmd"
"17/8/2025 1:16:11 a. m.","Información","Netwtw10","7025","7025 - Dump after return from D3 before cmd "
"17/8/2025 1:14:11 a. m.","Información","Netwtw10","7026","7026 - Dump after return from D3 after cmd"
"17/8/2025 1:14:11 a. m.","Información","Netwtw10","7025","7025 - Dump after return from D3 before cmd "
"17/8/2025 1:12:11 a. m.","Información","Netwtw10","7026","7026 - Dump after return from D3 after cmd"
"17/8/2025 1:12:11 a. m.","Información","Netwtw10","7025","7025 - Dump after return from D3 before cmd "
"17/8/2025 1:10:11 a. m.","Información","Netwtw10","7026","7026 - Dump after return from D3 after cmd"
"17/8/2025 1:10:11 a. m.","Información","Netwtw10","7025","7025 - Dump after return from D3 before cmd "
"17/8/2025 1:08:11 a. m.","Información","Netwtw10","7026","7026 - Dump after return from D3 after cmd"
"17/8/2025 1:08:11 a. m.","Información","Netwtw10","7025","7025 - Dump after return from D3 before cmd "
"17/8/2025 1:06:11 a. m.","Información","Netwtw10","7026","7026 - Dump after return from D3 after cmd"
"17/8/2025 1:06:11 a. m.","Información","Netwtw10","7025","7025 - Dump after return from D3 before cmd "
"17/8/2025 1:04:24 a. m.","Información","nhi","9007","The driver entered RTD3.
 All the connected devices will be removed from driver's internal state, so it is expected that DeviceDisconnected events will happen."
"17/8/2025 1:04:19 a. m.","Información","nhi","9008","Driver exit RTD3.
 All the connected devices will now cause DeviceConnected events."
"17/8/2025 1:04:19 a. m.","Información","Netwtw10","7026","7026 - Dump after return from D3 after cmd"
"17/8/2025 1:04:19 a. m.","Información","Netwtw10","7025","7025 - Dump after return from D3 before cmd "
"17/8/2025 1:04:16 a. m.","Información","Netwtw10","7026","7026 - Dump after return from D3 after cmd"
"17/8/2025 1:04:16 a. m.","Información","Netwtw10","7025","7025 - Dump after return from D3 before cmd "
"17/8/2025 1:04:15 a. m.","Advertencia","rt640x64","1","Realtek PCIe GbE Family Controller is disconnected from network."
"17/8/2025 1:04:11 a. m.","Información","Netwtw10","7026","7026 - Dump after return from D3 after cmd"
"17/8/2025 1:04:11 a. m.","Información","Netwtw10","7025","7025 - Dump after return from D3 before cmd "
"17/8/2025 1:02:11 a. m.","Información","Netwtw10","7026","7026 - Dump after return from D3 after cmd"
"17/8/2025 1:02:11 a. m.","Información","Netwtw10","7025","7025 - Dump after return from D3 before cmd "
"17/8/2025 1:00:11 a. m.","Información","Netwtw10","7026","7026 - Dump after return from D3 after cmd"
"17/8/2025 1:00:11 a. m.","Información","Netwtw10","7025","7025 - Dump after return from D3 before cmd "
"17/8/2025 12:58:11 a. m.","Información","Netwtw10","7026","7026 - Dump after return from D3 after cmd"
"17/8/2025 12:58:11 a. m.","Información","Netwtw10","7025","7025 - Dump after return from D3 before cmd "
"17/8/2025 12:56:15 a. m.","Advertencia","rt640x64","1","Realtek PCIe GbE Family Controller is disconnected from network."
"17/8/2025 12:56:11 a. m.","Información","Netwtw10","7026","7026 - Dump after return from D3 after cmd"
"17/8/2025 12:56:11 a. m.","Información","Netwtw10","7025","7025 - Dump after return from D3 before cmd "
"17/8/2025 12:54:11 a. m.","Información","Netwtw10","7026","7026 - Dump after return from D3 after cmd"
"17/8/2025 12:54:11 a. m.","Información","Netwtw10","7025","7025 - Dump after return from D3 before cmd "
"17/8/2025 12:52:11 a. m.","Información","Netwtw10","7026","7026 - Dump after return from D3 after cmd"
"17/8/2025 12:52:11 a. m.","Información","Netwtw10","7025","7025 - Dump after return from D3 before cmd "
"17/8/2025 12:51:24 a. m.","Información","Microsoft-Windows-Kernel-General","16","El historial de accesos en el subárbol \??\C:\WINDOWS\System32\SMI\Store\Machine\schema.dat se borró mediante la actualización de 14810 claves y la creación de 2535 páginas modificadas."
"17/8/2025 12:51:24 a. m.","Información","Microsoft-Windows-Kernel-General","16","El historial de accesos en el subárbol \??\C:\WINDOWS\System32\config\COMPONENTS se borró mediante la actualización de 168860 claves y la creación de 14794 páginas modificadas."
"17/8/2025 12:51:18 a. m.","Advertencia","rt640x64","1","Realtek PCIe GbE Family Controller is disconnected from network."
"17/8/2025 12:51:15 a. m.","Información","Netwtw10","7026","7026 - Dump after return from D3 after cmd"
"17/8/2025 12:51:15 a. m.","Información","Netwtw10","7025","7025 - Dump after return from D3 before cmd "
"17/8/2025 12:50:11 a. m.","Información","Netwtw10","7026","7026 - Dump after return from D3 after cmd"
"17/8/2025 12:50:11 a. m.","Información","Netwtw10","7025","7025 - Dump after return from D3 before cmd "
"17/8/2025 12:49:19 a. m.","Advertencia","rt640x64","1","Realtek PCIe GbE Family Controller is disconnected from network."
"17/8/2025 12:49:16 a. m.","Información","Netwtw10","7026","7026 - Dump after return from D3 after cmd"
"17/8/2025 12:49:16 a. m.","Información","Netwtw10","7025","7025 - Dump after return from D3 before cmd "
"17/8/2025 12:48:11 a. m.","Información","Netwtw10","7026","7026 - Dump after return from D3 after cmd"
"17/8/2025 12:48:11 a. m.","Información","Netwtw10","7025","7025 - Dump after return from D3 before cmd "
"17/8/2025 12:46:11 a. m.","Información","Netwtw10","7026","7026 - Dump after return from D3 after cmd"
"17/8/2025 12:46:11 a. m.","Información","Netwtw10","7025","7025 - Dump after return from D3 before cmd "
"17/8/2025 12:44:11 a. m.","Información","Netwtw10","7026","7026 - Dump after return from D3 after cmd"
"17/8/2025 12:44:11 a. m.","Información","Netwtw10","7025","7025 - Dump after return from D3 before cmd "
"17/8/2025 12:42:11 a. m.","Información","Netwtw10","7026","7026 - Dump after return from D3 after cmd"
"17/8/2025 12:42:11 a. m.","Información","Netwtw10","7025","7025 - Dump after return from D3 before cmd "
"17/8/2025 12:40:11 a. m.","Información","Netwtw10","7026","7026 - Dump after return from D3 after cmd"
"17/8/2025 12:40:11 a. m.","Información","Netwtw10","7025","7025 - Dump after return from D3 before cmd "
"17/8/2025 12:40:07 a. m.","Advertencia","rt640x64","1","Realtek PCIe GbE Family Controller is disconnected from network."
"17/8/2025 12:40:04 a. m.","Información","Netwtw10","7026","7026 - Dump after return from D3 after cmd"
"17/8/2025 12:40:04 a. m.","Información","Netwtw10","7025","7025 - Dump after return from D3 before cmd "
"17/8/2025 12:38:11 a. m.","Información","Netwtw10","7026","7026 - Dump after return from D3 after cmd"
"17/8/2025 12:38:11 a. m.","Información","Netwtw10","7025","7025 - Dump after return from D3 before cmd "
"17/8/2025 12:36:11 a. m.","Información","Netwtw10","7026","7026 - Dump after return from D3 after cmd"
"17/8/2025 12:36:11 a. m.","Información","Netwtw10","7025","7025 - Dump after return from D3 before cmd "
"17/8/2025 12:34:11 a. m.","Información","Netwtw10","7026","7026 - Dump after return from D3 after cmd"
"17/8/2025 12:34:11 a. m.","Información","Netwtw10","7025","7025 - Dump after return from D3 before cmd "
"17/8/2025 12:33:27 a. m.","Información","Netwtw10","7026","7026 - Dump after return from D3 after cmd"
"17/8/2025 12:33:27 a. m.","Información","Netwtw10","7025","7025 - Dump after return from D3 before cmd "
"17/8/2025 12:32:15 a. m.","Advertencia","rt640x64","1","Realtek PCIe GbE Family Controller is disconnected from network."
"17/8/2025 12:32:11 a. m.","Información","Netwtw10","7026","7026 - Dump after return from D3 after cmd"
"17/8/2025 12:32:11 a. m.","Información","Netwtw10","7025","7025 - Dump after return from D3 before cmd "
"17/8/2025 12:30:11 a. m.","Información","Netwtw10","7026","7026 - Dump after return from D3 after cmd"
"17/8/2025 12:30:11 a. m.","Información","Netwtw10","7025","7025 - Dump after return from D3 before cmd "
"17/8/2025 12:29:28 a. m.","Información","Netwtw10","7026","7026 - Dump after return from D3 after cmd"
"17/8/2025 12:29:28 a. m.","Información","Netwtw10","7025","7025 - Dump after return from D3 before cmd "
"17/8/2025 12:28:11 a. m.","Información","Netwtw10","7026","7026 - Dump after return from D3 after cmd"
"17/8/2025 12:28:11 a. m.","Información","Netwtw10","7025","7025 - Dump after return from D3 before cmd "
"17/8/2025 12:26:49 a. m.","Error","Microsoft-Windows-DistributedCOM","10010","El servidor {283EDD52-69B2-473D-BEB6-2C0B4C01FD73} no se registró con DCOM dentro del tiempo de espera requerido."
"17/8/2025 12:26:11 a. m.","Información","Netwtw10","7026","7026 - Dump after return from D3 after cmd"
"17/8/2025 12:26:11 a. m.","Información","Netwtw10","7025","7025 - Dump after return from D3 before cmd "
"17/8/2025 12:24:11 a. m.","Información","Netwtw10","7026","7026 - Dump after return from D3 after cmd"
"17/8/2025 12:24:11 a. m.","Información","Netwtw10","7025","7025 - Dump after return from D3 before cmd "
"17/8/2025 12:23:29 a. m.","Advertencia","rt640x64","1","Realtek PCIe GbE Family Controller is disconnected from network."
"17/8/2025 12:23:26 a. m.","Información","Netwtw10","7026","7026 - Dump after return from D3 after cmd"
"17/8/2025 12:23:26 a. m.","Información","Netwtw10","7025","7025 - Dump after return from D3 before cmd "
"17/8/2025 12:22:11 a. m.","Información","Netwtw10","7026","7026 - Dump after return from D3 after cmd"
"17/8/2025 12:22:11 a. m.","Información","Netwtw10","7025","7025 - Dump after return from D3 before cmd "
"17/8/2025 12:20:11 a. m.","Información","Netwtw10","7026","7026 - Dump after return from D3 after cmd"
"17/8/2025 12:20:11 a. m.","Información","Netwtw10","7025","7025 - Dump after return from D3 before cmd "
"17/8/2025 12:18:11 a. m.","Información","Netwtw10","7026","7026 - Dump after return from D3 after cmd"
"17/8/2025 12:18:11 a. m.","Información","Netwtw10","7025","7025 - Dump after return from D3 before cmd "
"17/8/2025 12:16:11 a. m.","Información","Netwtw10","7026","7026 - Dump after return from D3 after cmd"
"17/8/2025 12:16:11 a. m.","Información","Netwtw10","7025","7025 - Dump after return from D3 before cmd "
"17/8/2025 12:14:11 a. m.","Información","Netwtw10","7026","7026 - Dump after return from D3 after cmd"
"17/8/2025 12:14:11 a. m.","Información","Netwtw10","7025","7025 - Dump after return from D3 before cmd "
"17/8/2025 12:12:11 a. m.","Información","Netwtw10","7026","7026 - Dump after return from D3 after cmd"
"17/8/2025 12:12:11 a. m.","Información","Netwtw10","7025","7025 - Dump after return from D3 before cmd "
"17/8/2025 12:10:11 a. m.","Información","Netwtw10","7026","7026 - Dump after return from D3 after cmd"
"17/8/2025 12:10:11 a. m.","Información","Netwtw10","7025","7025 - Dump after return from D3 before cmd "
"17/8/2025 12:08:11 a. m.","Información","Netwtw10","7026","7026 - Dump after return from D3 after cmd"
"17/8/2025 12:08:11 a. m.","Información","Netwtw10","7025","7025 - Dump after return from D3 before cmd "
"17/8/2025 12:06:11 a. m.","Información","Netwtw10","7026","7026 - Dump after return from D3 after cmd"
"17/8/2025 12:06:11 a. m.","Información","Netwtw10","7025","7025 - Dump after return from D3 before cmd "
"17/8/2025 12:04:11 a. m.","Información","Netwtw10","7026","7026 - Dump after return from D3 after cmd"
"17/8/2025 12:04:11 a. m.","Información","Netwtw10","7025","7025 - Dump after return from D3 before cmd "
"17/8/2025 12:02:11 a. m.","Información","Netwtw10","7026","7026 - Dump after return from D3 after cmd"
"17/8/2025 12:02:11 a. m.","Información","Netwtw10","7025","7025 - Dump after return from D3 before cmd "
"17/8/2025 12:00:14 a. m.","Advertencia","rt640x64","1","Realtek PCIe GbE Family Controller is disconnected from network."
"17/8/2025 12:00:11 a. m.","Información","Netwtw10","7026","7026 - Dump after return from D3 after cmd"
"17/8/2025 12:00:11 a. m.","Información","Netwtw10","7025","7025 - Dump after return from D3 before cmd "
"16/8/2025 11:58:11 p. m.","Información","Netwtw10","7026","7026 - Dump after return from D3 after cmd"
"16/8/2025 11:58:11 p. m.","Información","Netwtw10","7025","7025 - Dump after return from D3 before cmd "
"16/8/2025 11:56:11 p. m.","Información","Netwtw10","7026","7026 - Dump after return from D3 after cmd"
"16/8/2025 11:56:11 p. m.","Información","Netwtw10","7025","7025 - Dump after return from D3 before cmd "
"16/8/2025 11:54:24 p. m.","Información","nhi","9007","The driver entered RTD3.
 All the connected devices will be removed from driver's internal state, so it is expected that DeviceDisconnected events will happen."
"16/8/2025 11:54:19 p. m.","Información","Netwtw10","7026","7026 - Dump after return from D3 after cmd"
"16/8/2025 11:54:19 p. m.","Información","Netwtw10","7025","7025 - Dump after return from D3 before cmd "
"16/8/2025 11:54:17 p. m.","Información","Netwtw10","7026","7026 - Dump after return from D3 after cmd"
"16/8/2025 11:54:17 p. m.","Información","Netwtw10","7025","7025 - Dump after return from D3 before cmd "
"16/8/2025 11:54:17 p. m.","Información","nhi","9008","Driver exit RTD3.
 All the connected devices will now cause DeviceConnected events."
"16/8/2025 11:54:14 p. m.","Advertencia","rt640x64","1","Realtek PCIe GbE Family Controller is disconnected from network."
"16/8/2025 11:54:11 p. m.","Información","Netwtw10","7026","7026 - Dump after return from D3 after cmd"
"16/8/2025 11:54:11 p. m.","Información","Netwtw10","7025","7025 - Dump after return from D3 before cmd "
"16/8/2025 11:52:11 p. m.","Información","Netwtw10","7026","7026 - Dump after return from D3 after cmd"
"16/8/2025 11:52:11 p. m.","Información","Netwtw10","7025","7025 - Dump after return from D3 before cmd "
"16/8/2025 11:50:11 p. m.","Información","Netwtw10","7026","7026 - Dump after return from D3 after cmd"
"16/8/2025 11:50:11 p. m.","Información","Netwtw10","7025","7025 - Dump after return from D3 before cmd "
"16/8/2025 11:48:11 p. m.","Información","Netwtw10","7026","7026 - Dump after return from D3 after cmd"
"16/8/2025 11:48:11 p. m.","Información","Netwtw10","7025","7025 - Dump after return from D3 before cmd "
"16/8/2025 11:46:11 p. m.","Información","Netwtw10","7026","7026 - Dump after return from D3 after cmd"
"16/8/2025 11:46:11 p. m.","Información","Netwtw10","7025","7025 - Dump after return from D3 before cmd "
"16/8/2025 11:44:11 p. m.","Información","Netwtw10","7026","7026 - Dump after return from D3 after cmd"
"16/8/2025 11:44:11 p. m.","Información","Netwtw10","7025","7025 - Dump after return from D3 before cmd "
"16/8/2025 11:42:11 p. m.","Información","Netwtw10","7026","7026 - Dump after return from D3 after cmd"
"16/8/2025 11:42:11 p. m.","Información","Netwtw10","7025","7025 - Dump after return from D3 before cmd "
"16/8/2025 11:40:11 p. m.","Información","Netwtw10","7026","7026 - Dump after return from D3 after cmd"
"16/8/2025 11:40:11 p. m.","Información","Netwtw10","7025","7025 - Dump after return from D3 before cmd "
"16/8/2025 11:38:14 p. m.","Advertencia","rt640x64","1","Realtek PCIe GbE Family Controller is disconnected from network."
"16/8/2025 11:38:11 p. m.","Información","Netwtw10","7026","7026 - Dump after return from D3 after cmd"
"16/8/2025 11:38:11 p. m.","Información","Netwtw10","7025","7025 - Dump after return from D3 before cmd "
"16/8/2025 11:36:11 p. m.","Información","Netwtw10","7026","7026 - Dump after return from D3 after cmd"
"16/8/2025 11:36:11 p. m.","Información","Netwtw10","7025","7025 - Dump after return from D3 before cmd "
"16/8/2025 11:34:11 p. m.","Información","Netwtw10","7026","7026 - Dump after return from D3 after cmd"
"16/8/2025 11:34:11 p. m.","Información","Netwtw10","7025","7025 - Dump after return from D3 before cmd "
"16/8/2025 11:32:15 p. m.","Advertencia","rt640x64","1","Realtek PCIe GbE Family Controller is disconnected from network."
"16/8/2025 11:32:12 p. m.","Información","Netwtw10","7026","7026 - Dump after return from D3 after cmd"
"16/8/2025 11:32:12 p. m.","Información","Netwtw10","7025","7025 - Dump after return from D3 before cmd "
"16/8/2025 11:30:12 p. m.","Información","Netwtw10","7026","7026 - Dump after return from D3 after cmd"
"16/8/2025 11:30:12 p. m.","Información","Netwtw10","7025","7025 - Dump after return from D3 before cmd "
"16/8/2025 11:28:12 p. m.","Información","Netwtw10","7026","7026 - Dump after return from D3 after cmd"
"16/8/2025 11:28:12 p. m.","Información","Netwtw10","7025","7025 - Dump after return from D3 before cmd "
"16/8/2025 11:26:42 p. m.","Información","Netwtw10","7026","7026 - Dump after return from D3 after cmd"
"16/8/2025 11:26:42 p. m.","Información","Netwtw10","7025","7025 - Dump after return from D3 before cmd "
"16/8/2025 11:26:12 p. m.","Información","Netwtw10","7026","7026 - Dump after return from D3 after cmd"
"16/8/2025 11:26:12 p. m.","Información","Netwtw10","7025","7025 - Dump after return from D3 before cmd "
"16/8/2025 11:24:12 p. m.","Advertencia","Netwtw10","6062","6062 - Lso was triggered"
"16/8/2025 11:24:09 p. m.","Información","Netwtw10","7026","7026 - Dump after return from D3 after cmd"
"16/8/2025 11:24:09 p. m.","Información","Netwtw10","7025","7025 - Dump after return from D3 before cmd "
"16/8/2025 11:09:49 p. m.","Información","Microsoft-Windows-Kernel-Power","566","La sesión del sistema ha cambiado de 10 a 11.

Motivo InputMouse 

BootId: 15"
"16/8/2025 11:09:45 p. m.","Información","Netwtw10","7021","7021 - Connection telemetry fields and analysis usage"
"16/8/2025 11:09:44 p. m.","Información","Microsoft-Windows-Kernel-Power","506","El sistema está entrando en el modo de espera moderno 

motivo: AC/DC Display Burst Suppressed. "
"16/8/2025 11:09:44 p. m.","Información","Microsoft-Windows-Kernel-Power","566","La sesión del sistema ha cambiado de 9 a 10.

Motivo InputMouse 

BootId: 15"
"16/8/2025 11:09:44 p. m.","Información","Microsoft-Windows-Kernel-Power","507","El sistema está saliendo del modo de espera moderno 

motivo: AC/DC Display Burst Suppressed. "
"16/8/2025 11:09:44 p. m.","Información","Microsoft-Windows-Kernel-Power","172","Estado de conectividad en modo de espera: Connected. Motivo: None"
"16/8/2025 11:09:44 p. m.","Información","Netwtw10","7026","7026 - Dump after return from D3 after cmd"
"16/8/2025 11:09:44 p. m.","Información","Netwtw10","7025","7025 - Dump after return from D3 before cmd "
"16/8/2025 11:09:44 p. m.","Información","Microsoft-Windows-Kernel-Power","105","Cambio de fuente de energía."
"16/8/2025 10:36:49 p. m.","Información","Microsoft-Windows-Kernel-Power","172","Estado de conectividad en modo de espera: Disconnected. Motivo: Policy Setting"
"16/8/2025 10:36:42 p. m.","Información","Microsoft-Windows-Kernel-Power","566","La sesión del sistema ha cambiado de 8 a 9.

Motivo 55 

BootId: 15"
"16/8/2025 10:36:37 p. m.","Información","Microsoft-Windows-Kernel-Power","506","El sistema está entrando en el modo de espera moderno 

motivo: Austerity Battery Drain Budget Exceeded. "
"16/8/2025 10:36:37 p. m.","Información","Microsoft-Windows-Kernel-Power","566","La sesión del sistema ha cambiado de 7 a 8.

Motivo 55 

BootId: 15"
"16/8/2025 10:36:37 p. m.","Información","Microsoft-Windows-Kernel-Power","507","El sistema está saliendo del modo de espera moderno 

motivo: Austerity Battery Drain Budget Exceeded. "
"16/8/2025 10:36:37 p. m.","Información","Microsoft-Windows-Kernel-Power","172","Estado de conectividad en modo de espera: Connected. Motivo: None"
"16/8/2025 10:36:37 p. m.","Información","Netwtw10","7026","7026 - Dump after return from D3 after cmd"
"16/8/2025 10:36:37 p. m.","Información","Netwtw10","7025","7025 - Dump after return from D3 before cmd "
"16/8/2025 10:21:40 p. m.","Información","Microsoft-Windows-Kernel-Power","172","Estado de conectividad en modo de espera: Disconnected. Motivo: Adaptive Connected Standby"
"16/8/2025 10:21:33 p. m.","Información","Microsoft-Windows-Kernel-Power","566","La sesión del sistema ha cambiado de 6 a 7.

Motivo PolicyChange 

BootId: 15"
"16/8/2025 10:21:33 p. m.","Advertencia","Win32k","700","Administrador de energía solicitó la supresión de todas las entradas (INPUT_SUPPRESS_REQUEST = 1)"
"16/8/2025 10:21:33 p. m.","Advertencia","Win32k","700","Administrador de energía solicitó la supresión de todas las entradas (INPUT_SUPPRESS_REQUEST = 1)"
"16/8/2025 10:21:33 p. m.","Información","Microsoft-Windows-Kernel-Power","506","El sistema está entrando en el modo de espera moderno 

motivo: Lid. "
