"1/8/2025 9:24:52 p. m.","Error","Microsoft-Windows-HAL","20","No se consultó el reloj en tiempo real de hardware debido a un error en la evaluación del método de dispositivo de alarma y hora ACPI.  Estado: 0xC00000BB."
"1/8/2025 9:24:52 p. m.","Información","Microsoft-Windows-Kernel-General","24","La información de zona horaria se actualizó con el motivo de salida 0. La diferencia de zona horaria actual es 240."
"1/8/2025 9:24:52 p. m.","Información","Microsoft-Windows-Kernel-Power","566","La sesión del sistema ha cambiado de 158 a 159.

Motivo PolicyChange 

BootId: 10"
"1/8/2025 9:24:52 p. m.","Advertencia","Win32k","700","Administrador de energía solicitó la supresión de todas las entradas (INPUT_SUPPRESS_REQUEST = 1)"
"1/8/2025 9:24:52 p. m.","Advertencia","Win32k","700","Administrador de energía solicitó la supresión de todas las entradas (INPUT_SUPPRESS_REQUEST = 1)"
"1/8/2025 9:24:52 p. m.","Información","Microsoft-Windows-Kernel-Power","506","El sistema está entrando en el modo de espera moderno 

motivo: Lid. "
"1/8/2025 9:24:52 p. m.","Información","Microsoft-Windows-Kernel-Power","566","La sesión del sistema ha cambiado de 157 a 158.

Motivo PolicyChange 

BootId: 10"
"1/8/2025 8:53:31 p. m.","Información","Microsoft-Windows-IsolatedUserMode","5","Secure Trustlet NULL Id 0 and Pid 0 started with status STATUS_SUCCESS."
"1/8/2025 8:53:31 p. m.","Información","Microsoft-Windows-IsolatedUserMode","2","Secure Trustlet Id 0 and Pid 0 stopped with status STATUS_SUCCESS."
"1/8/2025 8:16:25 p. m.","Información","Microsoft-Windows-IsolatedUserMode","5","Secure Trustlet NULL Id 0 and Pid 0 started with status STATUS_SUCCESS."
"1/8/2025 8:16:25 p. m.","Información","Microsoft-Windows-IsolatedUserMode","2","Secure Trustlet Id 0 and Pid 0 stopped with status STATUS_SUCCESS."
"1/8/2025 7:44:19 p. m.","Información","Microsoft-Windows-Kernel-Power","105","Cambio de fuente de energía."
"1/8/2025 7:25:38 p. m.","Información","Microsoft-Windows-IsolatedUserMode","5","Secure Trustlet NULL Id 0 and Pid 0 started with status STATUS_SUCCESS."
"1/8/2025 7:25:38 p. m.","Información","Microsoft-Windows-IsolatedUserMode","2","Secure Trustlet Id 0 and Pid 0 stopped with status STATUS_SUCCESS."
"1/8/2025 7:25:16 p. m.","Información","Microsoft-Windows-IsolatedUserMode","5","Secure Trustlet NULL Id 0 and Pid 0 started with status STATUS_SUCCESS."
"1/8/2025 7:25:15 p. m.","Información","Microsoft-Windows-IsolatedUserMode","2","Secure Trustlet Id 0 and Pid 0 stopped with status STATUS_SUCCESS."
"1/8/2025 7:24:34 p. m.","Información","Microsoft-Windows-IsolatedUserMode","5","Secure Trustlet NULL Id 0 and Pid 0 started with status STATUS_SUCCESS."
"1/8/2025 7:24:34 p. m.","Información","Microsoft-Windows-IsolatedUserMode","2","Secure Trustlet Id 0 and Pid 0 stopped with status STATUS_SUCCESS."
"1/8/2025 7:19:32 p. m.","Información","TPM","17","El hardware del Módulo de plataforma segura (TPM) no pudo ejecutar un comando de TPM."
"1/8/2025 7:19:32 p. m.","Información","TPM","17","El hardware del Módulo de plataforma segura (TPM) no pudo ejecutar un comando de TPM."
"1/8/2025 7:19:31 p. m.","Información","TPM","17","El hardware del Módulo de plataforma segura (TPM) no pudo ejecutar un comando de TPM."
"1/8/2025 7:19:30 p. m.","Información","Microsoft-Windows-IsolatedUserMode","5","Secure Trustlet NULL Id 0 and Pid 0 started with status STATUS_SUCCESS."
"1/8/2025 7:19:30 p. m.","Información","Microsoft-Windows-IsolatedUserMode","2","Secure Trustlet Id 0 and Pid 0 stopped with status STATUS_SUCCESS."
"1/8/2025 7:03:18 p. m.","Información","Microsoft-Windows-Time-Service","37","El proveedor de hora NtpClient está recibiendo datos de hora  válidos desde time.windows.com,0x9 (ntp.m|0x9|0.0.0.0:123->40.119.6.228:123)."
"1/8/2025 5:33:11 p. m.","Información","Microsoft-Windows-IsolatedUserMode","5","Secure Trustlet NULL Id 0 and Pid 0 started with status STATUS_SUCCESS."
"1/8/2025 5:33:10 p. m.","Información","Microsoft-Windows-IsolatedUserMode","2","Secure Trustlet Id 0 and Pid 0 stopped with status STATUS_SUCCESS."
"1/8/2025 5:30:53 p. m.","Información","Microsoft-Windows-Kernel-Power","105","Cambio de fuente de energía."
"1/8/2025 5:01:47 p. m.","Información","Microsoft-Windows-IsolatedUserMode","2","Secure Trustlet Id 6 and Pid 3248 stopped with status STATUS_SUCCESS."
"1/8/2025 4:53:48 p. m.","Información","Microsoft-Windows-IsolatedUserMode","1","Secure Trustlet \??\C:\WINDOWS\System32\NgcIso.exe Id 6 and Pid 3248 started with status STATUS_SUCCESS."
"1/8/2025 4:53:48 p. m.","Información","Microsoft-Windows-IsolatedUserMode","5","Secure Trustlet NULL Id 0 and Pid 0 started with status STATUS_SUCCESS."
"1/8/2025 4:30:00 p. m.","Información","TPM","17","El hardware del Módulo de plataforma segura (TPM) no pudo ejecutar un comando de TPM."
"1/8/2025 4:29:59 p. m.","Información","TPM","17","El hardware del Módulo de plataforma segura (TPM) no pudo ejecutar un comando de TPM."
"1/8/2025 4:29:59 p. m.","Información","TPM","17","El hardware del Módulo de plataforma segura (TPM) no pudo ejecutar un comando de TPM."
"1/8/2025 4:29:58 p. m.","Información","Microsoft-Windows-IsolatedUserMode","5","Secure Trustlet NULL Id 0 and Pid 0 started with status STATUS_SUCCESS."
"1/8/2025 4:29:58 p. m.","Información","Microsoft-Windows-IsolatedUserMode","2","Secure Trustlet Id 0 and Pid 0 stopped with status STATUS_SUCCESS."
"1/8/2025 3:52:25 p. m.","Información","Microsoft-Windows-IsolatedUserMode","5","Secure Trustlet NULL Id 0 and Pid 0 started with status STATUS_SUCCESS."
"1/8/2025 3:52:25 p. m.","Información","Microsoft-Windows-IsolatedUserMode","2","Secure Trustlet Id 0 and Pid 0 stopped with status STATUS_SUCCESS."
"1/8/2025 3:40:36 p. m.","Información","Microsoft-Windows-Kernel-General","16","El historial de accesos en el subárbol \??\C:\Users\Default\NTUSER.DAT se borró mediante la actualización de 42 claves y la creación de 9 páginas modificadas."
"1/8/2025 2:40:52 p. m.","Información","Microsoft-Windows-Kernel-Power","105","Cambio de fuente de energía."
"1/8/2025 2:24:06 p. m.","Información","Microsoft-Windows-Kernel-General","16","El historial de accesos en el subárbol \??\C:\Users\PCTIC-05\AppData\Local\Packages\Microsoft.ScreenSketch_8wekyb3d8bbwe\SystemAppData\Helium\UserClasses.dat se borró mediante la actualización de 5 claves y la creación de 2 páginas modificadas."
"1/8/2025 2:24:06 p. m.","Información","Microsoft-Windows-Kernel-General","16","El historial de accesos en el subárbol \??\C:\Users\PCTIC-05\AppData\Local\Packages\Microsoft.ScreenSketch_8wekyb3d8bbwe\SystemAppData\Helium\User.dat se borró mediante la actualización de 7 claves y la creación de 1 páginas modificadas."
"1/8/2025 2:03:21 p. m.","Información","nhi","9007","The driver entered RTD3.
 All the connected devices will be removed from driver's internal state, so it is expected that DeviceDisconnected events will happen."
"1/8/2025 2:03:16 p. m.","Información","nhi","9008","Driver exit RTD3.
 All the connected devices will now cause DeviceConnected events."
"1/8/2025 1:49:42 p. m.","Información","Microsoft-Windows-Kernel-Power","105","Cambio de fuente de energía."
"1/8/2025 12:17:14 p. m.","Error","Microsoft-Windows-DistributedCOM","10010","El servidor {88435F68-FFC1-445F-8EDF-EF78B84BA1C7} no se registró con DCOM dentro del tiempo de espera requerido."
"1/8/2025 12:16:43 p. m.","Error","Microsoft-Windows-DistributedCOM","10010","El servidor {88435F68-FFC1-445F-8EDF-EF78B84BA1C7} no se registró con DCOM dentro del tiempo de espera requerido."
"1/8/2025 12:16:11 p. m.","Error","Microsoft-Windows-DistributedCOM","10010","El servidor {88435F68-FFC1-445F-8EDF-EF78B84BA1C7} no se registró con DCOM dentro del tiempo de espera requerido."
"1/8/2025 12:00:00 p. m.","Información","EventLog","6013","El tiempo límite del sistema es de 643147 segundos."
"1/8/2025 11:40:10 a. m.","Información","Microsoft-Windows-Kernel-General","16","El historial de accesos en el subárbol \??\C:\Users\PCTIC-05\AppData\Local\Packages\Microsoft.WindowsNotepad_8wekyb3d8bbwe\Settings\settings.dat se borró mediante la actualización de 2 claves y la creación de 1 páginas modificadas."
"1/8/2025 11:00:49 a. m.","Información","Microsoft-Windows-IsolatedUserMode","5","Secure Trustlet NULL Id 0 and Pid 0 started with status STATUS_SUCCESS."
"1/8/2025 11:00:49 a. m.","Información","Microsoft-Windows-IsolatedUserMode","2","Secure Trustlet Id 0 and Pid 0 stopped with status STATUS_SUCCESS."
"1/8/2025 10:26:36 a. m.","Información","Microsoft-Windows-WindowsUpdateClient","19","Instalación correcta: Windows instaló correctamente la siguiente actualización: 9WZDNCRFHVFW-Microsoft.BingNews"
"1/8/2025 10:26:35 a. m.","Información","Microsoft-Windows-Kernel-General","16","El historial de accesos en el subárbol \??\C:\Users\PCTIC-05\AppData\Local\Packages\Microsoft.BingNews_8wekyb3d8bbwe\Settings\settings.dat se borró mediante la actualización de 1 claves y la creación de 1 páginas modificadas."
"1/8/2025 10:26:34 a. m.","Información","Microsoft-Windows-WindowsUpdateClient","43","Instalación iniciada: Windows comenzó a instalar la actualización siguiente: 9WZDNCRFHVFW-Microsoft.BingNews"
"1/8/2025 10:26:34 a. m.","Información","Microsoft-Windows-WindowsUpdateClient","19","Instalación correcta: Windows instaló correctamente la siguiente actualización: 9WZDNCRD1HKW-Microsoft.XboxIdentityProvider"
"1/8/2025 10:26:31 a. m.","Información","Microsoft-Windows-WindowsUpdateClient","19","Instalación correcta: Windows instaló correctamente la siguiente actualización: 9NBLGGH10PG8-MICROSOFT.PEOPLE"
"1/8/2025 10:26:27 a. m.","Información","Microsoft-Windows-WindowsUpdateClient","44","Windows Update comenzó a descargar una actualización."
"1/8/2025 10:26:27 a. m.","Información","Microsoft-Windows-WindowsUpdateClient","44","Windows Update comenzó a descargar una actualización."
"1/8/2025 10:26:22 a. m.","Información","Microsoft-Windows-WindowsUpdateClient","19","Instalación correcta: Windows instaló correctamente la siguiente actualización: 9NBLGGH537C2-Microsoft.XboxGameOverlay"
"1/8/2025 10:26:21 a. m.","Información","Microsoft-Windows-WindowsUpdateClient","44","Windows Update comenzó a descargar una actualización."
"1/8/2025 10:26:21 a. m.","Información","Microsoft-Windows-WindowsUpdateClient","44","Windows Update comenzó a descargar una actualización."
"1/8/2025 10:23:41 a. m.","Información","Microsoft-Windows-WindowsUpdateClient","19","Instalación correcta: Windows instaló correctamente la siguiente actualización: 9WZDNCRFJ3Q2-Microsoft.BingWeather"
"1/8/2025 10:23:39 a. m.","Información","Microsoft-Windows-Kernel-General","16","El historial de accesos en el subárbol \??\C:\Users\PCTIC-05\AppData\Local\Packages\Microsoft.BingWeather_8wekyb3d8bbwe\Settings\settings.dat se borró mediante la actualización de 2 claves y la creación de 1 páginas modificadas."
"1/8/2025 10:23:39 a. m.","Información","Microsoft-Windows-WindowsUpdateClient","43","Instalación iniciada: Windows comenzó a instalar la actualización siguiente: 9WZDNCRFJ3Q2-Microsoft.BingWeather"
"1/8/2025 10:23:35 a. m.","Información","Microsoft-Windows-Kernel-General","16","El historial de accesos en el subárbol \??\C:\ProgramData\Microsoft\Windows\AppRepository\Packages\Microsoft.BingWeather_4.54.63026.0_x64__8wekyb3d8bbwe\ActivationStore.dat se borró mediante la actualización de 0 claves y la creación de 0 páginas modificadas."
"1/8/2025 10:23:29 a. m.","Información","Microsoft-Windows-WindowsUpdateClient","19","Instalación correcta: Windows instaló correctamente la siguiente actualización: 9WZDNCRD29V9-MICROSOFT.MICROSOFTOFFICEHUB"
"1/8/2025 10:23:26 a. m.","Información","Microsoft-Windows-WindowsUpdateClient","43","Instalación iniciada: Windows comenzó a instalar la actualización siguiente: 9WZDNCRD29V9-MICROSOFT.MICROSOFTOFFICEHUB"
"1/8/2025 10:23:24 a. m.","Información","Microsoft-Windows-Kernel-General","16","El historial de accesos en el subárbol \??\C:\ProgramData\Microsoft\Windows\AppRepository\Packages\Microsoft.MicrosoftOfficeHub_19.2507.59091.0_x64__8wekyb3d8bbwe\ActivationStore.dat se borró mediante la actualización de 0 claves y la creación de 0 páginas modificadas."
"1/8/2025 10:22:52 a. m.","Error","Microsoft-Windows-WindowsUpdateClient","20","Error de instalación: error de Windows al instalar la siguiente actualización, error 0x80073D02: 9NTXGKQ8P7N0-MicrosoftWindows.CrossDevice."
"1/8/2025 10:22:51 a. m.","Información","Microsoft-Windows-WindowsUpdateClient","43","Instalación iniciada: Windows comenzó a instalar la actualización siguiente: 9NTXGKQ8P7N0-MicrosoftWindows.CrossDevice"
"1/8/2025 10:22:51 a. m.","Información","Microsoft-Windows-WindowsUpdateClient","44","Windows Update comenzó a descargar una actualización."
"1/8/2025 10:22:41 a. m.","Información","Microsoft-Windows-WindowsUpdateClient","44","Windows Update comenzó a descargar una actualización."
"1/8/2025 10:22:36 a. m.","Error","Microsoft-Windows-WindowsUpdateClient","20","Error de instalación: error de Windows al instalar la siguiente actualización, error 0x80073D02: 9NTXGKQ8P7N0-MicrosoftWindows.CrossDevice."
"1/8/2025 10:22:35 a. m.","Información","Microsoft-Windows-WindowsUpdateClient","43","Instalación iniciada: Windows comenzó a instalar la actualización siguiente: 9NTXGKQ8P7N0-MicrosoftWindows.CrossDevice"
"1/8/2025 10:22:35 a. m.","Información","Microsoft-Windows-WindowsUpdateClient","44","Windows Update comenzó a descargar una actualización."
"1/8/2025 10:22:08 a. m.","Información","Microsoft-Windows-WindowsUpdateClient","44","Windows Update comenzó a descargar una actualización."
"1/8/2025 10:22:08 a. m.","Información","Microsoft-Windows-WindowsUpdateClient","44","Windows Update comenzó a descargar una actualización."
"1/8/2025 10:22:08 a. m.","Información","Microsoft-Windows-WindowsUpdateClient","44","Windows Update comenzó a descargar una actualización."
"1/8/2025 10:21:31 a. m.","Información","Microsoft-Windows-WindowsUpdateClient","19","Instalación correcta: Windows instaló correctamente la siguiente actualización: Actualización de inteligencia de seguridad para Microsoft Defender Antivirus - KB2267602 (versión 1.433.227.0) - Canal actual (ampliado)"
"1/8/2025 10:21:21 a. m.","Información","Microsoft-Windows-WindowsUpdateClient","43","Instalación iniciada: Windows comenzó a instalar la actualización siguiente: Actualización de inteligencia de seguridad para Microsoft Defender Antivirus - KB2267602 (versión 1.433.227.0) - Canal actual (ampliado)"
"1/8/2025 10:21:21 a. m.","Información","Microsoft-Windows-WindowsUpdateClient","44","Windows Update comenzó a descargar una actualización."
"1/8/2025 10:11:08 a. m.","Información","Microsoft-Windows-IsolatedUserMode","2","Secure Trustlet Id 6 and Pid 11152 stopped with status STATUS_SUCCESS."
"1/8/2025 10:03:08 a. m.","Información","Microsoft-Windows-IsolatedUserMode","1","Secure Trustlet \??\C:\WINDOWS\System32\NgcIso.exe Id 6 and Pid 11152 started with status STATUS_SUCCESS."
"1/8/2025 10:03:08 a. m.","Información","Microsoft-Windows-IsolatedUserMode","5","Secure Trustlet NULL Id 0 and Pid 0 started with status STATUS_SUCCESS."
"1/8/2025 9:59:38 a. m.","Información","Microsoft-Windows-Kernel-General","16","El historial de accesos en el subárbol \??\C:\Users\PCTIC-05\AppData\Local\Packages\microsoft.windowscommunicationsapps_8wekyb3d8bbwe\Settings\settings.dat se borró mediante la actualización de 16 claves y la creación de 1 páginas modificadas."
"1/8/2025 9:57:43 a. m.","Información","Microsoft-Windows-TPM-WMI","1038","Las comprobaciones de estado de la atestación previa confirman que se espera que el dispositivo supere la atestación.
 Consulte C:\WINDOWS\Logs\MeasuredBoot\0000000031-0000000007.json para obtener información detallada sobre las comprobaciones realizadas."
"1/8/2025 9:57:43 a. m.","Información","Microsoft-Windows-TPM-WMI","1041","Información detallada sobre la comprobación del estado de la atestación previa: {""Version"":1,""HealthStatus"":""Attestable"",""Required"":[{""Field"":""TpmPresent"",""Value"":true,""DesiredValue"":true},{""Field"":""TpmMeetsMinimumVersion"",""Value"":true,""DesiredValue"":true},{""Field"":""TpmIsResponsive"",""Value"":true,""DesiredValue"":true},{""Field"":""EkCertIsAvailable"",""Value"":true,""DesiredValue"":true},{""Field"":""TcgLogFound"",""Value"":true,""DesiredValue"":true}],""Expected"":[{""Field"":""PcrsMatchTcgLog"",""Value"":true,""DesiredValue"":true}],""Informational"":[{""Field"":""SecureBootEnabled"",""ValueFromComputer"":true,""ValueFromTcgLog"":true,""DesiredValue"":true,""TcgValueIsVerifiable"":true},{""Field"":""VirtualSecureMemory"",""ValueFromComputer"":false,""ValueFromTcgLog"":false,""DesiredValue"":true,""TcgValueIsVerifiable"":true},{""Field"":""SecureCorePCCompliant"",""ValueFromComputer"":false,""ValueFromTcgLog"":false,""DesiredValue"":true,""TcgValueIsVerifiable"":true}]}"
"1/8/2025 9:57:23 a. m.","Información","Microsoft-Windows-Kernel-General","16","El historial de accesos en el subárbol \??\C:\ProgramData\Packages\Microsoft.XboxGamingOverlay_8wekyb3d8bbwe\S-1-5-21-72991934-2165796093-3938425774-1001\SystemAppData\Helium\Cache\97376a2aa1be2ae2_COM15.dat se borró mediante la actualización de 1 claves y la creación de 1 páginas modificadas."
"1/8/2025 9:57:15 a. m.","Información","Microsoft-Windows-Kernel-General","15","El subárbol \SystemRoot\System32\config\DRIVERS se reorganizó con un tamaño inicial de 7774208 bytes y un tamaño final de 7774208 bytes."
"1/8/2025 9:57:13 a. m.","Información","nhi","9007","The driver entered RTD3.
 All the connected devices will be removed from driver's internal state, so it is expected that DeviceDisconnected events will happen."
"1/8/2025 9:57:11 a. m.","Información","Microsoft-Windows-Power-Troubleshooter","1","El sistema estaba en un estado de baja energía y se reanudó.

Hora de suspensión: ‎2025‎-‎08‎-‎01T07:54:22.238107700Z
Hora de reactivación: ‎2025‎-‎08‎-‎01T13:57:08.294605200Z

Origen de la reactivación: Unknown"
"1/8/2025 9:57:10 a. m.","Advertencia","rt640x64","1","Realtek PCIe GbE Family Controller is disconnected from network."
"1/8/2025 9:57:10 a. m.","Información","Microsoft-Windows-Time-Service","37","El proveedor de hora NtpClient está recibiendo datos de hora  válidos desde time.windows.com,0x9 (ntp.m|0x9|0.0.0.0:123->40.119.6.228:123)."
"1/8/2025 9:57:08 a. m.","Advertencia","Netwtw10","6062","6062 - Lso was triggered"
"1/8/2025 9:57:08 a. m.","Error","Microsoft-Windows-NDIS","10317","Minipuerto Microsoft Wi-Fi Direct Virtual Adapter #2, {79f38f0f-3b2e-4931-b16b-3a5d8eb7dab9}, tuvo el evento Fatal error: The miniport has failed a power transition to operational power"
"1/8/2025 9:57:08 a. m.","Información","Microsoft-Windows-Kernel-Power","566","La sesión del sistema ha cambiado de 155 a 157.

Motivo PolicyChange 

BootId: 10"
"1/8/2025 9:57:08 a. m.","Información","Microsoft-Windows-Kernel-Power","507","El sistema está saliendo del modo de espera moderno 

motivo: Lid. "
"1/8/2025 9:57:08 a. m.","Información","Microsoft-Windows-Kernel-Power","506","El sistema está entrando en el modo de espera moderno 

motivo: Sleep, Hibernate, or Shutdown. "
"1/8/2025 9:57:08 a. m.","Información","Microsoft-Windows-Kernel-Power","566","La sesión del sistema ha cambiado de 154 a 155.

Motivo SxTransition 

BootId: 10"
"1/8/2025 9:57:08 a. m.","Información","Netwtw10","7021","7021 - Connection telemetry fields and analysis usage"
"1/8/2025 9:57:08 a. m.","Información","Microsoft-Windows-Kernel-Boot","247","No se puede cargar el firmware de Pluton-Windows. StatusCode: STATUS_SUCCESS, Motivo: Failed to apply firmware."
"1/8/2025 9:57:08 a. m.","Información","Microsoft-Windows-Kernel-Boot","27","El tipo de arranque fue 0x2."
"1/8/2025 9:57:08 a. m.","Información","Microsoft-Windows-Kernel-Boot","25","La directiva del menú de arranque fue 0x0."
"1/8/2025 9:57:08 a. m.","Información","Microsoft-Windows-Kernel-Boot","32","Bootmgr esperó la entrada del usuario durante 0 ms."
"1/8/2025 9:57:08 a. m.","Información","Microsoft-Windows-Kernel-Boot","18","Existen 0x1 opciones de arranque en este sistema."
"1/8/2025 9:57:08 a. m.","Información","Microsoft-Windows-Kernel-Boot","30","El firmware notificó métricas de arranque."
"1/8/2025 9:57:08 a. m.","Información","Intel-SST-OED","28","Loaded DSP FW library: \??\C:\WINDOWS\System32\DriverStore\FileRepository\intcoed_oemlibpath.inf_amd64_69401f7e35684734\tgl_maxx_audio_pro.bin, status = STATUS_SUCCESS."
"1/8/2025 9:57:08 a. m.","Información","Netwtw10","7023","7023 - secure boot debug logging Quasar"
"1/8/2025 9:57:08 a. m.","Información","Intel-SST-OED","28","Loaded DSP FW library: Libs\dsp_lib_whm_tgl_release.bin, status = STATUS_SUCCESS."
"1/8/2025 9:57:08 a. m.","Información","Intel-SST-OED","28","Loaded DSP FW library: Libs\dsp_lib_intel_wov_tgl_release.bin, status = STATUS_SUCCESS."
"1/8/2025 9:57:07 a. m.","Información","WiManH","2",
"1/8/2025 9:57:07 a. m.","Información","Netwtw10","7025","7025 - Dump after return from D3 before cmd "
"1/8/2025 9:57:07 a. m.","Advertencia","TPM","30","El recuento de restablecimiento y/o reanudación no coinciden con los valores esperados después de hibernar o reanudar."
"1/8/2025 9:57:07 a. m.","Advertencia","Win32k","701","Administrador de energía no solicitó la supresión de todas las entradas (INPUT_SUPPRESS_REQUEST = 0)"
"1/8/2025 9:57:07 a. m.","Advertencia","Win32k","701","Administrador de energía no solicitó la supresión de todas las entradas (INPUT_SUPPRESS_REQUEST = 0)"
"1/8/2025 9:57:07 a. m.","Información","Microsoft-Windows-Kernel-General","1","La hora del sistema ha cambiado a ‎2025‎-‎08‎-‎01T13:57:07.500000000Z de ‎2025‎-‎08‎-‎01T07:54:32.283058800Z.
Diferencia horaria: 21755216 ms

Motivo del cambio: System time synchronized with the hardware clock.
Proceso: '' (PID 4).

Hora de RTC: ‎2025‎-‎08‎-‎01T09:57:07.500000000Z
Diferencia de zona horaria actual: 240
hora RTC es UTC: false
La hora del sistema se basaba en la hora RTC: false"
"1/8/2025 3:54:32 a. m.","Información","Microsoft-Windows-Kernel-Power","107","El sistema se reanudó del estado de suspensión."
"1/8/2025 3:54:31 a. m.","Información","nhi","9008","Driver exit RTD3.
 All the connected devices will now cause DeviceConnected events."
"1/8/2025 3:54:31 a. m.","Información","Microsoft-Windows-Kernel-General","1","La hora del sistema ha cambiado a ‎2025‎-‎08‎-‎01T07:54:31.500000000Z de ‎2025‎-‎08‎-‎01T07:54:30.423889200Z.
Diferencia horaria: 1076 ms

Motivo del cambio: System time synchronized with the hardware clock.
Proceso: '' (PID 4).

Hora de RTC: ‎2025‎-‎08‎-‎01T03:54:31.500000000Z
Diferencia de zona horaria actual: 240
hora RTC es UTC: false
La hora del sistema se basaba en la hora RTC: false"
"1/8/2025 3:54:29 a. m.","Información","nhi","9007","The driver entered RTD3.
 All the connected devices will be removed from driver's internal state, so it is expected that DeviceDisconnected events will happen."
"1/8/2025 3:54:28 a. m.","Información","TPM","17","El hardware del Módulo de plataforma segura (TPM) no pudo ejecutar un comando de TPM."
"1/8/2025 3:54:28 a. m.","Información","TPM","17","El hardware del Módulo de plataforma segura (TPM) no pudo ejecutar un comando de TPM."
"1/8/2025 3:54:27 a. m.","Información","TPM","17","El hardware del Módulo de plataforma segura (TPM) no pudo ejecutar un comando de TPM."
"1/8/2025 3:54:25 a. m.","Advertencia","Netwtw10","6062","6062 - Lso was triggered"
"1/8/2025 3:54:24 a. m.","Información","Microsoft-Windows-Kernel-Power","42","El sistema está entrando en suspensión.

Motivo de la suspensión: Hibernate from Sleep - Standby Battery Budget Exceeded"
"1/8/2025 3:54:24 a. m.","Información","Microsoft-Windows-Kernel-Power","40","El controlador \Driver\ACPI del dispositivo  detuvo la transición de energía."
"1/8/2025 3:54:23 a. m.","Información","nhi","9008","Driver exit RTD3.
 All the connected devices will now cause DeviceConnected events."
"1/8/2025 3:54:23 a. m.","Información","Netwtw10","7021","7021 - Connection telemetry fields and analysis usage"
"1/8/2025 3:54:22 a. m.","Información","Microsoft-Windows-Kernel-Power","566","La sesión del sistema ha cambiado de 153 a 154.

Motivo SxTransition 

BootId: 10"
"1/8/2025 3:54:22 a. m.","Información","Microsoft-Windows-Kernel-Power","507","El sistema está saliendo del modo de espera moderno 

motivo: Sleep, Hibernate, or Shutdown. "
"1/8/2025 3:54:22 a. m.","Información","Microsoft-Windows-Kernel-Power","172","Estado de conectividad en modo de espera: Connected. Motivo: None"
"1/8/2025 3:54:22 a. m.","Información","Netwtw10","7026","7026 - Dump after return from D3 after cmd"
"1/8/2025 3:54:22 a. m.","Información","Netwtw10","7025","7025 - Dump after return from D3 before cmd "
"1/8/2025 2:52:47 a. m.","Error","Service Control Manager","7011","Se agotó el tiempo de espera (30000 ms) para la respuesta de transacción del servicio esifsvc."
"1/8/2025 1:53:14 a. m.","Información","Microsoft-Windows-Kernel-Power","172","Estado de conectividad en modo de espera: Disconnected. Motivo: Policy Setting"
"1/8/2025 1:53:07 a. m.","Información","Microsoft-Windows-Kernel-Power","566","La sesión del sistema ha cambiado de 152 a 153.

Motivo 55 

BootId: 10"
"1/8/2025 1:53:02 a. m.","Información","Microsoft-Windows-Kernel-Power","506","El sistema está entrando en el modo de espera moderno 

motivo: Austerity Battery Drain Budget Exceeded. "
"1/8/2025 1:53:02 a. m.","Información","Microsoft-Windows-Kernel-Power","566","La sesión del sistema ha cambiado de 151 a 152.

Motivo 55 

BootId: 10"
"1/8/2025 1:53:02 a. m.","Información","Microsoft-Windows-Kernel-Power","507","El sistema está saliendo del modo de espera moderno 

motivo: Austerity Battery Drain Budget Exceeded. "
"1/8/2025 1:53:02 a. m.","Información","Microsoft-Windows-Kernel-Power","172","Estado de conectividad en modo de espera: Connected. Motivo: None"
"1/8/2025 1:53:02 a. m.","Información","Netwtw10","7026","7026 - Dump after return from D3 after cmd"
"1/8/2025 1:53:02 a. m.","Información","Netwtw10","7025","7025 - Dump after return from D3 before cmd "
"1/8/2025 1:26:04 a. m.","Información","Microsoft-Windows-Kernel-Power","172","Estado de conectividad en modo de espera: Disconnected. Motivo: Adaptive Connected Standby"
"1/8/2025 1:25:59 a. m.","Información","Microsoft-Windows-Kernel-Power","566","La sesión del sistema ha cambiado de 150 a 151.

Motivo InputMouse 

BootId: 10"
"1/8/2025 1:25:58 a. m.","Información","Microsoft-Windows-IsolatedUserMode","5","Secure Trustlet NULL Id 0 and Pid 0 started with status STATUS_SUCCESS."
"1/8/2025 1:25:57 a. m.","Información","Microsoft-Windows-IsolatedUserMode","2","Secure Trustlet Id 0 and Pid 0 stopped with status STATUS_SUCCESS."
"1/8/2025 1:25:54 a. m.","Información","Microsoft-Windows-Kernel-Power","506","El sistema está entrando en el modo de espera moderno 

motivo: AC/DC Display Burst Suppressed. "
"1/8/2025 1:25:54 a. m.","Información","Microsoft-Windows-Kernel-Power","566","La sesión del sistema ha cambiado de 149 a 150.

Motivo InputMouse 

BootId: 10"
"1/8/2025 1:25:54 a. m.","Información","Microsoft-Windows-Kernel-Power","507","El sistema está saliendo del modo de espera moderno 

motivo: AC/DC Display Burst Suppressed. "
"1/8/2025 1:25:54 a. m.","Información","Netwtw10","7026","7026 - Dump after return from D3 after cmd"
"1/8/2025 1:25:54 a. m.","Información","Netwtw10","7025","7025 - Dump after return from D3 before cmd "
"1/8/2025 1:25:53 a. m.","Información","Microsoft-Windows-Kernel-Power","105","Cambio de fuente de energía."
"1/8/2025 1:24:36 a. m.","Advertencia","rt640x64","1","Realtek PCIe GbE Family Controller is disconnected from network."
"1/8/2025 1:24:33 a. m.","Información","Microsoft-Windows-Kernel-General","16","El historial de accesos en el subárbol \??\C:\Users\PCTIC-05\AppData\Local\Packages\Microsoft.AAD.BrokerPlugin_cw5n1h2txyewy\Settings\settings.dat se borró mediante la actualización de 38 claves y la creación de 3 páginas modificadas."
"1/8/2025 1:24:33 a. m.","Información","Netwtw10","7026","7026 - Dump after return from D3 after cmd"
"1/8/2025 1:24:33 a. m.","Información","Netwtw10","7025","7025 - Dump after return from D3 before cmd "
"1/8/2025 1:24:03 a. m.","Información","Microsoft-Windows-Kernel-General","16","El historial de accesos en el subárbol \??\C:\Users\PCTIC-05\AppData\Local\Packages\Microsoft.Windows.ContentDeliveryManager_cw5n1h2txyewy\Settings\settings.dat se borró mediante la actualización de 642 claves y la creación de 42 páginas modificadas."
"1/8/2025 1:24:03 a. m.","Información","Netwtw10","7026","7026 - Dump after return from D3 after cmd"
"1/8/2025 1:24:03 a. m.","Información","Netwtw10","7025","7025 - Dump after return from D3 before cmd "
"1/8/2025 1:17:54 a. m.","Información","nhi","9007","The driver entered RTD3.
 All the connected devices will be removed from driver's internal state, so it is expected that DeviceDisconnected events will happen."
"1/8/2025 1:17:49 a. m.","Información","Netwtw10","7026","7026 - Dump after return from D3 after cmd"
"1/8/2025 1:17:49 a. m.","Información","Netwtw10","7025","7025 - Dump after return from D3 before cmd "
"1/8/2025 1:17:49 a. m.","Información","nhi","9008","Driver exit RTD3.
 All the connected devices will now cause DeviceConnected events."
"1/8/2025 1:17:03 a. m.","Información","Netwtw10","7026","7026 - Dump after return from D3 after cmd"
"1/8/2025 1:17:03 a. m.","Información","Netwtw10","7025","7025 - Dump after return from D3 before cmd "
"1/8/2025 1:10:28 a. m.","Información","nhi","9007","The driver entered RTD3.
 All the connected devices will be removed from driver's internal state, so it is expected that DeviceDisconnected events will happen."
"1/8/2025 1:10:23 a. m.","Información","Netwtw10","7026","7026 - Dump after return from D3 after cmd"
"1/8/2025 1:10:23 a. m.","Información","Netwtw10","7025","7025 - Dump after return from D3 before cmd "
"1/8/2025 1:10:23 a. m.","Información","nhi","9008","Driver exit RTD3.
 All the connected devices will now cause DeviceConnected events."
"1/8/2025 1:10:06 a. m.","Advertencia","rt640x64","1","Realtek PCIe GbE Family Controller is disconnected from network."
"1/8/2025 1:10:03 a. m.","Información","Netwtw10","7026","7026 - Dump after return from D3 after cmd"
"1/8/2025 1:10:03 a. m.","Información","Netwtw10","7025","7025 - Dump after return from D3 before cmd "
"1/8/2025 1:03:11 a. m.","Información","nhi","9007","The driver entered RTD3.
 All the connected devices will be removed from driver's internal state, so it is expected that DeviceDisconnected events will happen."
"1/8/2025 1:03:06 a. m.","Información","nhi","9008","Driver exit RTD3.
 All the connected devices will now cause DeviceConnected events."
"1/8/2025 1:03:06 a. m.","Información","Netwtw10","7026","7026 - Dump after return from D3 after cmd"
"1/8/2025 1:03:06 a. m.","Información","Netwtw10","7025","7025 - Dump after return from D3 before cmd "
"1/8/2025 1:03:03 a. m.","Información","Netwtw10","7026","7026 - Dump after return from D3 after cmd"
"1/8/2025 1:03:03 a. m.","Información","Netwtw10","7025","7025 - Dump after return from D3 before cmd "
"1/8/2025 1:00:57 a. m.","Información","Netwtw10","7026","7026 - Dump after return from D3 after cmd"
"1/8/2025 1:00:57 a. m.","Información","Netwtw10","7025","7025 - Dump after return from D3 before cmd "
"1/8/2025 12:56:00 a. m.","Información","Netwtw10","7026","7026 - Dump after return from D3 after cmd"
"1/8/2025 12:56:00 a. m.","Información","Netwtw10","7025","7025 - Dump after return from D3 before cmd "
"1/8/2025 12:45:11 a. m.","Información","Netwtw10","7026","7026 - Dump after return from D3 after cmd"
"1/8/2025 12:45:11 a. m.","Información","Netwtw10","7025","7025 - Dump after return from D3 before cmd "
"1/8/2025 12:43:24 a. m.","Información","Netwtw10","7026","7026 - Dump after return from D3 after cmd"
"1/8/2025 12:43:24 a. m.","Información","Netwtw10","7025","7025 - Dump after return from D3 before cmd "
"1/8/2025 12:35:56 a. m.","Advertencia","rt640x64","1","Realtek PCIe GbE Family Controller is disconnected from network."
"1/8/2025 12:35:53 a. m.","Información","Netwtw10","7026","7026 - Dump after return from D3 after cmd"
"1/8/2025 12:35:53 a. m.","Información","Netwtw10","7025","7025 - Dump after return from D3 before cmd "
"1/8/2025 12:23:38 a. m.","Información","nhi","9007","The driver entered RTD3.
 All the connected devices will be removed from driver's internal state, so it is expected that DeviceDisconnected events will happen."
"1/8/2025 12:23:32 a. m.","Información","Netwtw10","7026","7026 - Dump after return from D3 after cmd"
"1/8/2025 12:23:32 a. m.","Información","Netwtw10","7025","7025 - Dump after return from D3 before cmd "
"1/8/2025 12:23:32 a. m.","Información","nhi","9008","Driver exit RTD3.
 All the connected devices will now cause DeviceConnected events."
"1/8/2025 12:23:29 a. m.","Información","Netwtw10","7026","7026 - Dump after return from D3 after cmd"
"1/8/2025 12:23:29 a. m.","Información","Netwtw10","7025","7025 - Dump after return from D3 before cmd "
"1/8/2025 12:21:26 a. m.","Información","Microsoft-Windows-Kernel-Power","566","La sesión del sistema ha cambiado de 148 a 149.

Motivo InputMouse 

BootId: 10"
"1/8/2025 12:20:20 a. m.","Información","Microsoft-Windows-Kernel-Power","506","El sistema está entrando en el modo de espera moderno 

motivo: 16777220. "
"1/8/2025 12:20:20 a. m.","Información","Microsoft-Windows-Kernel-Power","566","La sesión del sistema ha cambiado de 147 a 148.

Motivo 16777220 

BootId: 10"
"1/8/2025 12:20:20 a. m.","Información","Microsoft-Windows-Kernel-Power","507","El sistema está saliendo del modo de espera moderno 

motivo: 16777220. "
"1/8/2025 12:20:19 a. m.","Información","Microsoft-Windows-Kernel-Power","566","La sesión del sistema ha cambiado de 146 a 147.

Motivo InputMouse 

BootId: 10"
"1/8/2025 12:20:18 a. m.","Información","Microsoft-Windows-Kernel-Power","506","El sistema está entrando en el modo de espera moderno 

motivo: 16777220. "
"1/8/2025 12:20:18 a. m.","Información","Microsoft-Windows-Kernel-Power","566","La sesión del sistema ha cambiado de 145 a 146.

Motivo 16777220 

BootId: 10"
"1/8/2025 12:20:18 a. m.","Información","Microsoft-Windows-Kernel-Power","507","El sistema está saliendo del modo de espera moderno 

motivo: 16777220. "
"1/8/2025 12:20:17 a. m.","Información","Microsoft-Windows-Kernel-Power","566","La sesión del sistema ha cambiado de 144 a 145.

Motivo InputMouse 

BootId: 10"
"1/8/2025 12:03:17 a. m.","Advertencia","Netwtw10","6062","6062 - Lso was triggered"
"1/8/2025 12:03:04 a. m.","Información","Netwtw10","7021","7021 - Connection telemetry fields and analysis usage"
"1/8/2025 12:03:02 a. m.","Información","Microsoft-Windows-Kernel-Power","506","El sistema está entrando en el modo de espera moderno 

motivo: AC/DC Display Burst Suppressed. "
"1/8/2025 12:03:02 a. m.","Información","Microsoft-Windows-Kernel-Power","566","La sesión del sistema ha cambiado de 143 a 144.

Motivo InputMouse 

BootId: 10"
"1/8/2025 12:03:02 a. m.","Información","Microsoft-Windows-Kernel-Power","507","El sistema está saliendo del modo de espera moderno 

motivo: AC/DC Display Burst Suppressed. "
"1/8/2025 12:03:02 a. m.","Información","Microsoft-Windows-Kernel-Power","172","Estado de conectividad en modo de espera: Connected. Motivo: None"
"1/8/2025 12:03:02 a. m.","Información","Netwtw10","7026","7026 - Dump after return from D3 after cmd"
"1/8/2025 12:03:02 a. m.","Información","Netwtw10","7025","7025 - Dump after return from D3 before cmd "
"1/8/2025 12:03:02 a. m.","Información","Microsoft-Windows-Kernel-Power","105","Cambio de fuente de energía."
"31/7/2025 10:41:24 p. m.","Información","Microsoft-Windows-Kernel-Power","172","Estado de conectividad en modo de espera: Disconnected. Motivo: Policy Setting"
"31/7/2025 10:41:17 p. m.","Información","Microsoft-Windows-Kernel-Power","566","La sesión del sistema ha cambiado de 142 a 143.

Motivo 55 

BootId: 10"
"31/7/2025 10:41:12 p. m.","Información","Microsoft-Windows-Kernel-Power","506","El sistema está entrando en el modo de espera moderno 

motivo: Austerity Battery Drain Budget Exceeded. "
"31/7/2025 10:41:12 p. m.","Información","Microsoft-Windows-Kernel-Power","566","La sesión del sistema ha cambiado de 141 a 142.

Motivo 55 

BootId: 10"
"31/7/2025 10:41:12 p. m.","Información","Microsoft-Windows-Kernel-Power","507","El sistema está saliendo del modo de espera moderno 

motivo: Austerity Battery Drain Budget Exceeded. "
"31/7/2025 10:41:12 p. m.","Información","Microsoft-Windows-Kernel-Power","172","Estado de conectividad en modo de espera: Connected. Motivo: None"
"31/7/2025 10:41:12 p. m.","Información","Netwtw10","7026","7026 - Dump after return from D3 after cmd"
"31/7/2025 10:41:12 p. m.","Información","Netwtw10","7025","7025 - Dump after return from D3 before cmd "
"31/7/2025 10:06:44 p. m.","Información","Microsoft-Windows-Kernel-Power","172","Estado de conectividad en modo de espera: Disconnected. Motivo: Adaptive Connected Standby"
"31/7/2025 10:06:37 p. m.","Información","Microsoft-Windows-Kernel-General","1","La hora del sistema ha cambiado a ‎2025‎-‎08‎-‎01T02:06:37.360164900Z de ‎2025‎-‎08‎-‎01T02:06:37.359172800Z.
Diferencia horaria: 0 ms

Motivo del cambio: An application or system component changed the time.
Proceso: '\Device\HarddiskVolume3\Windows\System32\svchost.exe' (PID 1708).

Hora de RTC: ‎2025‎-‎07‎-‎31T22:06:37.360164900Z
Diferencia de zona horaria actual: 240
hora RTC es UTC: false
La hora del sistema se basaba en la hora RTC: false"
"31/7/2025 10:06:37 p. m.","Error","Microsoft-Windows-HAL","21","No se estableció el reloj en tiempo real de hardware debido a un error en la evaluación del método de dispositivo de alarma y hora ACPI.  Estado: 0xC00000BB."
"31/7/2025 10:06:37 p. m.","Error","Microsoft-Windows-HAL","20","No se consultó el reloj en tiempo real de hardware debido a un error en la evaluación del método de dispositivo de alarma y hora ACPI.  Estado: 0xC00000BB."
"31/7/2025 10:06:37 p. m.","Información","Microsoft-Windows-Kernel-General","24","La información de zona horaria se actualizó con el motivo de salida 0. La diferencia de zona horaria actual es 240."
"31/7/2025 10:06:37 p. m.","Información","Microsoft-Windows-Kernel-Power","566","La sesión del sistema ha cambiado de 140 a 141.

Motivo PolicyChange 

BootId: 10"
"31/7/2025 10:06:37 p. m.","Advertencia","Win32k","700","Administrador de energía solicitó la supresión de todas las entradas (INPUT_SUPPRESS_REQUEST = 1)"
"31/7/2025 10:06:37 p. m.","Advertencia","Win32k","700","Administrador de energía solicitó la supresión de todas las entradas (INPUT_SUPPRESS_REQUEST = 1)"
"31/7/2025 10:06:37 p. m.","Información","Microsoft-Windows-Kernel-Power","506","El sistema está entrando en el modo de espera moderno 

motivo: Lid. "
"31/7/2025 10:06:37 p. m.","Información","Microsoft-Windows-Kernel-Power","566","La sesión del sistema ha cambiado de 139 a 140.

Motivo PolicyChange 

BootId: 10"
"31/7/2025 9:44:25 p. m.","Información","Microsoft-Windows-IsolatedUserMode","5","Secure Trustlet NULL Id 0 and Pid 0 started with status STATUS_SUCCESS."
"31/7/2025 9:44:25 p. m.","Información","Microsoft-Windows-IsolatedUserMode","2","Secure Trustlet Id 0 and Pid 0 stopped with status STATUS_SUCCESS."
"31/7/2025 9:36:32 p. m.","Error","Microsoft-Windows-WindowsUpdateClient","20","Error de instalación: error de Windows al instalar la siguiente actualización, error 0x80073D02: 9NTXGKQ8P7N0-MicrosoftWindows.CrossDevice."
"31/7/2025 9:36:31 p. m.","Información","Microsoft-Windows-WindowsUpdateClient","43","Instalación iniciada: Windows comenzó a instalar la actualización siguiente: 9NTXGKQ8P7N0-MicrosoftWindows.CrossDevice"
"31/7/2025 9:36:01 p. m.","Información","Microsoft-Windows-WindowsUpdateClient","44","Windows Update comenzó a descargar una actualización."
"31/7/2025 9:14:29 p. m.","Información","Microsoft-Windows-WindowsUpdateClient","19","Instalación correcta: Windows instaló correctamente la siguiente actualización: Actualización de inteligencia de seguridad para Microsoft Defender Antivirus - KB2267602 (versión 1.433.213.0) - Canal actual (ampliado)"
"31/7/2025 9:14:09 p. m.","Información","Microsoft-Windows-WindowsUpdateClient","43","Instalación iniciada: Windows comenzó a instalar la actualización siguiente: Actualización de inteligencia de seguridad para Microsoft Defender Antivirus - KB2267602 (versión 1.433.213.0) - Canal actual (ampliado)"
"31/7/2025 9:14:08 p. m.","Información","Microsoft-Windows-WindowsUpdateClient","44","Windows Update comenzó a descargar una actualización."
"31/7/2025 8:26:26 p. m.","Información","Microsoft-Windows-IsolatedUserMode","5","Secure Trustlet NULL Id 0 and Pid 0 started with status STATUS_SUCCESS."
"31/7/2025 8:26:25 p. m.","Información","Microsoft-Windows-IsolatedUserMode","2","Secure Trustlet Id 0 and Pid 0 stopped with status STATUS_SUCCESS."
"31/7/2025 8:25:29 p. m.","Información","Microsoft-Windows-IsolatedUserMode","2","Secure Trustlet Id 6 and Pid 6972 stopped with status STATUS_SUCCESS."
"31/7/2025 8:20:30 p. m.","Información","TPM","17","El hardware del Módulo de plataforma segura (TPM) no pudo ejecutar un comando de TPM."
"31/7/2025 8:20:29 p. m.","Información","TPM","17","El hardware del Módulo de plataforma segura (TPM) no pudo ejecutar un comando de TPM."
"31/7/2025 8:20:29 p. m.","Información","TPM","17","El hardware del Módulo de plataforma segura (TPM) no pudo ejecutar un comando de TPM."
"31/7/2025 8:20:28 p. m.","Información","TPM","17","El hardware del Módulo de plataforma segura (TPM) no pudo ejecutar un comando de TPM."
"31/7/2025 8:17:50 p. m.","Información","Microsoft-Windows-IsolatedUserMode","1","Secure Trustlet \??\C:\WINDOWS\System32\NgcIso.exe Id 6 and Pid 6972 started with status STATUS_SUCCESS."
"31/7/2025 8:17:50 p. m.","Información","Microsoft-Windows-IsolatedUserMode","5","Secure Trustlet NULL Id 0 and Pid 0 started with status STATUS_SUCCESS."
"31/7/2025 8:00:13 p. m.","Información","Microsoft-Windows-Time-Service","37","El proveedor de hora NtpClient está recibiendo datos de hora  válidos desde time.windows.com,0x9 (ntp.m|0x9|0.0.0.0:123->40.119.6.228:123)."
"31/7/2025 7:59:39 p. m.","Advertencia","Netwtw10","6062","6062 - Lso was triggered"
"31/7/2025 7:59:37 p. m.","Información","Netwtw10","7021","7021 - Connection telemetry fields and analysis usage"
"31/7/2025 7:59:37 p. m.","Información","Microsoft-Windows-Kernel-Power","566","La sesión del sistema ha cambiado de 138 a 139.

Motivo PolicyChange 

BootId: 10"
"31/7/2025 7:59:37 p. m.","Información","Microsoft-Windows-Kernel-Power","507","El sistema está saliendo del modo de espera moderno 

motivo: Lid. "
"31/7/2025 7:59:37 p. m.","Información","Microsoft-Windows-Kernel-Power","172","Estado de conectividad en modo de espera: Connected. Motivo: None"
"31/7/2025 7:59:37 p. m.","Información","Netwtw10","7026","7026 - Dump after return from D3 after cmd"
"31/7/2025 7:59:37 p. m.","Información","Netwtw10","7025","7025 - Dump after return from D3 before cmd "
"31/7/2025 7:59:37 p. m.","Advertencia","Win32k","701","Administrador de energía no solicitó la supresión de todas las entradas (INPUT_SUPPRESS_REQUEST = 0)"
"31/7/2025 7:59:37 p. m.","Advertencia","Win32k","701","Administrador de energía no solicitó la supresión de todas las entradas (INPUT_SUPPRESS_REQUEST = 0)"
"31/7/2025 7:26:36 p. m.","Información","Microsoft-Windows-Kernel-Power","172","Estado de conectividad en modo de espera: Disconnected. Motivo: Policy Setting"
"31/7/2025 7:26:29 p. m.","Información","Microsoft-Windows-Kernel-Power","566","La sesión del sistema ha cambiado de 137 a 138.

Motivo 55 

BootId: 10"
"31/7/2025 7:26:24 p. m.","Información","Microsoft-Windows-Kernel-Power","506","El sistema está entrando en el modo de espera moderno 

motivo: Austerity Battery Drain Budget Exceeded. "
"31/7/2025 7:26:24 p. m.","Información","Microsoft-Windows-Kernel-Power","566","La sesión del sistema ha cambiado de 136 a 137.

Motivo 55 

BootId: 10"
"31/7/2025 7:26:24 p. m.","Información","Microsoft-Windows-Kernel-Power","507","El sistema está saliendo del modo de espera moderno 

motivo: Austerity Battery Drain Budget Exceeded. "
"31/7/2025 7:26:24 p. m.","Información","Microsoft-Windows-Kernel-Power","172","Estado de conectividad en modo de espera: Connected. Motivo: None"
"31/7/2025 7:26:24 p. m.","Información","Netwtw10","7026","7026 - Dump after return from D3 after cmd"
"31/7/2025 7:26:24 p. m.","Información","Netwtw10","7025","7025 - Dump after return from D3 before cmd "
"31/7/2025 6:51:47 p. m.","Información","Microsoft-Windows-Kernel-Power","172","Estado de conectividad en modo de espera: Disconnected. Motivo: Adaptive Connected Standby"
"31/7/2025 6:51:40 p. m.","Información","Microsoft-Windows-Kernel-Power","566","La sesión del sistema ha cambiado de 135 a 136.

Motivo PolicyChange 

BootId: 10"
"31/7/2025 6:51:40 p. m.","Advertencia","Win32k","700","Administrador de energía solicitó la supresión de todas las entradas (INPUT_SUPPRESS_REQUEST = 1)"
"31/7/2025 6:51:40 p. m.","Advertencia","Win32k","700","Administrador de energía solicitó la supresión de todas las entradas (INPUT_SUPPRESS_REQUEST = 1)"
"31/7/2025 6:51:40 p. m.","Información","Microsoft-Windows-Kernel-Power","506","El sistema está entrando en el modo de espera moderno 

motivo: Lid. "
"31/7/2025 6:51:40 p. m.","Información","Microsoft-Windows-Kernel-Power","566","La sesión del sistema ha cambiado de 134 a 135.

Motivo PolicyChange 

BootId: 10"
"31/7/2025 6:31:41 p. m.","Información","Microsoft-Windows-WindowsUpdateClient","19","Instalación correcta: Windows instaló correctamente la siguiente actualización: 9NBLGGH10PG8-MICROSOFT.PEOPLE"
"31/7/2025 6:31:39 p. m.","Información","Microsoft-Windows-WindowsUpdateClient","19","Instalación correcta: Windows instaló correctamente la siguiente actualización: 9WZDNCRD1HKW-Microsoft.XboxIdentityProvider"
"31/7/2025 6:31:26 p. m.","Información","Microsoft-Windows-WindowsUpdateClient","44","Windows Update comenzó a descargar una actualización."
"31/7/2025 6:31:26 p. m.","Información","Microsoft-Windows-WindowsUpdateClient","44","Windows Update comenzó a descargar una actualización."
"31/7/2025 6:22:38 p. m.","Error","Microsoft-Windows-DistributedCOM","10010","El servidor {88435F68-FFC1-445F-8EDF-EF78B84BA1C7} no se registró con DCOM dentro del tiempo de espera requerido."
"31/7/2025 6:22:06 p. m.","Error","Microsoft-Windows-DistributedCOM","10010","El servidor {88435F68-FFC1-445F-8EDF-EF78B84BA1C7} no se registró con DCOM dentro del tiempo de espera requerido."
"31/7/2025 6:21:35 p. m.","Error","Microsoft-Windows-DistributedCOM","10010","El servidor {88435F68-FFC1-445F-8EDF-EF78B84BA1C7} no se registró con DCOM dentro del tiempo de espera requerido."
"31/7/2025 6:21:30 p. m.","Error","Microsoft-Windows-WindowsUpdateClient","20","Error de instalación: error de Windows al instalar la siguiente actualización, error 0x80073D02: 9NTXGKQ8P7N0-MicrosoftWindows.CrossDevice."
"31/7/2025 6:21:29 p. m.","Información","Microsoft-Windows-WindowsUpdateClient","43","Instalación iniciada: Windows comenzó a instalar la actualización siguiente: 9NTXGKQ8P7N0-MicrosoftWindows.CrossDevice"
"31/7/2025 6:21:26 p. m.","Información","Microsoft-Windows-Kernel-General","16","El historial de accesos en el subárbol \??\C:\ProgramData\Microsoft\Windows\AppRepository\Packages\MicrosoftWindows.CrossDevice_1.25062.33.0_x64__cw5n1h2txyewy\ActivationStore.dat se borró mediante la actualización de 0 claves y la creación de 0 páginas modificadas."
"31/7/2025 6:17:18 p. m.","Información","TPM","17","El hardware del Módulo de plataforma segura (TPM) no pudo ejecutar un comando de TPM."
"31/7/2025 6:17:17 p. m.","Información","TPM","17","El hardware del Módulo de plataforma segura (TPM) no pudo ejecutar un comando de TPM."
"31/7/2025 6:17:16 p. m.","Información","TPM","17","El hardware del Módulo de plataforma segura (TPM) no pudo ejecutar un comando de TPM."
"31/7/2025 6:17:16 p. m.","Información","Microsoft-Windows-IsolatedUserMode","5","Secure Trustlet NULL Id 0 and Pid 0 started with status STATUS_SUCCESS."
"31/7/2025 6:17:16 p. m.","Información","Microsoft-Windows-IsolatedUserMode","2","Secure Trustlet Id 0 and Pid 0 stopped with status STATUS_SUCCESS."
"31/7/2025 6:16:06 p. m.","Información","Microsoft-Windows-WindowsUpdateClient","19","Instalación correcta: Windows instaló correctamente la siguiente actualización: 9NBLGGH537C2-Microsoft.XboxGameOverlay"
