"14/8/2025 4:02:31 p. m.","Error","Microsoft-Windows-NDIS","10317","Minipuerto Microsoft Wi-Fi Direct Virtual Adapter #2, {79f38f0f-3b2e-4931-b16b-3a5d8eb7dab9}, tuvo el evento Fatal error: The miniport has failed a power transition to operational power"
"14/8/2025 4:02:31 p. m.","Información","Netwtw10","7023","7023 - secure boot debug logging Quasar"
"14/8/2025 4:02:31 p. m.","Información","Intel-SST-OED","28","Loaded DSP FW library: \??\C:\WINDOWS\System32\DriverStore\FileRepository\intcoed_oemlibpath.inf_amd64_69401f7e35684734\tgl_maxx_audio_pro.bin, status = STATUS_SUCCESS."
"14/8/2025 4:02:31 p. m.","Información","Intel-SST-OED","28","Loaded DSP FW library: Libs\dsp_lib_whm_tgl_release.bin, status = STATUS_SUCCESS."
"14/8/2025 4:02:30 p. m.","Información","Intel-SST-OED","28","Loaded DSP FW library: Libs\dsp_lib_intel_wov_tgl_release.bin, status = STATUS_SUCCESS."
"14/8/2025 4:02:30 p. m.","Información","WiManH","2",
"14/8/2025 4:02:30 p. m.","Información","Netwtw10","7025","7025 - Dump after return from D3 before cmd "
"14/8/2025 4:02:30 p. m.","Advertencia","TPM","30","El recuento de restablecimiento y/o reanudación no coinciden con los valores esperados después de hibernar o reanudar."
"14/8/2025 4:02:30 p. m.","Información","Microsoft-Windows-Kernel-General","1","La hora del sistema ha cambiado a ‎2025‎-‎08‎-‎14T20:02:30.500000000Z de ‎2025‎-‎08‎-‎14T14:07:07.585190200Z.
Diferencia horaria: 21322914 ms

Motivo del cambio: System time synchronized with the hardware clock.
Proceso: '' (PID 4).

Hora de RTC: ‎2025‎-‎08‎-‎14T16:02:30.500000000Z
Diferencia de zona horaria actual: 240
hora RTC es UTC: false
La hora del sistema se basaba en la hora RTC: false"
"14/8/2025 10:07:07 a. m.","Información","Microsoft-Windows-Kernel-Power","107","El sistema se reanudó del estado de suspensión."
"14/8/2025 4:02:31 p. m.","Información","EventLog","6013","El tiempo límite del sistema es de 258437 segundos."
"14/8/2025 10:07:04 a. m.","Información","VfpExt","7036","El servicio  entró en estado Filter detach complete."
"14/8/2025 10:07:04 a. m.","Información","VfpExt","7036","El servicio  entró en estado Filter detach start."
"14/8/2025 10:07:04 a. m.","Información","VfpExt","7036","El servicio  entró en estado Filter pause complete."
"14/8/2025 10:07:04 a. m.","Información","VfpExt","7036","El servicio  entró en estado Filter pause start."
"14/8/2025 10:07:03 a. m.","Información","nhi","9008","Driver exit RTD3.
 All the connected devices will now cause DeviceConnected events."
"14/8/2025 10:06:57 a. m.","Información","Microsoft-Windows-Kernel-Power","42","El sistema está entrando en suspensión.

Motivo de la suspensión: Hibernate from Sleep - Standby Battery Budget Exceeded"
"14/8/2025 10:06:57 a. m.","Información","Microsoft-Windows-Kernel-Power","40","El controlador \Driver\vpcivsp del dispositivo ROOT\VPCIVSP\0000 detuvo la transición de energía."
"14/8/2025 10:06:55 a. m.","Información","Microsoft-Windows-Kernel-Power","566","La sesión del sistema ha cambiado de 53 a 54.

Motivo SxTransition 

BootId: 12"
"14/8/2025 10:06:55 a. m.","Información","Microsoft-Windows-Kernel-Power","507","El sistema está saliendo del modo de espera moderno 

motivo: Sleep, Hibernate, or Shutdown. "
"14/8/2025 10:06:55 a. m.","Información","Microsoft-Windows-Kernel-Power","172","Estado de conectividad en modo de espera: Connected. Motivo: None"
"14/8/2025 10:06:55 a. m.","Información","Netwtw10","7026","7026 - Dump after return from D3 after cmd"
"14/8/2025 10:06:55 a. m.","Información","Netwtw10","7025","7025 - Dump after return from D3 before cmd "
"14/8/2025 8:21:39 a. m.","Información","Microsoft-Windows-Kernel-Power","172","Estado de conectividad en modo de espera: Disconnected. Motivo: Policy Setting"
"14/8/2025 8:21:32 a. m.","Información","Microsoft-Windows-Kernel-Power","566","La sesión del sistema ha cambiado de 52 a 53.

Motivo 55 

BootId: 12"
"14/8/2025 8:21:27 a. m.","Información","Microsoft-Windows-Kernel-Power","506","El sistema está entrando en el modo de espera moderno 

motivo: Austerity Battery Drain Budget Exceeded. "
"14/8/2025 8:21:27 a. m.","Información","Microsoft-Windows-Kernel-Power","566","La sesión del sistema ha cambiado de 51 a 52.

Motivo 55 

BootId: 12"
"14/8/2025 8:21:27 a. m.","Información","Microsoft-Windows-Kernel-Power","507","El sistema está saliendo del modo de espera moderno 

motivo: Austerity Battery Drain Budget Exceeded. "
"14/8/2025 8:21:27 a. m.","Información","Microsoft-Windows-Kernel-Power","172","Estado de conectividad en modo de espera: Connected. Motivo: None"
"14/8/2025 8:21:27 a. m.","Información","Netwtw10","7026","7026 - Dump after return from D3 after cmd"
"14/8/2025 8:21:27 a. m.","Información","Netwtw10","7025","7025 - Dump after return from D3 before cmd "
"14/8/2025 8:18:07 a. m.","Información","Microsoft-Windows-Kernel-Power","172","Estado de conectividad en modo de espera: Disconnected. Motivo: Adaptive Connected Standby"
"14/8/2025 8:17:59 a. m.","Información","Microsoft-Windows-Kernel-General","1","La hora del sistema ha cambiado a ‎2025‎-‎08‎-‎14T12:17:59.685162900Z de ‎2025‎-‎08‎-‎14T12:17:59.685384400Z.
Diferencia horaria: 0 ms

Motivo del cambio: An application or system component changed the time.
Proceso: '\Device\HarddiskVolume3\Windows\System32\svchost.exe' (PID 12268).

Hora de RTC: ‎2025‎-‎08‎-‎14T08:17:59.685162900Z
Diferencia de zona horaria actual: 240
hora RTC es UTC: false
La hora del sistema se basaba en la hora RTC: false"
"14/8/2025 8:17:59 a. m.","Error","Microsoft-Windows-HAL","21","No se estableció el reloj en tiempo real de hardware debido a un error en la evaluación del método de dispositivo de alarma y hora ACPI.  Estado: 0xC00000BB."
"14/8/2025 8:17:59 a. m.","Error","Microsoft-Windows-HAL","20","No se consultó el reloj en tiempo real de hardware debido a un error en la evaluación del método de dispositivo de alarma y hora ACPI.  Estado: 0xC00000BB."
"14/8/2025 8:17:59 a. m.","Información","Microsoft-Windows-Kernel-General","24","La información de zona horaria se actualizó con el motivo de salida 0. La diferencia de zona horaria actual es 240."
"14/8/2025 8:17:59 a. m.","Información","Microsoft-Windows-Kernel-Power","566","La sesión del sistema ha cambiado de 50 a 51.

Motivo PolicyChange 

BootId: 12"
"14/8/2025 8:17:59 a. m.","Advertencia","Win32k","700","Administrador de energía solicitó la supresión de todas las entradas (INPUT_SUPPRESS_REQUEST = 1)"
"14/8/2025 8:17:59 a. m.","Advertencia","Win32k","700","Administrador de energía solicitó la supresión de todas las entradas (INPUT_SUPPRESS_REQUEST = 1)"
"14/8/2025 8:17:59 a. m.","Información","Microsoft-Windows-Kernel-Power","506","El sistema está entrando en el modo de espera moderno 

motivo: Lid. "
"14/8/2025 8:17:59 a. m.","Información","Microsoft-Windows-Kernel-Power","566","La sesión del sistema ha cambiado de 49 a 50.

Motivo PolicyChange 

BootId: 12"
"14/8/2025 8:13:31 a. m.","Información","Microsoft-Windows-Kernel-General","16","El historial de accesos en el subárbol \??\C:\Users\PCTIC-05\AppData\Local\Packages\Microsoft.Copilot_8wekyb3d8bbwe\SystemAppData\Helium\UserClasses.dat se borró mediante la actualización de 9 claves y la creación de 2 páginas modificadas."
"14/8/2025 8:13:31 a. m.","Información","Microsoft-Windows-Kernel-General","16","El historial de accesos en el subárbol \??\C:\Users\PCTIC-05\AppData\Local\Packages\Microsoft.Copilot_8wekyb3d8bbwe\SystemAppData\Helium\User.dat se borró mediante la actualización de 3 claves y la creación de 1 páginas modificadas."
"14/8/2025 8:08:28 a. m.","Advertencia","Netwtw10","6062","6062 - Lso was triggered"
"14/8/2025 8:08:27 a. m.","Información","Netwtw10","7003","7003 - Roam Complete"
"14/8/2025 8:08:27 a. m.","Información","Netwtw10","7021","7021 - Connection telemetry fields and analysis usage"
"14/8/2025 8:07:28 a. m.","Advertencia","Netwtw10","6062","6062 - Lso was triggered"
"14/8/2025 8:07:26 a. m.","Información","Netwtw10","7003","7003 - Roam Complete"
"14/8/2025 8:07:26 a. m.","Información","Netwtw10","7021","7021 - Connection telemetry fields and analysis usage"
"14/8/2025 8:06:38 a. m.","Información","Microsoft-Windows-Time-Service","37","El proveedor de hora NtpClient está recibiendo datos de hora  válidos desde time.windows.com,0x9 (ntp.m|0x9|0.0.0.0:123->40.119.6.228:123)."
"14/8/2025 8:06:03 a. m.","Advertencia","Microsoft-Windows-DNS-Client","1014","La resolución de nombres para el nombre pub-ent-usea2-15-t.trouter.teams.microsoft.com agotó el tiempo de espera después de que ninguno de los servidores DNS configurados respondiera. PID de cliente 12188."
"14/8/2025 8:05:54 a. m.","Advertencia","Netwtw10","6062","6062 - Lso was triggered"
"14/8/2025 8:05:52 a. m.","Información","Netwtw10","7021","7021 - Connection telemetry fields and analysis usage"
"14/8/2025 7:59:02 a. m.","Advertencia","Microsoft-Windows-Time-Service","134","NtpClient no pudo establecer un sistema del mismo nivel manual para usar como origen de la hora debido a un error de resolución de DNS en 'time.windows.com,0x9'. NtpClient lo intentará de nuevo dentro de 15 minutos y doblará el intervalo de reintento en adelante. Error: Host desconocido. (0x80072AF9)"
"14/8/2025 7:58:42 a. m.","Información","Microsoft-Windows-TPM-WMI","1038","Las comprobaciones de estado de la atestación previa confirman que se espera que el dispositivo supere la atestación.
 Consulte C:\WINDOWS\Logs\MeasuredBoot\0000000033-0000000004.json para obtener información detallada sobre las comprobaciones realizadas."
"14/8/2025 7:58:42 a. m.","Información","Microsoft-Windows-TPM-WMI","1041","Información detallada sobre la comprobación del estado de la atestación previa: {""Version"":1,""HealthStatus"":""Attestable"",""Required"":[{""Field"":""TpmPresent"",""Value"":true,""DesiredValue"":true},{""Field"":""TpmMeetsMinimumVersion"",""Value"":true,""DesiredValue"":true},{""Field"":""TpmIsResponsive"",""Value"":true,""DesiredValue"":true},{""Field"":""EkCertIsAvailable"",""Value"":true,""DesiredValue"":true},{""Field"":""TcgLogFound"",""Value"":true,""DesiredValue"":true}],""Expected"":[{""Field"":""PcrsMatchTcgLog"",""Value"":true,""DesiredValue"":true}],""Informational"":[{""Field"":""SecureBootEnabled"",""ValueFromComputer"":true,""ValueFromTcgLog"":true,""DesiredValue"":true,""TcgValueIsVerifiable"":true},{""Field"":""VirtualSecureMemory"",""ValueFromComputer"":false,""ValueFromTcgLog"":false,""DesiredValue"":true,""TcgValueIsVerifiable"":true},{""Field"":""SecureCorePCCompliant"",""ValueFromComputer"":false,""ValueFromTcgLog"":false,""DesiredValue"":true,""TcgValueIsVerifiable"":true}]}"
"14/8/2025 7:58:39 a. m.","Información","nhi","9007","The driver entered RTD3.
 All the connected devices will be removed from driver's internal state, so it is expected that DeviceDisconnected events will happen."
"14/8/2025 7:58:36 a. m.","Advertencia","rt640x64","1","Realtek PCIe GbE Family Controller is disconnected from network."
"14/8/2025 7:58:34 a. m.","Información","Microsoft-Windows-Power-Troubleshooter","1","El sistema estaba en un estado de baja energía y se reanudó.

Hora de suspensión: ‎2025‎-‎08‎-‎14T11:15:20.683437600Z
Hora de reactivación: ‎2025‎-‎08‎-‎14T11:58:33.491233800Z

Origen de la reactivación: Unknown"
"14/8/2025 7:58:34 a. m.","Advertencia","Microsoft-Windows-Time-Service","134","NtpClient no pudo establecer un sistema del mismo nivel manual para usar como origen de la hora debido a un error de resolución de DNS en 'time.windows.com,0x9'. NtpClient lo intentará de nuevo dentro de 15 minutos y doblará el intervalo de reintento en adelante. Error: Host desconocido. (0x80072AF9)"
"14/8/2025 7:58:33 a. m.","Error","Microsoft-Windows-NDIS","10317","Minipuerto Microsoft Wi-Fi Direct Virtual Adapter #2, {79f38f0f-3b2e-4931-b16b-3a5d8eb7dab9}, tuvo el evento Fatal error: The miniport has failed a power transition to operational power"
"14/8/2025 7:58:33 a. m.","Información","VfpExt","7036","El servicio  entró en estado Filter restart complete."
"14/8/2025 7:58:33 a. m.","Información","VfpExt","7036","El servicio  entró en estado Filter restart start."
"14/8/2025 7:58:33 a. m.","Información","VfpExt","7036","El servicio  entró en estado Filter attach complete."
"14/8/2025 7:58:33 a. m.","Información","VfpExt","7036","El servicio  entró en estado Filter attach start."
"14/8/2025 7:58:33 a. m.","Información","Netwtw10","7023","7023 - secure boot debug logging Quasar"
"14/8/2025 7:58:33 a. m.","Información","Intel-SST-OED","28","Loaded DSP FW library: \??\C:\WINDOWS\System32\DriverStore\FileRepository\intcoed_oemlibpath.inf_amd64_69401f7e35684734\tgl_maxx_audio_pro.bin, status = STATUS_SUCCESS."
"14/8/2025 7:58:33 a. m.","Información","Microsoft-Windows-Kernel-Power","566","La sesión del sistema ha cambiado de 47 a 49.

Motivo PolicyChange 

BootId: 12"
"14/8/2025 7:58:33 a. m.","Información","Microsoft-Windows-Kernel-Power","507","El sistema está saliendo del modo de espera moderno 

motivo: Lid. "
"14/8/2025 7:58:33 a. m.","Información","Intel-SST-OED","28","Loaded DSP FW library: Libs\dsp_lib_whm_tgl_release.bin, status = STATUS_SUCCESS."
"14/8/2025 7:58:33 a. m.","Información","Microsoft-Windows-Kernel-Power","506","El sistema está entrando en el modo de espera moderno 

motivo: Sleep, Hibernate, or Shutdown. "
"14/8/2025 7:58:33 a. m.","Información","Microsoft-Windows-Kernel-Power","566","La sesión del sistema ha cambiado de 46 a 47.

Motivo SxTransition 

BootId: 12"
"14/8/2025 7:58:33 a. m.","Información","Microsoft-Windows-Kernel-Boot","247","No se puede cargar el firmware de Pluton-Windows. StatusCode: STATUS_SUCCESS, Motivo: Failed to apply firmware."
"14/8/2025 7:58:33 a. m.","Información","Microsoft-Windows-Kernel-Boot","27","El tipo de arranque fue 0x2."
"14/8/2025 7:58:33 a. m.","Información","Microsoft-Windows-Kernel-Boot","25","La directiva del menú de arranque fue 0x0."
"14/8/2025 7:58:33 a. m.","Información","Microsoft-Windows-Kernel-Boot","32","Bootmgr esperó la entrada del usuario durante 0 ms."
"14/8/2025 7:58:33 a. m.","Información","Microsoft-Windows-Kernel-Boot","18","Existen 0x1 opciones de arranque en este sistema."
"14/8/2025 7:58:33 a. m.","Información","Microsoft-Windows-Kernel-Boot","30","El firmware notificó métricas de arranque."
"14/8/2025 7:58:33 a. m.","Información","Intel-SST-OED","28","Loaded DSP FW library: Libs\dsp_lib_intel_wov_tgl_release.bin, status = STATUS_SUCCESS."
"14/8/2025 7:58:33 a. m.","Información","WiManH","2",
"14/8/2025 7:58:33 a. m.","Información","Netwtw10","7025","7025 - Dump after return from D3 before cmd "
"14/8/2025 7:58:33 a. m.","Advertencia","TPM","30","El recuento de restablecimiento y/o reanudación no coinciden con los valores esperados después de hibernar o reanudar."
"14/8/2025 7:58:33 a. m.","Advertencia","Win32k","701","Administrador de energía no solicitó la supresión de todas las entradas (INPUT_SUPPRESS_REQUEST = 0)"
"14/8/2025 7:58:33 a. m.","Advertencia","Win32k","701","Administrador de energía no solicitó la supresión de todas las entradas (INPUT_SUPPRESS_REQUEST = 0)"
"14/8/2025 7:58:32 a. m.","Información","Microsoft-Windows-Kernel-General","1","La hora del sistema ha cambiado a ‎2025‎-‎08‎-‎14T11:58:32.500000000Z de ‎2025‎-‎08‎-‎14T11:15:34.346599800Z.
Diferencia horaria: 2578153 ms

Motivo del cambio: System time synchronized with the hardware clock.
Proceso: '' (PID 4).

Hora de RTC: ‎2025‎-‎08‎-‎14T07:58:32.500000000Z
Diferencia de zona horaria actual: 240
hora RTC es UTC: false
La hora del sistema se basaba en la hora RTC: false"
"14/8/2025 7:15:34 a. m.","Información","Microsoft-Windows-Kernel-Power","107","El sistema se reanudó del estado de suspensión."
"14/8/2025 7:15:32 a. m.","Información","VfpExt","7036","El servicio  entró en estado Filter detach complete."
"14/8/2025 7:15:32 a. m.","Información","VfpExt","7036","El servicio  entró en estado Filter detach start."
"14/8/2025 7:15:31 a. m.","Información","VfpExt","7036","El servicio  entró en estado Filter pause complete."
"14/8/2025 7:15:31 a. m.","Información","VfpExt","7036","El servicio  entró en estado Filter pause start."
"14/8/2025 7:15:31 a. m.","Información","nhi","9008","Driver exit RTD3.
 All the connected devices will now cause DeviceConnected events."
"14/8/2025 7:15:23 a. m.","Información","Microsoft-Windows-Kernel-Power","42","El sistema está entrando en suspensión.

Motivo de la suspensión: Hibernate from Sleep - Standby Battery Budget Exceeded"
"14/8/2025 7:15:23 a. m.","Información","Microsoft-Windows-Kernel-Power","40","El controlador \Driver\vpcivsp del dispositivo ROOT\VPCIVSP\0000 detuvo la transición de energía."
"14/8/2025 7:15:20 a. m.","Advertencia","Microsoft-Windows-Time-Service","134","NtpClient no pudo establecer un sistema del mismo nivel manual para usar como origen de la hora debido a un error de resolución de DNS en 'time.windows.com,0x9'. NtpClient lo intentará de nuevo dentro de 15 minutos y doblará el intervalo de reintento en adelante. Error: Host desconocido. (0x80072AF9)"
"14/8/2025 7:15:20 a. m.","Información","Microsoft-Windows-Kernel-Power","566","La sesión del sistema ha cambiado de 45 a 46.

Motivo SxTransition 

BootId: 12"
"14/8/2025 7:15:20 a. m.","Información","Microsoft-Windows-Kernel-Power","507","El sistema está saliendo del modo de espera moderno 

motivo: Sleep, Hibernate, or Shutdown. "
"14/8/2025 7:15:20 a. m.","Información","Microsoft-Windows-Kernel-Power","172","Estado de conectividad en modo de espera: Connected. Motivo: None"
"14/8/2025 7:15:20 a. m.","Información","Netwtw10","7026","7026 - Dump after return from D3 after cmd"
"14/8/2025 7:15:20 a. m.","Información","Netwtw10","7025","7025 - Dump after return from D3 before cmd "
"14/8/2025 5:27:14 a. m.","Información","Microsoft-Windows-Kernel-Power","172","Estado de conectividad en modo de espera: Disconnected. Motivo: Policy Setting"
"14/8/2025 5:27:06 a. m.","Información","Microsoft-Windows-Kernel-Power","566","La sesión del sistema ha cambiado de 44 a 45.

Motivo 55 

BootId: 12"
"14/8/2025 5:27:01 a. m.","Información","Microsoft-Windows-Kernel-Power","506","El sistema está entrando en el modo de espera moderno 

motivo: Austerity Battery Drain Budget Exceeded. "
"14/8/2025 5:27:01 a. m.","Información","Microsoft-Windows-Kernel-Power","566","La sesión del sistema ha cambiado de 43 a 44.

Motivo 55 

BootId: 12"
"14/8/2025 5:27:01 a. m.","Información","Microsoft-Windows-Kernel-Power","507","El sistema está saliendo del modo de espera moderno 

motivo: Austerity Battery Drain Budget Exceeded. "
"14/8/2025 5:27:01 a. m.","Información","Microsoft-Windows-Kernel-Power","172","Estado de conectividad en modo de espera: Connected. Motivo: None"
"14/8/2025 5:27:01 a. m.","Información","Netwtw10","7026","7026 - Dump after return from D3 after cmd"
"14/8/2025 5:27:01 a. m.","Información","Netwtw10","7025","7025 - Dump after return from D3 before cmd "
"14/8/2025 5:26:01 a. m.","Información","Microsoft-Windows-IsolatedUserMode","2","Secure Trustlet Id 6 and Pid 28664 stopped with status STATUS_SUCCESS."
"14/8/2025 5:23:32 a. m.","Información","Microsoft-Windows-Kernel-Power","172","Estado de conectividad en modo de espera: Disconnected. Motivo: Adaptive Connected Standby"
"14/8/2025 5:23:20 a. m.","Información","Microsoft-Windows-Kernel-Power","566","La sesión del sistema ha cambiado de 42 a 43.

Motivo PolicyChange 

BootId: 12"
"14/8/2025 5:23:20 a. m.","Advertencia","Win32k","700","Administrador de energía solicitó la supresión de todas las entradas (INPUT_SUPPRESS_REQUEST = 1)"
"14/8/2025 5:23:20 a. m.","Advertencia","Win32k","700","Administrador de energía solicitó la supresión de todas las entradas (INPUT_SUPPRESS_REQUEST = 1)"
"14/8/2025 5:23:20 a. m.","Información","Microsoft-Windows-Kernel-Power","506","El sistema está entrando en el modo de espera moderno 

motivo: Lid. "
"14/8/2025 5:23:20 a. m.","Información","Microsoft-Windows-Kernel-Power","566","La sesión del sistema ha cambiado de 41 a 42.

Motivo PolicyChange 

BootId: 12"
"14/8/2025 5:17:42 a. m.","Información","Microsoft-Windows-Kernel-General","16","El historial de accesos en el subárbol \??\C:\Users\Default\NTUSER.DAT se borró mediante la actualización de 40 claves y la creación de 8 páginas modificadas."
"14/8/2025 5:17:33 a. m.","Información","Microsoft-Windows-IsolatedUserMode","1","Secure Trustlet \??\C:\WINDOWS\System32\NgcIso.exe Id 6 and Pid 28664 started with status STATUS_SUCCESS."
"14/8/2025 5:17:33 a. m.","Información","Microsoft-Windows-IsolatedUserMode","5","Secure Trustlet NULL Id 0 and Pid 0 started with status STATUS_SUCCESS."
"14/8/2025 5:16:58 a. m.","Error","Service Control Manager","7011","Se agotó el tiempo de espera (30000 ms) para la respuesta de transacción del servicio WinDefend."
"14/8/2025 5:16:46 a. m.","Información","Microsoft-Windows-TPM-WMI","1038","Las comprobaciones de estado de la atestación previa confirman que se espera que el dispositivo supere la atestación.
 Consulte C:\WINDOWS\Logs\MeasuredBoot\0000000033-0000000003.json para obtener información detallada sobre las comprobaciones realizadas."
"14/8/2025 5:16:46 a. m.","Información","Microsoft-Windows-TPM-WMI","1041","Información detallada sobre la comprobación del estado de la atestación previa: {""Version"":1,""HealthStatus"":""Attestable"",""Required"":[{""Field"":""TpmPresent"",""Value"":true,""DesiredValue"":true},{""Field"":""TpmMeetsMinimumVersion"",""Value"":true,""DesiredValue"":true},{""Field"":""TpmIsResponsive"",""Value"":true,""DesiredValue"":true},{""Field"":""EkCertIsAvailable"",""Value"":true,""DesiredValue"":true},{""Field"":""TcgLogFound"",""Value"":true,""DesiredValue"":true}],""Expected"":[{""Field"":""PcrsMatchTcgLog"",""Value"":true,""DesiredValue"":true}],""Informational"":[{""Field"":""SecureBootEnabled"",""ValueFromComputer"":true,""ValueFromTcgLog"":true,""DesiredValue"":true,""TcgValueIsVerifiable"":true},{""Field"":""VirtualSecureMemory"",""ValueFromComputer"":false,""ValueFromTcgLog"":false,""DesiredValue"":true,""TcgValueIsVerifiable"":true},{""Field"":""SecureCorePCCompliant"",""ValueFromComputer"":false,""ValueFromTcgLog"":false,""DesiredValue"":true,""TcgValueIsVerifiable"":true}]}"
"14/8/2025 5:16:34 a. m.","Información","Microsoft-Windows-Hyper-V-VmSwitch","291","Descarga de RSC modificada para la 6598FD11-7307-4DD7-8E4A-3EC4FB88B3D3--CB46B844-0AB4-4DF5-B08A-4E8E3BD5AEE5 NIC (nombre descriptivo: ) IPv4 anterior: Deshabilitado, IPv4 actual: Deshabilitado, IPv6 anterior: Deshabilitado, IPv6 actual: Deshabilitado. Motivo: OID de RSC"
"14/8/2025 5:16:34 a. m.","Advertencia","Netwtw10","6062","6062 - Lso was triggered"
"14/8/2025 5:16:33 a. m.","Información","Microsoft-Windows-Hyper-V-VmSwitch","102","Networking driver in 6598FD11-7307-4DD7-8E4A-3EC4FB88B3D3 is loaded and the protocol version is negotiated to the most recent version (Virtual machine ID 6598FD11-7307-4DD7-8E4A-3EC4FB88B3D3)."
"14/8/2025 5:16:32 a. m.","Información","nhi","9007","The driver entered RTD3.
 All the connected devices will be removed from driver's internal state, so it is expected that DeviceDisconnected events will happen."
"14/8/2025 5:16:31 a. m.","Información","Microsoft-Windows-Hyper-V-VmSwitch","291","Descarga de RSC modificada para la 6598FD11-7307-4DD7-8E4A-3EC4FB88B3D3--CB46B844-0AB4-4DF5-B08A-4E8E3BD5AEE5 NIC (nombre descriptivo: ) IPv4 anterior: Deshabilitado, IPv4 actual: Deshabilitado, IPv6 anterior: Deshabilitado, IPv6 actual: Deshabilitado. Motivo: OID de RSC"
"14/8/2025 5:16:30 a. m.","Información","Microsoft-Windows-Hyper-V-VmSwitch","102","Networking driver in 6598FD11-7307-4DD7-8E4A-3EC4FB88B3D3 is loaded and the protocol version is negotiated to the most recent version (Virtual machine ID 6598FD11-7307-4DD7-8E4A-3EC4FB88B3D3)."
"14/8/2025 5:16:30 a. m.","Información","Netwtw10","7021","7021 - Connection telemetry fields and analysis usage"
"14/8/2025 5:16:29 a. m.","Advertencia","rt640x64","1","Realtek PCIe GbE Family Controller is disconnected from network."
"14/8/2025 5:16:28 a. m.","Información","Microsoft-Windows-Power-Troubleshooter","1","El sistema estaba en un estado de baja energía y se reanudó.

Hora de suspensión: ‎2025‎-‎08‎-‎14T08:13:59.989431700Z
Hora de reactivación: ‎2025‎-‎08‎-‎14T09:16:26.460497700Z

Origen de la reactivación: Unknown"
"14/8/2025 5:16:26 a. m.","Información","Netwtw10","7023","7023 - secure boot debug logging Quasar"
"14/8/2025 5:16:26 a. m.","Información","VfpExt","7036","El servicio  entró en estado Filter restart complete."
"14/8/2025 5:16:26 a. m.","Información","VfpExt","7036","El servicio  entró en estado Filter restart start."
"14/8/2025 5:16:26 a. m.","Información","Intel-SST-OED","28","Loaded DSP FW library: \??\C:\WINDOWS\System32\DriverStore\FileRepository\intcoed_oemlibpath.inf_amd64_69401f7e35684734\tgl_maxx_audio_pro.bin, status = STATUS_SUCCESS."
"14/8/2025 5:16:26 a. m.","Información","VfpExt","7036","El servicio  entró en estado Filter attach complete."
"14/8/2025 5:16:26 a. m.","Información","VfpExt","7036","El servicio  entró en estado Filter attach start."
"14/8/2025 5:16:26 a. m.","Información","WiManH","2",
"14/8/2025 5:16:26 a. m.","Información","Microsoft-Windows-Kernel-Power","566","La sesión del sistema ha cambiado de 39 a 41.

Motivo PolicyChange 

BootId: 12"
"14/8/2025 5:16:26 a. m.","Información","Microsoft-Windows-Kernel-Power","507","El sistema está saliendo del modo de espera moderno 

motivo: Lid. "
"14/8/2025 5:16:26 a. m.","Información","Intel-SST-OED","28","Loaded DSP FW library: Libs\dsp_lib_whm_tgl_release.bin, status = STATUS_SUCCESS."
"14/8/2025 5:16:26 a. m.","Información","Intel-SST-OED","28","Loaded DSP FW library: Libs\dsp_lib_intel_wov_tgl_release.bin, status = STATUS_SUCCESS."
"14/8/2025 5:16:26 a. m.","Información","Netwtw10","7025","7025 - Dump after return from D3 before cmd "
"14/8/2025 5:16:26 a. m.","Información","Microsoft-Windows-Kernel-Power","506","El sistema está entrando en el modo de espera moderno 

motivo: Sleep, Hibernate, or Shutdown. "
"14/8/2025 5:16:26 a. m.","Información","Microsoft-Windows-Kernel-Power","566","La sesión del sistema ha cambiado de 38 a 39.

Motivo SxTransition 

BootId: 12"
"14/8/2025 5:16:26 a. m.","Información","Microsoft-Windows-Kernel-Boot","247","No se puede cargar el firmware de Pluton-Windows. StatusCode: STATUS_SUCCESS, Motivo: Failed to apply firmware."
"14/8/2025 5:16:26 a. m.","Información","Microsoft-Windows-Kernel-Boot","27","El tipo de arranque fue 0x2."
"14/8/2025 5:16:26 a. m.","Información","Microsoft-Windows-Kernel-Boot","25","La directiva del menú de arranque fue 0x0."
"14/8/2025 5:16:26 a. m.","Información","Microsoft-Windows-Kernel-Boot","32","Bootmgr esperó la entrada del usuario durante 0 ms."
"14/8/2025 5:16:26 a. m.","Información","Microsoft-Windows-Kernel-Boot","18","Existen 0x1 opciones de arranque en este sistema."
"14/8/2025 5:16:26 a. m.","Información","Microsoft-Windows-Kernel-Boot","30","El firmware notificó métricas de arranque."
"14/8/2025 5:16:26 a. m.","Advertencia","TPM","30","El recuento de restablecimiento y/o reanudación no coinciden con los valores esperados después de hibernar o reanudar."
"14/8/2025 5:16:25 a. m.","Advertencia","Win32k","701","Administrador de energía no solicitó la supresión de todas las entradas (INPUT_SUPPRESS_REQUEST = 0)"
"14/8/2025 5:16:25 a. m.","Advertencia","Win32k","701","Administrador de energía no solicitó la supresión de todas las entradas (INPUT_SUPPRESS_REQUEST = 0)"
"14/8/2025 5:16:25 a. m.","Información","Microsoft-Windows-Kernel-General","1","La hora del sistema ha cambiado a ‎2025‎-‎08‎-‎14T09:16:25.500000000Z de ‎2025‎-‎08‎-‎14T08:14:15.471865300Z.
Diferencia horaria: 3730028 ms

Motivo del cambio: System time synchronized with the hardware clock.
Proceso: '' (PID 4).

Hora de RTC: ‎2025‎-‎08‎-‎14T05:16:25.500000000Z
Diferencia de zona horaria actual: 240
hora RTC es UTC: false
La hora del sistema se basaba en la hora RTC: false"
"14/8/2025 4:14:15 a. m.","Información","Microsoft-Windows-Kernel-Power","107","El sistema se reanudó del estado de suspensión."
"14/8/2025 4:14:13 a. m.","Información","VfpExt","7036","El servicio  entró en estado Filter detach complete."
"14/8/2025 4:14:13 a. m.","Información","VfpExt","7036","El servicio  entró en estado Filter detach start."
"14/8/2025 4:14:13 a. m.","Información","VfpExt","7036","El servicio  entró en estado Filter pause complete."
"14/8/2025 4:14:13 a. m.","Información","VfpExt","7036","El servicio  entró en estado Filter pause start."
"14/8/2025 4:14:13 a. m.","Información","nhi","9008","Driver exit RTD3.
 All the connected devices will now cause DeviceConnected events."
"14/8/2025 4:14:05 a. m.","Información","Microsoft-Windows-Hyper-V-VmSwitch","291","Descarga de RSC modificada para la 6598FD11-7307-4DD7-8E4A-3EC4FB88B3D3--CB46B844-0AB4-4DF5-B08A-4E8E3BD5AEE5 NIC (nombre descriptivo: ) IPv4 anterior: Deshabilitado, IPv4 actual: Deshabilitado, IPv6 anterior: Deshabilitado, IPv6 actual: Deshabilitado. Motivo: OID de RSC"
"14/8/2025 4:14:05 a. m.","Información","Microsoft-Windows-Hyper-V-VmSwitch","102","Networking driver in 6598FD11-7307-4DD7-8E4A-3EC4FB88B3D3 is loaded and the protocol version is negotiated to the most recent version (Virtual machine ID 6598FD11-7307-4DD7-8E4A-3EC4FB88B3D3)."
"14/8/2025 4:14:04 a. m.","Información","Microsoft-Windows-Kernel-Power","42","El sistema está entrando en suspensión.

Motivo de la suspensión: Hibernate from Sleep - Standby Battery Budget Exceeded"
"14/8/2025 4:14:04 a. m.","Información","Microsoft-Windows-Kernel-Power","40","El controlador \Driver\vpcivsp del dispositivo ROOT\VPCIVSP\0000 detuvo la transición de energía."
"14/8/2025 4:14:03 a. m.","Información","Microsoft-Windows-Hyper-V-VmSwitch","291","Descarga de RSC modificada para la 6598FD11-7307-4DD7-8E4A-3EC4FB88B3D3--CB46B844-0AB4-4DF5-B08A-4E8E3BD5AEE5 NIC (nombre descriptivo: ) IPv4 anterior: Deshabilitado, IPv4 actual: Deshabilitado, IPv6 anterior: Deshabilitado, IPv6 actual: Deshabilitado. Motivo: OID de RSC"
"14/8/2025 4:14:02 a. m.","Información","Microsoft-Windows-Hyper-V-VmSwitch","102","Networking driver in 6598FD11-7307-4DD7-8E4A-3EC4FB88B3D3 is loaded and the protocol version is negotiated to the most recent version (Virtual machine ID 6598FD11-7307-4DD7-8E4A-3EC4FB88B3D3)."
"14/8/2025 4:14:02 a. m.","Advertencia","Netwtw10","6062","6062 - Lso was triggered"
"14/8/2025 4:14:01 a. m.","Información","Netwtw10","7021","7021 - Connection telemetry fields and analysis usage"
"14/8/2025 4:13:59 a. m.","Información","Microsoft-Windows-Kernel-Power","566","La sesión del sistema ha cambiado de 37 a 38.

Motivo SxTransition 

BootId: 12"
"14/8/2025 4:13:59 a. m.","Información","Microsoft-Windows-Kernel-Power","507","El sistema está saliendo del modo de espera moderno 

motivo: Sleep, Hibernate, or Shutdown. "
"14/8/2025 4:13:59 a. m.","Información","Microsoft-Windows-Kernel-Power","172","Estado de conectividad en modo de espera: Connected. Motivo: None"
"14/8/2025 4:13:59 a. m.","Información","Netwtw10","7026","7026 - Dump after return from D3 after cmd"
"14/8/2025 4:13:59 a. m.","Información","Netwtw10","7025","7025 - Dump after return from D3 before cmd "
"14/8/2025 2:43:35 a. m.","Error","Microsoft-Windows-DistributedCOM","10010","El servidor {5CA9C941-68D9-5462-B0F5-C850C0361A39} no se registró con DCOM dentro del tiempo de espera requerido."
"14/8/2025 2:43:35 a. m.","Error","Service Control Manager","7011","Se agotó el tiempo de espera (30000 ms) para la respuesta de transacción del servicio GoogleUpdaterInternalService141.0.7340.0."
"14/8/2025 2:23:22 a. m.","Información","Microsoft-Windows-Kernel-Power","172","Estado de conectividad en modo de espera: Disconnected. Motivo: Policy Setting"
"14/8/2025 2:23:15 a. m.","Información","Microsoft-Windows-Kernel-Power","566","La sesión del sistema ha cambiado de 36 a 37.

Motivo 55 

BootId: 12"
"14/8/2025 2:23:10 a. m.","Información","Microsoft-Windows-Kernel-Power","506","El sistema está entrando en el modo de espera moderno 

motivo: Austerity Battery Drain Budget Exceeded. "
"14/8/2025 2:23:10 a. m.","Información","Microsoft-Windows-Kernel-Power","566","La sesión del sistema ha cambiado de 35 a 36.

Motivo 55 

BootId: 12"
"14/8/2025 2:23:10 a. m.","Información","Microsoft-Windows-Kernel-Power","507","El sistema está saliendo del modo de espera moderno 

motivo: Austerity Battery Drain Budget Exceeded. "
"14/8/2025 2:23:10 a. m.","Información","Microsoft-Windows-Kernel-Power","172","Estado de conectividad en modo de espera: Connected. Motivo: None"
"14/8/2025 2:23:10 a. m.","Información","Netwtw10","7026","7026 - Dump after return from D3 after cmd"
"14/8/2025 2:23:10 a. m.","Información","Netwtw10","7025","7025 - Dump after return from D3 before cmd "
"14/8/2025 2:10:00 a. m.","Información","Netwtw10","7026","7026 - Dump after return from D3 after cmd"
"14/8/2025 2:10:00 a. m.","Información","Netwtw10","7025","7025 - Dump after return from D3 before cmd "
"14/8/2025 2:08:07 a. m.","Información","nhi","9007","The driver entered RTD3.
 All the connected devices will be removed from driver's internal state, so it is expected that DeviceDisconnected events will happen."
"14/8/2025 2:08:02 a. m.","Información","Netwtw10","7026","7026 - Dump after return from D3 after cmd"
"14/8/2025 2:08:02 a. m.","Información","Netwtw10","7025","7025 - Dump after return from D3 before cmd "
"14/8/2025 2:08:02 a. m.","Información","nhi","9008","Driver exit RTD3.
 All the connected devices will now cause DeviceConnected events."
"14/8/2025 2:07:32 a. m.","Información","Netwtw10","7026","7026 - Dump after return from D3 after cmd"
"14/8/2025 2:07:32 a. m.","Información","Netwtw10","7025","7025 - Dump after return from D3 before cmd "
"14/8/2025 2:07:09 a. m.","Información","nhi","9007","The driver entered RTD3.
 All the connected devices will be removed from driver's internal state, so it is expected that DeviceDisconnected events will happen."
"14/8/2025 2:07:04 a. m.","Información","nhi","9008","Driver exit RTD3.
 All the connected devices will now cause DeviceConnected events."
"14/8/2025 2:07:04 a. m.","Información","Netwtw10","7026","7026 - Dump after return from D3 after cmd"
"14/8/2025 2:07:04 a. m.","Información","Netwtw10","7025","7025 - Dump after return from D3 before cmd "
"14/8/2025 2:06:59 a. m.","Información","Microsoft-Windows-Kernel-Power","172","Estado de conectividad en modo de espera: Disconnected. Motivo: Adaptive Connected Standby"
"14/8/2025 2:06:52 a. m.","Información","Microsoft-Windows-Kernel-Power","566","La sesión del sistema ha cambiado de 34 a 35.

Motivo InputMouse 

BootId: 12"
"14/8/2025 2:06:50 a. m.","Información","Netwtw10","7021","7021 - Connection telemetry fields and analysis usage"
"14/8/2025 2:06:47 a. m.","Información","Microsoft-Windows-Kernel-Power","506","El sistema está entrando en el modo de espera moderno 

motivo: AC/DC Display Burst Suppressed. "
"14/8/2025 2:06:47 a. m.","Información","Microsoft-Windows-Kernel-Power","566","La sesión del sistema ha cambiado de 33 a 34.

Motivo InputMouse 

BootId: 12"
"14/8/2025 2:06:47 a. m.","Información","Microsoft-Windows-Kernel-Power","507","El sistema está saliendo del modo de espera moderno 

motivo: AC/DC Display Burst Suppressed. "
"14/8/2025 2:06:47 a. m.","Información","Netwtw10","7026","7026 - Dump after return from D3 after cmd"
"14/8/2025 2:06:47 a. m.","Información","Netwtw10","7025","7025 - Dump after return from D3 before cmd "
"14/8/2025 2:06:46 a. m.","Información","Microsoft-Windows-Kernel-Power","105","Cambio de fuente de energía."
"14/8/2025 2:00:00 a. m.","Información","nhi","9007","The driver entered RTD3.
 All the connected devices will be removed from driver's internal state, so it is expected that DeviceDisconnected events will happen."
"14/8/2025 1:59:50 a. m.","Información","nhi","9008","Driver exit RTD3.
 All the connected devices will now cause DeviceConnected events."
"14/8/2025 1:59:50 a. m.","Información","Netwtw10","7026","7026 - Dump after return from D3 after cmd"
"14/8/2025 1:59:50 a. m.","Información","Netwtw10","7025","7025 - Dump after return from D3 before cmd "
"14/8/2025 1:35:19 a. m.","Advertencia","Microsoft-Windows-DNS-Client","1014","La resolución de nombres para el nombre client.wns.windows.com agotó el tiempo de espera después de que ninguno de los servidores DNS configurados respondiera. PID de cliente 4676."
"14/8/2025 1:34:40 a. m.","Información","Netwtw10","7026","7026 - Dump after return from D3 after cmd"
"14/8/2025 1:34:40 a. m.","Información","Netwtw10","7025","7025 - Dump after return from D3 before cmd "
"14/8/2025 1:32:35 a. m.","Advertencia","rt640x64","1","Realtek PCIe GbE Family Controller is disconnected from network."
"14/8/2025 1:32:32 a. m.","Información","Netwtw10","7026","7026 - Dump after return from D3 after cmd"
"14/8/2025 1:32:32 a. m.","Información","Netwtw10","7025","7025 - Dump after return from D3 before cmd "
"14/8/2025 1:22:33 a. m.","Información","Netwtw10","7026","7026 - Dump after return from D3 after cmd"
"14/8/2025 1:22:33 a. m.","Información","Netwtw10","7025","7025 - Dump after return from D3 before cmd "
"14/8/2025 1:20:36 a. m.","Advertencia","rt640x64","1","Realtek PCIe GbE Family Controller is disconnected from network."
"14/8/2025 1:20:33 a. m.","Información","Netwtw10","7026","7026 - Dump after return from D3 after cmd"
"14/8/2025 1:20:33 a. m.","Información","Netwtw10","7025","7025 - Dump after return from D3 before cmd "
"14/8/2025 1:18:33 a. m.","Información","Netwtw10","7026","7026 - Dump after return from D3 after cmd"
"14/8/2025 1:18:33 a. m.","Información","Netwtw10","7025","7025 - Dump after return from D3 before cmd "
"14/8/2025 1:16:36 a. m.","Advertencia","rt640x64","1","Realtek PCIe GbE Family Controller is disconnected from network."
"14/8/2025 1:16:33 a. m.","Información","Netwtw10","7026","7026 - Dump after return from D3 after cmd"
"14/8/2025 1:16:33 a. m.","Información","Netwtw10","7025","7025 - Dump after return from D3 before cmd "
"14/8/2025 1:14:33 a. m.","Información","Netwtw10","7026","7026 - Dump after return from D3 after cmd"
"14/8/2025 1:14:33 a. m.","Información","Netwtw10","7025","7025 - Dump after return from D3 before cmd "
"14/8/2025 1:12:33 a. m.","Información","Netwtw10","7026","7026 - Dump after return from D3 after cmd"
"14/8/2025 1:12:33 a. m.","Información","Netwtw10","7025","7025 - Dump after return from D3 before cmd "
"14/8/2025 1:10:42 a. m.","Advertencia","rt640x64","1","Realtek PCIe GbE Family Controller is disconnected from network."
"14/8/2025 1:10:39 a. m.","Información","Netwtw10","7026","7026 - Dump after return from D3 after cmd"
"14/8/2025 1:10:39 a. m.","Información","Netwtw10","7025","7025 - Dump after return from D3 before cmd "
"14/8/2025 1:10:37 a. m.","Información","Netwtw10","7026","7026 - Dump after return from D3 after cmd"
"14/8/2025 1:10:37 a. m.","Información","Netwtw10","7025","7025 - Dump after return from D3 before cmd "
"14/8/2025 1:10:36 a. m.","Advertencia","rt640x64","1","Realtek PCIe GbE Family Controller is disconnected from network."
"14/8/2025 1:10:33 a. m.","Información","Netwtw10","7026","7026 - Dump after return from D3 after cmd"
"14/8/2025 1:10:33 a. m.","Información","Netwtw10","7025","7025 - Dump after return from D3 before cmd "
"14/8/2025 1:08:33 a. m.","Información","Netwtw10","7026","7026 - Dump after return from D3 after cmd"
"14/8/2025 1:08:33 a. m.","Información","Netwtw10","7025","7025 - Dump after return from D3 before cmd "
"14/8/2025 1:06:33 a. m.","Información","Netwtw10","7026","7026 - Dump after return from D3 after cmd"
"14/8/2025 1:06:33 a. m.","Información","Netwtw10","7025","7025 - Dump after return from D3 before cmd "
"14/8/2025 1:04:33 a. m.","Información","Netwtw10","7026","7026 - Dump after return from D3 after cmd"
"14/8/2025 1:04:33 a. m.","Información","Netwtw10","7025","7025 - Dump after return from D3 before cmd "
"14/8/2025 1:02:33 a. m.","Información","Netwtw10","7026","7026 - Dump after return from D3 after cmd"
"14/8/2025 1:02:33 a. m.","Información","Netwtw10","7025","7025 - Dump after return from D3 before cmd "
"14/8/2025 1:00:36 a. m.","Advertencia","rt640x64","1","Realtek PCIe GbE Family Controller is disconnected from network."
"14/8/2025 1:00:33 a. m.","Información","Netwtw10","7026","7026 - Dump after return from D3 after cmd"
"14/8/2025 1:00:33 a. m.","Información","Netwtw10","7025","7025 - Dump after return from D3 before cmd "
"14/8/2025 12:58:33 a. m.","Información","Netwtw10","7026","7026 - Dump after return from D3 after cmd"
"14/8/2025 12:58:33 a. m.","Información","Netwtw10","7025","7025 - Dump after return from D3 before cmd "
"14/8/2025 12:56:33 a. m.","Información","Netwtw10","7026","7026 - Dump after return from D3 after cmd"
"14/8/2025 12:56:33 a. m.","Información","Netwtw10","7025","7025 - Dump after return from D3 before cmd "
"14/8/2025 12:54:33 a. m.","Información","Netwtw10","7026","7026 - Dump after return from D3 after cmd"
"14/8/2025 12:54:33 a. m.","Información","Netwtw10","7025","7025 - Dump after return from D3 before cmd "
"14/8/2025 12:54:32 a. m.","Error","Microsoft-Windows-DistributedCOM","10010","El servidor {338B40F9-9D68-4B53-A793-6B9AA0C5F63B} no se registró con DCOM dentro del tiempo de espera requerido."
"14/8/2025 12:52:33 a. m.","Información","Netwtw10","7026","7026 - Dump after return from D3 after cmd"
"14/8/2025 12:52:33 a. m.","Información","Netwtw10","7025","7025 - Dump after return from D3 before cmd "
"14/8/2025 12:50:33 a. m.","Información","Netwtw10","7026","7026 - Dump after return from D3 after cmd"
"14/8/2025 12:50:33 a. m.","Información","Netwtw10","7025","7025 - Dump after return from D3 before cmd "
"14/8/2025 12:48:33 a. m.","Advertencia","Netwtw10","6062","6062 - Lso was triggered"
"14/8/2025 12:48:31 a. m.","Información","nhi","9007","The driver entered RTD3.
 All the connected devices will be removed from driver's internal state, so it is expected that DeviceDisconnected events will happen."
"14/8/2025 12:48:26 a. m.","Información","Netwtw10","7021","7021 - Connection telemetry fields and analysis usage"
"14/8/2025 12:48:23 a. m.","Información","nhi","9008","Driver exit RTD3.
 All the connected devices will now cause DeviceConnected events."
"14/8/2025 12:48:23 a. m.","Información","Netwtw10","7026","7026 - Dump after return from D3 after cmd"
"14/8/2025 12:48:23 a. m.","Información","Netwtw10","7025","7025 - Dump after return from D3 before cmd "
"14/8/2025 12:43:23 a. m.","Información","Microsoft-Windows-WLAN-AutoConfig","10001","El módulo de extensibilidad de WLAN se inició correctamente.

Ruta de acceso del módulo: C:\WINDOWS\system32\IntelIHVRouter10.dll
"
"14/8/2025 12:43:23 a. m.","Advertencia","Microsoft-Windows-WLAN-AutoConfig","10002","Se detuvo el módulo de extensibilidad de WLAN.

Ruta de acceso del módulo: C:\WINDOWS\system32\IntelIHVRouter10.dll
"
"14/8/2025 12:43:23 a. m.","Información","Netwtw10","7023","7023 - secure boot debug logging Quasar"
"14/8/2025 12:43:23 a. m.","Información","Netwtw10","7017","7017 - secure boot (SB) configuration"
"14/8/2025 12:43:23 a. m.","Información","Netwtw10","7010","7010 - driver enabled (miniport init)"
"14/8/2025 12:43:22 a. m.","Información","Netwtw10","7002","7002 - CTDP power limit value (SPLC)"
"14/8/2025 12:43:22 a. m.","Información","Netwtw10","7005","7005 - SAR value max TX power (WRDS)"
"14/8/2025 12:43:22 a. m.","Información","Netwtw10","7006","7006 - SAR Geo delta value (WGDS)"
"14/8/2025 12:43:22 a. m.","Información","Netwtw10","7027","7027 - get Nic Manufacturere on init"
"14/8/2025 12:43:22 a. m.","Información","Netwtw10","7036","El servicio \Device\NDMP29 entró en estado Intel(R) Wi-Fi 6 AX201 160MHz."
"14/8/2025 12:43:21 a. m.","Información","Netwtw10","8000","8000 - Miniport Halt flow (driver disable)"
"14/8/2025 12:43:18 a. m.","Advertencia","Microsoft-Windows-WLAN-AutoConfig","4003","La configuración automática de WLAN detectó conectividad limitada, por lo que estamos intentando la recuperación automática.

Tipo de recuperación: 4
Código de error: 0x0
Motivo del desencadenador: 3
Familia de IP: 0
"
"14/8/2025 12:43:08 a. m.","Información","Netwtw10","7026","7026 - Dump after return from D3 after cmd"
"14/8/2025 12:43:08 a. m.","Información","Netwtw10","7025","7025 - Dump after return from D3 before cmd "
"14/8/2025 12:41:02 a. m.","Información","nhi","9007","The driver entered RTD3.
 All the connected devices will be removed from driver's internal state, so it is expected that DeviceDisconnected events will happen."
"14/8/2025 12:40:58 a. m.","Información","Netwtw10","7026","7026 - Dump after return from D3 after cmd"
"14/8/2025 12:40:58 a. m.","Información","Netwtw10","7025","7025 - Dump after return from D3 before cmd "
"14/8/2025 12:40:56 a. m.","Información","Netwtw10","7026","7026 - Dump after return from D3 after cmd"
"14/8/2025 12:40:56 a. m.","Información","Netwtw10","7025","7025 - Dump after return from D3 before cmd "
"14/8/2025 12:40:56 a. m.","Información","nhi","9008","Driver exit RTD3.
 All the connected devices will now cause DeviceConnected events."
"14/8/2025 12:38:59 a. m.","Información","nhi","9007","The driver entered RTD3.
 All the connected devices will be removed from driver's internal state, so it is expected that DeviceDisconnected events will happen."
"14/8/2025 12:38:55 a. m.","Información","Netwtw10","7026","7026 - Dump after return from D3 after cmd"
"14/8/2025 12:38:55 a. m.","Información","Netwtw10","7025","7025 - Dump after return from D3 before cmd "
"14/8/2025 12:38:53 a. m.","Información","Netwtw10","7026","7026 - Dump after return from D3 after cmd"
"14/8/2025 12:38:53 a. m.","Información","Netwtw10","7025","7025 - Dump after return from D3 before cmd "
"14/8/2025 12:38:53 a. m.","Información","nhi","9008","Driver exit RTD3.
 All the connected devices will now cause DeviceConnected events."
"14/8/2025 12:35:14 a. m.","Advertencia","rt640x64","1","Realtek PCIe GbE Family Controller is disconnected from network."
"14/8/2025 12:35:10 a. m.","Información","Netwtw10","7026","7026 - Dump after return from D3 after cmd"
"14/8/2025 12:35:10 a. m.","Información","Netwtw10","7025","7025 - Dump after return from D3 before cmd "
"14/8/2025 12:34:45 a. m.","Información","Netwtw10","7026","7026 - Dump after return from D3 after cmd"
"14/8/2025 12:34:45 a. m.","Información","Netwtw10","7025","7025 - Dump after return from D3 before cmd "
"14/8/2025 12:32:20 a. m.","Información","Microsoft-Windows-Kernel-Power","566","La sesión del sistema ha cambiado de 32 a 33.

Motivo InputMouse 

BootId: 12"
"14/8/2025 12:31:15 a. m.","Advertencia","Microsoft-Windows-DNS-Client","1014","La resolución de nombres para el nombre assets.msn.com agotó el tiempo de espera después de que ninguno de los servidores DNS configurados respondiera. PID de cliente 3200."
"14/8/2025 12:31:04 a. m.","Advertencia","rt640x64","1","Realtek PCIe GbE Family Controller is disconnected from network."
"14/8/2025 12:31:02 a. m.","Información","Microsoft-Windows-Kernel-Power","506","El sistema está entrando en el modo de espera moderno 

motivo: 16777220. "
"14/8/2025 12:31:02 a. m.","Información","Microsoft-Windows-Kernel-Power","566","La sesión del sistema ha cambiado de 31 a 32.

Motivo 16777220 

BootId: 12"
