"14/8/2025 12:31:02 a. m.","Información","Microsoft-Windows-Kernel-Power","507","El sistema está saliendo del modo de espera moderno 

motivo: 16777220. "
"14/8/2025 12:31:01 a. m.","Información","Netwtw10","7026","7026 - Dump after return from D3 after cmd"
"14/8/2025 12:31:01 a. m.","Información","Netwtw10","7025","7025 - Dump after return from D3 before cmd "
"14/8/2025 12:30:02 a. m.","Información","Netwtw10","7026","7026 - Dump after return from D3 after cmd"
"14/8/2025 12:30:02 a. m.","Información","Netwtw10","7025","7025 - Dump after return from D3 before cmd "
"14/8/2025 12:28:02 a. m.","Información","Netwtw10","7026","7026 - Dump after return from D3 after cmd"
"14/8/2025 12:28:02 a. m.","Información","Netwtw10","7025","7025 - Dump after return from D3 before cmd "
"14/8/2025 12:26:05 a. m.","Advertencia","rt640x64","1","Realtek PCIe GbE Family Controller is disconnected from network."
"14/8/2025 12:26:02 a. m.","Información","Netwtw10","7026","7026 - Dump after return from D3 after cmd"
"14/8/2025 12:26:02 a. m.","Información","Netwtw10","7025","7025 - Dump after return from D3 before cmd "
"14/8/2025 12:24:02 a. m.","Información","Netwtw10","7026","7026 - Dump after return from D3 after cmd"
"14/8/2025 12:24:02 a. m.","Información","Netwtw10","7025","7025 - Dump after return from D3 before cmd "
"14/8/2025 12:22:02 a. m.","Información","Netwtw10","7026","7026 - Dump after return from D3 after cmd"
"14/8/2025 12:22:02 a. m.","Información","Netwtw10","7025","7025 - Dump after return from D3 before cmd "
"14/8/2025 12:20:02 a. m.","Información","Netwtw10","7026","7026 - Dump after return from D3 after cmd"
"14/8/2025 12:20:02 a. m.","Información","Netwtw10","7025","7025 - Dump after return from D3 before cmd "
"14/8/2025 12:18:05 a. m.","Advertencia","rt640x64","1","Realtek PCIe GbE Family Controller is disconnected from network."
"14/8/2025 12:18:02 a. m.","Información","Netwtw10","7026","7026 - Dump after return from D3 after cmd"
"14/8/2025 12:18:02 a. m.","Información","Netwtw10","7025","7025 - Dump after return from D3 before cmd "
"14/8/2025 12:16:10 a. m.","Información","nhi","9007","The driver entered RTD3.
 All the connected devices will be removed from driver's internal state, so it is expected that DeviceDisconnected events will happen."
"14/8/2025 12:16:05 a. m.","Información","Netwtw10","7026","7026 - Dump after return from D3 after cmd"
"14/8/2025 12:16:05 a. m.","Información","Netwtw10","7025","7025 - Dump after return from D3 before cmd "
"14/8/2025 12:16:05 a. m.","Información","nhi","9008","Driver exit RTD3.
 All the connected devices will now cause DeviceConnected events."
"14/8/2025 12:16:02 a. m.","Información","Netwtw10","7026","7026 - Dump after return from D3 after cmd"
"14/8/2025 12:16:02 a. m.","Información","Netwtw10","7025","7025 - Dump after return from D3 before cmd "
"14/8/2025 12:14:02 a. m.","Información","Netwtw10","7026","7026 - Dump after return from D3 after cmd"
"14/8/2025 12:14:02 a. m.","Información","Netwtw10","7025","7025 - Dump after return from D3 before cmd "
"14/8/2025 12:12:05 a. m.","Advertencia","rt640x64","1","Realtek PCIe GbE Family Controller is disconnected from network."
"14/8/2025 12:12:02 a. m.","Información","Netwtw10","7026","7026 - Dump after return from D3 after cmd"
"14/8/2025 12:12:02 a. m.","Información","Netwtw10","7025","7025 - Dump after return from D3 before cmd "
"14/8/2025 12:10:14 a. m.","Información","nhi","9007","The driver entered RTD3.
 All the connected devices will be removed from driver's internal state, so it is expected that DeviceDisconnected events will happen."
"14/8/2025 12:10:05 a. m.","Advertencia","rt640x64","1","Realtek PCIe GbE Family Controller is disconnected from network."
"14/8/2025 12:10:02 a. m.","Información","Netwtw10","7026","7026 - Dump after return from D3 after cmd"
"14/8/2025 12:10:02 a. m.","Información","Netwtw10","7025","7025 - Dump after return from D3 before cmd "
"14/8/2025 12:08:05 a. m.","Información","nhi","9008","Driver exit RTD3.
 All the connected devices will now cause DeviceConnected events."
"14/8/2025 12:08:05 a. m.","Información","Netwtw10","7026","7026 - Dump after return from D3 after cmd"
"14/8/2025 12:08:05 a. m.","Información","Netwtw10","7025","7025 - Dump after return from D3 before cmd "
"14/8/2025 12:08:02 a. m.","Información","Netwtw10","7026","7026 - Dump after return from D3 after cmd"
"14/8/2025 12:08:02 a. m.","Información","Netwtw10","7025","7025 - Dump after return from D3 before cmd "
"14/8/2025 12:05:30 a. m.","Advertencia","rt640x64","1","Realtek PCIe GbE Family Controller is disconnected from network."
"14/8/2025 12:05:27 a. m.","Información","Netwtw10","7026","7026 - Dump after return from D3 after cmd"
"14/8/2025 12:05:27 a. m.","Información","Netwtw10","7025","7025 - Dump after return from D3 before cmd "
"14/8/2025 12:03:27 a. m.","Información","Netwtw10","7026","7026 - Dump after return from D3 after cmd"
"14/8/2025 12:03:27 a. m.","Información","Netwtw10","7025","7025 - Dump after return from D3 before cmd "
"14/8/2025 12:01:30 a. m.","Advertencia","rt640x64","1","Realtek PCIe GbE Family Controller is disconnected from network."
"14/8/2025 12:01:27 a. m.","Información","Netwtw10","7026","7026 - Dump after return from D3 after cmd"
"14/8/2025 12:01:27 a. m.","Información","Netwtw10","7025","7025 - Dump after return from D3 before cmd "
"13/8/2025 11:59:34 p. m.","Información","nhi","9007","The driver entered RTD3.
 All the connected devices will be removed from driver's internal state, so it is expected that DeviceDisconnected events will happen."
"13/8/2025 11:59:27 p. m.","Información","Netwtw10","7026","7026 - Dump after return from D3 after cmd"
"13/8/2025 11:59:27 p. m.","Información","Netwtw10","7025","7025 - Dump after return from D3 before cmd "
"13/8/2025 11:57:50 p. m.","Información","Netwtw10","7026","7026 - Dump after return from D3 after cmd"
"13/8/2025 11:57:50 p. m.","Información","Netwtw10","7025","7025 - Dump after return from D3 before cmd "
"13/8/2025 11:57:50 p. m.","Información","nhi","9008","Driver exit RTD3.
 All the connected devices will now cause DeviceConnected events."
"13/8/2025 11:57:35 p. m.","Información","Netwtw10","7026","7026 - Dump after return from D3 after cmd"
"13/8/2025 11:57:35 p. m.","Información","Netwtw10","7025","7025 - Dump after return from D3 before cmd "
"13/8/2025 11:57:30 p. m.","Advertencia","rt640x64","1","Realtek PCIe GbE Family Controller is disconnected from network."
"13/8/2025 11:57:27 p. m.","Información","Netwtw10","7026","7026 - Dump after return from D3 after cmd"
"13/8/2025 11:57:27 p. m.","Información","Netwtw10","7025","7025 - Dump after return from D3 before cmd "
"13/8/2025 11:55:39 p. m.","Información","nhi","9007","The driver entered RTD3.
 All the connected devices will be removed from driver's internal state, so it is expected that DeviceDisconnected events will happen."
"13/8/2025 11:55:37 p. m.","Información","Netwtw10","7026","7026 - Dump after return from D3 after cmd"
"13/8/2025 11:55:37 p. m.","Información","Netwtw10","7025","7025 - Dump after return from D3 before cmd "
"13/8/2025 11:55:34 p. m.","Información","Netwtw10","7026","7026 - Dump after return from D3 after cmd"
"13/8/2025 11:55:34 p. m.","Información","Netwtw10","7025","7025 - Dump after return from D3 before cmd "
"13/8/2025 11:55:34 p. m.","Información","nhi","9008","Driver exit RTD3.
 All the connected devices will now cause DeviceConnected events."
"13/8/2025 11:55:30 p. m.","Advertencia","rt640x64","1","Realtek PCIe GbE Family Controller is disconnected from network."
"13/8/2025 11:55:27 p. m.","Información","Netwtw10","7026","7026 - Dump after return from D3 after cmd"
"13/8/2025 11:55:27 p. m.","Información","Netwtw10","7025","7025 - Dump after return from D3 before cmd "
"13/8/2025 11:53:27 p. m.","Información","Netwtw10","7026","7026 - Dump after return from D3 after cmd"
"13/8/2025 11:53:27 p. m.","Información","Netwtw10","7025","7025 - Dump after return from D3 before cmd "
"13/8/2025 11:51:27 p. m.","Información","Netwtw10","7026","7026 - Dump after return from D3 after cmd"
"13/8/2025 11:51:27 p. m.","Información","Netwtw10","7025","7025 - Dump after return from D3 before cmd "
"13/8/2025 11:49:27 p. m.","Información","Netwtw10","7026","7026 - Dump after return from D3 after cmd"
"13/8/2025 11:49:27 p. m.","Información","Netwtw10","7025","7025 - Dump after return from D3 before cmd "
"13/8/2025 11:47:27 p. m.","Información","Netwtw10","7026","7026 - Dump after return from D3 after cmd"
"13/8/2025 11:47:27 p. m.","Información","Netwtw10","7025","7025 - Dump after return from D3 before cmd "
"13/8/2025 11:45:35 p. m.","Información","nhi","9007","The driver entered RTD3.
 All the connected devices will be removed from driver's internal state, so it is expected that DeviceDisconnected events will happen."
"13/8/2025 11:45:30 p. m.","Información","Netwtw10","7026","7026 - Dump after return from D3 after cmd"
"13/8/2025 11:45:30 p. m.","Información","Netwtw10","7025","7025 - Dump after return from D3 before cmd "
"13/8/2025 11:45:30 p. m.","Información","nhi","9008","Driver exit RTD3.
 All the connected devices will now cause DeviceConnected events."
"13/8/2025 11:45:27 p. m.","Información","Netwtw10","7026","7026 - Dump after return from D3 after cmd"
"13/8/2025 11:45:27 p. m.","Información","Netwtw10","7025","7025 - Dump after return from D3 before cmd "
"13/8/2025 11:43:35 p. m.","Información","nhi","9007","The driver entered RTD3.
 All the connected devices will be removed from driver's internal state, so it is expected that DeviceDisconnected events will happen."
"13/8/2025 11:43:30 p. m.","Información","Netwtw10","7026","7026 - Dump after return from D3 after cmd"
"13/8/2025 11:43:30 p. m.","Información","Netwtw10","7025","7025 - Dump after return from D3 before cmd "
"13/8/2025 11:43:30 p. m.","Información","nhi","9008","Driver exit RTD3.
 All the connected devices will now cause DeviceConnected events."
"13/8/2025 11:43:27 p. m.","Información","Netwtw10","7026","7026 - Dump after return from D3 after cmd"
"13/8/2025 11:43:27 p. m.","Información","Netwtw10","7025","7025 - Dump after return from D3 before cmd "
"13/8/2025 11:41:27 p. m.","Información","Netwtw10","7026","7026 - Dump after return from D3 after cmd"
"13/8/2025 11:41:27 p. m.","Información","Netwtw10","7025","7025 - Dump after return from D3 before cmd "
"13/8/2025 11:40:19 p. m.","Información","Netwtw10","7026","7026 - Dump after return from D3 after cmd"
"13/8/2025 11:40:19 p. m.","Información","Netwtw10","7025","7025 - Dump after return from D3 before cmd "
"13/8/2025 11:39:48 p. m.","Información","nhi","9007","The driver entered RTD3.
 All the connected devices will be removed from driver's internal state, so it is expected that DeviceDisconnected events will happen."
"13/8/2025 11:39:42 p. m.","Información","nhi","9008","Driver exit RTD3.
 All the connected devices will now cause DeviceConnected events."
"13/8/2025 11:39:42 p. m.","Información","Netwtw10","7026","7026 - Dump after return from D3 after cmd"
"13/8/2025 11:39:42 p. m.","Información","Netwtw10","7025","7025 - Dump after return from D3 before cmd "
"13/8/2025 11:39:27 p. m.","Información","Netwtw10","7026","7026 - Dump after return from D3 after cmd"
"13/8/2025 11:39:27 p. m.","Información","Netwtw10","7025","7025 - Dump after return from D3 before cmd "
"13/8/2025 11:38:18 p. m.","Advertencia","rt640x64","1","Realtek PCIe GbE Family Controller is disconnected from network."
"13/8/2025 11:38:15 p. m.","Información","Netwtw10","7026","7026 - Dump after return from D3 after cmd"
"13/8/2025 11:38:15 p. m.","Información","Netwtw10","7025","7025 - Dump after return from D3 before cmd "
"13/8/2025 11:37:38 p. m.","Información","nhi","9007","The driver entered RTD3.
 All the connected devices will be removed from driver's internal state, so it is expected that DeviceDisconnected events will happen."
"13/8/2025 11:37:32 p. m.","Información","Netwtw10","7026","7026 - Dump after return from D3 after cmd"
"13/8/2025 11:37:32 p. m.","Información","Netwtw10","7025","7025 - Dump after return from D3 before cmd "
"13/8/2025 11:37:32 p. m.","Información","nhi","9008","Driver exit RTD3.
 All the connected devices will now cause DeviceConnected events."
"13/8/2025 11:37:27 p. m.","Información","Netwtw10","7026","7026 - Dump after return from D3 after cmd"
"13/8/2025 11:37:27 p. m.","Información","Netwtw10","7025","7025 - Dump after return from D3 before cmd "
"13/8/2025 11:35:32 p. m.","Información","Netwtw10","7026","7026 - Dump after return from D3 after cmd"
"13/8/2025 11:35:32 p. m.","Información","Netwtw10","7025","7025 - Dump after return from D3 before cmd "
"13/8/2025 11:35:27 p. m.","Información","Netwtw10","7026","7026 - Dump after return from D3 after cmd"
"13/8/2025 11:35:27 p. m.","Información","Netwtw10","7025","7025 - Dump after return from D3 before cmd "
"13/8/2025 11:34:26 p. m.","Información","Microsoft-Windows-Kernel-Power","566","La sesión del sistema ha cambiado de 30 a 31.

Motivo InputMouse 

BootId: 12"
"13/8/2025 11:33:31 p. m.","Advertencia","Microsoft-Windows-DNS-Client","1014","La resolución de nombres para el nombre login.live.com agotó el tiempo de espera después de que ninguno de los servidores DNS configurados respondiera. PID de cliente 20764."
"13/8/2025 11:33:19 p. m.","Información","Microsoft-Windows-Kernel-Power","506","El sistema está entrando en el modo de espera moderno 

motivo: 16777220. "
"13/8/2025 11:33:19 p. m.","Información","Microsoft-Windows-Kernel-Power","566","La sesión del sistema ha cambiado de 29 a 30.

Motivo 16777220 

BootId: 12"
"13/8/2025 11:33:19 p. m.","Información","Microsoft-Windows-Kernel-Power","507","El sistema está saliendo del modo de espera moderno 

motivo: 16777220. "
"13/8/2025 11:33:18 p. m.","Información","Microsoft-Windows-Kernel-Power","566","La sesión del sistema ha cambiado de 28 a 29.

Motivo InputMouse 

BootId: 12"
"13/8/2025 11:31:07 p. m.","Información","Microsoft-Windows-Kernel-Power","506","El sistema está entrando en el modo de espera moderno 

motivo: AC/DC Display Burst Suppressed. "
"13/8/2025 11:31:07 p. m.","Información","Microsoft-Windows-Kernel-Power","566","La sesión del sistema ha cambiado de 27 a 28.

Motivo InputMouse 

BootId: 12"
"13/8/2025 11:31:07 p. m.","Información","Microsoft-Windows-Kernel-Power","507","El sistema está saliendo del modo de espera moderno 

motivo: AC/DC Display Burst Suppressed. "
"13/8/2025 11:31:07 p. m.","Información","Microsoft-Windows-Kernel-Power","172","Estado de conectividad en modo de espera: Connected. Motivo: None"
"13/8/2025 11:31:07 p. m.","Información","Netwtw10","7026","7026 - Dump after return from D3 after cmd"
"13/8/2025 11:31:07 p. m.","Información","Netwtw10","7025","7025 - Dump after return from D3 before cmd "
"13/8/2025 11:31:07 p. m.","Información","Microsoft-Windows-Kernel-Power","105","Cambio de fuente de energía."
"13/8/2025 11:25:41 p. m.","Información","Microsoft-Windows-Kernel-Power","172","Estado de conectividad en modo de espera: Disconnected. Motivo: Adaptive Connected Standby"
"13/8/2025 11:25:30 p. m.","Información","Microsoft-Windows-Kernel-General","1","La hora del sistema ha cambiado a ‎2025‎-‎08‎-‎14T03:25:30.179646400Z de ‎2025‎-‎08‎-‎14T03:25:30.180131400Z.
Diferencia horaria: 0 ms

Motivo del cambio: An application or system component changed the time.
Proceso: '\Device\HarddiskVolume3\Windows\System32\svchost.exe' (PID 12268).

Hora de RTC: ‎2025‎-‎08‎-‎13T23:25:30.179646400Z
Diferencia de zona horaria actual: 240
hora RTC es UTC: false
La hora del sistema se basaba en la hora RTC: false"
"13/8/2025 11:25:30 p. m.","Error","Microsoft-Windows-HAL","21","No se estableció el reloj en tiempo real de hardware debido a un error en la evaluación del método de dispositivo de alarma y hora ACPI.  Estado: 0xC00000BB."
"13/8/2025 11:25:30 p. m.","Error","Microsoft-Windows-HAL","20","No se consultó el reloj en tiempo real de hardware debido a un error en la evaluación del método de dispositivo de alarma y hora ACPI.  Estado: 0xC00000BB."
"13/8/2025 11:25:30 p. m.","Información","Microsoft-Windows-Kernel-General","24","La información de zona horaria se actualizó con el motivo de salida 0. La diferencia de zona horaria actual es 240."
"13/8/2025 11:25:30 p. m.","Información","Microsoft-Windows-Kernel-Power","566","La sesión del sistema ha cambiado de 26 a 27.

Motivo PolicyChange 

BootId: 12"
"13/8/2025 11:25:29 p. m.","Información","Microsoft-Windows-Kernel-Power","506","El sistema está entrando en el modo de espera moderno 

motivo: Lid. "
"13/8/2025 11:25:29 p. m.","Información","Microsoft-Windows-Kernel-Power","566","La sesión del sistema ha cambiado de 25 a 26.

Motivo PolicyChange 

BootId: 12"
"13/8/2025 11:25:29 p. m.","Advertencia","Win32k","700","Administrador de energía solicitó la supresión de todas las entradas (INPUT_SUPPRESS_REQUEST = 1)"
"13/8/2025 11:25:29 p. m.","Advertencia","Win32k","700","Administrador de energía solicitó la supresión de todas las entradas (INPUT_SUPPRESS_REQUEST = 1)"
"13/8/2025 10:39:53 p. m.","Información","nhi","9007","The driver entered RTD3.
 All the connected devices will be removed from driver's internal state, so it is expected that DeviceDisconnected events will happen."
"13/8/2025 10:39:47 p. m.","Información","nhi","9008","Driver exit RTD3.
 All the connected devices will now cause DeviceConnected events."
"13/8/2025 10:38:12 p. m.","Información","TPM","17","El hardware del Módulo de plataforma segura (TPM) no pudo ejecutar un comando de TPM."
"13/8/2025 10:38:11 p. m.","Información","TPM","17","El hardware del Módulo de plataforma segura (TPM) no pudo ejecutar un comando de TPM."
"13/8/2025 10:38:11 p. m.","Información","TPM","17","El hardware del Módulo de plataforma segura (TPM) no pudo ejecutar un comando de TPM."
"13/8/2025 10:38:09 p. m.","Información","Microsoft-Windows-IsolatedUserMode","5","Secure Trustlet NULL Id 0 and Pid 0 started with status STATUS_SUCCESS."
"13/8/2025 10:38:09 p. m.","Información","Microsoft-Windows-IsolatedUserMode","2","Secure Trustlet Id 0 and Pid 0 stopped with status STATUS_SUCCESS."
"13/8/2025 9:56:45 p. m.","Información","Microsoft-Windows-WindowsUpdateClient","19","Instalación correcta: Windows instaló correctamente la siguiente actualización: Herramienta de eliminación de software malintencionado de Windows x64, v5.135 (KB890830)"
"13/8/2025 9:53:26 p. m.","Información","Microsoft-Windows-Kernel-General","16","El historial de accesos en el subárbol \??\C:\Users\PCTIC-05\AppData\Local\Packages\Microsoft.WindowsTerminal_8wekyb3d8bbwe\SystemAppData\Helium\UserClasses.dat se borró mediante la actualización de 1 claves y la creación de 1 páginas modificadas."
"13/8/2025 9:53:26 p. m.","Información","Microsoft-Windows-Kernel-General","16","El historial de accesos en el subárbol \??\C:\Users\PCTIC-05\AppData\Local\Packages\Microsoft.WindowsTerminal_8wekyb3d8bbwe\SystemAppData\Helium\User.dat se borró mediante la actualización de 1 claves y la creación de 1 páginas modificadas."
"13/8/2025 9:44:16 p. m.","Información","Microsoft-Windows-WindowsUpdateClient","19","Instalación correcta: Windows instaló correctamente la siguiente actualización: 9WZDNCRFJ3PT-MICROSOFT.ZUNEMUSIC"
"13/8/2025 9:44:14 p. m.","Información","Microsoft-Windows-WindowsUpdateClient","43","Instalación iniciada: Windows comenzó a instalar la actualización siguiente: 9WZDNCRFJ3PT-MICROSOFT.ZUNEMUSIC"
"13/8/2025 9:44:11 p. m.","Información","Microsoft-Windows-Kernel-General","16","El historial de accesos en el subárbol \??\C:\ProgramData\Microsoft\Windows\AppRepository\Packages\Microsoft.ZuneMusic_11.2507.6.0_x64__8wekyb3d8bbwe\ActivationStore.dat se borró mediante la actualización de 0 claves y la creación de 0 páginas modificadas."
"13/8/2025 9:43:53 p. m.","Información","Microsoft-Windows-WindowsUpdateClient","44","Windows Update comenzó a descargar una actualización."
"13/8/2025 9:43:44 p. m.","Información","Microsoft-Windows-WindowsUpdateClient","44","Windows Update comenzó a descargar una actualización."
"13/8/2025 9:43:37 p. m.","Información","Microsoft-Windows-WindowsUpdateClient","44","Windows Update comenzó a descargar una actualización."
"13/8/2025 9:43:37 p. m.","Información","Microsoft-Windows-WindowsUpdateClient","44","Windows Update comenzó a descargar una actualización."
"13/8/2025 9:43:28 p. m.","Información","Microsoft-Windows-WindowsUpdateClient","43","Instalación iniciada: Windows comenzó a instalar la actualización siguiente: Herramienta de eliminación de software malintencionado de Windows x64, v5.135 (KB890830)"
"13/8/2025 9:41:08 p. m.","Información","Microsoft-Windows-WindowsUpdateClient","19","Instalación correcta: Windows instaló correctamente la siguiente actualización: 9WZDNCRFJBMP-MICROSOFT.WINDOWSSTORE"
"13/8/2025 9:41:06 p. m.","Información","Microsoft-Windows-Kernel-General","16","El historial de accesos en el subárbol \??\C:\Users\PCTIC-05\AppData\Local\Packages\Microsoft.WindowsStore_8wekyb3d8bbwe\Settings\settings.dat se borró mediante la actualización de 19 claves y la creación de 5 páginas modificadas."
"13/8/2025 9:41:05 p. m.","Información","Microsoft-Windows-WindowsUpdateClient","43","Instalación iniciada: Windows comenzó a instalar la actualización siguiente: 9WZDNCRFJBMP-MICROSOFT.WINDOWSSTORE"
"13/8/2025 9:41:02 p. m.","Información","Microsoft-Windows-Kernel-General","16","El historial de accesos en el subárbol \??\C:\ProgramData\Microsoft\Windows\AppRepository\Packages\Microsoft.WindowsStore_22506.1401.10.0_x64__8wekyb3d8bbwe\ActivationStore.dat se borró mediante la actualización de 0 claves y la creación de 0 páginas modificadas."
"13/8/2025 9:40:57 p. m.","Información","Microsoft-Windows-WindowsUpdateClient","19","Instalación correcta: Windows instaló correctamente la siguiente actualización: 9PCFS5B6T72H-Microsoft.Paint"
"13/8/2025 9:40:56 p. m.","Información","Microsoft-Windows-Kernel-General","16","El historial de accesos en el subárbol \??\C:\Users\PCTIC-05\AppData\Local\Packages\Microsoft.Paint_8wekyb3d8bbwe\Settings\settings.dat se borró mediante la actualización de 1 claves y la creación de 1 páginas modificadas."
"13/8/2025 9:40:55 p. m.","Información","Microsoft-Windows-WindowsUpdateClient","43","Instalación iniciada: Windows comenzó a instalar la actualización siguiente: 9PCFS5B6T72H-Microsoft.Paint"
"13/8/2025 9:40:52 p. m.","Información","Microsoft-Windows-Kernel-General","16","El historial de accesos en el subárbol \??\C:\ProgramData\Microsoft\Windows\AppRepository\Packages\Microsoft.Paint_11.2506.111.0_x64__8wekyb3d8bbwe\ActivationStore.dat se borró mediante la actualización de 0 claves y la creación de 0 páginas modificadas."
"13/8/2025 9:40:20 p. m.","Información","Microsoft-Windows-WindowsUpdateClient","19","Instalación correcta: Windows instaló correctamente la siguiente actualización: 9NFTCH6J7FHV-Microsoft.PowerAutomateDesktop"
"13/8/2025 9:40:18 p. m.","Información","Microsoft-Windows-Kernel-General","16","El historial de accesos en el subárbol \??\C:\Users\PCTIC-05\AppData\Local\Packages\Microsoft.PowerAutomateDesktop_8wekyb3d8bbwe\Settings\settings.dat se borró mediante la actualización de 1 claves y la creación de 1 páginas modificadas."
"13/8/2025 9:40:17 p. m.","Información","Microsoft-Windows-WindowsUpdateClient","43","Instalación iniciada: Windows comenzó a instalar la actualización siguiente: 9NFTCH6J7FHV-Microsoft.PowerAutomateDesktop"
"13/8/2025 9:39:44 p. m.","Información","Microsoft-Windows-WindowsUpdateClient","44","Windows Update comenzó a descargar una actualización."
"13/8/2025 9:39:44 p. m.","Información","Microsoft-Windows-WindowsUpdateClient","44","Windows Update comenzó a descargar una actualización."
"13/8/2025 9:39:44 p. m.","Información","Microsoft-Windows-WindowsUpdateClient","44","Windows Update comenzó a descargar una actualización."
"13/8/2025 9:39:18 p. m.","Información","Microsoft-Windows-WindowsUpdateClient","19","Instalación correcta: Windows instaló correctamente la siguiente actualización: Actualización de inteligencia de seguridad para Microsoft Defender Antivirus - KB2267602 (versión 1.435.165.0) - Canal actual (ampliado)"
"13/8/2025 9:39:03 p. m.","Información","Microsoft-Windows-WindowsUpdateClient","43","Instalación iniciada: Windows comenzó a instalar la actualización siguiente: Actualización de inteligencia de seguridad para Microsoft Defender Antivirus - KB2267602 (versión 1.435.165.0) - Canal actual (ampliado)"
"13/8/2025 9:39:03 p. m.","Información","Microsoft-Windows-WindowsUpdateClient","44","Windows Update comenzó a descargar una actualización."
"13/8/2025 9:26:48 p. m.","Información","Microsoft-Windows-IsolatedUserMode","2","Secure Trustlet Id 6 and Pid 24204 stopped with status STATUS_SUCCESS."
"13/8/2025 9:25:11 p. m.","Información","Service Control Manager","7040","El tipo de inicio del servicio Windows Modules Installer se cambió de inicio por solicitud a inicio automático."
"13/8/2025 9:24:56 p. m.","Información","Service Control Manager","7040","El tipo de inicio del servicio Windows Modules Installer se cambió de inicio automático a inicio por solicitud."
"13/8/2025 9:19:36 p. m.","Información","Microsoft-Windows-IsolatedUserMode","1","Secure Trustlet \??\C:\WINDOWS\System32\NgcIso.exe Id 6 and Pid 24204 started with status STATUS_SUCCESS."
"13/8/2025 9:19:36 p. m.","Información","Microsoft-Windows-IsolatedUserMode","5","Secure Trustlet NULL Id 0 and Pid 0 started with status STATUS_SUCCESS."
"13/8/2025 9:19:12 p. m.","Información","Microsoft-Windows-TPM-WMI","1038","Las comprobaciones de estado de la atestación previa confirman que se espera que el dispositivo supere la atestación.
 Consulte C:\WINDOWS\Logs\MeasuredBoot\0000000033-0000000002.json para obtener información detallada sobre las comprobaciones realizadas."
"13/8/2025 9:19:12 p. m.","Información","Microsoft-Windows-TPM-WMI","1041","Información detallada sobre la comprobación del estado de la atestación previa: {""Version"":1,""HealthStatus"":""Attestable"",""Required"":[{""Field"":""TpmPresent"",""Value"":true,""DesiredValue"":true},{""Field"":""TpmMeetsMinimumVersion"",""Value"":true,""DesiredValue"":true},{""Field"":""TpmIsResponsive"",""Value"":true,""DesiredValue"":true},{""Field"":""EkCertIsAvailable"",""Value"":true,""DesiredValue"":true},{""Field"":""TcgLogFound"",""Value"":true,""DesiredValue"":true}],""Expected"":[{""Field"":""PcrsMatchTcgLog"",""Value"":true,""DesiredValue"":true}],""Informational"":[{""Field"":""SecureBootEnabled"",""ValueFromComputer"":true,""ValueFromTcgLog"":true,""DesiredValue"":true,""TcgValueIsVerifiable"":true},{""Field"":""VirtualSecureMemory"",""ValueFromComputer"":false,""ValueFromTcgLog"":false,""DesiredValue"":true,""TcgValueIsVerifiable"":true},{""Field"":""SecureCorePCCompliant"",""ValueFromComputer"":false,""ValueFromTcgLog"":false,""DesiredValue"":true,""TcgValueIsVerifiable"":true}]}"
"13/8/2025 9:19:09 p. m.","Información","Microsoft-Windows-Time-Service","37","El proveedor de hora NtpClient está recibiendo datos de hora  válidos desde time.windows.com,0x9 (ntp.m|0x9|0.0.0.0:123->40.119.6.228:123)."
"13/8/2025 9:19:04 p. m.","Información","Microsoft-Windows-Hyper-V-VmSwitch","291","Descarga de RSC modificada para la 6598FD11-7307-4DD7-8E4A-3EC4FB88B3D3--CB46B844-0AB4-4DF5-B08A-4E8E3BD5AEE5 NIC (nombre descriptivo: ) IPv4 anterior: Deshabilitado, IPv4 actual: Deshabilitado, IPv6 anterior: Deshabilitado, IPv6 actual: Deshabilitado. Motivo: OID de RSC"
"13/8/2025 9:19:03 p. m.","Información","Microsoft-Windows-Hyper-V-VmSwitch","102","Networking driver in 6598FD11-7307-4DD7-8E4A-3EC4FB88B3D3 is loaded and the protocol version is negotiated to the most recent version (Virtual machine ID 6598FD11-7307-4DD7-8E4A-3EC4FB88B3D3)."
"13/8/2025 9:19:02 p. m.","Advertencia","Netwtw10","6062","6062 - Lso was triggered"
"13/8/2025 9:18:58 p. m.","Información","nhi","9007","The driver entered RTD3.
 All the connected devices will be removed from driver's internal state, so it is expected that DeviceDisconnected events will happen."
"13/8/2025 9:18:57 p. m.","Información","Netwtw10","7021","7021 - Connection telemetry fields and analysis usage"
"13/8/2025 9:18:55 p. m.","Advertencia","rt640x64","1","Realtek PCIe GbE Family Controller is disconnected from network."
"13/8/2025 9:18:54 p. m.","Información","Microsoft-Windows-Power-Troubleshooter","1","El sistema estaba en un estado de baja energía y se reanudó.

Hora de suspensión: ‎2025‎-‎08‎-‎13T09:50:37.232616900Z
Hora de reactivación: ‎2025‎-‎08‎-‎14T01:18:52.662382800Z

Origen de la reactivación: Unknown"
"13/8/2025 9:18:53 p. m.","Advertencia","Microsoft-Windows-Time-Service","134","NtpClient no pudo establecer un sistema del mismo nivel manual para usar como origen de la hora debido a un error de resolución de DNS en 'time.windows.com,0x9'. NtpClient lo intentará de nuevo dentro de 15 minutos y doblará el intervalo de reintento en adelante. Error: Host desconocido. (0x80072AF9)"
"13/8/2025 9:18:53 p. m.","Información","Microsoft-Windows-Kernel-General","16","El historial de accesos en el subárbol \??\C:\Users\PCTIC-05\AppData\Local\Packages\Microsoft.LockApp_cw5n1h2txyewy\Settings\settings.dat se borró mediante la actualización de 4 claves y la creación de 1 páginas modificadas."
"13/8/2025 9:18:53 p. m.","Error","Microsoft-Windows-NDIS","10317","Minipuerto Microsoft Wi-Fi Direct Virtual Adapter #2, {79f38f0f-3b2e-4931-b16b-3a5d8eb7dab9}, tuvo el evento Fatal error: The miniport has failed a power transition to operational power"
"13/8/2025 9:18:52 p. m.","Información","WiManH","2",
"13/8/2025 9:18:52 p. m.","Información","Intel-SST-OED","28","Loaded DSP FW library: \??\C:\WINDOWS\System32\DriverStore\FileRepository\intcoed_oemlibpath.inf_amd64_69401f7e35684734\tgl_maxx_audio_pro.bin, status = STATUS_SUCCESS."
"13/8/2025 9:18:52 p. m.","Información","Netwtw10","7023","7023 - secure boot debug logging Quasar"
"13/8/2025 9:18:52 p. m.","Información","Intel-SST-OED","28","Loaded DSP FW library: Libs\dsp_lib_whm_tgl_release.bin, status = STATUS_SUCCESS."
"13/8/2025 9:18:52 p. m.","Información","Microsoft-Windows-Kernel-Power","566","La sesión del sistema ha cambiado de 23 a 25.

Motivo PolicyChange 

BootId: 12"
"13/8/2025 9:18:52 p. m.","Información","Microsoft-Windows-Kernel-Power","507","El sistema está saliendo del modo de espera moderno 

motivo: Lid. "
"13/8/2025 9:18:52 p. m.","Información","Intel-SST-OED","28","Loaded DSP FW library: Libs\dsp_lib_intel_wov_tgl_release.bin, status = STATUS_SUCCESS."
"13/8/2025 9:18:52 p. m.","Información","Microsoft-Windows-Kernel-Power","506","El sistema está entrando en el modo de espera moderno 

motivo: Sleep, Hibernate, or Shutdown. "
"13/8/2025 9:18:52 p. m.","Información","Microsoft-Windows-Kernel-Power","566","La sesión del sistema ha cambiado de 22 a 23.

Motivo SxTransition 

BootId: 12"
"13/8/2025 9:18:52 p. m.","Información","Microsoft-Windows-Kernel-Boot","247","No se puede cargar el firmware de Pluton-Windows. StatusCode: STATUS_SUCCESS, Motivo: Failed to apply firmware."
"13/8/2025 9:18:52 p. m.","Información","Microsoft-Windows-Kernel-Boot","27","El tipo de arranque fue 0x2."
"13/8/2025 9:18:52 p. m.","Información","Microsoft-Windows-Kernel-Boot","25","La directiva del menú de arranque fue 0x0."
"13/8/2025 9:18:52 p. m.","Información","Microsoft-Windows-Kernel-Boot","32","Bootmgr esperó la entrada del usuario durante 0 ms."
"13/8/2025 9:18:52 p. m.","Información","Microsoft-Windows-Kernel-Boot","18","Existen 0x1 opciones de arranque en este sistema."
"13/8/2025 9:18:52 p. m.","Información","Microsoft-Windows-Kernel-Boot","30","El firmware notificó métricas de arranque."
"13/8/2025 9:18:52 p. m.","Información","Netwtw10","7025","7025 - Dump after return from D3 before cmd "
"13/8/2025 9:18:52 p. m.","Información","VfpExt","7036","El servicio  entró en estado Filter restart complete."
"13/8/2025 9:18:52 p. m.","Información","VfpExt","7036","El servicio  entró en estado Filter restart start."
"13/8/2025 9:18:52 p. m.","Información","VfpExt","7036","El servicio  entró en estado Filter attach complete."
"13/8/2025 9:18:52 p. m.","Información","VfpExt","7036","El servicio  entró en estado Filter attach start."
"13/8/2025 9:18:52 p. m.","Advertencia","TPM","30","El recuento de restablecimiento y/o reanudación no coinciden con los valores esperados después de hibernar o reanudar."
"13/8/2025 9:18:51 p. m.","Advertencia","Win32k","701","Administrador de energía no solicitó la supresión de todas las entradas (INPUT_SUPPRESS_REQUEST = 0)"
"13/8/2025 9:18:51 p. m.","Advertencia","Win32k","701","Administrador de energía no solicitó la supresión de todas las entradas (INPUT_SUPPRESS_REQUEST = 0)"
"13/8/2025 9:18:51 p. m.","Información","Microsoft-Windows-Kernel-General","1","La hora del sistema ha cambiado a ‎2025‎-‎08‎-‎14T01:18:51.500000000Z de ‎2025‎-‎08‎-‎13T09:50:53.343614200Z.
Diferencia horaria: 55678156 ms

Motivo del cambio: System time synchronized with the hardware clock.
Proceso: '' (PID 4).

Hora de RTC: ‎2025‎-‎08‎-‎13T21:18:51.500000000Z
Diferencia de zona horaria actual: 240
hora RTC es UTC: false
La hora del sistema se basaba en la hora RTC: false"
"13/8/2025 5:50:53 a. m.","Información","Microsoft-Windows-Kernel-Power","107","El sistema se reanudó del estado de suspensión."
"13/8/2025 9:18:52 p. m.","Información","EventLog","6013","El tiempo límite del sistema es de 191017 segundos."
"13/8/2025 5:50:52 a. m.","Información","Service Control Manager","7040","El tipo de inicio del servicio Windows Modules Installer se cambió de inicio por solicitud a inicio automático."
"13/8/2025 5:50:48 a. m.","Información","VfpExt","7036","El servicio  entró en estado Filter detach complete."
"13/8/2025 5:50:48 a. m.","Información","VfpExt","7036","El servicio  entró en estado Filter detach start."
"13/8/2025 5:50:48 a. m.","Información","VfpExt","7036","El servicio  entró en estado Filter pause complete."
"13/8/2025 5:50:48 a. m.","Información","VfpExt","7036","El servicio  entró en estado Filter pause start."
"13/8/2025 5:50:48 a. m.","Información","nhi","9008","Driver exit RTD3.
 All the connected devices will now cause DeviceConnected events."
"13/8/2025 5:50:40 a. m.","Información","Microsoft-Windows-Kernel-Power","42","El sistema está entrando en suspensión.

Motivo de la suspensión: Hibernate from Sleep - Standby Battery Budget Exceeded"
"13/8/2025 5:50:40 a. m.","Información","Microsoft-Windows-Kernel-Power","40","El controlador \Driver\vpcivsp del dispositivo ROOT\VPCIVSP\0000 detuvo la transición de energía."
"13/8/2025 5:50:37 a. m.","Información","Microsoft-Windows-Kernel-Power","566","La sesión del sistema ha cambiado de 21 a 22.

Motivo SxTransition 

BootId: 12"
"13/8/2025 5:50:37 a. m.","Información","Microsoft-Windows-Kernel-Power","507","El sistema está saliendo del modo de espera moderno 

motivo: Sleep, Hibernate, or Shutdown. "
"13/8/2025 5:50:37 a. m.","Información","Microsoft-Windows-Kernel-Power","172","Estado de conectividad en modo de espera: Connected. Motivo: None"
"13/8/2025 5:50:37 a. m.","Información","Netwtw10","7026","7026 - Dump after return from D3 after cmd"
"13/8/2025 5:50:37 a. m.","Información","Netwtw10","7025","7025 - Dump after return from D3 before cmd "
"13/8/2025 4:16:05 a. m.","Información","Microsoft-Windows-Kernel-Power","172","Estado de conectividad en modo de espera: Disconnected. Motivo: Policy Setting"
"13/8/2025 4:15:58 a. m.","Información","Microsoft-Windows-Kernel-Power","566","La sesión del sistema ha cambiado de 20 a 21.

Motivo 55 

BootId: 12"
"13/8/2025 4:15:54 a. m.","Información","Netwtw10","7021","7021 - Connection telemetry fields and analysis usage"
"13/8/2025 4:15:53 a. m.","Información","Microsoft-Windows-Kernel-Power","506","El sistema está entrando en el modo de espera moderno 

motivo: Austerity Battery Drain Budget Exceeded. "
"13/8/2025 4:15:53 a. m.","Información","Microsoft-Windows-Kernel-Power","566","La sesión del sistema ha cambiado de 19 a 20.

Motivo 55 

BootId: 12"
"13/8/2025 4:15:53 a. m.","Información","Microsoft-Windows-Kernel-Power","507","El sistema está saliendo del modo de espera moderno 

motivo: Austerity Battery Drain Budget Exceeded. "
"13/8/2025 4:15:53 a. m.","Información","Microsoft-Windows-Kernel-Power","172","Estado de conectividad en modo de espera: Connected. Motivo: None"
"13/8/2025 4:15:53 a. m.","Información","Netwtw10","7026","7026 - Dump after return from D3 after cmd"
"13/8/2025 4:15:53 a. m.","Información","Netwtw10","7025","7025 - Dump after return from D3 before cmd "
"13/8/2025 4:14:53 a. m.","Información","Service Control Manager","7040","El tipo de inicio del servicio Windows Modules Installer se cambió de inicio automático a inicio por solicitud."
"13/8/2025 4:14:39 a. m.","Información","Service Control Manager","7040","El tipo de inicio del servicio Windows Modules Installer se cambió de inicio por solicitud a inicio automático."
"13/8/2025 4:14:07 a. m.","Información","Microsoft-Windows-WindowsUpdateClient","43","Instalación iniciada: Windows comenzó a instalar la actualización siguiente: 2025-08 Actualización acumulativa para Windows 11 Version 24H2 para sistemas basados en x64 (KB5063878) (26100.4946)"
"13/8/2025 4:14:03 a. m.","Información","Microsoft-Windows-Kernel-Power","172","Estado de conectividad en modo de espera: Disconnected. Motivo: Adaptive Connected Standby"
"13/8/2025 4:13:58 a. m.","Información","Microsoft-Windows-Kernel-Power","566","La sesión del sistema ha cambiado de 18 a 19.

Motivo InputMouse 

BootId: 12"
"13/8/2025 4:13:53 a. m.","Información","Microsoft-Windows-Kernel-Power","506","El sistema está entrando en el modo de espera moderno 

motivo: AC/DC Display Burst Suppressed. "
"13/8/2025 4:13:53 a. m.","Información","Microsoft-Windows-Kernel-Power","566","La sesión del sistema ha cambiado de 17 a 18.

Motivo InputMouse 

BootId: 12"
"13/8/2025 4:13:53 a. m.","Información","Microsoft-Windows-Kernel-Power","507","El sistema está saliendo del modo de espera moderno 

motivo: AC/DC Display Burst Suppressed. "
"13/8/2025 4:13:53 a. m.","Información","Microsoft-Windows-Kernel-Power","105","Cambio de fuente de energía."
"13/8/2025 4:13:52 a. m.","Información","Microsoft-Windows-Kernel-General","1","La hora del sistema ha cambiado a ‎2025‎-‎08‎-‎13T08:13:52.776240200Z de ‎2025‎-‎08‎-‎13T08:13:52.775619000Z.
Diferencia horaria: 0 ms

Motivo del cambio: An application or system component changed the time.
Proceso: '\Device\HarddiskVolume3\Windows\System32\svchost.exe' (PID 12268).

Hora de RTC: ‎2025‎-‎08‎-‎13T04:13:52.776240200Z
Diferencia de zona horaria actual: 240
hora RTC es UTC: false
La hora del sistema se basaba en la hora RTC: false"
"13/8/2025 4:13:52 a. m.","Error","Microsoft-Windows-HAL","21","No se estableció el reloj en tiempo real de hardware debido a un error en la evaluación del método de dispositivo de alarma y hora ACPI.  Estado: 0xC00000BB."
"13/8/2025 4:13:52 a. m.","Error","Microsoft-Windows-HAL","20","No se consultó el reloj en tiempo real de hardware debido a un error en la evaluación del método de dispositivo de alarma y hora ACPI.  Estado: 0xC00000BB."
"13/8/2025 4:13:52 a. m.","Información","Microsoft-Windows-Kernel-General","24","La información de zona horaria se actualizó con el motivo de salida 0. La diferencia de zona horaria actual es 240."
"13/8/2025 4:13:52 a. m.","Información","Microsoft-Windows-Kernel-Power","566","La sesión del sistema ha cambiado de 16 a 17.

Motivo PolicyChange 

BootId: 12"
"13/8/2025 4:13:52 a. m.","Advertencia","Win32k","700","Administrador de energía solicitó la supresión de todas las entradas (INPUT_SUPPRESS_REQUEST = 1)"
"13/8/2025 4:13:52 a. m.","Advertencia","Win32k","700","Administrador de energía solicitó la supresión de todas las entradas (INPUT_SUPPRESS_REQUEST = 1)"
"13/8/2025 4:13:52 a. m.","Información","Microsoft-Windows-Kernel-Power","506","El sistema está entrando en el modo de espera moderno 

motivo: Lid. "
"13/8/2025 4:13:52 a. m.","Información","Microsoft-Windows-Kernel-Power","566","La sesión del sistema ha cambiado de 15 a 16.

Motivo PolicyChange 

BootId: 12"
"13/8/2025 1:59:20 a. m.","Información","Microsoft-Windows-Kernel-General","16","El historial de accesos en el subárbol \??\C:\Users\PCTIC-05\AppData\Local\Microsoft\VisualStudio\17.0_55120ddf\privateregistry.bin se borró mediante la actualización de 4007 claves y la creación de 542 páginas modificadas."
"13/8/2025 1:56:21 a. m.","Información","Microsoft-Windows-Time-Service","37","El proveedor de hora NtpClient está recibiendo datos de hora  válidos desde time.windows.com,0x9 (ntp.m|0x9|0.0.0.0:123->40.119.6.228:123)."
"13/8/2025 1:42:20 a. m.","Información","Service Control Manager","7040","El tipo de inicio del servicio Windows Modules Installer se cambió de inicio automático a inicio por solicitud."
"13/8/2025 1:42:10 a. m.","Información","Service Control Manager","7040","El tipo de inicio del servicio Windows Modules Installer se cambió de inicio por solicitud a inicio automático."
"13/8/2025 1:42:10 a. m.","Información","Service Control Manager","7040","El tipo de inicio del servicio Windows Modules Installer se cambió de inicio automático a inicio por solicitud."
"13/8/2025 1:32:32 a. m.","Información","Service Control Manager","7040","El tipo de inicio del servicio Windows Modules Installer se cambió de inicio por solicitud a inicio automático."
"13/8/2025 1:30:30 a. m.","Información","Microsoft-Windows-WindowsUpdateClient","44","Windows Update comenzó a descargar una actualización."
"13/8/2025 1:30:08 a. m.","Información","Microsoft-Windows-WindowsUpdateClient","44","Windows Update comenzó a descargar una actualización."
"13/8/2025 1:24:57 a. m.","Información","Microsoft-Windows-Kernel-Power","105","Cambio de fuente de energía."
"13/8/2025 1:20:11 a. m.","Advertencia","Microsoft-Windows-DistributedCOM","10016","La configuración de permisos específico de la aplicación no concede el permiso Activación Local para la aplicación de servidor COM con CLSID 
{8BC3F05E-D86B-11D0-A075-00C04FB68820}
 y APPID 
{8BC3F05E-D86B-11D0-A075-00C04FB68820}
 al usuario TICPC-05\PCTIC-05 con SID (S-1-5-21-72991934-2165796093-3938425774-1001) en la dirección LocalHost (con LRPC) que se ejecuta en el contenedor de aplicaciones con SID No disponible (S-1-15-2-895787129-1420394434-2205763376-765248109-1915456579-1818316089-3132601835). Este permiso de seguridad se puede modificar mediante la herramienta administrativa Servicios de componentes."
"13/8/2025 1:15:16 a. m.","Información","Microsoft-Windows-WindowsUpdateClient","44","Windows Update comenzó a descargar una actualización."
"13/8/2025 1:14:56 a. m.","Información","Microsoft-Windows-WindowsUpdateClient","19","Instalación correcta: Windows instaló correctamente la siguiente actualización: Actualización de inteligencia de seguridad para Microsoft Defender Antivirus - KB2267602 (versión 1.435.143.0) - Canal actual (ampliado)"
"13/8/2025 1:14:28 a. m.","Información","Microsoft-Windows-WindowsUpdateClient","43","Instalación iniciada: Windows comenzó a instalar la actualización siguiente: Actualización de inteligencia de seguridad para Microsoft Defender Antivirus - KB2267602 (versión 1.435.143.0) - Canal actual (ampliado)"
"13/8/2025 1:14:27 a. m.","Información","Microsoft-Windows-WindowsUpdateClient","44","Windows Update comenzó a descargar una actualización."
"13/8/2025 1:12:53 a. m.","Información","Microsoft-Windows-IsolatedUserMode","2","Secure Trustlet Id 6 and Pid 11632 stopped with status STATUS_SUCCESS."
"13/8/2025 1:05:24 a. m.","Información","TPM","17","El hardware del Módulo de plataforma segura (TPM) no pudo ejecutar un comando de TPM."
"13/8/2025 1:05:24 a. m.","Información","TPM","17","El hardware del Módulo de plataforma segura (TPM) no pudo ejecutar un comando de TPM."
"13/8/2025 1:04:57 a. m.","Información","Microsoft-Windows-IsolatedUserMode","1","Secure Trustlet \??\C:\WINDOWS\System32\NgcIso.exe Id 6 and Pid 11632 started with status STATUS_SUCCESS."
"13/8/2025 1:04:57 a. m.","Información","Microsoft-Windows-IsolatedUserMode","5","Secure Trustlet NULL Id 0 and Pid 0 started with status STATUS_SUCCESS."
"13/8/2025 12:40:04 a. m.","Información","TPM","17","El hardware del Módulo de plataforma segura (TPM) no pudo ejecutar un comando de TPM."
"13/8/2025 12:40:03 a. m.","Información","TPM","17","El hardware del Módulo de plataforma segura (TPM) no pudo ejecutar un comando de TPM."
"13/8/2025 12:40:03 a. m.","Información","TPM","17","El hardware del Módulo de plataforma segura (TPM) no pudo ejecutar un comando de TPM."
"13/8/2025 12:40:01 a. m.","Información","Microsoft-Windows-IsolatedUserMode","5","Secure Trustlet NULL Id 0 and Pid 0 started with status STATUS_SUCCESS."
"13/8/2025 12:40:01 a. m.","Información","Microsoft-Windows-IsolatedUserMode","2","Secure Trustlet Id 0 and Pid 0 stopped with status STATUS_SUCCESS."
"13/8/2025 12:14:58 a. m.","Información","Microsoft-Windows-Kernel-Power","105","Cambio de fuente de energía."
"12/8/2025 11:30:18 p. m.","Información","TPM","17","El hardware del Módulo de plataforma segura (TPM) no pudo ejecutar un comando de TPM."
"12/8/2025 11:30:18 p. m.","Información","TPM","17","El hardware del Módulo de plataforma segura (TPM) no pudo ejecutar un comando de TPM."
"12/8/2025 11:30:17 p. m.","Información","TPM","17","El hardware del Módulo de plataforma segura (TPM) no pudo ejecutar un comando de TPM."
"12/8/2025 11:30:16 p. m.","Información","Microsoft-Windows-IsolatedUserMode","5","Secure Trustlet NULL Id 0 and Pid 0 started with status STATUS_SUCCESS."
"12/8/2025 11:30:15 p. m.","Información","Microsoft-Windows-IsolatedUserMode","2","Secure Trustlet Id 0 and Pid 0 stopped with status STATUS_SUCCESS."
"12/8/2025 11:06:47 p. m.","Información","Microsoft-Windows-Kernel-Power","105","Cambio de fuente de energía."
"12/8/2025 11:06:04 p. m.","Información","Microsoft-Windows-Kernel-General","16","El historial de accesos en el subárbol \??\C:\Users\PCTIC-05\AppData\Local\Packages\Microsoft.ScreenSketch_8wekyb3d8bbwe\Settings\settings.dat se borró mediante la actualización de 2 claves y la creación de 1 páginas modificadas."
"12/8/2025 11:01:44 p. m.","Información","Microsoft-Windows-Kernel-General","16","El historial de accesos en el subárbol \??\C:\ProgramData\Packages\Microsoft.WindowsTerminal_8wekyb3d8bbwe\S-1-5-21-72991934-2165796093-3938425774-1001\SystemAppData\Helium\Cache\e59fd33af7a9be35_COM15.dat se borró mediante la actualización de 1 claves y la creación de 1 páginas modificadas."
"12/8/2025 10:37:08 p. m.","Información","TPM","17","El hardware del Módulo de plataforma segura (TPM) no pudo ejecutar un comando de TPM."
"12/8/2025 10:37:08 p. m.","Información","TPM","17","El hardware del Módulo de plataforma segura (TPM) no pudo ejecutar un comando de TPM."
"12/8/2025 10:37:07 p. m.","Información","TPM","17","El hardware del Módulo de plataforma segura (TPM) no pudo ejecutar un comando de TPM."
"12/8/2025 10:37:05 p. m.","Información","Microsoft-Windows-IsolatedUserMode","5","Secure Trustlet NULL Id 0 and Pid 0 started with status STATUS_SUCCESS."
"12/8/2025 10:37:05 p. m.","Información","Microsoft-Windows-IsolatedUserMode","2","Secure Trustlet Id 0 and Pid 0 stopped with status STATUS_SUCCESS."
"12/8/2025 9:47:09 p. m.","Información","Microsoft-Windows-TPM-WMI","1038","Las comprobaciones de estado de la atestación previa confirman que se espera que el dispositivo supere la atestación.
 Consulte C:\WINDOWS\Logs\MeasuredBoot\0000000033-0000000001.json para obtener información detallada sobre las comprobaciones realizadas."
"12/8/2025 9:47:09 p. m.","Información","Microsoft-Windows-TPM-WMI","1041","Información detallada sobre la comprobación del estado de la atestación previa: {""Version"":1,""HealthStatus"":""Attestable"",""Required"":[{""Field"":""TpmPresent"",""Value"":true,""DesiredValue"":true},{""Field"":""TpmMeetsMinimumVersion"",""Value"":true,""DesiredValue"":true},{""Field"":""TpmIsResponsive"",""Value"":true,""DesiredValue"":true},{""Field"":""EkCertIsAvailable"",""Value"":true,""DesiredValue"":true},{""Field"":""TcgLogFound"",""Value"":true,""DesiredValue"":true}],""Expected"":[{""Field"":""PcrsMatchTcgLog"",""Value"":true,""DesiredValue"":true}],""Informational"":[{""Field"":""SecureBootEnabled"",""ValueFromComputer"":true,""ValueFromTcgLog"":true,""DesiredValue"":true,""TcgValueIsVerifiable"":true},{""Field"":""VirtualSecureMemory"",""ValueFromComputer"":false,""ValueFromTcgLog"":false,""DesiredValue"":true,""TcgValueIsVerifiable"":true},{""Field"":""SecureCorePCCompliant"",""ValueFromComputer"":false,""ValueFromTcgLog"":false,""DesiredValue"":true,""TcgValueIsVerifiable"":true}]}"
"12/8/2025 9:47:05 p. m.","Información","nhi","9007","The driver entered RTD3.
 All the connected devices will be removed from driver's internal state, so it is expected that DeviceDisconnected events will happen."
"12/8/2025 9:47:03 p. m.","Información","Microsoft-Windows-Power-Troubleshooter","1","El sistema estaba en un estado de baja energía y se reanudó.

Hora de suspensión: ‎2025‎-‎08‎-‎12T23:46:26.950027900Z
Hora de reactivación: ‎2025‎-‎08‎-‎13T01:46:59.823989700Z

Origen de la reactivación: Unknown"
"12/8/2025 9:47:01 p. m.","Advertencia","rt640x64","1","Realtek PCIe GbE Family Controller is disconnected from network."
