"16/8/2025 4:13:49 a. m.","Información","Microsoft-Windows-Kernel-Power","105","Cambio de fuente de energía."
"16/8/2025 4:13:14 a. m.","Información","Netwtw10","7026","7026 - Dump after return from D3 after cmd"
"16/8/2025 4:13:14 a. m.","Información","Netwtw10","7025","7025 - Dump after return from D3 before cmd "
"16/8/2025 4:11:14 a. m.","Información","Netwtw10","7026","7026 - Dump after return from D3 after cmd"
"16/8/2025 4:11:14 a. m.","Información","Netwtw10","7025","7025 - Dump after return from D3 before cmd "
"16/8/2025 4:09:14 a. m.","Información","Netwtw10","7026","7026 - Dump after return from D3 after cmd"
"16/8/2025 4:09:14 a. m.","Información","Netwtw10","7025","7025 - Dump after return from D3 before cmd "
"16/8/2025 4:07:14 a. m.","Información","Netwtw10","7026","7026 - Dump after return from D3 after cmd"
"16/8/2025 4:07:14 a. m.","Información","Netwtw10","7025","7025 - Dump after return from D3 before cmd "
"16/8/2025 4:05:14 a. m.","Información","Netwtw10","7026","7026 - Dump after return from D3 after cmd"
"16/8/2025 4:05:14 a. m.","Información","Netwtw10","7025","7025 - Dump after return from D3 before cmd "
"16/8/2025 4:03:14 a. m.","Información","Netwtw10","7026","7026 - Dump after return from D3 after cmd"
"16/8/2025 4:03:14 a. m.","Información","Netwtw10","7025","7025 - Dump after return from D3 before cmd "
"16/8/2025 4:01:14 a. m.","Información","Netwtw10","7026","7026 - Dump after return from D3 after cmd"
"16/8/2025 4:01:14 a. m.","Información","Netwtw10","7025","7025 - Dump after return from D3 before cmd "
"16/8/2025 3:59:14 a. m.","Información","Netwtw10","7026","7026 - Dump after return from D3 after cmd"
"16/8/2025 3:59:14 a. m.","Información","Netwtw10","7025","7025 - Dump after return from D3 before cmd "
"16/8/2025 3:57:14 a. m.","Información","Netwtw10","7026","7026 - Dump after return from D3 after cmd"
"16/8/2025 3:57:14 a. m.","Información","Netwtw10","7025","7025 - Dump after return from D3 before cmd "
"16/8/2025 3:55:14 a. m.","Información","Netwtw10","7026","7026 - Dump after return from D3 after cmd"
"16/8/2025 3:55:14 a. m.","Información","Netwtw10","7025","7025 - Dump after return from D3 before cmd "
"16/8/2025 3:53:14 a. m.","Información","Netwtw10","7026","7026 - Dump after return from D3 after cmd"
"16/8/2025 3:53:14 a. m.","Información","Netwtw10","7025","7025 - Dump after return from D3 before cmd "
"16/8/2025 3:51:14 a. m.","Información","Netwtw10","7026","7026 - Dump after return from D3 after cmd"
"16/8/2025 3:51:14 a. m.","Información","Netwtw10","7025","7025 - Dump after return from D3 before cmd "
"16/8/2025 3:49:14 a. m.","Información","Netwtw10","7026","7026 - Dump after return from D3 after cmd"
"16/8/2025 3:49:14 a. m.","Información","Netwtw10","7025","7025 - Dump after return from D3 before cmd "
"16/8/2025 3:47:14 a. m.","Información","Netwtw10","7026","7026 - Dump after return from D3 after cmd"
"16/8/2025 3:47:14 a. m.","Información","Netwtw10","7025","7025 - Dump after return from D3 before cmd "
"16/8/2025 3:45:45 a. m.","Información","Netwtw10","7026","7026 - Dump after return from D3 after cmd"
"16/8/2025 3:45:45 a. m.","Información","Netwtw10","7025","7025 - Dump after return from D3 before cmd "
"16/8/2025 3:45:14 a. m.","Información","Netwtw10","7026","7026 - Dump after return from D3 after cmd"
"16/8/2025 3:45:14 a. m.","Información","Netwtw10","7025","7025 - Dump after return from D3 before cmd "
"16/8/2025 3:43:14 a. m.","Información","Netwtw10","7026","7026 - Dump after return from D3 after cmd"
"16/8/2025 3:43:14 a. m.","Información","Netwtw10","7025","7025 - Dump after return from D3 before cmd "
"16/8/2025 3:41:14 a. m.","Información","Netwtw10","7026","7026 - Dump after return from D3 after cmd"
"16/8/2025 3:41:14 a. m.","Información","Netwtw10","7025","7025 - Dump after return from D3 before cmd "
"16/8/2025 3:41:06 a. m.","Advertencia","rt640x64","1","Realtek PCIe GbE Family Controller is disconnected from network."
"16/8/2025 3:41:03 a. m.","Información","Netwtw10","7026","7026 - Dump after return from D3 after cmd"
"16/8/2025 3:41:03 a. m.","Información","Netwtw10","7025","7025 - Dump after return from D3 before cmd "
"16/8/2025 3:39:14 a. m.","Información","Netwtw10","7026","7026 - Dump after return from D3 after cmd"
"16/8/2025 3:39:14 a. m.","Información","Netwtw10","7025","7025 - Dump after return from D3 before cmd "
"16/8/2025 3:37:14 a. m.","Información","Netwtw10","7026","7026 - Dump after return from D3 after cmd"
"16/8/2025 3:37:14 a. m.","Información","Netwtw10","7025","7025 - Dump after return from D3 before cmd "
"16/8/2025 3:35:14 a. m.","Información","Netwtw10","7026","7026 - Dump after return from D3 after cmd"
"16/8/2025 3:35:14 a. m.","Información","Netwtw10","7025","7025 - Dump after return from D3 before cmd "
"16/8/2025 3:33:14 a. m.","Información","Netwtw10","7026","7026 - Dump after return from D3 after cmd"
"16/8/2025 3:33:14 a. m.","Información","Netwtw10","7025","7025 - Dump after return from D3 before cmd "
"16/8/2025 3:31:14 a. m.","Información","Netwtw10","7026","7026 - Dump after return from D3 after cmd"
"16/8/2025 3:31:14 a. m.","Información","Netwtw10","7025","7025 - Dump after return from D3 before cmd "
"16/8/2025 3:29:14 a. m.","Información","Netwtw10","7026","7026 - Dump after return from D3 after cmd"
"16/8/2025 3:29:14 a. m.","Información","Netwtw10","7025","7025 - Dump after return from D3 before cmd "
"16/8/2025 3:27:17 a. m.","Advertencia","rt640x64","1","Realtek PCIe GbE Family Controller is disconnected from network."
"16/8/2025 3:27:14 a. m.","Información","Netwtw10","7026","7026 - Dump after return from D3 after cmd"
"16/8/2025 3:27:14 a. m.","Información","Netwtw10","7025","7025 - Dump after return from D3 before cmd "
"16/8/2025 3:25:14 a. m.","Información","Netwtw10","7026","7026 - Dump after return from D3 after cmd"
"16/8/2025 3:25:14 a. m.","Información","Netwtw10","7025","7025 - Dump after return from D3 before cmd "
"16/8/2025 3:23:14 a. m.","Información","Netwtw10","7026","7026 - Dump after return from D3 after cmd"
"16/8/2025 3:23:14 a. m.","Información","Netwtw10","7025","7025 - Dump after return from D3 before cmd "
"16/8/2025 3:21:14 a. m.","Información","Netwtw10","7026","7026 - Dump after return from D3 after cmd"
"16/8/2025 3:21:14 a. m.","Información","Netwtw10","7025","7025 - Dump after return from D3 before cmd "
"16/8/2025 3:19:14 a. m.","Información","Netwtw10","7026","7026 - Dump after return from D3 after cmd"
"16/8/2025 3:19:14 a. m.","Información","Netwtw10","7025","7025 - Dump after return from D3 before cmd "
"16/8/2025 3:17:14 a. m.","Información","Netwtw10","7026","7026 - Dump after return from D3 after cmd"
"16/8/2025 3:17:14 a. m.","Información","Netwtw10","7025","7025 - Dump after return from D3 before cmd "
"16/8/2025 3:15:14 a. m.","Información","Netwtw10","7026","7026 - Dump after return from D3 after cmd"
"16/8/2025 3:15:14 a. m.","Información","Netwtw10","7025","7025 - Dump after return from D3 before cmd "
"16/8/2025 3:13:47 a. m.","Información","Microsoft-Windows-Kernel-Power","566","La sesión del sistema ha cambiado de 108 a 109.

Motivo InputMouse 

BootId: 12"
"16/8/2025 3:13:37 a. m.","Advertencia","rt640x64","1","Realtek PCIe GbE Family Controller is disconnected from network."
"16/8/2025 3:13:34 a. m.","Información","Microsoft-Windows-Kernel-Power","506","El sistema está entrando en el modo de espera moderno 

motivo: 16777220. "
"16/8/2025 3:13:34 a. m.","Información","Microsoft-Windows-Kernel-Power","566","La sesión del sistema ha cambiado de 107 a 108.

Motivo 16777220 

BootId: 12"
"16/8/2025 3:13:34 a. m.","Información","Microsoft-Windows-Kernel-Power","507","El sistema está saliendo del modo de espera moderno 

motivo: 16777220. "
"16/8/2025 3:13:34 a. m.","Información","Netwtw10","7026","7026 - Dump after return from D3 after cmd"
"16/8/2025 3:13:34 a. m.","Información","Netwtw10","7025","7025 - Dump after return from D3 before cmd "
"16/8/2025 3:13:14 a. m.","Información","Netwtw10","7026","7026 - Dump after return from D3 after cmd"
"16/8/2025 3:13:14 a. m.","Información","Netwtw10","7025","7025 - Dump after return from D3 before cmd "
"16/8/2025 3:11:14 a. m.","Información","Netwtw10","7026","7026 - Dump after return from D3 after cmd"
"16/8/2025 3:11:14 a. m.","Información","Netwtw10","7025","7025 - Dump after return from D3 before cmd "
"16/8/2025 3:09:14 a. m.","Información","Netwtw10","7026","7026 - Dump after return from D3 after cmd"
"16/8/2025 3:09:14 a. m.","Información","Netwtw10","7025","7025 - Dump after return from D3 before cmd "
"16/8/2025 3:07:14 a. m.","Información","Netwtw10","7026","7026 - Dump after return from D3 after cmd"
"16/8/2025 3:07:14 a. m.","Información","Netwtw10","7025","7025 - Dump after return from D3 before cmd "
"16/8/2025 3:05:14 a. m.","Información","Netwtw10","7026","7026 - Dump after return from D3 after cmd"
"16/8/2025 3:05:14 a. m.","Información","Netwtw10","7025","7025 - Dump after return from D3 before cmd "
"16/8/2025 3:03:14 a. m.","Información","Netwtw10","7026","7026 - Dump after return from D3 after cmd"
"16/8/2025 3:03:14 a. m.","Información","Netwtw10","7025","7025 - Dump after return from D3 before cmd "
"16/8/2025 3:01:17 a. m.","Advertencia","rt640x64","1","Realtek PCIe GbE Family Controller is disconnected from network."
"16/8/2025 3:01:14 a. m.","Información","Netwtw10","7026","7026 - Dump after return from D3 after cmd"
"16/8/2025 3:01:14 a. m.","Información","Netwtw10","7025","7025 - Dump after return from D3 before cmd "
"16/8/2025 2:59:14 a. m.","Información","Netwtw10","7026","7026 - Dump after return from D3 after cmd"
"16/8/2025 2:59:14 a. m.","Información","Netwtw10","7025","7025 - Dump after return from D3 before cmd "
"16/8/2025 2:57:14 a. m.","Información","Netwtw10","7026","7026 - Dump after return from D3 after cmd"
"16/8/2025 2:57:14 a. m.","Información","Netwtw10","7025","7025 - Dump after return from D3 before cmd "
"16/8/2025 2:55:14 a. m.","Información","Netwtw10","7026","7026 - Dump after return from D3 after cmd"
"16/8/2025 2:55:14 a. m.","Información","Netwtw10","7025","7025 - Dump after return from D3 before cmd "
"16/8/2025 2:53:14 a. m.","Información","Netwtw10","7026","7026 - Dump after return from D3 after cmd"
"16/8/2025 2:53:14 a. m.","Información","Netwtw10","7025","7025 - Dump after return from D3 before cmd "
"16/8/2025 2:51:14 a. m.","Información","Netwtw10","7026","7026 - Dump after return from D3 after cmd"
"16/8/2025 2:51:14 a. m.","Información","Netwtw10","7025","7025 - Dump after return from D3 before cmd "
"16/8/2025 2:49:14 a. m.","Información","Netwtw10","7026","7026 - Dump after return from D3 after cmd"
"16/8/2025 2:49:14 a. m.","Información","Netwtw10","7025","7025 - Dump after return from D3 before cmd "
"16/8/2025 2:47:14 a. m.","Información","Netwtw10","7026","7026 - Dump after return from D3 after cmd"
"16/8/2025 2:47:14 a. m.","Información","Netwtw10","7025","7025 - Dump after return from D3 before cmd "
"16/8/2025 2:45:14 a. m.","Información","Netwtw10","7026","7026 - Dump after return from D3 after cmd"
"16/8/2025 2:45:14 a. m.","Información","Netwtw10","7025","7025 - Dump after return from D3 before cmd "
"16/8/2025 2:43:14 a. m.","Información","Netwtw10","7026","7026 - Dump after return from D3 after cmd"
"16/8/2025 2:43:14 a. m.","Información","Netwtw10","7025","7025 - Dump after return from D3 before cmd "
"16/8/2025 2:41:14 a. m.","Información","Netwtw10","7026","7026 - Dump after return from D3 after cmd"
"16/8/2025 2:41:14 a. m.","Información","Netwtw10","7025","7025 - Dump after return from D3 before cmd "
"16/8/2025 2:39:14 a. m.","Información","Netwtw10","7026","7026 - Dump after return from D3 after cmd"
"16/8/2025 2:39:14 a. m.","Información","Netwtw10","7025","7025 - Dump after return from D3 before cmd "
"16/8/2025 2:37:14 a. m.","Información","Netwtw10","7026","7026 - Dump after return from D3 after cmd"
"16/8/2025 2:37:14 a. m.","Información","Netwtw10","7025","7025 - Dump after return from D3 before cmd "
"16/8/2025 2:35:14 a. m.","Información","Netwtw10","7026","7026 - Dump after return from D3 after cmd"
"16/8/2025 2:35:14 a. m.","Información","Netwtw10","7025","7025 - Dump after return from D3 before cmd "
"16/8/2025 2:33:45 a. m.","Información","Netwtw10","7026","7026 - Dump after return from D3 after cmd"
"16/8/2025 2:33:45 a. m.","Información","Netwtw10","7025","7025 - Dump after return from D3 before cmd "
"16/8/2025 2:33:41 a. m.","Información","nhi","9007","The driver entered RTD3.
 All the connected devices will be removed from driver's internal state, so it is expected that DeviceDisconnected events will happen."
"16/8/2025 2:33:32 a. m.","Información","Netwtw10","7026","7026 - Dump after return from D3 after cmd"
"16/8/2025 2:33:32 a. m.","Información","Netwtw10","7025","7025 - Dump after return from D3 before cmd "
"16/8/2025 2:33:25 a. m.","Información","Netwtw10","7026","7026 - Dump after return from D3 after cmd"
"16/8/2025 2:33:25 a. m.","Información","Netwtw10","7025","7025 - Dump after return from D3 before cmd "
"16/8/2025 2:33:19 a. m.","Información","Netwtw10","7026","7026 - Dump after return from D3 after cmd"
"16/8/2025 2:33:19 a. m.","Información","Netwtw10","7025","7025 - Dump after return from D3 before cmd "
"16/8/2025 2:33:19 a. m.","Información","nhi","9008","Driver exit RTD3.
 All the connected devices will now cause DeviceConnected events."
"16/8/2025 2:33:13 a. m.","Información","Netwtw10","7026","7026 - Dump after return from D3 after cmd"
"16/8/2025 2:33:13 a. m.","Información","Netwtw10","7025","7025 - Dump after return from D3 before cmd "
"16/8/2025 2:33:11 a. m.","Advertencia","rt640x64","1","Realtek PCIe GbE Family Controller is disconnected from network."
"16/8/2025 2:33:08 a. m.","Información","Netwtw10","7026","7026 - Dump after return from D3 after cmd"
"16/8/2025 2:33:08 a. m.","Información","Netwtw10","7025","7025 - Dump after return from D3 before cmd "
"16/8/2025 2:31:08 a. m.","Información","Netwtw10","7026","7026 - Dump after return from D3 after cmd"
"16/8/2025 2:31:08 a. m.","Información","Netwtw10","7025","7025 - Dump after return from D3 before cmd "
"16/8/2025 2:29:08 a. m.","Información","Netwtw10","7026","7026 - Dump after return from D3 after cmd"
"16/8/2025 2:29:08 a. m.","Información","Netwtw10","7025","7025 - Dump after return from D3 before cmd "
"16/8/2025 2:27:08 a. m.","Información","Netwtw10","7026","7026 - Dump after return from D3 after cmd"
"16/8/2025 2:27:08 a. m.","Información","Netwtw10","7025","7025 - Dump after return from D3 before cmd "
"16/8/2025 2:25:08 a. m.","Información","Netwtw10","7026","7026 - Dump after return from D3 after cmd"
"16/8/2025 2:25:08 a. m.","Información","Netwtw10","7025","7025 - Dump after return from D3 before cmd "
"16/8/2025 2:23:08 a. m.","Información","Netwtw10","7026","7026 - Dump after return from D3 after cmd"
"16/8/2025 2:23:08 a. m.","Información","Netwtw10","7025","7025 - Dump after return from D3 before cmd "
"16/8/2025 2:21:08 a. m.","Información","Netwtw10","7026","7026 - Dump after return from D3 after cmd"
"16/8/2025 2:21:08 a. m.","Información","Netwtw10","7025","7025 - Dump after return from D3 before cmd "
"16/8/2025 2:19:08 a. m.","Información","Netwtw10","7026","7026 - Dump after return from D3 after cmd"
"16/8/2025 2:19:08 a. m.","Información","Netwtw10","7025","7025 - Dump after return from D3 before cmd "
"16/8/2025 2:17:08 a. m.","Información","Netwtw10","7026","7026 - Dump after return from D3 after cmd"
"16/8/2025 2:17:08 a. m.","Información","Netwtw10","7025","7025 - Dump after return from D3 before cmd "
"16/8/2025 2:15:08 a. m.","Información","Netwtw10","7026","7026 - Dump after return from D3 after cmd"
"16/8/2025 2:15:08 a. m.","Información","Netwtw10","7025","7025 - Dump after return from D3 before cmd "
"16/8/2025 2:13:08 a. m.","Información","Netwtw10","7026","7026 - Dump after return from D3 after cmd"
"16/8/2025 2:13:08 a. m.","Información","Netwtw10","7025","7025 - Dump after return from D3 before cmd "
"16/8/2025 2:11:08 a. m.","Información","Netwtw10","7026","7026 - Dump after return from D3 after cmd"
"16/8/2025 2:11:08 a. m.","Información","Netwtw10","7025","7025 - Dump after return from D3 before cmd "
"16/8/2025 2:09:08 a. m.","Información","Netwtw10","7026","7026 - Dump after return from D3 after cmd"
"16/8/2025 2:09:08 a. m.","Información","Netwtw10","7025","7025 - Dump after return from D3 before cmd "
"16/8/2025 2:07:08 a. m.","Información","Netwtw10","7026","7026 - Dump after return from D3 after cmd"
"16/8/2025 2:07:08 a. m.","Información","Netwtw10","7025","7025 - Dump after return from D3 before cmd "
"16/8/2025 2:05:11 a. m.","Advertencia","rt640x64","1","Realtek PCIe GbE Family Controller is disconnected from network."
"16/8/2025 2:05:08 a. m.","Información","Netwtw10","7026","7026 - Dump after return from D3 after cmd"
"16/8/2025 2:05:08 a. m.","Información","Netwtw10","7025","7025 - Dump after return from D3 before cmd "
"16/8/2025 2:03:08 a. m.","Información","Netwtw10","7026","7026 - Dump after return from D3 after cmd"
"16/8/2025 2:03:08 a. m.","Información","Netwtw10","7025","7025 - Dump after return from D3 before cmd "
"16/8/2025 2:01:08 a. m.","Información","Netwtw10","7026","7026 - Dump after return from D3 after cmd"
"16/8/2025 2:01:08 a. m.","Información","Netwtw10","7025","7025 - Dump after return from D3 before cmd "
"16/8/2025 1:59:08 a. m.","Información","Netwtw10","7026","7026 - Dump after return from D3 after cmd"
"16/8/2025 1:59:08 a. m.","Información","Netwtw10","7025","7025 - Dump after return from D3 before cmd "
"16/8/2025 1:57:06 a. m.","Información","Netwtw10","7026","7026 - Dump after return from D3 after cmd"
"16/8/2025 1:57:06 a. m.","Información","Netwtw10","7025","7025 - Dump after return from D3 before cmd "
"16/8/2025 1:52:00 a. m.","Información","Microsoft-Windows-Kernel-Power","566","La sesión del sistema ha cambiado de 106 a 107.

Motivo InputMouse 

BootId: 12"
"16/8/2025 1:51:55 a. m.","Información","Microsoft-Windows-Kernel-Power","506","El sistema está entrando en el modo de espera moderno 

motivo: AC/DC Display Burst Suppressed. "
"16/8/2025 1:51:55 a. m.","Información","Microsoft-Windows-Kernel-Power","566","La sesión del sistema ha cambiado de 105 a 106.

Motivo InputMouse 

BootId: 12"
"16/8/2025 1:51:55 a. m.","Información","Microsoft-Windows-Kernel-Power","507","El sistema está saliendo del modo de espera moderno 

motivo: AC/DC Display Burst Suppressed. "
"16/8/2025 1:51:55 a. m.","Información","Microsoft-Windows-Kernel-Power","172","Estado de conectividad en modo de espera: Connected. Motivo: None"
"16/8/2025 1:51:55 a. m.","Información","Netwtw10","7026","7026 - Dump after return from D3 after cmd"
"16/8/2025 1:51:55 a. m.","Información","Netwtw10","7025","7025 - Dump after return from D3 before cmd "
"16/8/2025 1:51:55 a. m.","Información","Microsoft-Windows-Kernel-Power","105","Cambio de fuente de energía."
"16/8/2025 1:51:37 a. m.","Información","Microsoft-Windows-Kernel-Power","172","Estado de conectividad en modo de espera: Disconnected. Motivo: Adaptive Connected Standby"
"16/8/2025 1:51:31 a. m.","Información","Microsoft-Windows-Kernel-Power","566","La sesión del sistema ha cambiado de 104 a 105.

Motivo PolicyChange 

BootId: 12"
"16/8/2025 1:51:31 a. m.","Advertencia","Win32k","700","Administrador de energía solicitó la supresión de todas las entradas (INPUT_SUPPRESS_REQUEST = 1)"
"16/8/2025 1:51:31 a. m.","Advertencia","Win32k","700","Administrador de energía solicitó la supresión de todas las entradas (INPUT_SUPPRESS_REQUEST = 1)"
"16/8/2025 1:51:31 a. m.","Información","Microsoft-Windows-Kernel-Power","506","El sistema está entrando en el modo de espera moderno 

motivo: Lid. "
"16/8/2025 1:51:31 a. m.","Información","Microsoft-Windows-Kernel-Power","566","La sesión del sistema ha cambiado de 103 a 104.

Motivo PolicyChange 

BootId: 12"
"16/8/2025 1:51:15 a. m.","Información","Microsoft-Windows-IsolatedUserMode","5","Secure Trustlet NULL Id 0 and Pid 0 started with status STATUS_SUCCESS."
"16/8/2025 1:51:15 a. m.","Información","Microsoft-Windows-IsolatedUserMode","2","Secure Trustlet Id 0 and Pid 0 stopped with status STATUS_SUCCESS."
"16/8/2025 1:31:15 a. m.","Advertencia","Netwtw10","6062","6062 - Lso was triggered"
"16/8/2025 1:31:14 a. m.","Información","Microsoft-Windows-Hyper-V-VmSwitch","291","Descarga de RSC modificada para la 6598FD11-7307-4DD7-8E4A-3EC4FB88B3D3--CB46B844-0AB4-4DF5-B08A-4E8E3BD5AEE5 NIC (nombre descriptivo: ) IPv4 anterior: Deshabilitado, IPv4 actual: Deshabilitado, IPv6 anterior: Deshabilitado, IPv6 actual: Deshabilitado. Motivo: OID de RSC"
"16/8/2025 1:31:14 a. m.","Información","Microsoft-Windows-Hyper-V-VmSwitch","102","Networking driver in 6598FD11-7307-4DD7-8E4A-3EC4FB88B3D3 is loaded and the protocol version is negotiated to the most recent version (Virtual machine ID 6598FD11-7307-4DD7-8E4A-3EC4FB88B3D3)."
"16/8/2025 1:31:12 a. m.","Información","Netwtw10","7021","7021 - Connection telemetry fields and analysis usage"
"16/8/2025 1:31:12 a. m.","Información","Microsoft-Windows-Hyper-V-VmSwitch","291","Descarga de RSC modificada para la 6598FD11-7307-4DD7-8E4A-3EC4FB88B3D3--CB46B844-0AB4-4DF5-B08A-4E8E3BD5AEE5 NIC (nombre descriptivo: ) IPv4 anterior: Deshabilitado, IPv4 actual: Deshabilitado, IPv6 anterior: Deshabilitado, IPv6 actual: Deshabilitado. Motivo: OID de RSC"
"16/8/2025 1:31:11 a. m.","Información","Microsoft-Windows-Hyper-V-VmSwitch","102","Networking driver in 6598FD11-7307-4DD7-8E4A-3EC4FB88B3D3 is loaded and the protocol version is negotiated to the most recent version (Virtual machine ID 6598FD11-7307-4DD7-8E4A-3EC4FB88B3D3)."
"16/8/2025 1:30:59 a. m.","Información","Microsoft-Windows-Kernel-General","16","El historial de accesos en el subárbol \??\C:\Users\PCTIC-05\AppData\Local\Packages\Microsoft.Windows.StartMenuExperienceHost_cw5n1h2txyewy\Settings\settings.dat se borró mediante la actualización de 16 claves y la creación de 1 páginas modificadas."
"16/8/2025 1:28:05 a. m.","Advertencia","Microsoft-Windows-DNS-Client","1014","La resolución de nombres para el nombre mobile.events.data.microsoft.com agotó el tiempo de espera después de que ninguno de los servidores DNS configurados respondiera. PID de cliente 16340."
"16/8/2025 1:28:01 a. m.","Advertencia","Microsoft-Windows-DNS-Client","1014","La resolución de nombres para el nombre teams.events.data.microsoft.com agotó el tiempo de espera después de que ninguno de los servidores DNS configurados respondiera. PID de cliente 12188."
"16/8/2025 1:27:48 a. m.","Advertencia","Netwtw10","6062","6062 - Lso was triggered"
"16/8/2025 1:27:44 a. m.","Información","Microsoft-Windows-Hyper-V-VmSwitch","291","Descarga de RSC modificada para la 6598FD11-7307-4DD7-8E4A-3EC4FB88B3D3--CB46B844-0AB4-4DF5-B08A-4E8E3BD5AEE5 NIC (nombre descriptivo: ) IPv4 anterior: Deshabilitado, IPv4 actual: Deshabilitado, IPv6 anterior: Deshabilitado, IPv6 actual: Deshabilitado. Motivo: OID de RSC"
"16/8/2025 1:27:44 a. m.","Información","Microsoft-Windows-Hyper-V-VmSwitch","102","Networking driver in 6598FD11-7307-4DD7-8E4A-3EC4FB88B3D3 is loaded and the protocol version is negotiated to the most recent version (Virtual machine ID 6598FD11-7307-4DD7-8E4A-3EC4FB88B3D3)."
"16/8/2025 1:27:42 a. m.","Información","Netwtw10","7021","7021 - Connection telemetry fields and analysis usage"
"16/8/2025 1:27:41 a. m.","Información","Microsoft-Windows-Hyper-V-VmSwitch","291","Descarga de RSC modificada para la 6598FD11-7307-4DD7-8E4A-3EC4FB88B3D3--CB46B844-0AB4-4DF5-B08A-4E8E3BD5AEE5 NIC (nombre descriptivo: ) IPv4 anterior: Deshabilitado, IPv4 actual: Deshabilitado, IPv6 anterior: Deshabilitado, IPv6 actual: Deshabilitado. Motivo: OID de RSC"
"16/8/2025 1:27:40 a. m.","Información","Microsoft-Windows-Hyper-V-VmSwitch","102","Networking driver in 6598FD11-7307-4DD7-8E4A-3EC4FB88B3D3 is loaded and the protocol version is negotiated to the most recent version (Virtual machine ID 6598FD11-7307-4DD7-8E4A-3EC4FB88B3D3)."
"16/8/2025 1:26:57 a. m.","Advertencia","Netwtw10","6062","6062 - Lso was triggered"
"16/8/2025 1:26:54 a. m.","Información","Netwtw10","7021","7021 - Connection telemetry fields and analysis usage"
"16/8/2025 1:18:55 a. m.","Advertencia","Netwtw10","6062","6062 - Lso was triggered"
"16/8/2025 1:18:50 a. m.","Información","Netwtw10","7021","7021 - Connection telemetry fields and analysis usage"
"15/8/2025 11:57:39 p. m.","Información","Service Control Manager","7040","El tipo de inicio del servicio Servicio de transferencia inteligente en segundo plano (BITS) se cambió de inicio por solicitud a inicio automático."
"15/8/2025 11:57:35 p. m.","Información","Service Control Manager","7040","El tipo de inicio del servicio Servicio de transferencia inteligente en segundo plano (BITS) se cambió de inicio automático a inicio por solicitud."
"15/8/2025 11:55:41 p. m.","Información","Microsoft-Windows-Hyper-V-VmSwitch","291","Descarga de RSC modificada para la 6598FD11-7307-4DD7-8E4A-3EC4FB88B3D3--CB46B844-0AB4-4DF5-B08A-4E8E3BD5AEE5 NIC (nombre descriptivo: ) IPv4 anterior: Deshabilitado, IPv4 actual: Deshabilitado, IPv6 anterior: Deshabilitado, IPv6 actual: Deshabilitado. Motivo: OID de RSC"
"15/8/2025 11:55:40 p. m.","Información","Microsoft-Windows-Hyper-V-VmSwitch","102","Networking driver in 6598FD11-7307-4DD7-8E4A-3EC4FB88B3D3 is loaded and the protocol version is negotiated to the most recent version (Virtual machine ID 6598FD11-7307-4DD7-8E4A-3EC4FB88B3D3)."
"15/8/2025 11:55:37 p. m.","Advertencia","Netwtw10","6062","6062 - Lso was triggered"
"15/8/2025 11:55:36 p. m.","Información","Netwtw10","7021","7021 - Connection telemetry fields and analysis usage"
"15/8/2025 11:55:35 p. m.","Información","Microsoft-Windows-Kernel-Power","566","La sesión del sistema ha cambiado de 102 a 103.

Motivo PolicyChange 

BootId: 12"
"15/8/2025 11:55:35 p. m.","Información","Microsoft-Windows-Kernel-Power","507","El sistema está saliendo del modo de espera moderno 

motivo: Lid. "
"15/8/2025 11:55:35 p. m.","Información","Microsoft-Windows-Kernel-Power","172","Estado de conectividad en modo de espera: Connected. Motivo: None"
"15/8/2025 11:55:35 p. m.","Información","Netwtw10","7026","7026 - Dump after return from D3 after cmd"
"15/8/2025 11:55:35 p. m.","Información","Netwtw10","7025","7025 - Dump after return from D3 before cmd "
"15/8/2025 11:55:35 p. m.","Advertencia","Win32k","701","Administrador de energía no solicitó la supresión de todas las entradas (INPUT_SUPPRESS_REQUEST = 0)"
"15/8/2025 11:55:35 p. m.","Advertencia","Win32k","701","Administrador de energía no solicitó la supresión de todas las entradas (INPUT_SUPPRESS_REQUEST = 0)"
"15/8/2025 11:53:41 p. m.","Información","Microsoft-Windows-Kernel-Power","172","Estado de conectividad en modo de espera: Disconnected. Motivo: Policy Setting"
"15/8/2025 11:53:34 p. m.","Información","Microsoft-Windows-Kernel-Power","566","La sesión del sistema ha cambiado de 101 a 102.

Motivo 55 

BootId: 12"
"15/8/2025 11:53:33 p. m.","Información","Netwtw10","7021","7021 - Connection telemetry fields and analysis usage"
"15/8/2025 11:53:32 p. m.","Información","Microsoft-Windows-Hyper-V-VmSwitch","291","Descarga de RSC modificada para la 6598FD11-7307-4DD7-8E4A-3EC4FB88B3D3--CB46B844-0AB4-4DF5-B08A-4E8E3BD5AEE5 NIC (nombre descriptivo: ) IPv4 anterior: Deshabilitado, IPv4 actual: Deshabilitado, IPv6 anterior: Deshabilitado, IPv6 actual: Deshabilitado. Motivo: OID de RSC"
"15/8/2025 11:53:32 p. m.","Información","Microsoft-Windows-Hyper-V-VmSwitch","102","Networking driver in 6598FD11-7307-4DD7-8E4A-3EC4FB88B3D3 is loaded and the protocol version is negotiated to the most recent version (Virtual machine ID 6598FD11-7307-4DD7-8E4A-3EC4FB88B3D3)."
"15/8/2025 11:53:31 p. m.","Información","Microsoft-Windows-Hyper-V-VmSwitch","291","Descarga de RSC modificada para la 6598FD11-7307-4DD7-8E4A-3EC4FB88B3D3--CB46B844-0AB4-4DF5-B08A-4E8E3BD5AEE5 NIC (nombre descriptivo: ) IPv4 anterior: Deshabilitado, IPv4 actual: Deshabilitado, IPv6 anterior: Deshabilitado, IPv6 actual: Deshabilitado. Motivo: OID de RSC"
"15/8/2025 11:53:30 p. m.","Información","Microsoft-Windows-Hyper-V-VmSwitch","102","Networking driver in 6598FD11-7307-4DD7-8E4A-3EC4FB88B3D3 is loaded and the protocol version is negotiated to the most recent version (Virtual machine ID 6598FD11-7307-4DD7-8E4A-3EC4FB88B3D3)."
"15/8/2025 11:53:29 p. m.","Información","Microsoft-Windows-Kernel-Power","506","El sistema está entrando en el modo de espera moderno 

motivo: Austerity Battery Drain Budget Exceeded. "
"15/8/2025 11:53:29 p. m.","Información","Microsoft-Windows-Kernel-Power","566","La sesión del sistema ha cambiado de 100 a 101.

Motivo 55 

BootId: 12"
"15/8/2025 11:53:29 p. m.","Información","Microsoft-Windows-Kernel-Power","507","El sistema está saliendo del modo de espera moderno 

motivo: Austerity Battery Drain Budget Exceeded. "
"15/8/2025 11:53:29 p. m.","Información","Microsoft-Windows-Kernel-Power","172","Estado de conectividad en modo de espera: Connected. Motivo: None"
"15/8/2025 11:53:29 p. m.","Información","Netwtw10","7026","7026 - Dump after return from D3 after cmd"
"15/8/2025 11:53:29 p. m.","Información","Netwtw10","7025","7025 - Dump after return from D3 before cmd "
"15/8/2025 11:52:51 p. m.","Error","Microsoft-Windows-DistributedCOM","10010","El servidor {D4872B74-3AFC-47CD-B8A2-9E4F998539BC} no se registró con DCOM dentro del tiempo de espera requerido."
"15/8/2025 11:52:50 p. m.","Error","Microsoft-Windows-DistributedCOM","10010","El servidor {69B7FE84-6361-4423-B948-1D64820B1E96} no se registró con DCOM dentro del tiempo de espera requerido."
"15/8/2025 11:51:49 p. m.","Información","Netwtw10","7021","7021 - Connection telemetry fields and analysis usage"
"15/8/2025 11:51:49 p. m.","Información","Netwtw10","7021","7021 - Connection telemetry fields and analysis usage"
"15/8/2025 11:51:46 p. m.","Información","Netwtw10","7026","7026 - Dump after return from D3 after cmd"
"15/8/2025 11:51:46 p. m.","Información","Netwtw10","7025","7025 - Dump after return from D3 before cmd "
"15/8/2025 11:51:36 p. m.","Información","nhi","9007","The driver entered RTD3.
 All the connected devices will be removed from driver's internal state, so it is expected that DeviceDisconnected events will happen."
"15/8/2025 11:51:33 p. m.","Información","Netwtw10","7026","7026 - Dump after return from D3 after cmd"
"15/8/2025 11:51:33 p. m.","Información","Netwtw10","7025","7025 - Dump after return from D3 before cmd "
"15/8/2025 11:51:30 p. m.","Información","Netwtw10","7026","7026 - Dump after return from D3 after cmd"
"15/8/2025 11:51:30 p. m.","Información","Netwtw10","7025","7025 - Dump after return from D3 before cmd "
"15/8/2025 11:51:28 p. m.","Información","Netwtw10","7026","7026 - Dump after return from D3 after cmd"
"15/8/2025 11:51:28 p. m.","Información","Netwtw10","7025","7025 - Dump after return from D3 before cmd "
"15/8/2025 11:51:28 p. m.","Información","nhi","9008","Driver exit RTD3.
 All the connected devices will now cause DeviceConnected events."
"15/8/2025 11:51:25 p. m.","Información","Microsoft-Windows-Kernel-Power","172","Estado de conectividad en modo de espera: Disconnected. Motivo: Adaptive Connected Standby"
"15/8/2025 11:51:18 p. m.","Información","Microsoft-Windows-Kernel-Power","566","La sesión del sistema ha cambiado de 99 a 100.

Motivo InputMouse 

BootId: 12"
"15/8/2025 11:51:17 p. m.","Información","Microsoft-Windows-Hyper-V-VmSwitch","291","Descarga de RSC modificada para la 6598FD11-7307-4DD7-8E4A-3EC4FB88B3D3--CB46B844-0AB4-4DF5-B08A-4E8E3BD5AEE5 NIC (nombre descriptivo: ) IPv4 anterior: Deshabilitado, IPv4 actual: Deshabilitado, IPv6 anterior: Deshabilitado, IPv6 actual: Deshabilitado. Motivo: OID de RSC"
"15/8/2025 11:51:17 p. m.","Información","Microsoft-Windows-Hyper-V-VmSwitch","102","Networking driver in 6598FD11-7307-4DD7-8E4A-3EC4FB88B3D3 is loaded and the protocol version is negotiated to the most recent version (Virtual machine ID 6598FD11-7307-4DD7-8E4A-3EC4FB88B3D3)."
"15/8/2025 11:51:16 p. m.","Advertencia","rt640x64","1","Realtek PCIe GbE Family Controller is disconnected from network."
"15/8/2025 11:51:14 p. m.","Advertencia","Netwtw10","6062","6062 - Lso was triggered"
"15/8/2025 11:51:13 p. m.","Información","Microsoft-Windows-Kernel-Power","506","El sistema está entrando en el modo de espera moderno 

motivo: AC/DC Display Burst Suppressed. "
"15/8/2025 11:51:13 p. m.","Información","Microsoft-Windows-Kernel-Power","566","La sesión del sistema ha cambiado de 98 a 99.

Motivo InputMouse 

BootId: 12"
"15/8/2025 11:51:13 p. m.","Información","Microsoft-Windows-Kernel-Power","507","El sistema está saliendo del modo de espera moderno 

motivo: AC/DC Display Burst Suppressed. "
"15/8/2025 11:51:13 p. m.","Información","Netwtw10","7026","7026 - Dump after return from D3 after cmd"
"15/8/2025 11:51:13 p. m.","Información","Netwtw10","7025","7025 - Dump after return from D3 before cmd "
