"4/8/2025 1:49:42 p. m.","Información","Microsoft-Windows-Kernel-General","16","El historial de accesos en el subárbol \??\C:\Users\PCTIC-05\AppData\Local\Packages\Microsoft.OfficePushNotificationUtility_8wekyb3d8bbwe\Settings\settings.dat se borró mediante la actualización de 1 claves y la creación de 1 páginas modificadas."
"4/8/2025 1:49:30 p. m.","Información","Microsoft-Windows-Kernel-General","16","El historial de accesos en el subárbol \??\C:\ProgramData\Microsoft\Windows\AppRepository\Packages\Microsoft.Office.ActionsServer_16.0.19029.20136_neutral__8wekyb3d8bbwe\ActivationStore.dat se borró mediante la actualización de 0 claves y la creación de 0 páginas modificadas."
"4/8/2025 1:49:26 p. m.","Información","Microsoft-Windows-Kernel-General","16","El historial de accesos en el subárbol \??\C:\ProgramData\Microsoft\Windows\AppRepository\Packages\Microsoft.OfficePushNotificationUtility_16.0.19029.20136_neutral__8wekyb3d8bbwe\ActivationStore.dat se borró mediante la actualización de 0 claves y la creación de 0 páginas modificadas."
"4/8/2025 1:49:06 p. m.","Información","Microsoft-Windows-WindowsUpdateClient","44","Windows Update comenzó a descargar una actualización."
"4/8/2025 1:49:06 p. m.","Información","Microsoft-Windows-WindowsUpdateClient","44","Windows Update comenzó a descargar una actualización."
"4/8/2025 1:39:43 p. m.","Información","Microsoft-Windows-IsolatedUserMode","2","Secure Trustlet Id 6 and Pid 8932 stopped with status STATUS_SUCCESS."
"4/8/2025 1:36:32 p. m.","Información","Microsoft-Windows-WindowsUpdateClient","19","Instalación correcta: Windows instaló correctamente la siguiente actualización: Actualización de inteligencia de seguridad para Microsoft Defender Antivirus - KB2267602 (versión 1.433.270.0) - Canal actual (ampliado)"
"4/8/2025 1:36:14 p. m.","Información","Microsoft-Windows-WindowsUpdateClient","43","Instalación iniciada: Windows comenzó a instalar la actualización siguiente: Actualización de inteligencia de seguridad para Microsoft Defender Antivirus - KB2267602 (versión 1.433.270.0) - Canal actual (ampliado)"
"4/8/2025 1:36:05 p. m.","Información","Microsoft-Windows-WindowsUpdateClient","44","Windows Update comenzó a descargar una actualización."
"4/8/2025 1:31:43 p. m.","Información","Microsoft-Windows-IsolatedUserMode","1","Secure Trustlet \??\C:\WINDOWS\System32\NgcIso.exe Id 6 and Pid 8932 started with status STATUS_SUCCESS."
"4/8/2025 1:31:43 p. m.","Información","Microsoft-Windows-IsolatedUserMode","5","Secure Trustlet NULL Id 0 and Pid 0 started with status STATUS_SUCCESS."
"4/8/2025 1:27:29 p. m.","Información","Microsoft-Windows-Kernel-General","16","El historial de accesos en el subárbol \??\C:\ProgramData\Packages\Microsoft.YourPhone_8wekyb3d8bbwe\S-1-5-21-72991934-2165796093-3938425774-1001\SystemAppData\Helium\Cache\269840b0b9284c14_COM15.dat se borró mediante la actualización de 1 claves y la creación de 1 páginas modificadas."
"4/8/2025 1:27:29 p. m.","Información","Microsoft-Windows-Kernel-General","16","El historial de accesos en el subárbol \??\C:\Users\PCTIC-05\AppData\Local\Packages\Microsoft.YourPhone_8wekyb3d8bbwe\SystemAppData\Helium\User.dat se borró mediante la actualización de 1 claves y la creación de 1 páginas modificadas."
"4/8/2025 1:27:29 p. m.","Información","Microsoft-Windows-Kernel-General","16","El historial de accesos en el subárbol \??\C:\Users\PCTIC-05\AppData\Local\Packages\Microsoft.YourPhone_8wekyb3d8bbwe\Settings\settings.dat se borró mediante la actualización de 46 claves y la creación de 5 páginas modificadas."
"4/8/2025 1:25:47 p. m.","Información","Microsoft-Windows-TPM-WMI","1038","Las comprobaciones de estado de la atestación previa confirman que se espera que el dispositivo supere la atestación.
 Consulte C:\WINDOWS\Logs\MeasuredBoot\0000000031-0000000009.json para obtener información detallada sobre las comprobaciones realizadas."
"4/8/2025 1:25:47 p. m.","Información","Microsoft-Windows-TPM-WMI","1041","Información detallada sobre la comprobación del estado de la atestación previa: {""Version"":1,""HealthStatus"":""Attestable"",""Required"":[{""Field"":""TpmPresent"",""Value"":true,""DesiredValue"":true},{""Field"":""TpmMeetsMinimumVersion"",""Value"":true,""DesiredValue"":true},{""Field"":""TpmIsResponsive"",""Value"":true,""DesiredValue"":true},{""Field"":""EkCertIsAvailable"",""Value"":true,""DesiredValue"":true},{""Field"":""TcgLogFound"",""Value"":true,""DesiredValue"":true}],""Expected"":[{""Field"":""PcrsMatchTcgLog"",""Value"":true,""DesiredValue"":true}],""Informational"":[{""Field"":""SecureBootEnabled"",""ValueFromComputer"":true,""ValueFromTcgLog"":true,""DesiredValue"":true,""TcgValueIsVerifiable"":true},{""Field"":""VirtualSecureMemory"",""ValueFromComputer"":false,""ValueFromTcgLog"":false,""DesiredValue"":true,""TcgValueIsVerifiable"":true},{""Field"":""SecureCorePCCompliant"",""ValueFromComputer"":false,""ValueFromTcgLog"":false,""DesiredValue"":true,""TcgValueIsVerifiable"":true}]}"
"4/8/2025 1:25:46 p. m.","Información","nhi","9007","The driver entered RTD3.
 All the connected devices will be removed from driver's internal state, so it is expected that DeviceDisconnected events will happen."
"4/8/2025 1:25:43 p. m.","Advertencia","rt640x64","1","Realtek PCIe GbE Family Controller is disconnected from network."
"4/8/2025 1:25:42 p. m.","Información","Microsoft-Windows-Power-Troubleshooter","1","El sistema estaba en un estado de baja energía y se reanudó.

Hora de suspensión: ‎2025‎-‎08‎-‎03T23:38:03.043075100Z
Hora de reactivación: ‎2025‎-‎08‎-‎04T17:25:41.352384000Z

Origen de la reactivación: Unknown"
"4/8/2025 1:25:42 p. m.","Información","Microsoft-Windows-Time-Service","37","El proveedor de hora NtpClient está recibiendo datos de hora  válidos desde time.windows.com,0x9 (ntp.m|0x9|0.0.0.0:123->40.119.6.228:123)."
"4/8/2025 1:25:41 p. m.","Advertencia","Netwtw10","6062","6062 - Lso was triggered"
"4/8/2025 1:25:41 p. m.","Error","Microsoft-Windows-NDIS","10317","Minipuerto Microsoft Wi-Fi Direct Virtual Adapter #2, {79f38f0f-3b2e-4931-b16b-3a5d8eb7dab9}, tuvo el evento Fatal error: The miniport has failed a power transition to operational power"
"4/8/2025 1:25:41 p. m.","Información","WiManH","2",
"4/8/2025 1:25:41 p. m.","Información","Netwtw10","7021","7021 - Connection telemetry fields and analysis usage"
"4/8/2025 1:25:41 p. m.","Información","Microsoft-Windows-Kernel-Power","566","La sesión del sistema ha cambiado de 192 a 194.

Motivo PolicyChange 

BootId: 10"
"4/8/2025 1:25:41 p. m.","Información","Microsoft-Windows-Kernel-Power","507","El sistema está saliendo del modo de espera moderno 

motivo: Lid. "
"4/8/2025 1:25:41 p. m.","Información","Microsoft-Windows-Kernel-Power","506","El sistema está entrando en el modo de espera moderno 

motivo: Sleep, Hibernate, or Shutdown. "
"4/8/2025 1:25:41 p. m.","Información","Microsoft-Windows-Kernel-Power","566","La sesión del sistema ha cambiado de 191 a 192.

Motivo SxTransition 

BootId: 10"
"4/8/2025 1:25:41 p. m.","Información","Microsoft-Windows-Kernel-Boot","247","No se puede cargar el firmware de Pluton-Windows. StatusCode: STATUS_SUCCESS, Motivo: Failed to apply firmware."
"4/8/2025 1:25:41 p. m.","Información","Microsoft-Windows-Kernel-Boot","27","El tipo de arranque fue 0x2."
"4/8/2025 1:25:41 p. m.","Información","Microsoft-Windows-Kernel-Boot","25","La directiva del menú de arranque fue 0x0."
"4/8/2025 1:25:41 p. m.","Información","Microsoft-Windows-Kernel-Boot","32","Bootmgr esperó la entrada del usuario durante 0 ms."
"4/8/2025 1:25:41 p. m.","Información","Microsoft-Windows-Kernel-Boot","18","Existen 0x1 opciones de arranque en este sistema."
"4/8/2025 1:25:41 p. m.","Información","Microsoft-Windows-Kernel-Boot","30","El firmware notificó métricas de arranque."
"4/8/2025 1:25:41 p. m.","Advertencia","TPM","30","El recuento de restablecimiento y/o reanudación no coinciden con los valores esperados después de hibernar o reanudar."
"4/8/2025 1:25:41 p. m.","Información","Intel-SST-OED","28","Loaded DSP FW library: \??\C:\WINDOWS\System32\DriverStore\FileRepository\intcoed_oemlibpath.inf_amd64_69401f7e35684734\tgl_maxx_audio_pro.bin, status = STATUS_SUCCESS."
"4/8/2025 1:25:41 p. m.","Información","Netwtw10","7023","7023 - secure boot debug logging Quasar"
"4/8/2025 1:25:41 p. m.","Información","Intel-SST-OED","28","Loaded DSP FW library: Libs\dsp_lib_whm_tgl_release.bin, status = STATUS_SUCCESS."
"4/8/2025 1:25:41 p. m.","Información","Intel-SST-OED","28","Loaded DSP FW library: Libs\dsp_lib_intel_wov_tgl_release.bin, status = STATUS_SUCCESS."
"4/8/2025 1:25:40 p. m.","Información","Netwtw10","7025","7025 - Dump after return from D3 before cmd "
"4/8/2025 1:25:40 p. m.","Advertencia","Win32k","701","Administrador de energía no solicitó la supresión de todas las entradas (INPUT_SUPPRESS_REQUEST = 0)"
"4/8/2025 1:25:40 p. m.","Advertencia","Win32k","701","Administrador de energía no solicitó la supresión de todas las entradas (INPUT_SUPPRESS_REQUEST = 0)"
"4/8/2025 1:25:40 p. m.","Información","Microsoft-Windows-Kernel-General","1","La hora del sistema ha cambiado a ‎2025‎-‎08‎-‎04T17:25:40.500000000Z de ‎2025‎-‎08‎-‎03T23:38:07.773936800Z.
Diferencia horaria: 64052726 ms

Motivo del cambio: System time synchronized with the hardware clock.
Proceso: '' (PID 4).

Hora de RTC: ‎2025‎-‎08‎-‎04T13:25:40.500000000Z
Diferencia de zona horaria actual: 240
hora RTC es UTC: false
La hora del sistema se basaba en la hora RTC: false"
"3/8/2025 7:38:07 p. m.","Información","Microsoft-Windows-Kernel-Power","107","El sistema se reanudó del estado de suspensión."
"4/8/2025 1:25:41 p. m.","Información","EventLog","6013","El tiempo límite del sistema es de 907488 segundos."
"3/8/2025 7:38:05 p. m.","Advertencia","Netwtw10","6062","6062 - Lso was triggered"
"3/8/2025 7:38:04 p. m.","Información","Microsoft-Windows-Kernel-Power","42","El sistema está entrando en suspensión.

Motivo de la suspensión: Hibernate from Sleep - Standby Battery Budget Exceeded"
"3/8/2025 7:38:04 p. m.","Información","Microsoft-Windows-Kernel-Power","40","El controlador \Driver\ACPI del dispositivo  detuvo la transición de energía."
"3/8/2025 7:38:04 p. m.","Información","nhi","9008","Driver exit RTD3.
 All the connected devices will now cause DeviceConnected events."
"3/8/2025 7:38:04 p. m.","Información","Netwtw10","7021","7021 - Connection telemetry fields and analysis usage"
"3/8/2025 7:38:03 p. m.","Información","Microsoft-Windows-Kernel-Power","566","La sesión del sistema ha cambiado de 190 a 191.

Motivo SxTransition 

BootId: 10"
"3/8/2025 7:38:03 p. m.","Información","Microsoft-Windows-Kernel-Power","507","El sistema está saliendo del modo de espera moderno 

motivo: Sleep, Hibernate, or Shutdown. "
"3/8/2025 7:38:03 p. m.","Información","Microsoft-Windows-Kernel-Power","172","Estado de conectividad en modo de espera: Connected. Motivo: None"
"3/8/2025 7:38:03 p. m.","Información","Netwtw10","7026","7026 - Dump after return from D3 after cmd"
"3/8/2025 7:38:03 p. m.","Información","Netwtw10","7025","7025 - Dump after return from D3 before cmd "
"3/8/2025 5:38:26 p. m.","Información","Microsoft-Windows-Kernel-Power","172","Estado de conectividad en modo de espera: Disconnected. Motivo: Policy Setting"
"3/8/2025 5:38:19 p. m.","Información","Microsoft-Windows-Kernel-Power","566","La sesión del sistema ha cambiado de 189 a 190.

Motivo 55 

BootId: 10"
"3/8/2025 5:38:14 p. m.","Información","Microsoft-Windows-Kernel-Power","506","El sistema está entrando en el modo de espera moderno 

motivo: Austerity Battery Drain Budget Exceeded. "
"3/8/2025 5:38:14 p. m.","Información","Microsoft-Windows-Kernel-Power","566","La sesión del sistema ha cambiado de 188 a 189.

Motivo 55 

BootId: 10"
"3/8/2025 5:38:14 p. m.","Información","Microsoft-Windows-Kernel-Power","507","El sistema está saliendo del modo de espera moderno 

motivo: Austerity Battery Drain Budget Exceeded. "
"3/8/2025 5:38:14 p. m.","Información","Microsoft-Windows-Kernel-Power","172","Estado de conectividad en modo de espera: Connected. Motivo: None"
"3/8/2025 5:38:13 p. m.","Información","Netwtw10","7026","7026 - Dump after return from D3 after cmd"
"3/8/2025 5:38:13 p. m.","Información","Netwtw10","7025","7025 - Dump after return from D3 before cmd "
"3/8/2025 5:17:33 p. m.","Información","Microsoft-Windows-Kernel-Power","172","Estado de conectividad en modo de espera: Disconnected. Motivo: Adaptive Connected Standby"
"3/8/2025 5:17:26 p. m.","Información","Microsoft-Windows-Kernel-Power","566","La sesión del sistema ha cambiado de 187 a 188.

Motivo PolicyChange 

BootId: 10"
"3/8/2025 5:17:25 p. m.","Advertencia","Win32k","700","Administrador de energía solicitó la supresión de todas las entradas (INPUT_SUPPRESS_REQUEST = 1)"
"3/8/2025 5:17:25 p. m.","Advertencia","Win32k","700","Administrador de energía solicitó la supresión de todas las entradas (INPUT_SUPPRESS_REQUEST = 1)"
"3/8/2025 5:17:25 p. m.","Información","Microsoft-Windows-Kernel-Power","506","El sistema está entrando en el modo de espera moderno 

motivo: Lid. "
"3/8/2025 5:17:25 p. m.","Información","Microsoft-Windows-Kernel-Power","566","La sesión del sistema ha cambiado de 186 a 187.

Motivo PolicyChange 

BootId: 10"
"3/8/2025 5:04:47 p. m.","Advertencia","Microsoft-Windows-DistributedCOM","10016","La configuración de permisos específico de la aplicación no concede el permiso Activación Local para la aplicación de servidor COM con CLSID 
{8BC3F05E-D86B-11D0-A075-00C04FB68820}
 y APPID 
{8BC3F05E-D86B-11D0-A075-00C04FB68820}
 al usuario TICPC-05\PCTIC-05 con SID (S-1-5-21-72991934-2165796093-3938425774-1001) en la dirección LocalHost (con LRPC) que se ejecuta en el contenedor de aplicaciones con SID No disponible (S-1-15-2-1709633954-807947342-2531162521-1047333108-757555532-1511297430-3229426116). Este permiso de seguridad se puede modificar mediante la herramienta administrativa Servicios de componentes."
"3/8/2025 5:04:13 p. m.","Error","Microsoft-Windows-DistributedCOM","10010","El servidor {88435F68-FFC1-445F-8EDF-EF78B84BA1C7} no se registró con DCOM dentro del tiempo de espera requerido."
"3/8/2025 5:03:41 p. m.","Error","Microsoft-Windows-DistributedCOM","10010","El servidor {88435F68-FFC1-445F-8EDF-EF78B84BA1C7} no se registró con DCOM dentro del tiempo de espera requerido."
"3/8/2025 5:03:10 p. m.","Error","Microsoft-Windows-DistributedCOM","10010","El servidor {88435F68-FFC1-445F-8EDF-EF78B84BA1C7} no se registró con DCOM dentro del tiempo de espera requerido."
"3/8/2025 4:37:32 p. m.","Información","Microsoft-Windows-IsolatedUserMode","2","Secure Trustlet Id 6 and Pid 18236 stopped with status STATUS_SUCCESS."
"3/8/2025 4:30:04 p. m.","Información","TPM","17","El hardware del Módulo de plataforma segura (TPM) no pudo ejecutar un comando de TPM."
"3/8/2025 4:30:04 p. m.","Información","TPM","17","El hardware del Módulo de plataforma segura (TPM) no pudo ejecutar un comando de TPM."
"3/8/2025 4:29:12 p. m.","Información","Microsoft-Windows-IsolatedUserMode","1","Secure Trustlet \??\C:\WINDOWS\System32\NgcIso.exe Id 6 and Pid 18236 started with status STATUS_SUCCESS."
"3/8/2025 4:29:12 p. m.","Información","Microsoft-Windows-IsolatedUserMode","5","Secure Trustlet NULL Id 0 and Pid 0 started with status STATUS_SUCCESS."
"3/8/2025 4:05:14 p. m.","Advertencia","Netwtw10","6062","6062 - Lso was triggered"
"3/8/2025 4:05:14 p. m.","Información","Netwtw10","7021","7021 - Connection telemetry fields and analysis usage"
"3/8/2025 4:05:13 p. m.","Información","Microsoft-Windows-Kernel-Power","566","La sesión del sistema ha cambiado de 185 a 186.

Motivo PolicyChange 

BootId: 10"
"3/8/2025 4:05:13 p. m.","Información","Microsoft-Windows-Kernel-Power","507","El sistema está saliendo del modo de espera moderno 

motivo: Lid. "
"3/8/2025 4:05:13 p. m.","Información","Microsoft-Windows-Kernel-Power","172","Estado de conectividad en modo de espera: Connected. Motivo: None"
"3/8/2025 4:05:13 p. m.","Información","Netwtw10","7026","7026 - Dump after return from D3 after cmd"
"3/8/2025 4:05:13 p. m.","Información","Netwtw10","7025","7025 - Dump after return from D3 before cmd "
"3/8/2025 4:05:13 p. m.","Advertencia","Win32k","701","Administrador de energía no solicitó la supresión de todas las entradas (INPUT_SUPPRESS_REQUEST = 0)"
"3/8/2025 4:05:13 p. m.","Advertencia","Win32k","701","Administrador de energía no solicitó la supresión de todas las entradas (INPUT_SUPPRESS_REQUEST = 0)"
"3/8/2025 3:45:51 p. m.","Información","Microsoft-Windows-Kernel-Power","172","Estado de conectividad en modo de espera: Disconnected. Motivo: Policy Setting"
"3/8/2025 3:45:44 p. m.","Información","Microsoft-Windows-Kernel-Power","566","La sesión del sistema ha cambiado de 184 a 185.

Motivo 55 

BootId: 10"
"3/8/2025 3:45:39 p. m.","Información","Microsoft-Windows-Kernel-General","1","La hora del sistema ha cambiado a ‎2025‎-‎08‎-‎03T19:45:39.002517600Z de ‎2025‎-‎08‎-‎03T19:45:39.000673100Z.
Diferencia horaria: 1 ms

Motivo del cambio: An application or system component changed the time.
Proceso: '\Device\HarddiskVolume3\Windows\System32\svchost.exe' (PID 1708).

Hora de RTC: ‎2025‎-‎08‎-‎03T15:45:39.002517600Z
Diferencia de zona horaria actual: 240
hora RTC es UTC: false
La hora del sistema se basaba en la hora RTC: false"
"3/8/2025 3:45:39 p. m.","Error","Microsoft-Windows-HAL","21","No se estableció el reloj en tiempo real de hardware debido a un error en la evaluación del método de dispositivo de alarma y hora ACPI.  Estado: 0xC00000BB."
"3/8/2025 3:45:39 p. m.","Error","Microsoft-Windows-HAL","20","No se consultó el reloj en tiempo real de hardware debido a un error en la evaluación del método de dispositivo de alarma y hora ACPI.  Estado: 0xC00000BB."
"3/8/2025 3:45:39 p. m.","Información","Microsoft-Windows-Kernel-General","24","La información de zona horaria se actualizó con el motivo de salida 0. La diferencia de zona horaria actual es 240."
"3/8/2025 3:45:39 p. m.","Información","Microsoft-Windows-Kernel-Power","506","El sistema está entrando en el modo de espera moderno 

motivo: Austerity Battery Drain Budget Exceeded. "
"3/8/2025 3:45:38 p. m.","Información","Microsoft-Windows-Kernel-Power","566","La sesión del sistema ha cambiado de 183 a 184.

Motivo 55 

BootId: 10"
"3/8/2025 3:45:38 p. m.","Información","Microsoft-Windows-Kernel-Power","507","El sistema está saliendo del modo de espera moderno 

motivo: Austerity Battery Drain Budget Exceeded. "
"3/8/2025 3:45:38 p. m.","Información","Microsoft-Windows-Kernel-Power","172","Estado de conectividad en modo de espera: Connected. Motivo: None"
"3/8/2025 3:45:38 p. m.","Información","Netwtw10","7026","7026 - Dump after return from D3 after cmd"
"3/8/2025 3:45:38 p. m.","Información","Netwtw10","7025","7025 - Dump after return from D3 before cmd "
"3/8/2025 3:34:52 p. m.","Información","Microsoft-Windows-Kernel-Power","172","Estado de conectividad en modo de espera: Disconnected. Motivo: Adaptive Connected Standby"
"3/8/2025 3:34:45 p. m.","Información","Microsoft-Windows-Kernel-Power","566","La sesión del sistema ha cambiado de 182 a 183.

Motivo InputMouse 

BootId: 10"
"3/8/2025 3:34:43 p. m.","Advertencia","rt640x64","1","Realtek PCIe GbE Family Controller is disconnected from network."
"3/8/2025 3:34:41 p. m.","Información","Microsoft-Windows-Time-Service","37","El proveedor de hora NtpClient está recibiendo datos de hora  válidos desde time.windows.com,0x9 (ntp.m|0x9|0.0.0.0:123->40.119.6.228:123)."
"3/8/2025 3:34:40 p. m.","Información","Microsoft-Windows-Kernel-Power","506","El sistema está entrando en el modo de espera moderno 

motivo: AC/DC Display Burst Suppressed. "
"3/8/2025 3:34:40 p. m.","Información","Microsoft-Windows-Kernel-Power","566","La sesión del sistema ha cambiado de 181 a 182.

Motivo InputMouse 

BootId: 10"
"3/8/2025 3:34:40 p. m.","Información","Microsoft-Windows-Kernel-Power","507","El sistema está saliendo del modo de espera moderno 

motivo: AC/DC Display Burst Suppressed. "
"3/8/2025 3:34:40 p. m.","Información","Netwtw10","7026","7026 - Dump after return from D3 after cmd"
"3/8/2025 3:34:40 p. m.","Información","Netwtw10","7025","7025 - Dump after return from D3 before cmd "
"3/8/2025 3:34:40 p. m.","Información","Microsoft-Windows-Kernel-Power","105","Cambio de fuente de energía."
"3/8/2025 3:32:11 p. m.","Información","Netwtw10","7026","7026 - Dump after return from D3 after cmd"
"3/8/2025 3:32:11 p. m.","Información","Netwtw10","7025","7025 - Dump after return from D3 before cmd "
"3/8/2025 3:29:21 p. m.","Información","Netwtw10","7026","7026 - Dump after return from D3 after cmd"
"3/8/2025 3:29:21 p. m.","Información","Netwtw10","7025","7025 - Dump after return from D3 before cmd "
"3/8/2025 3:28:41 p. m.","Información","Netwtw10","7026","7026 - Dump after return from D3 after cmd"
"3/8/2025 3:28:41 p. m.","Información","Netwtw10","7025","7025 - Dump after return from D3 before cmd "
"3/8/2025 3:28:11 p. m.","Información","Netwtw10","7026","7026 - Dump after return from D3 after cmd"
"3/8/2025 3:28:11 p. m.","Información","Netwtw10","7025","7025 - Dump after return from D3 before cmd "
"3/8/2025 3:24:11 p. m.","Información","Netwtw10","7026","7026 - Dump after return from D3 after cmd"
"3/8/2025 3:24:11 p. m.","Información","Netwtw10","7025","7025 - Dump after return from D3 before cmd "
"3/8/2025 3:20:11 p. m.","Información","Netwtw10","7026","7026 - Dump after return from D3 after cmd"
"3/8/2025 3:20:11 p. m.","Información","Netwtw10","7025","7025 - Dump after return from D3 before cmd "
"3/8/2025 3:17:13 p. m.","Advertencia","rt640x64","1","Realtek PCIe GbE Family Controller is disconnected from network."
"3/8/2025 3:17:10 p. m.","Información","Netwtw10","7026","7026 - Dump after return from D3 after cmd"
"3/8/2025 3:17:10 p. m.","Información","Netwtw10","7025","7025 - Dump after return from D3 before cmd "
"3/8/2025 3:16:57 p. m.","Información","Netwtw10","7026","7026 - Dump after return from D3 after cmd"
"3/8/2025 3:16:57 p. m.","Información","Netwtw10","7025","7025 - Dump after return from D3 before cmd "
"3/8/2025 3:16:11 p. m.","Información","Netwtw10","7026","7026 - Dump after return from D3 after cmd"
"3/8/2025 3:16:11 p. m.","Información","Netwtw10","7025","7025 - Dump after return from D3 before cmd "
"3/8/2025 3:12:11 p. m.","Información","Netwtw10","7026","7026 - Dump after return from D3 after cmd"
"3/8/2025 3:12:11 p. m.","Información","Netwtw10","7025","7025 - Dump after return from D3 before cmd "
"3/8/2025 3:09:29 p. m.","Información","Netwtw10","7026","7026 - Dump after return from D3 after cmd"
"3/8/2025 3:09:29 p. m.","Información","Netwtw10","7025","7025 - Dump after return from D3 before cmd "
"3/8/2025 3:08:41 p. m.","Información","Netwtw10","7026","7026 - Dump after return from D3 after cmd"
"3/8/2025 3:08:41 p. m.","Información","Netwtw10","7025","7025 - Dump after return from D3 before cmd "
"3/8/2025 3:08:11 p. m.","Información","Netwtw10","7026","7026 - Dump after return from D3 after cmd"
"3/8/2025 3:08:11 p. m.","Información","Netwtw10","7025","7025 - Dump after return from D3 before cmd "
"3/8/2025 3:04:11 p. m.","Información","Netwtw10","7026","7026 - Dump after return from D3 after cmd"
"3/8/2025 3:04:11 p. m.","Información","Netwtw10","7025","7025 - Dump after return from D3 before cmd "
"3/8/2025 3:00:11 p. m.","Información","Netwtw10","7026","7026 - Dump after return from D3 after cmd"
"3/8/2025 3:00:11 p. m.","Información","Netwtw10","7025","7025 - Dump after return from D3 before cmd "
"3/8/2025 2:56:45 p. m.","Advertencia","rt640x64","1","Realtek PCIe GbE Family Controller is disconnected from network."
"3/8/2025 2:56:41 p. m.","Información","Netwtw10","7026","7026 - Dump after return from D3 after cmd"
"3/8/2025 2:56:41 p. m.","Información","Netwtw10","7025","7025 - Dump after return from D3 before cmd "
"3/8/2025 2:56:11 p. m.","Información","Netwtw10","7026","7026 - Dump after return from D3 after cmd"
"3/8/2025 2:56:11 p. m.","Información","Netwtw10","7025","7025 - Dump after return from D3 before cmd "
"3/8/2025 2:52:11 p. m.","Información","Netwtw10","7026","7026 - Dump after return from D3 after cmd"
"3/8/2025 2:52:11 p. m.","Información","Netwtw10","7025","7025 - Dump after return from D3 before cmd "
"3/8/2025 2:48:11 p. m.","Información","Netwtw10","7026","7026 - Dump after return from D3 after cmd"
"3/8/2025 2:48:11 p. m.","Información","Netwtw10","7025","7025 - Dump after return from D3 before cmd "
"3/8/2025 2:45:39 p. m.","Información","Netwtw10","7026","7026 - Dump after return from D3 after cmd"
"3/8/2025 2:45:39 p. m.","Información","Netwtw10","7025","7025 - Dump after return from D3 before cmd "
"3/8/2025 2:44:41 p. m.","Información","Netwtw10","7026","7026 - Dump after return from D3 after cmd"
"3/8/2025 2:44:41 p. m.","Información","Netwtw10","7025","7025 - Dump after return from D3 before cmd "
"3/8/2025 2:44:11 p. m.","Información","Netwtw10","7026","7026 - Dump after return from D3 after cmd"
"3/8/2025 2:44:11 p. m.","Información","Netwtw10","7025","7025 - Dump after return from D3 before cmd "
"3/8/2025 2:40:14 p. m.","Advertencia","rt640x64","1","Realtek PCIe GbE Family Controller is disconnected from network."
"3/8/2025 2:40:11 p. m.","Información","Netwtw10","7026","7026 - Dump after return from D3 after cmd"
"3/8/2025 2:40:11 p. m.","Información","Netwtw10","7025","7025 - Dump after return from D3 before cmd "
"3/8/2025 2:36:11 p. m.","Información","Netwtw10","7026","7026 - Dump after return from D3 after cmd"
"3/8/2025 2:36:11 p. m.","Información","Netwtw10","7025","7025 - Dump after return from D3 before cmd "
"3/8/2025 2:32:41 p. m.","Información","Netwtw10","7026","7026 - Dump after return from D3 after cmd"
"3/8/2025 2:32:41 p. m.","Información","Netwtw10","7025","7025 - Dump after return from D3 before cmd "
"3/8/2025 2:32:11 p. m.","Información","Netwtw10","7026","7026 - Dump after return from D3 after cmd"
"3/8/2025 2:32:11 p. m.","Información","Netwtw10","7025","7025 - Dump after return from D3 before cmd "
"3/8/2025 2:28:11 p. m.","Información","Netwtw10","7026","7026 - Dump after return from D3 after cmd"
"3/8/2025 2:28:11 p. m.","Información","Netwtw10","7025","7025 - Dump after return from D3 before cmd "
"3/8/2025 2:24:11 p. m.","Información","Netwtw10","7026","7026 - Dump after return from D3 after cmd"
"3/8/2025 2:24:11 p. m.","Información","Netwtw10","7025","7025 - Dump after return from D3 before cmd "
"3/8/2025 2:20:43 p. m.","Información","Netwtw10","7026","7026 - Dump after return from D3 after cmd"
"3/8/2025 2:20:43 p. m.","Información","Netwtw10","7025","7025 - Dump after return from D3 before cmd "
"3/8/2025 2:20:12 p. m.","Información","Netwtw10","7026","7026 - Dump after return from D3 after cmd"
"3/8/2025 2:20:12 p. m.","Información","Netwtw10","7025","7025 - Dump after return from D3 before cmd "
"3/8/2025 2:20:11 p. m.","Información","Netwtw10","7026","7026 - Dump after return from D3 after cmd"
"3/8/2025 2:20:11 p. m.","Información","Netwtw10","7025","7025 - Dump after return from D3 before cmd "
"3/8/2025 2:16:11 p. m.","Información","Netwtw10","7026","7026 - Dump after return from D3 after cmd"
"3/8/2025 2:16:11 p. m.","Información","Netwtw10","7025","7025 - Dump after return from D3 before cmd "
"3/8/2025 2:12:19 p. m.","Información","nhi","9007","The driver entered RTD3.
 All the connected devices will be removed from driver's internal state, so it is expected that DeviceDisconnected events will happen."
"3/8/2025 2:12:13 p. m.","Información","nhi","9008","Driver exit RTD3.
 All the connected devices will now cause DeviceConnected events."
"3/8/2025 2:12:13 p. m.","Información","Netwtw10","7026","7026 - Dump after return from D3 after cmd"
"3/8/2025 2:12:13 p. m.","Información","Netwtw10","7025","7025 - Dump after return from D3 before cmd "
"3/8/2025 2:12:11 p. m.","Información","Netwtw10","7026","7026 - Dump after return from D3 after cmd"
"3/8/2025 2:12:11 p. m.","Información","Netwtw10","7025","7025 - Dump after return from D3 before cmd "
"3/8/2025 2:08:41 p. m.","Información","Netwtw10","7026","7026 - Dump after return from D3 after cmd"
"3/8/2025 2:08:41 p. m.","Información","Netwtw10","7025","7025 - Dump after return from D3 before cmd "
"3/8/2025 2:08:11 p. m.","Información","Netwtw10","7026","7026 - Dump after return from D3 after cmd"
"3/8/2025 2:08:11 p. m.","Información","Netwtw10","7025","7025 - Dump after return from D3 before cmd "
"3/8/2025 2:04:11 p. m.","Información","Netwtw10","7026","7026 - Dump after return from D3 after cmd"
"3/8/2025 2:04:11 p. m.","Información","Netwtw10","7025","7025 - Dump after return from D3 before cmd "
"3/8/2025 2:00:11 p. m.","Información","Netwtw10","7026","7026 - Dump after return from D3 after cmd"
"3/8/2025 2:00:11 p. m.","Información","Netwtw10","7025","7025 - Dump after return from D3 before cmd "
"3/8/2025 1:56:41 p. m.","Información","Netwtw10","7026","7026 - Dump after return from D3 after cmd"
"3/8/2025 1:56:41 p. m.","Información","Netwtw10","7025","7025 - Dump after return from D3 before cmd "
"3/8/2025 1:56:11 p. m.","Información","Netwtw10","7026","7026 - Dump after return from D3 after cmd"
"3/8/2025 1:56:11 p. m.","Información","Netwtw10","7025","7025 - Dump after return from D3 before cmd "
"3/8/2025 1:52:11 p. m.","Información","Netwtw10","7026","7026 - Dump after return from D3 after cmd"
"3/8/2025 1:52:11 p. m.","Información","Netwtw10","7025","7025 - Dump after return from D3 before cmd "
"3/8/2025 1:48:11 p. m.","Información","Netwtw10","7026","7026 - Dump after return from D3 after cmd"
"3/8/2025 1:48:11 p. m.","Información","Netwtw10","7025","7025 - Dump after return from D3 before cmd "
"3/8/2025 1:45:15 p. m.","Información","Netwtw10","7026","7026 - Dump after return from D3 after cmd"
"3/8/2025 1:45:15 p. m.","Información","Netwtw10","7025","7025 - Dump after return from D3 before cmd "
"3/8/2025 1:44:45 p. m.","Información","Netwtw10","7026","7026 - Dump after return from D3 after cmd"
"3/8/2025 1:44:45 p. m.","Información","Netwtw10","7025","7025 - Dump after return from D3 before cmd "
"3/8/2025 1:44:11 p. m.","Información","Netwtw10","7026","7026 - Dump after return from D3 after cmd"
"3/8/2025 1:44:11 p. m.","Información","Netwtw10","7025","7025 - Dump after return from D3 before cmd "
"3/8/2025 1:40:11 p. m.","Información","Netwtw10","7026","7026 - Dump after return from D3 after cmd"
"3/8/2025 1:40:11 p. m.","Información","Netwtw10","7025","7025 - Dump after return from D3 before cmd "
"3/8/2025 1:36:19 p. m.","Información","nhi","9007","The driver entered RTD3.
 All the connected devices will be removed from driver's internal state, so it is expected that DeviceDisconnected events will happen."
"3/8/2025 1:36:13 p. m.","Información","nhi","9008","Driver exit RTD3.
 All the connected devices will now cause DeviceConnected events."
"3/8/2025 1:36:13 p. m.","Información","Netwtw10","7026","7026 - Dump after return from D3 after cmd"
"3/8/2025 1:36:13 p. m.","Información","Netwtw10","7025","7025 - Dump after return from D3 before cmd "
"3/8/2025 1:36:11 p. m.","Información","Netwtw10","7026","7026 - Dump after return from D3 after cmd"
"3/8/2025 1:36:11 p. m.","Información","Netwtw10","7025","7025 - Dump after return from D3 before cmd "
"3/8/2025 1:32:11 p. m.","Información","Netwtw10","7026","7026 - Dump after return from D3 after cmd"
"3/8/2025 1:32:11 p. m.","Información","Netwtw10","7025","7025 - Dump after return from D3 before cmd "
"3/8/2025 1:28:14 p. m.","Advertencia","rt640x64","1","Realtek PCIe GbE Family Controller is disconnected from network."
"3/8/2025 1:28:11 p. m.","Información","Netwtw10","7026","7026 - Dump after return from D3 after cmd"
"3/8/2025 1:28:11 p. m.","Información","Netwtw10","7025","7025 - Dump after return from D3 before cmd "
"3/8/2025 1:24:11 p. m.","Información","Netwtw10","7026","7026 - Dump after return from D3 after cmd"
"3/8/2025 1:24:11 p. m.","Información","Netwtw10","7025","7025 - Dump after return from D3 before cmd "
"3/8/2025 1:20:19 p. m.","Información","nhi","9007","The driver entered RTD3.
 All the connected devices will be removed from driver's internal state, so it is expected that DeviceDisconnected events will happen."
"3/8/2025 1:20:13 p. m.","Información","Netwtw10","7026","7026 - Dump after return from D3 after cmd"
"3/8/2025 1:20:13 p. m.","Información","Netwtw10","7025","7025 - Dump after return from D3 before cmd "
"3/8/2025 1:20:13 p. m.","Información","nhi","9008","Driver exit RTD3.
 All the connected devices will now cause DeviceConnected events."
"3/8/2025 1:20:11 p. m.","Información","Netwtw10","7026","7026 - Dump after return from D3 after cmd"
"3/8/2025 1:20:11 p. m.","Información","Netwtw10","7025","7025 - Dump after return from D3 before cmd "
"3/8/2025 1:16:57 p. m.","Información","Netwtw10","7026","7026 - Dump after return from D3 after cmd"
"3/8/2025 1:16:57 p. m.","Información","Netwtw10","7025","7025 - Dump after return from D3 before cmd "
"3/8/2025 1:16:11 p. m.","Información","Netwtw10","7026","7026 - Dump after return from D3 after cmd"
"3/8/2025 1:16:11 p. m.","Información","Netwtw10","7025","7025 - Dump after return from D3 before cmd "
"3/8/2025 1:12:11 p. m.","Información","Netwtw10","7026","7026 - Dump after return from D3 after cmd"
"3/8/2025 1:12:11 p. m.","Información","Netwtw10","7025","7025 - Dump after return from D3 before cmd "
"3/8/2025 1:08:11 p. m.","Información","Netwtw10","7026","7026 - Dump after return from D3 after cmd"
"3/8/2025 1:08:11 p. m.","Información","Netwtw10","7025","7025 - Dump after return from D3 before cmd "
"3/8/2025 1:05:36 p. m.","Advertencia","rt640x64","1","Realtek PCIe GbE Family Controller is disconnected from network."
"3/8/2025 1:05:32 p. m.","Información","Netwtw10","7026","7026 - Dump after return from D3 after cmd"
"3/8/2025 1:05:32 p. m.","Información","Netwtw10","7025","7025 - Dump after return from D3 before cmd "
"3/8/2025 1:04:11 p. m.","Información","Netwtw10","7026","7026 - Dump after return from D3 after cmd"
"3/8/2025 1:04:11 p. m.","Información","Netwtw10","7025","7025 - Dump after return from D3 before cmd "
"3/8/2025 1:00:11 p. m.","Información","Netwtw10","7026","7026 - Dump after return from D3 after cmd"
"3/8/2025 1:00:11 p. m.","Información","Netwtw10","7025","7025 - Dump after return from D3 before cmd "
"3/8/2025 12:56:11 p. m.","Información","Netwtw10","7026","7026 - Dump after return from D3 after cmd"
"3/8/2025 12:56:11 p. m.","Información","Netwtw10","7025","7025 - Dump after return from D3 before cmd "
"3/8/2025 12:53:37 p. m.","Información","Netwtw10","7026","7026 - Dump after return from D3 after cmd"
"3/8/2025 12:53:37 p. m.","Información","Netwtw10","7025","7025 - Dump after return from D3 before cmd "
"3/8/2025 12:53:07 p. m.","Información","Netwtw10","7026","7026 - Dump after return from D3 after cmd"
"3/8/2025 12:53:07 p. m.","Información","Netwtw10","7025","7025 - Dump after return from D3 before cmd "
"3/8/2025 12:52:11 p. m.","Información","Netwtw10","7026","7026 - Dump after return from D3 after cmd"
"3/8/2025 12:52:11 p. m.","Información","Netwtw10","7025","7025 - Dump after return from D3 before cmd "
"3/8/2025 12:48:11 p. m.","Información","Netwtw10","7026","7026 - Dump after return from D3 after cmd"
"3/8/2025 12:48:11 p. m.","Información","Netwtw10","7025","7025 - Dump after return from D3 before cmd "
"3/8/2025 12:44:11 p. m.","Información","Netwtw10","7026","7026 - Dump after return from D3 after cmd"
"3/8/2025 12:44:11 p. m.","Información","Netwtw10","7025","7025 - Dump after return from D3 before cmd "
"3/8/2025 12:40:11 p. m.","Información","Netwtw10","7026","7026 - Dump after return from D3 after cmd"
"3/8/2025 12:40:11 p. m.","Información","Netwtw10","7025","7025 - Dump after return from D3 before cmd "
"3/8/2025 12:36:11 p. m.","Información","Netwtw10","7026","7026 - Dump after return from D3 after cmd"
"3/8/2025 12:36:11 p. m.","Información","Netwtw10","7025","7025 - Dump after return from D3 before cmd "
"3/8/2025 12:32:14 p. m.","Advertencia","rt640x64","1","Realtek PCIe GbE Family Controller is disconnected from network."
"3/8/2025 12:32:11 p. m.","Información","Netwtw10","7026","7026 - Dump after return from D3 after cmd"
"3/8/2025 12:32:11 p. m.","Información","Netwtw10","7025","7025 - Dump after return from D3 before cmd "
"3/8/2025 12:29:17 p. m.","Información","Netwtw10","7026","7026 - Dump after return from D3 after cmd"
"3/8/2025 12:29:17 p. m.","Información","Netwtw10","7025","7025 - Dump after return from D3 before cmd "
"3/8/2025 12:28:41 p. m.","Información","Netwtw10","7026","7026 - Dump after return from D3 after cmd"
"3/8/2025 12:28:41 p. m.","Información","Netwtw10","7025","7025 - Dump after return from D3 before cmd "
"3/8/2025 12:28:11 p. m.","Información","Netwtw10","7026","7026 - Dump after return from D3 after cmd"
"3/8/2025 12:28:11 p. m.","Información","Netwtw10","7025","7025 - Dump after return from D3 before cmd "
"3/8/2025 12:24:11 p. m.","Información","Netwtw10","7026","7026 - Dump after return from D3 after cmd"
"3/8/2025 12:24:11 p. m.","Información","Netwtw10","7025","7025 - Dump after return from D3 before cmd "
"3/8/2025 12:20:43 p. m.","Error","Microsoft-Windows-DistributedCOM","10010","El servidor {283EDD52-69B2-473D-BEB6-2C0B4C01FD73} no se registró con DCOM dentro del tiempo de espera requerido."
"3/8/2025 12:20:10 p. m.","Información","Netwtw10","7026","7026 - Dump after return from D3 after cmd"
"3/8/2025 12:20:10 p. m.","Información","Netwtw10","7025","7025 - Dump after return from D3 before cmd "
"3/8/2025 12:18:42 p. m.","Información","Netwtw10","7026","7026 - Dump after return from D3 after cmd"
"3/8/2025 12:18:42 p. m.","Información","Netwtw10","7025","7025 - Dump after return from D3 before cmd "
"3/8/2025 12:15:32 p. m.","Advertencia","rt640x64","1","Realtek PCIe GbE Family Controller is disconnected from network."
"3/8/2025 12:15:29 p. m.","Información","Netwtw10","7026","7026 - Dump after return from D3 after cmd"
"3/8/2025 12:15:29 p. m.","Información","Netwtw10","7025","7025 - Dump after return from D3 before cmd "
"3/8/2025 12:13:57 p. m.","Información","Netwtw10","7026","7026 - Dump after return from D3 after cmd"
"3/8/2025 12:13:57 p. m.","Información","Netwtw10","7025","7025 - Dump after return from D3 before cmd "
"3/8/2025 12:10:54 p. m.","Advertencia","rt640x64","1","Realtek PCIe GbE Family Controller is disconnected from network."
"3/8/2025 12:10:51 p. m.","Información","Netwtw10","7026","7026 - Dump after return from D3 after cmd"
"3/8/2025 12:10:51 p. m.","Información","Netwtw10","7025","7025 - Dump after return from D3 before cmd "
"3/8/2025 12:07:31 p. m.","Información","Netwtw10","7026","7026 - Dump after return from D3 after cmd"
"3/8/2025 12:07:31 p. m.","Información","Netwtw10","7025","7025 - Dump after return from D3 before cmd "
"3/8/2025 12:06:29 p. m.","Información","Netwtw10","7026","7026 - Dump after return from D3 after cmd"
"3/8/2025 12:06:29 p. m.","Información","Netwtw10","7025","7025 - Dump after return from D3 before cmd "
"3/8/2025 12:06:14 p. m.","Información","Netwtw10","7026","7026 - Dump after return from D3 after cmd"
"3/8/2025 12:06:14 p. m.","Información","Netwtw10","7025","7025 - Dump after return from D3 before cmd "
"3/8/2025 12:04:58 p. m.","Información","Netwtw10","7026","7026 - Dump after return from D3 after cmd"
"3/8/2025 12:04:58 p. m.","Información","Netwtw10","7025","7025 - Dump after return from D3 before cmd "
"3/8/2025 12:01:00 p. m.","Información","EventLog","6013","El tiempo límite del sistema es de 816007 segundos."
"3/8/2025 11:54:26 a. m.","Advertencia","rt640x64","1","Realtek PCIe GbE Family Controller is disconnected from network."
"3/8/2025 11:54:23 a. m.","Información","Netwtw10","7026","7026 - Dump after return from D3 after cmd"
"3/8/2025 11:54:23 a. m.","Información","Netwtw10","7025","7025 - Dump after return from D3 before cmd "
"3/8/2025 11:48:22 a. m.","Información","nhi","9007","The driver entered RTD3.
 All the connected devices will be removed from driver's internal state, so it is expected that DeviceDisconnected events will happen."
"3/8/2025 11:48:17 a. m.","Información","Netwtw10","7026","7026 - Dump after return from D3 after cmd"
"3/8/2025 11:48:17 a. m.","Información","Netwtw10","7025","7025 - Dump after return from D3 before cmd "
"3/8/2025 11:48:17 a. m.","Información","nhi","9008","Driver exit RTD3.
 All the connected devices will now cause DeviceConnected events."
"3/8/2025 11:48:14 a. m.","Información","Netwtw10","7026","7026 - Dump after return from D3 after cmd"
"3/8/2025 11:48:14 a. m.","Información","Netwtw10","7025","7025 - Dump after return from D3 before cmd "
"3/8/2025 11:39:36 a. m.","Información","Netwtw10","7026","7026 - Dump after return from D3 after cmd"
"3/8/2025 11:39:36 a. m.","Información","Netwtw10","7025","7025 - Dump after return from D3 before cmd "
"3/8/2025 11:39:31 a. m.","Información","nhi","9007","The driver entered RTD3.
 All the connected devices will be removed from driver's internal state, so it is expected that DeviceDisconnected events will happen."
"3/8/2025 11:39:25 a. m.","Información","Netwtw10","7026","7026 - Dump after return from D3 after cmd"
"3/8/2025 11:39:25 a. m.","Información","Netwtw10","7025","7025 - Dump after return from D3 before cmd "
"3/8/2025 11:39:25 a. m.","Información","nhi","9008","Driver exit RTD3.
 All the connected devices will now cause DeviceConnected events."
"3/8/2025 11:31:06 a. m.","Advertencia","rt640x64","1","Realtek PCIe GbE Family Controller is disconnected from network."
"3/8/2025 11:31:02 a. m.","Información","Netwtw10","7026","7026 - Dump after return from D3 after cmd"
"3/8/2025 11:31:02 a. m.","Información","Netwtw10","7025","7025 - Dump after return from D3 before cmd "
"3/8/2025 11:30:31 a. m.","Información","nhi","9007","The driver entered RTD3.
 All the connected devices will be removed from driver's internal state, so it is expected that DeviceDisconnected events will happen."
"3/8/2025 11:30:26 a. m.","Información","nhi","9008","Driver exit RTD3.
 All the connected devices will now cause DeviceConnected events."
"3/8/2025 11:30:26 a. m.","Información","Netwtw10","7026","7026 - Dump after return from D3 after cmd"
"3/8/2025 11:30:26 a. m.","Información","Netwtw10","7025","7025 - Dump after return from D3 before cmd "
"3/8/2025 11:30:14 a. m.","Información","Netwtw10","7026","7026 - Dump after return from D3 after cmd"
"3/8/2025 11:30:14 a. m.","Información","Netwtw10","7025","7025 - Dump after return from D3 before cmd "
"3/8/2025 11:20:00 a. m.","Advertencia","rt640x64","1","Realtek PCIe GbE Family Controller is disconnected from network."
"3/8/2025 11:19:57 a. m.","Información","Netwtw10","7026","7026 - Dump after return from D3 after cmd"
"3/8/2025 11:19:57 a. m.","Información","Netwtw10","7025","7025 - Dump after return from D3 before cmd "
"3/8/2025 11:13:49 a. m.","Información","Netwtw10","7026","7026 - Dump after return from D3 after cmd"
"3/8/2025 11:13:49 a. m.","Información","Netwtw10","7025","7025 - Dump after return from D3 before cmd "
"3/8/2025 11:12:46 a. m.","Información","Netwtw10","7026","7026 - Dump after return from D3 after cmd"
"3/8/2025 11:12:46 a. m.","Información","Netwtw10","7025","7025 - Dump after return from D3 before cmd "
"3/8/2025 11:12:22 a. m.","Información","nhi","9007","The driver entered RTD3.
 All the connected devices will be removed from driver's internal state, so it is expected that DeviceDisconnected events will happen."
"3/8/2025 11:12:17 a. m.","Información","Netwtw10","7026","7026 - Dump after return from D3 after cmd"
"3/8/2025 11:12:17 a. m.","Información","Netwtw10","7025","7025 - Dump after return from D3 before cmd "
"3/8/2025 11:12:17 a. m.","Información","nhi","9008","Driver exit RTD3.
 All the connected devices will now cause DeviceConnected events."
"3/8/2025 11:12:14 a. m.","Información","Netwtw10","7026","7026 - Dump after return from D3 after cmd"
"3/8/2025 11:12:14 a. m.","Información","Netwtw10","7025","7025 - Dump after return from D3 before cmd "
"3/8/2025 10:54:14 a. m.","Información","Netwtw10","7026","7026 - Dump after return from D3 after cmd"
"3/8/2025 10:54:14 a. m.","Información","Netwtw10","7025","7025 - Dump after return from D3 before cmd "
"3/8/2025 10:36:22 a. m.","Información","nhi","9007","The driver entered RTD3.
 All the connected devices will be removed from driver's internal state, so it is expected that DeviceDisconnected events will happen."
"3/8/2025 10:36:17 a. m.","Información","Netwtw10","7026","7026 - Dump after return from D3 after cmd"
"3/8/2025 10:36:17 a. m.","Información","Netwtw10","7025","7025 - Dump after return from D3 before cmd "
"3/8/2025 10:36:17 a. m.","Información","nhi","9008","Driver exit RTD3.
 All the connected devices will now cause DeviceConnected events."
"3/8/2025 10:36:14 a. m.","Información","Netwtw10","7026","7026 - Dump after return from D3 after cmd"
"3/8/2025 10:36:14 a. m.","Información","Netwtw10","7025","7025 - Dump after return from D3 before cmd "
"3/8/2025 10:28:24 a. m.","Información","Netwtw10","7026","7026 - Dump after return from D3 after cmd"
"3/8/2025 10:28:24 a. m.","Información","Netwtw10","7025","7025 - Dump after return from D3 before cmd "
"3/8/2025 10:24:46 a. m.","Información","nhi","9007","The driver entered RTD3.
 All the connected devices will be removed from driver's internal state, so it is expected that DeviceDisconnected events will happen."
"3/8/2025 10:24:41 a. m.","Información","Netwtw10","7026","7026 - Dump after return from D3 after cmd"
"3/8/2025 10:24:41 a. m.","Información","Netwtw10","7025","7025 - Dump after return from D3 before cmd "
"3/8/2025 10:24:41 a. m.","Información","nhi","9008","Driver exit RTD3.
 All the connected devices will now cause DeviceConnected events."
"3/8/2025 10:21:16 a. m.","Información","Microsoft-Windows-WindowsUpdateClient","19","Instalación correcta: Windows instaló correctamente la siguiente actualización: 9NTXGKQ8P7N0-MicrosoftWindows.CrossDevice"
"3/8/2025 10:21:16 a. m.","Información","Microsoft-Windows-Kernel-General","16","El historial de accesos en el subárbol \??\C:\Users\PCTIC-05\AppData\Local\Packages\MicrosoftWindows.CrossDevice_cw5n1h2txyewy\SystemAppData\Helium\UserClasses.dat se borró mediante la actualización de 5 claves y la creación de 1 páginas modificadas."
"3/8/2025 10:21:16 a. m.","Información","Microsoft-Windows-Kernel-General","16","El historial de accesos en el subárbol \??\C:\Users\PCTIC-05\AppData\Local\Packages\MicrosoftWindows.CrossDevice_cw5n1h2txyewy\SystemAppData\Helium\User.dat se borró mediante la actualización de 1 claves y la creación de 1 páginas modificadas."
"3/8/2025 10:21:14 a. m.","Información","Microsoft-Windows-Kernel-General","16","El historial de accesos en el subárbol \??\C:\Users\PCTIC-05\AppData\Local\Packages\MicrosoftWindows.CrossDevice_cw5n1h2txyewy\Settings\settings.dat se borró mediante la actualización de 31 claves y la creación de 5 páginas modificadas."
"3/8/2025 10:21:09 a. m.","Error","Microsoft-Windows-DistributedCOM","10010","El servidor {338B40F9-9D68-4B53-A793-6B9AA0C5F63B} no se registró con DCOM dentro del tiempo de espera requerido."
"3/8/2025 10:20:38 a. m.","Información","Microsoft-Windows-WindowsUpdateClient","43","Instalación iniciada: Windows comenzó a instalar la actualización siguiente: 9NTXGKQ8P7N0-MicrosoftWindows.CrossDevice"
"3/8/2025 10:20:18 a. m.","Información","Microsoft-Windows-WindowsUpdateClient","19","Instalación correcta: Windows instaló correctamente la siguiente actualización: Actualización de inteligencia de seguridad para Microsoft Defender Antivirus - KB2267602 (versión 1.433.257.0) - Canal actual (ampliado)"
"3/8/2025 10:20:04 a. m.","Información","Microsoft-Windows-WindowsUpdateClient","44","Windows Update comenzó a descargar una actualización."
"3/8/2025 10:19:57 a. m.","Información","Microsoft-Windows-WindowsUpdateClient","43","Instalación iniciada: Windows comenzó a instalar la actualización siguiente: Actualización de inteligencia de seguridad para Microsoft Defender Antivirus - KB2267602 (versión 1.433.257.0) - Canal actual (ampliado)"
