"18/8/2025 7:41:48 a. m.","Información","Microsoft-Windows-Kernel-Power","507","El sistema está saliendo del modo de espera moderno 

motivo: 16777220. "
"18/8/2025 7:41:45 a. m.","Información","Netwtw10","7026","7026 - Dump after return from D3 after cmd"
"18/8/2025 7:41:45 a. m.","Información","Netwtw10","7025","7025 - Dump after return from D3 before cmd "
"18/8/2025 7:39:45 a. m.","Información","Netwtw10","7026","7026 - Dump after return from D3 after cmd"
"18/8/2025 7:39:45 a. m.","Información","Netwtw10","7025","7025 - Dump after return from D3 before cmd "
"18/8/2025 7:37:45 a. m.","Información","Netwtw10","7026","7026 - Dump after return from D3 after cmd"
"18/8/2025 7:37:45 a. m.","Información","Netwtw10","7025","7025 - Dump after return from D3 before cmd "
"18/8/2025 7:35:45 a. m.","Información","Netwtw10","7026","7026 - Dump after return from D3 after cmd"
"18/8/2025 7:35:45 a. m.","Información","Netwtw10","7025","7025 - Dump after return from D3 before cmd "
"18/8/2025 7:33:45 a. m.","Información","Netwtw10","7026","7026 - Dump after return from D3 after cmd"
"18/8/2025 7:33:45 a. m.","Información","Netwtw10","7025","7025 - Dump after return from D3 before cmd "
"18/8/2025 7:31:48 a. m.","Advertencia","rt640x64","1","Realtek PCIe GbE Family Controller is disconnected from network."
"18/8/2025 7:31:45 a. m.","Información","Netwtw10","7026","7026 - Dump after return from D3 after cmd"
"18/8/2025 7:31:45 a. m.","Información","Netwtw10","7025","7025 - Dump after return from D3 before cmd "
"18/8/2025 7:29:45 a. m.","Información","Netwtw10","7026","7026 - Dump after return from D3 after cmd"
"18/8/2025 7:29:45 a. m.","Información","Netwtw10","7025","7025 - Dump after return from D3 before cmd "
"18/8/2025 7:27:48 a. m.","Advertencia","rt640x64","1","Realtek PCIe GbE Family Controller is disconnected from network."
"18/8/2025 7:27:45 a. m.","Información","Netwtw10","7026","7026 - Dump after return from D3 after cmd"
"18/8/2025 7:27:45 a. m.","Información","Netwtw10","7025","7025 - Dump after return from D3 before cmd "
"18/8/2025 7:26:34 a. m.","Información","nhi","9007","The driver entered RTD3.
 All the connected devices will be removed from driver's internal state, so it is expected that DeviceDisconnected events will happen."
"18/8/2025 7:26:26 a. m.","Información","Netwtw10","7026","7026 - Dump after return from D3 after cmd"
"18/8/2025 7:26:26 a. m.","Información","Netwtw10","7025","7025 - Dump after return from D3 before cmd "
"18/8/2025 7:25:48 a. m.","Información","nhi","9008","Driver exit RTD3.
 All the connected devices will now cause DeviceConnected events."
"18/8/2025 7:25:48 a. m.","Información","Netwtw10","7026","7026 - Dump after return from D3 after cmd"
"18/8/2025 7:25:48 a. m.","Información","Netwtw10","7025","7025 - Dump after return from D3 before cmd "
"18/8/2025 7:25:45 a. m.","Información","Netwtw10","7026","7026 - Dump after return from D3 after cmd"
"18/8/2025 7:25:45 a. m.","Información","Netwtw10","7025","7025 - Dump after return from D3 before cmd "
"18/8/2025 7:23:45 a. m.","Información","Netwtw10","7026","7026 - Dump after return from D3 after cmd"
"18/8/2025 7:23:45 a. m.","Información","Netwtw10","7025","7025 - Dump after return from D3 before cmd "
"18/8/2025 7:23:03 a. m.","Información","Netwtw10","7026","7026 - Dump after return from D3 after cmd"
"18/8/2025 7:23:03 a. m.","Información","Netwtw10","7025","7025 - Dump after return from D3 before cmd "
"18/8/2025 7:21:45 a. m.","Información","Netwtw10","7026","7026 - Dump after return from D3 after cmd"
"18/8/2025 7:21:45 a. m.","Información","Netwtw10","7025","7025 - Dump after return from D3 before cmd "
"18/8/2025 7:19:45 a. m.","Información","Netwtw10","7026","7026 - Dump after return from D3 after cmd"
"18/8/2025 7:19:45 a. m.","Información","Netwtw10","7025","7025 - Dump after return from D3 before cmd "
"18/8/2025 7:17:45 a. m.","Información","Netwtw10","7026","7026 - Dump after return from D3 after cmd"
"18/8/2025 7:17:45 a. m.","Información","Netwtw10","7025","7025 - Dump after return from D3 before cmd "
"18/8/2025 7:15:54 a. m.","Información","nhi","9007","The driver entered RTD3.
 All the connected devices will be removed from driver's internal state, so it is expected that DeviceDisconnected events will happen."
"18/8/2025 7:15:48 a. m.","Información","Netwtw10","7026","7026 - Dump after return from D3 after cmd"
"18/8/2025 7:15:48 a. m.","Información","Netwtw10","7025","7025 - Dump after return from D3 before cmd "
"18/8/2025 7:15:48 a. m.","Información","nhi","9008","Driver exit RTD3.
 All the connected devices will now cause DeviceConnected events."
"18/8/2025 7:15:45 a. m.","Información","Netwtw10","7026","7026 - Dump after return from D3 after cmd"
"18/8/2025 7:15:45 a. m.","Información","Netwtw10","7025","7025 - Dump after return from D3 before cmd "
"18/8/2025 7:13:45 a. m.","Información","Netwtw10","7026","7026 - Dump after return from D3 after cmd"
"18/8/2025 7:13:45 a. m.","Información","Netwtw10","7025","7025 - Dump after return from D3 before cmd "
"18/8/2025 7:11:48 a. m.","Advertencia","rt640x64","1","Realtek PCIe GbE Family Controller is disconnected from network."
"18/8/2025 7:11:45 a. m.","Información","Netwtw10","7026","7026 - Dump after return from D3 after cmd"
"18/8/2025 7:11:45 a. m.","Información","Netwtw10","7025","7025 - Dump after return from D3 before cmd "
"18/8/2025 7:09:45 a. m.","Información","Netwtw10","7026","7026 - Dump after return from D3 after cmd"
"18/8/2025 7:09:45 a. m.","Información","Netwtw10","7025","7025 - Dump after return from D3 before cmd "
"18/8/2025 7:07:56 a. m.","Información","nhi","9007","The driver entered RTD3.
 All the connected devices will be removed from driver's internal state, so it is expected that DeviceDisconnected events will happen."
"18/8/2025 7:07:51 a. m.","Información","nhi","9008","Driver exit RTD3.
 All the connected devices will now cause DeviceConnected events."
"18/8/2025 7:07:50 a. m.","Información","Netwtw10","7026","7026 - Dump after return from D3 after cmd"
"18/8/2025 7:07:50 a. m.","Información","Netwtw10","7025","7025 - Dump after return from D3 before cmd "
"18/8/2025 7:07:45 a. m.","Información","Netwtw10","7026","7026 - Dump after return from D3 after cmd"
"18/8/2025 7:07:45 a. m.","Información","Netwtw10","7025","7025 - Dump after return from D3 before cmd "
"18/8/2025 7:05:56 a. m.","Información","nhi","9007","The driver entered RTD3.
 All the connected devices will be removed from driver's internal state, so it is expected that DeviceDisconnected events will happen."
"18/8/2025 7:05:48 a. m.","Información","Netwtw10","7026","7026 - Dump after return from D3 after cmd"
"18/8/2025 7:05:48 a. m.","Información","Netwtw10","7025","7025 - Dump after return from D3 before cmd "
"18/8/2025 7:05:48 a. m.","Información","nhi","9008","Driver exit RTD3.
 All the connected devices will now cause DeviceConnected events."
"18/8/2025 7:05:45 a. m.","Información","Netwtw10","7026","7026 - Dump after return from D3 after cmd"
"18/8/2025 7:05:45 a. m.","Información","Netwtw10","7025","7025 - Dump after return from D3 before cmd "
"18/8/2025 7:04:35 a. m.","Advertencia","rt640x64","1","Realtek PCIe GbE Family Controller is disconnected from network."
"18/8/2025 7:04:32 a. m.","Información","Netwtw10","7026","7026 - Dump after return from D3 after cmd"
"18/8/2025 7:04:32 a. m.","Información","Netwtw10","7025","7025 - Dump after return from D3 before cmd "
"18/8/2025 7:03:45 a. m.","Información","Netwtw10","7026","7026 - Dump after return from D3 after cmd"
"18/8/2025 7:03:45 a. m.","Información","Netwtw10","7025","7025 - Dump after return from D3 before cmd "
"18/8/2025 7:01:45 a. m.","Información","Netwtw10","7026","7026 - Dump after return from D3 after cmd"
"18/8/2025 7:01:45 a. m.","Información","Netwtw10","7025","7025 - Dump after return from D3 before cmd "
"18/8/2025 6:59:45 a. m.","Información","Netwtw10","7026","7026 - Dump after return from D3 after cmd"
"18/8/2025 6:59:45 a. m.","Información","Netwtw10","7025","7025 - Dump after return from D3 before cmd "
"18/8/2025 6:57:45 a. m.","Información","Netwtw10","7026","7026 - Dump after return from D3 after cmd"
"18/8/2025 6:57:45 a. m.","Información","Netwtw10","7025","7025 - Dump after return from D3 before cmd "
"18/8/2025 6:55:48 a. m.","Advertencia","rt640x64","1","Realtek PCIe GbE Family Controller is disconnected from network."
"18/8/2025 6:55:45 a. m.","Información","Netwtw10","7026","7026 - Dump after return from D3 after cmd"
"18/8/2025 6:55:45 a. m.","Información","Netwtw10","7025","7025 - Dump after return from D3 before cmd "
"18/8/2025 6:53:45 a. m.","Información","Netwtw10","7026","7026 - Dump after return from D3 after cmd"
"18/8/2025 6:53:45 a. m.","Información","Netwtw10","7025","7025 - Dump after return from D3 before cmd "
"18/8/2025 6:51:45 a. m.","Información","Netwtw10","7026","7026 - Dump after return from D3 after cmd"
"18/8/2025 6:51:45 a. m.","Información","Netwtw10","7025","7025 - Dump after return from D3 before cmd "
"18/8/2025 6:49:45 a. m.","Información","Netwtw10","7026","7026 - Dump after return from D3 after cmd"
"18/8/2025 6:49:45 a. m.","Información","Netwtw10","7025","7025 - Dump after return from D3 before cmd "
"18/8/2025 6:47:45 a. m.","Información","Netwtw10","7026","7026 - Dump after return from D3 after cmd"
"18/8/2025 6:47:45 a. m.","Información","Netwtw10","7025","7025 - Dump after return from D3 before cmd "
"18/8/2025 6:45:45 a. m.","Información","Netwtw10","7026","7026 - Dump after return from D3 after cmd"
"18/8/2025 6:45:45 a. m.","Información","Netwtw10","7025","7025 - Dump after return from D3 before cmd "
"18/8/2025 6:43:45 a. m.","Información","Netwtw10","7026","7026 - Dump after return from D3 after cmd"
"18/8/2025 6:43:45 a. m.","Información","Netwtw10","7025","7025 - Dump after return from D3 before cmd "
"18/8/2025 6:41:45 a. m.","Información","Netwtw10","7026","7026 - Dump after return from D3 after cmd"
"18/8/2025 6:41:45 a. m.","Información","Netwtw10","7025","7025 - Dump after return from D3 before cmd "
"18/8/2025 6:39:45 a. m.","Información","Netwtw10","7026","7026 - Dump after return from D3 after cmd"
"18/8/2025 6:39:45 a. m.","Información","Netwtw10","7025","7025 - Dump after return from D3 before cmd "
"18/8/2025 6:37:45 a. m.","Información","Netwtw10","7026","7026 - Dump after return from D3 after cmd"
"18/8/2025 6:37:45 a. m.","Información","Netwtw10","7025","7025 - Dump after return from D3 before cmd "
"18/8/2025 6:35:45 a. m.","Información","Netwtw10","7026","7026 - Dump after return from D3 after cmd"
"18/8/2025 6:35:45 a. m.","Información","Netwtw10","7025","7025 - Dump after return from D3 before cmd "
"18/8/2025 6:33:45 a. m.","Información","Netwtw10","7026","7026 - Dump after return from D3 after cmd"
"18/8/2025 6:33:45 a. m.","Información","Netwtw10","7025","7025 - Dump after return from D3 before cmd "
"18/8/2025 6:31:45 a. m.","Información","Netwtw10","7026","7026 - Dump after return from D3 after cmd"
"18/8/2025 6:31:45 a. m.","Información","Netwtw10","7025","7025 - Dump after return from D3 before cmd "
"18/8/2025 6:29:45 a. m.","Información","Netwtw10","7026","7026 - Dump after return from D3 after cmd"
"18/8/2025 6:29:45 a. m.","Información","Netwtw10","7025","7025 - Dump after return from D3 before cmd "
"18/8/2025 6:27:45 a. m.","Información","Netwtw10","7026","7026 - Dump after return from D3 after cmd"
"18/8/2025 6:27:45 a. m.","Información","Netwtw10","7025","7025 - Dump after return from D3 before cmd "
"18/8/2025 6:25:45 a. m.","Información","Netwtw10","7026","7026 - Dump after return from D3 after cmd"
"18/8/2025 6:25:45 a. m.","Información","Netwtw10","7025","7025 - Dump after return from D3 before cmd "
"18/8/2025 6:23:45 a. m.","Información","Netwtw10","7026","7026 - Dump after return from D3 after cmd"
"18/8/2025 6:23:45 a. m.","Información","Netwtw10","7025","7025 - Dump after return from D3 before cmd "
"18/8/2025 6:21:45 a. m.","Información","Netwtw10","7026","7026 - Dump after return from D3 after cmd"
"18/8/2025 6:21:45 a. m.","Información","Netwtw10","7025","7025 - Dump after return from D3 before cmd "
"18/8/2025 6:19:45 a. m.","Información","Netwtw10","7026","7026 - Dump after return from D3 after cmd"
"18/8/2025 6:19:45 a. m.","Información","Netwtw10","7025","7025 - Dump after return from D3 before cmd "
"18/8/2025 6:17:45 a. m.","Información","Netwtw10","7026","7026 - Dump after return from D3 after cmd"
"18/8/2025 6:17:45 a. m.","Información","Netwtw10","7025","7025 - Dump after return from D3 before cmd "
"18/8/2025 6:15:45 a. m.","Información","Netwtw10","7026","7026 - Dump after return from D3 after cmd"
"18/8/2025 6:15:45 a. m.","Información","Netwtw10","7025","7025 - Dump after return from D3 before cmd "
"18/8/2025 6:13:45 a. m.","Información","Netwtw10","7026","7026 - Dump after return from D3 after cmd"
"18/8/2025 6:13:45 a. m.","Información","Netwtw10","7025","7025 - Dump after return from D3 before cmd "
"18/8/2025 6:11:45 a. m.","Información","Netwtw10","7026","7026 - Dump after return from D3 after cmd"
"18/8/2025 6:11:45 a. m.","Información","Netwtw10","7025","7025 - Dump after return from D3 before cmd "
"18/8/2025 6:09:45 a. m.","Información","Netwtw10","7026","7026 - Dump after return from D3 after cmd"
"18/8/2025 6:09:45 a. m.","Información","Netwtw10","7025","7025 - Dump after return from D3 before cmd "
"18/8/2025 6:07:45 a. m.","Información","Netwtw10","7026","7026 - Dump after return from D3 after cmd"
"18/8/2025 6:07:45 a. m.","Información","Netwtw10","7025","7025 - Dump after return from D3 before cmd "
"18/8/2025 6:05:45 a. m.","Información","Netwtw10","7026","7026 - Dump after return from D3 after cmd"
"18/8/2025 6:05:45 a. m.","Información","Netwtw10","7025","7025 - Dump after return from D3 before cmd "
"18/8/2025 6:03:45 a. m.","Información","Netwtw10","7026","7026 - Dump after return from D3 after cmd"
"18/8/2025 6:03:45 a. m.","Información","Netwtw10","7025","7025 - Dump after return from D3 before cmd "
"18/8/2025 6:01:45 a. m.","Información","Netwtw10","7026","7026 - Dump after return from D3 after cmd"
"18/8/2025 6:01:45 a. m.","Información","Netwtw10","7025","7025 - Dump after return from D3 before cmd "
"18/8/2025 5:59:45 a. m.","Información","Netwtw10","7026","7026 - Dump after return from D3 after cmd"
"18/8/2025 5:59:45 a. m.","Información","Netwtw10","7025","7025 - Dump after return from D3 before cmd "
"18/8/2025 5:57:45 a. m.","Información","Netwtw10","7026","7026 - Dump after return from D3 after cmd"
"18/8/2025 5:57:45 a. m.","Información","Netwtw10","7025","7025 - Dump after return from D3 before cmd "
"18/8/2025 5:55:45 a. m.","Información","Netwtw10","7026","7026 - Dump after return from D3 after cmd"
"18/8/2025 5:55:45 a. m.","Información","Netwtw10","7025","7025 - Dump after return from D3 before cmd "
"18/8/2025 5:53:45 a. m.","Información","Netwtw10","7026","7026 - Dump after return from D3 after cmd"
"18/8/2025 5:53:45 a. m.","Información","Netwtw10","7025","7025 - Dump after return from D3 before cmd "
"18/8/2025 5:51:45 a. m.","Información","Netwtw10","7026","7026 - Dump after return from D3 after cmd"
"18/8/2025 5:51:45 a. m.","Información","Netwtw10","7025","7025 - Dump after return from D3 before cmd "
"18/8/2025 5:49:45 a. m.","Información","Netwtw10","7026","7026 - Dump after return from D3 after cmd"
"18/8/2025 5:49:45 a. m.","Información","Netwtw10","7025","7025 - Dump after return from D3 before cmd "
"18/8/2025 5:47:48 a. m.","Advertencia","rt640x64","1","Realtek PCIe GbE Family Controller is disconnected from network."
"18/8/2025 5:47:45 a. m.","Información","Netwtw10","7026","7026 - Dump after return from D3 after cmd"
"18/8/2025 5:47:45 a. m.","Información","Netwtw10","7025","7025 - Dump after return from D3 before cmd "
"18/8/2025 5:45:45 a. m.","Información","Netwtw10","7026","7026 - Dump after return from D3 after cmd"
"18/8/2025 5:45:45 a. m.","Información","Netwtw10","7025","7025 - Dump after return from D3 before cmd "
"18/8/2025 5:43:45 a. m.","Información","Netwtw10","7026","7026 - Dump after return from D3 after cmd"
"18/8/2025 5:43:45 a. m.","Información","Netwtw10","7025","7025 - Dump after return from D3 before cmd "
"18/8/2025 5:41:45 a. m.","Información","Netwtw10","7026","7026 - Dump after return from D3 after cmd"
"18/8/2025 5:41:45 a. m.","Información","Netwtw10","7025","7025 - Dump after return from D3 before cmd "
"18/8/2025 5:39:45 a. m.","Información","Netwtw10","7026","7026 - Dump after return from D3 after cmd"
"18/8/2025 5:39:45 a. m.","Información","Netwtw10","7025","7025 - Dump after return from D3 before cmd "
"18/8/2025 5:37:45 a. m.","Información","Netwtw10","7026","7026 - Dump after return from D3 after cmd"
"18/8/2025 5:37:45 a. m.","Información","Netwtw10","7025","7025 - Dump after return from D3 before cmd "
"18/8/2025 5:35:45 a. m.","Información","Netwtw10","7026","7026 - Dump after return from D3 after cmd"
"18/8/2025 5:35:45 a. m.","Información","Netwtw10","7025","7025 - Dump after return from D3 before cmd "
"18/8/2025 5:33:45 a. m.","Información","Netwtw10","7026","7026 - Dump after return from D3 after cmd"
"18/8/2025 5:33:45 a. m.","Información","Netwtw10","7025","7025 - Dump after return from D3 before cmd "
"18/8/2025 5:31:45 a. m.","Información","Netwtw10","7026","7026 - Dump after return from D3 after cmd"
"18/8/2025 5:31:45 a. m.","Información","Netwtw10","7025","7025 - Dump after return from D3 before cmd "
"18/8/2025 5:29:48 a. m.","Advertencia","rt640x64","1","Realtek PCIe GbE Family Controller is disconnected from network."
"18/8/2025 5:29:45 a. m.","Información","Netwtw10","7026","7026 - Dump after return from D3 after cmd"
"18/8/2025 5:29:45 a. m.","Información","Netwtw10","7025","7025 - Dump after return from D3 before cmd "
"18/8/2025 5:27:45 a. m.","Información","Netwtw10","7026","7026 - Dump after return from D3 after cmd"
"18/8/2025 5:27:45 a. m.","Información","Netwtw10","7025","7025 - Dump after return from D3 before cmd "
"18/8/2025 5:25:45 a. m.","Información","Netwtw10","7026","7026 - Dump after return from D3 after cmd"
"18/8/2025 5:25:45 a. m.","Información","Netwtw10","7025","7025 - Dump after return from D3 before cmd "
"18/8/2025 5:23:52 a. m.","Información","nhi","9007","The driver entered RTD3.
 All the connected devices will be removed from driver's internal state, so it is expected that DeviceDisconnected events will happen."
"18/8/2025 5:23:45 a. m.","Información","Netwtw10","7026","7026 - Dump after return from D3 after cmd"
"18/8/2025 5:23:45 a. m.","Información","Netwtw10","7025","7025 - Dump after return from D3 before cmd "
"18/8/2025 5:22:17 a. m.","Información","Netwtw10","7026","7026 - Dump after return from D3 after cmd"
"18/8/2025 5:22:17 a. m.","Información","Netwtw10","7025","7025 - Dump after return from D3 before cmd "
"18/8/2025 5:22:01 a. m.","Información","Netwtw10","7026","7026 - Dump after return from D3 after cmd"
"18/8/2025 5:22:01 a. m.","Información","Netwtw10","7025","7025 - Dump after return from D3 before cmd "
"18/8/2025 5:22:01 a. m.","Información","nhi","9008","Driver exit RTD3.
 All the connected devices will now cause DeviceConnected events."
"18/8/2025 5:21:19 a. m.","Advertencia","rt640x64","1","Realtek PCIe GbE Family Controller is disconnected from network."
"18/8/2025 5:21:16 a. m.","Información","Netwtw10","7026","7026 - Dump after return from D3 after cmd"
"18/8/2025 5:21:16 a. m.","Información","Netwtw10","7025","7025 - Dump after return from D3 before cmd "
"18/8/2025 5:19:45 a. m.","Información","Netwtw10","7026","7026 - Dump after return from D3 after cmd"
"18/8/2025 5:19:45 a. m.","Información","Netwtw10","7025","7025 - Dump after return from D3 before cmd "
"18/8/2025 5:17:45 a. m.","Información","Netwtw10","7026","7026 - Dump after return from D3 after cmd"
"18/8/2025 5:17:45 a. m.","Información","Netwtw10","7025","7025 - Dump after return from D3 before cmd "
"18/8/2025 5:15:45 a. m.","Información","Netwtw10","7026","7026 - Dump after return from D3 after cmd"
"18/8/2025 5:15:45 a. m.","Información","Netwtw10","7025","7025 - Dump after return from D3 before cmd "
"18/8/2025 5:13:45 a. m.","Información","Netwtw10","7026","7026 - Dump after return from D3 after cmd"
"18/8/2025 5:13:45 a. m.","Información","Netwtw10","7025","7025 - Dump after return from D3 before cmd "
"18/8/2025 5:11:45 a. m.","Información","Netwtw10","7026","7026 - Dump after return from D3 after cmd"
"18/8/2025 5:11:45 a. m.","Información","Netwtw10","7025","7025 - Dump after return from D3 before cmd "
"18/8/2025 5:09:45 a. m.","Información","Netwtw10","7026","7026 - Dump after return from D3 after cmd"
"18/8/2025 5:09:45 a. m.","Información","Netwtw10","7025","7025 - Dump after return from D3 before cmd "
"18/8/2025 5:07:45 a. m.","Información","Netwtw10","7026","7026 - Dump after return from D3 after cmd"
"18/8/2025 5:07:45 a. m.","Información","Netwtw10","7025","7025 - Dump after return from D3 before cmd "
"18/8/2025 5:05:45 a. m.","Información","Netwtw10","7026","7026 - Dump after return from D3 after cmd"
"18/8/2025 5:05:45 a. m.","Información","Netwtw10","7025","7025 - Dump after return from D3 before cmd "
"18/8/2025 5:03:48 a. m.","Advertencia","rt640x64","1","Realtek PCIe GbE Family Controller is disconnected from network."
"18/8/2025 5:03:45 a. m.","Información","Netwtw10","7026","7026 - Dump after return from D3 after cmd"
"18/8/2025 5:03:45 a. m.","Información","Netwtw10","7025","7025 - Dump after return from D3 before cmd "
"18/8/2025 5:01:45 a. m.","Información","Netwtw10","7026","7026 - Dump after return from D3 after cmd"
"18/8/2025 5:01:45 a. m.","Información","Netwtw10","7025","7025 - Dump after return from D3 before cmd "
"18/8/2025 4:59:45 a. m.","Información","Netwtw10","7026","7026 - Dump after return from D3 after cmd"
"18/8/2025 4:59:45 a. m.","Información","Netwtw10","7025","7025 - Dump after return from D3 before cmd "
"18/8/2025 4:57:45 a. m.","Información","Netwtw10","7026","7026 - Dump after return from D3 after cmd"
"18/8/2025 4:57:45 a. m.","Información","Netwtw10","7025","7025 - Dump after return from D3 before cmd "
"18/8/2025 4:55:45 a. m.","Información","Netwtw10","7026","7026 - Dump after return from D3 after cmd"
"18/8/2025 4:55:45 a. m.","Información","Netwtw10","7025","7025 - Dump after return from D3 before cmd "
"18/8/2025 4:53:45 a. m.","Información","Netwtw10","7026","7026 - Dump after return from D3 after cmd"
"18/8/2025 4:53:45 a. m.","Información","Netwtw10","7025","7025 - Dump after return from D3 before cmd "
"18/8/2025 4:51:45 a. m.","Información","Netwtw10","7026","7026 - Dump after return from D3 after cmd"
"18/8/2025 4:51:45 a. m.","Información","Netwtw10","7025","7025 - Dump after return from D3 before cmd "
"18/8/2025 4:49:45 a. m.","Información","Netwtw10","7026","7026 - Dump after return from D3 after cmd"
"18/8/2025 4:49:45 a. m.","Información","Netwtw10","7025","7025 - Dump after return from D3 before cmd "
"18/8/2025 4:47:45 a. m.","Información","Netwtw10","7026","7026 - Dump after return from D3 after cmd"
"18/8/2025 4:47:45 a. m.","Información","Netwtw10","7025","7025 - Dump after return from D3 before cmd "
"18/8/2025 4:45:45 a. m.","Información","Netwtw10","7026","7026 - Dump after return from D3 after cmd"
"18/8/2025 4:45:45 a. m.","Información","Netwtw10","7025","7025 - Dump after return from D3 before cmd "
"18/8/2025 4:44:51 a. m.","Información","nhi","9007","The driver entered RTD3.
 All the connected devices will be removed from driver's internal state, so it is expected that DeviceDisconnected events will happen."
"18/8/2025 4:44:45 a. m.","Información","Netwtw10","7026","7026 - Dump after return from D3 after cmd"
"18/8/2025 4:44:45 a. m.","Información","Netwtw10","7025","7025 - Dump after return from D3 before cmd "
"18/8/2025 4:44:45 a. m.","Información","nhi","9008","Driver exit RTD3.
 All the connected devices will now cause DeviceConnected events."
"18/8/2025 4:44:05 a. m.","Información","Microsoft-Windows-Kernel-Power","566","La sesión del sistema ha cambiado de 42 a 43.

Motivo PolicyChange 

BootId: 15"
"18/8/2025 4:42:58 a. m.","Información","Microsoft-Windows-Kernel-Power","506","El sistema está entrando en el modo de espera moderno 

motivo: 16777220. "
"18/8/2025 4:42:58 a. m.","Información","Microsoft-Windows-Kernel-Power","566","La sesión del sistema ha cambiado de 41 a 42.

Motivo 16777220 

BootId: 15"
"18/8/2025 4:42:58 a. m.","Información","Microsoft-Windows-Kernel-Power","507","El sistema está saliendo del modo de espera moderno 

motivo: 16777220. "
"18/8/2025 4:42:57 a. m.","Información","Microsoft-Windows-Kernel-Power","566","La sesión del sistema ha cambiado de 40 a 41.

Motivo PolicyChange 

BootId: 15"
"18/8/2025 4:42:57 a. m.","Información","Microsoft-Windows-Kernel-Power","506","El sistema está entrando en el modo de espera moderno 

motivo: 16777220. "
"18/8/2025 4:42:57 a. m.","Información","Microsoft-Windows-Kernel-Power","566","La sesión del sistema ha cambiado de 39 a 40.

Motivo 16777220 

BootId: 15"
"18/8/2025 4:42:57 a. m.","Información","Microsoft-Windows-Kernel-Power","507","El sistema está saliendo del modo de espera moderno 

motivo: 16777220. "
"18/8/2025 4:42:56 a. m.","Información","Microsoft-Windows-Kernel-Power","566","La sesión del sistema ha cambiado de 38 a 39.

Motivo PolicyChange 

BootId: 15"
"18/8/2025 4:39:51 a. m.","Información","Microsoft-Windows-WindowsUpdateClient","19","Instalación correcta: Windows instaló correctamente la siguiente actualización: 9NBLGGH10PG8-MICROSOFT.PEOPLE"
"18/8/2025 4:39:50 a. m.","Información","Microsoft-Windows-WindowsUpdateClient","19","Instalación correcta: Windows instaló correctamente la siguiente actualización: 9WZDNCRD1HKW-Microsoft.XboxIdentityProvider"
"18/8/2025 4:39:43 a. m.","Advertencia","Netwtw10","6062","6062 - Lso was triggered"
"18/8/2025 4:39:41 a. m.","Información","Netwtw10","7021","7021 - Connection telemetry fields and analysis usage"
"18/8/2025 4:39:38 a. m.","Información","Microsoft-Windows-WindowsUpdateClient","19","Instalación correcta: Windows instaló correctamente la siguiente actualización: Intel - net - 23.130.1.1"
"18/8/2025 4:39:38 a. m.","Información","Microsoft-Windows-WLAN-AutoConfig","10001","El módulo de extensibilidad de WLAN se inició correctamente.

Ruta de acceso del módulo: C:\WINDOWS\system32\IntelIHVRouter10.dll
"
"18/8/2025 4:39:37 a. m.","Información","Netwtw10","7023","7023 - secure boot debug logging Quasar"
"18/8/2025 4:39:37 a. m.","Información","Netwtw10","7017","7017 - secure boot (SB) configuration"
"18/8/2025 4:39:37 a. m.","Información","Netwtw10","7010","7010 - driver enabled (miniport init)"
"18/8/2025 4:39:37 a. m.","Información","Netwtw10","7002","7002 - CTDP power limit value (SPLC)"
"18/8/2025 4:39:37 a. m.","Información","Netwtw10","7005","7005 - SAR value max TX power (WRDS)"
"18/8/2025 4:39:37 a. m.","Información","Netwtw10","7006","7006 - SAR Geo delta value (WGDS)"
"18/8/2025 4:39:37 a. m.","Información","Netwtw10","7027","7027 - get Nic Manufacturere on init"
"18/8/2025 4:39:37 a. m.","Información","Netwtw10","7036","El servicio \Device\NDMP14 entró en estado Intel(R) Wi-Fi 6 AX201 160MHz."
"18/8/2025 4:39:36 a. m.","Advertencia","Microsoft-Windows-WLAN-AutoConfig","10002","Se detuvo el módulo de extensibilidad de WLAN.

Ruta de acceso del módulo: C:\WINDOWS\system32\IntelIHVRouter10.dll
"
"18/8/2025 4:39:36 a. m.","Información","Netwtw10","8000","8000 - Miniport Halt flow (driver disable)"
"18/8/2025 4:39:33 a. m.","Información","Microsoft-Windows-WindowsUpdateClient","19","Instalación correcta: Windows instaló correctamente la siguiente actualización: 9NBLGGH537C2-Microsoft.XboxGameOverlay"
"18/8/2025 4:39:33 a. m.","Información","Microsoft-Windows-WindowsUpdateClient","44","Windows Update comenzó a descargar una actualización."
"18/8/2025 4:39:33 a. m.","Información","Microsoft-Windows-WindowsUpdateClient","44","Windows Update comenzó a descargar una actualización."
"18/8/2025 4:39:33 a. m.","Información","Microsoft-Windows-WindowsUpdateClient","44","Windows Update comenzó a descargar una actualización."
"18/8/2025 4:39:25 a. m.","Información","Microsoft-Windows-WindowsUpdateClient","43","Instalación iniciada: Windows comenzó a instalar la actualización siguiente: Intel - net - 23.130.1.1"
"18/8/2025 4:39:23 a. m.","Información","Microsoft-Windows-Kernel-Power","506","El sistema está entrando en el modo de espera moderno 

motivo: 16777220. "
"18/8/2025 4:39:23 a. m.","Información","Microsoft-Windows-Kernel-Power","566","La sesión del sistema ha cambiado de 37 a 38.

Motivo 16777220 

BootId: 15"
"18/8/2025 4:39:23 a. m.","Información","Microsoft-Windows-Kernel-Power","507","El sistema está saliendo del modo de espera moderno 

motivo: 16777220. "
"18/8/2025 4:39:23 a. m.","Información","Microsoft-Windows-Kernel-Power","566","La sesión del sistema ha cambiado de 36 a 37.

Motivo PolicyChange 

BootId: 15"
"18/8/2025 4:39:22 a. m.","Advertencia","Win32k","700","Administrador de energía solicitó la supresión de todas las entradas (INPUT_SUPPRESS_REQUEST = 1)"
"18/8/2025 4:39:22 a. m.","Advertencia","Win32k","700","Administrador de energía solicitó la supresión de todas las entradas (INPUT_SUPPRESS_REQUEST = 1)"
"18/8/2025 4:39:22 a. m.","Información","Microsoft-Windows-Kernel-Power","506","El sistema está entrando en el modo de espera moderno 

motivo: Lid. "
"18/8/2025 4:39:22 a. m.","Información","Microsoft-Windows-Kernel-Power","566","La sesión del sistema ha cambiado de 35 a 36.

Motivo PolicyChange 

BootId: 15"
"18/8/2025 4:36:06 a. m.","Información","Microsoft-Windows-WindowsUpdateClient","44","Windows Update comenzó a descargar una actualización."
"18/8/2025 4:35:05 a. m.","Advertencia","Microsoft-Windows-DistributedCOM","10016","La configuración de permisos específico de la aplicación no concede el permiso Activación Local para la aplicación de servidor COM con CLSID 
{2593F8B9-4EAF-457C-B68A-50F6B8EA6B54}
 y APPID 
{15C20B67-12E7-4BB6-92BB-7AFF07997402}
 al usuario TICPC-05\PCTIC-05 con SID (S-1-5-21-72991934-2165796093-3938425774-1001) en la dirección LocalHost (con LRPC) que se ejecuta en el contenedor de aplicaciones con SID MicrosoftWindows.Client.WebExperience_525.18101.90.0_x64__cw5n1h2txyewy (No disponible). Este permiso de seguridad se puede modificar mediante la herramienta administrativa Servicios de componentes."
"18/8/2025 4:30:58 a. m.","Información","Microsoft-Windows-Kernel-Power","105","Cambio de fuente de energía."
"18/8/2025 3:38:32 a. m.","Información","TPM","17","El hardware del Módulo de plataforma segura (TPM) no pudo ejecutar un comando de TPM."
"18/8/2025 3:38:32 a. m.","Información","TPM","17","El hardware del Módulo de plataforma segura (TPM) no pudo ejecutar un comando de TPM."
"18/8/2025 3:38:31 a. m.","Información","TPM","17","El hardware del Módulo de plataforma segura (TPM) no pudo ejecutar un comando de TPM."
"18/8/2025 3:38:20 a. m.","Información","Microsoft-Windows-IsolatedUserMode","2","Secure Trustlet Id 6 and Pid 15324 stopped with status STATUS_SUCCESS."
"18/8/2025 3:30:20 a. m.","Información","Microsoft-Windows-IsolatedUserMode","1","Secure Trustlet \??\C:\WINDOWS\System32\NgcIso.exe Id 6 and Pid 15324 started with status STATUS_SUCCESS."
"18/8/2025 3:30:20 a. m.","Información","Microsoft-Windows-IsolatedUserMode","5","Secure Trustlet NULL Id 0 and Pid 0 started with status STATUS_SUCCESS."
"18/8/2025 3:18:56 a. m.","Información","Microsoft-Windows-WindowsUpdateClient","44","Windows Update comenzó a descargar una actualización."
"18/8/2025 3:18:16 a. m.","Información","Microsoft-Windows-WindowsUpdateClient","19","Instalación correcta: Windows instaló correctamente la siguiente actualización: Actualización de inteligencia de seguridad para Microsoft Defender Antivirus - KB2267602 (versión 1.435.241.0) - Canal actual (ampliado)"
"18/8/2025 3:17:49 a. m.","Información","Microsoft-Windows-WindowsUpdateClient","43","Instalación iniciada: Windows comenzó a instalar la actualización siguiente: Actualización de inteligencia de seguridad para Microsoft Defender Antivirus - KB2267602 (versión 1.435.241.0) - Canal actual (ampliado)"
"18/8/2025 3:17:49 a. m.","Información","Microsoft-Windows-WindowsUpdateClient","44","Windows Update comenzó a descargar una actualización."
"18/8/2025 2:54:37 a. m.","Información","Microsoft-Windows-Kernel-General","1","La hora del sistema ha cambiado a ‎2025‎-‎08‎-‎18T06:54:37.713762500Z de ‎2025‎-‎08‎-‎18T06:54:37.712561800Z.
Diferencia horaria: 1 ms

Motivo del cambio: An application or system component changed the time.
Proceso: '\Device\HarddiskVolume3\Windows\System32\svchost.exe' (PID 12740).

Hora de RTC: ‎2025‎-‎08‎-‎18T02:54:37.713762500Z
Diferencia de zona horaria actual: 240
hora RTC es UTC: false
La hora del sistema se basaba en la hora RTC: false"
"18/8/2025 2:54:37 a. m.","Error","Microsoft-Windows-HAL","21","No se estableció el reloj en tiempo real de hardware debido a un error en la evaluación del método de dispositivo de alarma y hora ACPI.  Estado: 0xC00000BB."
"18/8/2025 2:54:37 a. m.","Error","Microsoft-Windows-HAL","20","No se consultó el reloj en tiempo real de hardware debido a un error en la evaluación del método de dispositivo de alarma y hora ACPI.  Estado: 0xC00000BB."
"18/8/2025 2:54:37 a. m.","Información","Microsoft-Windows-Kernel-General","24","La información de zona horaria se actualizó con el motivo de salida 0. La diferencia de zona horaria actual es 240."
"18/8/2025 2:54:37 a. m.","Información","Microsoft-Windows-Kernel-General","1","La hora del sistema ha cambiado a ‎2025‎-‎08‎-‎18T06:54:37.712561800Z de ‎2025‎-‎08‎-‎18T06:54:38.785019500Z.
Diferencia horaria: -1072 ms

Motivo del cambio: An application or system component changed the time.
Proceso: '\Device\HarddiskVolume3\Windows\System32\svchost.exe' (PID 12740).

Hora de RTC: ‎2025‎-‎08‎-‎18T02:54:37.712561800Z
Diferencia de zona horaria actual: 240
hora RTC es UTC: false
La hora del sistema se basaba en la hora RTC: false"
"18/8/2025 2:54:37 a. m.","Error","Microsoft-Windows-HAL","21","No se estableció el reloj en tiempo real de hardware debido a un error en la evaluación del método de dispositivo de alarma y hora ACPI.  Estado: 0xC00000BB."
"18/8/2025 2:54:37 a. m.","Error","Microsoft-Windows-HAL","20","No se consultó el reloj en tiempo real de hardware debido a un error en la evaluación del método de dispositivo de alarma y hora ACPI.  Estado: 0xC00000BB."
"18/8/2025 2:54:37 a. m.","Información","Microsoft-Windows-Kernel-General","24","La información de zona horaria se actualizó con el motivo de salida 0. La diferencia de zona horaria actual es 240."
"18/8/2025 2:54:22 a. m.","Información","Microsoft-Windows-Time-Service","37","El proveedor de hora NtpClient está recibiendo datos de hora  válidos desde time.windows.com,0x9 (ntp.m|0x9|0.0.0.0:123->40.119.6.228:123)."
"18/8/2025 2:54:01 a. m.","Información","Microsoft-Windows-TPM-WMI","1038","Las comprobaciones de estado de la atestación previa confirman que se espera que el dispositivo supere la atestación.
 Consulte C:\WINDOWS\Logs\MeasuredBoot\0000000036-0000000003.json para obtener información detallada sobre las comprobaciones realizadas."
"18/8/2025 2:54:01 a. m.","Información","Microsoft-Windows-TPM-WMI","1041","Información detallada sobre la comprobación del estado de la atestación previa: {""Version"":1,""HealthStatus"":""Attestable"",""Required"":[{""Field"":""TpmPresent"",""Value"":true,""DesiredValue"":true},{""Field"":""TpmMeetsMinimumVersion"",""Value"":true,""DesiredValue"":true},{""Field"":""TpmIsResponsive"",""Value"":true,""DesiredValue"":true},{""Field"":""EkCertIsAvailable"",""Value"":true,""DesiredValue"":true},{""Field"":""TcgLogFound"",""Value"":true,""DesiredValue"":true}],""Expected"":[{""Field"":""PcrsMatchTcgLog"",""Value"":true,""DesiredValue"":true}],""Informational"":[{""Field"":""SecureBootEnabled"",""ValueFromComputer"":true,""ValueFromTcgLog"":true,""DesiredValue"":true,""TcgValueIsVerifiable"":true},{""Field"":""VirtualSecureMemory"",""ValueFromComputer"":false,""ValueFromTcgLog"":false,""DesiredValue"":true,""TcgValueIsVerifiable"":true},{""Field"":""SecureCorePCCompliant"",""ValueFromComputer"":false,""ValueFromTcgLog"":false,""DesiredValue"":true,""TcgValueIsVerifiable"":true}]}"
"18/8/2025 2:53:58 a. m.","Información","nhi","9007","The driver entered RTD3.
 All the connected devices will be removed from driver's internal state, so it is expected that DeviceDisconnected events will happen."
"18/8/2025 2:53:55 a. m.","Advertencia","Netwtw10","6062","6062 - Lso was triggered"
"18/8/2025 2:53:55 a. m.","Advertencia","rt640x64","1","Realtek PCIe GbE Family Controller is disconnected from network."
"18/8/2025 2:53:54 a. m.","Información","Microsoft-Windows-Power-Troubleshooter","1","El sistema estaba en un estado de baja energía y se reanudó.

Hora de suspensión: ‎2025‎-‎08‎-‎18T04:16:16.353842900Z
Hora de reactivación: ‎2025‎-‎08‎-‎18T06:53:52.525853800Z

Origen de la reactivación: Unknown"
"18/8/2025 2:53:53 a. m.","Error","Microsoft-Windows-NDIS","10317","Minipuerto Microsoft Wi-Fi Direct Virtual Adapter #2, {79f38f0f-3b2e-4931-b16b-3a5d8eb7dab9}, tuvo el evento Fatal error: The miniport has failed a power transition to operational power"
"18/8/2025 2:53:52 a. m.","Información","Netwtw10","7021","7021 - Connection telemetry fields and analysis usage"
"18/8/2025 2:53:52 a. m.","Información","Netwtw10","7023","7023 - secure boot debug logging Quasar"
"18/8/2025 2:53:52 a. m.","Advertencia","Microsoft-Windows-Time-Service","134","NtpClient no pudo establecer un sistema del mismo nivel manual para usar como origen de la hora debido a un error de resolución de DNS en 'time.windows.com,0x9'. NtpClient lo intentará de nuevo dentro de 15 minutos y doblará el intervalo de reintento en adelante. Error: Host desconocido. (0x80072AF9)"
"18/8/2025 2:53:52 a. m.","Información","Microsoft-Windows-Kernel-Power","566","La sesión del sistema ha cambiado de 33 a 35.

Motivo PolicyChange 

BootId: 15"
"18/8/2025 2:53:52 a. m.","Información","Microsoft-Windows-Kernel-Power","507","El sistema está saliendo del modo de espera moderno 

motivo: Lid. "
"18/8/2025 2:53:52 a. m.","Información","Microsoft-Windows-Kernel-Power","506","El sistema está entrando en el modo de espera moderno 

motivo: Sleep, Hibernate, or Shutdown. "
"18/8/2025 2:53:52 a. m.","Información","Microsoft-Windows-Kernel-Power","566","La sesión del sistema ha cambiado de 32 a 33.

Motivo SxTransition 

BootId: 15"
"18/8/2025 2:53:52 a. m.","Información","Intel-SST-OED","28","Loaded DSP FW library: \??\C:\WINDOWS\System32\DriverStore\FileRepository\intcoed_oemlibpath.inf_amd64_69401f7e35684734\tgl_maxx_audio_pro.bin, status = STATUS_SUCCESS."
"18/8/2025 2:53:52 a. m.","Información","Microsoft-Windows-Kernel-Boot","247","No se puede cargar el firmware de Pluton-Windows. StatusCode: STATUS_SUCCESS, Motivo: Failed to apply firmware."
"18/8/2025 2:53:52 a. m.","Información","Microsoft-Windows-Kernel-Boot","27","El tipo de arranque fue 0x2."
"18/8/2025 2:53:52 a. m.","Información","Microsoft-Windows-Kernel-Boot","25","La directiva del menú de arranque fue 0x0."
"18/8/2025 2:53:52 a. m.","Información","Microsoft-Windows-Kernel-Boot","32","Bootmgr esperó la entrada del usuario durante 0 ms."
"18/8/2025 2:53:52 a. m.","Información","Microsoft-Windows-Kernel-Boot","18","Existen 0x1 opciones de arranque en este sistema."
"18/8/2025 2:53:52 a. m.","Información","Microsoft-Windows-Kernel-Boot","30","El firmware notificó métricas de arranque."
"18/8/2025 2:53:52 a. m.","Información","Intel-SST-OED","28","Loaded DSP FW library: Libs\dsp_lib_whm_tgl_release.bin, status = STATUS_SUCCESS."
"18/8/2025 2:53:52 a. m.","Información","Intel-SST-OED","28","Loaded DSP FW library: Libs\dsp_lib_intel_wov_tgl_release.bin, status = STATUS_SUCCESS."
"18/8/2025 2:53:52 a. m.","Información","WiManH","2",
"18/8/2025 2:53:52 a. m.","Información","Netwtw10","7025","7025 - Dump after return from D3 before cmd "
"18/8/2025 2:53:52 a. m.","Advertencia","TPM","30","El recuento de restablecimiento y/o reanudación no coinciden con los valores esperados después de hibernar o reanudar."
"18/8/2025 2:53:51 a. m.","Advertencia","Win32k","701","Administrador de energía no solicitó la supresión de todas las entradas (INPUT_SUPPRESS_REQUEST = 0)"
"18/8/2025 2:53:51 a. m.","Advertencia","Win32k","701","Administrador de energía no solicitó la supresión de todas las entradas (INPUT_SUPPRESS_REQUEST = 0)"
"18/8/2025 2:53:51 a. m.","Información","Microsoft-Windows-Kernel-General","1","La hora del sistema ha cambiado a ‎2025‎-‎08‎-‎18T06:53:51.500000000Z de ‎2025‎-‎08‎-‎18T04:16:29.027745800Z.
Diferencia horaria: 9442472 ms

Motivo del cambio: System time synchronized with the hardware clock.
Proceso: '' (PID 4).

Hora de RTC: ‎2025‎-‎08‎-‎18T02:53:51.500000000Z
Diferencia de zona horaria actual: 240
hora RTC es UTC: false
La hora del sistema se basaba en la hora RTC: false"
"18/8/2025 12:16:29 a. m.","Información","Microsoft-Windows-Kernel-Power","107","El sistema se reanudó del estado de suspensión."
"18/8/2025 12:16:26 a. m.","Información","nhi","9008","Driver exit RTD3.
 All the connected devices will now cause DeviceConnected events."
"18/8/2025 12:16:25 a. m.","Información","nhi","9007","The driver entered RTD3.
 All the connected devices will be removed from driver's internal state, so it is expected that DeviceDisconnected events will happen."
"18/8/2025 12:16:20 a. m.","Información","Microsoft-Windows-Kernel-Power","42","El sistema está entrando en suspensión.

Motivo de la suspensión: Hibernate from Sleep - Standby Battery Budget Exceeded"
"18/8/2025 12:16:20 a. m.","Información","Microsoft-Windows-Kernel-Power","40","El controlador \Driver\ACPI del dispositivo  detuvo la transición de energía."
"18/8/2025 12:16:19 a. m.","Información","nhi","9008","Driver exit RTD3.
 All the connected devices will now cause DeviceConnected events."
"18/8/2025 12:16:18 a. m.","Advertencia","Netwtw10","6062","6062 - Lso was triggered"
"18/8/2025 12:16:17 a. m.","Información","Netwtw10","7021","7021 - Connection telemetry fields and analysis usage"
"18/8/2025 12:16:16 a. m.","Advertencia","Microsoft-Windows-Time-Service","134","NtpClient no pudo establecer un sistema del mismo nivel manual para usar como origen de la hora debido a un error de resolución de DNS en 'time.windows.com,0x9'. NtpClient lo intentará de nuevo dentro de 15 minutos y doblará el intervalo de reintento en adelante. Error: Host desconocido. (0x80072AF9)"
"18/8/2025 12:16:16 a. m.","Información","Microsoft-Windows-Kernel-Power","566","La sesión del sistema ha cambiado de 31 a 32.

Motivo SxTransition 

BootId: 15"
"18/8/2025 12:16:16 a. m.","Información","Microsoft-Windows-Kernel-Power","507","El sistema está saliendo del modo de espera moderno 

motivo: Sleep, Hibernate, or Shutdown. "
"18/8/2025 12:16:16 a. m.","Información","Microsoft-Windows-Kernel-Power","172","Estado de conectividad en modo de espera: Connected. Motivo: None"
"18/8/2025 12:16:16 a. m.","Información","Netwtw10","7026","7026 - Dump after return from D3 after cmd"
"18/8/2025 12:16:16 a. m.","Información","Netwtw10","7025","7025 - Dump after return from D3 before cmd "
"17/8/2025 10:22:11 p. m.","Información","Microsoft-Windows-Kernel-Power","172","Estado de conectividad en modo de espera: Disconnected. Motivo: Policy Setting"
"17/8/2025 10:22:04 p. m.","Información","Microsoft-Windows-Kernel-Power","566","La sesión del sistema ha cambiado de 30 a 31.

Motivo 55 

BootId: 15"
"17/8/2025 10:21:59 p. m.","Advertencia","Microsoft-Windows-Time-Service","134","NtpClient no pudo establecer un sistema del mismo nivel manual para usar como origen de la hora debido a un error de resolución de DNS en 'time.windows.com,0x9'. NtpClient lo intentará de nuevo dentro de 15 minutos y doblará el intervalo de reintento en adelante. Error: Host desconocido. (0x80072AF9)"
"17/8/2025 10:21:59 p. m.","Información","Microsoft-Windows-Kernel-Power","506","El sistema está entrando en el modo de espera moderno 

motivo: Austerity Battery Drain Budget Exceeded. "
"17/8/2025 10:21:59 p. m.","Información","Microsoft-Windows-Kernel-Power","566","La sesión del sistema ha cambiado de 29 a 30.

Motivo 55 

BootId: 15"
"17/8/2025 10:21:59 p. m.","Información","Microsoft-Windows-Kernel-Power","507","El sistema está saliendo del modo de espera moderno 

motivo: Austerity Battery Drain Budget Exceeded. "
"17/8/2025 10:21:59 p. m.","Información","Microsoft-Windows-Kernel-Power","172","Estado de conectividad en modo de espera: Connected. Motivo: None"
"17/8/2025 10:21:59 p. m.","Información","Netwtw10","7026","7026 - Dump after return from D3 after cmd"
"17/8/2025 10:21:59 p. m.","Información","Netwtw10","7025","7025 - Dump after return from D3 before cmd "
"17/8/2025 10:04:06 p. m.","Información","Microsoft-Windows-Kernel-Power","172","Estado de conectividad en modo de espera: Disconnected. Motivo: Adaptive Connected Standby"
"17/8/2025 10:03:58 p. m.","Información","Microsoft-Windows-Kernel-Power","566","La sesión del sistema ha cambiado de 28 a 29.

Motivo PolicyChange 

BootId: 15"
"17/8/2025 10:03:58 p. m.","Advertencia","Win32k","700","Administrador de energía solicitó la supresión de todas las entradas (INPUT_SUPPRESS_REQUEST = 1)"
"17/8/2025 10:03:58 p. m.","Advertencia","Win32k","700","Administrador de energía solicitó la supresión de todas las entradas (INPUT_SUPPRESS_REQUEST = 1)"
"17/8/2025 10:03:58 p. m.","Información","Microsoft-Windows-Kernel-Power","506","El sistema está entrando en el modo de espera moderno 

motivo: Lid. "
"17/8/2025 10:03:58 p. m.","Información","Microsoft-Windows-Kernel-Power","566","La sesión del sistema ha cambiado de 27 a 28.

Motivo PolicyChange 

BootId: 15"
"17/8/2025 10:03:54 p. m.","Información","Microsoft-Windows-Kernel-Power","105","Cambio de fuente de energía."
"17/8/2025 9:34:23 p. m.","Información","Microsoft-Windows-Kernel-General","16","El historial de accesos en el subárbol \??\C:\ProgramData\Packages\Microsoft.ScreenSketch_8wekyb3d8bbwe\S-1-5-21-72991934-2165796093-3938425774-1001\SystemAppData\Helium\Cache\268430146466f08_COM15.dat se borró mediante la actualización de 1 claves y la creación de 1 páginas modificadas."
"17/8/2025 9:34:23 p. m.","Información","Microsoft-Windows-Kernel-General","16","El historial de accesos en el subárbol \??\C:\Users\PCTIC-05\AppData\Local\Packages\Microsoft.ScreenSketch_8wekyb3d8bbwe\SystemAppData\Helium\UserClasses.dat se borró mediante la actualización de 9 claves y la creación de 2 páginas modificadas."
"17/8/2025 9:34:23 p. m.","Información","Microsoft-Windows-Kernel-General","16","El historial de accesos en el subárbol \??\C:\Users\PCTIC-05\AppData\Local\Packages\Microsoft.ScreenSketch_8wekyb3d8bbwe\SystemAppData\Helium\User.dat se borró mediante la actualización de 7 claves y la creación de 1 páginas modificadas."
"17/8/2025 9:03:40 p. m.","Información","Microsoft-Windows-Kernel-Power","105","Cambio de fuente de energía."
"17/8/2025 8:30:58 p. m.","Información","Microsoft-Windows-IsolatedUserMode","2","Secure Trustlet Id 6 and Pid 9636 stopped with status STATUS_SUCCESS."
"17/8/2025 8:23:12 p. m.","Información","Microsoft-Windows-IsolatedUserMode","1","Secure Trustlet \??\C:\WINDOWS\System32\NgcIso.exe Id 6 and Pid 9636 started with status STATUS_SUCCESS."
"17/8/2025 8:23:12 p. m.","Información","Microsoft-Windows-IsolatedUserMode","5","Secure Trustlet NULL Id 0 and Pid 0 started with status STATUS_SUCCESS."
"17/8/2025 8:00:46 p. m.","Información","Microsoft-Windows-TPM-WMI","1038","Las comprobaciones de estado de la atestación previa confirman que se espera que el dispositivo supere la atestación.
 Consulte C:\WINDOWS\Logs\MeasuredBoot\0000000036-0000000002.json para obtener información detallada sobre las comprobaciones realizadas."
"17/8/2025 8:00:46 p. m.","Información","Microsoft-Windows-TPM-WMI","1041","Información detallada sobre la comprobación del estado de la atestación previa: {""Version"":1,""HealthStatus"":""Attestable"",""Required"":[{""Field"":""TpmPresent"",""Value"":true,""DesiredValue"":true},{""Field"":""TpmMeetsMinimumVersion"",""Value"":true,""DesiredValue"":true},{""Field"":""TpmIsResponsive"",""Value"":true,""DesiredValue"":true},{""Field"":""EkCertIsAvailable"",""Value"":true,""DesiredValue"":true},{""Field"":""TcgLogFound"",""Value"":true,""DesiredValue"":true}],""Expected"":[{""Field"":""PcrsMatchTcgLog"",""Value"":true,""DesiredValue"":true}],""Informational"":[{""Field"":""SecureBootEnabled"",""ValueFromComputer"":true,""ValueFromTcgLog"":true,""DesiredValue"":true,""TcgValueIsVerifiable"":true},{""Field"":""VirtualSecureMemory"",""ValueFromComputer"":false,""ValueFromTcgLog"":false,""DesiredValue"":true,""TcgValueIsVerifiable"":true},{""Field"":""SecureCorePCCompliant"",""ValueFromComputer"":false,""ValueFromTcgLog"":false,""DesiredValue"":true,""TcgValueIsVerifiable"":true}]}"
"17/8/2025 8:00:44 p. m.","Información","nhi","9007","The driver entered RTD3.
 All the connected devices will be removed from driver's internal state, so it is expected that DeviceDisconnected events will happen."
"17/8/2025 8:00:42 p. m.","Advertencia","Netwtw10","6062","6062 - Lso was triggered"
"17/8/2025 8:00:41 p. m.","Advertencia","rt640x64","1","Realtek PCIe GbE Family Controller is disconnected from network."
