"5/8/2025 11:59:29 p. m.","Información","Microsoft-Windows-TPM-WMI","1041","Información detallada sobre la comprobación del estado de la atestación previa: {""Version"":1,""HealthStatus"":""Attestable"",""Required"":[{""Field"":""TpmPresent"",""Value"":true,""DesiredValue"":true},{""Field"":""TpmMeetsMinimumVersion"",""Value"":true,""DesiredValue"":true},{""Field"":""TpmIsResponsive"",""Value"":true,""DesiredValue"":true},{""Field"":""EkCertIsAvailable"",""Value"":true,""DesiredValue"":true},{""Field"":""TcgLogFound"",""Value"":true,""DesiredValue"":true}],""Expected"":[{""Field"":""PcrsMatchTcgLog"",""Value"":true,""DesiredValue"":true}],""Informational"":[{""Field"":""SecureBootEnabled"",""ValueFromComputer"":true,""ValueFromTcgLog"":true,""DesiredValue"":true,""TcgValueIsVerifiable"":true},{""Field"":""VirtualSecureMemory"",""ValueFromComputer"":false,""ValueFromTcgLog"":false,""DesiredValue"":true,""TcgValueIsVerifiable"":true},{""Field"":""SecureCorePCCompliant"",""ValueFromComputer"":false,""ValueFromTcgLog"":false,""DesiredValue"":true,""TcgValueIsVerifiable"":true}]}"
"5/8/2025 11:59:30 p. m.","Información","RST Middleware","27","Found passthru disk: SCSI Port: 0, SCSI Bus: 3, SCSI Target: 0, PCIe SSD, 512110190592 bytes, TEAM TM8FP6512G                         "
"5/8/2025 11:59:29 p. m.","Error","Service Control Manager","7000","El servicio VMSP no pudo iniciarse debido al siguiente error: 
Recursos insuficientes en el sistema para completar el servicio solicitado."
"5/8/2025 11:59:28 p. m.","Error","Microsoft-Windows-Eventlog","22","El servicio de inicio de sesión de eventos detectó un error al inicializar recursos de publicación para el canal Microsoft-Windows-USBVideo/Analytic. Si el tipo de canal es Analítico o Depurador, podría indicar también un error de inicialización de recursos de registro."
"5/8/2025 11:59:28 p. m.","Información","Win32k","267","La comprobación de control de calidad de hardware táctil se realizó correctamente."
"5/8/2025 11:59:28 p. m.","Información","Microsoft-Windows-Kernel-General","16","El historial de accesos en el subárbol \SystemRoot\System32\Config\bbimigrate\BBI se borró mediante la actualización de 1 claves y la creación de 1 páginas modificadas."
"5/8/2025 11:59:28 p. m.","Información","Microsoft-Windows-FilterManager","6","Filtro de sistema de archivos 'bindflt' (10.0, ‎2032‎-‎10‎-‎09T02:28:18.000000000Z) correctamente cargado y registrado con el administrador de filtros."
"5/8/2025 11:59:28 p. m.","Información","Microsoft-Windows-FilterManager","6","Filtro de sistema de archivos 'storqosflt' (10.0, ‎2021‎-‎03‎-‎19T06:47:34.000000000Z) correctamente cargado y registrado con el administrador de filtros."
"5/8/2025 11:59:28 p. m.","Información","Microsoft-Windows-FilterManager","6","Filtro de sistema de archivos 'CldFlt' (10.0, ‎2067‎-‎09‎-‎20T22:58:54.000000000Z) correctamente cargado y registrado con el administrador de filtros."
"5/8/2025 11:59:28 p. m.","Información","Microsoft-Windows-FilterManager","1","Filtro de sistema de archivos 'CldFlt' (Versión 10.0, ‎2067‎-‎09‎-‎20T22:58:54.000000000Z) correctamente descargado."
"5/8/2025 11:59:28 p. m.","Información","Microsoft-Windows-FilterManager","6","Filtro de sistema de archivos 'CldFlt' (10.0, ‎2067‎-‎09‎-‎20T22:58:54.000000000Z) correctamente cargado y registrado con el administrador de filtros."
"5/8/2025 11:59:28 p. m.","Información","Microsoft-Windows-FilterManager","6","Filtro de sistema de archivos 'UnionFS' (10.0, ‎2047‎-‎02‎-‎21T07:01:20.000000000Z) correctamente cargado y registrado con el administrador de filtros."
"5/8/2025 11:59:28 p. m.","Información","Microsoft-Windows-FilterManager","6","Filtro de sistema de archivos 'luafv' (10.0, ‎2105‎-‎10‎-‎05T01:54:15.000000000Z) correctamente cargado y registrado con el administrador de filtros."
"5/8/2025 11:59:28 p. m.","Información","Microsoft-Windows-FilterManager","6","Filtro de sistema de archivos 'wcifs' (10.0, ‎2053‎-‎03‎-‎11T00:36:57.000000000Z) correctamente cargado y registrado con el administrador de filtros."
"5/8/2025 11:59:28 p. m.","Información","Microsoft-Windows-FilterManager","6","Filtro de sistema de archivos 'bfs' (10.0, ‎2028‎-‎09‎-‎06T23:23:58.000000000Z) correctamente cargado y registrado con el administrador de filtros."
"5/8/2025 11:59:28 p. m.","Información","Microsoft-Windows-DHCPv6-Client","51046","Servicio de cliente DHCPv6 iniciado"
"5/8/2025 11:59:27 p. m.","Información","Microsoft-Windows-Dhcp-Client","50036","Servicio cliente DHCPv4 iniciado"
"5/8/2025 11:59:27 p. m.","Información","Microsoft-Windows-Dhcp-Client","50103","El cliente DHCPv4 registró una la notificación de apagado"
"5/8/2025 11:59:27 p. m.","Información","Microsoft-Windows-Dhcp-Client","50036","Servicio cliente DHCPv4 iniciado"
"5/8/2025 11:59:27 p. m.","Información","Microsoft-Windows-Kernel-General","16","El historial de accesos en el subárbol \SystemRoot\System32\Config\BBI se borró mediante la actualización de 346 claves y la creación de 86 páginas modificadas."
"5/8/2025 11:59:27 p. m.","Información","Microsoft-Windows-Kernel-General","16","El historial de accesos en el subárbol \??\C:\WINDOWS\ServiceProfiles\NetworkService\NTUSER.DAT se borró mediante la actualización de 182 claves y la creación de 18 páginas modificadas."
"5/8/2025 11:59:27 p. m.","Información","Microsoft-Windows-Kernel-General","16","El historial de accesos en el subárbol \??\C:\WINDOWS\ServiceProfiles\LocalService\NTUSER.DAT se borró mediante la actualización de 148 claves y la creación de 19 páginas modificadas."
"5/8/2025 11:59:27 p. m.","Información","Microsoft-Windows-Directory-Services-SAM","16983","El administrador de cuentas de seguridad está registrando eventos de resumen periódicos para clientes remotos que llaman un cambio de contraseña heredada o establecen métodos RPC. 

 Para más información, consulte https://go.microsoft.com/fwlink/?linkid=2150956.
"
"5/8/2025 11:59:27 p. m.","Información","Microsoft-Windows-Directory-Services-SAM","16977","El dominio está configurado con las siguientes opciones de configuración relacionadas con la longitud mínima de la contraseña.

MinimumPasswordLength: 0

RelaxMinimumPasswordLengthLimits: 0

MinimumPasswordLengthAudit: -1

Para obtener más información, consulta https://go.microsoft.com/fwlink/?LinkId=2097191.
"
"5/8/2025 11:59:27 p. m.","Información","Microsoft-Windows-Directory-Services-SAM","16962","Se están restringiendo las llamadas remotas a la base de datos SAM mediante el descriptor de seguridad predeterminado: O:SYG:SYD:(A;;RC;;;BA).
Para obtener más información, consulte http://go.microsoft.com/fwlink/?LinkId=787651."
"5/8/2025 11:59:27 p. m.","Información","Microsoft-Windows-IsolatedUserMode","5","Secure Trustlet NULL Id 0 and Pid 0 started with status STATUS_SUCCESS."
"5/8/2025 11:59:27 p. m.","Información","LsaSrv","6156","Seguridad basada en virtualización para el estado de habilitación automática de Credential Guard.

Requisitos de hardware:	1
Dominio unido:	0
Azure AD unido:	0
 Licenciado para Credential Guard:	0
Controlador del dominio:	0"
"5/8/2025 11:59:27 p. m.","Información","Microsoft-Windows-Wininit","12","LSASS.exe se inició como un proceso protegido con nivel: 4."
"5/8/2025 11:59:27 p. m.","Información","Microsoft-Windows-Wininit","18","VBS Key Isolation se inició y protegerá las claves aisladas de VSM."
"5/8/2025 11:59:27 p. m.","Información","Microsoft-Windows-IsolatedUserMode","1","Secure Trustlet \??\C:\WINDOWS\system32\lsaiso.exe Id 1 and Pid 1060 started with status STATUS_SUCCESS."
"5/8/2025 11:59:27 p. m.","Información","Microsoft-Windows-IsolatedUserMode","5","Secure Trustlet NULL Id 0 and Pid 0 started with status STATUS_SUCCESS."
"5/8/2025 11:59:27 p. m.","Información","Microsoft-Windows-Wininit","14","Configuración de Credential Guard:

Configuración del registro: 0x0
Configuración de prueba: 0
Habilitación automática: 0"
"5/8/2025 11:59:27 p. m.","Información","Win32k","267","La comprobación de control de calidad de hardware táctil se realizó correctamente."
"5/8/2025 11:59:27 p. m.","Información","Microsoft-Windows-Wininit","23","Antirreversión de aplicación de arranque: inicialización completada con estado:
HRESULT: La operación se completó correctamente.
Nuevo temporizador necesario: false
Nuevo temporizador esperando a que se complete la actualización del sistema: false
El temporizador de bloqueo temporal anterior existe pero está deshabilitado por el registro: false
"
"5/8/2025 11:59:27 p. m.","Información","Microsoft-Windows-Wininit","25","Antirreversión de aplicación de arranque: temporizador anterior reanudado con estado:

HRESULT: La operación se completó correctamente.
Temporizador anterior presente: true
Hora de inicio: ‎2025‎-‎07‎-‎19T07:41:36.931375700Z
Período de gracia: 51840000000000
Intento de aplicación de recuperación correcto: false
"
"5/8/2025 11:59:27 p. m.","Información","Microsoft-Windows-Wininit","24","Antirreversión de aplicación de arranque: inicio del temporizador completado con el estado:

Win32Error: 0
Hora de inicio: ‎2025‎-‎07‎-‎19T07:41:36.931375700Z
Período de gracia: 51840000000000
Hora de vencimiento: ‎2025‎-‎09‎-‎17T07:41:36.931375700Z
"
"5/8/2025 11:59:27 p. m.","Información","Microsoft-Windows-Wininit","19","Estado de creación de nuevo temporizador de seguridad basada en virtualización

HRESULT: La operación se completó correctamente.
Nuevo temporizador de bloqueo temporal necesario: false
Nuevo temporizador de bloqueos temporales esperando a que se complete la actualización del sistema: false
 Existe un temporizador de bloqueo temporal anterior pero deshabilitado por el Registro: false
Existe el archivo de directiva: false
"
"5/8/2025 11:59:26 p. m.","Advertencia","Microsoft-Windows-Kernel-PnP","219","No se pudo cargar el \Driver\WUDFRd del controlador.
Dispositivo: HID\Vid_8087&Pid_0AC2\6&ac79363&0&0000
Estado: 0xC0000365"
"5/8/2025 11:59:26 p. m.","Información","Microsoft-Windows-DriverFrameworks-UserMode","10118","El reflector UMDF no se puede conectar al Administrador de control de servicios (SCM). Es lo que se espera durante el arranque, cuando el SCM aún no se ha iniciado. Se reintentará cuando se inicie."
"5/8/2025 11:59:24 p. m.","Advertencia","rt640x64","1","Realtek PCIe GbE Family Controller is disconnected from network."
"5/8/2025 11:59:22 p. m.","Advertencia","Microsoft-Windows-Kernel-PnP","219","No se pudo cargar el \Driver\WUDFRd del controlador.
Dispositivo: {DD8E82AE-334B-49A2-AEAE-AEB0FD5C40DD}\DetectionVerification\5&4bfb3d0&0&0
Estado: 0xC0000365"
"5/8/2025 11:59:22 p. m.","Información","Microsoft-Windows-DriverFrameworks-UserMode","10118","El reflector UMDF no se puede conectar al Administrador de control de servicios (SCM). Es lo que se espera durante el arranque, cuando el SCM aún no se ha iniciado. Se reintentará cuando se inicie."
"5/8/2025 11:59:22 p. m.","Información","Intel-SST-OED","28","Loaded DSP FW library: \??\C:\WINDOWS\System32\DriverStore\FileRepository\intcoed_oemlibpath.inf_amd64_69401f7e35684734\tgl_maxx_audio_pro.bin, status = STATUS_SUCCESS."
"5/8/2025 11:59:22 p. m.","Información","Intel-SST-OED","28","Loaded DSP FW library: Libs\dsp_lib_whm_tgl_release.bin, status = STATUS_SUCCESS."
"5/8/2025 11:59:22 p. m.","Información","Intel-SST-OED","28","Loaded DSP FW library: Libs\dsp_lib_intel_wov_tgl_release.bin, status = STATUS_SUCCESS."
"5/8/2025 11:59:22 p. m.","Información","Intel-SST-OED","28","Library is not supported in BIOS: \??\C:\WINDOWS\System32\DriverStore\FileRepository\intcoed_oemlibpath.inf_amd64_69401f7e35684734\tgl_tismartamp_lib.bin, status = Solicitud no compatible.."
"5/8/2025 11:59:22 p. m.","Información","Intel-SST-OED","29","FX module is not supported in BIOS:  {9a44a769-1a51-464a-a54b-1a4084bf370b} from \??\C:\WINDOWS\System32\DriverStore\FileRepository\intcoed_oemlibpath.inf_amd64_69401f7e35684734\tgl_tismartamp_lib.bin."
"5/8/2025 11:59:22 p. m.","Información","Intel-SST-OED","28","Library is not supported in BIOS: \??\C:\WINDOWS\System32\DriverStore\FileRepository\intcoed_oemlibpath.inf_amd64_69401f7e35684734\tgl_tisa_stereo_lib.bin, status = Solicitud no compatible.."
"5/8/2025 11:59:22 p. m.","Información","Intel-SST-OED","29","FX module is not supported in BIOS:  {a07eece7-8f01-4ecd-8bde-3e4de8a55f81} from \??\C:\WINDOWS\System32\DriverStore\FileRepository\intcoed_oemlibpath.inf_amd64_69401f7e35684734\tgl_tisa_stereo_lib.bin."
"5/8/2025 11:59:22 p. m.","Información","Intel-SST-OED","28","Library is not supported in BIOS: \??\C:\WINDOWS\System32\DriverStore\FileRepository\intcoed_oemlibpath.inf_amd64_69401f7e35684734\tgl_rtksep96_lib.bin, status = Solicitud no compatible.."
"5/8/2025 11:59:22 p. m.","Información","Intel-SST-OED","29","FX module is not supported in BIOS:  {7111001f-d35f-44d9-81d2-7ac685bed3d7} from \??\C:\WINDOWS\System32\DriverStore\FileRepository\intcoed_oemlibpath.inf_amd64_69401f7e35684734\tgl_rtksep96_lib.bin."
"5/8/2025 11:59:22 p. m.","Información","Intel-SST-OED","28","Library is not supported in BIOS: \??\C:\WINDOWS\System32\DriverStore\FileRepository\intcoed_oemlibpath.inf_amd64_69401f7e35684734\tgl_rtksep48_lib.bin, status = Solicitud no compatible.."
"5/8/2025 11:59:22 p. m.","Información","Intel-SST-OED","29","FX module is not supported in BIOS:  {7aa4db02-6b41-4bc3-a712-80a2dde29e11} from \??\C:\WINDOWS\System32\DriverStore\FileRepository\intcoed_oemlibpath.inf_amd64_69401f7e35684734\tgl_rtksep48_lib.bin."
"5/8/2025 11:59:22 p. m.","Información","Intel-SST-OED","28","Library is not supported in BIOS: \??\C:\WINDOWS\System32\DriverStore\FileRepository\intcoed_oemlibpath.inf_amd64_69401f7e35684734\tgl_rtksep483_lib.bin, status = Solicitud no compatible.."
"5/8/2025 11:59:22 p. m.","Información","Intel-SST-OED","29","FX module is not supported in BIOS:  {7bbe0c2c-9c46-4450-b322-114ece31c6bd} from \??\C:\WINDOWS\System32\DriverStore\FileRepository\intcoed_oemlibpath.inf_amd64_69401f7e35684734\tgl_rtksep483_lib.bin."
"5/8/2025 11:59:22 p. m.","Información","Intel-SST-OED","28","Library is not supported in BIOS: \??\C:\WINDOWS\System32\DriverStore\FileRepository\intcoed_oemlibpath.inf_amd64_69401f7e35684734\tgl_rtksep482_lib.bin, status = Solicitud no compatible.."
"5/8/2025 11:59:22 p. m.","Información","Intel-SST-OED","29","FX module is not supported in BIOS:  {79921daf-e755-45dc-b687-7c26eb97a7bd} from \??\C:\WINDOWS\System32\DriverStore\FileRepository\intcoed_oemlibpath.inf_amd64_69401f7e35684734\tgl_rtksep482_lib.bin."
"5/8/2025 11:59:22 p. m.","Información","Intel-SST-OED","28","Library is not supported in BIOS: \??\C:\WINDOWS\System32\DriverStore\FileRepository\intcoed_oemlibpath.inf_amd64_69401f7e35684734\tgl_rtksep24_lib.bin, status = Solicitud no compatible.."
"5/8/2025 11:59:22 p. m.","Información","Intel-SST-OED","29","FX module is not supported in BIOS:  {7111001f-d35f-44d9-81d2-77e0d5e1bcd8} from \??\C:\WINDOWS\System32\DriverStore\FileRepository\intcoed_oemlibpath.inf_amd64_69401f7e35684734\tgl_rtksep24_lib.bin."
"5/8/2025 11:59:22 p. m.","Información","Intel-SST-OED","28","Library is not supported in BIOS: \??\C:\WINDOWS\System32\DriverStore\FileRepository\intcoed_oemlibpath.inf_amd64_69401f7e35684734\tgl_nahimic_lib.bin, status = Solicitud no compatible.."
"5/8/2025 11:59:22 p. m.","Información","Intel-SST-OED","29","FX module is not supported in BIOS:  {7159bbd2-ef07-48e8-bdb7-17ee17423c14} from \??\C:\WINDOWS\System32\DriverStore\FileRepository\intcoed_oemlibpath.inf_amd64_69401f7e35684734\tgl_nahimic_lib.bin."
"5/8/2025 11:59:22 p. m.","Información","Netwtw10","7023","7023 - secure boot debug logging Quasar"
"5/8/2025 11:59:22 p. m.","Información","Netwtw10","7017","7017 - secure boot (SB) configuration"
"5/8/2025 11:59:21 p. m.","Información","Netwtw10","7010","7010 - driver enabled (miniport init)"
"5/8/2025 11:59:21 p. m.","Información","WiManH","2",
"5/8/2025 11:59:21 p. m.","Información","Netwtw10","7002","7002 - CTDP power limit value (SPLC)"
"5/8/2025 11:59:21 p. m.","Información","Netwtw10","7005","7005 - SAR value max TX power (WRDS)"
"5/8/2025 11:59:21 p. m.","Información","Netwtw10","7006","7006 - SAR Geo delta value (WGDS)"
"5/8/2025 11:59:21 p. m.","Información","MEIx64","2","Intel(R) Management Engine Interface driver has started successfully."
"5/8/2025 11:59:21 p. m.","Información","Netwtw10","7027","7027 - get Nic Manufacturere on init"
"5/8/2025 11:59:21 p. m.","Información","Netwtw10","7036","El servicio \Device\NDMP2 entró en estado Intel(R) Wi-Fi 6 AX201 160MHz."
"5/8/2025 11:59:21 p. m.","Información","Microsoft-Windows-Kernel-Power","521","Cambio de número de baterías"
"5/8/2025 11:59:21 p. m.","Información","Microsoft-Windows-Kernel-Power","521","Cambio de número de baterías"
"5/8/2025 11:59:21 p. m.","Información","Microsoft-Windows-Kernel-Processor-Power","55","El procesador 7 en el grupo 0 expone las siguientes funciones de administración de energía:

Tipo de estado inactivo: Micro Power Engine Plugin (estados 11)

Tipo de estado de rendimiento: ACPI Collaborative Processor Performance Control
Frecuencia nominal (MHz): 1382
Porcentaje de rendimiento máximo: 300
Porcentaje de rendimiento mínimo: 100
Porcentaje de limitación mínimo: 7"
"5/8/2025 11:59:21 p. m.","Información","Microsoft-Windows-Kernel-Processor-Power","55","El procesador 5 en el grupo 0 expone las siguientes funciones de administración de energía:

Tipo de estado inactivo: Micro Power Engine Plugin (estados 11)

Tipo de estado de rendimiento: ACPI Collaborative Processor Performance Control
Frecuencia nominal (MHz): 1382
Porcentaje de rendimiento máximo: 300
Porcentaje de rendimiento mínimo: 100
Porcentaje de limitación mínimo: 7"
"5/8/2025 11:59:21 p. m.","Información","Microsoft-Windows-Kernel-Processor-Power","55","El procesador 3 en el grupo 0 expone las siguientes funciones de administración de energía:

Tipo de estado inactivo: Micro Power Engine Plugin (estados 11)

Tipo de estado de rendimiento: ACPI Collaborative Processor Performance Control
Frecuencia nominal (MHz): 1382
Porcentaje de rendimiento máximo: 300
Porcentaje de rendimiento mínimo: 100
Porcentaje de limitación mínimo: 7"
"5/8/2025 11:59:21 p. m.","Información","Microsoft-Windows-Kernel-Processor-Power","55","El procesador 1 en el grupo 0 expone las siguientes funciones de administración de energía:

Tipo de estado inactivo: Micro Power Engine Plugin (estados 11)

Tipo de estado de rendimiento: ACPI Collaborative Processor Performance Control
Frecuencia nominal (MHz): 1382
Porcentaje de rendimiento máximo: 300
Porcentaje de rendimiento mínimo: 100
Porcentaje de limitación mínimo: 7"
"5/8/2025 11:59:21 p. m.","Información","Microsoft-Windows-Kernel-Processor-Power","55","El procesador 6 en el grupo 0 expone las siguientes funciones de administración de energía:

Tipo de estado inactivo: Micro Power Engine Plugin (estados 11)

Tipo de estado de rendimiento: ACPI Collaborative Processor Performance Control
Frecuencia nominal (MHz): 1382
Porcentaje de rendimiento máximo: 300
Porcentaje de rendimiento mínimo: 100
Porcentaje de limitación mínimo: 7"
"5/8/2025 11:59:21 p. m.","Información","Microsoft-Windows-Kernel-Processor-Power","55","El procesador 4 en el grupo 0 expone las siguientes funciones de administración de energía:

Tipo de estado inactivo: Micro Power Engine Plugin (estados 11)

Tipo de estado de rendimiento: ACPI Collaborative Processor Performance Control
Frecuencia nominal (MHz): 1382
Porcentaje de rendimiento máximo: 300
Porcentaje de rendimiento mínimo: 100
Porcentaje de limitación mínimo: 7"
"5/8/2025 11:59:21 p. m.","Información","Microsoft-Windows-Kernel-Processor-Power","55","El procesador 2 en el grupo 0 expone las siguientes funciones de administración de energía:

Tipo de estado inactivo: Micro Power Engine Plugin (estados 11)

Tipo de estado de rendimiento: ACPI Collaborative Processor Performance Control
Frecuencia nominal (MHz): 1382
Porcentaje de rendimiento máximo: 300
Porcentaje de rendimiento mínimo: 100
Porcentaje de limitación mínimo: 7"
"5/8/2025 11:59:21 p. m.","Información","nhi","9001","Thunderbolt driver is loaded and initialized connection to HW.
 Driver version: 1.41.1193.0
 NVM version: 48:1
"
"5/8/2025 11:59:20 p. m.","Información","Microsoft-Windows-Kernel-Processor-Power","55","El procesador 0 en el grupo 0 expone las siguientes funciones de administración de energía:

Tipo de estado inactivo: Micro Power Engine Plugin (estados 11)

Tipo de estado de rendimiento: ACPI Collaborative Processor Performance Control
Frecuencia nominal (MHz): 1382
Porcentaje de rendimiento máximo: 300
Porcentaje de rendimiento mínimo: 100
Porcentaje de limitación mínimo: 7"
"5/8/2025 11:59:19 p. m.","Información","Microsoft-Windows-Kernel-General","24","La información de zona horaria se actualizó con el motivo de salida 0. La diferencia de zona horaria actual es 240."
"5/8/2025 11:59:19 p. m.","Información","Microsoft-Windows-Kernel-General","15","El subárbol \SystemRoot\System32\Config\SOFTWARE se reorganizó con un tamaño inicial de 203956224 bytes y un tamaño final de 186609664 bytes."
"5/8/2025 11:59:18 p. m.","Información","Microsoft-Windows-Ntfs","98","Volumen \\?\Volume{87337007-4a35-4346-ac67-ed018ac82d6b} (\Device\HarddiskVolume4) es correcto. No se requiere ninguna acción."
"5/8/2025 11:59:17 p. m.","Advertencia","Microsoft-Windows-Kernel-PnP","219","No se pudo cargar el \Driver\WUDFRd del controlador.
Dispositivo: PCI\VEN_8086&DEV_9A03&SUBSYS_0B211028&REV_01\3&11583659&0&20
Estado: 0xC0000365"
"5/8/2025 11:59:17 p. m.","Información","Microsoft-Windows-DriverFrameworks-UserMode","10118","El reflector UMDF no se puede conectar al Administrador de control de servicios (SCM). Es lo que se espera durante el arranque, cuando el SCM aún no se ha iniciado. Se reintentará cuando se inicie."
"5/8/2025 11:59:14 p. m.","Información","Microsoft-Windows-Kernel-General","16","El historial de accesos en el subárbol \SystemRoot\System32\Config\DEFAULT se borró mediante la actualización de 908 claves y la creación de 105 páginas modificadas."
"5/8/2025 11:59:14 p. m.","Información","Microsoft-Windows-Kernel-General","16","El historial de accesos en el subárbol \SystemRoot\System32\Config\SAM se borró mediante la actualización de 71 claves y la creación de 8 páginas modificadas."
"5/8/2025 11:59:14 p. m.","Información","Microsoft-Windows-Kernel-General","16","El historial de accesos en el subárbol \SystemRoot\System32\Config\SECURITY se borró mediante la actualización de 86 claves y la creación de 5 páginas modificadas."
"5/8/2025 11:59:14 p. m.","Información","Microsoft-Windows-FilterManager","6","Filtro de sistema de archivos 'npsvctrig' (10.0, ‎1978‎-‎05‎-‎14T05:13:30.000000000Z) correctamente cargado y registrado con el administrador de filtros."
"5/8/2025 11:59:14 p. m.","Información","VfpExt","7036","El servicio  entró en estado Driver load complete."
"5/8/2025 11:59:14 p. m.","Información","VfpExt","7036","El servicio  entró en estado Driver unload complete."
"5/8/2025 11:59:14 p. m.","Información","VfpExt","7036","El servicio  entró en estado Driver unload start."
"5/8/2025 11:59:14 p. m.","Información","VfpExt","7036","El servicio  entró en estado Driver load start."
"5/8/2025 11:59:13 p. m.","Información","Microsoft-Windows-FilterManager","6","Filtro de sistema de archivos 'UCPD' (10.0, ‎2007‎-‎02‎-‎05T01:30:28.000000000Z) correctamente cargado y registrado con el administrador de filtros."
"5/8/2025 11:59:13 p. m.","Información","Microsoft-Windows-FilterManager","6","Filtro de sistema de archivos 'FileCrypt' (10.0, ‎2075‎-‎08‎-‎31T18:07:07.000000000Z) correctamente cargado y registrado con el administrador de filtros."
"5/8/2025 11:59:13 p. m.","Información","Microsoft-Windows-Ntfs","98","Volumen C: (\Device\HarddiskVolume3) es correcto. No se requiere ninguna acción."
"5/8/2025 11:59:12 p. m.","Información","Microsoft-Windows-FilterManager","6","Filtro de sistema de archivos 'WdFilter' (10.0, ‎2020‎-‎04‎-‎16T04:35:56.000000000Z) correctamente cargado y registrado con el administrador de filtros."
"5/8/2025 11:59:12 p. m.","Información","Microsoft-Windows-FilterManager","6","Filtro de sistema de archivos 'Wof' (10.0, ‎2033‎-‎09‎-‎02T19:41:44.000000000Z) correctamente cargado y registrado con el administrador de filtros."
"5/8/2025 11:59:12 p. m.","Información","Microsoft-Windows-FilterManager","6","Filtro de sistema de archivos 'FileInfo' (10.0, ‎2093‎-‎04‎-‎01T21:29:43.000000000Z) correctamente cargado y registrado con el administrador de filtros."
"5/8/2025 11:59:12 p. m.","Información","Microsoft-Windows-FilterManager","6","Filtro de sistema de archivos 'WinSetupMon' (10.0, ‎2104‎-‎05‎-‎25T21:43:09.000000000Z) correctamente cargado y registrado con el administrador de filtros."
"5/8/2025 11:59:11 p. m.","Información","Microsoft-Windows-HAL","16","Se ha inicializado el informe de errores IOMMU."
"5/8/2025 11:59:11 p. m.","Información","Microsoft-Windows-Kernel-General","20","Se ha actualizado la configuración del segundo intercalar. 
Motivo: Leap second data initialized from registry during boot
Segundos intercalares habilitados: true
Nuevo recuento de segundos intercalares: 0
Antiguo recuento de segundos intercalares: 0"
"5/8/2025 11:59:11 p. m.","Información","Microsoft-Windows-Kernel-Boot","30","El firmware notificó métricas de arranque."
"5/8/2025 11:59:11 p. m.","Información","Microsoft-Windows-IsolatedUserMode","3","Secure Kernel started with status STATUS_SUCCESS and flags HvciEnabled,HvciStrictMode."
"5/8/2025 11:59:11 p. m.","Información","Microsoft-Windows-Hyper-V-Hypervisor","165","Mitigaciones configuradas del hipervisor para CVE-2019-11091, CVE-2018-12126, CVE-2018-12127, CVE-2018-12130 para máquinas virtuales.

Procesador no afectado: true
Familia de procesadores no afectada: false
El procesador admite el vaciado del búfer microarquitectura: false
Vaciado del búfer necesario: false
"
"5/8/2025 11:59:11 p. m.","Información","Microsoft-Windows-Hyper-V-Hypervisor","156","Mitigaciones configuradas del hipervisor para CVE-2018-3646 para máquinas virtuales.

Procesador no afectado: true
Familia de procesadores no afectada: false
El procesador admite el vaciado de caché: true
HyperThreading habilitado: true
El hipervisor primario aplica mitigaciones: false
Mitigaciones deshabilitadas por bcdedit: false
Mitigaciones habilitadas: true
Es necesario vaciar la caché: false
"
"5/8/2025 11:59:11 p. m.","Información","Microsoft-Windows-Hyper-V-Hypervisor","129","El hipervisor inicializó la reasignación de E/S.

Hardware presente: true
Hardware habilitado: true
Directiva: 0x0
Características habilitadas: 0x43
Información interna: 0x0
Problemas: 0x0
Información adicional: 0x0"
"5/8/2025 11:59:11 p. m.","Información","Microsoft-Windows-Hyper-V-Hypervisor","2","El tipo de programador de hipervisor es 0x4."
"5/8/2025 11:59:11 p. m.","Información","Microsoft-Windows-Hyper-V-Hypervisor","1","El hipervisor se inició correctamente. "
"5/8/2025 11:59:11 p. m.","Información","Microsoft-Windows-Kernel-Boot","27","El tipo de arranque fue 0x0."
"5/8/2025 11:59:11 p. m.","Información","Microsoft-Windows-Kernel-Boot","25","La directiva del menú de arranque fue 0x1."
"5/8/2025 11:59:11 p. m.","Información","Microsoft-Windows-Kernel-Boot","238","Diferencia de zona horaria EFI: 2047. Marcas de verano: 0. Hora del firmware: ‎2025‎-‎08‎-‎05T23:59:08.000000000Z. "
"5/8/2025 11:59:11 p. m.","Información","Microsoft-Windows-Kernel-Boot","247","No se puede cargar el firmware de Pluton-Windows. StatusCode: STATUS_SUCCESS, Motivo: Failed to apply firmware."
"5/8/2025 11:59:11 p. m.","Información","Microsoft-Windows-Kernel-Boot","20","El último estado correcto de apagado fue true. El último estado correcto de arranque fue true."
"5/8/2025 11:59:11 p. m.","Información","Microsoft-Windows-Kernel-Boot","32","Bootmgr esperó la entrada del usuario durante 0 ms."
"5/8/2025 11:59:11 p. m.","Información","Microsoft-Windows-Kernel-Boot","18","Existen 0x1 opciones de arranque en este sistema."
"5/8/2025 11:59:11 p. m.","Información","Microsoft-Windows-Kernel-Boot","153","La seguridad basada en virtualización (directivas: VBS Enabled,VSM Required,Hvci,Boot Chain Signer Soft Enforced) es enabled due to VBS registry configuration."
"5/8/2025 11:59:11 p. m.","Información","Microsoft-Windows-Kernel-General","25","La hora del sistema se inicializó a ‎2025‎-‎08‎-‎06T03:59:10.500000000Z. 

Hora del cargador: ‎2025‎-‎08‎-‎06T03:59:08.000000000Z
Marcas de arranque internas: 0x2
código de error HAL RTC: 0x0
la hora RTC está en UTC: false
Arranque flexible: false
Correcto: true
Fase: 0"
"5/8/2025 11:59:11 p. m.","Información","Microsoft-Windows-Kernel-General","12","El sistema operativo se inició a la hora del sistema ‎2025‎-‎08‎-‎06T03:59:10.500000000Z."
"5/8/2025 11:58:47 p. m.","Información","Microsoft-Windows-Kernel-General","13","El sistema operativo se está cerrando a la hora del sistema ‎2025‎-‎08‎-‎06T03:58:47.829587700Z."
"5/8/2025 11:58:47 p. m.","Información","Microsoft-Windows-Kernel-Power","577","El sistema se ha preparado para que el sistema inicie un reinicio desde Active."
"5/8/2025 11:58:46 p. m.","Información","nhi","9008","Driver exit RTD3.
 All the connected devices will now cause DeviceConnected events."
"5/8/2025 11:58:46 p. m.","Información","Microsoft-Windows-Kernel-Power","109","El administrador de energía del kernel ha iniciado una transición de apagado.

Acción: Power Action Reboot 
Código de evento: 0x0 
Motivo: Kernel API"
"5/8/2025 11:58:43 p. m.","Información","Microsoft-Windows-WLAN-AutoConfig","4001","El servicio de Configuración automática de WLAN se detuvo correctamente.
"
"5/8/2025 11:58:43 p. m.","Advertencia","Microsoft-Windows-WLAN-AutoConfig","10002","Se detuvo el módulo de extensibilidad de WLAN.

Ruta de acceso del módulo: C:\WINDOWS\system32\IntelIHVRouter10.dll
"
"5/8/2025 11:59:28 p. m.","Información","EventLog","6013","El tiempo límite del sistema es de 18 segundos."
"5/8/2025 11:59:28 p. m.","Información","EventLog","6005","Se inició el servicio de Registro de eventos."
"5/8/2025 11:59:28 p. m.","Información","EventLog","6009","Microsoft (R) Windows (R) 10.00. 26100  Multiprocessor Free."
"5/8/2025 11:58:41 p. m.","Información","Microsoft-Windows-Dhcp-Client","50037","Servicio cliente DHCPv4 detenido. Valor de la marca ShutDown: 1"
"5/8/2025 11:58:41 p. m.","Información","Microsoft-Windows-Dhcp-Client","50106","DHCPv4 está esperando a que se detenga el servicio DHCPv6"
"5/8/2025 11:58:41 p. m.","Información","Microsoft-Windows-DHCPv6-Client","51057","La parada del servicio del cliente DHCPv6 está casi lista. El recuento de referencia de contexto DHCP es 1"
"5/8/2025 11:58:41 p. m.","Información","Microsoft-Windows-DHCPv6-Client","51057","La parada del servicio del cliente DHCPv6 está casi lista. El recuento de referencia de contexto DHCP es 1"
"5/8/2025 11:58:41 p. m.","Información","Microsoft-Windows-DHCPv6-Client","51047","Servicio de cliente DHCPv6 detenido. El valor de la marca ShutDown es 1"
"5/8/2025 11:58:41 p. m.","Información","Microsoft-Windows-Dhcp-Client","50105","El cliente DHCPv4 ProcessDHCPRequestForever recibió TERMINATE_EVENT"
"5/8/2025 11:58:41 p. m.","Información","Microsoft-Windows-Dhcp-Client","50104","El cliente DHCPv4 recibió una notificación de apagado"
"5/8/2025 11:58:41 p. m.","Información","Microsoft-Windows-Kernel-General","1","La hora del sistema ha cambiado a ‎2025‎-‎08‎-‎06T03:58:41.771009800Z de ‎2025‎-‎08‎-‎06T03:58:41.770282700Z.
Diferencia horaria: 0 ms

Motivo del cambio: An application or system component changed the time.
Proceso: '\Device\HarddiskVolume3\Windows\System32\svchost.exe' (PID 1708).

Hora de RTC: ‎2025‎-‎08‎-‎05T23:58:41.771009800Z
Diferencia de zona horaria actual: 240
hora RTC es UTC: false
La hora del sistema se basaba en la hora RTC: false"
"5/8/2025 11:58:41 p. m.","Error","Microsoft-Windows-HAL","21","No se estableció el reloj en tiempo real de hardware debido a un error en la evaluación del método de dispositivo de alarma y hora ACPI.  Estado: 0xC00000BB."
"5/8/2025 11:58:41 p. m.","Error","Microsoft-Windows-HAL","20","No se consultó el reloj en tiempo real de hardware debido a un error en la evaluación del método de dispositivo de alarma y hora ACPI.  Estado: 0xC00000BB."
"5/8/2025 11:58:41 p. m.","Información","Microsoft-Windows-Kernel-General","24","La información de zona horaria se actualizó con el motivo de salida 0. La diferencia de zona horaria actual es 240."
"5/8/2025 11:58:41 p. m.","Información","EventLog","6006","Se detuvo el servicio de Registro de eventos."
"5/8/2025 11:58:36 p. m.","Información","Microsoft-Windows-Winlogon","7002","Notificación de cierre de sesión de usuario para el Programa para la mejora de la experiencia del usuario"
"5/8/2025 11:58:36 p. m.","Información","User32","1074","El proceso C:\WINDOWS\system32\winlogon.exe (TICPC-05) inició el Reinicio del equipo TICPC-05 en nombre del usuario NT AUTHORITY\SYSTEM por el siguiente motivo: No se encontraron títulos para este motivo
 Código de motivo: 0x500ff
 Tipo de apagado: Reinicio
 Comentario: "
"5/8/2025 11:58:31 p. m.","Información","Microsoft-Windows-IsolatedUserMode","2","Secure Trustlet Id 0 and Pid 0 stopped with status STATUS_SUCCESS."
"5/8/2025 11:58:30 p. m.","Información","User32","1074","El proceso OptionalFeatures.exe inició el Reinicio del equipo TICPC-05 en nombre del usuario TICPC-05\PCTIC-05 por el siguiente motivo: No se encontraron títulos para este motivo
 Código de motivo: 0x80020000
 Tipo de apagado: Reinicio
 Comentario: "
"5/8/2025 11:57:50 p. m.","Información","Service Control Manager","7040","El tipo de inicio del servicio Windows Modules Installer se cambió de inicio por solicitud a inicio automático."
"5/8/2025 11:45:23 p. m.","Advertencia","Netwtw10","6062","6062 - Lso was triggered"
"5/8/2025 11:45:21 p. m.","Información","Netwtw10","7021","7021 - Connection telemetry fields and analysis usage"
"5/8/2025 11:02:44 p. m.","Información","Microsoft-Windows-UserPnp","20003","La administración de controladores finalizó el proceso de agregar el servicio VBoxNetAdp para el identificador de instancia de dispositivo ROOT\NET\0000 con el siguiente estado: 0."
"5/8/2025 11:02:44 p. m.","Información","Service Control Manager","7045","Se instaló un servicio en el sistema.

Nombre del servicio:  VirtualBox NDIS 6.0 Miniport Service
Nombre del archivo del servicio:  \SystemRoot\system32\DRIVERS\VBoxNetAdp6.sys
Tipo de servicio:  controlador de modo kernel
Tipo de inicio de servicio:  inicio por solicitud
Cuenta de servicio:  "
"5/8/2025 11:02:42 p. m.","Información","Service Control Manager","7045","Se instaló un servicio en el sistema.

Nombre del servicio:  VirtualBox NDIS6 Bridged Networking Service
Nombre del archivo del servicio:  \SystemRoot\system32\DRIVERS\VBoxNetLwf.sys
Tipo de servicio:  controlador de modo kernel
Tipo de inicio de servicio:  inicio del sistema
Cuenta de servicio:  "
"5/8/2025 11:02:41 p. m.","Información","Service Control Manager","7045","Se instaló un servicio en el sistema.

Nombre del servicio:  VirtualBox system service
Nombre del archivo del servicio:  ""C:\Program Files\Oracle\VirtualBox\VBoxSDS.exe""
Tipo de servicio:  servicio de modo usuario
Tipo de inicio de servicio:  inicio por solicitud
Cuenta de servicio:  LocalSystem"
"5/8/2025 11:02:31 p. m.","Información","Service Control Manager","7045","Se instaló un servicio en el sistema.

Nombre del servicio:  VirtualBox USB Monitor Service
Nombre del archivo del servicio:  \SystemRoot\System32\drivers\VBoxUSBMon.sys
Tipo de servicio:  controlador de modo kernel
Tipo de inicio de servicio:  inicio del sistema
Cuenta de servicio:  "
"5/8/2025 11:02:16 p. m.","Información","Service Control Manager","7045","Se instaló un servicio en el sistema.

Nombre del servicio:  VirtualBox Service
Nombre del archivo del servicio:  \SystemRoot\System32\drivers\VBoxSup.sys
Tipo de servicio:  controlador de modo kernel
Tipo de inicio de servicio:  inicio del sistema
Cuenta de servicio:  "
"5/8/2025 10:48:27 p. m.","Información","Microsoft-Windows-Kernel-Power","105","Cambio de fuente de energía."
"5/8/2025 10:34:37 p. m.","Información","Microsoft-Windows-IsolatedUserMode","5","Secure Trustlet NULL Id 0 and Pid 0 started with status STATUS_SUCCESS."
"5/8/2025 10:34:37 p. m.","Información","Microsoft-Windows-IsolatedUserMode","2","Secure Trustlet Id 0 and Pid 0 stopped with status STATUS_SUCCESS."
"5/8/2025 10:31:43 p. m.","Error","Microsoft-Windows-DistributedCOM","10010","El servidor {88435F68-FFC1-445F-8EDF-EF78B84BA1C7} no se registró con DCOM dentro del tiempo de espera requerido."
"5/8/2025 10:31:11 p. m.","Error","Microsoft-Windows-DistributedCOM","10010","El servidor {88435F68-FFC1-445F-8EDF-EF78B84BA1C7} no se registró con DCOM dentro del tiempo de espera requerido."
"5/8/2025 10:30:40 p. m.","Error","Microsoft-Windows-DistributedCOM","10010","El servidor {88435F68-FFC1-445F-8EDF-EF78B84BA1C7} no se registró con DCOM dentro del tiempo de espera requerido."
"5/8/2025 10:30:18 p. m.","Información","Microsoft-Windows-Kernel-General","16","El historial de accesos en el subárbol \??\C:\Users\PCTIC-05\AppData\Local\Packages\Microsoft.ScreenSketch_8wekyb3d8bbwe\Settings\settings.dat se borró mediante la actualización de 2 claves y la creación de 1 páginas modificadas."
"5/8/2025 9:37:17 p. m.","Información","nhi","9007","The driver entered RTD3.
 All the connected devices will be removed from driver's internal state, so it is expected that DeviceDisconnected events will happen."
"5/8/2025 9:37:12 p. m.","Información","nhi","9008","Driver exit RTD3.
 All the connected devices will now cause DeviceConnected events."
"5/8/2025 8:14:52 p. m.","Información","Microsoft-Windows-IsolatedUserMode","5","Secure Trustlet NULL Id 0 and Pid 0 started with status STATUS_SUCCESS."
"5/8/2025 8:14:51 p. m.","Información","Microsoft-Windows-IsolatedUserMode","2","Secure Trustlet Id 0 and Pid 0 stopped with status STATUS_SUCCESS."
"5/8/2025 8:11:10 p. m.","Información","Microsoft-Windows-IsolatedUserMode","2","Secure Trustlet Id 6 and Pid 14948 stopped with status STATUS_SUCCESS."
"5/8/2025 8:03:30 p. m.","Información","Microsoft-Windows-IsolatedUserMode","1","Secure Trustlet \??\C:\WINDOWS\System32\NgcIso.exe Id 6 and Pid 14948 started with status STATUS_SUCCESS."
"5/8/2025 8:03:30 p. m.","Información","Microsoft-Windows-IsolatedUserMode","5","Secure Trustlet NULL Id 0 and Pid 0 started with status STATUS_SUCCESS."
"5/8/2025 8:02:15 p. m.","Error","Microsoft-Windows-DistributedCOM","10010","El servidor {8CFC164F-4BE5-4FDD-94E9-E2AF73ED4A19} no se registró con DCOM dentro del tiempo de espera requerido."
"5/8/2025 8:01:45 p. m.","Información","Microsoft-Windows-Kernel-General","16","El historial de accesos en el subárbol \??\C:\Users\PCTIC-05\AppData\Local\Packages\MicrosoftWindows.Client.WebExperience_cw5n1h2txyewy\SystemAppData\Helium\UserClasses.dat se borró mediante la actualización de 15 claves y la creación de 2 páginas modificadas."
"5/8/2025 8:01:44 p. m.","Información","Microsoft-Windows-Kernel-General","16","El historial de accesos en el subárbol \??\C:\Users\PCTIC-05\AppData\Local\Packages\MicrosoftWindows.Client.WebExperience_cw5n1h2txyewy\SystemAppData\Helium\User.dat se borró mediante la actualización de 25 claves y la creación de 3 páginas modificadas."
"5/8/2025 7:58:53 p. m.","Información","Microsoft-Windows-WindowsUpdateClient","44","Windows Update comenzó a descargar una actualización."
"5/8/2025 7:58:53 p. m.","Información","Microsoft-Windows-WindowsUpdateClient","44","Windows Update comenzó a descargar una actualización."
"5/8/2025 7:53:45 p. m.","Información","Microsoft-Windows-Kernel-General","16","El historial de accesos en el subárbol \??\C:\Users\PCTIC-05\AppData\Local\Packages\MicrosoftWindows.Client.WebExperience_cw5n1h2txyewy\Settings\settings.dat se borró mediante la actualización de 6 claves y la creación de 1 páginas modificadas."
"5/8/2025 7:51:36 p. m.","Información","Microsoft-Windows-Kernel-General","16","El historial de accesos en el subárbol \??\C:\Users\PCTIC-05\AppData\Local\Packages\Microsoft.LockApp_cw5n1h2txyewy\Settings\settings.dat se borró mediante la actualización de 4 claves y la creación de 1 páginas modificadas."
"5/8/2025 7:51:34 p. m.","Información","Microsoft-Windows-Kernel-Power","566","La sesión del sistema ha cambiado de 209 a 210.

Motivo PolicyChange 

BootId: 10"
"5/8/2025 7:51:34 p. m.","Información","Microsoft-Windows-Kernel-Power","507","El sistema está saliendo del modo de espera moderno 

motivo: Lid. "
"5/8/2025 7:51:34 p. m.","Información","Microsoft-Windows-Kernel-Power","172","Estado de conectividad en modo de espera: Connected. Motivo: None"
"5/8/2025 7:51:34 p. m.","Información","Netwtw10","7026","7026 - Dump after return from D3 after cmd"
"5/8/2025 7:51:34 p. m.","Información","Netwtw10","7025","7025 - Dump after return from D3 before cmd "
"5/8/2025 7:51:34 p. m.","Advertencia","Win32k","701","Administrador de energía no solicitó la supresión de todas las entradas (INPUT_SUPPRESS_REQUEST = 0)"
"5/8/2025 7:51:34 p. m.","Advertencia","Win32k","701","Administrador de energía no solicitó la supresión de todas las entradas (INPUT_SUPPRESS_REQUEST = 0)"
"5/8/2025 7:39:15 p. m.","Información","Microsoft-Windows-Kernel-Power","172","Estado de conectividad en modo de espera: Disconnected. Motivo: Adaptive Connected Standby"
"5/8/2025 7:39:08 p. m.","Información","Microsoft-Windows-Kernel-Power","566","La sesión del sistema ha cambiado de 208 a 209.

Motivo PolicyChange 

BootId: 10"
"5/8/2025 7:39:08 p. m.","Advertencia","Win32k","700","Administrador de energía solicitó la supresión de todas las entradas (INPUT_SUPPRESS_REQUEST = 1)"
"5/8/2025 7:39:08 p. m.","Advertencia","Win32k","700","Administrador de energía solicitó la supresión de todas las entradas (INPUT_SUPPRESS_REQUEST = 1)"
"5/8/2025 7:39:08 p. m.","Información","Microsoft-Windows-Kernel-Power","506","El sistema está entrando en el modo de espera moderno 

motivo: Lid. "
"5/8/2025 7:39:08 p. m.","Información","Microsoft-Windows-Kernel-Power","566","La sesión del sistema ha cambiado de 207 a 208.

Motivo PolicyChange 

BootId: 10"
"5/8/2025 7:37:21 p. m.","Error","Microsoft-Windows-WindowsUpdateClient","20","Error de instalación: error de Windows al instalar la siguiente actualización, error 0x80073D02: 9MSSGKG348SP-MicrosoftWindows.Client.WebExperience."
"5/8/2025 7:37:20 p. m.","Información","Microsoft-Windows-WindowsUpdateClient","43","Instalación iniciada: Windows comenzó a instalar la actualización siguiente: 9MSSGKG348SP-MicrosoftWindows.Client.WebExperience"
"5/8/2025 7:37:12 p. m.","Información","TPM","17","El hardware del Módulo de plataforma segura (TPM) no pudo ejecutar un comando de TPM."
"5/8/2025 7:37:11 p. m.","Información","TPM","17","El hardware del Módulo de plataforma segura (TPM) no pudo ejecutar un comando de TPM."
"5/8/2025 7:37:11 p. m.","Información","Microsoft-Windows-Kernel-General","16","El historial de accesos en el subárbol \??\C:\ProgramData\Microsoft\Windows\AppRepository\Packages\MicrosoftWindows.Client.WebExperience_525.18101.90.0_x64__cw5n1h2txyewy\ActivationStore.dat se borró mediante la actualización de 0 claves y la creación de 0 páginas modificadas."
"5/8/2025 7:37:11 p. m.","Información","TPM","17","El hardware del Módulo de plataforma segura (TPM) no pudo ejecutar un comando de TPM."
"5/8/2025 7:37:06 p. m.","Advertencia","Microsoft-Windows-DistributedCOM","10016","La configuración de permisos específico de la aplicación no concede el permiso Activación Local para la aplicación de servidor COM con CLSID 
{2593F8B9-4EAF-457C-B68A-50F6B8EA6B54}
 y APPID 
{15C20B67-12E7-4BB6-92BB-7AFF07997402}
 al usuario TICPC-05\PCTIC-05 con SID (S-1-5-21-72991934-2165796093-3938425774-1001) en la dirección LocalHost (con LRPC) que se ejecuta en el contenedor de aplicaciones con SID MSTeams_25163.3611.3774.6315_x64__8wekyb3d8bbwe (No disponible). Este permiso de seguridad se puede modificar mediante la herramienta administrativa Servicios de componentes."
"5/8/2025 7:36:24 p. m.","Error","Microsoft-Windows-WindowsUpdateClient","20","Error de instalación: error de Windows al instalar la siguiente actualización, error 0x80073D02: 9NHT9RB2F4HD-Microsoft.Copilot."
"5/8/2025 7:36:24 p. m.","Información","Microsoft-Windows-WindowsUpdateClient","43","Instalación iniciada: Windows comenzó a instalar la actualización siguiente: 9NHT9RB2F4HD-Microsoft.Copilot"
"5/8/2025 7:36:24 p. m.","Información","Microsoft-Windows-WindowsUpdateClient","44","Windows Update comenzó a descargar una actualización."
"5/8/2025 7:36:11 p. m.","Información","Microsoft-Windows-WindowsUpdateClient","19","Instalación correcta: Windows instaló correctamente la siguiente actualización: 9NBLGGH4LS1F-Microsoft.StorePurchaseApp"
"5/8/2025 7:36:09 p. m.","Información","Microsoft-Windows-Kernel-General","16","El historial de accesos en el subárbol \??\C:\Users\PCTIC-05\AppData\Local\Packages\Microsoft.StorePurchaseApp_8wekyb3d8bbwe\Settings\settings.dat se borró mediante la actualización de 1 claves y la creación de 1 páginas modificadas."
"5/8/2025 7:36:08 p. m.","Información","Microsoft-Windows-WindowsUpdateClient","43","Instalación iniciada: Windows comenzó a instalar la actualización siguiente: 9NBLGGH4LS1F-Microsoft.StorePurchaseApp"
"5/8/2025 7:36:08 p. m.","Información","Microsoft-Windows-WindowsUpdateClient","44","Windows Update comenzó a descargar una actualización."
"5/8/2025 7:36:05 p. m.","Información","Microsoft-Windows-Kernel-General","16","El historial de accesos en el subárbol \??\C:\ProgramData\Microsoft\Windows\AppRepository\Packages\Microsoft.StorePurchaseApp_22506.1401.3.0_x64__8wekyb3d8bbwe\ActivationStore.dat se borró mediante la actualización de 0 claves y la creación de 0 páginas modificadas."
"5/8/2025 7:35:39 p. m.","Información","Microsoft-Windows-WindowsUpdateClient","44","Windows Update comenzó a descargar una actualización."
"5/8/2025 7:35:39 p. m.","Información","Microsoft-Windows-WindowsUpdateClient","44","Windows Update comenzó a descargar una actualización."
"5/8/2025 7:35:39 p. m.","Información","Microsoft-Windows-WindowsUpdateClient","44","Windows Update comenzó a descargar una actualización."
"5/8/2025 7:25:55 p. m.","Información","Microsoft-Windows-WindowsUpdateClient","19","Instalación correcta: Windows instaló correctamente la siguiente actualización: Actualización de inteligencia de seguridad para Microsoft Defender Antivirus - KB2267602 (versión 1.433.305.0) - Canal actual (ampliado)"
"5/8/2025 7:25:46 p. m.","Información","Microsoft-Windows-WindowsUpdateClient","43","Instalación iniciada: Windows comenzó a instalar la actualización siguiente: Actualización de inteligencia de seguridad para Microsoft Defender Antivirus - KB2267602 (versión 1.433.305.0) - Canal actual (ampliado)"
"5/8/2025 7:25:09 p. m.","Información","Microsoft-Windows-WindowsUpdateClient","44","Windows Update comenzó a descargar una actualización."
"5/8/2025 7:16:39 p. m.","Información","Microsoft-Windows-Kernel-General","16","El historial de accesos en el subárbol \??\C:\Users\PCTIC-05\AppData\Local\Packages\Microsoft.DesktopAppInstaller_8wekyb3d8bbwe\Settings\settings.dat se borró mediante la actualización de 2 claves y la creación de 1 páginas modificadas."
"5/8/2025 7:16:38 p. m.","Información","Microsoft-Windows-Kernel-General","16","El historial de accesos en el subárbol \??\C:\Users\PCTIC-05\AppData\Local\Packages\Microsoft.WindowsStore_8wekyb3d8bbwe\Settings\settings.dat se borró mediante la actualización de 17 claves y la creación de 4 páginas modificadas."
"5/8/2025 7:15:52 p. m.","Información","Microsoft-Windows-Kernel-General","1","La hora del sistema ha cambiado a ‎2025‎-‎08‎-‎05T23:15:52.057664100Z de ‎2025‎-‎08‎-‎05T23:15:52.057545900Z.
Diferencia horaria: 0 ms

Motivo del cambio: An application or system component changed the time.
Proceso: '\Device\HarddiskVolume3\Windows\System32\svchost.exe' (PID 1708).

Hora de RTC: ‎2025‎-‎08‎-‎05T19:15:52.057664100Z
Diferencia de zona horaria actual: 240
hora RTC es UTC: false
La hora del sistema se basaba en la hora RTC: false"
"5/8/2025 7:15:52 p. m.","Error","Microsoft-Windows-HAL","21","No se estableció el reloj en tiempo real de hardware debido a un error en la evaluación del método de dispositivo de alarma y hora ACPI.  Estado: 0xC00000BB."
"5/8/2025 7:15:52 p. m.","Error","Microsoft-Windows-HAL","20","No se consultó el reloj en tiempo real de hardware debido a un error en la evaluación del método de dispositivo de alarma y hora ACPI.  Estado: 0xC00000BB."
"5/8/2025 7:15:52 p. m.","Información","Microsoft-Windows-Kernel-General","24","La información de zona horaria se actualizó con el motivo de salida 0. La diferencia de zona horaria actual es 240."
"5/8/2025 7:15:52 p. m.","Información","Microsoft-Windows-Kernel-General","1","La hora del sistema ha cambiado a ‎2025‎-‎08‎-‎05T23:15:52.055394300Z de ‎2025‎-‎08‎-‎05T23:15:53.492797000Z.
Diferencia horaria: -1437 ms

Motivo del cambio: An application or system component changed the time.
Proceso: '\Device\HarddiskVolume3\Windows\System32\svchost.exe' (PID 1708).

Hora de RTC: ‎2025‎-‎08‎-‎05T19:15:52.055394300Z
Diferencia de zona horaria actual: 240
hora RTC es UTC: false
La hora del sistema se basaba en la hora RTC: false"
"5/8/2025 7:15:52 p. m.","Error","Microsoft-Windows-HAL","21","No se estableció el reloj en tiempo real de hardware debido a un error en la evaluación del método de dispositivo de alarma y hora ACPI.  Estado: 0xC00000BB."
