"18/8/2025 8:14:35 p. m.","Información","Microsoft-Windows-IsolatedUserMode","2","Secure Trustlet Id 6 and Pid 17296 stopped with status STATUS_SUCCESS."
"18/8/2025 8:06:50 p. m.","Información","Microsoft-Windows-IsolatedUserMode","1","Secure Trustlet \??\C:\WINDOWS\System32\NgcIso.exe Id 6 and Pid 17296 started with status STATUS_SUCCESS."
"18/8/2025 8:06:50 p. m.","Información","Microsoft-Windows-IsolatedUserMode","5","Secure Trustlet NULL Id 0 and Pid 0 started with status STATUS_SUCCESS."
"18/8/2025 8:06:01 p. m.","Advertencia","Microsoft-Windows-DistributedCOM","10016","La configuración de permisos específico de la aplicación no concede el permiso Activación Local para la aplicación de servidor COM con CLSID 
{2593F8B9-4EAF-457C-B68A-50F6B8EA6B54}
 y APPID 
{15C20B67-12E7-4BB6-92BB-7AFF07997402}
 al usuario TICPC-05\PCTIC-05 con SID (S-1-5-21-72991934-2165796093-3938425774-1001) en la dirección LocalHost (con LRPC) que se ejecuta en el contenedor de aplicaciones con SID No disponible (No disponible). Este permiso de seguridad se puede modificar mediante la herramienta administrativa Servicios de componentes."
"18/8/2025 7:44:51 p. m.","Información","Microsoft-Windows-WindowsUpdateClient","19","Instalación correcta: Windows instaló correctamente la siguiente actualización: Intel Corporation - Bluetooth - 23.130.0.3"
"18/8/2025 7:44:45 p. m.","Información","Microsoft-Windows-WindowsUpdateClient","43","Instalación iniciada: Windows comenzó a instalar la actualización siguiente: Intel Corporation - Bluetooth - 23.130.0.3"
"18/8/2025 7:10:23 p. m.","Información","Microsoft-Windows-WindowsUpdateClient","44","Windows Update comenzó a descargar una actualización."
"18/8/2025 7:10:15 p. m.","Información","Microsoft-Windows-Kernel-Power","105","Cambio de fuente de energía."
"18/8/2025 4:44:45 p. m.","Información","Microsoft-Windows-WindowsUpdateClient","19","Instalación correcta: Windows instaló correctamente la siguiente actualización: Actualización de inteligencia de seguridad para Microsoft Defender Antivirus - KB2267602 (versión 1.435.250.0) - Canal actual (ampliado)"
"18/8/2025 4:44:23 p. m.","Información","Microsoft-Windows-WindowsUpdateClient","43","Instalación iniciada: Windows comenzó a instalar la actualización siguiente: Actualización de inteligencia de seguridad para Microsoft Defender Antivirus - KB2267602 (versión 1.435.250.0) - Canal actual (ampliado)"
"18/8/2025 4:44:22 p. m.","Información","Microsoft-Windows-WindowsUpdateClient","44","Windows Update comenzó a descargar una actualización."
"18/8/2025 4:21:23 p. m.","Advertencia","Microsoft-Windows-DistributedCOM","10016","La configuración de permisos específico de la aplicación no concede el permiso Activación Local para la aplicación de servidor COM con CLSID 
{8BC3F05E-D86B-11D0-A075-00C04FB68820}
 y APPID 
{8BC3F05E-D86B-11D0-A075-00C04FB68820}
 al usuario TICPC-05\PCTIC-05 con SID (S-1-5-21-72991934-2165796093-3938425774-1001) en la dirección LocalHost (con LRPC) que se ejecuta en el contenedor de aplicaciones con SID No disponible (S-1-15-2-327653943-2805330454-726022625-1439605909-1790976397-3586512788-3168755717). Este permiso de seguridad se puede modificar mediante la herramienta administrativa Servicios de componentes."
"18/8/2025 4:07:15 p. m.","Información","Microsoft-Windows-Kernel-Power","105","Cambio de fuente de energía."
"18/8/2025 4:06:08 p. m.","Información","Microsoft-Windows-Kernel-Power","566","La sesión del sistema ha cambiado de 45 a 46.

Motivo PolicyChange 

BootId: 15"
"18/8/2025 4:06:08 p. m.","Información","Microsoft-Windows-Kernel-Power","507","El sistema está saliendo del modo de espera moderno 

motivo: Lid. "
"18/8/2025 4:06:08 p. m.","Información","Microsoft-Windows-Kernel-General","1","La hora del sistema ha cambiado a ‎2025‎-‎08‎-‎18T20:06:08.548115500Z de ‎2025‎-‎08‎-‎18T20:06:08.547200600Z.
Diferencia horaria: 0 ms

Motivo del cambio: An application or system component changed the time.
Proceso: '\Device\HarddiskVolume3\Windows\System32\svchost.exe' (PID 12740).

Hora de RTC: ‎2025‎-‎08‎-‎18T16:06:08.548115500Z
Diferencia de zona horaria actual: 240
hora RTC es UTC: false
La hora del sistema se basaba en la hora RTC: false"
"18/8/2025 4:06:08 p. m.","Error","Microsoft-Windows-HAL","21","No se estableció el reloj en tiempo real de hardware debido a un error en la evaluación del método de dispositivo de alarma y hora ACPI.  Estado: 0xC00000BB."
"18/8/2025 4:06:08 p. m.","Error","Microsoft-Windows-HAL","20","No se consultó el reloj en tiempo real de hardware debido a un error en la evaluación del método de dispositivo de alarma y hora ACPI.  Estado: 0xC00000BB."
"18/8/2025 4:06:08 p. m.","Información","Microsoft-Windows-Kernel-General","24","La información de zona horaria se actualizó con el motivo de salida 0. La diferencia de zona horaria actual es 240."
"18/8/2025 4:06:08 p. m.","Información","Netwtw10","7026","7026 - Dump after return from D3 after cmd"
"18/8/2025 4:06:08 p. m.","Información","Netwtw10","7025","7025 - Dump after return from D3 before cmd "
"18/8/2025 4:06:08 p. m.","Advertencia","Win32k","701","Administrador de energía no solicitó la supresión de todas las entradas (INPUT_SUPPRESS_REQUEST = 0)"
"18/8/2025 4:06:08 p. m.","Advertencia","Win32k","701","Administrador de energía no solicitó la supresión de todas las entradas (INPUT_SUPPRESS_REQUEST = 0)"
"18/8/2025 4:04:23 p. m.","Información","Netwtw10","7026","7026 - Dump after return from D3 after cmd"
"18/8/2025 4:04:23 p. m.","Información","Netwtw10","7025","7025 - Dump after return from D3 before cmd "
"18/8/2025 4:02:23 p. m.","Información","Netwtw10","7026","7026 - Dump after return from D3 after cmd"
"18/8/2025 4:02:23 p. m.","Información","Netwtw10","7025","7025 - Dump after return from D3 before cmd "
"18/8/2025 4:00:23 p. m.","Información","Netwtw10","7026","7026 - Dump after return from D3 after cmd"
"18/8/2025 4:00:23 p. m.","Información","Netwtw10","7025","7025 - Dump after return from D3 before cmd "
"18/8/2025 3:58:23 p. m.","Información","Netwtw10","7026","7026 - Dump after return from D3 after cmd"
"18/8/2025 3:58:23 p. m.","Información","Netwtw10","7025","7025 - Dump after return from D3 before cmd "
"18/8/2025 3:56:26 p. m.","Advertencia","rt640x64","1","Realtek PCIe GbE Family Controller is disconnected from network."
"18/8/2025 3:56:23 p. m.","Información","Netwtw10","7026","7026 - Dump after return from D3 after cmd"
"18/8/2025 3:56:23 p. m.","Información","Netwtw10","7025","7025 - Dump after return from D3 before cmd "
"18/8/2025 3:54:23 p. m.","Información","Netwtw10","7026","7026 - Dump after return from D3 after cmd"
"18/8/2025 3:54:23 p. m.","Información","Netwtw10","7025","7025 - Dump after return from D3 before cmd "
"18/8/2025 3:52:23 p. m.","Información","Netwtw10","7026","7026 - Dump after return from D3 after cmd"
"18/8/2025 3:52:23 p. m.","Información","Netwtw10","7025","7025 - Dump after return from D3 before cmd "
"18/8/2025 3:50:23 p. m.","Información","Netwtw10","7026","7026 - Dump after return from D3 after cmd"
"18/8/2025 3:50:23 p. m.","Información","Netwtw10","7025","7025 - Dump after return from D3 before cmd "
"18/8/2025 3:48:23 p. m.","Información","Netwtw10","7026","7026 - Dump after return from D3 after cmd"
"18/8/2025 3:48:23 p. m.","Información","Netwtw10","7025","7025 - Dump after return from D3 before cmd "
"18/8/2025 3:46:23 p. m.","Información","Netwtw10","7026","7026 - Dump after return from D3 after cmd"
"18/8/2025 3:46:23 p. m.","Información","Netwtw10","7025","7025 - Dump after return from D3 before cmd "
"18/8/2025 3:44:23 p. m.","Información","Netwtw10","7026","7026 - Dump after return from D3 after cmd"
"18/8/2025 3:44:23 p. m.","Información","Netwtw10","7025","7025 - Dump after return from D3 before cmd "
"18/8/2025 3:42:23 p. m.","Información","Netwtw10","7026","7026 - Dump after return from D3 after cmd"
"18/8/2025 3:42:23 p. m.","Información","Netwtw10","7025","7025 - Dump after return from D3 before cmd "
"18/8/2025 3:40:23 p. m.","Información","Netwtw10","7026","7026 - Dump after return from D3 after cmd"
"18/8/2025 3:40:23 p. m.","Información","Netwtw10","7025","7025 - Dump after return from D3 before cmd "
"18/8/2025 3:38:23 p. m.","Información","Netwtw10","7026","7026 - Dump after return from D3 after cmd"
"18/8/2025 3:38:23 p. m.","Información","Netwtw10","7025","7025 - Dump after return from D3 before cmd "
"18/8/2025 3:36:23 p. m.","Información","Netwtw10","7026","7026 - Dump after return from D3 after cmd"
"18/8/2025 3:36:23 p. m.","Información","Netwtw10","7025","7025 - Dump after return from D3 before cmd "
"18/8/2025 3:34:23 p. m.","Información","Netwtw10","7026","7026 - Dump after return from D3 after cmd"
"18/8/2025 3:34:23 p. m.","Información","Netwtw10","7025","7025 - Dump after return from D3 before cmd "
"18/8/2025 3:32:23 p. m.","Información","Netwtw10","7026","7026 - Dump after return from D3 after cmd"
"18/8/2025 3:32:23 p. m.","Información","Netwtw10","7025","7025 - Dump after return from D3 before cmd "
"18/8/2025 3:30:23 p. m.","Información","Netwtw10","7026","7026 - Dump after return from D3 after cmd"
"18/8/2025 3:30:23 p. m.","Información","Netwtw10","7025","7025 - Dump after return from D3 before cmd "
"18/8/2025 3:28:23 p. m.","Información","Netwtw10","7026","7026 - Dump after return from D3 after cmd"
"18/8/2025 3:28:23 p. m.","Información","Netwtw10","7025","7025 - Dump after return from D3 before cmd "
"18/8/2025 3:26:23 p. m.","Información","Netwtw10","7026","7026 - Dump after return from D3 after cmd"
"18/8/2025 3:26:23 p. m.","Información","Netwtw10","7025","7025 - Dump after return from D3 before cmd "
"18/8/2025 3:24:36 p. m.","Información","Netwtw10","7026","7026 - Dump after return from D3 after cmd"
"18/8/2025 3:24:36 p. m.","Información","Netwtw10","7025","7025 - Dump after return from D3 before cmd "
"18/8/2025 3:24:35 p. m.","Información","nhi","9007","The driver entered RTD3.
 All the connected devices will be removed from driver's internal state, so it is expected that DeviceDisconnected events will happen."
"18/8/2025 3:24:30 p. m.","Información","Netwtw10","7026","7026 - Dump after return from D3 after cmd"
"18/8/2025 3:24:30 p. m.","Información","Netwtw10","7025","7025 - Dump after return from D3 before cmd "
"18/8/2025 3:24:30 p. m.","Información","nhi","9008","Driver exit RTD3.
 All the connected devices will now cause DeviceConnected events."
"18/8/2025 3:24:25 p. m.","Información","Microsoft-Windows-Time-Service","37","El proveedor de hora NtpClient está recibiendo datos de hora  válidos desde time.windows.com,0x9 (ntp.m|0x9|0.0.0.0:123->40.119.6.228:123)."
"18/8/2025 3:24:25 p. m.","Información","Microsoft-Windows-Time-Service","137","NtpClient resolvió correctamente el sistema del mismo nivel manual time.windows.com,0x9 tras un error previo."
"18/8/2025 3:24:21 p. m.","Información","Netwtw10","7026","7026 - Dump after return from D3 after cmd"
"18/8/2025 3:24:21 p. m.","Información","Netwtw10","7025","7025 - Dump after return from D3 before cmd "
"18/8/2025 3:24:20 p. m.","Advertencia","rt640x64","1","Realtek PCIe GbE Family Controller is disconnected from network."
"18/8/2025 3:24:17 p. m.","Información","Netwtw10","7026","7026 - Dump after return from D3 after cmd"
"18/8/2025 3:24:17 p. m.","Información","Netwtw10","7025","7025 - Dump after return from D3 before cmd "
"18/8/2025 3:23:46 p. m.","Información","Netwtw10","7026","7026 - Dump after return from D3 after cmd"
"18/8/2025 3:23:46 p. m.","Información","Netwtw10","7025","7025 - Dump after return from D3 before cmd "
"18/8/2025 3:21:58 p. m.","Información","nhi","9007","The driver entered RTD3.
 All the connected devices will be removed from driver's internal state, so it is expected that DeviceDisconnected events will happen."
"18/8/2025 3:21:57 p. m.","Información","Netwtw10","7026","7026 - Dump after return from D3 after cmd"
"18/8/2025 3:21:57 p. m.","Información","Netwtw10","7025","7025 - Dump after return from D3 before cmd "
"18/8/2025 3:21:53 p. m.","Información","Netwtw10","7026","7026 - Dump after return from D3 after cmd"
"18/8/2025 3:21:53 p. m.","Información","Netwtw10","7025","7025 - Dump after return from D3 before cmd "
"18/8/2025 3:21:52 p. m.","Información","nhi","9008","Driver exit RTD3.
 All the connected devices will now cause DeviceConnected events."
"18/8/2025 3:21:51 p. m.","Información","Netwtw10","7026","7026 - Dump after return from D3 after cmd"
"18/8/2025 3:21:51 p. m.","Información","Netwtw10","7025","7025 - Dump after return from D3 before cmd "
"18/8/2025 3:21:49 p. m.","Advertencia","rt640x64","1","Realtek PCIe GbE Family Controller is disconnected from network."
"18/8/2025 3:21:46 p. m.","Información","Netwtw10","7026","7026 - Dump after return from D3 after cmd"
"18/8/2025 3:21:46 p. m.","Información","Netwtw10","7025","7025 - Dump after return from D3 before cmd "
"18/8/2025 3:19:46 p. m.","Información","Netwtw10","7026","7026 - Dump after return from D3 after cmd"
"18/8/2025 3:19:46 p. m.","Información","Netwtw10","7025","7025 - Dump after return from D3 before cmd "
"18/8/2025 3:17:46 p. m.","Información","Netwtw10","7026","7026 - Dump after return from D3 after cmd"
"18/8/2025 3:17:46 p. m.","Información","Netwtw10","7025","7025 - Dump after return from D3 before cmd "
"18/8/2025 3:16:48 p. m.","Información","Netwtw10","7026","7026 - Dump after return from D3 after cmd"
"18/8/2025 3:16:48 p. m.","Información","Netwtw10","7025","7025 - Dump after return from D3 before cmd "
"18/8/2025 3:16:18 p. m.","Información","Netwtw10","7026","7026 - Dump after return from D3 after cmd"
"18/8/2025 3:16:18 p. m.","Información","Netwtw10","7025","7025 - Dump after return from D3 before cmd "
"18/8/2025 3:15:54 p. m.","Información","nhi","9007","The driver entered RTD3.
 All the connected devices will be removed from driver's internal state, so it is expected that DeviceDisconnected events will happen."
"18/8/2025 3:15:48 p. m.","Información","nhi","9008","Driver exit RTD3.
 All the connected devices will now cause DeviceConnected events."
"18/8/2025 3:15:48 p. m.","Información","Netwtw10","7026","7026 - Dump after return from D3 after cmd"
"18/8/2025 3:15:48 p. m.","Información","Netwtw10","7025","7025 - Dump after return from D3 before cmd "
"18/8/2025 3:15:46 p. m.","Información","Netwtw10","7026","7026 - Dump after return from D3 after cmd"
"18/8/2025 3:15:46 p. m.","Información","Netwtw10","7025","7025 - Dump after return from D3 before cmd "
"18/8/2025 3:13:46 p. m.","Información","Netwtw10","7026","7026 - Dump after return from D3 after cmd"
"18/8/2025 3:13:46 p. m.","Información","Netwtw10","7025","7025 - Dump after return from D3 before cmd "
"18/8/2025 3:11:46 p. m.","Información","Netwtw10","7026","7026 - Dump after return from D3 after cmd"
"18/8/2025 3:11:46 p. m.","Información","Netwtw10","7025","7025 - Dump after return from D3 before cmd "
"18/8/2025 3:09:46 p. m.","Información","Netwtw10","7026","7026 - Dump after return from D3 after cmd"
"18/8/2025 3:09:46 p. m.","Información","Netwtw10","7025","7025 - Dump after return from D3 before cmd "
"18/8/2025 3:07:57 p. m.","Información","nhi","9007","The driver entered RTD3.
 All the connected devices will be removed from driver's internal state, so it is expected that DeviceDisconnected events will happen."
"18/8/2025 3:07:52 p. m.","Información","Netwtw10","7026","7026 - Dump after return from D3 after cmd"
"18/8/2025 3:07:52 p. m.","Información","Netwtw10","7025","7025 - Dump after return from D3 before cmd "
"18/8/2025 3:07:52 p. m.","Información","nhi","9008","Driver exit RTD3.
 All the connected devices will now cause DeviceConnected events."
"18/8/2025 3:07:49 p. m.","Advertencia","rt640x64","1","Realtek PCIe GbE Family Controller is disconnected from network."
"18/8/2025 3:07:46 p. m.","Información","Netwtw10","7026","7026 - Dump after return from D3 after cmd"
"18/8/2025 3:07:46 p. m.","Información","Netwtw10","7025","7025 - Dump after return from D3 before cmd "
"18/8/2025 3:05:46 p. m.","Información","Netwtw10","7026","7026 - Dump after return from D3 after cmd"
"18/8/2025 3:05:46 p. m.","Información","Netwtw10","7025","7025 - Dump after return from D3 before cmd "
"18/8/2025 3:03:46 p. m.","Información","Netwtw10","7026","7026 - Dump after return from D3 after cmd"
"18/8/2025 3:03:46 p. m.","Información","Netwtw10","7025","7025 - Dump after return from D3 before cmd "
"18/8/2025 3:01:46 p. m.","Información","Netwtw10","7026","7026 - Dump after return from D3 after cmd"
"18/8/2025 3:01:46 p. m.","Información","Netwtw10","7025","7025 - Dump after return from D3 before cmd "
"18/8/2025 3:00:17 p. m.","Información","Netwtw10","7026","7026 - Dump after return from D3 after cmd"
"18/8/2025 3:00:17 p. m.","Información","Netwtw10","7025","7025 - Dump after return from D3 before cmd "
"18/8/2025 2:59:46 p. m.","Información","Netwtw10","7026","7026 - Dump after return from D3 after cmd"
"18/8/2025 2:59:46 p. m.","Información","Netwtw10","7025","7025 - Dump after return from D3 before cmd "
"18/8/2025 2:58:32 p. m.","Advertencia","rt640x64","1","Realtek PCIe GbE Family Controller is disconnected from network."
"18/8/2025 2:58:29 p. m.","Información","Netwtw10","7026","7026 - Dump after return from D3 after cmd"
"18/8/2025 2:58:29 p. m.","Información","Netwtw10","7025","7025 - Dump after return from D3 before cmd "
"18/8/2025 2:57:46 p. m.","Información","Netwtw10","7026","7026 - Dump after return from D3 after cmd"
"18/8/2025 2:57:46 p. m.","Información","Netwtw10","7025","7025 - Dump after return from D3 before cmd "
"18/8/2025 2:55:46 p. m.","Información","Netwtw10","7026","7026 - Dump after return from D3 after cmd"
"18/8/2025 2:55:46 p. m.","Información","Netwtw10","7025","7025 - Dump after return from D3 before cmd "
"18/8/2025 2:53:46 p. m.","Información","Netwtw10","7026","7026 - Dump after return from D3 after cmd"
"18/8/2025 2:53:46 p. m.","Información","Netwtw10","7025","7025 - Dump after return from D3 before cmd "
"18/8/2025 2:51:46 p. m.","Información","Netwtw10","7026","7026 - Dump after return from D3 after cmd"
"18/8/2025 2:51:46 p. m.","Información","Netwtw10","7025","7025 - Dump after return from D3 before cmd "
"18/8/2025 2:49:46 p. m.","Información","Netwtw10","7026","7026 - Dump after return from D3 after cmd"
"18/8/2025 2:49:46 p. m.","Información","Netwtw10","7025","7025 - Dump after return from D3 before cmd "
"18/8/2025 2:47:46 p. m.","Información","Netwtw10","7026","7026 - Dump after return from D3 after cmd"
"18/8/2025 2:47:46 p. m.","Información","Netwtw10","7025","7025 - Dump after return from D3 before cmd "
"18/8/2025 2:45:46 p. m.","Información","Netwtw10","7026","7026 - Dump after return from D3 after cmd"
"18/8/2025 2:45:46 p. m.","Información","Netwtw10","7025","7025 - Dump after return from D3 before cmd "
"18/8/2025 2:43:56 p. m.","Información","nhi","9007","The driver entered RTD3.
 All the connected devices will be removed from driver's internal state, so it is expected that DeviceDisconnected events will happen."
"18/8/2025 2:43:55 p. m.","Información","Netwtw10","7026","7026 - Dump after return from D3 after cmd"
"18/8/2025 2:43:55 p. m.","Información","Netwtw10","7025","7025 - Dump after return from D3 before cmd "
"18/8/2025 2:43:53 p. m.","Información","Netwtw10","7026","7026 - Dump after return from D3 after cmd"
"18/8/2025 2:43:53 p. m.","Información","Netwtw10","7025","7025 - Dump after return from D3 before cmd "
"18/8/2025 2:43:51 p. m.","Información","Netwtw10","7026","7026 - Dump after return from D3 after cmd"
"18/8/2025 2:43:51 p. m.","Información","Netwtw10","7025","7025 - Dump after return from D3 before cmd "
"18/8/2025 2:43:51 p. m.","Información","nhi","9008","Driver exit RTD3.
 All the connected devices will now cause DeviceConnected events."
"18/8/2025 2:43:49 p. m.","Advertencia","rt640x64","1","Realtek PCIe GbE Family Controller is disconnected from network."
"18/8/2025 2:43:46 p. m.","Información","Netwtw10","7026","7026 - Dump after return from D3 after cmd"
"18/8/2025 2:43:46 p. m.","Información","Netwtw10","7025","7025 - Dump after return from D3 before cmd "
"18/8/2025 2:41:46 p. m.","Información","Netwtw10","7026","7026 - Dump after return from D3 after cmd"
"18/8/2025 2:41:46 p. m.","Información","Netwtw10","7025","7025 - Dump after return from D3 before cmd "
"18/8/2025 2:39:46 p. m.","Información","Netwtw10","7026","7026 - Dump after return from D3 after cmd"
"18/8/2025 2:39:46 p. m.","Información","Netwtw10","7025","7025 - Dump after return from D3 before cmd "
"18/8/2025 2:37:46 p. m.","Información","Netwtw10","7026","7026 - Dump after return from D3 after cmd"
"18/8/2025 2:37:46 p. m.","Información","Netwtw10","7025","7025 - Dump after return from D3 before cmd "
"18/8/2025 2:35:46 p. m.","Información","Netwtw10","7026","7026 - Dump after return from D3 after cmd"
"18/8/2025 2:35:46 p. m.","Información","Netwtw10","7025","7025 - Dump after return from D3 before cmd "
"18/8/2025 2:35:08 p. m.","Información","Netwtw10","7026","7026 - Dump after return from D3 after cmd"
"18/8/2025 2:35:08 p. m.","Información","Netwtw10","7025","7025 - Dump after return from D3 before cmd "
"18/8/2025 2:34:16 p. m.","Información","Netwtw10","7026","7026 - Dump after return from D3 after cmd"
"18/8/2025 2:34:16 p. m.","Información","Netwtw10","7025","7025 - Dump after return from D3 before cmd "
"18/8/2025 2:33:46 p. m.","Información","Netwtw10","7026","7026 - Dump after return from D3 after cmd"
"18/8/2025 2:33:46 p. m.","Información","Netwtw10","7025","7025 - Dump after return from D3 before cmd "
"18/8/2025 2:32:40 p. m.","Información","nhi","9007","The driver entered RTD3.
 All the connected devices will be removed from driver's internal state, so it is expected that DeviceDisconnected events will happen."
"18/8/2025 2:32:35 p. m.","Información","Netwtw10","7026","7026 - Dump after return from D3 after cmd"
"18/8/2025 2:32:35 p. m.","Información","Netwtw10","7025","7025 - Dump after return from D3 before cmd "
"18/8/2025 2:32:34 p. m.","Información","nhi","9008","Driver exit RTD3.
 All the connected devices will now cause DeviceConnected events."
"18/8/2025 2:32:34 p. m.","Advertencia","Microsoft-Windows-Time-Service","134","NtpClient no pudo establecer un sistema del mismo nivel manual para usar como origen de la hora debido a un error de resolución de DNS en 'time.windows.com,0x9'. NtpClient lo intentará de nuevo dentro de 15 minutos y doblará el intervalo de reintento en adelante. Error: Host desconocido. (0x80072AF9)"
"18/8/2025 2:32:10 p. m.","Información","Netwtw10","7026","7026 - Dump after return from D3 after cmd"
"18/8/2025 2:32:10 p. m.","Información","Netwtw10","7025","7025 - Dump after return from D3 before cmd "
"18/8/2025 2:31:59 p. m.","Información","nhi","9007","The driver entered RTD3.
 All the connected devices will be removed from driver's internal state, so it is expected that DeviceDisconnected events will happen."
"18/8/2025 2:31:58 p. m.","Información","Netwtw10","7026","7026 - Dump after return from D3 after cmd"
"18/8/2025 2:31:58 p. m.","Información","Netwtw10","7025","7025 - Dump after return from D3 before cmd "
"18/8/2025 2:31:53 p. m.","Información","Netwtw10","7026","7026 - Dump after return from D3 after cmd"
"18/8/2025 2:31:53 p. m.","Información","Netwtw10","7025","7025 - Dump after return from D3 before cmd "
"18/8/2025 2:31:52 p. m.","Información","Netwtw10","7026","7026 - Dump after return from D3 after cmd"
"18/8/2025 2:31:52 p. m.","Información","Netwtw10","7025","7025 - Dump after return from D3 before cmd "
"18/8/2025 2:31:52 p. m.","Información","nhi","9008","Driver exit RTD3.
 All the connected devices will now cause DeviceConnected events."
"18/8/2025 2:31:43 p. m.","Información","nhi","9007","The driver entered RTD3.
 All the connected devices will be removed from driver's internal state, so it is expected that DeviceDisconnected events will happen."
"18/8/2025 2:31:41 p. m.","Advertencia","Netwtw10","6062","6062 - Lso was triggered"
"18/8/2025 2:31:37 p. m.","Información","Netwtw10","7021","7021 - Connection telemetry fields and analysis usage"
"18/8/2025 2:31:34 p. m.","Información","Netwtw10","7026","7026 - Dump after return from D3 after cmd"
"18/8/2025 2:31:34 p. m.","Información","Netwtw10","7025","7025 - Dump after return from D3 before cmd "
"18/8/2025 2:31:34 p. m.","Información","nhi","9008","Driver exit RTD3.
 All the connected devices will now cause DeviceConnected events."
"18/8/2025 2:22:44 p. m.","Advertencia","Microsoft-Windows-Time-Service","134","NtpClient no pudo establecer un sistema del mismo nivel manual para usar como origen de la hora debido a un error de resolución de DNS en 'time.windows.com,0x9'. NtpClient lo intentará de nuevo dentro de 15 minutos y doblará el intervalo de reintento en adelante. Error: Host desconocido. (0x80072AF9)"
"18/8/2025 2:21:28 p. m.","Información","Netwtw10","7021","7021 - Connection telemetry fields and analysis usage"
"18/8/2025 2:21:27 p. m.","Información","nhi","9007","The driver entered RTD3.
 All the connected devices will be removed from driver's internal state, so it is expected that DeviceDisconnected events will happen."
"18/8/2025 2:21:23 p. m.","Información","Netwtw10","7021","7021 - Connection telemetry fields and analysis usage"
"18/8/2025 2:21:21 p. m.","Información","nhi","9008","Driver exit RTD3.
 All the connected devices will now cause DeviceConnected events."
"18/8/2025 2:21:21 p. m.","Información","Netwtw10","7026","7026 - Dump after return from D3 after cmd"
"18/8/2025 2:21:21 p. m.","Información","Netwtw10","7025","7025 - Dump after return from D3 before cmd "
"18/8/2025 2:20:05 p. m.","Información","Netwtw10","7021","7021 - Connection telemetry fields and analysis usage"
"18/8/2025 2:20:05 p. m.","Información","Netwtw10","7021","7021 - Connection telemetry fields and analysis usage"
"18/8/2025 2:20:05 p. m.","Información","nhi","9007","The driver entered RTD3.
 All the connected devices will be removed from driver's internal state, so it is expected that DeviceDisconnected events will happen."
"18/8/2025 2:20:03 p. m.","Advertencia","rt640x64","1","Realtek PCIe GbE Family Controller is disconnected from network."
"18/8/2025 2:20:00 p. m.","Información","Netwtw10","7026","7026 - Dump after return from D3 after cmd"
"18/8/2025 2:20:00 p. m.","Información","Netwtw10","7025","7025 - Dump after return from D3 before cmd "
"18/8/2025 2:20:00 p. m.","Información","nhi","9008","Driver exit RTD3.
 All the connected devices will now cause DeviceConnected events."
"18/8/2025 2:19:47 p. m.","Información","Netwtw10","7026","7026 - Dump after return from D3 after cmd"
"18/8/2025 2:19:47 p. m.","Información","Netwtw10","7025","7025 - Dump after return from D3 before cmd "
"18/8/2025 2:17:47 p. m.","Información","Netwtw10","7026","7026 - Dump after return from D3 after cmd"
"18/8/2025 2:17:47 p. m.","Información","Netwtw10","7025","7025 - Dump after return from D3 before cmd "
"18/8/2025 2:15:47 p. m.","Información","Netwtw10","7026","7026 - Dump after return from D3 after cmd"
"18/8/2025 2:15:47 p. m.","Información","Netwtw10","7025","7025 - Dump after return from D3 before cmd "
"18/8/2025 2:15:16 p. m.","Información","Netwtw10","7026","7026 - Dump after return from D3 after cmd"
"18/8/2025 2:15:16 p. m.","Información","Netwtw10","7025","7025 - Dump after return from D3 before cmd "
"18/8/2025 2:14:17 p. m.","Información","Netwtw10","7026","7026 - Dump after return from D3 after cmd"
"18/8/2025 2:14:17 p. m.","Información","Netwtw10","7025","7025 - Dump after return from D3 before cmd "
"18/8/2025 2:13:47 p. m.","Información","Netwtw10","7026","7026 - Dump after return from D3 after cmd"
"18/8/2025 2:13:47 p. m.","Información","Netwtw10","7025","7025 - Dump after return from D3 before cmd "
"18/8/2025 2:11:47 p. m.","Información","Netwtw10","7026","7026 - Dump after return from D3 after cmd"
"18/8/2025 2:11:47 p. m.","Información","Netwtw10","7025","7025 - Dump after return from D3 before cmd "
"18/8/2025 2:09:47 p. m.","Información","Netwtw10","7026","7026 - Dump after return from D3 after cmd"
"18/8/2025 2:09:47 p. m.","Información","Netwtw10","7025","7025 - Dump after return from D3 before cmd "
"18/8/2025 2:07:47 p. m.","Información","Netwtw10","7026","7026 - Dump after return from D3 after cmd"
"18/8/2025 2:07:47 p. m.","Información","Netwtw10","7025","7025 - Dump after return from D3 before cmd "
"18/8/2025 2:06:48 p. m.","Información","Netwtw10","7026","7026 - Dump after return from D3 after cmd"
"18/8/2025 2:06:48 p. m.","Información","Netwtw10","7025","7025 - Dump after return from D3 before cmd "
"18/8/2025 2:06:17 p. m.","Información","Netwtw10","7026","7026 - Dump after return from D3 after cmd"
"18/8/2025 2:06:17 p. m.","Información","Netwtw10","7025","7025 - Dump after return from D3 before cmd "
"18/8/2025 2:05:47 p. m.","Información","Netwtw10","7026","7026 - Dump after return from D3 after cmd"
"18/8/2025 2:05:47 p. m.","Información","Netwtw10","7025","7025 - Dump after return from D3 before cmd "
"18/8/2025 2:03:47 p. m.","Información","Netwtw10","7026","7026 - Dump after return from D3 after cmd"
"18/8/2025 2:03:47 p. m.","Información","Netwtw10","7025","7025 - Dump after return from D3 before cmd "
"18/8/2025 2:01:47 p. m.","Información","Netwtw10","7026","7026 - Dump after return from D3 after cmd"
"18/8/2025 2:01:47 p. m.","Información","Netwtw10","7025","7025 - Dump after return from D3 before cmd "
"18/8/2025 2:00:42 p. m.","Información","Netwtw10","7026","7026 - Dump after return from D3 after cmd"
"18/8/2025 2:00:42 p. m.","Información","Netwtw10","7025","7025 - Dump after return from D3 before cmd "
"18/8/2025 1:59:47 p. m.","Información","Netwtw10","7026","7026 - Dump after return from D3 after cmd"
"18/8/2025 1:59:47 p. m.","Información","Netwtw10","7025","7025 - Dump after return from D3 before cmd "
"18/8/2025 1:57:47 p. m.","Información","Netwtw10","7026","7026 - Dump after return from D3 after cmd"
"18/8/2025 1:57:47 p. m.","Información","Netwtw10","7025","7025 - Dump after return from D3 before cmd "
"18/8/2025 1:55:47 p. m.","Información","Netwtw10","7026","7026 - Dump after return from D3 after cmd"
"18/8/2025 1:55:47 p. m.","Información","Netwtw10","7025","7025 - Dump after return from D3 before cmd "
"18/8/2025 1:53:47 p. m.","Información","Netwtw10","7026","7026 - Dump after return from D3 after cmd"
"18/8/2025 1:53:47 p. m.","Información","Netwtw10","7025","7025 - Dump after return from D3 before cmd "
"18/8/2025 1:52:46 p. m.","Información","Netwtw10","7026","7026 - Dump after return from D3 after cmd"
"18/8/2025 1:52:46 p. m.","Información","Netwtw10","7025","7025 - Dump after return from D3 before cmd "
"18/8/2025 1:51:47 p. m.","Información","Netwtw10","7026","7026 - Dump after return from D3 after cmd"
"18/8/2025 1:51:47 p. m.","Información","Netwtw10","7025","7025 - Dump after return from D3 before cmd "
"18/8/2025 1:49:47 p. m.","Información","Netwtw10","7026","7026 - Dump after return from D3 after cmd"
"18/8/2025 1:49:47 p. m.","Información","Netwtw10","7025","7025 - Dump after return from D3 before cmd "
"18/8/2025 1:47:47 p. m.","Información","Netwtw10","7026","7026 - Dump after return from D3 after cmd"
"18/8/2025 1:47:47 p. m.","Información","Netwtw10","7025","7025 - Dump after return from D3 before cmd "
"18/8/2025 1:45:47 p. m.","Información","Netwtw10","7026","7026 - Dump after return from D3 after cmd"
"18/8/2025 1:45:47 p. m.","Información","Netwtw10","7025","7025 - Dump after return from D3 before cmd "
"18/8/2025 1:44:53 p. m.","Advertencia","rt640x64","1","Realtek PCIe GbE Family Controller is disconnected from network."
"18/8/2025 1:44:50 p. m.","Información","Netwtw10","7026","7026 - Dump after return from D3 after cmd"
"18/8/2025 1:44:50 p. m.","Información","Netwtw10","7025","7025 - Dump after return from D3 before cmd "
"18/8/2025 1:43:47 p. m.","Información","Netwtw10","7026","7026 - Dump after return from D3 after cmd"
"18/8/2025 1:43:47 p. m.","Información","Netwtw10","7025","7025 - Dump after return from D3 before cmd "
"18/8/2025 1:41:47 p. m.","Información","Netwtw10","7026","7026 - Dump after return from D3 after cmd"
"18/8/2025 1:41:47 p. m.","Información","Netwtw10","7025","7025 - Dump after return from D3 before cmd "
"18/8/2025 1:39:47 p. m.","Información","Netwtw10","7026","7026 - Dump after return from D3 after cmd"
"18/8/2025 1:39:47 p. m.","Información","Netwtw10","7025","7025 - Dump after return from D3 before cmd "
"18/8/2025 1:37:47 p. m.","Información","Netwtw10","7026","7026 - Dump after return from D3 after cmd"
"18/8/2025 1:37:47 p. m.","Información","Netwtw10","7025","7025 - Dump after return from D3 before cmd "
"18/8/2025 1:36:17 p. m.","Información","Netwtw10","7026","7026 - Dump after return from D3 after cmd"
"18/8/2025 1:36:17 p. m.","Información","Netwtw10","7025","7025 - Dump after return from D3 before cmd "
"18/8/2025 1:35:46 p. m.","Información","Netwtw10","7026","7026 - Dump after return from D3 after cmd"
"18/8/2025 1:35:46 p. m.","Información","Netwtw10","7025","7025 - Dump after return from D3 before cmd "
"18/8/2025 1:33:46 p. m.","Información","Netwtw10","7026","7026 - Dump after return from D3 after cmd"
"18/8/2025 1:33:46 p. m.","Información","Netwtw10","7025","7025 - Dump after return from D3 before cmd "
"18/8/2025 1:31:46 p. m.","Información","Netwtw10","7026","7026 - Dump after return from D3 after cmd"
"18/8/2025 1:31:46 p. m.","Información","Netwtw10","7025","7025 - Dump after return from D3 before cmd "
"18/8/2025 1:29:46 p. m.","Información","Netwtw10","7026","7026 - Dump after return from D3 after cmd"
"18/8/2025 1:29:46 p. m.","Información","Netwtw10","7025","7025 - Dump after return from D3 before cmd "
"18/8/2025 1:28:56 p. m.","Información","Netwtw10","7026","7026 - Dump after return from D3 after cmd"
"18/8/2025 1:28:56 p. m.","Información","Netwtw10","7025","7025 - Dump after return from D3 before cmd "
"18/8/2025 1:28:17 p. m.","Información","Netwtw10","7026","7026 - Dump after return from D3 after cmd"
"18/8/2025 1:28:17 p. m.","Información","Netwtw10","7025","7025 - Dump after return from D3 before cmd "
"18/8/2025 1:27:46 p. m.","Información","Netwtw10","7026","7026 - Dump after return from D3 after cmd"
"18/8/2025 1:27:46 p. m.","Información","Netwtw10","7025","7025 - Dump after return from D3 before cmd "
"18/8/2025 1:25:46 p. m.","Información","Netwtw10","7026","7026 - Dump after return from D3 after cmd"
"18/8/2025 1:25:46 p. m.","Información","Netwtw10","7025","7025 - Dump after return from D3 before cmd "
"18/8/2025 1:23:46 p. m.","Información","Netwtw10","7026","7026 - Dump after return from D3 after cmd"
"18/8/2025 1:23:46 p. m.","Información","Netwtw10","7025","7025 - Dump after return from D3 before cmd "
"18/8/2025 1:21:46 p. m.","Información","Netwtw10","7026","7026 - Dump after return from D3 after cmd"
"18/8/2025 1:21:46 p. m.","Información","Netwtw10","7025","7025 - Dump after return from D3 before cmd "
"18/8/2025 1:19:46 p. m.","Información","Netwtw10","7026","7026 - Dump after return from D3 after cmd"
"18/8/2025 1:19:46 p. m.","Información","Netwtw10","7025","7025 - Dump after return from D3 before cmd "
"18/8/2025 1:17:46 p. m.","Información","Netwtw10","7026","7026 - Dump after return from D3 after cmd"
"18/8/2025 1:17:46 p. m.","Información","Netwtw10","7025","7025 - Dump after return from D3 before cmd "
"18/8/2025 1:15:46 p. m.","Información","Netwtw10","7026","7026 - Dump after return from D3 after cmd"
"18/8/2025 1:15:46 p. m.","Información","Netwtw10","7025","7025 - Dump after return from D3 before cmd "
"18/8/2025 1:14:53 p. m.","Información","Netwtw10","7026","7026 - Dump after return from D3 after cmd"
"18/8/2025 1:14:53 p. m.","Información","Netwtw10","7025","7025 - Dump after return from D3 before cmd "
"18/8/2025 1:14:22 p. m.","Información","Netwtw10","7026","7026 - Dump after return from D3 after cmd"
"18/8/2025 1:14:22 p. m.","Información","Netwtw10","7025","7025 - Dump after return from D3 before cmd "
"18/8/2025 1:13:46 p. m.","Información","Netwtw10","7026","7026 - Dump after return from D3 after cmd"
"18/8/2025 1:13:46 p. m.","Información","Netwtw10","7025","7025 - Dump after return from D3 before cmd "
"18/8/2025 1:11:46 p. m.","Información","Netwtw10","7026","7026 - Dump after return from D3 after cmd"
"18/8/2025 1:11:46 p. m.","Información","Netwtw10","7025","7025 - Dump after return from D3 before cmd "
"18/8/2025 1:09:46 p. m.","Información","Netwtw10","7026","7026 - Dump after return from D3 after cmd"
"18/8/2025 1:09:46 p. m.","Información","Netwtw10","7025","7025 - Dump after return from D3 before cmd "
"18/8/2025 1:07:46 p. m.","Información","Netwtw10","7026","7026 - Dump after return from D3 after cmd"
"18/8/2025 1:07:46 p. m.","Información","Netwtw10","7025","7025 - Dump after return from D3 before cmd "
"18/8/2025 1:06:27 p. m.","Información","Netwtw10","7026","7026 - Dump after return from D3 after cmd"
"18/8/2025 1:06:27 p. m.","Información","Netwtw10","7025","7025 - Dump after return from D3 before cmd "
"18/8/2025 1:05:56 p. m.","Información","Netwtw10","7026","7026 - Dump after return from D3 after cmd"
"18/8/2025 1:05:56 p. m.","Información","Netwtw10","7025","7025 - Dump after return from D3 before cmd "
"18/8/2025 1:05:46 p. m.","Información","Netwtw10","7026","7026 - Dump after return from D3 after cmd"
"18/8/2025 1:05:46 p. m.","Información","Netwtw10","7025","7025 - Dump after return from D3 before cmd "
"18/8/2025 1:03:46 p. m.","Información","Netwtw10","7026","7026 - Dump after return from D3 after cmd"
"18/8/2025 1:03:46 p. m.","Información","Netwtw10","7025","7025 - Dump after return from D3 before cmd "
"18/8/2025 1:01:46 p. m.","Información","Netwtw10","7026","7026 - Dump after return from D3 after cmd"
"18/8/2025 1:01:46 p. m.","Información","Netwtw10","7025","7025 - Dump after return from D3 before cmd "
"18/8/2025 12:59:46 p. m.","Información","Netwtw10","7026","7026 - Dump after return from D3 after cmd"
"18/8/2025 12:59:46 p. m.","Información","Netwtw10","7025","7025 - Dump after return from D3 before cmd "
"18/8/2025 12:59:00 p. m.","Información","Netwtw10","7026","7026 - Dump after return from D3 after cmd"
"18/8/2025 12:59:00 p. m.","Información","Netwtw10","7025","7025 - Dump after return from D3 before cmd "
"18/8/2025 12:58:29 p. m.","Información","Netwtw10","7026","7026 - Dump after return from D3 after cmd"
"18/8/2025 12:58:29 p. m.","Información","Netwtw10","7025","7025 - Dump after return from D3 before cmd "
"18/8/2025 12:57:46 p. m.","Información","Netwtw10","7026","7026 - Dump after return from D3 after cmd"
"18/8/2025 12:57:46 p. m.","Información","Netwtw10","7025","7025 - Dump after return from D3 before cmd "
"18/8/2025 12:56:46 p. m.","Información","nhi","9007","The driver entered RTD3.
 All the connected devices will be removed from driver's internal state, so it is expected that DeviceDisconnected events will happen."
"18/8/2025 12:55:57 p. m.","Información","Netwtw10","7026","7026 - Dump after return from D3 after cmd"
"18/8/2025 12:55:57 p. m.","Información","Netwtw10","7025","7025 - Dump after return from D3 before cmd "
"18/8/2025 12:55:57 p. m.","Información","nhi","9008","Driver exit RTD3.
 All the connected devices will now cause DeviceConnected events."
"18/8/2025 12:55:51 p. m.","Información","Netwtw10","7026","7026 - Dump after return from D3 after cmd"
"18/8/2025 12:55:51 p. m.","Información","Netwtw10","7025","7025 - Dump after return from D3 before cmd "
"18/8/2025 12:55:50 p. m.","Advertencia","rt640x64","1","Realtek PCIe GbE Family Controller is disconnected from network."
"18/8/2025 12:55:46 p. m.","Información","Netwtw10","7026","7026 - Dump after return from D3 after cmd"
"18/8/2025 12:55:46 p. m.","Información","Netwtw10","7025","7025 - Dump after return from D3 before cmd "
"18/8/2025 12:53:46 p. m.","Información","Netwtw10","7026","7026 - Dump after return from D3 after cmd"
"18/8/2025 12:53:46 p. m.","Información","Netwtw10","7025","7025 - Dump after return from D3 before cmd "
"18/8/2025 12:51:46 p. m.","Información","Netwtw10","7026","7026 - Dump after return from D3 after cmd"
"18/8/2025 12:51:46 p. m.","Información","Netwtw10","7025","7025 - Dump after return from D3 before cmd "
"18/8/2025 12:51:03 p. m.","Información","Netwtw10","7026","7026 - Dump after return from D3 after cmd"
"18/8/2025 12:51:03 p. m.","Información","Netwtw10","7025","7025 - Dump after return from D3 before cmd "
"18/8/2025 12:50:32 p. m.","Información","Netwtw10","7026","7026 - Dump after return from D3 after cmd"
"18/8/2025 12:50:32 p. m.","Información","Netwtw10","7025","7025 - Dump after return from D3 before cmd "
"18/8/2025 12:49:46 p. m.","Información","Netwtw10","7026","7026 - Dump after return from D3 after cmd"
"18/8/2025 12:49:46 p. m.","Información","Netwtw10","7025","7025 - Dump after return from D3 before cmd "
"18/8/2025 12:47:46 p. m.","Información","Netwtw10","7026","7026 - Dump after return from D3 after cmd"
"18/8/2025 12:47:46 p. m.","Información","Netwtw10","7025","7025 - Dump after return from D3 before cmd "
"18/8/2025 12:45:46 p. m.","Información","Netwtw10","7026","7026 - Dump after return from D3 after cmd"
"18/8/2025 12:45:46 p. m.","Información","Netwtw10","7025","7025 - Dump after return from D3 before cmd "
"18/8/2025 12:44:17 p. m.","Información","Netwtw10","7026","7026 - Dump after return from D3 after cmd"
"18/8/2025 12:44:17 p. m.","Información","Netwtw10","7025","7025 - Dump after return from D3 before cmd "
"18/8/2025 12:43:46 p. m.","Información","Netwtw10","7026","7026 - Dump after return from D3 after cmd"
"18/8/2025 12:43:46 p. m.","Información","Netwtw10","7025","7025 - Dump after return from D3 before cmd "
"18/8/2025 12:41:46 p. m.","Información","Netwtw10","7026","7026 - Dump after return from D3 after cmd"
"18/8/2025 12:41:46 p. m.","Información","Netwtw10","7025","7025 - Dump after return from D3 before cmd "
"18/8/2025 12:39:46 p. m.","Información","Netwtw10","7026","7026 - Dump after return from D3 after cmd"
"18/8/2025 12:39:46 p. m.","Información","Netwtw10","7025","7025 - Dump after return from D3 before cmd "
"18/8/2025 12:37:46 p. m.","Información","Netwtw10","7026","7026 - Dump after return from D3 after cmd"
"18/8/2025 12:37:46 p. m.","Información","Netwtw10","7025","7025 - Dump after return from D3 before cmd "
"18/8/2025 12:36:36 p. m.","Advertencia","rt640x64","1","Realtek PCIe GbE Family Controller is disconnected from network."
"18/8/2025 12:36:33 p. m.","Información","Netwtw10","7026","7026 - Dump after return from D3 after cmd"
"18/8/2025 12:36:33 p. m.","Información","Netwtw10","7025","7025 - Dump after return from D3 before cmd "
"18/8/2025 12:36:17 p. m.","Información","Netwtw10","7026","7026 - Dump after return from D3 after cmd"
"18/8/2025 12:36:17 p. m.","Información","Netwtw10","7025","7025 - Dump after return from D3 before cmd "
"18/8/2025 12:35:46 p. m.","Información","Netwtw10","7026","7026 - Dump after return from D3 after cmd"
"18/8/2025 12:35:46 p. m.","Información","Netwtw10","7025","7025 - Dump after return from D3 before cmd "
"18/8/2025 12:33:46 p. m.","Información","Netwtw10","7026","7026 - Dump after return from D3 after cmd"
"18/8/2025 12:33:46 p. m.","Información","Netwtw10","7025","7025 - Dump after return from D3 before cmd "
"18/8/2025 12:32:20 p. m.","Advertencia","rt640x64","1","Realtek PCIe GbE Family Controller is disconnected from network."
"18/8/2025 12:32:17 p. m.","Información","Netwtw10","7026","7026 - Dump after return from D3 after cmd"
"18/8/2025 12:32:17 p. m.","Información","Netwtw10","7025","7025 - Dump after return from D3 before cmd "
"18/8/2025 12:31:46 p. m.","Información","Netwtw10","7026","7026 - Dump after return from D3 after cmd"
"18/8/2025 12:31:46 p. m.","Información","Netwtw10","7025","7025 - Dump after return from D3 before cmd "
"18/8/2025 12:29:46 p. m.","Información","Netwtw10","7026","7026 - Dump after return from D3 after cmd"
"18/8/2025 12:29:46 p. m.","Información","Netwtw10","7025","7025 - Dump after return from D3 before cmd "
