"TimeCreated","LevelDisplayName","ProviderName","Id","Message"
"20/8/2025 7:52:07 p. m.","Información","Microsoft-Windows-Kernel-Power","105","Cambio de fuente de energía."
"20/8/2025 7:51:07 p. m.","Información","Microsoft-Windows-Kernel-General","16","El historial de accesos en el subárbol \??\C:\ProgramData\Packages\Microsoft.WindowsTerminal_8wekyb3d8bbwe\S-1-5-21-72991934-2165796093-3938425774-1001\SystemAppData\Helium\Cache\e59fd33af7a9be35_COM15.dat se borró mediante la actualización de 1 claves y la creación de 1 páginas modificadas."
"20/8/2025 7:27:11 p. m.","Información","Microsoft-Windows-IsolatedUserMode","2","Secure Trustlet Id 6 and Pid 25112 stopped with status STATUS_SUCCESS."
"20/8/2025 7:20:10 p. m.","Información","Microsoft-Windows-IsolatedUserMode","1","Secure Trustlet \??\C:\WINDOWS\System32\NgcIso.exe Id 6 and Pid 25112 started with status STATUS_SUCCESS."
"20/8/2025 7:20:10 p. m.","Información","Microsoft-Windows-IsolatedUserMode","5","Secure Trustlet NULL Id 0 and Pid 0 started with status STATUS_SUCCESS."
"20/8/2025 7:17:12 p. m.","Información","nhi","9007","The driver entered RTD3.
 All the connected devices will be removed from driver's internal state, so it is expected that DeviceDisconnected events will happen."
"20/8/2025 7:17:07 p. m.","Información","nhi","9008","Driver exit RTD3.
 All the connected devices will now cause DeviceConnected events."
"20/8/2025 7:15:35 p. m.","Advertencia","Netwtw10","6062","6062 - Lso was triggered"
"20/8/2025 7:15:33 p. m.","Información","Netwtw10","7021","7021 - Connection telemetry fields and analysis usage"
"20/8/2025 7:15:33 p. m.","Información","Microsoft-Windows-Kernel-Power","566","La sesión del sistema ha cambiado de 71 a 73.

Motivo PolicyChange 

BootId: 16"
"20/8/2025 7:15:33 p. m.","Información","Microsoft-Windows-Kernel-Power","507","El sistema está saliendo del modo de espera moderno 

motivo: Lid. "
"20/8/2025 7:15:32 p. m.","Advertencia","Win32k","701","Administrador de energía no solicitó la supresión de todas las entradas (INPUT_SUPPRESS_REQUEST = 0)"
"20/8/2025 7:15:32 p. m.","Advertencia","Win32k","701","Administrador de energía no solicitó la supresión de todas las entradas (INPUT_SUPPRESS_REQUEST = 0)"
"20/8/2025 7:15:32 p. m.","Información","Microsoft-Windows-Kernel-Power","506","El sistema está entrando en el modo de espera moderno 

motivo: AC/DC Display Burst Suppressed. "
"20/8/2025 7:15:32 p. m.","Información","Microsoft-Windows-Kernel-Power","566","La sesión del sistema ha cambiado de 70 a 71.

Motivo InputMouse 

BootId: 16"
"20/8/2025 7:15:32 p. m.","Información","Microsoft-Windows-Kernel-Power","507","El sistema está saliendo del modo de espera moderno 

motivo: AC/DC Display Burst Suppressed. "
"20/8/2025 7:15:32 p. m.","Información","Microsoft-Windows-Kernel-Power","172","Estado de conectividad en modo de espera: Connected. Motivo: None"
"20/8/2025 7:15:31 p. m.","Información","Netwtw10","7026","7026 - Dump after return from D3 after cmd"
"20/8/2025 7:15:31 p. m.","Información","Netwtw10","7025","7025 - Dump after return from D3 before cmd "
"20/8/2025 7:15:31 p. m.","Información","Microsoft-Windows-Kernel-Power","105","Cambio de fuente de energía."
"20/8/2025 5:53:22 p. m.","Información","Microsoft-Windows-Kernel-Power","172","Estado de conectividad en modo de espera: Disconnected. Motivo: Policy Setting"
"20/8/2025 5:53:14 p. m.","Información","Microsoft-Windows-Kernel-Power","566","La sesión del sistema ha cambiado de 69 a 70.

Motivo 55 

BootId: 16"
"20/8/2025 5:53:09 p. m.","Información","Microsoft-Windows-Kernel-Power","506","El sistema está entrando en el modo de espera moderno 

motivo: Austerity Battery Drain Budget Exceeded. "
"20/8/2025 5:53:09 p. m.","Información","Microsoft-Windows-Kernel-Power","566","La sesión del sistema ha cambiado de 68 a 69.

Motivo 55 

BootId: 16"
"20/8/2025 5:53:09 p. m.","Información","Microsoft-Windows-Kernel-Power","507","El sistema está saliendo del modo de espera moderno 

motivo: Austerity Battery Drain Budget Exceeded. "
"20/8/2025 5:53:09 p. m.","Información","Microsoft-Windows-Kernel-Power","172","Estado de conectividad en modo de espera: Connected. Motivo: None"
"20/8/2025 5:53:09 p. m.","Información","Netwtw10","7026","7026 - Dump after return from D3 after cmd"
"20/8/2025 5:53:09 p. m.","Información","Netwtw10","7025","7025 - Dump after return from D3 before cmd "
"20/8/2025 5:35:51 p. m.","Información","Microsoft-Windows-Kernel-Power","172","Estado de conectividad en modo de espera: Disconnected. Motivo: Adaptive Connected Standby"
"20/8/2025 5:35:43 p. m.","Información","Microsoft-Windows-Kernel-Power","566","La sesión del sistema ha cambiado de 67 a 68.

Motivo PolicyChange 

BootId: 16"
"20/8/2025 5:35:43 p. m.","Advertencia","Win32k","700","Administrador de energía solicitó la supresión de todas las entradas (INPUT_SUPPRESS_REQUEST = 1)"
"20/8/2025 5:35:43 p. m.","Advertencia","Win32k","700","Administrador de energía solicitó la supresión de todas las entradas (INPUT_SUPPRESS_REQUEST = 1)"
"20/8/2025 5:35:43 p. m.","Información","Microsoft-Windows-Kernel-Power","506","El sistema está entrando en el modo de espera moderno 

motivo: Lid. "
"20/8/2025 5:35:43 p. m.","Información","Microsoft-Windows-Kernel-Power","566","La sesión del sistema ha cambiado de 66 a 67.

Motivo PolicyChange 

BootId: 16"
"20/8/2025 5:05:16 p. m.","Información","Microsoft-Windows-Kernel-Power","566","La sesión del sistema ha cambiado de 65 a 66.

Motivo PolicyChange 

BootId: 16"
"20/8/2025 5:05:16 p. m.","Información","Microsoft-Windows-Kernel-Power","507","El sistema está saliendo del modo de espera moderno 

motivo: Lid. "
"20/8/2025 5:05:16 p. m.","Información","Microsoft-Windows-Kernel-Power","172","Estado de conectividad en modo de espera: Connected. Motivo: None"
"20/8/2025 5:05:16 p. m.","Información","Netwtw10","7026","7026 - Dump after return from D3 after cmd"
"20/8/2025 5:05:16 p. m.","Información","Netwtw10","7025","7025 - Dump after return from D3 before cmd "
"20/8/2025 5:05:16 p. m.","Advertencia","Win32k","701","Administrador de energía no solicitó la supresión de todas las entradas (INPUT_SUPPRESS_REQUEST = 0)"
"20/8/2025 5:05:16 p. m.","Advertencia","Win32k","701","Administrador de energía no solicitó la supresión de todas las entradas (INPUT_SUPPRESS_REQUEST = 0)"
"20/8/2025 5:05:13 p. m.","Información","nhi","9007","The driver entered RTD3.
 All the connected devices will be removed from driver's internal state, so it is expected that DeviceDisconnected events will happen."
"20/8/2025 5:05:10 p. m.","Información","Netwtw10","7026","7026 - Dump after return from D3 after cmd"
"20/8/2025 5:05:10 p. m.","Información","Netwtw10","7025","7025 - Dump after return from D3 before cmd "
"20/8/2025 5:05:07 p. m.","Información","Netwtw10","7026","7026 - Dump after return from D3 after cmd"
"20/8/2025 5:05:07 p. m.","Información","Netwtw10","7025","7025 - Dump after return from D3 before cmd "
"20/8/2025 5:05:07 p. m.","Información","nhi","9008","Driver exit RTD3.
 All the connected devices will now cause DeviceConnected events."
"20/8/2025 5:05:06 p. m.","Información","Netwtw10","7026","7026 - Dump after return from D3 after cmd"
"20/8/2025 5:05:06 p. m.","Información","Netwtw10","7025","7025 - Dump after return from D3 before cmd "
"20/8/2025 5:05:05 p. m.","Información","nhi","9007","The driver entered RTD3.
 All the connected devices will be removed from driver's internal state, so it is expected that DeviceDisconnected events will happen."
"20/8/2025 5:05:05 p. m.","Información","Netwtw10","7026","7026 - Dump after return from D3 after cmd"
"20/8/2025 5:05:05 p. m.","Información","Netwtw10","7025","7025 - Dump after return from D3 before cmd "
"20/8/2025 5:05:03 p. m.","Información","Netwtw10","7026","7026 - Dump after return from D3 after cmd"
"20/8/2025 5:05:03 p. m.","Información","Netwtw10","7025","7025 - Dump after return from D3 before cmd "
"20/8/2025 5:05:02 p. m.","Información","Netwtw10","7026","7026 - Dump after return from D3 after cmd"
"20/8/2025 5:05:02 p. m.","Información","Netwtw10","7025","7025 - Dump after return from D3 before cmd "
"20/8/2025 5:05:00 p. m.","Información","nhi","9008","Driver exit RTD3.
 All the connected devices will now cause DeviceConnected events."
"20/8/2025 5:05:00 p. m.","Información","Netwtw10","7026","7026 - Dump after return from D3 after cmd"
"20/8/2025 5:05:00 p. m.","Información","Netwtw10","7025","7025 - Dump after return from D3 before cmd "
"20/8/2025 5:04:59 p. m.","Información","Microsoft-Windows-Kernel-Power","172","Estado de conectividad en modo de espera: Disconnected. Motivo: Adaptive Connected Standby"
"20/8/2025 5:04:51 p. m.","Información","Microsoft-Windows-Kernel-Power","566","La sesión del sistema ha cambiado de 64 a 65.

Motivo InputMouse 

BootId: 16"
"20/8/2025 5:04:49 p. m.","Advertencia","rt640x64","1","Realtek PCIe GbE Family Controller is disconnected from network."
"20/8/2025 5:04:46 p. m.","Información","Microsoft-Windows-Kernel-Power","506","El sistema está entrando en el modo de espera moderno 

motivo: AC/DC Display Burst Suppressed. "
"20/8/2025 5:04:46 p. m.","Información","Microsoft-Windows-Kernel-Power","566","La sesión del sistema ha cambiado de 63 a 64.

Motivo InputMouse 

BootId: 16"
"20/8/2025 5:04:46 p. m.","Información","Microsoft-Windows-Kernel-Power","507","El sistema está saliendo del modo de espera moderno 

motivo: AC/DC Display Burst Suppressed. "
"20/8/2025 5:04:46 p. m.","Información","Netwtw10","7026","7026 - Dump after return from D3 after cmd"
"20/8/2025 5:04:46 p. m.","Información","Netwtw10","7025","7025 - Dump after return from D3 before cmd "
"20/8/2025 5:04:46 p. m.","Información","Microsoft-Windows-Kernel-Power","105","Cambio de fuente de energía."
"20/8/2025 5:04:43 p. m.","Información","Netwtw10","7026","7026 - Dump after return from D3 after cmd"
"20/8/2025 5:04:43 p. m.","Información","Netwtw10","7025","7025 - Dump after return from D3 before cmd "
"20/8/2025 5:02:46 p. m.","Información","Netwtw10","7026","7026 - Dump after return from D3 after cmd"
"20/8/2025 5:02:46 p. m.","Información","Netwtw10","7025","7025 - Dump after return from D3 before cmd "
"20/8/2025 5:00:46 p. m.","Información","Netwtw10","7026","7026 - Dump after return from D3 after cmd"
"20/8/2025 5:00:46 p. m.","Información","Netwtw10","7025","7025 - Dump after return from D3 before cmd "
"20/8/2025 4:58:46 p. m.","Información","Netwtw10","7026","7026 - Dump after return from D3 after cmd"
"20/8/2025 4:58:46 p. m.","Información","Netwtw10","7025","7025 - Dump after return from D3 before cmd "
"20/8/2025 4:56:46 p. m.","Información","Netwtw10","7026","7026 - Dump after return from D3 after cmd"
"20/8/2025 4:56:46 p. m.","Información","Netwtw10","7025","7025 - Dump after return from D3 before cmd "
"20/8/2025 4:54:46 p. m.","Información","Netwtw10","7026","7026 - Dump after return from D3 after cmd"
"20/8/2025 4:54:46 p. m.","Información","Netwtw10","7025","7025 - Dump after return from D3 before cmd "
"20/8/2025 4:52:46 p. m.","Información","Netwtw10","7026","7026 - Dump after return from D3 after cmd"
"20/8/2025 4:52:46 p. m.","Información","Netwtw10","7025","7025 - Dump after return from D3 before cmd "
"20/8/2025 4:50:54 p. m.","Información","nhi","9007","The driver entered RTD3.
 All the connected devices will be removed from driver's internal state, so it is expected that DeviceDisconnected events will happen."
"20/8/2025 4:50:50 p. m.","Información","Netwtw10","7026","7026 - Dump after return from D3 after cmd"
"20/8/2025 4:50:50 p. m.","Información","Netwtw10","7025","7025 - Dump after return from D3 before cmd "
"20/8/2025 4:50:48 p. m.","Información","Netwtw10","7026","7026 - Dump after return from D3 after cmd"
"20/8/2025 4:50:48 p. m.","Información","Netwtw10","7025","7025 - Dump after return from D3 before cmd "
"20/8/2025 4:50:48 p. m.","Información","nhi","9008","Driver exit RTD3.
 All the connected devices will now cause DeviceConnected events."
"20/8/2025 4:50:46 p. m.","Información","Netwtw10","7026","7026 - Dump after return from D3 after cmd"
"20/8/2025 4:50:46 p. m.","Información","Netwtw10","7025","7025 - Dump after return from D3 before cmd "
"20/8/2025 4:48:53 p. m.","Información","nhi","9007","The driver entered RTD3.
 All the connected devices will be removed from driver's internal state, so it is expected that DeviceDisconnected events will happen."
"20/8/2025 4:48:48 p. m.","Información","nhi","9008","Driver exit RTD3.
 All the connected devices will now cause DeviceConnected events."
"20/8/2025 4:48:48 p. m.","Información","Netwtw10","7026","7026 - Dump after return from D3 after cmd"
"20/8/2025 4:48:48 p. m.","Información","Netwtw10","7025","7025 - Dump after return from D3 before cmd "
"20/8/2025 4:48:46 p. m.","Información","Netwtw10","7026","7026 - Dump after return from D3 after cmd"
"20/8/2025 4:48:46 p. m.","Información","Netwtw10","7025","7025 - Dump after return from D3 before cmd "
"20/8/2025 4:46:46 p. m.","Información","Netwtw10","7026","7026 - Dump after return from D3 after cmd"
"20/8/2025 4:46:46 p. m.","Información","Netwtw10","7025","7025 - Dump after return from D3 before cmd "
"20/8/2025 4:46:21 p. m.","Información","Netwtw10","7026","7026 - Dump after return from D3 after cmd"
"20/8/2025 4:46:21 p. m.","Información","Netwtw10","7025","7025 - Dump after return from D3 before cmd "
"20/8/2025 4:46:05 p. m.","Información","Microsoft-Windows-WindowsUpdateClient","19","Instalación correcta: Windows instaló correctamente la siguiente actualización: 9NBLGGH10PG8-MICROSOFT.PEOPLE"
"20/8/2025 4:46:00 p. m.","Información","Microsoft-Windows-WindowsUpdateClient","19","Instalación correcta: Windows instaló correctamente la siguiente actualización: 9NBLGGH537C2-Microsoft.XboxGameOverlay"
"20/8/2025 4:45:56 p. m.","Información","Microsoft-Windows-WindowsUpdateClient","44","Windows Update comenzó a descargar una actualización."
"20/8/2025 4:45:56 p. m.","Información","Microsoft-Windows-WindowsUpdateClient","44","Windows Update comenzó a descargar una actualización."
"20/8/2025 4:45:48 p. m.","Advertencia","rt640x64","1","Realtek PCIe GbE Family Controller is disconnected from network."
"20/8/2025 4:45:45 p. m.","Información","Netwtw10","7026","7026 - Dump after return from D3 after cmd"
"20/8/2025 4:45:45 p. m.","Información","Netwtw10","7025","7025 - Dump after return from D3 before cmd "
"20/8/2025 4:44:46 p. m.","Información","Netwtw10","7026","7026 - Dump after return from D3 after cmd"
"20/8/2025 4:44:46 p. m.","Información","Netwtw10","7025","7025 - Dump after return from D3 before cmd "
"20/8/2025 4:42:46 p. m.","Información","Netwtw10","7026","7026 - Dump after return from D3 after cmd"
"20/8/2025 4:42:46 p. m.","Información","Netwtw10","7025","7025 - Dump after return from D3 before cmd "
"20/8/2025 4:40:46 p. m.","Información","Netwtw10","7026","7026 - Dump after return from D3 after cmd"
"20/8/2025 4:40:46 p. m.","Información","Netwtw10","7025","7025 - Dump after return from D3 before cmd "
"20/8/2025 4:38:46 p. m.","Información","Netwtw10","7026","7026 - Dump after return from D3 after cmd"
"20/8/2025 4:38:46 p. m.","Información","Netwtw10","7025","7025 - Dump after return from D3 before cmd "
"20/8/2025 4:36:46 p. m.","Información","Netwtw10","7026","7026 - Dump after return from D3 after cmd"
"20/8/2025 4:36:46 p. m.","Información","Netwtw10","7025","7025 - Dump after return from D3 before cmd "
"20/8/2025 4:34:53 p. m.","Información","nhi","9007","The driver entered RTD3.
 All the connected devices will be removed from driver's internal state, so it is expected that DeviceDisconnected events will happen."
"20/8/2025 4:34:48 p. m.","Información","Netwtw10","7026","7026 - Dump after return from D3 after cmd"
"20/8/2025 4:34:48 p. m.","Información","Netwtw10","7025","7025 - Dump after return from D3 before cmd "
"20/8/2025 4:34:48 p. m.","Información","nhi","9008","Driver exit RTD3.
 All the connected devices will now cause DeviceConnected events."
"20/8/2025 4:34:46 p. m.","Información","Netwtw10","7026","7026 - Dump after return from D3 after cmd"
"20/8/2025 4:34:46 p. m.","Información","Netwtw10","7025","7025 - Dump after return from D3 before cmd "
"20/8/2025 4:32:47 p. m.","Información","Netwtw10","7026","7026 - Dump after return from D3 after cmd"
"20/8/2025 4:32:47 p. m.","Información","Netwtw10","7025","7025 - Dump after return from D3 before cmd "
"20/8/2025 4:32:46 p. m.","Información","Netwtw10","7026","7026 - Dump after return from D3 after cmd"
"20/8/2025 4:32:46 p. m.","Información","Netwtw10","7025","7025 - Dump after return from D3 before cmd "
"20/8/2025 4:30:46 p. m.","Información","Netwtw10","7026","7026 - Dump after return from D3 after cmd"
"20/8/2025 4:30:46 p. m.","Información","Netwtw10","7025","7025 - Dump after return from D3 before cmd "
"20/8/2025 4:29:13 p. m.","Información","Netwtw10","7026","7026 - Dump after return from D3 after cmd"
"20/8/2025 4:29:13 p. m.","Información","Netwtw10","7025","7025 - Dump after return from D3 before cmd "
"20/8/2025 4:28:51 p. m.","Información","Microsoft-Windows-WindowsUpdateClient","19","Instalación correcta: Windows instaló correctamente la siguiente actualización: 9WZDNCRD1HKW-Microsoft.XboxIdentityProvider"
"20/8/2025 4:28:48 p. m.","Error","Microsoft-Windows-WindowsUpdateClient","20","Error de instalación: error de Windows al instalar la siguiente actualización, error 0x80073D02: 9NMPJ99VJBWV-Microsoft.YourPhone."
"20/8/2025 4:28:48 p. m.","Información","Microsoft-Windows-WindowsUpdateClient","43","Instalación iniciada: Windows comenzó a instalar la actualización siguiente: 9NMPJ99VJBWV-Microsoft.YourPhone"
"20/8/2025 4:28:42 p. m.","Información","Microsoft-Windows-WindowsUpdateClient","44","Windows Update comenzó a descargar una actualización."
"20/8/2025 4:28:41 p. m.","Error","Microsoft-Windows-DistributedCOM","10010","El servidor {338B40F9-9D68-4B53-A793-6B9AA0C5F63B} no se registró con DCOM dentro del tiempo de espera requerido."
"20/8/2025 4:28:02 p. m.","Información","Microsoft-Windows-WindowsUpdateClient","44","Windows Update comenzó a descargar una actualización."
"20/8/2025 4:28:02 p. m.","Información","Microsoft-Windows-WindowsUpdateClient","44","Windows Update comenzó a descargar una actualización."
"20/8/2025 4:27:49 p. m.","Información","Microsoft-Windows-WindowsUpdateClient","19","Instalación correcta: Windows instaló correctamente la siguiente actualización: Actualización de inteligencia de seguridad para Microsoft Defender Antivirus - KB2267602 (versión 1.435.286.0) - Canal actual (ampliado)"
"20/8/2025 4:27:26 p. m.","Información","Microsoft-Windows-WindowsUpdateClient","43","Instalación iniciada: Windows comenzó a instalar la actualización siguiente: Actualización de inteligencia de seguridad para Microsoft Defender Antivirus - KB2267602 (versión 1.435.286.0) - Canal actual (ampliado)"
"20/8/2025 4:27:14 p. m.","Información","Microsoft-Windows-WindowsUpdateClient","44","Windows Update comenzó a descargar una actualización."
"20/8/2025 4:26:42 p. m.","Información","Netwtw10","7026","7026 - Dump after return from D3 after cmd"
"20/8/2025 4:26:42 p. m.","Información","Netwtw10","7025","7025 - Dump after return from D3 before cmd "
"20/8/2025 4:12:56 p. m.","Información","Microsoft-Windows-Kernel-Power","566","La sesión del sistema ha cambiado de 62 a 63.

Motivo InputMouse 

BootId: 16"
"20/8/2025 4:12:51 p. m.","Información","Microsoft-Windows-Kernel-Power","506","El sistema está entrando en el modo de espera moderno 

motivo: AC/DC Display Burst Suppressed. "
"20/8/2025 4:12:51 p. m.","Información","Microsoft-Windows-Kernel-Power","566","La sesión del sistema ha cambiado de 61 a 62.

Motivo InputMouse 

BootId: 16"
"20/8/2025 4:12:51 p. m.","Información","Microsoft-Windows-Kernel-Power","507","El sistema está saliendo del modo de espera moderno 

motivo: AC/DC Display Burst Suppressed. "
"20/8/2025 4:12:51 p. m.","Información","Microsoft-Windows-Kernel-Power","172","Estado de conectividad en modo de espera: Connected. Motivo: None"
"20/8/2025 4:12:51 p. m.","Información","Netwtw10","7026","7026 - Dump after return from D3 after cmd"
"20/8/2025 4:12:51 p. m.","Información","Netwtw10","7025","7025 - Dump after return from D3 before cmd "
"20/8/2025 4:12:51 p. m.","Información","Microsoft-Windows-Kernel-Power","105","Cambio de fuente de energía."
"20/8/2025 3:42:57 p. m.","Información","Microsoft-Windows-Kernel-Power","172","Estado de conectividad en modo de espera: Disconnected. Motivo: Adaptive Connected Standby"
"20/8/2025 3:42:50 p. m.","Información","nhi","9007","The driver entered RTD3.
 All the connected devices will be removed from driver's internal state, so it is expected that DeviceDisconnected events will happen."
"20/8/2025 3:42:49 p. m.","Información","Microsoft-Windows-Kernel-Power","566","La sesión del sistema ha cambiado de 60 a 61.

Motivo InputMouse 

BootId: 16"
"20/8/2025 3:42:47 p. m.","Advertencia","rt640x64","1","Realtek PCIe GbE Family Controller is disconnected from network."
"20/8/2025 3:42:44 p. m.","Información","Microsoft-Windows-Kernel-Power","506","El sistema está entrando en el modo de espera moderno 

motivo: AC/DC Display Burst Suppressed. "
"20/8/2025 3:42:44 p. m.","Información","Microsoft-Windows-Kernel-Power","566","La sesión del sistema ha cambiado de 59 a 60.

Motivo InputMouse 

BootId: 16"
"20/8/2025 3:42:44 p. m.","Información","Microsoft-Windows-Kernel-Power","507","El sistema está saliendo del modo de espera moderno 

motivo: AC/DC Display Burst Suppressed. "
"20/8/2025 3:42:44 p. m.","Información","Netwtw10","7026","7026 - Dump after return from D3 after cmd"
"20/8/2025 3:42:44 p. m.","Información","Netwtw10","7025","7025 - Dump after return from D3 before cmd "
"20/8/2025 3:42:44 p. m.","Información","Microsoft-Windows-Kernel-Power","105","Cambio de fuente de energía."
"20/8/2025 3:42:43 p. m.","Información","nhi","9008","Driver exit RTD3.
 All the connected devices will now cause DeviceConnected events."
"20/8/2025 3:42:43 p. m.","Información","Netwtw10","7026","7026 - Dump after return from D3 after cmd"
"20/8/2025 3:42:43 p. m.","Información","Netwtw10","7025","7025 - Dump after return from D3 before cmd "
"20/8/2025 3:42:39 p. m.","Información","Netwtw10","7026","7026 - Dump after return from D3 after cmd"
"20/8/2025 3:42:39 p. m.","Información","Netwtw10","7025","7025 - Dump after return from D3 before cmd "
"20/8/2025 3:42:02 p. m.","Información","Microsoft-Windows-Kernel-Power","566","La sesión del sistema ha cambiado de 58 a 59.

Motivo PolicyChange 

BootId: 16"
"20/8/2025 3:40:56 p. m.","Información","Microsoft-Windows-Kernel-Power","506","El sistema está entrando en el modo de espera moderno 

motivo: 16777220. "
"20/8/2025 3:40:56 p. m.","Información","Microsoft-Windows-Kernel-Power","566","La sesión del sistema ha cambiado de 57 a 58.

Motivo 16777220 

BootId: 16"
"20/8/2025 3:40:56 p. m.","Información","Microsoft-Windows-Kernel-Power","507","El sistema está saliendo del modo de espera moderno 

motivo: 16777220. "
"20/8/2025 3:40:55 p. m.","Información","Microsoft-Windows-Kernel-Power","566","La sesión del sistema ha cambiado de 56 a 57.

Motivo PolicyChange 

BootId: 16"
"20/8/2025 3:38:44 p. m.","Información","Microsoft-Windows-Kernel-Power","506","El sistema está entrando en el modo de espera moderno 

motivo: 16777220. "
"20/8/2025 3:38:44 p. m.","Información","Microsoft-Windows-Kernel-Power","566","La sesión del sistema ha cambiado de 55 a 56.

Motivo 16777220 

BootId: 16"
"20/8/2025 3:38:44 p. m.","Información","Microsoft-Windows-Kernel-Power","507","El sistema está saliendo del modo de espera moderno 

motivo: 16777220. "
"20/8/2025 3:38:43 p. m.","Información","Microsoft-Windows-Kernel-Power","566","La sesión del sistema ha cambiado de 54 a 55.

Motivo PolicyChange 

BootId: 16"
"20/8/2025 3:38:43 p. m.","Información","Microsoft-Windows-Kernel-Power","506","El sistema está entrando en el modo de espera moderno 

motivo: Lid. "
"20/8/2025 3:38:43 p. m.","Advertencia","Win32k","700","Administrador de energía solicitó la supresión de todas las entradas (INPUT_SUPPRESS_REQUEST = 1)"
"20/8/2025 3:38:43 p. m.","Advertencia","Win32k","700","Administrador de energía solicitó la supresión de todas las entradas (INPUT_SUPPRESS_REQUEST = 1)"
"20/8/2025 3:38:43 p. m.","Información","Microsoft-Windows-Kernel-Power","566","La sesión del sistema ha cambiado de 53 a 54.

Motivo PolicyChange 

BootId: 16"
"20/8/2025 2:55:19 p. m.","Información","Microsoft-Windows-Kernel-Power","105","Cambio de fuente de energía."
"20/8/2025 2:15:46 p. m.","Información","Microsoft-Windows-Kernel-General","16","El historial de accesos en el subárbol \??\C:\Users\PCTIC-05\AppData\Local\Microsoft\VisualStudio\17.0_55120ddf\privateregistry.bin se borró mediante la actualización de 6003 claves y la creación de 711 páginas modificadas."
"20/8/2025 2:10:01 p. m.","Información","nhi","9007","The driver entered RTD3.
 All the connected devices will be removed from driver's internal state, so it is expected that DeviceDisconnected events will happen."
"20/8/2025 2:09:56 p. m.","Información","nhi","9008","Driver exit RTD3.
 All the connected devices will now cause DeviceConnected events."
"20/8/2025 2:00:35 p. m.","Advertencia","Netwtw10","6062","6062 - Lso was triggered"
"20/8/2025 2:00:29 p. m.","Información","Netwtw10","7021","7021 - Connection telemetry fields and analysis usage"
"20/8/2025 2:00:29 p. m.","Información","Microsoft-Windows-Kernel-Power","566","La sesión del sistema ha cambiado de 52 a 53.

Motivo PolicyChange 

BootId: 16"
"20/8/2025 2:00:29 p. m.","Información","Microsoft-Windows-Kernel-Power","507","El sistema está saliendo del modo de espera moderno 

motivo: Lid. "
"20/8/2025 2:00:29 p. m.","Información","Microsoft-Windows-Kernel-Power","172","Estado de conectividad en modo de espera: Connected. Motivo: None"
"20/8/2025 2:00:29 p. m.","Información","Netwtw10","7026","7026 - Dump after return from D3 after cmd"
"20/8/2025 2:00:29 p. m.","Información","Netwtw10","7025","7025 - Dump after return from D3 before cmd "
"20/8/2025 2:00:29 p. m.","Advertencia","Win32k","701","Administrador de energía no solicitó la supresión de todas las entradas (INPUT_SUPPRESS_REQUEST = 0)"
"20/8/2025 2:00:29 p. m.","Advertencia","Win32k","701","Administrador de energía no solicitó la supresión de todas las entradas (INPUT_SUPPRESS_REQUEST = 0)"
"20/8/2025 1:44:37 p. m.","Información","Microsoft-Windows-Kernel-Power","172","Estado de conectividad en modo de espera: Disconnected. Motivo: Policy Setting"
"20/8/2025 1:44:29 p. m.","Información","Microsoft-Windows-Kernel-Power","566","La sesión del sistema ha cambiado de 51 a 52.

Motivo 55 

BootId: 16"
"20/8/2025 1:44:24 p. m.","Información","Microsoft-Windows-Kernel-Power","506","El sistema está entrando en el modo de espera moderno 

motivo: Austerity Battery Drain Budget Exceeded. "
"20/8/2025 1:44:24 p. m.","Información","Microsoft-Windows-Kernel-Power","566","La sesión del sistema ha cambiado de 50 a 51.

Motivo 55 

BootId: 16"
"20/8/2025 1:44:24 p. m.","Información","Microsoft-Windows-Kernel-Power","507","El sistema está saliendo del modo de espera moderno 

motivo: Austerity Battery Drain Budget Exceeded. "
"20/8/2025 1:44:24 p. m.","Información","Microsoft-Windows-Kernel-Power","172","Estado de conectividad en modo de espera: Connected. Motivo: None"
"20/8/2025 1:44:24 p. m.","Información","Netwtw10","7026","7026 - Dump after return from D3 after cmd"
"20/8/2025 1:44:24 p. m.","Información","Netwtw10","7025","7025 - Dump after return from D3 before cmd "
"20/8/2025 1:21:42 p. m.","Información","Microsoft-Windows-Kernel-Power","172","Estado de conectividad en modo de espera: Disconnected. Motivo: Adaptive Connected Standby"
"20/8/2025 1:21:34 p. m.","Información","Microsoft-Windows-Kernel-Power","566","La sesión del sistema ha cambiado de 49 a 50.

Motivo PolicyChange 

BootId: 16"
"20/8/2025 1:21:34 p. m.","Información","Microsoft-Windows-Kernel-Power","506","El sistema está entrando en el modo de espera moderno 

motivo: Lid. "
"20/8/2025 1:21:34 p. m.","Advertencia","Win32k","700","Administrador de energía solicitó la supresión de todas las entradas (INPUT_SUPPRESS_REQUEST = 1)"
"20/8/2025 1:21:34 p. m.","Advertencia","Win32k","700","Administrador de energía solicitó la supresión de todas las entradas (INPUT_SUPPRESS_REQUEST = 1)"
"20/8/2025 1:21:34 p. m.","Información","Microsoft-Windows-Kernel-Power","566","La sesión del sistema ha cambiado de 48 a 49.

Motivo PolicyChange 

BootId: 16"
"20/8/2025 1:16:21 p. m.","Información","Service Control Manager","7040","El tipo de inicio del servicio OpenSSH SSH Server se cambió de inicio por solicitud a inicio automático."
"20/8/2025 1:11:47 p. m.","Información","Microsoft-Windows-Kernel-General","16","El historial de accesos en el subárbol \??\C:\Users\PCTIC-05\AppData\Local\Packages\Microsoft.ScreenSketch_8wekyb3d8bbwe\Settings\settings.dat se borró mediante la actualización de 2 claves y la creación de 1 páginas modificadas."
"20/8/2025 12:41:16 p. m.","Error","Microsoft-Windows-DistributedCOM","10010","El servidor {8018F647-BF07-55BB-82BE-A2D7049F7CE4} no se registró con DCOM dentro del tiempo de espera requerido."
"20/8/2025 12:39:27 p. m.","Información","Microsoft-Windows-TPM-WMI","1038","Las comprobaciones de estado de la atestación previa confirman que se espera que el dispositivo supere la atestación.
 Consulte C:\WINDOWS\Logs\MeasuredBoot\0000000037-0000000002.json para obtener información detallada sobre las comprobaciones realizadas."
"20/8/2025 12:39:27 p. m.","Información","Microsoft-Windows-TPM-WMI","1041","Información detallada sobre la comprobación del estado de la atestación previa: {""Version"":1,""HealthStatus"":""Attestable"",""Required"":[{""Field"":""TpmPresent"",""Value"":true,""DesiredValue"":true},{""Field"":""TpmMeetsMinimumVersion"",""Value"":true,""DesiredValue"":true},{""Field"":""TpmIsResponsive"",""Value"":true,""DesiredValue"":true},{""Field"":""EkCertIsAvailable"",""Value"":true,""DesiredValue"":true},{""Field"":""TcgLogFound"",""Value"":true,""DesiredValue"":true}],""Expected"":[{""Field"":""PcrsMatchTcgLog"",""Value"":true,""DesiredValue"":true}],""Informational"":[{""Field"":""SecureBootEnabled"",""ValueFromComputer"":true,""ValueFromTcgLog"":true,""DesiredValue"":true,""TcgValueIsVerifiable"":true},{""Field"":""VirtualSecureMemory"",""ValueFromComputer"":false,""ValueFromTcgLog"":false,""DesiredValue"":true,""TcgValueIsVerifiable"":true},{""Field"":""SecureCorePCCompliant"",""ValueFromComputer"":false,""ValueFromTcgLog"":false,""DesiredValue"":true,""TcgValueIsVerifiable"":true}]}"
"20/8/2025 12:39:20 p. m.","Información","nhi","9007","The driver entered RTD3.
 All the connected devices will be removed from driver's internal state, so it is expected that DeviceDisconnected events will happen."
"20/8/2025 12:39:18 p. m.","Información","Microsoft-Windows-Power-Troubleshooter","1","El sistema estaba en un estado de baja energía y se reanudó.

Hora de suspensión: ‎2025‎-‎08‎-‎20T11:12:59.497314200Z
Hora de reactivación: ‎2025‎-‎08‎-‎20T16:39:14.734834700Z

Origen de la reactivación: Unknown"
"20/8/2025 12:39:17 p. m.","Advertencia","Netwtw10","6062","6062 - Lso was triggered"
"20/8/2025 12:39:17 p. m.","Información","Microsoft-Windows-Time-Service","37","El proveedor de hora NtpClient está recibiendo datos de hora  válidos desde time.windows.com,0x9 (ntp.m|0x9|0.0.0.0:123->40.119.6.228:123)."
"20/8/2025 12:39:17 p. m.","Advertencia","rt640x64","1","Realtek PCIe GbE Family Controller is disconnected from network."
"20/8/2025 12:39:15 p. m.","Información","Microsoft-Windows-Kernel-General","16","El historial de accesos en el subárbol \Device\HarddiskVolume1\EFI\Microsoft\Boot\BCD se borró mediante la actualización de 89 claves y la creación de 10 páginas modificadas."
"20/8/2025 12:39:14 p. m.","Información","Netwtw10","7021","7021 - Connection telemetry fields and analysis usage"
"20/8/2025 12:39:14 p. m.","Información","Microsoft-Windows-Kernel-Power","566","La sesión del sistema ha cambiado de 46 a 48.

Motivo PolicyChange 

BootId: 16"
"20/8/2025 12:39:14 p. m.","Información","Microsoft-Windows-Kernel-Power","507","El sistema está saliendo del modo de espera moderno 

motivo: Lid. "
"20/8/2025 12:39:14 p. m.","Información","Microsoft-Windows-Kernel-Power","506","El sistema está entrando en el modo de espera moderno 

motivo: Sleep, Hibernate, or Shutdown. "
"20/8/2025 12:39:14 p. m.","Información","Microsoft-Windows-Kernel-Power","566","La sesión del sistema ha cambiado de 45 a 46.

Motivo SxTransition 

BootId: 16"
"20/8/2025 12:39:14 p. m.","Información","Microsoft-Windows-Kernel-Boot","247","No se puede cargar el firmware de Pluton-Windows. StatusCode: STATUS_SUCCESS, Motivo: Failed to apply firmware."
"20/8/2025 12:39:14 p. m.","Información","Microsoft-Windows-Kernel-Boot","27","El tipo de arranque fue 0x2."
"20/8/2025 12:39:14 p. m.","Información","Microsoft-Windows-Kernel-Boot","25","La directiva del menú de arranque fue 0x0."
"20/8/2025 12:39:14 p. m.","Información","Microsoft-Windows-Kernel-Boot","32","Bootmgr esperó la entrada del usuario durante 0 ms."
"20/8/2025 12:39:14 p. m.","Información","Microsoft-Windows-Kernel-Boot","18","Existen 0x1 opciones de arranque en este sistema."
"20/8/2025 12:39:14 p. m.","Información","Microsoft-Windows-Kernel-Boot","30","El firmware notificó métricas de arranque."
"20/8/2025 12:39:14 p. m.","Información","Netwtw10","7023","7023 - secure boot debug logging Quasar"
"20/8/2025 12:39:14 p. m.","Información","Intel-SST-OED","28","Loaded DSP FW library: \??\C:\WINDOWS\System32\DriverStore\FileRepository\intcoed_oemlibpath.inf_amd64_69401f7e35684734\tgl_maxx_audio_pro.bin, status = STATUS_SUCCESS."
"20/8/2025 12:39:14 p. m.","Información","Intel-SST-OED","28","Loaded DSP FW library: Libs\dsp_lib_whm_tgl_release.bin, status = STATUS_SUCCESS."
"20/8/2025 12:39:14 p. m.","Información","Intel-SST-OED","28","Loaded DSP FW library: Libs\dsp_lib_intel_wov_tgl_release.bin, status = STATUS_SUCCESS."
"20/8/2025 12:39:14 p. m.","Información","Netwtw10","7025","7025 - Dump after return from D3 before cmd "
"20/8/2025 12:39:14 p. m.","Información","WiManH","2",
"20/8/2025 12:39:14 p. m.","Advertencia","TPM","30","El recuento de restablecimiento y/o reanudación no coinciden con los valores esperados después de hibernar o reanudar."
"20/8/2025 12:39:13 p. m.","Advertencia","Win32k","701","Administrador de energía no solicitó la supresión de todas las entradas (INPUT_SUPPRESS_REQUEST = 0)"
"20/8/2025 12:39:13 p. m.","Advertencia","Win32k","701","Administrador de energía no solicitó la supresión de todas las entradas (INPUT_SUPPRESS_REQUEST = 0)"
"20/8/2025 12:39:13 p. m.","Información","Microsoft-Windows-Kernel-General","1","La hora del sistema ha cambiado a ‎2025‎-‎08‎-‎20T16:39:13.500000000Z de ‎2025‎-‎08‎-‎20T11:13:12.137529800Z.
Diferencia horaria: 19561362 ms

Motivo del cambio: System time synchronized with the hardware clock.
Proceso: '' (PID 4).

Hora de RTC: ‎2025‎-‎08‎-‎20T12:39:13.500000000Z
Diferencia de zona horaria actual: 240
hora RTC es UTC: false
La hora del sistema se basaba en la hora RTC: false"
"20/8/2025 12:39:14 p. m.","Información","EventLog","6013","El tiempo límite del sistema es de 135290 segundos."
"20/8/2025 7:13:12 a. m.","Información","Microsoft-Windows-Kernel-Power","107","El sistema se reanudó del estado de suspensión."
"20/8/2025 7:13:10 a. m.","Información","nhi","9008","Driver exit RTD3.
 All the connected devices will now cause DeviceConnected events."
"20/8/2025 7:13:06 a. m.","Información","nhi","9007","The driver entered RTD3.
 All the connected devices will be removed from driver's internal state, so it is expected that DeviceDisconnected events will happen."
"20/8/2025 7:13:02 a. m.","Información","Microsoft-Windows-Kernel-Power","42","El sistema está entrando en suspensión.

Motivo de la suspensión: Hibernate from Sleep - Standby Battery Budget Exceeded"
"20/8/2025 7:13:01 a. m.","Advertencia","Netwtw10","6062","6062 - Lso was triggered"
"20/8/2025 7:13:01 a. m.","Información","Microsoft-Windows-Kernel-Power","40","El controlador \Driver\ACPI del dispositivo  detuvo la transición de energía."
"20/8/2025 7:13:01 a. m.","Información","nhi","9008","Driver exit RTD3.
 All the connected devices will now cause DeviceConnected events."
"20/8/2025 7:13:00 a. m.","Información","Netwtw10","7021","7021 - Connection telemetry fields and analysis usage"
"20/8/2025 7:12:59 a. m.","Información","Microsoft-Windows-Kernel-Power","566","La sesión del sistema ha cambiado de 44 a 45.

Motivo SxTransition 

BootId: 16"
"20/8/2025 7:12:59 a. m.","Información","Microsoft-Windows-Kernel-Power","507","El sistema está saliendo del modo de espera moderno 

motivo: Sleep, Hibernate, or Shutdown. "
"20/8/2025 7:12:59 a. m.","Información","Microsoft-Windows-Kernel-Power","172","Estado de conectividad en modo de espera: Connected. Motivo: None"
"20/8/2025 7:12:59 a. m.","Información","Netwtw10","7026","7026 - Dump after return from D3 after cmd"
"20/8/2025 7:12:59 a. m.","Información","Netwtw10","7025","7025 - Dump after return from D3 before cmd "
"20/8/2025 5:18:18 a. m.","Información","Microsoft-Windows-Kernel-Power","172","Estado de conectividad en modo de espera: Disconnected. Motivo: Policy Setting"
"20/8/2025 5:18:10 a. m.","Información","Microsoft-Windows-Kernel-Power","566","La sesión del sistema ha cambiado de 43 a 44.

Motivo 55 

BootId: 16"
"20/8/2025 5:18:05 a. m.","Información","Microsoft-Windows-Kernel-Power","506","El sistema está entrando en el modo de espera moderno 

motivo: Austerity Battery Drain Budget Exceeded. "
"20/8/2025 5:18:05 a. m.","Información","Microsoft-Windows-Kernel-Power","566","La sesión del sistema ha cambiado de 42 a 43.

Motivo 55 

BootId: 16"
"20/8/2025 5:18:05 a. m.","Información","Microsoft-Windows-Kernel-Power","507","El sistema está saliendo del modo de espera moderno 

motivo: Austerity Battery Drain Budget Exceeded. "
"20/8/2025 5:18:05 a. m.","Información","Microsoft-Windows-Kernel-Power","172","Estado de conectividad en modo de espera: Connected. Motivo: None"
"20/8/2025 5:18:05 a. m.","Información","Netwtw10","7026","7026 - Dump after return from D3 after cmd"
"20/8/2025 5:18:05 a. m.","Información","Netwtw10","7025","7025 - Dump after return from D3 before cmd "
"20/8/2025 4:50:33 a. m.","Información","Microsoft-Windows-Kernel-Power","172","Estado de conectividad en modo de espera: Disconnected. Motivo: Adaptive Connected Standby"
"20/8/2025 4:50:26 a. m.","Información","Microsoft-Windows-Kernel-Power","566","La sesión del sistema ha cambiado de 41 a 42.

Motivo PolicyChange 

BootId: 16"
"20/8/2025 4:50:25 a. m.","Información","Microsoft-Windows-Kernel-Power","506","El sistema está entrando en el modo de espera moderno 

motivo: Lid. "
"20/8/2025 4:50:25 a. m.","Advertencia","Win32k","700","Administrador de energía solicitó la supresión de todas las entradas (INPUT_SUPPRESS_REQUEST = 1)"
"20/8/2025 4:50:25 a. m.","Advertencia","Win32k","700","Administrador de energía solicitó la supresión de todas las entradas (INPUT_SUPPRESS_REQUEST = 1)"
"20/8/2025 4:50:25 a. m.","Información","Microsoft-Windows-Kernel-Power","566","La sesión del sistema ha cambiado de 40 a 41.

Motivo PolicyChange 

BootId: 16"
"20/8/2025 4:24:39 a. m.","Información","Microsoft-Windows-WindowsUpdateClient","19","Instalación correcta: Windows instaló correctamente la siguiente actualización: 9PC1H9VN18CM-Microsoft.StartExperiencesApp"
"20/8/2025 4:24:37 a. m.","Información","Microsoft-Windows-Kernel-General","16","El historial de accesos en el subárbol \??\C:\Users\PCTIC-05\AppData\Local\Packages\Microsoft.StartExperiencesApp_8wekyb3d8bbwe\Settings\settings.dat se borró mediante la actualización de 1 claves y la creación de 1 páginas modificadas."
"20/8/2025 4:24:36 a. m.","Información","Microsoft-Windows-WindowsUpdateClient","43","Instalación iniciada: Windows comenzó a instalar la actualización siguiente: 9PC1H9VN18CM-Microsoft.StartExperiencesApp"
"20/8/2025 4:24:32 a. m.","Información","Microsoft-Windows-Kernel-General","16","El historial de accesos en el subárbol \??\C:\ProgramData\Microsoft\Windows\AppRepository\Packages\Microsoft.StartExperiencesApp_1.92.1.0_x64__8wekyb3d8bbwe\ActivationStore.dat se borró mediante la actualización de 0 claves y la creación de 0 páginas modificadas."
"20/8/2025 4:24:31 a. m.","Error","Microsoft-Windows-WindowsUpdateClient","20","Error de instalación: error de Windows al instalar la siguiente actualización, error 0x80073D02: 9NMPJ99VJBWV-Microsoft.YourPhone."
"20/8/2025 4:24:30 a. m.","Información","Microsoft-Windows-WindowsUpdateClient","43","Instalación iniciada: Windows comenzó a instalar la actualización siguiente: 9NMPJ99VJBWV-Microsoft.YourPhone"
"20/8/2025 4:24:24 a. m.","Información","Microsoft-Windows-WindowsUpdateClient","19","Instalación correcta: Windows instaló correctamente la siguiente actualización: Actualización de inteligencia de seguridad para Microsoft Defender Antivirus - KB2267602 (versión 1.435.278.0) - Canal actual (ampliado)"
"20/8/2025 4:24:24 a. m.","Información","Microsoft-Windows-WindowsUpdateClient","44","Windows Update comenzó a descargar una actualización."
"20/8/2025 4:24:21 a. m.","Error","Microsoft-Windows-WindowsUpdateClient","20","Error de instalación: error de Windows al instalar la siguiente actualización, error 0x80073D02: 9NMPJ99VJBWV-Microsoft.YourPhone."
"20/8/2025 4:24:20 a. m.","Información","Microsoft-Windows-WindowsUpdateClient","43","Instalación iniciada: Windows comenzó a instalar la actualización siguiente: 9NMPJ99VJBWV-Microsoft.YourPhone"
"20/8/2025 4:23:49 a. m.","Información","Microsoft-Windows-WindowsUpdateClient","43","Instalación iniciada: Windows comenzó a instalar la actualización siguiente: Actualización de inteligencia de seguridad para Microsoft Defender Antivirus - KB2267602 (versión 1.435.278.0) - Canal actual (ampliado)"
"20/8/2025 4:23:49 a. m.","Información","Microsoft-Windows-WindowsUpdateClient","44","Windows Update comenzó a descargar una actualización."
"20/8/2025 4:23:48 a. m.","Información","Microsoft-Windows-WindowsUpdateClient","44","Windows Update comenzó a descargar una actualización."
"20/8/2025 4:23:33 a. m.","Información","Microsoft-Windows-WindowsUpdateClient","44","Windows Update comenzó a descargar una actualización."
"20/8/2025 4:10:35 a. m.","Información","Microsoft-Windows-IsolatedUserMode","2","Secure Trustlet Id 6 and Pid 804 stopped with status STATUS_SUCCESS."
"20/8/2025 4:02:49 a. m.","Información","Microsoft-Windows-Kernel-Power","566","La sesión del sistema ha cambiado de 39 a 40.

Motivo PolicyChange 

BootId: 16"
"20/8/2025 4:02:49 a. m.","Información","Microsoft-Windows-Kernel-Power","507","El sistema está saliendo del modo de espera moderno 

motivo: Lid. "
"20/8/2025 4:02:49 a. m.","Advertencia","Win32k","701","Administrador de energía no solicitó la supresión de todas las entradas (INPUT_SUPPRESS_REQUEST = 0)"
"20/8/2025 4:02:49 a. m.","Advertencia","Win32k","701","Administrador de energía no solicitó la supresión de todas las entradas (INPUT_SUPPRESS_REQUEST = 0)"
"20/8/2025 4:02:47 a. m.","Información","Microsoft-Windows-IsolatedUserMode","1","Secure Trustlet \??\C:\WINDOWS\System32\NgcIso.exe Id 6 and Pid 804 started with status STATUS_SUCCESS."
"20/8/2025 4:02:47 a. m.","Información","Microsoft-Windows-IsolatedUserMode","5","Secure Trustlet NULL Id 0 and Pid 0 started with status STATUS_SUCCESS."
"20/8/2025 4:02:44 a. m.","Información","Microsoft-Windows-Kernel-Power","566","La sesión del sistema ha cambiado de 38 a 39.

Motivo InputMouse 

BootId: 16"
"20/8/2025 4:02:42 a. m.","Advertencia","rt640x64","1","Realtek PCIe GbE Family Controller is disconnected from network."
"20/8/2025 4:02:39 a. m.","Información","Microsoft-Windows-Kernel-Power","506","El sistema está entrando en el modo de espera moderno 

motivo: AC/DC Display Burst Suppressed. "
"20/8/2025 4:02:39 a. m.","Información","Microsoft-Windows-Kernel-Power","566","La sesión del sistema ha cambiado de 37 a 38.

Motivo InputMouse 

BootId: 16"
"20/8/2025 4:02:39 a. m.","Información","Microsoft-Windows-Kernel-Power","507","El sistema está saliendo del modo de espera moderno 

motivo: AC/DC Display Burst Suppressed. "
"20/8/2025 4:02:39 a. m.","Información","Netwtw10","7026","7026 - Dump after return from D3 after cmd"
"20/8/2025 4:02:39 a. m.","Información","Netwtw10","7025","7025 - Dump after return from D3 before cmd "
