"16/8/2025 7:26:06 a. m.","Información","Microsoft-Windows-Hyper-V-VmSwitch","234","NIC C08CB7B8-9B3C-408E-8E30-5E16A3AEB444 successfully disconnected from port C08CB7B8-9B3C-408E-8E30-5E16A3AEB444."
"16/8/2025 7:26:06 a. m.","Información","Microsoft-Windows-TPM-WMI","1025","El TPM se aprovisionó correctamente y está listo para su uso."
"16/8/2025 7:26:06 a. m.","Información","Netwtw10","7021","7021 - Connection telemetry fields and analysis usage"
"16/8/2025 7:26:05 a. m.","Información","Microsoft-Windows-Hyper-V-VmSwitch","233","La operación ' Delete ' se realizó correctamente en la NIC 790E58B4-7939-4434-9358-89AE7DDBE87F (nombre descriptivo: WSL (Hyper-V firewall)) e ID. de instancia {822e66d3-81bb-438d-ae90-cd0dd2dbaa09}. "
"16/8/2025 7:26:05 a. m.","Información","Microsoft-Windows-TPM-WMI","1282","Se generó el identificador de dispositivos TBS."
"16/8/2025 7:26:02 a. m.","Información","Microsoft-Windows-WLAN-AutoConfig","10001","El módulo de extensibilidad de WLAN se inició correctamente.

Ruta de acceso del módulo: C:\WINDOWS\system32\IntelIHVRouter10.dll
"
"16/8/2025 7:26:02 a. m.","Información","Microsoft-Windows-IsolatedUserMode","1","Secure Trustlet \??\C:\WINDOWS\System32\NgcIso.exe Id 6 and Pid 6288 started with status STATUS_SUCCESS."
"16/8/2025 7:26:02 a. m.","Información","Microsoft-Windows-IsolatedUserMode","5","Secure Trustlet NULL Id 0 and Pid 0 started with status STATUS_SUCCESS."
"16/8/2025 7:26:02 a. m.","Información","Microsoft-Windows-WLAN-AutoConfig","4000","El servicio de Configuración automática de WLAN se inició correctamente.
"
"16/8/2025 7:26:02 a. m.","Información","TPM","18","Este evento desencadena que se ejecute la comprobación de estado/aprovisionamiento del Módulo de plataforma segura (TPM)."
"16/8/2025 7:25:58 a. m.","Información","nhi","9007","The driver entered RTD3.
 All the connected devices will be removed from driver's internal state, so it is expected that DeviceDisconnected events will happen."
"16/8/2025 7:25:58 a. m.","Información","Win32k","267","La comprobación de control de calidad de hardware táctil se realizó correctamente."
"16/8/2025 7:25:57 a. m.","Advertencia","Win32k","700","Administrador de energía solicitó la supresión de todas las entradas (INPUT_SUPPRESS_REQUEST = 1)"
"16/8/2025 7:25:57 a. m.","Información","Microsoft-Windows-Kernel-Power","506","El sistema está entrando en el modo de espera moderno 

motivo: Idle Timeout. "
"16/8/2025 7:25:57 a. m.","Información","Microsoft-Windows-Kernel-Power","566","La sesión del sistema ha cambiado de 0 a 1.

Motivo SessionUnlock 

BootId: 13"
"16/8/2025 7:25:57 a. m.","Advertencia","Win32k","700","Administrador de energía solicitó la supresión de todas las entradas (INPUT_SUPPRESS_REQUEST = 1)"
"16/8/2025 7:25:56 a. m.","Información","Microsoft-Windows-UserModePowerService","12","El proceso C:\Windows\System32\DriverStore\FileRepository\dptf_cpu.inf_amd64_897ea327b3fe52f7\esif_uf.exe (identificador de proceso:4160) restableció el esquema de directivas de {381b4222-f694-41f0-9685-ff5bb260df2e} a {381b4222-f694-41f0-9685-ff5bb260df2e}"
"16/8/2025 7:25:56 a. m.","Información","Microsoft-Windows-UserModePowerService","12","El proceso C:\Windows\System32\DriverStore\FileRepository\dptf_cpu.inf_amd64_897ea327b3fe52f7\esif_uf.exe (identificador de proceso:4160) restableció el esquema de directivas de {381b4222-f694-41f0-9685-ff5bb260df2e} a {381b4222-f694-41f0-9685-ff5bb260df2e}"
"16/8/2025 7:25:57 a. m.","Información","RST Middleware","27","Found passthru disk: SCSI Port: 0, SCSI Bus: 3, SCSI Target: 0, PCIe SSD, 512110190592 bytes, TEAM TM8FP6512G                         "
"16/8/2025 7:25:56 a. m.","Información","Microsoft-Windows-HttpService","112","Se intentó reservar la http://+:80/116B50EB-ECE2-41ac-8429-9F9E963361B7/ url. Estado 0x0. Id. de proceso 0x4 ruta de acceso ejecutable , S-1-5-18  de usuario"
"16/8/2025 7:25:56 a. m.","Información","Microsoft-Windows-HttpService","112","Se intentó reservar la https://+:443/C574AC30-5794-4AEE-B1BB-6651C5315029/ url. Estado 0x0. Id. de proceso 0x4 ruta de acceso ejecutable , S-1-5-18  de usuario"
"16/8/2025 7:25:56 a. m.","Información","Microsoft-Windows-HttpService","112","Se intentó reservar la http://+:80/0131501b-d67f-491b-9a40-c4bf27bcb4d4/ url. Estado 0x0. Id. de proceso 0x4 ruta de acceso ejecutable , S-1-5-18  de usuario"
"16/8/2025 7:25:56 a. m.","Información","Microsoft-Windows-HttpService","112","Se intentó reservar la http://+:3387/rdp/ url. Estado 0x0. Id. de proceso 0x4 ruta de acceso ejecutable , S-1-5-18  de usuario"
"16/8/2025 7:25:56 a. m.","Información","Microsoft-Windows-HttpService","112","Se intentó reservar la https://+:3392/rdp/ url. Estado 0x0. Id. de proceso 0x4 ruta de acceso ejecutable , S-1-5-18  de usuario"
"16/8/2025 7:25:56 a. m.","Información","Microsoft-Windows-HttpService","112","Se intentó reservar la http://+:10243/WMPNSSv4/ url. Estado 0x0. Id. de proceso 0x4 ruta de acceso ejecutable , S-1-5-18  de usuario"
"16/8/2025 7:25:56 a. m.","Información","Microsoft-Windows-HttpService","112","Se intentó reservar la https://+:10245/WMPNSSv4/ url. Estado 0x0. Id. de proceso 0x4 ruta de acceso ejecutable , S-1-5-18  de usuario"
"16/8/2025 7:25:56 a. m.","Información","Microsoft-Windows-HttpService","112","Se intentó reservar la http://+:10247/apps/ url. Estado 0x0. Id. de proceso 0x4 ruta de acceso ejecutable , S-1-5-18  de usuario"
"16/8/2025 7:25:56 a. m.","Información","Microsoft-Windows-HttpService","112","Se intentó reservar la http://+:10246/MDEServer/ url. Estado 0x0. Id. de proceso 0x4 ruta de acceso ejecutable , S-1-5-18  de usuario"
"16/8/2025 7:25:56 a. m.","Información","Microsoft-Windows-HttpService","112","Se intentó reservar la https://+:443/sra_{BA195980-CD49-458b-9E23-C84EE0ADCD75}/ url. Estado 0x0. Id. de proceso 0x4 ruta de acceso ejecutable , S-1-5-18  de usuario"
"16/8/2025 7:25:56 a. m.","Información","Microsoft-Windows-HttpService","112","Se intentó reservar la http://+:5985/wsman/ url. Estado 0x0. Id. de proceso 0x4 ruta de acceso ejecutable , S-1-5-18  de usuario"
"16/8/2025 7:25:56 a. m.","Información","Microsoft-Windows-HttpService","112","Se intentó reservar la http://+:47001/wsman/ url. Estado 0x0. Id. de proceso 0x4 ruta de acceso ejecutable , S-1-5-18  de usuario"
"16/8/2025 7:25:56 a. m.","Información","Microsoft-Windows-HttpService","112","Se intentó reservar la https://+:5986/wsman/ url. Estado 0x0. Id. de proceso 0x4 ruta de acceso ejecutable , S-1-5-18  de usuario"
"16/8/2025 7:25:56 a. m.","Información","Microsoft-Windows-HttpService","112","Se intentó reservar la http://*:2869/ url. Estado 0x0. Id. de proceso 0x4 ruta de acceso ejecutable , S-1-5-18  de usuario"
"16/8/2025 7:25:56 a. m.","Información","Microsoft-Windows-HttpService","112","Se intentó reservar la https://*:5358/ url. Estado 0x0. Id. de proceso 0x4 ruta de acceso ejecutable , S-1-5-18  de usuario"
"16/8/2025 7:25:56 a. m.","Información","Microsoft-Windows-HttpService","112","Se intentó reservar la http://+:80/Temporary_Listen_Addresses/ url. Estado 0x0. Id. de proceso 0x4 ruta de acceso ejecutable , S-1-5-18  de usuario"
"16/8/2025 7:25:56 a. m.","Información","Microsoft-Windows-HttpService","112","Se intentó reservar la http://*:5357/ url. Estado 0x0. Id. de proceso 0x4 ruta de acceso ejecutable , S-1-5-18  de usuario"
"16/8/2025 7:25:55 a. m.","Información","Microsoft-Windows-Hyper-V-VmSwitch","62","El conmutador 790E58B4-7939-4434-9358-89AE7DDBE87E (nombre descriptivo: WSL (Hyper-V firewall)) se ha eliminado correctamente."
"16/8/2025 7:25:55 a. m.","Información","Microsoft-Windows-Hyper-V-VmSwitch","233","La operación ' Delete ' se realizó correctamente en la NIC 790E58B4-7939-4434-9358-89AE7DDBE87E (nombre descriptivo: WSL (Hyper-V firewall)) e ID. de instancia {00000000-0000-0000-0000-000000000000}. "
"16/8/2025 7:25:55 a. m.","Información","Microsoft-Windows-Hyper-V-VmSwitch","71","Eliminación completada para el 790E58B4-7939-4434-9358-89AE7DDBE87E de puerto (nombre descriptivo: WSL (Hyper-V firewall))."
"16/8/2025 7:25:55 a. m.","Información","Microsoft-Windows-Hyper-V-VmSwitch","71","Eliminación completada para el 790E58B4-7939-4434-9358-89AE7DDBE87F de puerto (nombre descriptivo: Host Vnic 790E58B4-7939-4434-9358-89AE7DDBE87E)."
"16/8/2025 7:25:55 a. m.","Información","Microsoft-Windows-Hyper-V-VmSwitch","69","El 790E58B4-7939-4434-9358-89AE7DDBE87F de puerto (nombre descriptivo: Host Vnic 790E58B4-7939-4434-9358-89AE7DDBE87E) se eliminó correctamente. Cambie 790E58B4-7939-4434-9358-89AE7DDBE87E (nombre descriptivo: WSL (Hyper-V firewall))."
"16/8/2025 7:25:55 a. m.","Información","Microsoft-Windows-Hyper-V-VmSwitch","234","NIC 790E58B4-7939-4434-9358-89AE7DDBE87F successfully disconnected from port 790E58B4-7939-4434-9358-89AE7DDBE87F."
"16/8/2025 7:25:55 a. m.","Información","Microsoft-Windows-Hyper-V-VmSwitch","69","El 790E58B4-7939-4434-9358-89AE7DDBE87E de puerto (nombre descriptivo: WSL (Hyper-V firewall)) se eliminó correctamente. Cambie 790E58B4-7939-4434-9358-89AE7DDBE87E (nombre descriptivo: WSL (Hyper-V firewall))."
"16/8/2025 7:25:55 a. m.","Información","Microsoft-Windows-Hyper-V-VmSwitch","234","NIC 790E58B4-7939-4434-9358-89AE7DDBE87E successfully disconnected from port 790E58B4-7939-4434-9358-89AE7DDBE87E."
"16/8/2025 7:25:55 a. m.","Información","Microsoft-Windows-TPM-WMI","1038","Las comprobaciones de estado de la atestación previa confirman que se espera que el dispositivo supere la atestación.
 Consulte C:\WINDOWS\Logs\MeasuredBoot\0000000034-0000000000.json para obtener información detallada sobre las comprobaciones realizadas."
"16/8/2025 7:25:55 a. m.","Información","Microsoft-Windows-TPM-WMI","1041","Información detallada sobre la comprobación del estado de la atestación previa: {""Version"":1,""HealthStatus"":""Attestable"",""Required"":[{""Field"":""TpmPresent"",""Value"":true,""DesiredValue"":true},{""Field"":""TpmMeetsMinimumVersion"",""Value"":true,""DesiredValue"":true},{""Field"":""TpmIsResponsive"",""Value"":true,""DesiredValue"":true},{""Field"":""EkCertIsAvailable"",""Value"":true,""DesiredValue"":true},{""Field"":""TcgLogFound"",""Value"":true,""DesiredValue"":true}],""Expected"":[{""Field"":""PcrsMatchTcgLog"",""Value"":true,""DesiredValue"":true}],""Informational"":[{""Field"":""SecureBootEnabled"",""ValueFromComputer"":true,""ValueFromTcgLog"":true,""DesiredValue"":true,""TcgValueIsVerifiable"":true},{""Field"":""VirtualSecureMemory"",""ValueFromComputer"":false,""ValueFromTcgLog"":false,""DesiredValue"":true,""TcgValueIsVerifiable"":true},{""Field"":""SecureCorePCCompliant"",""ValueFromComputer"":false,""ValueFromTcgLog"":false,""DesiredValue"":true,""TcgValueIsVerifiable"":true}]}"
"16/8/2025 7:25:55 a. m.","Información","VfpExt","7036","El servicio  entró en estado Filter detach complete."
"16/8/2025 7:25:55 a. m.","Información","VfpExt","7036","El servicio  entró en estado Filter detach start."
"16/8/2025 7:25:55 a. m.","Información","VfpExt","7036","El servicio  entró en estado Filter pause complete."
"16/8/2025 7:25:55 a. m.","Información","VfpExt","7036","El servicio  entró en estado Filter pause start."
"16/8/2025 7:25:55 a. m.","Error","Microsoft-Windows-Eventlog","22","El servicio de inicio de sesión de eventos detectó un error al inicializar recursos de publicación para el canal Microsoft-Windows-USBVideo/Analytic. Si el tipo de canal es Analítico o Depurador, podría indicar también un error de inicialización de recursos de registro."
"16/8/2025 7:25:55 a. m.","Información","Microsoft-Windows-Kernel-General","16","El historial de accesos en el subárbol \SystemRoot\System32\Config\bbimigrate\BBI se borró mediante la actualización de 1 claves y la creación de 1 páginas modificadas."
"16/8/2025 7:25:55 a. m.","Información","Microsoft-Windows-FilterManager","6","Filtro de sistema de archivos 'bindflt' (10.0, ‎2032‎-‎10‎-‎09T02:28:18.000000000Z) correctamente cargado y registrado con el administrador de filtros."
"16/8/2025 7:25:55 a. m.","Información","Microsoft-Windows-FilterManager","6","Filtro de sistema de archivos 'storqosflt' (10.0, ‎2021‎-‎03‎-‎19T06:47:34.000000000Z) correctamente cargado y registrado con el administrador de filtros."
"16/8/2025 7:25:55 a. m.","Información","Microsoft-Windows-FilterManager","6","Filtro de sistema de archivos 'UnionFS' (10.0, ‎2047‎-‎02‎-‎21T07:01:20.000000000Z) correctamente cargado y registrado con el administrador de filtros."
"16/8/2025 7:25:55 a. m.","Información","Microsoft-Windows-FilterManager","6","Filtro de sistema de archivos 'CldFlt' (10.0, ‎2066‎-‎10‎-‎17T19:52:14.000000000Z) correctamente cargado y registrado con el administrador de filtros."
"16/8/2025 7:25:55 a. m.","Información","Microsoft-Windows-FilterManager","1","Filtro de sistema de archivos 'CldFlt' (Versión 10.0, ‎2066‎-‎10‎-‎17T19:52:14.000000000Z) correctamente descargado."
"16/8/2025 7:25:55 a. m.","Información","Microsoft-Windows-FilterManager","6","Filtro de sistema de archivos 'CldFlt' (10.0, ‎2066‎-‎10‎-‎17T19:52:14.000000000Z) correctamente cargado y registrado con el administrador de filtros."
"16/8/2025 7:25:55 a. m.","Información","Microsoft-Windows-FilterManager","6","Filtro de sistema de archivos 'wcifs' (10.0, ‎2053‎-‎03‎-‎11T00:36:57.000000000Z) correctamente cargado y registrado con el administrador de filtros."
"16/8/2025 7:25:55 a. m.","Información","Microsoft-Windows-FilterManager","6","Filtro de sistema de archivos 'luafv' (10.0, ‎2105‎-‎10‎-‎05T01:54:15.000000000Z) correctamente cargado y registrado con el administrador de filtros."
"16/8/2025 7:25:55 a. m.","Información","Microsoft-Windows-FilterManager","6","Filtro de sistema de archivos 'bfs' (10.0, ‎2101‎-‎07‎-‎17T16:54:57.000000000Z) correctamente cargado y registrado con el administrador de filtros."
"16/8/2025 7:25:55 a. m.","Información","Microsoft-Windows-DHCPv6-Client","51046","Servicio de cliente DHCPv6 iniciado"
"16/8/2025 7:25:55 a. m.","Información","Microsoft-Windows-Dhcp-Client","50036","Servicio cliente DHCPv4 iniciado"
"16/8/2025 7:25:55 a. m.","Información","Microsoft-Windows-Dhcp-Client","50103","El cliente DHCPv4 registró una la notificación de apagado"
"16/8/2025 7:25:55 a. m.","Información","Microsoft-Windows-Dhcp-Client","50036","Servicio cliente DHCPv4 iniciado"
"16/8/2025 7:25:55 a. m.","Información","Microsoft-Windows-Kernel-General","16","El historial de accesos en el subárbol \SystemRoot\System32\Config\BBI se borró mediante la actualización de 370 claves y la creación de 92 páginas modificadas."
"16/8/2025 7:25:54 a. m.","Información","Microsoft-Windows-Kernel-General","16","El historial de accesos en el subárbol \??\C:\WINDOWS\ServiceProfiles\NetworkService\NTUSER.DAT se borró mediante la actualización de 187 claves y la creación de 18 páginas modificadas."
"16/8/2025 7:25:54 a. m.","Información","Microsoft-Windows-Kernel-General","16","El historial de accesos en el subárbol \??\C:\WINDOWS\ServiceProfiles\LocalService\NTUSER.DAT se borró mediante la actualización de 190 claves y la creación de 19 páginas modificadas."
"16/8/2025 7:25:54 a. m.","Información","Microsoft-Windows-Directory-Services-SAM","16983","El administrador de cuentas de seguridad está registrando eventos de resumen periódicos para clientes remotos que llaman un cambio de contraseña heredada o establecen métodos RPC. 

 Para más información, consulte https://go.microsoft.com/fwlink/?linkid=2150956.
"
"16/8/2025 7:25:54 a. m.","Información","Microsoft-Windows-Directory-Services-SAM","16977","El dominio está configurado con las siguientes opciones de configuración relacionadas con la longitud mínima de la contraseña.

MinimumPasswordLength: 0

RelaxMinimumPasswordLengthLimits: 0

MinimumPasswordLengthAudit: -1

Para obtener más información, consulta https://go.microsoft.com/fwlink/?LinkId=2097191.
"
"16/8/2025 7:25:54 a. m.","Información","Microsoft-Windows-Directory-Services-SAM","16962","Se están restringiendo las llamadas remotas a la base de datos SAM mediante el descriptor de seguridad predeterminado: O:SYG:SYD:(A;;RC;;;BA).
Para obtener más información, consulte http://go.microsoft.com/fwlink/?LinkId=787651."
"16/8/2025 7:25:54 a. m.","Información","Microsoft-Windows-IsolatedUserMode","5","Secure Trustlet NULL Id 0 and Pid 0 started with status STATUS_SUCCESS."
"16/8/2025 7:25:54 a. m.","Información","LsaSrv","6156","Seguridad basada en virtualización para el estado de habilitación automática de Credential Guard.

Requisitos de hardware:	1
Dominio unido:	0
Azure AD unido:	0
 Licenciado para Credential Guard:	0
Controlador del dominio:	0"
"16/8/2025 7:25:54 a. m.","Información","Microsoft-Windows-Wininit","12","LSASS.exe se inició como un proceso protegido con nivel: 4."
"16/8/2025 7:25:54 a. m.","Información","Microsoft-Windows-Wininit","18","VBS Key Isolation se inició y protegerá las claves aisladas de VSM."
"16/8/2025 7:25:54 a. m.","Información","Microsoft-Windows-IsolatedUserMode","1","Secure Trustlet \??\C:\WINDOWS\system32\lsaiso.exe Id 1 and Pid 1132 started with status STATUS_SUCCESS."
"16/8/2025 7:25:54 a. m.","Información","Microsoft-Windows-IsolatedUserMode","5","Secure Trustlet NULL Id 0 and Pid 0 started with status STATUS_SUCCESS."
"16/8/2025 7:25:54 a. m.","Información","Win32k","267","La comprobación de control de calidad de hardware táctil se realizó correctamente."
"16/8/2025 7:25:54 a. m.","Información","Microsoft-Windows-Wininit","14","Configuración de Credential Guard:

Configuración del registro: 0x0
Configuración de prueba: 0
Habilitación automática: 0"
"16/8/2025 7:25:53 a. m.","Información","Microsoft-Windows-Wininit","23","Antirreversión de aplicación de arranque: inicialización completada con estado:
HRESULT: La operación se completó correctamente.
Nuevo temporizador necesario: false
Nuevo temporizador esperando a que se complete la actualización del sistema: false
El temporizador de bloqueo temporal anterior existe pero está deshabilitado por el registro: false
"
"16/8/2025 7:25:53 a. m.","Información","Microsoft-Windows-Wininit","25","Antirreversión de aplicación de arranque: temporizador anterior reanudado con estado:

HRESULT: La operación se completó correctamente.
Temporizador anterior presente: true
Hora de inicio: ‎2025‎-‎07‎-‎19T07:41:36.931375700Z
Período de gracia: 51840000000000
Intento de aplicación de recuperación correcto: false
"
"16/8/2025 7:25:53 a. m.","Información","Microsoft-Windows-Wininit","24","Antirreversión de aplicación de arranque: inicio del temporizador completado con el estado:

Win32Error: 0
Hora de inicio: ‎2025‎-‎07‎-‎19T07:41:36.931375700Z
Período de gracia: 51840000000000
Hora de vencimiento: ‎2025‎-‎09‎-‎17T07:41:36.931375700Z
"
"16/8/2025 7:25:53 a. m.","Información","Microsoft-Windows-Wininit","19","Estado de creación de nuevo temporizador de seguridad basada en virtualización

HRESULT: La operación se completó correctamente.
Nuevo temporizador de bloqueo temporal necesario: false
Nuevo temporizador de bloqueos temporales esperando a que se complete la actualización del sistema: false
 Existe un temporizador de bloqueo temporal anterior pero deshabilitado por el Registro: false
Existe el archivo de directiva: false
"
"16/8/2025 7:25:52 a. m.","Advertencia","Microsoft-Windows-Kernel-PnP","219","No se pudo cargar el \Driver\WUDFRd del controlador.
Dispositivo: HID\Vid_8087&Pid_0AC2\6&ac79363&0&0000
Estado: 0xC0000365"
"16/8/2025 7:25:52 a. m.","Información","Microsoft-Windows-DriverFrameworks-UserMode","10118","El reflector UMDF no se puede conectar al Administrador de control de servicios (SCM). Es lo que se espera durante el arranque, cuando el SCM aún no se ha iniciado. Se reintentará cuando se inicie."
"16/8/2025 7:25:50 a. m.","Advertencia","rt640x64","1","Realtek PCIe GbE Family Controller is disconnected from network."
"16/8/2025 7:25:48 a. m.","Advertencia","Microsoft-Windows-Kernel-PnP","219","No se pudo cargar el \Driver\WUDFRd del controlador.
Dispositivo: {DD8E82AE-334B-49A2-AEAE-AEB0FD5C40DD}\DetectionVerification\5&4bfb3d0&0&0
Estado: 0xC0000365"
"16/8/2025 7:25:48 a. m.","Información","Microsoft-Windows-DriverFrameworks-UserMode","10118","El reflector UMDF no se puede conectar al Administrador de control de servicios (SCM). Es lo que se espera durante el arranque, cuando el SCM aún no se ha iniciado. Se reintentará cuando se inicie."
"16/8/2025 7:25:48 a. m.","Información","Intel-SST-OED","28","Loaded DSP FW library: \??\C:\WINDOWS\System32\DriverStore\FileRepository\intcoed_oemlibpath.inf_amd64_69401f7e35684734\tgl_maxx_audio_pro.bin, status = STATUS_SUCCESS."
"16/8/2025 7:25:48 a. m.","Información","Intel-SST-OED","28","Loaded DSP FW library: Libs\dsp_lib_whm_tgl_release.bin, status = STATUS_SUCCESS."
"16/8/2025 7:25:48 a. m.","Información","Intel-SST-OED","28","Loaded DSP FW library: Libs\dsp_lib_intel_wov_tgl_release.bin, status = STATUS_SUCCESS."
"16/8/2025 7:25:48 a. m.","Información","Intel-SST-OED","28","Library is not supported in BIOS: \??\C:\WINDOWS\System32\DriverStore\FileRepository\intcoed_oemlibpath.inf_amd64_69401f7e35684734\tgl_tismartamp_lib.bin, status = Solicitud no compatible.."
"16/8/2025 7:25:48 a. m.","Información","Intel-SST-OED","29","FX module is not supported in BIOS:  {9a44a769-1a51-464a-a54b-1a4084bf370b} from \??\C:\WINDOWS\System32\DriverStore\FileRepository\intcoed_oemlibpath.inf_amd64_69401f7e35684734\tgl_tismartamp_lib.bin."
"16/8/2025 7:25:48 a. m.","Información","Intel-SST-OED","28","Library is not supported in BIOS: \??\C:\WINDOWS\System32\DriverStore\FileRepository\intcoed_oemlibpath.inf_amd64_69401f7e35684734\tgl_tisa_stereo_lib.bin, status = Solicitud no compatible.."
"16/8/2025 7:25:48 a. m.","Información","Intel-SST-OED","29","FX module is not supported in BIOS:  {a07eece7-8f01-4ecd-8bde-3e4de8a55f81} from \??\C:\WINDOWS\System32\DriverStore\FileRepository\intcoed_oemlibpath.inf_amd64_69401f7e35684734\tgl_tisa_stereo_lib.bin."
"16/8/2025 7:25:48 a. m.","Información","Intel-SST-OED","28","Library is not supported in BIOS: \??\C:\WINDOWS\System32\DriverStore\FileRepository\intcoed_oemlibpath.inf_amd64_69401f7e35684734\tgl_rtksep96_lib.bin, status = Solicitud no compatible.."
"16/8/2025 7:25:48 a. m.","Información","Intel-SST-OED","29","FX module is not supported in BIOS:  {7111001f-d35f-44d9-81d2-7ac685bed3d7} from \??\C:\WINDOWS\System32\DriverStore\FileRepository\intcoed_oemlibpath.inf_amd64_69401f7e35684734\tgl_rtksep96_lib.bin."
"16/8/2025 7:25:48 a. m.","Información","Intel-SST-OED","28","Library is not supported in BIOS: \??\C:\WINDOWS\System32\DriverStore\FileRepository\intcoed_oemlibpath.inf_amd64_69401f7e35684734\tgl_rtksep48_lib.bin, status = Solicitud no compatible.."
"16/8/2025 7:25:48 a. m.","Información","Intel-SST-OED","29","FX module is not supported in BIOS:  {7aa4db02-6b41-4bc3-a712-80a2dde29e11} from \??\C:\WINDOWS\System32\DriverStore\FileRepository\intcoed_oemlibpath.inf_amd64_69401f7e35684734\tgl_rtksep48_lib.bin."
"16/8/2025 7:25:48 a. m.","Información","Intel-SST-OED","28","Library is not supported in BIOS: \??\C:\WINDOWS\System32\DriverStore\FileRepository\intcoed_oemlibpath.inf_amd64_69401f7e35684734\tgl_rtksep483_lib.bin, status = Solicitud no compatible.."
"16/8/2025 7:25:48 a. m.","Información","Intel-SST-OED","29","FX module is not supported in BIOS:  {7bbe0c2c-9c46-4450-b322-114ece31c6bd} from \??\C:\WINDOWS\System32\DriverStore\FileRepository\intcoed_oemlibpath.inf_amd64_69401f7e35684734\tgl_rtksep483_lib.bin."
"16/8/2025 7:25:48 a. m.","Información","Intel-SST-OED","28","Library is not supported in BIOS: \??\C:\WINDOWS\System32\DriverStore\FileRepository\intcoed_oemlibpath.inf_amd64_69401f7e35684734\tgl_rtksep482_lib.bin, status = Solicitud no compatible.."
"16/8/2025 7:25:48 a. m.","Información","Intel-SST-OED","29","FX module is not supported in BIOS:  {79921daf-e755-45dc-b687-7c26eb97a7bd} from \??\C:\WINDOWS\System32\DriverStore\FileRepository\intcoed_oemlibpath.inf_amd64_69401f7e35684734\tgl_rtksep482_lib.bin."
"16/8/2025 7:25:48 a. m.","Información","Intel-SST-OED","28","Library is not supported in BIOS: \??\C:\WINDOWS\System32\DriverStore\FileRepository\intcoed_oemlibpath.inf_amd64_69401f7e35684734\tgl_rtksep24_lib.bin, status = Solicitud no compatible.."
"16/8/2025 7:25:48 a. m.","Información","Intel-SST-OED","29","FX module is not supported in BIOS:  {7111001f-d35f-44d9-81d2-77e0d5e1bcd8} from \??\C:\WINDOWS\System32\DriverStore\FileRepository\intcoed_oemlibpath.inf_amd64_69401f7e35684734\tgl_rtksep24_lib.bin."
"16/8/2025 7:25:48 a. m.","Información","Intel-SST-OED","28","Library is not supported in BIOS: \??\C:\WINDOWS\System32\DriverStore\FileRepository\intcoed_oemlibpath.inf_amd64_69401f7e35684734\tgl_nahimic_lib.bin, status = Solicitud no compatible.."
"16/8/2025 7:25:48 a. m.","Información","Intel-SST-OED","29","FX module is not supported in BIOS:  {7159bbd2-ef07-48e8-bdb7-17ee17423c14} from \??\C:\WINDOWS\System32\DriverStore\FileRepository\intcoed_oemlibpath.inf_amd64_69401f7e35684734\tgl_nahimic_lib.bin."
"16/8/2025 7:25:48 a. m.","Información","Netwtw10","7023","7023 - secure boot debug logging Quasar"
"16/8/2025 7:25:48 a. m.","Información","Netwtw10","7017","7017 - secure boot (SB) configuration"
"16/8/2025 7:25:48 a. m.","Información","Netwtw10","7010","7010 - driver enabled (miniport init)"
"16/8/2025 7:25:47 a. m.","Información","WiManH","2",
"16/8/2025 7:25:47 a. m.","Información","Netwtw10","7002","7002 - CTDP power limit value (SPLC)"
"16/8/2025 7:25:47 a. m.","Información","Netwtw10","7005","7005 - SAR value max TX power (WRDS)"
"16/8/2025 7:25:47 a. m.","Información","Netwtw10","7006","7006 - SAR Geo delta value (WGDS)"
"16/8/2025 7:25:47 a. m.","Información","MEIx64","2","Intel(R) Management Engine Interface driver has started successfully."
"16/8/2025 7:25:47 a. m.","Información","Netwtw10","7027","7027 - get Nic Manufacturere on init"
"16/8/2025 7:25:47 a. m.","Información","Netwtw10","7036","El servicio \Device\NDMP6 entró en estado Intel(R) Wi-Fi 6 AX201 160MHz."
"16/8/2025 7:25:47 a. m.","Información","Microsoft-Windows-Kernel-Power","521","Cambio de número de baterías"
"16/8/2025 7:25:47 a. m.","Información","Microsoft-Windows-Kernel-Power","521","Cambio de número de baterías"
"16/8/2025 7:25:47 a. m.","Información","VfpExt","7036","El servicio  entró en estado Filter restart complete."
"16/8/2025 7:25:47 a. m.","Información","VfpExt","7036","El servicio  entró en estado Filter restart start."
"16/8/2025 7:25:47 a. m.","Información","VfpExt","7036","El servicio  entró en estado Filter attach complete."
"16/8/2025 7:25:47 a. m.","Información","VfpExt","7036","El servicio  entró en estado Filter attach start."
"16/8/2025 7:25:47 a. m.","Información","Microsoft-Windows-Kernel-Processor-Power","55","El procesador 7 en el grupo 0 expone las siguientes funciones de administración de energía:

Tipo de estado inactivo: Micro Power Engine Plugin (estados 11)

Tipo de estado de rendimiento: ACPI Collaborative Processor Performance Control
Frecuencia nominal (MHz): 1382
Porcentaje de rendimiento máximo: 300
Porcentaje de rendimiento mínimo: 100
Porcentaje de limitación mínimo: 7"
"16/8/2025 7:25:47 a. m.","Información","Microsoft-Windows-Kernel-Processor-Power","55","El procesador 5 en el grupo 0 expone las siguientes funciones de administración de energía:

Tipo de estado inactivo: Micro Power Engine Plugin (estados 11)

Tipo de estado de rendimiento: ACPI Collaborative Processor Performance Control
Frecuencia nominal (MHz): 1382
Porcentaje de rendimiento máximo: 300
Porcentaje de rendimiento mínimo: 100
Porcentaje de limitación mínimo: 7"
"16/8/2025 7:25:47 a. m.","Información","Microsoft-Windows-Kernel-Processor-Power","55","El procesador 3 en el grupo 0 expone las siguientes funciones de administración de energía:

Tipo de estado inactivo: Micro Power Engine Plugin (estados 11)

Tipo de estado de rendimiento: ACPI Collaborative Processor Performance Control
Frecuencia nominal (MHz): 1382
Porcentaje de rendimiento máximo: 300
Porcentaje de rendimiento mínimo: 100
Porcentaje de limitación mínimo: 7"
"16/8/2025 7:25:47 a. m.","Información","Microsoft-Windows-Kernel-Processor-Power","55","El procesador 1 en el grupo 0 expone las siguientes funciones de administración de energía:

Tipo de estado inactivo: Micro Power Engine Plugin (estados 11)

Tipo de estado de rendimiento: ACPI Collaborative Processor Performance Control
Frecuencia nominal (MHz): 1382
Porcentaje de rendimiento máximo: 300
Porcentaje de rendimiento mínimo: 100
Porcentaje de limitación mínimo: 7"
"16/8/2025 7:25:47 a. m.","Información","Microsoft-Windows-Kernel-Processor-Power","55","El procesador 6 en el grupo 0 expone las siguientes funciones de administración de energía:

Tipo de estado inactivo: Micro Power Engine Plugin (estados 11)

Tipo de estado de rendimiento: ACPI Collaborative Processor Performance Control
Frecuencia nominal (MHz): 1382
Porcentaje de rendimiento máximo: 300
Porcentaje de rendimiento mínimo: 100
Porcentaje de limitación mínimo: 7"
"16/8/2025 7:25:47 a. m.","Información","Microsoft-Windows-Kernel-Processor-Power","55","El procesador 4 en el grupo 0 expone las siguientes funciones de administración de energía:

Tipo de estado inactivo: Micro Power Engine Plugin (estados 11)

Tipo de estado de rendimiento: ACPI Collaborative Processor Performance Control
Frecuencia nominal (MHz): 1382
Porcentaje de rendimiento máximo: 300
Porcentaje de rendimiento mínimo: 100
Porcentaje de limitación mínimo: 7"
"16/8/2025 7:25:47 a. m.","Información","Microsoft-Windows-Kernel-Processor-Power","55","El procesador 2 en el grupo 0 expone las siguientes funciones de administración de energía:

Tipo de estado inactivo: Micro Power Engine Plugin (estados 11)

Tipo de estado de rendimiento: ACPI Collaborative Processor Performance Control
Frecuencia nominal (MHz): 1382
Porcentaje de rendimiento máximo: 300
Porcentaje de rendimiento mínimo: 100
Porcentaje de limitación mínimo: 7"
"16/8/2025 7:25:47 a. m.","Información","nhi","9001","Thunderbolt driver is loaded and initialized connection to HW.
 Driver version: 1.41.1193.0
 NVM version: 48:1
"
"16/8/2025 7:25:47 a. m.","Información","Microsoft-Windows-Kernel-Processor-Power","55","El procesador 0 en el grupo 0 expone las siguientes funciones de administración de energía:

Tipo de estado inactivo: Micro Power Engine Plugin (estados 11)

Tipo de estado de rendimiento: ACPI Collaborative Processor Performance Control
Frecuencia nominal (MHz): 1382
Porcentaje de rendimiento máximo: 300
Porcentaje de rendimiento mínimo: 100
Porcentaje de limitación mínimo: 7"
"16/8/2025 7:25:46 a. m.","Información","Microsoft-Windows-Kernel-General","24","La información de zona horaria se actualizó con el motivo de salida 0. La diferencia de zona horaria actual es 240."
"16/8/2025 7:25:46 a. m.","Información","Microsoft-Windows-Kernel-General","15","El subárbol \SystemRoot\System32\Config\SOFTWARE se reorganizó con un tamaño inicial de 200839168 bytes y un tamaño final de 196382720 bytes."
"16/8/2025 7:25:42 a. m.","Información","Microsoft-Windows-Ntfs","98","Volumen \\?\Volume{87337007-4a35-4346-ac67-ed018ac82d6b} (\Device\HarddiskVolume4) es correcto. No se requiere ninguna acción."
"16/8/2025 7:25:42 a. m.","Advertencia","Microsoft-Windows-Kernel-PnP","219","No se pudo cargar el \Driver\WUDFRd del controlador.
Dispositivo: PCI\VEN_8086&DEV_9A03&SUBSYS_0B211028&REV_01\3&11583659&0&20
Estado: 0xC0000365"
"16/8/2025 7:25:42 a. m.","Información","Microsoft-Windows-DriverFrameworks-UserMode","10118","El reflector UMDF no se puede conectar al Administrador de control de servicios (SCM). Es lo que se espera durante el arranque, cuando el SCM aún no se ha iniciado. Se reintentará cuando se inicie."
"16/8/2025 7:25:39 a. m.","Información","Microsoft-Windows-Hyper-V-VmSwitch","5","Miniport NIC C08CB7B8-9B3C-408E-8E30-5E16A3AEB445 (Friendly Name: Default Switch) successfully enabled"
"16/8/2025 7:25:39 a. m.","Información","Microsoft-Windows-Hyper-V-VmSwitch","232","NIC C08CB7B8-9B3C-408E-8E30-5E16A3AEB445 (Friendly Name: Default Switch) successfully connected to port C08CB7B8-9B3C-408E-8E30-5E16A3AEB445 (Friendly Name: Host Vnic C08CB7B8-9B3C-408E-8E30-5E16A3AEB444) on switch C08CB7B8-9B3C-408E-8E30-5E16A3AEB444(Friendly Name: Default Switch)."
"16/8/2025 7:25:39 a. m.","Información","Microsoft-Windows-Hyper-V-VmSwitch","7","Miniport NIC C08CB7B8-9B3C-408E-8E30-5E16A3AEB445 (Friendly Name: Default Switch) successfully initialized."
"16/8/2025 7:25:39 a. m.","Información","Microsoft-Windows-Hyper-V-VmSwitch","291","Descarga de RSC modificada para la C08CB7B8-9B3C-408E-8E30-5E16A3AEB445 NIC (nombre descriptivo: Default Switch) IPv4 anterior: Deshabilitado, IPv4 actual: Deshabilitado, IPv6 anterior: Deshabilitado, IPv6 actual: Deshabilitado. Motivo: Inicio de NIC"
"16/8/2025 7:25:39 a. m.","Información","Microsoft-Windows-Hyper-V-VmSwitch","233","La operación ' Create ' se realizó correctamente en la NIC C08CB7B8-9B3C-408E-8E30-5E16A3AEB445 (nombre descriptivo: Default Switch) e ID. de instancia {00000000-0000-0000-0000-000000000000}. "
"16/8/2025 7:25:39 a. m.","Información","Microsoft-Windows-Hyper-V-VmSwitch","291","Descarga de RSC modificada para la C08CB7B8-9B3C-408E-8E30-5E16A3AEB445 NIC (nombre descriptivo: Default Switch) IPv4 anterior: Deshabilitado, IPv4 actual: Deshabilitado, IPv6 anterior: Deshabilitado, IPv6 actual: Deshabilitado. Motivo: Creación de NIC"
"16/8/2025 7:25:39 a. m.","Información","Microsoft-Windows-Hyper-V-VmSwitch","5","Miniport NIC 790E58B4-7939-4434-9358-89AE7DDBE87F (Friendly Name: WSL (Hyper-V firewall)) successfully enabled"
"16/8/2025 7:25:39 a. m.","Información","Microsoft-Windows-Hyper-V-VmSwitch","232","NIC 790E58B4-7939-4434-9358-89AE7DDBE87F (Friendly Name: WSL (Hyper-V firewall)) successfully connected to port 790E58B4-7939-4434-9358-89AE7DDBE87F (Friendly Name: Host Vnic 790E58B4-7939-4434-9358-89AE7DDBE87E) on switch 790E58B4-7939-4434-9358-89AE7DDBE87E(Friendly Name: WSL (Hyper-V firewall))."
"16/8/2025 7:25:39 a. m.","Información","Microsoft-Windows-Hyper-V-VmSwitch","7","Miniport NIC 790E58B4-7939-4434-9358-89AE7DDBE87F (Friendly Name: WSL (Hyper-V firewall)) successfully initialized."
"16/8/2025 7:25:39 a. m.","Información","Microsoft-Windows-Hyper-V-VmSwitch","291","Descarga de RSC modificada para la 790E58B4-7939-4434-9358-89AE7DDBE87F NIC (nombre descriptivo: WSL (Hyper-V firewall)) IPv4 anterior: Deshabilitado, IPv4 actual: Deshabilitado, IPv6 anterior: Deshabilitado, IPv6 actual: Deshabilitado. Motivo: Inicio de NIC"
"16/8/2025 7:25:39 a. m.","Información","Microsoft-Windows-Hyper-V-VmSwitch","233","La operación ' Create ' se realizó correctamente en la NIC 790E58B4-7939-4434-9358-89AE7DDBE87F (nombre descriptivo: WSL (Hyper-V firewall)) e ID. de instancia {00000000-0000-0000-0000-000000000000}. "
"16/8/2025 7:25:39 a. m.","Información","Microsoft-Windows-Hyper-V-VmSwitch","291","Descarga de RSC modificada para la 790E58B4-7939-4434-9358-89AE7DDBE87F NIC (nombre descriptivo: WSL (Hyper-V firewall)) IPv4 anterior: Deshabilitado, IPv4 actual: Deshabilitado, IPv6 anterior: Deshabilitado, IPv6 actual: Deshabilitado. Motivo: Creación de NIC"
"16/8/2025 7:25:39 a. m.","Información","Microsoft-Windows-Hyper-V-VmSwitch","264","El C08CB7B8-9B3C-408E-8E30-5E16A3AEB445 de puerto interno o externo (nombre descriptivo: Host Vnic C08CB7B8-9B3C-408E-8E30-5E16A3AEB444) se creó correctamente en el conmutador C08CB7B8-9B3C-408E-8E30-5E16A3AEB444 (nombre descriptivo: Default Switch)."
"16/8/2025 7:25:39 a. m.","Información","Microsoft-Windows-Hyper-V-VmSwitch","292","Descarga de RSC modificada para el puerto C08CB7B8-9B3C-408E-8E30-5E16A3AEB445 (nombre descriptivo: Host Vnic C08CB7B8-9B3C-408E-8E30-5E16A3AEB444) Anterior: Deshabilitado, actual: Habilitado. Motivo: Creación de puertos"
"16/8/2025 7:25:39 a. m.","Información","Microsoft-Windows-Hyper-V-VmSwitch","9","Switch C08CB7B8-9B3C-408E-8E30-5E16A3AEB444 (Friendly Name: Default Switch) successfully initialized."
"16/8/2025 7:25:39 a. m.","Información","Microsoft-Windows-Hyper-V-VmSwitch","232","NIC C08CB7B8-9B3C-408E-8E30-5E16A3AEB444 (Friendly Name: Default Switch) successfully connected to port C08CB7B8-9B3C-408E-8E30-5E16A3AEB444 (Friendly Name: Default Switch) on switch C08CB7B8-9B3C-408E-8E30-5E16A3AEB444(Friendly Name: Default Switch)."
"16/8/2025 7:25:39 a. m.","Información","Microsoft-Windows-Hyper-V-VmSwitch","233","La operación ' Create ' se realizó correctamente en la NIC C08CB7B8-9B3C-408E-8E30-5E16A3AEB444 (nombre descriptivo: Default Switch) e ID. de instancia {00000000-0000-0000-0000-000000000000}. "
"16/8/2025 7:25:39 a. m.","Información","Microsoft-Windows-Hyper-V-VmSwitch","291","Descarga de RSC modificada para la C08CB7B8-9B3C-408E-8E30-5E16A3AEB444 NIC (nombre descriptivo: Default Switch) IPv4 anterior: Deshabilitado, IPv4 actual: Deshabilitado, IPv6 anterior: Deshabilitado, IPv6 actual: Deshabilitado. Motivo: Creación de NIC"
"16/8/2025 7:25:39 a. m.","Información","Microsoft-Windows-Hyper-V-VmSwitch","67","El C08CB7B8-9B3C-408E-8E30-5E16A3AEB444 de puerto (nombre descriptivo: Default Switch) se creó correctamente en el conmutador C08CB7B8-9B3C-408E-8E30-5E16A3AEB444 (nombre descriptivo: Default Switch)."
"16/8/2025 7:25:39 a. m.","Información","Microsoft-Windows-Hyper-V-VmSwitch","292","Descarga de RSC modificada para el puerto C08CB7B8-9B3C-408E-8E30-5E16A3AEB444 (nombre descriptivo: Default Switch) Anterior: Deshabilitado, actual: Habilitado. Motivo: Creación de puertos"
"16/8/2025 7:25:39 a. m.","Información","Microsoft-Windows-Hyper-V-VmSwitch","264","El 790E58B4-7939-4434-9358-89AE7DDBE87F de puerto interno o externo (nombre descriptivo: Host Vnic 790E58B4-7939-4434-9358-89AE7DDBE87E) se creó correctamente en el conmutador 790E58B4-7939-4434-9358-89AE7DDBE87E (nombre descriptivo: WSL (Hyper-V firewall))."
"16/8/2025 7:25:39 a. m.","Información","Microsoft-Windows-Hyper-V-VmSwitch","292","Descarga de RSC modificada para el puerto 790E58B4-7939-4434-9358-89AE7DDBE87F (nombre descriptivo: Host Vnic 790E58B4-7939-4434-9358-89AE7DDBE87E) Anterior: Deshabilitado, actual: Habilitado. Motivo: Creación de puertos"
"16/8/2025 7:25:39 a. m.","Información","Microsoft-Windows-Hyper-V-VmSwitch","9","Switch 790E58B4-7939-4434-9358-89AE7DDBE87E (Friendly Name: WSL (Hyper-V firewall)) successfully initialized."
"16/8/2025 7:25:39 a. m.","Información","Microsoft-Windows-Hyper-V-VmSwitch","232","NIC 790E58B4-7939-4434-9358-89AE7DDBE87E (Friendly Name: WSL (Hyper-V firewall)) successfully connected to port 790E58B4-7939-4434-9358-89AE7DDBE87E (Friendly Name: WSL (Hyper-V firewall)) on switch 790E58B4-7939-4434-9358-89AE7DDBE87E(Friendly Name: WSL (Hyper-V firewall))."
"16/8/2025 7:25:39 a. m.","Información","Microsoft-Windows-Hyper-V-VmSwitch","233","La operación ' Create ' se realizó correctamente en la NIC 790E58B4-7939-4434-9358-89AE7DDBE87E (nombre descriptivo: WSL (Hyper-V firewall)) e ID. de instancia {00000000-0000-0000-0000-000000000000}. "
"16/8/2025 7:25:39 a. m.","Información","Microsoft-Windows-Hyper-V-VmSwitch","291","Descarga de RSC modificada para la 790E58B4-7939-4434-9358-89AE7DDBE87E NIC (nombre descriptivo: WSL (Hyper-V firewall)) IPv4 anterior: Deshabilitado, IPv4 actual: Deshabilitado, IPv6 anterior: Deshabilitado, IPv6 actual: Deshabilitado. Motivo: Creación de NIC"
"16/8/2025 7:25:39 a. m.","Información","Microsoft-Windows-Hyper-V-VmSwitch","67","El 790E58B4-7939-4434-9358-89AE7DDBE87E de puerto (nombre descriptivo: WSL (Hyper-V firewall)) se creó correctamente en el conmutador 790E58B4-7939-4434-9358-89AE7DDBE87E (nombre descriptivo: WSL (Hyper-V firewall))."
"16/8/2025 7:25:39 a. m.","Información","Microsoft-Windows-Hyper-V-VmSwitch","292","Descarga de RSC modificada para el puerto 790E58B4-7939-4434-9358-89AE7DDBE87E (nombre descriptivo: WSL (Hyper-V firewall)) Anterior: Deshabilitado, actual: Habilitado. Motivo: Creación de puertos"
"16/8/2025 7:25:39 a. m.","Información","Microsoft-Windows-Hyper-V-VmSwitch","277","vmswitch.sys versión 26100.amd64.ge_release_svc_prod1, depuración false, oficial true, 1, 1"
"16/8/2025 7:25:39 a. m.","Información","Microsoft-Windows-Kernel-General","16","El historial de accesos en el subárbol \SystemRoot\System32\Config\DEFAULT se borró mediante la actualización de 930 claves y la creación de 121 páginas modificadas."
"16/8/2025 7:25:39 a. m.","Información","Microsoft-Windows-Kernel-General","16","El historial de accesos en el subárbol \SystemRoot\System32\Config\SAM se borró mediante la actualización de 76 claves y la creación de 9 páginas modificadas."
"16/8/2025 7:25:39 a. m.","Información","Microsoft-Windows-Kernel-General","16","El historial de accesos en el subárbol \SystemRoot\System32\Config\SECURITY se borró mediante la actualización de 91 claves y la creación de 5 páginas modificadas."
"16/8/2025 7:25:39 a. m.","Información","Microsoft-Windows-Kernel-Power","578","El sistema ha detectado que se ha iniciado un reinicio desde Modern Standby. "
"16/8/2025 7:25:39 a. m.","Información","Microsoft-Windows-FilterManager","6","Filtro de sistema de archivos 'npsvctrig' (10.0, ‎1978‎-‎05‎-‎14T05:13:30.000000000Z) correctamente cargado y registrado con el administrador de filtros."
"16/8/2025 7:25:38 a. m.","Información","VfpExt","7036","El servicio  entró en estado Driver load complete."
"16/8/2025 7:25:38 a. m.","Información","VfpExt","7036","El servicio  entró en estado Driver load start."
"16/8/2025 7:25:38 a. m.","Información","Microsoft-Windows-FilterManager","6","Filtro de sistema de archivos 'UCPD' (10.0, ‎2007‎-‎02‎-‎05T01:30:28.000000000Z) correctamente cargado y registrado con el administrador de filtros."
"16/8/2025 7:25:38 a. m.","Información","Microsoft-Windows-FilterManager","6","Filtro de sistema de archivos 'FileCrypt' (10.0, ‎2075‎-‎08‎-‎31T18:07:07.000000000Z) correctamente cargado y registrado con el administrador de filtros."
"16/8/2025 7:25:38 a. m.","Información","Microsoft-Windows-Ntfs","98","Volumen C: (\Device\HarddiskVolume3) es correcto. No se requiere ninguna acción."
"16/8/2025 7:25:37 a. m.","Información","Microsoft-Windows-FilterManager","6","Filtro de sistema de archivos 'WdFilter' (10.0, ‎2020‎-‎11‎-‎18T13:24:15.000000000Z) correctamente cargado y registrado con el administrador de filtros."
"16/8/2025 7:25:37 a. m.","Información","Microsoft-Windows-FilterManager","6","Filtro de sistema de archivos 'Wof' (10.0, ‎2033‎-‎09‎-‎02T19:41:44.000000000Z) correctamente cargado y registrado con el administrador de filtros."
"16/8/2025 7:25:37 a. m.","Información","Microsoft-Windows-FilterManager","6","Filtro de sistema de archivos 'FileInfo' (10.0, ‎2093‎-‎04‎-‎01T21:29:43.000000000Z) correctamente cargado y registrado con el administrador de filtros."
"16/8/2025 7:25:37 a. m.","Información","Microsoft-Windows-FilterManager","6","Filtro de sistema de archivos 'WinSetupMon' (10.0, ‎2104‎-‎05‎-‎25T21:43:09.000000000Z) correctamente cargado y registrado con el administrador de filtros."
"16/8/2025 7:25:36 a. m.","Información","Microsoft-Windows-HAL","16","Se ha inicializado el informe de errores IOMMU."
"16/8/2025 7:25:36 a. m.","Información","Microsoft-Windows-Kernel-General","20","Se ha actualizado la configuración del segundo intercalar. 
Motivo: Leap second data initialized from registry during boot
Segundos intercalares habilitados: true
Nuevo recuento de segundos intercalares: 0
Antiguo recuento de segundos intercalares: 0"
"16/8/2025 7:25:36 a. m.","Información","Microsoft-Windows-Kernel-Boot","30","El firmware notificó métricas de arranque."
"16/8/2025 7:25:36 a. m.","Información","Microsoft-Windows-IsolatedUserMode","3","Secure Kernel started with status STATUS_SUCCESS and flags HvciEnabled,HvciStrictMode."
"16/8/2025 7:25:36 a. m.","Información","Microsoft-Windows-Hyper-V-Hypervisor","165","Mitigaciones configuradas del hipervisor para CVE-2019-11091, CVE-2018-12126, CVE-2018-12127, CVE-2018-12130 para máquinas virtuales.

Procesador no afectado: true
Familia de procesadores no afectada: false
El procesador admite el vaciado del búfer microarquitectura: false
Vaciado del búfer necesario: false
"
"16/8/2025 7:25:36 a. m.","Información","Microsoft-Windows-Hyper-V-Hypervisor","156","Mitigaciones configuradas del hipervisor para CVE-2018-3646 para máquinas virtuales.

Procesador no afectado: true
Familia de procesadores no afectada: false
El procesador admite el vaciado de caché: true
HyperThreading habilitado: true
El hipervisor primario aplica mitigaciones: false
Mitigaciones deshabilitadas por bcdedit: false
Mitigaciones habilitadas: true
Es necesario vaciar la caché: false
"
"16/8/2025 7:25:36 a. m.","Información","Microsoft-Windows-Hyper-V-Hypervisor","129","El hipervisor inicializó la reasignación de E/S.

Hardware presente: true
Hardware habilitado: true
Directiva: 0x0
Características habilitadas: 0x43
Información interna: 0x0
Problemas: 0x0
Información adicional: 0x0"
"16/8/2025 7:25:36 a. m.","Información","Microsoft-Windows-Hyper-V-Hypervisor","2","El tipo de programador de hipervisor es 0x4."
"16/8/2025 7:25:36 a. m.","Información","Microsoft-Windows-Hyper-V-Hypervisor","1","El hipervisor se inició correctamente. "
"16/8/2025 7:25:36 a. m.","Información","Microsoft-Windows-Kernel-Boot","27","El tipo de arranque fue 0x0."
"16/8/2025 7:25:36 a. m.","Información","Microsoft-Windows-Kernel-Boot","25","La directiva del menú de arranque fue 0x1."
"16/8/2025 7:25:36 a. m.","Información","Microsoft-Windows-Kernel-Boot","238","Diferencia de zona horaria EFI: 2047. Marcas de verano: 0. Hora del firmware: ‎2025‎-‎08‎-‎16T07:25:33.000000000Z. "
"16/8/2025 7:25:36 a. m.","Información","Microsoft-Windows-Kernel-Boot","247","No se puede cargar el firmware de Pluton-Windows. StatusCode: STATUS_SUCCESS, Motivo: Failed to apply firmware."
"16/8/2025 7:25:36 a. m.","Información","Microsoft-Windows-Kernel-Boot","20","El último estado correcto de apagado fue true. El último estado correcto de arranque fue true."
"16/8/2025 7:25:36 a. m.","Información","Microsoft-Windows-Kernel-Boot","32","Bootmgr esperó la entrada del usuario durante 0 ms."
"16/8/2025 7:25:36 a. m.","Información","Microsoft-Windows-Kernel-Boot","18","Existen 0x1 opciones de arranque en este sistema."
"16/8/2025 7:25:36 a. m.","Información","Microsoft-Windows-Kernel-Boot","153","La seguridad basada en virtualización (directivas: VBS Enabled,VSM Required,Hvci,Boot Chain Signer Soft Enforced) es enabled due to VBS registry configuration."
"16/8/2025 7:25:36 a. m.","Información","Microsoft-Windows-Kernel-General","25","La hora del sistema se inicializó a ‎2025‎-‎08‎-‎16T11:25:35.500000000Z. 

Hora del cargador: ‎2025‎-‎08‎-‎16T11:25:33.000000000Z
Marcas de arranque internas: 0x2
código de error HAL RTC: 0x0
la hora RTC está en UTC: false
Arranque flexible: false
Correcto: true
Fase: 0"
"16/8/2025 7:25:36 a. m.","Información","Microsoft-Windows-Kernel-General","12","El sistema operativo se inició a la hora del sistema ‎2025‎-‎08‎-‎16T11:25:35.500000000Z."
"16/8/2025 7:25:23 a. m.","Información","Microsoft-Windows-Kernel-General","13","El sistema operativo se está cerrando a la hora del sistema ‎2025‎-‎08‎-‎16T11:25:23.737707700Z."
"16/8/2025 7:25:23 a. m.","Información","Microsoft-Windows-Kernel-Power","577","El sistema se ha preparado para que el sistema inicie un reinicio desde Modern Standby."
"16/8/2025 7:25:22 a. m.","Información","nhi","9008","Driver exit RTD3.
 All the connected devices will now cause DeviceConnected events."
"16/8/2025 7:25:22 a. m.","Información","Microsoft-Windows-Kernel-Power","109","El administrador de energía del kernel ha iniciado una transición de apagado.

Acción: Power Action Reboot 
Código de evento: 0x0 
Motivo: Kernel API"
"16/8/2025 7:25:21 a. m.","Información","Microsoft-Windows-Hyper-V-VmSwitch","71","Eliminación completada para el CB46B844-0AB4-4DF5-B08A-4E8E3BD5AEE5 de puerto (nombre descriptivo: CB46B844-0AB4-4DF5-B08A-4E8E3BD5AEE5)."
"16/8/2025 7:25:21 a. m.","Información","Microsoft-Windows-Hyper-V-VmSwitch","69","El CB46B844-0AB4-4DF5-B08A-4E8E3BD5AEE5 de puerto (nombre descriptivo: CB46B844-0AB4-4DF5-B08A-4E8E3BD5AEE5) se eliminó correctamente. Cambie 790E58B4-7939-4434-9358-89AE7DDBE87E (nombre descriptivo: WSL (Hyper-V firewall))."
"16/8/2025 7:25:21 a. m.","Información","Microsoft-Windows-Hyper-V-VmSwitch","233","La operación ' Delete ' se realizó correctamente en la NIC 6598FD11-7307-4DD7-8E4A-3EC4FB88B3D3--CB46B844-0AB4-4DF5-B08A-4E8E3BD5AEE5 (nombre descriptivo: ) e ID. de instancia {00000000-0000-0000-0000-000000000000}. "
"16/8/2025 7:25:21 a. m.","Información","Microsoft-Windows-Hyper-V-VmSwitch","234","NIC 6598FD11-7307-4DD7-8E4A-3EC4FB88B3D3--CB46B844-0AB4-4DF5-B08A-4E8E3BD5AEE5 successfully disconnected from port ."
"16/8/2025 7:25:19 a. m.","Información","Microsoft-Windows-WLAN-AutoConfig","4001","El servicio de Configuración automática de WLAN se detuvo correctamente.
"
"16/8/2025 7:25:19 a. m.","Advertencia","Microsoft-Windows-WLAN-AutoConfig","10002","Se detuvo el módulo de extensibilidad de WLAN.

Ruta de acceso del módulo: C:\WINDOWS\system32\IntelIHVRouter10.dll
"
"16/8/2025 7:25:55 a. m.","Información","EventLog","6013","El tiempo límite del sistema es de 19 segundos."
"16/8/2025 7:25:55 a. m.","Información","EventLog","6005","Se inició el servicio de Registro de eventos."
"16/8/2025 7:25:55 a. m.","Información","EventLog","6009","Microsoft (R) Windows (R) 10.00. 26100  Multiprocessor Free."
