"28/7/2025 8:07:51 p. m.","Información","Microsoft-Windows-Kernel-Boot","30","El firmware notificó métricas de arranque."
"28/7/2025 8:07:51 p. m.","Error","Microsoft-Windows-NDIS","10317","Minipuerto Microsoft Wi-Fi Direct Virtual Adapter #2, {79f38f0f-3b2e-4931-b16b-3a5d8eb7dab9}, tuvo el evento Fatal error: The miniport has failed a power transition to operational power"
"28/7/2025 8:07:51 p. m.","Información","Netwtw10","7023","7023 - secure boot debug logging Quasar"
"28/7/2025 8:07:51 p. m.","Información","Intel-SST-OED","28","Loaded DSP FW library: \??\C:\WINDOWS\System32\DriverStore\FileRepository\intcoed_oemlibpath.inf_amd64_69401f7e35684734\tgl_maxx_audio_pro.bin, status = STATUS_SUCCESS."
"28/7/2025 8:07:51 p. m.","Información","Intel-SST-OED","28","Loaded DSP FW library: Libs\dsp_lib_whm_tgl_release.bin, status = STATUS_SUCCESS."
"28/7/2025 8:07:51 p. m.","Información","Intel-SST-OED","28","Loaded DSP FW library: Libs\dsp_lib_intel_wov_tgl_release.bin, status = STATUS_SUCCESS."
"28/7/2025 8:07:50 p. m.","Información","WiManH","2",
"28/7/2025 8:07:50 p. m.","Información","Netwtw10","7025","7025 - Dump after return from D3 before cmd "
"28/7/2025 8:07:50 p. m.","Advertencia","TPM","30","El recuento de restablecimiento y/o reanudación no coinciden con los valores esperados después de hibernar o reanudar."
"28/7/2025 8:07:50 p. m.","Advertencia","Win32k","701","Administrador de energía no solicitó la supresión de todas las entradas (INPUT_SUPPRESS_REQUEST = 0)"
"28/7/2025 8:07:50 p. m.","Advertencia","Win32k","701","Administrador de energía no solicitó la supresión de todas las entradas (INPUT_SUPPRESS_REQUEST = 0)"
"28/7/2025 8:07:50 p. m.","Información","Microsoft-Windows-Kernel-General","1","La hora del sistema ha cambiado a ‎2025‎-‎07‎-‎29T00:07:50.500000000Z de ‎2025‎-‎07‎-‎28T20:24:22.441645700Z.
Diferencia horaria: 13408058 ms

Motivo del cambio: System time synchronized with the hardware clock.
Proceso: '' (PID 4).

Hora de RTC: ‎2025‎-‎07‎-‎28T20:07:50.500000000Z
Diferencia de zona horaria actual: 240
hora RTC es UTC: false
La hora del sistema se basaba en la hora RTC: false"
"28/7/2025 4:24:22 p. m.","Información","Microsoft-Windows-Kernel-Power","107","El sistema se reanudó del estado de suspensión."
"28/7/2025 4:24:21 p. m.","Información","Microsoft-Windows-Kernel-Power","42","El sistema está entrando en suspensión.

Motivo de la suspensión: Hibernate from Sleep - Standby Battery Budget Exceeded"
"28/7/2025 4:24:21 p. m.","Información","Microsoft-Windows-Kernel-Power","40","El controlador \Driver\ACPI del dispositivo  detuvo la transición de energía."
"28/7/2025 4:24:21 p. m.","Información","nhi","9008","Driver exit RTD3.
 All the connected devices will now cause DeviceConnected events."
"28/7/2025 4:24:19 p. m.","Información","Microsoft-Windows-Kernel-Power","566","La sesión del sistema ha cambiado de 66 a 67.

Motivo SxTransition 

BootId: 10"
"28/7/2025 4:24:19 p. m.","Información","Microsoft-Windows-Kernel-Power","507","El sistema está saliendo del modo de espera moderno 

motivo: Sleep, Hibernate, or Shutdown. "
"28/7/2025 4:24:19 p. m.","Información","Microsoft-Windows-Kernel-Power","172","Estado de conectividad en modo de espera: Connected. Motivo: None"
"28/7/2025 4:24:19 p. m.","Información","Netwtw10","7026","7026 - Dump after return from D3 after cmd"
"28/7/2025 4:24:19 p. m.","Información","Netwtw10","7025","7025 - Dump after return from D3 before cmd "
"28/7/2025 2:16:22 p. m.","Información","Microsoft-Windows-Kernel-Power","172","Estado de conectividad en modo de espera: Disconnected. Motivo: Policy Setting"
"28/7/2025 2:16:15 p. m.","Información","Microsoft-Windows-Kernel-Power","566","La sesión del sistema ha cambiado de 65 a 66.

Motivo 55 

BootId: 10"
"28/7/2025 2:16:10 p. m.","Información","Microsoft-Windows-Kernel-Power","506","El sistema está entrando en el modo de espera moderno 

motivo: Austerity Battery Drain Budget Exceeded. "
"28/7/2025 2:16:10 p. m.","Información","Microsoft-Windows-Kernel-Power","566","La sesión del sistema ha cambiado de 64 a 65.

Motivo 55 

BootId: 10"
"28/7/2025 2:16:10 p. m.","Información","Microsoft-Windows-Kernel-Power","507","El sistema está saliendo del modo de espera moderno 

motivo: Austerity Battery Drain Budget Exceeded. "
"28/7/2025 2:16:10 p. m.","Información","Microsoft-Windows-Kernel-Power","172","Estado de conectividad en modo de espera: Connected. Motivo: None"
"28/7/2025 2:16:10 p. m.","Información","Netwtw10","7026","7026 - Dump after return from D3 after cmd"
"28/7/2025 2:16:10 p. m.","Información","Netwtw10","7025","7025 - Dump after return from D3 before cmd "
"28/7/2025 2:07:04 p. m.","Información","Microsoft-Windows-Kernel-Power","172","Estado de conectividad en modo de espera: Disconnected. Motivo: Adaptive Connected Standby"
"28/7/2025 2:06:59 p. m.","Información","nhi","9007","The driver entered RTD3.
 All the connected devices will be removed from driver's internal state, so it is expected that DeviceDisconnected events will happen."
"28/7/2025 2:06:59 p. m.","Información","Microsoft-Windows-Kernel-Power","566","La sesión del sistema ha cambiado de 63 a 64.

Motivo InputMouse 

BootId: 10"
"28/7/2025 2:06:57 p. m.","Advertencia","rt640x64","1","Realtek PCIe GbE Family Controller is disconnected from network."
"28/7/2025 2:06:54 p. m.","Información","Microsoft-Windows-Kernel-Power","506","El sistema está entrando en el modo de espera moderno 

motivo: AC/DC Display Burst Suppressed. "
"28/7/2025 2:06:54 p. m.","Información","Microsoft-Windows-Kernel-Power","566","La sesión del sistema ha cambiado de 62 a 63.

Motivo InputMouse 

BootId: 10"
"28/7/2025 2:06:54 p. m.","Información","Microsoft-Windows-Kernel-Power","507","El sistema está saliendo del modo de espera moderno 

motivo: AC/DC Display Burst Suppressed. "
"28/7/2025 2:06:53 p. m.","Información","Netwtw10","7026","7026 - Dump after return from D3 after cmd"
"28/7/2025 2:06:53 p. m.","Información","Netwtw10","7025","7025 - Dump after return from D3 before cmd "
"28/7/2025 2:06:53 p. m.","Información","Microsoft-Windows-Kernel-Power","105","Cambio de fuente de energía."
"28/7/2025 2:06:40 p. m.","Información","Netwtw10","7026","7026 - Dump after return from D3 after cmd"
"28/7/2025 2:06:39 p. m.","Información","Netwtw10","7025","7025 - Dump after return from D3 before cmd "
"28/7/2025 2:06:39 p. m.","Información","nhi","9008","Driver exit RTD3.
 All the connected devices will now cause DeviceConnected events."
"28/7/2025 2:06:24 p. m.","Información","Netwtw10","7026","7026 - Dump after return from D3 after cmd"
"28/7/2025 2:06:24 p. m.","Información","Netwtw10","7025","7025 - Dump after return from D3 before cmd "
"28/7/2025 1:53:00 p. m.","Información","nhi","9007","The driver entered RTD3.
 All the connected devices will be removed from driver's internal state, so it is expected that DeviceDisconnected events will happen."
"28/7/2025 1:51:29 p. m.","Información","nhi","9008","Driver exit RTD3.
 All the connected devices will now cause DeviceConnected events."
"28/7/2025 1:51:29 p. m.","Información","Netwtw10","7026","7026 - Dump after return from D3 after cmd"
"28/7/2025 1:51:29 p. m.","Información","Netwtw10","7025","7025 - Dump after return from D3 before cmd "
"28/7/2025 1:51:24 p. m.","Información","Netwtw10","7026","7026 - Dump after return from D3 after cmd"
"28/7/2025 1:51:24 p. m.","Información","Netwtw10","7025","7025 - Dump after return from D3 before cmd "
"28/7/2025 1:36:33 p. m.","Información","nhi","9007","The driver entered RTD3.
 All the connected devices will be removed from driver's internal state, so it is expected that DeviceDisconnected events will happen."
"28/7/2025 1:36:27 p. m.","Información","Netwtw10","7026","7026 - Dump after return from D3 after cmd"
"28/7/2025 1:36:27 p. m.","Información","Netwtw10","7025","7025 - Dump after return from D3 before cmd "
"28/7/2025 1:36:27 p. m.","Información","nhi","9008","Driver exit RTD3.
 All the connected devices will now cause DeviceConnected events."
"28/7/2025 1:36:24 p. m.","Información","Netwtw10","7026","7026 - Dump after return from D3 after cmd"
"28/7/2025 1:36:24 p. m.","Información","Netwtw10","7025","7025 - Dump after return from D3 before cmd "
"28/7/2025 1:22:42 p. m.","Información","Netwtw10","7026","7026 - Dump after return from D3 after cmd"
"28/7/2025 1:22:42 p. m.","Información","Netwtw10","7025","7025 - Dump after return from D3 before cmd "
"28/7/2025 1:21:24 p. m.","Información","Netwtw10","7026","7026 - Dump after return from D3 after cmd"
"28/7/2025 1:21:24 p. m.","Información","Netwtw10","7025","7025 - Dump after return from D3 before cmd "
"28/7/2025 1:06:24 p. m.","Información","Netwtw10","7026","7026 - Dump after return from D3 after cmd"
"28/7/2025 1:06:24 p. m.","Información","Netwtw10","7025","7025 - Dump after return from D3 before cmd "
"28/7/2025 12:51:24 p. m.","Información","Netwtw10","7026","7026 - Dump after return from D3 after cmd"
"28/7/2025 12:51:24 p. m.","Información","Netwtw10","7025","7025 - Dump after return from D3 before cmd "
"28/7/2025 12:36:24 p. m.","Información","Netwtw10","7026","7026 - Dump after return from D3 after cmd"
"28/7/2025 12:36:24 p. m.","Información","Netwtw10","7025","7025 - Dump after return from D3 before cmd "
"28/7/2025 12:23:29 p. m.","Información","Microsoft-Windows-WindowsUpdateClient","19","Instalación correcta: Windows instaló correctamente la siguiente actualización: 9WZDNCRD29V9-MICROSOFT.MICROSOFTOFFICEHUB"
"28/7/2025 12:23:27 p. m.","Información","Microsoft-Windows-Kernel-General","16","El historial de accesos en el subárbol \??\C:\Users\PCTIC-05\AppData\Local\Packages\Microsoft.MicrosoftOfficeHub_8wekyb3d8bbwe\Settings\settings.dat se borró mediante la actualización de 5 claves y la creación de 1 páginas modificadas."
"28/7/2025 12:23:27 p. m.","Información","Microsoft-Windows-WindowsUpdateClient","19","Instalación correcta: Windows instaló correctamente la siguiente actualización: 9NMPJ99VJBWV-Microsoft.YourPhone"
"28/7/2025 12:23:27 p. m.","Información","Microsoft-Windows-Kernel-General","16","El historial de accesos en el subárbol \??\C:\Users\PCTIC-05\AppData\Local\Packages\Microsoft.YourPhone_8wekyb3d8bbwe\SystemAppData\Helium\User.dat se borró mediante la actualización de 1 claves y la creación de 1 páginas modificadas."
"28/7/2025 12:23:25 p. m.","Información","Microsoft-Windows-Kernel-General","16","El historial de accesos en el subárbol \??\C:\Users\PCTIC-05\AppData\Local\Packages\Microsoft.YourPhone_8wekyb3d8bbwe\Settings\settings.dat se borró mediante la actualización de 46 claves y la creación de 5 páginas modificadas."
"28/7/2025 12:23:05 p. m.","Información","Microsoft-Windows-WindowsUpdateClient","43","Instalación iniciada: Windows comenzó a instalar la actualización siguiente: 9WZDNCRD29V9-MICROSOFT.MICROSOFTOFFICEHUB"
"28/7/2025 12:23:03 p. m.","Información","Microsoft-Windows-Kernel-General","16","El historial de accesos en el subárbol \??\C:\ProgramData\Microsoft\Windows\AppRepository\Packages\Microsoft.MicrosoftOfficeHub_19.2507.56041.0_x64__8wekyb3d8bbwe\ActivationStore.dat se borró mediante la actualización de 0 claves y la creación de 0 páginas modificadas."
"28/7/2025 12:22:49 p. m.","Información","Microsoft-Windows-WindowsUpdateClient","43","Instalación iniciada: Windows comenzó a instalar la actualización siguiente: 9NMPJ99VJBWV-Microsoft.YourPhone"
"28/7/2025 12:22:25 p. m.","Información","Microsoft-Windows-WindowsUpdateClient","44","Windows Update comenzó a descargar una actualización."
"28/7/2025 12:22:25 p. m.","Información","Microsoft-Windows-WindowsUpdateClient","44","Windows Update comenzó a descargar una actualización."
"28/7/2025 12:21:33 p. m.","Error","Microsoft-Windows-DistributedCOM","10010","El servidor {FD06603A-2BDF-4BB1-B7DF-5DC68F353601} no se registró con DCOM dentro del tiempo de espera requerido."
"28/7/2025 12:21:27 p. m.","Advertencia","rt640x64","1","Realtek PCIe GbE Family Controller is disconnected from network."
"28/7/2025 12:21:24 p. m.","Información","Netwtw10","7026","7026 - Dump after return from D3 after cmd"
"28/7/2025 12:21:24 p. m.","Información","Netwtw10","7025","7025 - Dump after return from D3 before cmd "
"28/7/2025 12:07:14 p. m.","Información","Microsoft-Windows-IsolatedUserMode","2","Secure Trustlet Id 6 and Pid 19492 stopped with status STATUS_SUCCESS."
"28/7/2025 12:06:24 p. m.","Información","Netwtw10","7026","7026 - Dump after return from D3 after cmd"
"28/7/2025 12:06:24 p. m.","Información","Netwtw10","7025","7025 - Dump after return from D3 before cmd "
"28/7/2025 12:06:24 p. m.","Error","Microsoft-Windows-DistributedCOM","10010","El servidor {FD06603A-2BDF-4BB1-B7DF-5DC68F353601} no se registró con DCOM dentro del tiempo de espera requerido."
"28/7/2025 12:00:37 p. m.","Información","EventLog","6013","El tiempo límite del sistema es de 297582 segundos."
"28/7/2025 11:52:40 a. m.","Información","Netwtw10","7026","7026 - Dump after return from D3 after cmd"
"28/7/2025 11:52:40 a. m.","Información","Netwtw10","7025","7025 - Dump after return from D3 before cmd "
"28/7/2025 11:51:24 a. m.","Información","Netwtw10","7026","7026 - Dump after return from D3 after cmd"
"28/7/2025 11:51:24 a. m.","Información","Netwtw10","7025","7025 - Dump after return from D3 before cmd "
"28/7/2025 11:36:24 a. m.","Información","Netwtw10","7026","7026 - Dump after return from D3 after cmd"
"28/7/2025 11:36:24 a. m.","Información","Netwtw10","7025","7025 - Dump after return from D3 before cmd "
"28/7/2025 11:30:41 a. m.","Información","nhi","9007","The driver entered RTD3.
 All the connected devices will be removed from driver's internal state, so it is expected that DeviceDisconnected events will happen."
"28/7/2025 11:30:37 a. m.","Error","Microsoft-Windows-DistributedCOM","10010","El servidor {FD06603A-2BDF-4BB1-B7DF-5DC68F353601} no se registró con DCOM dentro del tiempo de espera requerido."
"28/7/2025 11:30:35 a. m.","Información","Netwtw10","7026","7026 - Dump after return from D3 after cmd"
"28/7/2025 11:30:35 a. m.","Información","Netwtw10","7025","7025 - Dump after return from D3 before cmd "
"28/7/2025 11:30:35 a. m.","Información","nhi","9008","Driver exit RTD3.
 All the connected devices will now cause DeviceConnected events."
"28/7/2025 11:22:13 a. m.","Información","Netwtw10","7026","7026 - Dump after return from D3 after cmd"
"28/7/2025 11:22:13 a. m.","Información","Netwtw10","7025","7025 - Dump after return from D3 before cmd "
"28/7/2025 11:21:24 a. m.","Información","Netwtw10","7026","7026 - Dump after return from D3 after cmd"
"28/7/2025 11:21:24 a. m.","Información","Netwtw10","7025","7025 - Dump after return from D3 before cmd "
"28/7/2025 11:06:24 a. m.","Información","Netwtw10","7026","7026 - Dump after return from D3 after cmd"
"28/7/2025 11:06:24 a. m.","Información","Netwtw10","7025","7025 - Dump after return from D3 before cmd "
"28/7/2025 11:00:37 a. m.","Información","nhi","9007","The driver entered RTD3.
 All the connected devices will be removed from driver's internal state, so it is expected that DeviceDisconnected events will happen."
"28/7/2025 11:00:31 a. m.","Información","Netwtw10","7026","7026 - Dump after return from D3 after cmd"
"28/7/2025 11:00:31 a. m.","Información","Netwtw10","7025","7025 - Dump after return from D3 before cmd "
"28/7/2025 11:00:31 a. m.","Información","nhi","9008","Driver exit RTD3.
 All the connected devices will now cause DeviceConnected events."
"28/7/2025 11:00:31 a. m.","Error","Microsoft-Windows-DistributedCOM","10010","El servidor {338B40F9-9D68-4B53-A793-6B9AA0C5F63B} no se registró con DCOM dentro del tiempo de espera requerido."
"28/7/2025 11:00:31 a. m.","Error","Microsoft-Windows-DistributedCOM","10010","El servidor {FD06603A-2BDF-4BB1-B7DF-5DC68F353601} no se registró con DCOM dentro del tiempo de espera requerido."
"28/7/2025 10:57:20 a. m.","Información","Netwtw10","7026","7026 - Dump after return from D3 after cmd"
"28/7/2025 10:57:20 a. m.","Información","Netwtw10","7025","7025 - Dump after return from D3 before cmd "
"28/7/2025 10:54:18 a. m.","Información","nhi","9007","The driver entered RTD3.
 All the connected devices will be removed from driver's internal state, so it is expected that DeviceDisconnected events will happen."
"28/7/2025 10:54:12 a. m.","Información","nhi","9008","Driver exit RTD3.
 All the connected devices will now cause DeviceConnected events."
"28/7/2025 10:54:12 a. m.","Información","Netwtw10","7026","7026 - Dump after return from D3 after cmd"
"28/7/2025 10:54:12 a. m.","Información","Netwtw10","7025","7025 - Dump after return from D3 before cmd "
"28/7/2025 10:52:57 a. m.","Información","Microsoft-Windows-WindowsUpdateClient","19","Instalación correcta: Windows instaló correctamente la siguiente actualización: Actualización de inteligencia de seguridad para Microsoft Defender Antivirus - KB2267602 (versión 1.433.119.0) - Canal actual (ampliado)"
"28/7/2025 10:52:38 a. m.","Información","Microsoft-Windows-WindowsUpdateClient","43","Instalación iniciada: Windows comenzó a instalar la actualización siguiente: Actualización de inteligencia de seguridad para Microsoft Defender Antivirus - KB2267602 (versión 1.433.119.0) - Canal actual (ampliado)"
"28/7/2025 10:52:31 a. m.","Información","Microsoft-Windows-WindowsUpdateClient","44","Windows Update comenzó a descargar una actualización."
"28/7/2025 10:51:56 a. m.","Información","Microsoft-Windows-Kernel-General","16","El historial de accesos en el subárbol \??\C:\Users\PCTIC-05\AppData\Local\Packages\microsoft.xboxgamingoverlay_8wekyb3d8bbwe\AC\GEH\POF.dat se borró mediante la actualización de 1 claves y la creación de 1 páginas modificadas."
"28/7/2025 10:51:56 a. m.","Información","Microsoft-Windows-Kernel-General","16","El historial de accesos en el subárbol \??\C:\Users\PCTIC-05\AppData\Local\Packages\Microsoft.XboxGamingOverlay_8wekyb3d8bbwe\Settings\settings.dat se borró mediante la actualización de 5 claves y la creación de 0 páginas modificadas."
"28/7/2025 10:51:51 a. m.","Información","Microsoft-Windows-IsolatedUserMode","1","Secure Trustlet \??\C:\WINDOWS\System32\NgcIso.exe Id 6 and Pid 19492 started with status STATUS_SUCCESS."
"28/7/2025 10:51:51 a. m.","Información","Microsoft-Windows-IsolatedUserMode","5","Secure Trustlet NULL Id 0 and Pid 0 started with status STATUS_SUCCESS."
"28/7/2025 10:51:51 a. m.","Información","Microsoft-Windows-Kernel-Power","566","La sesión del sistema ha cambiado de 61 a 62.

Motivo InputMouse 

BootId: 10"
"28/7/2025 10:51:49 a. m.","Advertencia","rt640x64","1","Realtek PCIe GbE Family Controller is disconnected from network."
"28/7/2025 10:51:46 a. m.","Información","Microsoft-Windows-Kernel-Power","506","El sistema está entrando en el modo de espera moderno 

motivo: 16777220. "
"28/7/2025 10:51:46 a. m.","Información","Microsoft-Windows-Kernel-Power","566","La sesión del sistema ha cambiado de 60 a 61.

Motivo 16777220 

BootId: 10"
"28/7/2025 10:51:46 a. m.","Información","Microsoft-Windows-Kernel-Power","507","El sistema está saliendo del modo de espera moderno 

motivo: 16777220. "
"28/7/2025 10:51:46 a. m.","Información","Netwtw10","7026","7026 - Dump after return from D3 after cmd"
"28/7/2025 10:51:46 a. m.","Información","Netwtw10","7025","7025 - Dump after return from D3 before cmd "
"28/7/2025 10:51:24 a. m.","Información","Netwtw10","7026","7026 - Dump after return from D3 after cmd"
"28/7/2025 10:51:24 a. m.","Información","Netwtw10","7025","7025 - Dump after return from D3 before cmd "
"28/7/2025 10:36:24 a. m.","Información","Netwtw10","7026","7026 - Dump after return from D3 after cmd"
"28/7/2025 10:36:24 a. m.","Información","Netwtw10","7025","7025 - Dump after return from D3 before cmd "
"28/7/2025 10:21:24 a. m.","Información","Netwtw10","7026","7026 - Dump after return from D3 after cmd"
"28/7/2025 10:21:24 a. m.","Información","Netwtw10","7025","7025 - Dump after return from D3 before cmd "
"28/7/2025 10:06:24 a. m.","Información","Netwtw10","7026","7026 - Dump after return from D3 after cmd"
"28/7/2025 10:06:24 a. m.","Información","Netwtw10","7025","7025 - Dump after return from D3 before cmd "
"28/7/2025 9:51:24 a. m.","Información","Netwtw10","7026","7026 - Dump after return from D3 after cmd"
"28/7/2025 9:51:24 a. m.","Información","Netwtw10","7025","7025 - Dump after return from D3 before cmd "
"28/7/2025 9:36:24 a. m.","Información","Netwtw10","7026","7026 - Dump after return from D3 after cmd"
"28/7/2025 9:36:24 a. m.","Información","Netwtw10","7025","7025 - Dump after return from D3 before cmd "
"28/7/2025 9:21:24 a. m.","Información","Netwtw10","7026","7026 - Dump after return from D3 after cmd"
"28/7/2025 9:21:24 a. m.","Información","Netwtw10","7025","7025 - Dump after return from D3 before cmd "
"28/7/2025 9:07:10 a. m.","Información","Netwtw10","7026","7026 - Dump after return from D3 after cmd"
"28/7/2025 9:07:10 a. m.","Información","Netwtw10","7025","7025 - Dump after return from D3 before cmd "
"28/7/2025 9:06:24 a. m.","Información","Netwtw10","7026","7026 - Dump after return from D3 after cmd"
"28/7/2025 9:06:24 a. m.","Información","Netwtw10","7025","7025 - Dump after return from D3 before cmd "
"28/7/2025 8:51:24 a. m.","Información","Netwtw10","7026","7026 - Dump after return from D3 after cmd"
"28/7/2025 8:51:24 a. m.","Información","Netwtw10","7025","7025 - Dump after return from D3 before cmd "
"28/7/2025 8:36:24 a. m.","Información","Netwtw10","7026","7026 - Dump after return from D3 after cmd"
"28/7/2025 8:36:24 a. m.","Información","Netwtw10","7025","7025 - Dump after return from D3 before cmd "
"28/7/2025 8:21:24 a. m.","Información","Netwtw10","7026","7026 - Dump after return from D3 after cmd"
"28/7/2025 8:21:24 a. m.","Información","Netwtw10","7025","7025 - Dump after return from D3 before cmd "
"28/7/2025 8:06:24 a. m.","Información","Netwtw10","7026","7026 - Dump after return from D3 after cmd"
"28/7/2025 8:06:24 a. m.","Información","Netwtw10","7025","7025 - Dump after return from D3 before cmd "
"28/7/2025 7:51:24 a. m.","Información","Netwtw10","7026","7026 - Dump after return from D3 after cmd"
"28/7/2025 7:51:24 a. m.","Información","Netwtw10","7025","7025 - Dump after return from D3 before cmd "
"28/7/2025 7:36:31 a. m.","Información","nhi","9007","The driver entered RTD3.
 All the connected devices will be removed from driver's internal state, so it is expected that DeviceDisconnected events will happen."
"28/7/2025 7:36:26 a. m.","Información","Netwtw10","7026","7026 - Dump after return from D3 after cmd"
"28/7/2025 7:36:26 a. m.","Información","Netwtw10","7025","7025 - Dump after return from D3 before cmd "
"28/7/2025 7:36:26 a. m.","Información","nhi","9008","Driver exit RTD3.
 All the connected devices will now cause DeviceConnected events."
"28/7/2025 7:36:24 a. m.","Información","Netwtw10","7026","7026 - Dump after return from D3 after cmd"
"28/7/2025 7:36:24 a. m.","Información","Netwtw10","7025","7025 - Dump after return from D3 before cmd "
"28/7/2025 7:29:16 a. m.","Advertencia","rt640x64","1","Realtek PCIe GbE Family Controller is disconnected from network."
"28/7/2025 7:29:13 a. m.","Información","Netwtw10","7026","7026 - Dump after return from D3 after cmd"
"28/7/2025 7:29:13 a. m.","Información","Netwtw10","7025","7025 - Dump after return from D3 before cmd "
"28/7/2025 7:21:24 a. m.","Información","Netwtw10","7026","7026 - Dump after return from D3 after cmd"
"28/7/2025 7:21:24 a. m.","Información","Netwtw10","7025","7025 - Dump after return from D3 before cmd "
"28/7/2025 7:06:32 a. m.","Información","nhi","9007","The driver entered RTD3.
 All the connected devices will be removed from driver's internal state, so it is expected that DeviceDisconnected events will happen."
"28/7/2025 7:06:27 a. m.","Información","Netwtw10","7026","7026 - Dump after return from D3 after cmd"
"28/7/2025 7:06:27 a. m.","Información","Netwtw10","7025","7025 - Dump after return from D3 before cmd "
"28/7/2025 7:06:27 a. m.","Información","nhi","9008","Driver exit RTD3.
 All the connected devices will now cause DeviceConnected events."
"28/7/2025 7:06:24 a. m.","Información","Netwtw10","7026","7026 - Dump after return from D3 after cmd"
"28/7/2025 7:06:24 a. m.","Información","Netwtw10","7025","7025 - Dump after return from D3 before cmd "
"28/7/2025 6:51:24 a. m.","Información","Netwtw10","7026","7026 - Dump after return from D3 after cmd"
"28/7/2025 6:51:24 a. m.","Información","Netwtw10","7025","7025 - Dump after return from D3 before cmd "
"28/7/2025 6:42:18 a. m.","Información","Netwtw10","7026","7026 - Dump after return from D3 after cmd"
"28/7/2025 6:42:18 a. m.","Información","Netwtw10","7025","7025 - Dump after return from D3 before cmd "
"28/7/2025 6:36:59 a. m.","Información","nhi","9007","The driver entered RTD3.
 All the connected devices will be removed from driver's internal state, so it is expected that DeviceDisconnected events will happen."
"28/7/2025 6:36:52 a. m.","Advertencia","rt640x64","1","Realtek PCIe GbE Family Controller is disconnected from network."
"28/7/2025 6:36:49 a. m.","Información","Netwtw10","7026","7026 - Dump after return from D3 after cmd"
"28/7/2025 6:36:49 a. m.","Información","Netwtw10","7025","7025 - Dump after return from D3 before cmd "
"28/7/2025 6:32:22 a. m.","Información","nhi","9008","Driver exit RTD3.
 All the connected devices will now cause DeviceConnected events."
"28/7/2025 6:32:22 a. m.","Información","Netwtw10","7026","7026 - Dump after return from D3 after cmd"
"28/7/2025 6:32:22 a. m.","Información","Netwtw10","7025","7025 - Dump after return from D3 before cmd "
"28/7/2025 6:32:12 a. m.","Información","Netwtw10","7026","7026 - Dump after return from D3 after cmd"
"28/7/2025 6:32:12 a. m.","Información","Netwtw10","7025","7025 - Dump after return from D3 before cmd "
"28/7/2025 6:31:30 a. m.","Información","Netwtw10","7026","7026 - Dump after return from D3 after cmd"
"28/7/2025 6:31:30 a. m.","Información","Netwtw10","7025","7025 - Dump after return from D3 before cmd "
"28/7/2025 6:17:21 a. m.","Información","nhi","9007","The driver entered RTD3.
 All the connected devices will be removed from driver's internal state, so it is expected that DeviceDisconnected events will happen."
"28/7/2025 6:17:16 a. m.","Información","Netwtw10","7026","7026 - Dump after return from D3 after cmd"
"28/7/2025 6:17:16 a. m.","Información","Netwtw10","7025","7025 - Dump after return from D3 before cmd "
"28/7/2025 6:17:16 a. m.","Información","nhi","9008","Driver exit RTD3.
 All the connected devices will now cause DeviceConnected events."
"28/7/2025 6:17:12 a. m.","Información","Netwtw10","7026","7026 - Dump after return from D3 after cmd"
"28/7/2025 6:17:12 a. m.","Información","Netwtw10","7025","7025 - Dump after return from D3 before cmd "
"28/7/2025 6:12:30 a. m.","Advertencia","rt640x64","1","Realtek PCIe GbE Family Controller is disconnected from network."
"28/7/2025 6:12:27 a. m.","Información","Netwtw10","7026","7026 - Dump after return from D3 after cmd"
"28/7/2025 6:12:27 a. m.","Información","Netwtw10","7025","7025 - Dump after return from D3 before cmd "
"28/7/2025 6:02:20 a. m.","Información","nhi","9007","The driver entered RTD3.
 All the connected devices will be removed from driver's internal state, so it is expected that DeviceDisconnected events will happen."
"28/7/2025 6:02:15 a. m.","Información","Netwtw10","7026","7026 - Dump after return from D3 after cmd"
"28/7/2025 6:02:15 a. m.","Información","Netwtw10","7025","7025 - Dump after return from D3 before cmd "
"28/7/2025 6:02:15 a. m.","Información","nhi","9008","Driver exit RTD3.
 All the connected devices will now cause DeviceConnected events."
"28/7/2025 6:02:12 a. m.","Información","Netwtw10","7026","7026 - Dump after return from D3 after cmd"
"28/7/2025 6:02:12 a. m.","Información","Netwtw10","7025","7025 - Dump after return from D3 before cmd "
"28/7/2025 5:47:12 a. m.","Información","Netwtw10","7026","7026 - Dump after return from D3 after cmd"
"28/7/2025 5:47:12 a. m.","Información","Netwtw10","7025","7025 - Dump after return from D3 before cmd "
"28/7/2025 5:32:20 a. m.","Información","nhi","9007","The driver entered RTD3.
 All the connected devices will be removed from driver's internal state, so it is expected that DeviceDisconnected events will happen."
"28/7/2025 5:32:14 a. m.","Advertencia","rt640x64","1","Realtek PCIe GbE Family Controller is disconnected from network."
"28/7/2025 5:32:11 a. m.","Información","Netwtw10","7026","7026 - Dump after return from D3 after cmd"
"28/7/2025 5:32:11 a. m.","Información","Netwtw10","7025","7025 - Dump after return from D3 before cmd "
"28/7/2025 5:27:37 a. m.","Información","Netwtw10","7026","7026 - Dump after return from D3 after cmd"
"28/7/2025 5:27:37 a. m.","Información","Netwtw10","7025","7025 - Dump after return from D3 before cmd "
"28/7/2025 5:27:37 a. m.","Información","nhi","9008","Driver exit RTD3.
 All the connected devices will now cause DeviceConnected events."
"28/7/2025 5:27:35 a. m.","Información","Netwtw10","7026","7026 - Dump after return from D3 after cmd"
"28/7/2025 5:27:35 a. m.","Información","Netwtw10","7025","7025 - Dump after return from D3 before cmd "
"28/7/2025 5:12:43 a. m.","Información","nhi","9007","The driver entered RTD3.
 All the connected devices will be removed from driver's internal state, so it is expected that DeviceDisconnected events will happen."
"28/7/2025 5:12:37 a. m.","Información","Netwtw10","7026","7026 - Dump after return from D3 after cmd"
"28/7/2025 5:12:37 a. m.","Información","Netwtw10","7025","7025 - Dump after return from D3 before cmd "
"28/7/2025 5:12:37 a. m.","Información","nhi","9008","Driver exit RTD3.
 All the connected devices will now cause DeviceConnected events."
"28/7/2025 5:12:35 a. m.","Información","Netwtw10","7026","7026 - Dump after return from D3 after cmd"
"28/7/2025 5:12:35 a. m.","Información","Netwtw10","7025","7025 - Dump after return from D3 before cmd "
"28/7/2025 5:02:02 a. m.","Información","Netwtw10","7026","7026 - Dump after return from D3 after cmd"
"28/7/2025 5:02:02 a. m.","Información","Netwtw10","7025","7025 - Dump after return from D3 before cmd "
"28/7/2025 4:59:41 a. m.","Advertencia","rt640x64","1","Realtek PCIe GbE Family Controller is disconnected from network."
"28/7/2025 4:59:38 a. m.","Información","Netwtw10","7026","7026 - Dump after return from D3 after cmd"
"28/7/2025 4:59:38 a. m.","Información","Netwtw10","7025","7025 - Dump after return from D3 before cmd "
"28/7/2025 4:58:41 a. m.","Información","nhi","9007","The driver entered RTD3.
 All the connected devices will be removed from driver's internal state, so it is expected that DeviceDisconnected events will happen."
"28/7/2025 4:58:36 a. m.","Información","nhi","9008","Driver exit RTD3.
 All the connected devices will now cause DeviceConnected events."
"28/7/2025 4:58:36 a. m.","Información","Netwtw10","7026","7026 - Dump after return from D3 after cmd"
"28/7/2025 4:58:36 a. m.","Información","Netwtw10","7025","7025 - Dump after return from D3 before cmd "
"28/7/2025 4:58:34 a. m.","Información","Netwtw10","7026","7026 - Dump after return from D3 after cmd"
"28/7/2025 4:58:34 a. m.","Información","Netwtw10","7025","7025 - Dump after return from D3 before cmd "
"28/7/2025 4:46:58 a. m.","Información","Netwtw10","7026","7026 - Dump after return from D3 after cmd"
"28/7/2025 4:46:58 a. m.","Información","Netwtw10","7025","7025 - Dump after return from D3 before cmd "
"28/7/2025 4:46:41 a. m.","Advertencia","rt640x64","1","Realtek PCIe GbE Family Controller is disconnected from network."
"28/7/2025 4:46:38 a. m.","Información","Netwtw10","7026","7026 - Dump after return from D3 after cmd"
"28/7/2025 4:46:38 a. m.","Información","Netwtw10","7025","7025 - Dump after return from D3 before cmd "
"28/7/2025 4:44:34 a. m.","Información","Netwtw10","7026","7026 - Dump after return from D3 after cmd"
"28/7/2025 4:44:34 a. m.","Información","Netwtw10","7025","7025 - Dump after return from D3 before cmd "
"28/7/2025 4:30:34 a. m.","Información","Netwtw10","7026","7026 - Dump after return from D3 after cmd"
"28/7/2025 4:30:34 a. m.","Información","Netwtw10","7025","7025 - Dump after return from D3 before cmd "
"28/7/2025 4:19:54 a. m.","Error","Service Control Manager","7011","Se agotó el tiempo de espera (30000 ms) para la respuesta de transacción del servicio WinDefend."
"28/7/2025 4:16:41 a. m.","Información","nhi","9007","The driver entered RTD3.
 All the connected devices will be removed from driver's internal state, so it is expected that DeviceDisconnected events will happen."
"28/7/2025 4:16:36 a. m.","Información","Netwtw10","7026","7026 - Dump after return from D3 after cmd"
"28/7/2025 4:16:36 a. m.","Información","Netwtw10","7025","7025 - Dump after return from D3 before cmd "
"28/7/2025 4:16:36 a. m.","Información","nhi","9008","Driver exit RTD3.
 All the connected devices will now cause DeviceConnected events."
"28/7/2025 4:16:34 a. m.","Información","Netwtw10","7026","7026 - Dump after return from D3 after cmd"
"28/7/2025 4:16:34 a. m.","Información","Netwtw10","7025","7025 - Dump after return from D3 before cmd "
"28/7/2025 4:02:41 a. m.","Información","nhi","9007","The driver entered RTD3.
 All the connected devices will be removed from driver's internal state, so it is expected that DeviceDisconnected events will happen."
"28/7/2025 4:02:36 a. m.","Información","Netwtw10","7026","7026 - Dump after return from D3 after cmd"
"28/7/2025 4:02:36 a. m.","Información","Netwtw10","7025","7025 - Dump after return from D3 before cmd "
"28/7/2025 4:02:36 a. m.","Información","nhi","9008","Driver exit RTD3.
 All the connected devices will now cause DeviceConnected events."
"28/7/2025 4:02:34 a. m.","Información","Netwtw10","7026","7026 - Dump after return from D3 after cmd"
"28/7/2025 4:02:34 a. m.","Información","Netwtw10","7025","7025 - Dump after return from D3 before cmd "
"28/7/2025 3:48:34 a. m.","Información","Netwtw10","7026","7026 - Dump after return from D3 after cmd"
"28/7/2025 3:48:34 a. m.","Información","Netwtw10","7025","7025 - Dump after return from D3 before cmd "
"28/7/2025 3:34:34 a. m.","Información","Netwtw10","7026","7026 - Dump after return from D3 after cmd"
"28/7/2025 3:34:34 a. m.","Información","Netwtw10","7025","7025 - Dump after return from D3 before cmd "
"28/7/2025 3:31:25 a. m.","Información","Microsoft-Windows-Kernel-Power","566","La sesión del sistema ha cambiado de 59 a 60.

Motivo InputMouse 

BootId: 10"
"28/7/2025 3:30:22 a. m.","Información","Microsoft-Windows-Kernel-Power","506","El sistema está entrando en el modo de espera moderno 

motivo: 16777220. "
"28/7/2025 3:30:22 a. m.","Información","Microsoft-Windows-Kernel-Power","566","La sesión del sistema ha cambiado de 58 a 59.

Motivo 16777220 

BootId: 10"
"28/7/2025 3:30:22 a. m.","Información","Microsoft-Windows-Kernel-Power","507","El sistema está saliendo del modo de espera moderno 

motivo: 16777220. "
"28/7/2025 3:30:21 a. m.","Información","Microsoft-Windows-Kernel-Power","566","La sesión del sistema ha cambiado de 57 a 58.

Motivo InputMouse 

BootId: 10"
"28/7/2025 3:29:17 a. m.","Información","Microsoft-Windows-Kernel-Power","506","El sistema está entrando en el modo de espera moderno 

motivo: 16777220. "
"28/7/2025 3:29:17 a. m.","Información","Microsoft-Windows-Kernel-Power","566","La sesión del sistema ha cambiado de 56 a 57.

Motivo 16777220 

BootId: 10"
"28/7/2025 3:29:17 a. m.","Información","Microsoft-Windows-Kernel-Power","507","El sistema está saliendo del modo de espera moderno 

motivo: 16777220. "
"28/7/2025 3:29:16 a. m.","Información","Microsoft-Windows-Kernel-Power","566","La sesión del sistema ha cambiado de 55 a 56.

Motivo InputMouse 

BootId: 10"
"28/7/2025 3:29:15 a. m.","Información","Microsoft-Windows-Kernel-Power","506","El sistema está entrando en el modo de espera moderno 

motivo: 16777220. "
"28/7/2025 3:29:15 a. m.","Información","Microsoft-Windows-Kernel-Power","566","La sesión del sistema ha cambiado de 54 a 55.

Motivo 16777220 

BootId: 10"
"28/7/2025 3:29:15 a. m.","Información","Microsoft-Windows-Kernel-Power","507","El sistema está saliendo del modo de espera moderno 

motivo: 16777220. "
"28/7/2025 3:29:14 a. m.","Información","Microsoft-Windows-Kernel-Power","566","La sesión del sistema ha cambiado de 53 a 54.

Motivo InputMouse 

BootId: 10"
"28/7/2025 3:28:46 a. m.","Información","Microsoft-Windows-Kernel-Power","506","El sistema está entrando en el modo de espera moderno 

motivo: 16777220. "
"28/7/2025 3:28:46 a. m.","Información","Microsoft-Windows-Kernel-Power","566","La sesión del sistema ha cambiado de 52 a 53.

Motivo 16777220 

BootId: 10"
"28/7/2025 3:28:46 a. m.","Información","Microsoft-Windows-Kernel-Power","507","El sistema está saliendo del modo de espera moderno 

motivo: 16777220. "
"28/7/2025 3:28:46 a. m.","Información","Netwtw10","7026","7026 - Dump after return from D3 after cmd"
"28/7/2025 3:28:46 a. m.","Información","Netwtw10","7025","7025 - Dump after return from D3 before cmd "
"28/7/2025 3:20:32 a. m.","Advertencia","rt640x64","1","Realtek PCIe GbE Family Controller is disconnected from network."
"28/7/2025 3:20:29 a. m.","Información","Netwtw10","7026","7026 - Dump after return from D3 after cmd"
"28/7/2025 3:20:29 a. m.","Información","Netwtw10","7025","7025 - Dump after return from D3 before cmd "
"28/7/2025 3:13:43 a. m.","Información","Netwtw10","7026","7026 - Dump after return from D3 after cmd"
"28/7/2025 3:13:43 a. m.","Información","Netwtw10","7025","7025 - Dump after return from D3 before cmd "
"28/7/2025 3:12:27 a. m.","Advertencia","rt640x64","1","Realtek PCIe GbE Family Controller is disconnected from network."
"28/7/2025 3:12:24 a. m.","Información","Netwtw10","7026","7026 - Dump after return from D3 after cmd"
"28/7/2025 3:12:24 a. m.","Información","Netwtw10","7025","7025 - Dump after return from D3 before cmd "
"28/7/2025 2:53:52 a. m.","Información","Netwtw10","7026","7026 - Dump after return from D3 after cmd"
"28/7/2025 2:53:52 a. m.","Información","Netwtw10","7025","7025 - Dump after return from D3 before cmd "
"28/7/2025 2:47:39 a. m.","Información","Microsoft-Windows-Kernel-Power","566","La sesión del sistema ha cambiado de 51 a 52.

Motivo InputMouse 

BootId: 10"
"28/7/2025 2:46:33 a. m.","Información","Microsoft-Windows-Kernel-Power","506","El sistema está entrando en el modo de espera moderno 

motivo: 16777220. "
"28/7/2025 2:46:33 a. m.","Información","Microsoft-Windows-Kernel-Power","566","La sesión del sistema ha cambiado de 50 a 51.

Motivo 16777220 

BootId: 10"
"28/7/2025 2:46:33 a. m.","Información","Microsoft-Windows-Kernel-Power","507","El sistema está saliendo del modo de espera moderno 

motivo: 16777220. "
"28/7/2025 2:46:32 a. m.","Información","Microsoft-Windows-Kernel-Power","566","La sesión del sistema ha cambiado de 49 a 50.

Motivo InputMouse 

BootId: 10"
"28/7/2025 2:46:31 a. m.","Información","Service Control Manager","7040","El tipo de inicio del servicio Windows Modules Installer se cambió de inicio automático a inicio por solicitud."
"28/7/2025 2:35:09 a. m.","Información","Service Control Manager","7040","El tipo de inicio del servicio Windows Modules Installer se cambió de inicio por solicitud a inicio automático."
"28/7/2025 2:34:48 a. m.","Información","Service Control Manager","7040","El tipo de inicio del servicio Windows Modules Installer se cambió de inicio automático a inicio por solicitud."
"28/7/2025 2:34:28 a. m.","Error","Microsoft-Windows-WindowsUpdateClient","20","Error de instalación: error de Windows al instalar la siguiente actualización, error 0x80073D02: 9NMPJ99VJBWV-Microsoft.YourPhone."
"28/7/2025 2:34:26 a. m.","Información","Microsoft-Windows-WindowsUpdateClient","43","Instalación iniciada: Windows comenzó a instalar la actualización siguiente: 9NMPJ99VJBWV-Microsoft.YourPhone"
"28/7/2025 2:34:21 a. m.","Información","Microsoft-Windows-WindowsUpdateClient","44","Windows Update comenzó a descargar una actualización."
"28/7/2025 2:34:13 a. m.","Información","Microsoft-Windows-WindowsUpdateClient","44","Windows Update comenzó a descargar una actualización."
"28/7/2025 2:34:02 a. m.","Información","Microsoft-Windows-WindowsUpdateClient","44","Windows Update comenzó a descargar una actualización."
"28/7/2025 2:34:02 a. m.","Información","Microsoft-Windows-WindowsUpdateClient","44","Windows Update comenzó a descargar una actualización."
"28/7/2025 2:33:57 a. m.","Información","Microsoft-Windows-WindowsUpdateClient","44","Windows Update comenzó a descargar una actualización."
"28/7/2025 2:33:53 a. m.","Información","Service Control Manager","7040","El tipo de inicio del servicio Windows Modules Installer se cambió de inicio por solicitud a inicio automático."
"28/7/2025 2:33:53 a. m.","Información","Service Control Manager","7040","El tipo de inicio del servicio Windows Modules Installer se cambió de inicio automático a inicio por solicitud."
"28/7/2025 2:33:46 a. m.","Información","Service Control Manager","7040","El tipo de inicio del servicio Windows Modules Installer se cambió de inicio por solicitud a inicio automático."
"28/7/2025 2:33:45 a. m.","Información","Service Control Manager","7040","El tipo de inicio del servicio Windows Modules Installer se cambió de inicio automático a inicio por solicitud."
"28/7/2025 2:33:45 a. m.","Información","Service Control Manager","7040","El tipo de inicio del servicio Windows Modules Installer se cambió de inicio por solicitud a inicio automático."
"28/7/2025 2:33:27 a. m.","Información","Microsoft-Windows-Kernel-Power","506","El sistema está entrando en el modo de espera moderno 

motivo: AC/DC Display Burst Suppressed. "
"28/7/2025 2:33:27 a. m.","Información","Microsoft-Windows-Kernel-Power","566","La sesión del sistema ha cambiado de 48 a 49.

Motivo InputMouse 

BootId: 10"
"28/7/2025 2:33:27 a. m.","Información","Microsoft-Windows-Kernel-Power","507","El sistema está saliendo del modo de espera moderno 

motivo: AC/DC Display Burst Suppressed. "
"28/7/2025 2:33:27 a. m.","Información","Microsoft-Windows-Kernel-Power","172","Estado de conectividad en modo de espera: Connected. Motivo: None"
"28/7/2025 2:33:26 a. m.","Información","Netwtw10","7026","7026 - Dump after return from D3 after cmd"
"28/7/2025 2:33:26 a. m.","Información","Netwtw10","7025","7025 - Dump after return from D3 before cmd "
"28/7/2025 2:33:26 a. m.","Información","Microsoft-Windows-Kernel-Power","105","Cambio de fuente de energía."
"28/7/2025 2:30:38 a. m.","Información","Microsoft-Windows-Kernel-Power","172","Estado de conectividad en modo de espera: Disconnected. Motivo: Adaptive Connected Standby"
"28/7/2025 2:30:31 a. m.","Información","Microsoft-Windows-Kernel-Power","566","La sesión del sistema ha cambiado de 47 a 48.

Motivo PolicyChange 

BootId: 10"
"28/7/2025 2:30:31 a. m.","Advertencia","Win32k","700","Administrador de energía solicitó la supresión de todas las entradas (INPUT_SUPPRESS_REQUEST = 1)"
"28/7/2025 2:30:31 a. m.","Advertencia","Win32k","700","Administrador de energía solicitó la supresión de todas las entradas (INPUT_SUPPRESS_REQUEST = 1)"
"28/7/2025 2:30:31 a. m.","Información","Microsoft-Windows-Kernel-Power","506","El sistema está entrando en el modo de espera moderno 

motivo: Lid. "
"28/7/2025 2:30:31 a. m.","Información","Microsoft-Windows-Kernel-Power","566","La sesión del sistema ha cambiado de 46 a 47.

Motivo PolicyChange 

BootId: 10"
"28/7/2025 2:05:42 a. m.","Advertencia","Microsoft-Windows-DNS-Client","1014","La resolución de nombres para el nombre t-ring-fdv2.msedge.net agotó el tiempo de espera después de que ninguno de los servidores DNS configurados respondiera. PID de cliente 10260."
"28/7/2025 2:04:18 a. m.","Advertencia","Netwtw10","6062","6062 - Lso was triggered"
"28/7/2025 2:04:15 a. m.","Información","Netwtw10","7021","7021 - Connection telemetry fields and analysis usage"
"28/7/2025 12:27:20 a. m.","Información","Microsoft-Windows-WindowsUpdateClient","19","Instalación correcta: Windows instaló correctamente la siguiente actualización: Actualización de inteligencia de seguridad para Microsoft Defender Antivirus - KB2267602 (versión 1.433.110.0) - Canal actual (ampliado)"
"28/7/2025 12:27:07 a. m.","Información","Microsoft-Windows-WindowsUpdateClient","43","Instalación iniciada: Windows comenzó a instalar la actualización siguiente: Actualización de inteligencia de seguridad para Microsoft Defender Antivirus - KB2267602 (versión 1.433.110.0) - Canal actual (ampliado)"
"28/7/2025 12:27:02 a. m.","Advertencia","Netwtw10","6062","6062 - Lso was triggered"
"28/7/2025 12:27:01 a. m.","Información","Netwtw10","7021","7021 - Connection telemetry fields and analysis usage"
"28/7/2025 12:26:54 a. m.","Información","Microsoft-Windows-Kernel-Power","566","La sesión del sistema ha cambiado de 45 a 46.

Motivo PolicyChange 

BootId: 10"
"28/7/2025 12:26:54 a. m.","Información","Microsoft-Windows-Kernel-Power","507","El sistema está saliendo del modo de espera moderno 

motivo: Lid. "
"28/7/2025 12:26:54 a. m.","Información","Microsoft-Windows-Kernel-Power","172","Estado de conectividad en modo de espera: Connected. Motivo: None"
"28/7/2025 12:26:54 a. m.","Información","Netwtw10","7026","7026 - Dump after return from D3 after cmd"
"28/7/2025 12:26:54 a. m.","Información","Netwtw10","7025","7025 - Dump after return from D3 before cmd "
"28/7/2025 12:26:54 a. m.","Advertencia","Win32k","701","Administrador de energía no solicitó la supresión de todas las entradas (INPUT_SUPPRESS_REQUEST = 0)"
"28/7/2025 12:26:54 a. m.","Advertencia","Win32k","701","Administrador de energía no solicitó la supresión de todas las entradas (INPUT_SUPPRESS_REQUEST = 0)"
"27/7/2025 11:20:45 p. m.","Información","Microsoft-Windows-Kernel-Power","172","Estado de conectividad en modo de espera: Disconnected. Motivo: Policy Setting"
"27/7/2025 11:20:38 p. m.","Información","Microsoft-Windows-Kernel-Power","566","La sesión del sistema ha cambiado de 44 a 45.

Motivo 55 

BootId: 10"
"27/7/2025 11:20:36 p. m.","Advertencia","rt640x64","1","Realtek PCIe GbE Family Controller is disconnected from network."
"27/7/2025 11:20:33 p. m.","Información","Microsoft-Windows-Kernel-Power","506","El sistema está entrando en el modo de espera moderno 

motivo: Austerity Battery Drain Budget Exceeded. "
"27/7/2025 11:20:33 p. m.","Información","Microsoft-Windows-Kernel-Power","566","La sesión del sistema ha cambiado de 43 a 44.

Motivo 55 

BootId: 10"
"27/7/2025 11:20:33 p. m.","Información","Microsoft-Windows-Kernel-Power","507","El sistema está saliendo del modo de espera moderno 

motivo: Austerity Battery Drain Budget Exceeded. "
"27/7/2025 11:20:33 p. m.","Información","Microsoft-Windows-Kernel-Power","172","Estado de conectividad en modo de espera: Connected. Motivo: None"
"27/7/2025 11:20:33 p. m.","Información","Netwtw10","7026","7026 - Dump after return from D3 after cmd"
"27/7/2025 11:20:33 p. m.","Información","Netwtw10","7025","7025 - Dump after return from D3 before cmd "
"27/7/2025 11:04:54 p. m.","Información","Microsoft-Windows-Kernel-Power","172","Estado de conectividad en modo de espera: Disconnected. Motivo: Adaptive Connected Standby"
"27/7/2025 11:04:52 p. m.","Información","Microsoft-Windows-Kernel-Power","172","Estado de conectividad en modo de espera: Connected. Motivo: None"
"27/7/2025 11:04:52 p. m.","Información","Netwtw10","7026","7026 - Dump after return from D3 after cmd"
"27/7/2025 11:04:52 p. m.","Información","Netwtw10","7025","7025 - Dump after return from D3 before cmd "
"27/7/2025 11:04:09 p. m.","Información","Microsoft-Windows-Kernel-Power","172","Estado de conectividad en modo de espera: Disconnected. Motivo: Adaptive Connected Standby"
"27/7/2025 11:04:07 p. m.","Información","Microsoft-Windows-Kernel-Power","172","Estado de conectividad en modo de espera: Connected. Motivo: None"
"27/7/2025 11:04:07 p. m.","Información","Netwtw10","7026","7026 - Dump after return from D3 after cmd"
"27/7/2025 11:04:07 p. m.","Información","Netwtw10","7025","7025 - Dump after return from D3 before cmd "
"27/7/2025 10:55:38 p. m.","Información","Microsoft-Windows-Kernel-Power","172","Estado de conectividad en modo de espera: Disconnected. Motivo: Adaptive Connected Standby"
"27/7/2025 10:55:36 p. m.","Información","Microsoft-Windows-Kernel-Power","172","Estado de conectividad en modo de espera: Connected. Motivo: None"
"27/7/2025 10:55:36 p. m.","Información","Netwtw10","7026","7026 - Dump after return from D3 after cmd"
"27/7/2025 10:55:36 p. m.","Información","Netwtw10","7025","7025 - Dump after return from D3 before cmd "
"27/7/2025 10:52:30 p. m.","Información","Microsoft-Windows-Kernel-Power","172","Estado de conectividad en modo de espera: Disconnected. Motivo: Adaptive Connected Standby"
"27/7/2025 10:52:29 p. m.","Información","Microsoft-Windows-Kernel-Power","172","Estado de conectividad en modo de espera: Connected. Motivo: None"
"27/7/2025 10:52:29 p. m.","Información","Netwtw10","7026","7026 - Dump after return from D3 after cmd"
"27/7/2025 10:52:29 p. m.","Información","Netwtw10","7025","7025 - Dump after return from D3 before cmd "
"27/7/2025 10:50:22 p. m.","Información","Microsoft-Windows-Kernel-Power","172","Estado de conectividad en modo de espera: Disconnected. Motivo: Adaptive Connected Standby"
