"31/7/2025 6:15:58 p. m.","Información","Microsoft-Windows-WindowsUpdateClient","44","Windows Update comenzó a descargar una actualización."
"31/7/2025 6:15:56 p. m.","Advertencia","Netwtw10","6062","6062 - Lso was triggered"
"31/7/2025 6:15:55 p. m.","Información","nhi","9007","The driver entered RTD3.
 All the connected devices will be removed from driver's internal state, so it is expected that DeviceDisconnected events will happen."
"31/7/2025 6:15:54 p. m.","Información","Netwtw10","7021","7021 - Connection telemetry fields and analysis usage"
"31/7/2025 6:15:53 p. m.","Información","TPM","17","El hardware del Módulo de plataforma segura (TPM) no pudo ejecutar un comando de TPM."
"31/7/2025 6:15:53 p. m.","Información","TPM","17","El hardware del Módulo de plataforma segura (TPM) no pudo ejecutar un comando de TPM."
"31/7/2025 6:15:52 p. m.","Información","TPM","17","El hardware del Módulo de plataforma segura (TPM) no pudo ejecutar un comando de TPM."
"31/7/2025 6:15:52 p. m.","Advertencia","rt640x64","1","Realtek PCIe GbE Family Controller is disconnected from network."
"31/7/2025 6:15:52 p. m.","Información","Microsoft-Windows-TPM-WMI","1038","Las comprobaciones de estado de la atestación previa confirman que se espera que el dispositivo supere la atestación.
 Consulte C:\WINDOWS\Logs\MeasuredBoot\0000000031-0000000006.json para obtener información detallada sobre las comprobaciones realizadas."
"31/7/2025 6:15:52 p. m.","Información","Microsoft-Windows-TPM-WMI","1041","Información detallada sobre la comprobación del estado de la atestación previa: {""Version"":1,""HealthStatus"":""Attestable"",""Required"":[{""Field"":""TpmPresent"",""Value"":true,""DesiredValue"":true},{""Field"":""TpmMeetsMinimumVersion"",""Value"":true,""DesiredValue"":true},{""Field"":""TpmIsResponsive"",""Value"":true,""DesiredValue"":true},{""Field"":""EkCertIsAvailable"",""Value"":true,""DesiredValue"":true},{""Field"":""TcgLogFound"",""Value"":true,""DesiredValue"":true}],""Expected"":[{""Field"":""PcrsMatchTcgLog"",""Value"":true,""DesiredValue"":true}],""Informational"":[{""Field"":""SecureBootEnabled"",""ValueFromComputer"":true,""ValueFromTcgLog"":true,""DesiredValue"":true,""TcgValueIsVerifiable"":true},{""Field"":""VirtualSecureMemory"",""ValueFromComputer"":false,""ValueFromTcgLog"":false,""DesiredValue"":true,""TcgValueIsVerifiable"":true},{""Field"":""SecureCorePCCompliant"",""ValueFromComputer"":false,""ValueFromTcgLog"":false,""DesiredValue"":true,""TcgValueIsVerifiable"":true}]}"
"31/7/2025 6:15:51 p. m.","Información","Microsoft-Windows-Power-Troubleshooter","1","El sistema estaba en un estado de baja energía y se reanudó.

Hora de suspensión: ‎2025‎-‎07‎-‎31T15:48:28.567237700Z
Hora de reactivación: ‎2025‎-‎07‎-‎31T22:15:49.799307400Z

Origen de la reactivación: Unknown"
"31/7/2025 6:15:50 p. m.","Advertencia","Microsoft-Windows-Time-Service","134","NtpClient no pudo establecer un sistema del mismo nivel manual para usar como origen de la hora debido a un error de resolución de DNS en 'time.windows.com,0x9'. NtpClient lo intentará de nuevo dentro de 15 minutos y doblará el intervalo de reintento en adelante. Error: Host desconocido. (0x80072AF9)"
"31/7/2025 6:15:49 p. m.","Error","Microsoft-Windows-NDIS","10317","Minipuerto Microsoft Wi-Fi Direct Virtual Adapter #2, {79f38f0f-3b2e-4931-b16b-3a5d8eb7dab9}, tuvo el evento Fatal error: The miniport has failed a power transition to operational power"
"31/7/2025 6:15:49 p. m.","Información","Netwtw10","7021","7021 - Connection telemetry fields and analysis usage"
"31/7/2025 6:15:49 p. m.","Información","Microsoft-Windows-Kernel-Power","566","La sesión del sistema ha cambiado de 132 a 134.

Motivo PolicyChange 

BootId: 10"
"31/7/2025 6:15:49 p. m.","Información","Microsoft-Windows-Kernel-Power","507","El sistema está saliendo del modo de espera moderno 

motivo: Lid. "
"31/7/2025 6:15:49 p. m.","Información","Microsoft-Windows-Kernel-Power","506","El sistema está entrando en el modo de espera moderno 

motivo: Sleep, Hibernate, or Shutdown. "
"31/7/2025 6:15:49 p. m.","Información","Microsoft-Windows-Kernel-Power","566","La sesión del sistema ha cambiado de 131 a 132.

Motivo SxTransition 

BootId: 10"
"31/7/2025 6:15:49 p. m.","Información","Microsoft-Windows-Kernel-Boot","247","No se puede cargar el firmware de Pluton-Windows. StatusCode: STATUS_SUCCESS, Motivo: Failed to apply firmware."
"31/7/2025 6:15:49 p. m.","Información","Microsoft-Windows-Kernel-Boot","27","El tipo de arranque fue 0x2."
"31/7/2025 6:15:49 p. m.","Información","Microsoft-Windows-Kernel-Boot","25","La directiva del menú de arranque fue 0x0."
"31/7/2025 6:15:49 p. m.","Información","Microsoft-Windows-Kernel-Boot","32","Bootmgr esperó la entrada del usuario durante 0 ms."
"31/7/2025 6:15:49 p. m.","Información","Microsoft-Windows-Kernel-Boot","18","Existen 0x1 opciones de arranque en este sistema."
"31/7/2025 6:15:49 p. m.","Información","Microsoft-Windows-Kernel-Boot","30","El firmware notificó métricas de arranque."
"31/7/2025 6:15:49 p. m.","Información","Netwtw10","7023","7023 - secure boot debug logging Quasar"
"31/7/2025 6:15:49 p. m.","Información","Intel-SST-OED","28","Loaded DSP FW library: \??\C:\WINDOWS\System32\DriverStore\FileRepository\intcoed_oemlibpath.inf_amd64_69401f7e35684734\tgl_maxx_audio_pro.bin, status = STATUS_SUCCESS."
"31/7/2025 6:15:49 p. m.","Información","Intel-SST-OED","28","Loaded DSP FW library: Libs\dsp_lib_whm_tgl_release.bin, status = STATUS_SUCCESS."
"31/7/2025 6:15:49 p. m.","Información","Intel-SST-OED","28","Loaded DSP FW library: Libs\dsp_lib_intel_wov_tgl_release.bin, status = STATUS_SUCCESS."
"31/7/2025 6:15:49 p. m.","Información","Netwtw10","7025","7025 - Dump after return from D3 before cmd "
"31/7/2025 6:15:49 p. m.","Información","WiManH","2",
"31/7/2025 6:15:49 p. m.","Advertencia","TPM","30","El recuento de restablecimiento y/o reanudación no coinciden con los valores esperados después de hibernar o reanudar."
"31/7/2025 6:15:48 p. m.","Advertencia","Win32k","701","Administrador de energía no solicitó la supresión de todas las entradas (INPUT_SUPPRESS_REQUEST = 0)"
"31/7/2025 6:15:48 p. m.","Advertencia","Win32k","701","Administrador de energía no solicitó la supresión de todas las entradas (INPUT_SUPPRESS_REQUEST = 0)"
"31/7/2025 6:15:48 p. m.","Información","Microsoft-Windows-Kernel-General","1","La hora del sistema ha cambiado a ‎2025‎-‎07‎-‎31T22:15:48.500000000Z de ‎2025‎-‎07‎-‎31T15:48:34.443347300Z.
Diferencia horaria: 23234056 ms

Motivo del cambio: System time synchronized with the hardware clock.
Proceso: '' (PID 4).

Hora de RTC: ‎2025‎-‎07‎-‎31T18:15:48.500000000Z
Diferencia de zona horaria actual: 240
hora RTC es UTC: false
La hora del sistema se basaba en la hora RTC: false"
"31/7/2025 11:48:34 a. m.","Información","Microsoft-Windows-Kernel-Power","107","El sistema se reanudó del estado de suspensión."
"31/7/2025 6:15:49 p. m.","Información","EventLog","6013","El tiempo límite del sistema es de 579296 segundos."
"31/7/2025 11:48:32 a. m.","Advertencia","Netwtw10","6062","6062 - Lso was triggered"
"31/7/2025 11:48:30 a. m.","Información","Microsoft-Windows-Kernel-Power","42","El sistema está entrando en suspensión.

Motivo de la suspensión: Hibernate from Sleep - Standby Battery Budget Exceeded"
"31/7/2025 11:48:30 a. m.","Información","Microsoft-Windows-Kernel-Power","40","El controlador \Driver\ACPI del dispositivo  detuvo la transición de energía."
"31/7/2025 11:48:29 a. m.","Información","nhi","9008","Driver exit RTD3.
 All the connected devices will now cause DeviceConnected events."
"31/7/2025 11:48:29 a. m.","Información","Netwtw10","7021","7021 - Connection telemetry fields and analysis usage"
"31/7/2025 11:48:28 a. m.","Información","Microsoft-Windows-Kernel-Power","566","La sesión del sistema ha cambiado de 130 a 131.

Motivo SxTransition 

BootId: 10"
"31/7/2025 11:48:28 a. m.","Información","Microsoft-Windows-Kernel-Power","507","El sistema está saliendo del modo de espera moderno 

motivo: Sleep, Hibernate, or Shutdown. "
"31/7/2025 11:48:28 a. m.","Información","Microsoft-Windows-Kernel-Power","172","Estado de conectividad en modo de espera: Connected. Motivo: None"
"31/7/2025 11:48:28 a. m.","Información","Netwtw10","7026","7026 - Dump after return from D3 after cmd"
"31/7/2025 11:48:28 a. m.","Información","Netwtw10","7025","7025 - Dump after return from D3 before cmd "
"31/7/2025 9:44:36 a. m.","Información","Microsoft-Windows-Kernel-Power","172","Estado de conectividad en modo de espera: Disconnected. Motivo: Policy Setting"
"31/7/2025 9:44:28 a. m.","Información","Microsoft-Windows-Kernel-Power","566","La sesión del sistema ha cambiado de 129 a 130.

Motivo 55 

BootId: 10"
"31/7/2025 9:44:27 a. m.","Información","Microsoft-Windows-IsolatedUserMode","5","Secure Trustlet NULL Id 0 and Pid 0 started with status STATUS_SUCCESS."
"31/7/2025 9:44:27 a. m.","Información","Microsoft-Windows-IsolatedUserMode","2","Secure Trustlet Id 0 and Pid 0 stopped with status STATUS_SUCCESS."
"31/7/2025 9:44:26 a. m.","Advertencia","rt640x64","1","Realtek PCIe GbE Family Controller is disconnected from network."
"31/7/2025 9:44:23 a. m.","Información","Microsoft-Windows-Kernel-Power","506","El sistema está entrando en el modo de espera moderno 

motivo: Austerity Battery Drain Budget Exceeded. "
"31/7/2025 9:44:23 a. m.","Información","Microsoft-Windows-Kernel-Power","566","La sesión del sistema ha cambiado de 128 a 129.

Motivo 55 

BootId: 10"
"31/7/2025 9:44:23 a. m.","Información","Microsoft-Windows-Kernel-Power","507","El sistema está saliendo del modo de espera moderno 

motivo: Austerity Battery Drain Budget Exceeded. "
"31/7/2025 9:44:23 a. m.","Información","Microsoft-Windows-Kernel-Power","172","Estado de conectividad en modo de espera: Connected. Motivo: None"
"31/7/2025 9:44:23 a. m.","Información","Netwtw10","7026","7026 - Dump after return from D3 after cmd"
"31/7/2025 9:44:23 a. m.","Información","Netwtw10","7025","7025 - Dump after return from D3 before cmd "
"31/7/2025 9:28:31 a. m.","Error","Service Control Manager","7000","El servicio Monitor del servidor de marco de la Cámara de Windows no pudo iniciarse debido al siguiente error: 
El servicio no respondió a tiempo a la solicitud de inicio o de control."
"31/7/2025 9:28:31 a. m.","Error","Service Control Manager","7009","Se agotó el tiempo de espera (30000 ms) para la conexión con el servicio Monitor del servidor de marco de la Cámara de Windows."
"31/7/2025 9:08:35 a. m.","Información","Microsoft-Windows-Kernel-Power","172","Estado de conectividad en modo de espera: Disconnected. Motivo: Adaptive Connected Standby"
"31/7/2025 9:08:32 a. m.","Información","Microsoft-Windows-Kernel-Power","172","Estado de conectividad en modo de espera: Connected. Motivo: None"
"31/7/2025 9:08:32 a. m.","Información","Netwtw10","7026","7026 - Dump after return from D3 after cmd"
"31/7/2025 9:08:32 a. m.","Información","Netwtw10","7025","7025 - Dump after return from D3 before cmd "
"31/7/2025 9:08:32 a. m.","Información","Microsoft-Windows-Kernel-Power","172","Estado de conectividad en modo de espera: Disconnected. Motivo: Adaptive Connected Standby"
"31/7/2025 9:08:30 a. m.","Información","Microsoft-Windows-Kernel-Power","172","Estado de conectividad en modo de espera: Connected. Motivo: None"
"31/7/2025 9:08:30 a. m.","Información","Netwtw10","7026","7026 - Dump after return from D3 after cmd"
"31/7/2025 9:08:30 a. m.","Información","Netwtw10","7025","7025 - Dump after return from D3 before cmd "
"31/7/2025 9:08:30 a. m.","Información","Microsoft-Windows-Kernel-Power","172","Estado de conectividad en modo de espera: Disconnected. Motivo: Adaptive Connected Standby"
"31/7/2025 9:08:28 a. m.","Información","Microsoft-Windows-Kernel-Power","172","Estado de conectividad en modo de espera: Connected. Motivo: None"
"31/7/2025 9:08:28 a. m.","Información","Netwtw10","7026","7026 - Dump after return from D3 after cmd"
"31/7/2025 9:08:28 a. m.","Información","Netwtw10","7025","7025 - Dump after return from D3 before cmd "
"31/7/2025 9:08:26 a. m.","Información","Microsoft-Windows-Kernel-Power","172","Estado de conectividad en modo de espera: Disconnected. Motivo: Adaptive Connected Standby"
"31/7/2025 9:08:25 a. m.","Información","Microsoft-Windows-Kernel-Power","172","Estado de conectividad en modo de espera: Connected. Motivo: None"
"31/7/2025 9:08:25 a. m.","Información","Microsoft-Windows-Kernel-Power","172","Estado de conectividad en modo de espera: Disconnected. Motivo: Adaptive Connected Standby"
"31/7/2025 9:08:23 a. m.","Información","Microsoft-Windows-Kernel-Power","172","Estado de conectividad en modo de espera: Connected. Motivo: None"
"31/7/2025 9:08:23 a. m.","Información","Microsoft-Windows-Kernel-Power","172","Estado de conectividad en modo de espera: Disconnected. Motivo: Adaptive Connected Standby"
"31/7/2025 9:07:54 a. m.","Información","Microsoft-Windows-WindowsUpdateClient","44","Windows Update comenzó a descargar una actualización."
"31/7/2025 9:07:54 a. m.","Información","Microsoft-Windows-WindowsUpdateClient","44","Windows Update comenzó a descargar una actualización."
"31/7/2025 9:07:49 a. m.","Información","Microsoft-Windows-Kernel-Power","566","La sesión del sistema ha cambiado de 127 a 128.

Motivo PolicyChange 

BootId: 10"
"31/7/2025 9:07:49 a. m.","Advertencia","Win32k","700","Administrador de energía solicitó la supresión de todas las entradas (INPUT_SUPPRESS_REQUEST = 1)"
"31/7/2025 9:07:49 a. m.","Advertencia","Win32k","700","Administrador de energía solicitó la supresión de todas las entradas (INPUT_SUPPRESS_REQUEST = 1)"
"31/7/2025 9:07:49 a. m.","Información","Microsoft-Windows-Kernel-Power","506","El sistema está entrando en el modo de espera moderno 

motivo: Lid. "
"31/7/2025 9:07:49 a. m.","Información","Microsoft-Windows-Kernel-Power","566","La sesión del sistema ha cambiado de 126 a 127.

Motivo PolicyChange 

BootId: 10"
"31/7/2025 9:07:45 a. m.","Advertencia","rt640x64","1","Realtek PCIe GbE Family Controller is disconnected from network."
"31/7/2025 9:07:42 a. m.","Información","Microsoft-Windows-Kernel-Power","566","La sesión del sistema ha cambiado de 125 a 126.

Motivo PolicyChange 

BootId: 10"
"31/7/2025 9:07:42 a. m.","Información","Microsoft-Windows-Kernel-Power","507","El sistema está saliendo del modo de espera moderno 

motivo: Lid. "
"31/7/2025 9:07:42 a. m.","Información","Microsoft-Windows-Kernel-Power","172","Estado de conectividad en modo de espera: Connected. Motivo: None"
"31/7/2025 9:07:42 a. m.","Información","Netwtw10","7026","7026 - Dump after return from D3 after cmd"
"31/7/2025 9:07:42 a. m.","Información","Netwtw10","7025","7025 - Dump after return from D3 before cmd "
"31/7/2025 9:07:41 a. m.","Advertencia","Win32k","701","Administrador de energía no solicitó la supresión de todas las entradas (INPUT_SUPPRESS_REQUEST = 0)"
"31/7/2025 9:07:41 a. m.","Advertencia","Win32k","701","Administrador de energía no solicitó la supresión de todas las entradas (INPUT_SUPPRESS_REQUEST = 0)"
"31/7/2025 9:01:41 a. m.","Información","Microsoft-Windows-Kernel-Power","172","Estado de conectividad en modo de espera: Disconnected. Motivo: Adaptive Connected Standby"
"31/7/2025 9:01:39 a. m.","Información","Microsoft-Windows-Kernel-Power","172","Estado de conectividad en modo de espera: Connected. Motivo: None"
"31/7/2025 9:01:39 a. m.","Información","Netwtw10","7026","7026 - Dump after return from D3 after cmd"
"31/7/2025 9:01:39 a. m.","Información","Netwtw10","7025","7025 - Dump after return from D3 before cmd "
"31/7/2025 9:00:42 a. m.","Información","Microsoft-Windows-Kernel-Power","172","Estado de conectividad en modo de espera: Disconnected. Motivo: Adaptive Connected Standby"
"31/7/2025 9:00:40 a. m.","Información","Microsoft-Windows-Kernel-Power","172","Estado de conectividad en modo de espera: Connected. Motivo: None"
"31/7/2025 9:00:40 a. m.","Información","Microsoft-Windows-Kernel-Power","172","Estado de conectividad en modo de espera: Disconnected. Motivo: Adaptive Connected Standby"
"31/7/2025 8:59:30 a. m.","Información","Microsoft-Windows-Kernel-Power","566","La sesión del sistema ha cambiado de 124 a 125.

Motivo PolicyChange 

BootId: 10"
"31/7/2025 8:59:29 a. m.","Advertencia","Win32k","700","Administrador de energía solicitó la supresión de todas las entradas (INPUT_SUPPRESS_REQUEST = 1)"
"31/7/2025 8:59:29 a. m.","Advertencia","Win32k","700","Administrador de energía solicitó la supresión de todas las entradas (INPUT_SUPPRESS_REQUEST = 1)"
"31/7/2025 8:59:29 a. m.","Información","Microsoft-Windows-Kernel-Power","506","El sistema está entrando en el modo de espera moderno 

motivo: Lid. "
"31/7/2025 8:59:29 a. m.","Información","Microsoft-Windows-Kernel-Power","566","La sesión del sistema ha cambiado de 123 a 124.

Motivo PolicyChange 

BootId: 10"
"31/7/2025 8:50:51 a. m.","Información","Microsoft-Windows-WindowsUpdateClient","19","Instalación correcta: Windows instaló correctamente la siguiente actualización: Actualización de inteligencia de seguridad para Microsoft Defender Antivirus - KB2267602 (versión 1.433.195.0) - Canal actual (ampliado)"
"31/7/2025 8:50:42 a. m.","Información","Microsoft-Windows-WindowsUpdateClient","43","Instalación iniciada: Windows comenzó a instalar la actualización siguiente: Actualización de inteligencia de seguridad para Microsoft Defender Antivirus - KB2267602 (versión 1.433.195.0) - Canal actual (ampliado)"
"31/7/2025 8:50:42 a. m.","Información","Microsoft-Windows-WindowsUpdateClient","44","Windows Update comenzó a descargar una actualización."
"31/7/2025 8:41:50 a. m.","Información","Microsoft-Windows-Kernel-General","1","La hora del sistema ha cambiado a ‎2025‎-‎07‎-‎31T12:41:50.111974600Z de ‎2025‎-‎07‎-‎31T12:41:50.110999000Z.
Diferencia horaria: 0 ms

Motivo del cambio: An application or system component changed the time.
Proceso: '\Device\HarddiskVolume3\Windows\System32\svchost.exe' (PID 1708).

Hora de RTC: ‎2025‎-‎07‎-‎31T08:41:50.111974600Z
Diferencia de zona horaria actual: 240
hora RTC es UTC: false
La hora del sistema se basaba en la hora RTC: false"
"31/7/2025 8:41:50 a. m.","Error","Microsoft-Windows-HAL","21","No se estableció el reloj en tiempo real de hardware debido a un error en la evaluación del método de dispositivo de alarma y hora ACPI.  Estado: 0xC00000BB."
"31/7/2025 8:41:50 a. m.","Error","Microsoft-Windows-HAL","20","No se consultó el reloj en tiempo real de hardware debido a un error en la evaluación del método de dispositivo de alarma y hora ACPI.  Estado: 0xC00000BB."
"31/7/2025 8:41:50 a. m.","Información","Microsoft-Windows-Kernel-General","24","La información de zona horaria se actualizó con el motivo de salida 0. La diferencia de zona horaria actual es 240."
"31/7/2025 8:41:50 a. m.","Información","Microsoft-Windows-Kernel-General","1","La hora del sistema ha cambiado a ‎2025‎-‎07‎-‎31T12:41:50.110999000Z de ‎2025‎-‎07‎-‎31T12:41:51.509243600Z.
Diferencia horaria: -1398 ms

Motivo del cambio: An application or system component changed the time.
Proceso: '\Device\HarddiskVolume3\Windows\System32\svchost.exe' (PID 1708).

Hora de RTC: ‎2025‎-‎07‎-‎31T08:41:50.110999000Z
Diferencia de zona horaria actual: 240
hora RTC es UTC: false
La hora del sistema se basaba en la hora RTC: false"
"31/7/2025 8:41:50 a. m.","Error","Microsoft-Windows-HAL","21","No se estableció el reloj en tiempo real de hardware debido a un error en la evaluación del método de dispositivo de alarma y hora ACPI.  Estado: 0xC00000BB."
"31/7/2025 8:41:50 a. m.","Error","Microsoft-Windows-HAL","20","No se consultó el reloj en tiempo real de hardware debido a un error en la evaluación del método de dispositivo de alarma y hora ACPI.  Estado: 0xC00000BB."
"31/7/2025 8:41:50 a. m.","Información","Microsoft-Windows-Kernel-General","24","La información de zona horaria se actualizó con el motivo de salida 0. La diferencia de zona horaria actual es 240."
"31/7/2025 8:41:51 a. m.","Información","Microsoft-Windows-Time-Service","37","El proveedor de hora NtpClient está recibiendo datos de hora  válidos desde time.windows.com,0x9 (ntp.m|0x9|0.0.0.0:123->40.119.6.228:123)."
"31/7/2025 8:41:22 a. m.","Advertencia","Netwtw10","6062","6062 - Lso was triggered"
"31/7/2025 8:41:21 a. m.","Información","Netwtw10","7003","7003 - Roam Complete"
"31/7/2025 8:41:21 a. m.","Información","Netwtw10","7021","7021 - Connection telemetry fields and analysis usage"
"31/7/2025 8:41:06 a. m.","Advertencia","Netwtw10","6062","6062 - Lso was triggered"
"31/7/2025 8:41:04 a. m.","Información","Netwtw10","7021","7021 - Connection telemetry fields and analysis usage"
"31/7/2025 8:40:48 a. m.","Advertencia","Microsoft-Windows-Time-Service","134","NtpClient no pudo establecer un sistema del mismo nivel manual para usar como origen de la hora debido a un error de resolución de DNS en 'time.windows.com,0x9'. NtpClient lo intentará de nuevo dentro de 15 minutos y doblará el intervalo de reintento en adelante. Error: Host desconocido. (0x80072AF9)"
"31/7/2025 8:40:14 a. m.","Información","nhi","9007","The driver entered RTD3.
 All the connected devices will be removed from driver's internal state, so it is expected that DeviceDisconnected events will happen."
"31/7/2025 8:40:13 a. m.","Información","Microsoft-Windows-TPM-WMI","1038","Las comprobaciones de estado de la atestación previa confirman que se espera que el dispositivo supere la atestación.
 Consulte C:\WINDOWS\Logs\MeasuredBoot\0000000031-0000000005.json para obtener información detallada sobre las comprobaciones realizadas."
"31/7/2025 8:40:13 a. m.","Información","Microsoft-Windows-TPM-WMI","1041","Información detallada sobre la comprobación del estado de la atestación previa: {""Version"":1,""HealthStatus"":""Attestable"",""Required"":[{""Field"":""TpmPresent"",""Value"":true,""DesiredValue"":true},{""Field"":""TpmMeetsMinimumVersion"",""Value"":true,""DesiredValue"":true},{""Field"":""TpmIsResponsive"",""Value"":true,""DesiredValue"":true},{""Field"":""EkCertIsAvailable"",""Value"":true,""DesiredValue"":true},{""Field"":""TcgLogFound"",""Value"":true,""DesiredValue"":true}],""Expected"":[{""Field"":""PcrsMatchTcgLog"",""Value"":true,""DesiredValue"":true}],""Informational"":[{""Field"":""SecureBootEnabled"",""ValueFromComputer"":true,""ValueFromTcgLog"":true,""DesiredValue"":true,""TcgValueIsVerifiable"":true},{""Field"":""VirtualSecureMemory"",""ValueFromComputer"":false,""ValueFromTcgLog"":false,""DesiredValue"":true,""TcgValueIsVerifiable"":true},{""Field"":""SecureCorePCCompliant"",""ValueFromComputer"":false,""ValueFromTcgLog"":false,""DesiredValue"":true,""TcgValueIsVerifiable"":true}]}"
"31/7/2025 8:40:11 a. m.","Advertencia","rt640x64","1","Realtek PCIe GbE Family Controller is disconnected from network."
"31/7/2025 8:40:10 a. m.","Información","Microsoft-Windows-Power-Troubleshooter","1","El sistema estaba en un estado de baja energía y se reanudó.

Hora de suspensión: ‎2025‎-‎07‎-‎30T21:02:30.896082400Z
Hora de reactivación: ‎2025‎-‎07‎-‎31T12:40:08.432364900Z

Origen de la reactivación: Unknown"
"31/7/2025 8:40:09 a. m.","Advertencia","Microsoft-Windows-Time-Service","134","NtpClient no pudo establecer un sistema del mismo nivel manual para usar como origen de la hora debido a un error de resolución de DNS en 'time.windows.com,0x9'. NtpClient lo intentará de nuevo dentro de 15 minutos y doblará el intervalo de reintento en adelante. Error: Host desconocido. (0x80072AF9)"
"31/7/2025 8:40:08 a. m.","Error","Microsoft-Windows-NDIS","10317","Minipuerto Microsoft Wi-Fi Direct Virtual Adapter #2, {79f38f0f-3b2e-4931-b16b-3a5d8eb7dab9}, tuvo el evento Fatal error: The miniport has failed a power transition to operational power"
"31/7/2025 8:40:08 a. m.","Información","Netwtw10","7023","7023 - secure boot debug logging Quasar"
"31/7/2025 8:40:08 a. m.","Información","Intel-SST-OED","28","Loaded DSP FW library: \??\C:\WINDOWS\System32\DriverStore\FileRepository\intcoed_oemlibpath.inf_amd64_69401f7e35684734\tgl_maxx_audio_pro.bin, status = STATUS_SUCCESS."
"31/7/2025 8:40:08 a. m.","Información","Microsoft-Windows-Kernel-Power","566","La sesión del sistema ha cambiado de 121 a 123.

Motivo PolicyChange 

BootId: 10"
"31/7/2025 8:40:08 a. m.","Información","Microsoft-Windows-Kernel-Power","507","El sistema está saliendo del modo de espera moderno 

motivo: Lid. "
"31/7/2025 8:40:08 a. m.","Información","Microsoft-Windows-Kernel-Power","506","El sistema está entrando en el modo de espera moderno 

motivo: Sleep, Hibernate, or Shutdown. "
"31/7/2025 8:40:08 a. m.","Información","Microsoft-Windows-Kernel-Power","566","La sesión del sistema ha cambiado de 120 a 121.

Motivo SxTransition 

BootId: 10"
"31/7/2025 8:40:08 a. m.","Información","Intel-SST-OED","28","Loaded DSP FW library: Libs\dsp_lib_whm_tgl_release.bin, status = STATUS_SUCCESS."
"31/7/2025 8:40:08 a. m.","Información","Intel-SST-OED","28","Loaded DSP FW library: Libs\dsp_lib_intel_wov_tgl_release.bin, status = STATUS_SUCCESS."
"31/7/2025 8:40:08 a. m.","Información","Microsoft-Windows-Kernel-Boot","247","No se puede cargar el firmware de Pluton-Windows. StatusCode: STATUS_SUCCESS, Motivo: Failed to apply firmware."
"31/7/2025 8:40:08 a. m.","Información","Microsoft-Windows-Kernel-Boot","27","El tipo de arranque fue 0x2."
"31/7/2025 8:40:08 a. m.","Información","Microsoft-Windows-Kernel-Boot","25","La directiva del menú de arranque fue 0x0."
"31/7/2025 8:40:08 a. m.","Información","Microsoft-Windows-Kernel-Boot","32","Bootmgr esperó la entrada del usuario durante 0 ms."
"31/7/2025 8:40:08 a. m.","Información","Microsoft-Windows-Kernel-Boot","18","Existen 0x1 opciones de arranque en este sistema."
"31/7/2025 8:40:08 a. m.","Información","Microsoft-Windows-Kernel-Boot","30","El firmware notificó métricas de arranque."
"31/7/2025 8:40:08 a. m.","Información","Netwtw10","7025","7025 - Dump after return from D3 before cmd "
"31/7/2025 8:40:08 a. m.","Información","WiManH","2",
"31/7/2025 8:40:08 a. m.","Advertencia","TPM","30","El recuento de restablecimiento y/o reanudación no coinciden con los valores esperados después de hibernar o reanudar."
"31/7/2025 8:40:07 a. m.","Advertencia","Win32k","701","Administrador de energía no solicitó la supresión de todas las entradas (INPUT_SUPPRESS_REQUEST = 0)"
"31/7/2025 8:40:07 a. m.","Advertencia","Win32k","701","Administrador de energía no solicitó la supresión de todas las entradas (INPUT_SUPPRESS_REQUEST = 0)"
"31/7/2025 8:40:07 a. m.","Información","Microsoft-Windows-Kernel-General","1","La hora del sistema ha cambiado a ‎2025‎-‎07‎-‎31T12:40:07.500000000Z de ‎2025‎-‎07‎-‎30T21:02:34.196571400Z.
Diferencia horaria: 56253303 ms

Motivo del cambio: System time synchronized with the hardware clock.
Proceso: '' (PID 4).

Hora de RTC: ‎2025‎-‎07‎-‎31T08:40:07.500000000Z
Diferencia de zona horaria actual: 240
hora RTC es UTC: false
La hora del sistema se basaba en la hora RTC: false"
"30/7/2025 5:02:34 p. m.","Información","Microsoft-Windows-Kernel-Power","107","El sistema se reanudó del estado de suspensión."
"30/7/2025 5:02:33 p. m.","Advertencia","Netwtw10","6062","6062 - Lso was triggered"
"30/7/2025 5:02:32 p. m.","Información","Microsoft-Windows-Kernel-Power","42","El sistema está entrando en suspensión.

Motivo de la suspensión: Hibernate from Sleep - Standby Battery Budget Exceeded"
"30/7/2025 5:02:32 p. m.","Información","Microsoft-Windows-Kernel-Power","40","El controlador \Driver\ACPI del dispositivo  detuvo la transición de energía."
"30/7/2025 5:02:32 p. m.","Información","nhi","9008","Driver exit RTD3.
 All the connected devices will now cause DeviceConnected events."
"30/7/2025 5:02:31 p. m.","Información","Netwtw10","7021","7021 - Connection telemetry fields and analysis usage"
"30/7/2025 5:02:30 p. m.","Información","Microsoft-Windows-Kernel-Power","566","La sesión del sistema ha cambiado de 119 a 120.

Motivo SxTransition 

BootId: 10"
"30/7/2025 5:02:30 p. m.","Información","Microsoft-Windows-Kernel-Power","507","El sistema está saliendo del modo de espera moderno 

motivo: Sleep, Hibernate, or Shutdown. "
"30/7/2025 5:02:30 p. m.","Información","Microsoft-Windows-Kernel-Power","172","Estado de conectividad en modo de espera: Connected. Motivo: None"
"30/7/2025 5:02:30 p. m.","Información","Netwtw10","7026","7026 - Dump after return from D3 after cmd"
"30/7/2025 5:02:30 p. m.","Información","Netwtw10","7025","7025 - Dump after return from D3 before cmd "
"30/7/2025 2:48:47 p. m.","Información","Microsoft-Windows-Kernel-Power","172","Estado de conectividad en modo de espera: Disconnected. Motivo: Policy Setting"
"30/7/2025 2:48:40 p. m.","Información","Microsoft-Windows-Kernel-Power","566","La sesión del sistema ha cambiado de 118 a 119.

Motivo 55 

BootId: 10"
"30/7/2025 2:48:35 p. m.","Información","Microsoft-Windows-Kernel-General","1","La hora del sistema ha cambiado a ‎2025‎-‎07‎-‎30T18:48:35.444279400Z de ‎2025‎-‎07‎-‎30T18:48:35.444159800Z.
Diferencia horaria: 0 ms

Motivo del cambio: An application or system component changed the time.
Proceso: '\Device\HarddiskVolume3\Windows\System32\svchost.exe' (PID 1708).

Hora de RTC: ‎2025‎-‎07‎-‎30T14:48:35.444279400Z
Diferencia de zona horaria actual: 240
hora RTC es UTC: false
La hora del sistema se basaba en la hora RTC: false"
"30/7/2025 2:48:35 p. m.","Error","Microsoft-Windows-HAL","21","No se estableció el reloj en tiempo real de hardware debido a un error en la evaluación del método de dispositivo de alarma y hora ACPI.  Estado: 0xC00000BB."
"30/7/2025 2:48:35 p. m.","Error","Microsoft-Windows-HAL","20","No se consultó el reloj en tiempo real de hardware debido a un error en la evaluación del método de dispositivo de alarma y hora ACPI.  Estado: 0xC00000BB."
"30/7/2025 2:48:35 p. m.","Información","Microsoft-Windows-Kernel-General","24","La información de zona horaria se actualizó con el motivo de salida 0. La diferencia de zona horaria actual es 240."
"30/7/2025 2:48:35 p. m.","Información","Microsoft-Windows-Kernel-Power","506","El sistema está entrando en el modo de espera moderno 

motivo: Austerity Battery Drain Budget Exceeded. "
"30/7/2025 2:48:35 p. m.","Información","Microsoft-Windows-Kernel-Power","566","La sesión del sistema ha cambiado de 117 a 118.

Motivo 55 

BootId: 10"
"30/7/2025 2:48:35 p. m.","Información","Microsoft-Windows-Kernel-Power","507","El sistema está saliendo del modo de espera moderno 

motivo: Austerity Battery Drain Budget Exceeded. "
"30/7/2025 2:48:35 p. m.","Información","Microsoft-Windows-Kernel-Power","172","Estado de conectividad en modo de espera: Connected. Motivo: None"
"30/7/2025 2:48:35 p. m.","Información","Netwtw10","7026","7026 - Dump after return from D3 after cmd"
"30/7/2025 2:48:35 p. m.","Información","Netwtw10","7025","7025 - Dump after return from D3 before cmd "
"30/7/2025 2:45:21 p. m.","Error","Microsoft-Windows-DistributedCOM","10010","El servidor {F712E7AB-1264-5F6D-AA77-7777672D1F2A} no se registró con DCOM dentro del tiempo de espera requerido."
"30/7/2025 2:44:48 p. m.","Información","nhi","9007","The driver entered RTD3.
 All the connected devices will be removed from driver's internal state, so it is expected that DeviceDisconnected events will happen."
"30/7/2025 2:44:42 p. m.","Información","Netwtw10","7026","7026 - Dump after return from D3 after cmd"
"30/7/2025 2:44:42 p. m.","Información","Netwtw10","7025","7025 - Dump after return from D3 before cmd "
"30/7/2025 2:44:38 p. m.","Información","Netwtw10","7021","7021 - Connection telemetry fields and analysis usage"
"30/7/2025 2:44:35 p. m.","Información","Netwtw10","7026","7026 - Dump after return from D3 after cmd"
"30/7/2025 2:44:35 p. m.","Información","Netwtw10","7025","7025 - Dump after return from D3 before cmd "
"30/7/2025 2:44:35 p. m.","Información","nhi","9008","Driver exit RTD3.
 All the connected devices will now cause DeviceConnected events."
"30/7/2025 2:39:40 p. m.","Información","nhi","9007","The driver entered RTD3.
 All the connected devices will be removed from driver's internal state, so it is expected that DeviceDisconnected events will happen."
"30/7/2025 2:39:31 p. m.","Información","Netwtw10","7026","7026 - Dump after return from D3 after cmd"
"30/7/2025 2:39:31 p. m.","Información","Netwtw10","7025","7025 - Dump after return from D3 before cmd "
"30/7/2025 2:39:31 p. m.","Información","nhi","9008","Driver exit RTD3.
 All the connected devices will now cause DeviceConnected events."
"30/7/2025 2:37:15 p. m.","Información","Microsoft-Windows-Kernel-Power","172","Estado de conectividad en modo de espera: Disconnected. Motivo: Adaptive Connected Standby"
"30/7/2025 2:37:08 p. m.","Información","Microsoft-Windows-Kernel-Power","566","La sesión del sistema ha cambiado de 116 a 117.

Motivo InputMouse 

BootId: 10"
"30/7/2025 2:37:06 p. m.","Advertencia","rt640x64","1","Realtek PCIe GbE Family Controller is disconnected from network."
"30/7/2025 2:37:05 p. m.","Información","Microsoft-Windows-Time-Service","37","El proveedor de hora NtpClient está recibiendo datos de hora  válidos desde time.windows.com,0x9 (ntp.m|0x9|0.0.0.0:123->40.119.6.228:123)."
"30/7/2025 2:37:03 p. m.","Información","Microsoft-Windows-Kernel-Power","506","El sistema está entrando en el modo de espera moderno 

motivo: AC/DC Display Burst Suppressed. "
"30/7/2025 2:37:03 p. m.","Información","Microsoft-Windows-Kernel-Power","566","La sesión del sistema ha cambiado de 115 a 116.

Motivo InputMouse 

BootId: 10"
"30/7/2025 2:37:03 p. m.","Información","Microsoft-Windows-Kernel-Power","507","El sistema está saliendo del modo de espera moderno 

motivo: AC/DC Display Burst Suppressed. "
"30/7/2025 2:37:02 p. m.","Información","Netwtw10","7026","7026 - Dump after return from D3 after cmd"
"30/7/2025 2:37:02 p. m.","Información","Netwtw10","7025","7025 - Dump after return from D3 before cmd "
"30/7/2025 2:37:02 p. m.","Información","Microsoft-Windows-Kernel-Power","105","Cambio de fuente de energía."
"30/7/2025 2:34:07 p. m.","Información","Netwtw10","7026","7026 - Dump after return from D3 after cmd"
"30/7/2025 2:34:07 p. m.","Información","Netwtw10","7025","7025 - Dump after return from D3 before cmd "
"30/7/2025 2:27:07 p. m.","Información","Netwtw10","7026","7026 - Dump after return from D3 after cmd"
"30/7/2025 2:27:07 p. m.","Información","Netwtw10","7025","7025 - Dump after return from D3 before cmd "
"30/7/2025 2:20:07 p. m.","Información","Netwtw10","7026","7026 - Dump after return from D3 after cmd"
"30/7/2025 2:20:07 p. m.","Información","Netwtw10","7025","7025 - Dump after return from D3 before cmd "
"30/7/2025 2:13:07 p. m.","Información","Netwtw10","7026","7026 - Dump after return from D3 after cmd"
"30/7/2025 2:13:07 p. m.","Información","Netwtw10","7025","7025 - Dump after return from D3 before cmd "
"30/7/2025 2:10:22 p. m.","Información","nhi","9007","The driver entered RTD3.
 All the connected devices will be removed from driver's internal state, so it is expected that DeviceDisconnected events will happen."
"30/7/2025 2:10:16 p. m.","Información","Netwtw10","7026","7026 - Dump after return from D3 after cmd"
"30/7/2025 2:10:16 p. m.","Información","Netwtw10","7025","7025 - Dump after return from D3 before cmd "
"30/7/2025 2:06:37 p. m.","Información","Netwtw10","7026","7026 - Dump after return from D3 after cmd"
"30/7/2025 2:06:37 p. m.","Información","Netwtw10","7025","7025 - Dump after return from D3 before cmd "
"30/7/2025 2:06:37 p. m.","Información","nhi","9008","Driver exit RTD3.
 All the connected devices will now cause DeviceConnected events."
"30/7/2025 2:06:07 p. m.","Información","Netwtw10","7026","7026 - Dump after return from D3 after cmd"
"30/7/2025 2:06:07 p. m.","Información","Netwtw10","7025","7025 - Dump after return from D3 before cmd "
"30/7/2025 1:59:23 p. m.","Información","nhi","9007","The driver entered RTD3.
 All the connected devices will be removed from driver's internal state, so it is expected that DeviceDisconnected events will happen."
"30/7/2025 1:59:18 p. m.","Información","Netwtw10","7026","7026 - Dump after return from D3 after cmd"
"30/7/2025 1:59:18 p. m.","Información","Netwtw10","7025","7025 - Dump after return from D3 before cmd "
"30/7/2025 1:59:18 p. m.","Información","nhi","9008","Driver exit RTD3.
 All the connected devices will now cause DeviceConnected events."
"30/7/2025 1:59:07 p. m.","Información","Netwtw10","7026","7026 - Dump after return from D3 after cmd"
"30/7/2025 1:59:07 p. m.","Información","Netwtw10","7025","7025 - Dump after return from D3 before cmd "
"30/7/2025 1:52:21 p. m.","Información","nhi","9007","The driver entered RTD3.
 All the connected devices will be removed from driver's internal state, so it is expected that DeviceDisconnected events will happen."
"30/7/2025 1:52:15 p. m.","Información","Netwtw10","7026","7026 - Dump after return from D3 after cmd"
"30/7/2025 1:52:15 p. m.","Información","Netwtw10","7025","7025 - Dump after return from D3 before cmd "
"30/7/2025 1:52:15 p. m.","Información","nhi","9008","Driver exit RTD3.
 All the connected devices will now cause DeviceConnected events."
"30/7/2025 1:52:11 p. m.","Advertencia","rt640x64","1","Realtek PCIe GbE Family Controller is disconnected from network."
"30/7/2025 1:52:07 p. m.","Información","Netwtw10","7026","7026 - Dump after return from D3 after cmd"
"30/7/2025 1:52:07 p. m.","Información","Netwtw10","7025","7025 - Dump after return from D3 before cmd "
"30/7/2025 1:45:07 p. m.","Información","Netwtw10","7026","7026 - Dump after return from D3 after cmd"
"30/7/2025 1:45:07 p. m.","Información","Netwtw10","7025","7025 - Dump after return from D3 before cmd "
"30/7/2025 1:42:18 p. m.","Información","nhi","9007","The driver entered RTD3.
 All the connected devices will be removed from driver's internal state, so it is expected that DeviceDisconnected events will happen."
"30/7/2025 1:42:11 p. m.","Información","Netwtw10","7026","7026 - Dump after return from D3 after cmd"
"30/7/2025 1:42:11 p. m.","Información","Netwtw10","7025","7025 - Dump after return from D3 before cmd "
"30/7/2025 1:40:08 p. m.","Información","nhi","9008","Driver exit RTD3.
 All the connected devices will now cause DeviceConnected events."
"30/7/2025 1:40:08 p. m.","Información","Netwtw10","7026","7026 - Dump after return from D3 after cmd"
"30/7/2025 1:40:08 p. m.","Información","Netwtw10","7025","7025 - Dump after return from D3 before cmd "
"30/7/2025 1:38:07 p. m.","Información","Netwtw10","7026","7026 - Dump after return from D3 after cmd"
"30/7/2025 1:38:07 p. m.","Información","Netwtw10","7025","7025 - Dump after return from D3 before cmd "
