"5/8/2025 7:15:52 p. m.","Error","Microsoft-Windows-HAL","20","No se consultó el reloj en tiempo real de hardware debido a un error en la evaluación del método de dispositivo de alarma y hora ACPI.  Estado: 0xC00000BB."
"5/8/2025 7:15:52 p. m.","Información","Microsoft-Windows-Kernel-General","24","La información de zona horaria se actualizó con el motivo de salida 0. La diferencia de zona horaria actual es 240."
"5/8/2025 7:15:38 p. m.","Información","Microsoft-Windows-Time-Service","37","El proveedor de hora NtpClient está recibiendo datos de hora  válidos desde time.windows.com,0x9 (ntp.m|0x9|0.0.0.0:123->40.119.6.228:123)."
"5/8/2025 7:14:59 p. m.","Información","Microsoft-Windows-TPM-WMI","1038","Las comprobaciones de estado de la atestación previa confirman que se espera que el dispositivo supere la atestación.
 Consulte C:\WINDOWS\Logs\MeasuredBoot\0000000031-0000000010.json para obtener información detallada sobre las comprobaciones realizadas."
"5/8/2025 7:14:59 p. m.","Información","Microsoft-Windows-TPM-WMI","1041","Información detallada sobre la comprobación del estado de la atestación previa: {""Version"":1,""HealthStatus"":""Attestable"",""Required"":[{""Field"":""TpmPresent"",""Value"":true,""DesiredValue"":true},{""Field"":""TpmMeetsMinimumVersion"",""Value"":true,""DesiredValue"":true},{""Field"":""TpmIsResponsive"",""Value"":true,""DesiredValue"":true},{""Field"":""EkCertIsAvailable"",""Value"":true,""DesiredValue"":true},{""Field"":""TcgLogFound"",""Value"":true,""DesiredValue"":true}],""Expected"":[{""Field"":""PcrsMatchTcgLog"",""Value"":true,""DesiredValue"":true}],""Informational"":[{""Field"":""SecureBootEnabled"",""ValueFromComputer"":true,""ValueFromTcgLog"":true,""DesiredValue"":true,""TcgValueIsVerifiable"":true},{""Field"":""VirtualSecureMemory"",""ValueFromComputer"":false,""ValueFromTcgLog"":false,""DesiredValue"":true,""TcgValueIsVerifiable"":true},{""Field"":""SecureCorePCCompliant"",""ValueFromComputer"":false,""ValueFromTcgLog"":false,""DesiredValue"":true,""TcgValueIsVerifiable"":true}]}"
"5/8/2025 7:14:58 p. m.","Advertencia","Microsoft-Windows-DNS-Client","1014","La resolución de nombres para el nombre ctldl.windowsupdate.com agotó el tiempo de espera después de que ninguno de los servidores DNS configurados respondiera. PID de cliente 4076."
"5/8/2025 7:14:57 p. m.","Información","nhi","9007","The driver entered RTD3.
 All the connected devices will be removed from driver's internal state, so it is expected that DeviceDisconnected events will happen."
"5/8/2025 7:14:55 p. m.","Advertencia","Netwtw10","6062","6062 - Lso was triggered"
"5/8/2025 7:14:54 p. m.","Advertencia","rt640x64","1","Realtek PCIe GbE Family Controller is disconnected from network."
"5/8/2025 7:14:54 p. m.","Información","Microsoft-Windows-Kernel-General","16","El historial de accesos en el subárbol \Device\HarddiskVolume1\EFI\Microsoft\Boot\BCD se borró mediante la actualización de 81 claves y la creación de 9 páginas modificadas."
"5/8/2025 7:14:53 p. m.","Información","Microsoft-Windows-Power-Troubleshooter","1","El sistema estaba en un estado de baja energía y se reanudó.

Hora de suspensión: ‎2025‎-‎08‎-‎05T06:43:54.292032000Z
Hora de reactivación: ‎2025‎-‎08‎-‎05T23:14:51.364426400Z

Origen de la reactivación: Unknown"
"5/8/2025 7:14:51 p. m.","Error","Microsoft-Windows-NDIS","10317","Minipuerto Microsoft Wi-Fi Direct Virtual Adapter #2, {79f38f0f-3b2e-4931-b16b-3a5d8eb7dab9}, tuvo el evento Fatal error: The miniport has failed a power transition to operational power"
"5/8/2025 7:14:51 p. m.","Información","Netwtw10","7021","7021 - Connection telemetry fields and analysis usage"
"5/8/2025 7:14:51 p. m.","Información","Microsoft-Windows-Kernel-Power","566","La sesión del sistema ha cambiado de 205 a 207.

Motivo PolicyChange 

BootId: 10"
"5/8/2025 7:14:51 p. m.","Información","Microsoft-Windows-Kernel-Power","507","El sistema está saliendo del modo de espera moderno 

motivo: Lid. "
"5/8/2025 7:14:51 p. m.","Información","Netwtw10","7023","7023 - secure boot debug logging Quasar"
"5/8/2025 7:14:51 p. m.","Información","Intel-SST-OED","28","Loaded DSP FW library: \??\C:\WINDOWS\System32\DriverStore\FileRepository\intcoed_oemlibpath.inf_amd64_69401f7e35684734\tgl_maxx_audio_pro.bin, status = STATUS_SUCCESS."
"5/8/2025 7:14:51 p. m.","Advertencia","Microsoft-Windows-Time-Service","134","NtpClient no pudo establecer un sistema del mismo nivel manual para usar como origen de la hora debido a un error de resolución de DNS en 'time.windows.com,0x9'. NtpClient lo intentará de nuevo dentro de 15 minutos y doblará el intervalo de reintento en adelante. Error: Host desconocido. (0x80072AF9)"
"5/8/2025 7:14:51 p. m.","Información","Intel-SST-OED","28","Loaded DSP FW library: Libs\dsp_lib_whm_tgl_release.bin, status = STATUS_SUCCESS."
"5/8/2025 7:14:51 p. m.","Información","Intel-SST-OED","28","Loaded DSP FW library: Libs\dsp_lib_intel_wov_tgl_release.bin, status = STATUS_SUCCESS."
"5/8/2025 7:14:51 p. m.","Información","Microsoft-Windows-Kernel-Power","506","El sistema está entrando en el modo de espera moderno 

motivo: Sleep, Hibernate, or Shutdown. "
"5/8/2025 7:14:51 p. m.","Información","Microsoft-Windows-Kernel-Power","566","La sesión del sistema ha cambiado de 204 a 205.

Motivo SxTransition 

BootId: 10"
"5/8/2025 7:14:51 p. m.","Información","Netwtw10","7025","7025 - Dump after return from D3 before cmd "
"5/8/2025 7:14:51 p. m.","Información","WiManH","2",
"5/8/2025 7:14:51 p. m.","Información","Microsoft-Windows-Kernel-Boot","247","No se puede cargar el firmware de Pluton-Windows. StatusCode: STATUS_SUCCESS, Motivo: Failed to apply firmware."
"5/8/2025 7:14:51 p. m.","Información","Microsoft-Windows-Kernel-Boot","27","El tipo de arranque fue 0x2."
"5/8/2025 7:14:51 p. m.","Información","Microsoft-Windows-Kernel-Boot","25","La directiva del menú de arranque fue 0x0."
"5/8/2025 7:14:51 p. m.","Información","Microsoft-Windows-Kernel-Boot","32","Bootmgr esperó la entrada del usuario durante 0 ms."
"5/8/2025 7:14:51 p. m.","Información","Microsoft-Windows-Kernel-Boot","18","Existen 0x1 opciones de arranque en este sistema."
"5/8/2025 7:14:51 p. m.","Información","Microsoft-Windows-Kernel-Boot","30","El firmware notificó métricas de arranque."
"5/8/2025 7:14:51 p. m.","Advertencia","TPM","30","El recuento de restablecimiento y/o reanudación no coinciden con los valores esperados después de hibernar o reanudar."
"5/8/2025 7:14:50 p. m.","Advertencia","Win32k","701","Administrador de energía no solicitó la supresión de todas las entradas (INPUT_SUPPRESS_REQUEST = 0)"
"5/8/2025 7:14:50 p. m.","Advertencia","Win32k","701","Administrador de energía no solicitó la supresión de todas las entradas (INPUT_SUPPRESS_REQUEST = 0)"
"5/8/2025 7:14:50 p. m.","Información","Microsoft-Windows-Kernel-General","1","La hora del sistema ha cambiado a ‎2025‎-‎08‎-‎05T23:14:50.500000000Z de ‎2025‎-‎08‎-‎05T06:43:58.190626500Z.
Diferencia horaria: 59452309 ms

Motivo del cambio: System time synchronized with the hardware clock.
Proceso: '' (PID 4).

Hora de RTC: ‎2025‎-‎08‎-‎05T19:14:50.500000000Z
Diferencia de zona horaria actual: 240
hora RTC es UTC: false
La hora del sistema se basaba en la hora RTC: false"
"5/8/2025 2:43:58 a. m.","Información","Microsoft-Windows-Kernel-Power","107","El sistema se reanudó del estado de suspensión."
"5/8/2025 7:14:51 p. m.","Información","EventLog","6013","El tiempo límite del sistema es de 1014837 segundos."
"5/8/2025 2:43:57 a. m.","Información","Netwtw10","7021","7021 - Connection telemetry fields and analysis usage"
"5/8/2025 2:43:57 a. m.","Información","Microsoft-Windows-Kernel-Power","42","El sistema está entrando en suspensión.

Motivo de la suspensión: Hibernate from Sleep - Standby Battery Budget Exceeded"
"5/8/2025 2:43:57 a. m.","Información","Microsoft-Windows-Kernel-Power","40","El controlador \Driver\ACPI del dispositivo  detuvo la transición de energía."
"5/8/2025 2:43:57 a. m.","Información","nhi","9008","Driver exit RTD3.
 All the connected devices will now cause DeviceConnected events."
"5/8/2025 2:43:54 a. m.","Información","Microsoft-Windows-Kernel-Power","566","La sesión del sistema ha cambiado de 203 a 204.

Motivo SxTransition 

BootId: 10"
"5/8/2025 2:43:54 a. m.","Información","Microsoft-Windows-Kernel-Power","507","El sistema está saliendo del modo de espera moderno 

motivo: Sleep, Hibernate, or Shutdown. "
"5/8/2025 2:43:54 a. m.","Información","Microsoft-Windows-Kernel-Power","172","Estado de conectividad en modo de espera: Connected. Motivo: None"
"5/8/2025 2:43:54 a. m.","Información","Netwtw10","7026","7026 - Dump after return from D3 after cmd"
"5/8/2025 2:43:54 a. m.","Información","Netwtw10","7025","7025 - Dump after return from D3 before cmd "
"5/8/2025 12:59:01 a. m.","Información","nhi","9007","The driver entered RTD3.
 All the connected devices will be removed from driver's internal state, so it is expected that DeviceDisconnected events will happen."
"5/8/2025 12:58:55 a. m.","Información","Netwtw10","7026","7026 - Dump after return from D3 after cmd"
"5/8/2025 12:58:55 a. m.","Información","Netwtw10","7025","7025 - Dump after return from D3 before cmd "
"5/8/2025 12:58:55 a. m.","Información","nhi","9008","Driver exit RTD3.
 All the connected devices will now cause DeviceConnected events."
"5/8/2025 12:40:39 a. m.","Información","Microsoft-Windows-USB-USBHUB3","205","Volver a enumerar un dispositivo de bloqueo de DRIPS que se quitó anteriormente cuando se salió de la época de consumo reducido.             
             
Dispositivo USB: VID: 0x46D PID: 0xA65 REV: 0x21             
IsPortCycle: false"
"5/8/2025 12:40:39 a. m.","Advertencia","Microsoft-Windows-USB-USBHUB3","196","El dispositivo USB consume energía del sistema cuando este está inactivo.             
             
Dispositivo USB: VID: 0x46D PID: 0xA65 REV: 0x21             
Error en la acción de extracción: QueryRemovalInitiated"
"5/8/2025 12:40:04 a. m.","Información","Microsoft-Windows-Kernel-Power","172","Estado de conectividad en modo de espera: Disconnected. Motivo: Policy Setting"
"5/8/2025 12:39:57 a. m.","Información","Microsoft-Windows-Kernel-Power","566","La sesión del sistema ha cambiado de 202 a 203.

Motivo 55 

BootId: 10"
"5/8/2025 12:39:52 a. m.","Información","Microsoft-Windows-USB-USBHUB3","205","Volver a enumerar un dispositivo de bloqueo de DRIPS que se quitó anteriormente cuando se salió de la época de consumo reducido.             
             
Dispositivo USB: VID: 0x46D PID: 0xA65 REV: 0x21             
IsPortCycle: true"
"5/8/2025 12:39:52 a. m.","Información","Microsoft-Windows-Kernel-Power","506","El sistema está entrando en el modo de espera moderno 

motivo: Austerity Battery Drain Budget Exceeded. "
"5/8/2025 12:39:52 a. m.","Información","Microsoft-Windows-Kernel-Power","566","La sesión del sistema ha cambiado de 201 a 202.

Motivo 55 

BootId: 10"
"5/8/2025 12:39:52 a. m.","Información","Microsoft-Windows-Kernel-Power","507","El sistema está saliendo del modo de espera moderno 

motivo: Austerity Battery Drain Budget Exceeded. "
"5/8/2025 12:39:52 a. m.","Información","Microsoft-Windows-Kernel-Power","172","Estado de conectividad en modo de espera: Connected. Motivo: None"
"5/8/2025 12:39:52 a. m.","Información","Netwtw10","7026","7026 - Dump after return from D3 after cmd"
"5/8/2025 12:39:52 a. m.","Información","Netwtw10","7025","7025 - Dump after return from D3 before cmd "
"5/8/2025 12:34:14 a. m.","Información","Netwtw10","7026","7026 - Dump after return from D3 after cmd"
"5/8/2025 12:34:14 a. m.","Información","Netwtw10","7025","7025 - Dump after return from D3 before cmd "
"5/8/2025 12:27:01 a. m.","Información","Microsoft-Windows-USB-USBHUB3","205","Volver a enumerar un dispositivo de bloqueo de DRIPS que se quitó anteriormente cuando se salió de la época de consumo reducido.             
             
Dispositivo USB: VID: 0x46D PID: 0xA65 REV: 0x21             
IsPortCycle: false"
"5/8/2025 12:27:01 a. m.","Advertencia","Microsoft-Windows-USB-USBHUB3","196","El dispositivo USB consume energía del sistema cuando este está inactivo.             
             
Dispositivo USB: VID: 0x46D PID: 0xA65 REV: 0x21             
Error en la acción de extracción: QueryRemovalInitiated"
"5/8/2025 12:26:31 a. m.","Información","nhi","9007","The driver entered RTD3.
 All the connected devices will be removed from driver's internal state, so it is expected that DeviceDisconnected events will happen."
"5/8/2025 12:26:26 a. m.","Información","Netwtw10","7026","7026 - Dump after return from D3 after cmd"
"5/8/2025 12:26:26 a. m.","Información","Netwtw10","7025","7025 - Dump after return from D3 before cmd "
"5/8/2025 12:26:26 a. m.","Información","nhi","9008","Driver exit RTD3.
 All the connected devices will now cause DeviceConnected events."
"5/8/2025 12:26:23 a. m.","Información","Microsoft-Windows-Kernel-Power","172","Estado de conectividad en modo de espera: Disconnected. Motivo: Adaptive Connected Standby"
"5/8/2025 12:26:18 a. m.","Información","Microsoft-Windows-Kernel-Power","566","La sesión del sistema ha cambiado de 200 a 201.

Motivo InputMouse 

BootId: 10"
"5/8/2025 12:26:16 a. m.","Advertencia","rt640x64","1","Realtek PCIe GbE Family Controller is disconnected from network."
"5/8/2025 12:26:13 a. m.","Información","Microsoft-Windows-USB-USBHUB3","205","Volver a enumerar un dispositivo de bloqueo de DRIPS que se quitó anteriormente cuando se salió de la época de consumo reducido.             
             
Dispositivo USB: VID: 0x46D PID: 0xA65 REV: 0x21             
IsPortCycle: true"
"5/8/2025 12:26:13 a. m.","Información","Microsoft-Windows-Kernel-Power","506","El sistema está entrando en el modo de espera moderno 

motivo: AC/DC Display Burst Suppressed. "
"5/8/2025 12:26:13 a. m.","Información","Microsoft-Windows-Kernel-Power","566","La sesión del sistema ha cambiado de 199 a 200.

Motivo InputMouse 

BootId: 10"
"5/8/2025 12:26:13 a. m.","Información","Microsoft-Windows-Kernel-Power","507","El sistema está saliendo del modo de espera moderno 

motivo: AC/DC Display Burst Suppressed. "
"5/8/2025 12:26:13 a. m.","Información","Netwtw10","7026","7026 - Dump after return from D3 after cmd"
"5/8/2025 12:26:13 a. m.","Información","Netwtw10","7025","7025 - Dump after return from D3 before cmd "
"5/8/2025 12:26:13 a. m.","Información","Microsoft-Windows-Kernel-Power","105","Cambio de fuente de energía."
"5/8/2025 12:26:11 a. m.","Error","Service Control Manager","7011","Se agotó el tiempo de espera (30000 ms) para la respuesta de transacción del servicio WSearch."
"5/8/2025 12:24:49 a. m.","Información","Netwtw10","7026","7026 - Dump after return from D3 after cmd"
"5/8/2025 12:24:49 a. m.","Información","Netwtw10","7025","7025 - Dump after return from D3 before cmd "
"5/8/2025 12:22:49 a. m.","Información","Netwtw10","7026","7026 - Dump after return from D3 after cmd"
"5/8/2025 12:22:49 a. m.","Información","Netwtw10","7025","7025 - Dump after return from D3 before cmd "
"5/8/2025 12:20:49 a. m.","Información","Netwtw10","7026","7026 - Dump after return from D3 after cmd"
"5/8/2025 12:20:49 a. m.","Información","Netwtw10","7025","7025 - Dump after return from D3 before cmd "
"5/8/2025 12:18:49 a. m.","Información","Netwtw10","7026","7026 - Dump after return from D3 after cmd"
"5/8/2025 12:18:49 a. m.","Información","Netwtw10","7025","7025 - Dump after return from D3 before cmd "
"5/8/2025 12:16:49 a. m.","Información","Netwtw10","7026","7026 - Dump after return from D3 after cmd"
"5/8/2025 12:16:49 a. m.","Información","Netwtw10","7025","7025 - Dump after return from D3 before cmd "
"5/8/2025 12:15:43 a. m.","Error","Microsoft-Windows-DistributedCOM","10010","El servidor {283EDD52-69B2-473D-BEB6-2C0B4C01FD73} no se registró con DCOM dentro del tiempo de espera requerido."
"5/8/2025 12:14:49 a. m.","Información","Netwtw10","7026","7026 - Dump after return from D3 after cmd"
"5/8/2025 12:14:49 a. m.","Información","Netwtw10","7025","7025 - Dump after return from D3 before cmd "
"5/8/2025 12:12:49 a. m.","Información","Netwtw10","7026","7026 - Dump after return from D3 after cmd"
"5/8/2025 12:12:49 a. m.","Información","Netwtw10","7025","7025 - Dump after return from D3 before cmd "
"5/8/2025 12:10:52 a. m.","Advertencia","rt640x64","1","Realtek PCIe GbE Family Controller is disconnected from network."
"5/8/2025 12:10:49 a. m.","Información","Netwtw10","7026","7026 - Dump after return from D3 after cmd"
"5/8/2025 12:10:49 a. m.","Información","Netwtw10","7025","7025 - Dump after return from D3 before cmd "
"5/8/2025 12:08:49 a. m.","Información","Netwtw10","7026","7026 - Dump after return from D3 after cmd"
"5/8/2025 12:08:49 a. m.","Información","Netwtw10","7025","7025 - Dump after return from D3 before cmd "
"5/8/2025 12:06:49 a. m.","Información","Netwtw10","7026","7026 - Dump after return from D3 after cmd"
"5/8/2025 12:06:49 a. m.","Información","Netwtw10","7025","7025 - Dump after return from D3 before cmd "
"5/8/2025 12:04:49 a. m.","Información","Netwtw10","7026","7026 - Dump after return from D3 after cmd"
"5/8/2025 12:04:49 a. m.","Información","Netwtw10","7025","7025 - Dump after return from D3 before cmd "
"5/8/2025 12:02:49 a. m.","Información","Netwtw10","7026","7026 - Dump after return from D3 after cmd"
"5/8/2025 12:02:49 a. m.","Información","Netwtw10","7025","7025 - Dump after return from D3 before cmd "
"5/8/2025 12:00:49 a. m.","Información","Netwtw10","7026","7026 - Dump after return from D3 after cmd"
"5/8/2025 12:00:49 a. m.","Información","Netwtw10","7025","7025 - Dump after return from D3 before cmd "
"4/8/2025 11:58:49 p. m.","Información","Netwtw10","7026","7026 - Dump after return from D3 after cmd"
"4/8/2025 11:58:49 p. m.","Información","Netwtw10","7025","7025 - Dump after return from D3 before cmd "
"4/8/2025 11:56:49 p. m.","Información","Netwtw10","7026","7026 - Dump after return from D3 after cmd"
"4/8/2025 11:56:49 p. m.","Información","Netwtw10","7025","7025 - Dump after return from D3 before cmd "
"4/8/2025 11:54:49 p. m.","Información","Netwtw10","7026","7026 - Dump after return from D3 after cmd"
"4/8/2025 11:54:49 p. m.","Información","Netwtw10","7025","7025 - Dump after return from D3 before cmd "
"4/8/2025 11:52:48 p. m.","Información","Netwtw10","7026","7026 - Dump after return from D3 after cmd"
"4/8/2025 11:52:48 p. m.","Información","Netwtw10","7025","7025 - Dump after return from D3 before cmd "
"4/8/2025 11:50:49 p. m.","Información","Netwtw10","7026","7026 - Dump after return from D3 after cmd"
"4/8/2025 11:50:49 p. m.","Información","Netwtw10","7025","7025 - Dump after return from D3 before cmd "
"4/8/2025 11:48:49 p. m.","Información","Netwtw10","7026","7026 - Dump after return from D3 after cmd"
"4/8/2025 11:48:49 p. m.","Información","Netwtw10","7025","7025 - Dump after return from D3 before cmd "
"4/8/2025 11:46:48 p. m.","Información","Netwtw10","7026","7026 - Dump after return from D3 after cmd"
"4/8/2025 11:46:48 p. m.","Información","Netwtw10","7025","7025 - Dump after return from D3 before cmd "
"4/8/2025 11:44:48 p. m.","Información","Netwtw10","7026","7026 - Dump after return from D3 after cmd"
"4/8/2025 11:44:48 p. m.","Información","Netwtw10","7025","7025 - Dump after return from D3 before cmd "
"4/8/2025 11:42:48 p. m.","Información","Netwtw10","7026","7026 - Dump after return from D3 after cmd"
"4/8/2025 11:42:48 p. m.","Información","Netwtw10","7025","7025 - Dump after return from D3 before cmd "
"4/8/2025 11:40:48 p. m.","Información","Netwtw10","7026","7026 - Dump after return from D3 after cmd"
"4/8/2025 11:40:48 p. m.","Información","Netwtw10","7025","7025 - Dump after return from D3 before cmd "
"4/8/2025 11:38:48 p. m.","Información","Netwtw10","7026","7026 - Dump after return from D3 after cmd"
"4/8/2025 11:38:48 p. m.","Información","Netwtw10","7025","7025 - Dump after return from D3 before cmd "
"4/8/2025 11:36:52 p. m.","Advertencia","rt640x64","1","Realtek PCIe GbE Family Controller is disconnected from network."
"4/8/2025 11:36:48 p. m.","Información","Netwtw10","7026","7026 - Dump after return from D3 after cmd"
"4/8/2025 11:36:48 p. m.","Información","Netwtw10","7025","7025 - Dump after return from D3 before cmd "
"4/8/2025 11:34:48 p. m.","Información","Netwtw10","7026","7026 - Dump after return from D3 after cmd"
"4/8/2025 11:34:48 p. m.","Información","Netwtw10","7025","7025 - Dump after return from D3 before cmd "
"4/8/2025 11:32:48 p. m.","Información","Netwtw10","7026","7026 - Dump after return from D3 after cmd"
"4/8/2025 11:32:48 p. m.","Información","Netwtw10","7025","7025 - Dump after return from D3 before cmd "
"4/8/2025 11:30:48 p. m.","Información","Netwtw10","7026","7026 - Dump after return from D3 after cmd"
"4/8/2025 11:30:48 p. m.","Información","Netwtw10","7025","7025 - Dump after return from D3 before cmd "
"4/8/2025 11:28:48 p. m.","Información","Netwtw10","7026","7026 - Dump after return from D3 after cmd"
"4/8/2025 11:28:48 p. m.","Información","Netwtw10","7025","7025 - Dump after return from D3 before cmd "
"4/8/2025 11:26:48 p. m.","Información","Netwtw10","7026","7026 - Dump after return from D3 after cmd"
"4/8/2025 11:26:48 p. m.","Información","Netwtw10","7025","7025 - Dump after return from D3 before cmd "
"4/8/2025 11:24:48 p. m.","Información","Netwtw10","7026","7026 - Dump after return from D3 after cmd"
"4/8/2025 11:24:48 p. m.","Información","Netwtw10","7025","7025 - Dump after return from D3 before cmd "
"4/8/2025 11:22:54 p. m.","Información","nhi","9007","The driver entered RTD3.
 All the connected devices will be removed from driver's internal state, so it is expected that DeviceDisconnected events will happen."
"4/8/2025 11:22:48 p. m.","Información","Netwtw10","7026","7026 - Dump after return from D3 after cmd"
"4/8/2025 11:22:48 p. m.","Información","Netwtw10","7025","7025 - Dump after return from D3 before cmd "
"4/8/2025 11:21:54 p. m.","Información","Netwtw10","7026","7026 - Dump after return from D3 after cmd"
"4/8/2025 11:21:54 p. m.","Información","Netwtw10","7025","7025 - Dump after return from D3 before cmd "
"4/8/2025 11:21:54 p. m.","Información","nhi","9008","Driver exit RTD3.
 All the connected devices will now cause DeviceConnected events."
"4/8/2025 11:20:48 p. m.","Información","Netwtw10","7026","7026 - Dump after return from D3 after cmd"
"4/8/2025 11:20:48 p. m.","Información","Netwtw10","7025","7025 - Dump after return from D3 before cmd "
"4/8/2025 11:18:48 p. m.","Información","Netwtw10","7026","7026 - Dump after return from D3 after cmd"
"4/8/2025 11:18:48 p. m.","Información","Netwtw10","7025","7025 - Dump after return from D3 before cmd "
"4/8/2025 11:16:48 p. m.","Información","Netwtw10","7026","7026 - Dump after return from D3 after cmd"
"4/8/2025 11:16:48 p. m.","Información","Netwtw10","7025","7025 - Dump after return from D3 before cmd "
"4/8/2025 11:14:48 p. m.","Información","Netwtw10","7026","7026 - Dump after return from D3 after cmd"
"4/8/2025 11:14:48 p. m.","Información","Netwtw10","7025","7025 - Dump after return from D3 before cmd "
"4/8/2025 11:12:48 p. m.","Información","Netwtw10","7026","7026 - Dump after return from D3 after cmd"
"4/8/2025 11:12:48 p. m.","Información","Netwtw10","7025","7025 - Dump after return from D3 before cmd "
"4/8/2025 11:10:48 p. m.","Información","Netwtw10","7026","7026 - Dump after return from D3 after cmd"
"4/8/2025 11:10:48 p. m.","Información","Netwtw10","7025","7025 - Dump after return from D3 before cmd "
"4/8/2025 11:09:43 p. m.","Información","nhi","9007","The driver entered RTD3.
 All the connected devices will be removed from driver's internal state, so it is expected that DeviceDisconnected events will happen."
"4/8/2025 11:09:38 p. m.","Información","nhi","9008","Driver exit RTD3.
 All the connected devices will now cause DeviceConnected events."
"4/8/2025 11:09:38 p. m.","Información","Netwtw10","7026","7026 - Dump after return from D3 after cmd"
"4/8/2025 11:09:38 p. m.","Información","Netwtw10","7025","7025 - Dump after return from D3 before cmd "
"4/8/2025 11:08:48 p. m.","Información","Netwtw10","7026","7026 - Dump after return from D3 after cmd"
"4/8/2025 11:08:48 p. m.","Información","Netwtw10","7025","7025 - Dump after return from D3 before cmd "
"4/8/2025 11:06:48 p. m.","Información","Netwtw10","7026","7026 - Dump after return from D3 after cmd"
"4/8/2025 11:06:48 p. m.","Información","Netwtw10","7025","7025 - Dump after return from D3 before cmd "
"4/8/2025 11:04:48 p. m.","Información","Netwtw10","7026","7026 - Dump after return from D3 after cmd"
"4/8/2025 11:04:48 p. m.","Información","Netwtw10","7025","7025 - Dump after return from D3 before cmd "
"4/8/2025 11:02:48 p. m.","Información","Netwtw10","7026","7026 - Dump after return from D3 after cmd"
"4/8/2025 11:02:48 p. m.","Información","Netwtw10","7025","7025 - Dump after return from D3 before cmd "
"4/8/2025 11:00:48 p. m.","Información","Netwtw10","7026","7026 - Dump after return from D3 after cmd"
"4/8/2025 11:00:48 p. m.","Información","Netwtw10","7025","7025 - Dump after return from D3 before cmd "
"4/8/2025 10:58:48 p. m.","Información","Netwtw10","7026","7026 - Dump after return from D3 after cmd"
"4/8/2025 10:58:48 p. m.","Información","Netwtw10","7025","7025 - Dump after return from D3 before cmd "
"4/8/2025 10:56:48 p. m.","Información","Netwtw10","7026","7026 - Dump after return from D3 after cmd"
"4/8/2025 10:56:48 p. m.","Información","Netwtw10","7025","7025 - Dump after return from D3 before cmd "
"4/8/2025 10:54:48 p. m.","Información","Netwtw10","7026","7026 - Dump after return from D3 after cmd"
"4/8/2025 10:54:48 p. m.","Información","Netwtw10","7025","7025 - Dump after return from D3 before cmd "
"4/8/2025 10:52:48 p. m.","Información","Netwtw10","7026","7026 - Dump after return from D3 after cmd"
"4/8/2025 10:52:48 p. m.","Información","Netwtw10","7025","7025 - Dump after return from D3 before cmd "
"4/8/2025 10:51:53 p. m.","Información","Microsoft-Windows-USB-USBHUB3","205","Volver a enumerar un dispositivo de bloqueo de DRIPS que se quitó anteriormente cuando se salió de la época de consumo reducido.             
             
Dispositivo USB: VID: 0x46D PID: 0xA65 REV: 0x21             
IsPortCycle: false"
"4/8/2025 10:51:53 p. m.","Advertencia","Microsoft-Windows-USB-USBHUB3","196","El dispositivo USB consume energía del sistema cuando este está inactivo.             
             
Dispositivo USB: VID: 0x46D PID: 0xA65 REV: 0x21             
Error en la acción de extracción: QueryRemovalInitiated"
"4/8/2025 10:51:12 p. m.","Información","Microsoft-Windows-Kernel-General","1","La hora del sistema ha cambiado a ‎2025‎-‎08‎-‎05T02:51:12.017226600Z de ‎2025‎-‎08‎-‎05T02:51:12.016330500Z.
Diferencia horaria: 0 ms

Motivo del cambio: An application or system component changed the time.
Proceso: '\Device\HarddiskVolume3\Windows\System32\svchost.exe' (PID 1708).

Hora de RTC: ‎2025‎-‎08‎-‎04T22:51:12.017226600Z
Diferencia de zona horaria actual: 240
hora RTC es UTC: false
La hora del sistema se basaba en la hora RTC: false"
"4/8/2025 10:51:12 p. m.","Error","Microsoft-Windows-HAL","21","No se estableció el reloj en tiempo real de hardware debido a un error en la evaluación del método de dispositivo de alarma y hora ACPI.  Estado: 0xC00000BB."
"4/8/2025 10:51:12 p. m.","Error","Microsoft-Windows-HAL","20","No se consultó el reloj en tiempo real de hardware debido a un error en la evaluación del método de dispositivo de alarma y hora ACPI.  Estado: 0xC00000BB."
"4/8/2025 10:51:12 p. m.","Información","Microsoft-Windows-Kernel-General","24","La información de zona horaria se actualizó con el motivo de salida 0. La diferencia de zona horaria actual es 240."
"4/8/2025 10:51:12 p. m.","Información","Microsoft-Windows-Kernel-Power","566","La sesión del sistema ha cambiado de 198 a 199.

Motivo PolicyChange 

BootId: 10"
"4/8/2025 10:51:11 p. m.","Advertencia","Win32k","700","Administrador de energía solicitó la supresión de todas las entradas (INPUT_SUPPRESS_REQUEST = 1)"
"4/8/2025 10:51:11 p. m.","Advertencia","Win32k","700","Administrador de energía solicitó la supresión de todas las entradas (INPUT_SUPPRESS_REQUEST = 1)"
"4/8/2025 10:51:11 p. m.","Información","Microsoft-Windows-Kernel-Power","506","El sistema está entrando en el modo de espera moderno 

motivo: Lid. "
"4/8/2025 10:51:11 p. m.","Información","Microsoft-Windows-Kernel-Power","566","La sesión del sistema ha cambiado de 197 a 198.

Motivo PolicyChange 

BootId: 10"
"4/8/2025 10:39:12 p. m.","Información","Microsoft-Windows-Kernel-Power","105","Cambio de fuente de energía."
"4/8/2025 10:31:51 p. m.","Información","Microsoft-Windows-Time-Service","37","El proveedor de hora NtpClient está recibiendo datos de hora  válidos desde time.windows.com,0x9 (ntp.m|0x9|0.0.0.0:123->40.119.6.228:123)."
"4/8/2025 10:21:38 p. m.","Información","nhi","9007","The driver entered RTD3.
 All the connected devices will be removed from driver's internal state, so it is expected that DeviceDisconnected events will happen."
"4/8/2025 10:21:33 p. m.","Información","nhi","9008","Driver exit RTD3.
 All the connected devices will now cause DeviceConnected events."
"4/8/2025 10:04:34 p. m.","Información","nhi","9007","The driver entered RTD3.
 All the connected devices will be removed from driver's internal state, so it is expected that DeviceDisconnected events will happen."
"4/8/2025 10:04:29 p. m.","Información","nhi","9008","Driver exit RTD3.
 All the connected devices will now cause DeviceConnected events."
"4/8/2025 10:02:43 p. m.","Información","nhi","9007","The driver entered RTD3.
 All the connected devices will be removed from driver's internal state, so it is expected that DeviceDisconnected events will happen."
"4/8/2025 10:02:38 p. m.","Información","nhi","9008","Driver exit RTD3.
 All the connected devices will now cause DeviceConnected events."
"4/8/2025 8:57:42 p. m.","Información","TPM","17","El hardware del Módulo de plataforma segura (TPM) no pudo ejecutar un comando de TPM."
"4/8/2025 8:57:42 p. m.","Información","TPM","17","El hardware del Módulo de plataforma segura (TPM) no pudo ejecutar un comando de TPM."
"4/8/2025 8:57:41 p. m.","Información","TPM","17","El hardware del Módulo de plataforma segura (TPM) no pudo ejecutar un comando de TPM."
"4/8/2025 8:57:40 p. m.","Información","Microsoft-Windows-IsolatedUserMode","5","Secure Trustlet NULL Id 0 and Pid 0 started with status STATUS_SUCCESS."
"4/8/2025 8:57:39 p. m.","Información","Microsoft-Windows-IsolatedUserMode","2","Secure Trustlet Id 0 and Pid 0 stopped with status STATUS_SUCCESS."
"4/8/2025 8:06:35 p. m.","Información","Microsoft-Windows-Kernel-Power","105","Cambio de fuente de energía."
"4/8/2025 8:03:06 p. m.","Información","nhi","9007","The driver entered RTD3.
 All the connected devices will be removed from driver's internal state, so it is expected that DeviceDisconnected events will happen."
"4/8/2025 8:03:01 p. m.","Información","nhi","9008","Driver exit RTD3.
 All the connected devices will now cause DeviceConnected events."
"4/8/2025 8:01:10 p. m.","Advertencia","Tcpip","4227","Error de TCP/IP al establecer una conexión saliente porque el extremo local seleccionado se usó recientemente en la conexión al mismo extremo remoto. Este error suele ocurrir cuando las conexiones salientes se abren y cierran con mucha frecuencia, lo que provoca el uso de todos los puertos locales disponibles y fuerza que TCP/IP reutilice un puerto local para una conexión saliente. Para minimizar el riesgo de que se dañen los datos, el estándar TCP/IP requiere el transcurso de un período de tiempo mínimo  entre conexiones sucesivas de un extremo local determinado a un extremo remoto determinado."
"4/8/2025 7:57:41 p. m.","Advertencia","rt640x64","1","Realtek PCIe GbE Family Controller is disconnected from network."
"4/8/2025 7:57:38 p. m.","Información","Microsoft-Windows-Kernel-Power","566","La sesión del sistema ha cambiado de 196 a 197.

Motivo PolicyChange 

BootId: 10"
"4/8/2025 7:57:38 p. m.","Información","Microsoft-Windows-Kernel-Power","507","El sistema está saliendo del modo de espera moderno 

motivo: Lid. "
"4/8/2025 7:57:38 p. m.","Información","Netwtw10","7026","7026 - Dump after return from D3 after cmd"
"4/8/2025 7:57:38 p. m.","Información","Netwtw10","7025","7025 - Dump after return from D3 before cmd "
"4/8/2025 7:57:38 p. m.","Advertencia","Win32k","701","Administrador de energía no solicitó la supresión de todas las entradas (INPUT_SUPPRESS_REQUEST = 0)"
"4/8/2025 7:57:38 p. m.","Advertencia","Win32k","701","Administrador de energía no solicitó la supresión de todas las entradas (INPUT_SUPPRESS_REQUEST = 0)"
"4/8/2025 7:56:48 p. m.","Información","Netwtw10","7026","7026 - Dump after return from D3 after cmd"
"4/8/2025 7:56:48 p. m.","Información","Netwtw10","7025","7025 - Dump after return from D3 before cmd "
"4/8/2025 7:54:48 p. m.","Información","Netwtw10","7026","7026 - Dump after return from D3 after cmd"
"4/8/2025 7:54:48 p. m.","Información","Netwtw10","7025","7025 - Dump after return from D3 before cmd "
"4/8/2025 7:52:48 p. m.","Información","Netwtw10","7026","7026 - Dump after return from D3 after cmd"
"4/8/2025 7:52:48 p. m.","Información","Netwtw10","7025","7025 - Dump after return from D3 before cmd "
"4/8/2025 7:50:48 p. m.","Información","Netwtw10","7026","7026 - Dump after return from D3 after cmd"
"4/8/2025 7:50:48 p. m.","Información","Netwtw10","7025","7025 - Dump after return from D3 before cmd "
"4/8/2025 7:48:48 p. m.","Información","Netwtw10","7026","7026 - Dump after return from D3 after cmd"
"4/8/2025 7:48:48 p. m.","Información","Netwtw10","7025","7025 - Dump after return from D3 before cmd "
"4/8/2025 7:46:48 p. m.","Información","Netwtw10","7026","7026 - Dump after return from D3 after cmd"
"4/8/2025 7:46:48 p. m.","Información","Netwtw10","7025","7025 - Dump after return from D3 before cmd "
"4/8/2025 7:44:48 p. m.","Información","Netwtw10","7026","7026 - Dump after return from D3 after cmd"
"4/8/2025 7:44:48 p. m.","Información","Netwtw10","7025","7025 - Dump after return from D3 before cmd "
"4/8/2025 7:42:48 p. m.","Información","Netwtw10","7026","7026 - Dump after return from D3 after cmd"
"4/8/2025 7:42:48 p. m.","Información","Netwtw10","7025","7025 - Dump after return from D3 before cmd "
"4/8/2025 7:40:48 p. m.","Información","Netwtw10","7026","7026 - Dump after return from D3 after cmd"
"4/8/2025 7:40:48 p. m.","Información","Netwtw10","7025","7025 - Dump after return from D3 before cmd "
"4/8/2025 7:38:48 p. m.","Información","Netwtw10","7026","7026 - Dump after return from D3 after cmd"
"4/8/2025 7:38:48 p. m.","Información","Netwtw10","7025","7025 - Dump after return from D3 before cmd "
"4/8/2025 7:36:48 p. m.","Información","Netwtw10","7026","7026 - Dump after return from D3 after cmd"
"4/8/2025 7:36:48 p. m.","Información","Netwtw10","7025","7025 - Dump after return from D3 before cmd "
"4/8/2025 7:34:48 p. m.","Información","Netwtw10","7026","7026 - Dump after return from D3 after cmd"
"4/8/2025 7:34:48 p. m.","Información","Netwtw10","7025","7025 - Dump after return from D3 before cmd "
"4/8/2025 7:32:48 p. m.","Información","Netwtw10","7026","7026 - Dump after return from D3 after cmd"
"4/8/2025 7:32:48 p. m.","Información","Netwtw10","7025","7025 - Dump after return from D3 before cmd "
"4/8/2025 7:30:48 p. m.","Información","Netwtw10","7026","7026 - Dump after return from D3 after cmd"
"4/8/2025 7:30:48 p. m.","Información","Netwtw10","7025","7025 - Dump after return from D3 before cmd "
"4/8/2025 7:28:48 p. m.","Información","Netwtw10","7026","7026 - Dump after return from D3 after cmd"
"4/8/2025 7:28:48 p. m.","Información","Netwtw10","7025","7025 - Dump after return from D3 before cmd "
"4/8/2025 7:26:48 p. m.","Información","Netwtw10","7026","7026 - Dump after return from D3 after cmd"
"4/8/2025 7:26:48 p. m.","Información","Netwtw10","7025","7025 - Dump after return from D3 before cmd "
"4/8/2025 7:24:48 p. m.","Información","Netwtw10","7026","7026 - Dump after return from D3 after cmd"
"4/8/2025 7:24:48 p. m.","Información","Netwtw10","7025","7025 - Dump after return from D3 before cmd "
"4/8/2025 7:22:48 p. m.","Información","Netwtw10","7026","7026 - Dump after return from D3 after cmd"
"4/8/2025 7:22:48 p. m.","Información","Netwtw10","7025","7025 - Dump after return from D3 before cmd "
"4/8/2025 7:20:48 p. m.","Información","Netwtw10","7026","7026 - Dump after return from D3 after cmd"
"4/8/2025 7:20:48 p. m.","Información","Netwtw10","7025","7025 - Dump after return from D3 before cmd "
"4/8/2025 7:18:48 p. m.","Información","Netwtw10","7026","7026 - Dump after return from D3 after cmd"
"4/8/2025 7:18:48 p. m.","Información","Netwtw10","7025","7025 - Dump after return from D3 before cmd "
"4/8/2025 7:16:48 p. m.","Información","Netwtw10","7026","7026 - Dump after return from D3 after cmd"
"4/8/2025 7:16:48 p. m.","Información","Netwtw10","7025","7025 - Dump after return from D3 before cmd "
"4/8/2025 7:14:48 p. m.","Información","Netwtw10","7026","7026 - Dump after return from D3 after cmd"
"4/8/2025 7:14:48 p. m.","Información","Netwtw10","7025","7025 - Dump after return from D3 before cmd "
"4/8/2025 7:12:48 p. m.","Información","Netwtw10","7026","7026 - Dump after return from D3 after cmd"
"4/8/2025 7:12:48 p. m.","Información","Netwtw10","7025","7025 - Dump after return from D3 before cmd "
"4/8/2025 7:10:48 p. m.","Información","Netwtw10","7026","7026 - Dump after return from D3 after cmd"
"4/8/2025 7:10:48 p. m.","Información","Netwtw10","7025","7025 - Dump after return from D3 before cmd "
"4/8/2025 7:08:48 p. m.","Información","Netwtw10","7026","7026 - Dump after return from D3 after cmd"
"4/8/2025 7:08:48 p. m.","Información","Netwtw10","7025","7025 - Dump after return from D3 before cmd "
"4/8/2025 7:06:51 p. m.","Advertencia","rt640x64","1","Realtek PCIe GbE Family Controller is disconnected from network."
"4/8/2025 7:06:48 p. m.","Información","Netwtw10","7026","7026 - Dump after return from D3 after cmd"
"4/8/2025 7:06:48 p. m.","Información","Netwtw10","7025","7025 - Dump after return from D3 before cmd "
"4/8/2025 7:04:48 p. m.","Información","Netwtw10","7026","7026 - Dump after return from D3 after cmd"
"4/8/2025 7:04:48 p. m.","Información","Netwtw10","7025","7025 - Dump after return from D3 before cmd "
"4/8/2025 7:02:48 p. m.","Información","Netwtw10","7026","7026 - Dump after return from D3 after cmd"
"4/8/2025 7:02:48 p. m.","Información","Netwtw10","7025","7025 - Dump after return from D3 before cmd "
"4/8/2025 7:00:48 p. m.","Información","Netwtw10","7026","7026 - Dump after return from D3 after cmd"
"4/8/2025 7:00:48 p. m.","Información","Netwtw10","7025","7025 - Dump after return from D3 before cmd "
"4/8/2025 6:58:48 p. m.","Información","Netwtw10","7026","7026 - Dump after return from D3 after cmd"
"4/8/2025 6:58:48 p. m.","Información","Netwtw10","7025","7025 - Dump after return from D3 before cmd "
"4/8/2025 6:56:48 p. m.","Información","Netwtw10","7026","7026 - Dump after return from D3 after cmd"
"4/8/2025 6:56:48 p. m.","Información","Netwtw10","7025","7025 - Dump after return from D3 before cmd "
"4/8/2025 6:54:48 p. m.","Información","Netwtw10","7026","7026 - Dump after return from D3 after cmd"
"4/8/2025 6:54:48 p. m.","Información","Netwtw10","7025","7025 - Dump after return from D3 before cmd "
"4/8/2025 6:52:26 p. m.","Advertencia","rt640x64","1","Realtek PCIe GbE Family Controller is disconnected from network."
"4/8/2025 6:52:23 p. m.","Información","Netwtw10","7026","7026 - Dump after return from D3 after cmd"
"4/8/2025 6:52:23 p. m.","Información","Netwtw10","7025","7025 - Dump after return from D3 before cmd "
"4/8/2025 6:50:48 p. m.","Información","Netwtw10","7026","7026 - Dump after return from D3 after cmd"
"4/8/2025 6:50:48 p. m.","Información","Netwtw10","7025","7025 - Dump after return from D3 before cmd "
"4/8/2025 6:48:48 p. m.","Información","Netwtw10","7026","7026 - Dump after return from D3 after cmd"
"4/8/2025 6:48:48 p. m.","Información","Netwtw10","7025","7025 - Dump after return from D3 before cmd "
"4/8/2025 6:46:48 p. m.","Información","Netwtw10","7026","7026 - Dump after return from D3 after cmd"
"4/8/2025 6:46:48 p. m.","Información","Netwtw10","7025","7025 - Dump after return from D3 before cmd "
"4/8/2025 6:44:48 p. m.","Información","Netwtw10","7026","7026 - Dump after return from D3 after cmd"
"4/8/2025 6:44:48 p. m.","Información","Netwtw10","7025","7025 - Dump after return from D3 before cmd "
"4/8/2025 6:42:48 p. m.","Información","Netwtw10","7026","7026 - Dump after return from D3 after cmd"
"4/8/2025 6:42:48 p. m.","Información","Netwtw10","7025","7025 - Dump after return from D3 before cmd "
"4/8/2025 6:40:48 p. m.","Información","Netwtw10","7026","7026 - Dump after return from D3 after cmd"
"4/8/2025 6:40:48 p. m.","Información","Netwtw10","7025","7025 - Dump after return from D3 before cmd "
"4/8/2025 6:38:48 p. m.","Información","Netwtw10","7026","7026 - Dump after return from D3 after cmd"
"4/8/2025 6:38:48 p. m.","Información","Netwtw10","7025","7025 - Dump after return from D3 before cmd "
"4/8/2025 6:36:48 p. m.","Información","Netwtw10","7026","7026 - Dump after return from D3 after cmd"
"4/8/2025 6:36:48 p. m.","Información","Netwtw10","7025","7025 - Dump after return from D3 before cmd "
"4/8/2025 6:34:48 p. m.","Información","Netwtw10","7026","7026 - Dump after return from D3 after cmd"
"4/8/2025 6:34:48 p. m.","Información","Netwtw10","7025","7025 - Dump after return from D3 before cmd "
"4/8/2025 6:32:48 p. m.","Información","Netwtw10","7026","7026 - Dump after return from D3 after cmd"
"4/8/2025 6:32:48 p. m.","Información","Netwtw10","7025","7025 - Dump after return from D3 before cmd "
"4/8/2025 6:30:48 p. m.","Información","Netwtw10","7026","7026 - Dump after return from D3 after cmd"
"4/8/2025 6:30:48 p. m.","Información","Netwtw10","7025","7025 - Dump after return from D3 before cmd "
"4/8/2025 6:28:48 p. m.","Información","Netwtw10","7026","7026 - Dump after return from D3 after cmd"
"4/8/2025 6:28:48 p. m.","Información","Netwtw10","7025","7025 - Dump after return from D3 before cmd "
"4/8/2025 6:26:48 p. m.","Información","Netwtw10","7026","7026 - Dump after return from D3 after cmd"
"4/8/2025 6:26:48 p. m.","Información","Netwtw10","7025","7025 - Dump after return from D3 before cmd "
"4/8/2025 6:24:48 p. m.","Información","Netwtw10","7026","7026 - Dump after return from D3 after cmd"
"4/8/2025 6:24:48 p. m.","Información","Netwtw10","7025","7025 - Dump after return from D3 before cmd "
"4/8/2025 6:22:48 p. m.","Información","Netwtw10","7026","7026 - Dump after return from D3 after cmd"
"4/8/2025 6:22:48 p. m.","Información","Netwtw10","7025","7025 - Dump after return from D3 before cmd "
"4/8/2025 6:20:48 p. m.","Información","Netwtw10","7026","7026 - Dump after return from D3 after cmd"
"4/8/2025 6:20:48 p. m.","Información","Netwtw10","7025","7025 - Dump after return from D3 before cmd "
"4/8/2025 6:18:48 p. m.","Información","Netwtw10","7026","7026 - Dump after return from D3 after cmd"
"4/8/2025 6:18:48 p. m.","Información","Netwtw10","7025","7025 - Dump after return from D3 before cmd "
"4/8/2025 6:16:48 p. m.","Información","Netwtw10","7026","7026 - Dump after return from D3 after cmd"
"4/8/2025 6:16:48 p. m.","Información","Netwtw10","7025","7025 - Dump after return from D3 before cmd "
"4/8/2025 6:16:07 p. m.","Error","Service Control Manager","7011","Se agotó el tiempo de espera (30000 ms) para la respuesta de transacción del servicio WSearch."
"4/8/2025 6:14:48 p. m.","Información","Netwtw10","7026","7026 - Dump after return from D3 after cmd"
"4/8/2025 6:14:47 p. m.","Información","Netwtw10","7025","7025 - Dump after return from D3 before cmd "
"4/8/2025 6:12:48 p. m.","Información","Netwtw10","7026","7026 - Dump after return from D3 after cmd"
"4/8/2025 6:12:48 p. m.","Información","Netwtw10","7025","7025 - Dump after return from D3 before cmd "
"4/8/2025 6:10:48 p. m.","Información","Netwtw10","7026","7026 - Dump after return from D3 after cmd"
"4/8/2025 6:10:48 p. m.","Información","Netwtw10","7025","7025 - Dump after return from D3 before cmd "
"4/8/2025 6:08:48 p. m.","Información","Netwtw10","7026","7026 - Dump after return from D3 after cmd"
"4/8/2025 6:08:48 p. m.","Información","Netwtw10","7025","7025 - Dump after return from D3 before cmd "
"4/8/2025 6:06:47 p. m.","Información","Netwtw10","7026","7026 - Dump after return from D3 after cmd"
"4/8/2025 6:06:47 p. m.","Información","Netwtw10","7025","7025 - Dump after return from D3 before cmd "
"4/8/2025 6:04:47 p. m.","Información","Netwtw10","7026","7026 - Dump after return from D3 after cmd"
"4/8/2025 6:04:47 p. m.","Información","Netwtw10","7025","7025 - Dump after return from D3 before cmd "
"4/8/2025 6:02:47 p. m.","Información","Netwtw10","7026","7026 - Dump after return from D3 after cmd"
"4/8/2025 6:02:47 p. m.","Información","Netwtw10","7025","7025 - Dump after return from D3 before cmd "
"4/8/2025 6:00:47 p. m.","Información","Netwtw10","7026","7026 - Dump after return from D3 after cmd"
"4/8/2025 6:00:47 p. m.","Información","Netwtw10","7025","7025 - Dump after return from D3 before cmd "
"4/8/2025 5:58:47 p. m.","Información","Netwtw10","7026","7026 - Dump after return from D3 after cmd"
"4/8/2025 5:58:47 p. m.","Información","Netwtw10","7025","7025 - Dump after return from D3 before cmd "
"4/8/2025 5:56:47 p. m.","Información","Netwtw10","7026","7026 - Dump after return from D3 after cmd"
"4/8/2025 5:56:47 p. m.","Información","Netwtw10","7025","7025 - Dump after return from D3 before cmd "
"4/8/2025 5:56:18 p. m.","Información","Microsoft-Windows-Kernel-Power","566","La sesión del sistema ha cambiado de 195 a 196.

Motivo PolicyChange 

BootId: 10"
"4/8/2025 5:56:18 p. m.","Advertencia","Win32k","700","Administrador de energía solicitó la supresión de todas las entradas (INPUT_SUPPRESS_REQUEST = 1)"
"4/8/2025 5:56:18 p. m.","Advertencia","Win32k","700","Administrador de energía solicitó la supresión de todas las entradas (INPUT_SUPPRESS_REQUEST = 1)"
"4/8/2025 5:56:18 p. m.","Información","Microsoft-Windows-Kernel-Power","506","El sistema está entrando en el modo de espera moderno 

motivo: Lid. "
"4/8/2025 5:56:18 p. m.","Información","Microsoft-Windows-Kernel-Power","566","La sesión del sistema ha cambiado de 194 a 195.

Motivo PolicyChange 

BootId: 10"
"4/8/2025 5:51:45 p. m.","Advertencia","Netwtw10","6062","6062 - Lso was triggered"
"4/8/2025 5:51:45 p. m.","Información","Netwtw10","7021","7021 - Connection telemetry fields and analysis usage"
"4/8/2025 5:51:43 p. m.","Advertencia","Microsoft-Windows-DNS-Client","1014","La resolución de nombres para el nombre assets.msn.com agotó el tiempo de espera después de que ninguno de los servidores DNS configurados respondiera. PID de cliente 7068."
"4/8/2025 4:20:53 p. m.","Información","Microsoft-Windows-WindowsUpdateClient","19","Instalación correcta: Windows instaló correctamente la siguiente actualización: 9NBLGGH10PG8-MICROSOFT.PEOPLE"
"4/8/2025 4:20:22 p. m.","Información","Microsoft-Windows-WindowsUpdateClient","19","Instalación correcta: Windows instaló correctamente la siguiente actualización: 9WZDNCRD1HKW-Microsoft.XboxIdentityProvider"
"4/8/2025 4:20:12 p. m.","Información","Microsoft-Windows-WindowsUpdateClient","19","Instalación correcta: Windows instaló correctamente la siguiente actualización: 9NBLGGH537C2-Microsoft.XboxGameOverlay"
"4/8/2025 4:19:56 p. m.","Información","Microsoft-Windows-WindowsUpdateClient","44","Windows Update comenzó a descargar una actualización."
"4/8/2025 4:19:56 p. m.","Información","Microsoft-Windows-WindowsUpdateClient","44","Windows Update comenzó a descargar una actualización."
"4/8/2025 4:19:56 p. m.","Información","Microsoft-Windows-WindowsUpdateClient","44","Windows Update comenzó a descargar una actualización."
"4/8/2025 4:17:45 p. m.","Información","Microsoft-Windows-Kernel-Power","105","Cambio de fuente de energía."
"4/8/2025 2:25:43 p. m.","Información","Microsoft-Windows-IsolatedUserMode","5","Secure Trustlet NULL Id 0 and Pid 0 started with status STATUS_SUCCESS."
"4/8/2025 2:25:43 p. m.","Información","Microsoft-Windows-IsolatedUserMode","2","Secure Trustlet Id 0 and Pid 0 stopped with status STATUS_SUCCESS."
"4/8/2025 1:53:54 p. m.","Información","Microsoft-Windows-WindowsUpdateClient","19","Instalación correcta: Windows instaló correctamente la siguiente actualización: 9N0DX20HK701-Microsoft.WindowsTerminal"
"4/8/2025 1:53:53 p. m.","Información","Microsoft-Windows-Kernel-General","16","El historial de accesos en el subárbol \??\C:\Users\PCTIC-05\AppData\Local\Packages\Microsoft.WindowsTerminal_8wekyb3d8bbwe\Settings\settings.dat se borró mediante la actualización de 1 claves y la creación de 1 páginas modificadas."
"4/8/2025 1:53:52 p. m.","Información","Microsoft-Windows-WindowsUpdateClient","43","Instalación iniciada: Windows comenzó a instalar la actualización siguiente: 9N0DX20HK701-Microsoft.WindowsTerminal"
"4/8/2025 1:53:49 p. m.","Información","Microsoft-Windows-Kernel-General","16","El historial de accesos en el subárbol \??\C:\ProgramData\Microsoft\Windows\AppRepository\Packages\Microsoft.WindowsTerminal_1.22.12111.0_x64__8wekyb3d8bbwe\ActivationStore.dat se borró mediante la actualización de 0 claves y la creación de 0 páginas modificadas."
