"16/8/2025 7:25:17 a. m.","Información","Microsoft-Windows-Kernel-General","16","El historial de accesos en el subárbol \??\C:\WINDOWS\AppCompat\Programs\Amcache.hve se borró mediante la actualización de 4244 claves y la creación de 1499 páginas modificadas."
"16/8/2025 7:25:17 a. m.","Información","Microsoft-Windows-Dhcp-Client","50037","Servicio cliente DHCPv4 detenido. Valor de la marca ShutDown: 1"
"16/8/2025 7:25:17 a. m.","Información","Microsoft-Windows-DHCPv6-Client","51057","La parada del servicio del cliente DHCPv6 está casi lista. El recuento de referencia de contexto DHCP es 1"
"16/8/2025 7:25:17 a. m.","Información","Microsoft-Windows-DHCPv6-Client","51057","La parada del servicio del cliente DHCPv6 está casi lista. El recuento de referencia de contexto DHCP es 1"
"16/8/2025 7:25:17 a. m.","Información","Microsoft-Windows-DHCPv6-Client","51057","La parada del servicio del cliente DHCPv6 está casi lista. El recuento de referencia de contexto DHCP es 1"
"16/8/2025 7:25:17 a. m.","Información","Microsoft-Windows-DHCPv6-Client","51057","La parada del servicio del cliente DHCPv6 está casi lista. El recuento de referencia de contexto DHCP es 1"
"16/8/2025 7:25:17 a. m.","Información","Microsoft-Windows-DHCPv6-Client","51047","Servicio de cliente DHCPv6 detenido. El valor de la marca ShutDown es 1"
"16/8/2025 7:25:17 a. m.","Información","Microsoft-Windows-Dhcp-Client","50106","DHCPv4 está esperando a que se detenga el servicio DHCPv6"
"16/8/2025 7:25:17 a. m.","Información","Microsoft-Windows-Dhcp-Client","50105","El cliente DHCPv4 ProcessDHCPRequestForever recibió TERMINATE_EVENT"
"16/8/2025 7:25:17 a. m.","Información","Microsoft-Windows-Dhcp-Client","50104","El cliente DHCPv4 recibió una notificación de apagado"
"16/8/2025 7:25:17 a. m.","Información","Microsoft-Windows-Kernel-General","1","La hora del sistema ha cambiado a ‎2025‎-‎08‎-‎16T11:25:17.550150900Z de ‎2025‎-‎08‎-‎16T11:25:17.549908600Z.
Diferencia horaria: 0 ms

Motivo del cambio: An application or system component changed the time.
Proceso: '\Device\HarddiskVolume3\Windows\System32\svchost.exe' (PID 12268).

Hora de RTC: ‎2025‎-‎08‎-‎16T07:25:17.550150900Z
Diferencia de zona horaria actual: 240
hora RTC es UTC: false
La hora del sistema se basaba en la hora RTC: false"
"16/8/2025 7:25:17 a. m.","Error","Microsoft-Windows-HAL","21","No se estableció el reloj en tiempo real de hardware debido a un error en la evaluación del método de dispositivo de alarma y hora ACPI.  Estado: 0xC00000BB."
"16/8/2025 7:25:17 a. m.","Error","Microsoft-Windows-HAL","20","No se consultó el reloj en tiempo real de hardware debido a un error en la evaluación del método de dispositivo de alarma y hora ACPI.  Estado: 0xC00000BB."
"16/8/2025 7:25:17 a. m.","Información","Microsoft-Windows-Kernel-General","24","La información de zona horaria se actualizó con el motivo de salida 0. La diferencia de zona horaria actual es 240."
"16/8/2025 7:25:17 a. m.","Información","EventLog","6006","Se detuvo el servicio de Registro de eventos."
"16/8/2025 7:24:51 a. m.","Información","Microsoft-Windows-Hyper-V-VmSwitch","234","NIC 6598FD11-7307-4DD7-8E4A-3EC4FB88B3D3--CB46B844-0AB4-4DF5-B08A-4E8E3BD5AEE5 successfully disconnected from port ."
"16/8/2025 7:24:51 a. m.","Información","Microsoft-Windows-Winlogon","7002","Notificación de cierre de sesión de usuario para el Programa para la mejora de la experiencia del usuario"
"16/8/2025 7:24:49 a. m.","Advertencia","winsrvext","100","El proceso C:\Program Files\Microsoft OneDrive\OneDrive.exe está retrasando el cierre del sistema después de 5016 milisegundos."
"16/8/2025 7:24:44 a. m.","Error","Microsoft-Windows-DistributedCOM","10010","El servidor {AB8902B4-09CA-4BB6-B78D-A8F59079A8D5} no se registró con DCOM dentro del tiempo de espera requerido."
"16/8/2025 7:24:44 a. m.","Error","Microsoft-Windows-DistributedCOM","10010","El servidor {AB8902B4-09CA-4BB6-B78D-A8F59079A8D5} no se registró con DCOM dentro del tiempo de espera requerido."
"16/8/2025 7:24:44 a. m.","Error","Microsoft-Windows-DistributedCOM","10010","El servidor {AB8902B4-09CA-4BB6-B78D-A8F59079A8D5} no se registró con DCOM dentro del tiempo de espera requerido."
"16/8/2025 7:24:44 a. m.","Error","Microsoft-Windows-DistributedCOM","10010","El servidor {AB8902B4-09CA-4BB6-B78D-A8F59079A8D5} no se registró con DCOM dentro del tiempo de espera requerido."
"16/8/2025 7:24:44 a. m.","Error","Microsoft-Windows-DistributedCOM","10010","El servidor {AB8902B4-09CA-4BB6-B78D-A8F59079A8D5} no se registró con DCOM dentro del tiempo de espera requerido."
"16/8/2025 7:24:44 a. m.","Error","Microsoft-Windows-DistributedCOM","10010","El servidor {AB8902B4-09CA-4BB6-B78D-A8F59079A8D5} no se registró con DCOM dentro del tiempo de espera requerido."
"16/8/2025 7:24:44 a. m.","Error","Microsoft-Windows-DistributedCOM","10010","El servidor {AB8902B4-09CA-4BB6-B78D-A8F59079A8D5} no se registró con DCOM dentro del tiempo de espera requerido."
"16/8/2025 7:24:44 a. m.","Error","Microsoft-Windows-DistributedCOM","10010","El servidor {AB8902B4-09CA-4BB6-B78D-A8F59079A8D5} no se registró con DCOM dentro del tiempo de espera requerido."
"16/8/2025 7:24:44 a. m.","Error","Microsoft-Windows-DistributedCOM","10010","El servidor {AB8902B4-09CA-4BB6-B78D-A8F59079A8D5} no se registró con DCOM dentro del tiempo de espera requerido."
"16/8/2025 7:24:44 a. m.","Error","Microsoft-Windows-DistributedCOM","10010","El servidor {AB8902B4-09CA-4BB6-B78D-A8F59079A8D5} no se registró con DCOM dentro del tiempo de espera requerido."
"16/8/2025 7:24:44 a. m.","Error","Microsoft-Windows-DistributedCOM","10010","El servidor {AB8902B4-09CA-4BB6-B78D-A8F59079A8D5} no se registró con DCOM dentro del tiempo de espera requerido."
"16/8/2025 7:24:41 a. m.","Error","Microsoft-Windows-DistributedCOM","10010","El servidor Microsoft.AAD.BrokerPlugin_1000.19580.1000.2_neutral_neutral_cw5n1h2txyewy!Windows.Security.Authentication.Web.Core.BackgroundGetTokenTask.ClassId.WebAccountProvider no se registró con DCOM dentro del tiempo de espera requerido."
"16/8/2025 7:24:41 a. m.","Advertencia","winsrvext","100","El proceso C:\Program Files (x86)\Microsoft Visual Studio\Installer\resources\app\ServiceHub\Services\Microsoft.VisualStudio.Setup.Service\BackgroundDownload.exe está retrasando el cierre del sistema después de 5469 milisegundos."
"16/8/2025 7:24:41 a. m.","Error","Microsoft-Windows-DistributedCOM","10010","El servidor Microsoft.AAD.BrokerPlugin_1000.19580.1000.2_neutral_neutral_cw5n1h2txyewy!Windows.Security.Authentication.Web.Core.BackgroundGetTokenTask.ClassId.WebAccountProvider no se registró con DCOM dentro del tiempo de espera requerido."
"16/8/2025 7:24:39 a. m.","Error","Microsoft-Windows-DistributedCOM","10010","El servidor Microsoft.AAD.BrokerPlugin_1000.19580.1000.2_neutral_neutral_cw5n1h2txyewy!Windows.Security.Authentication.Web.Core.BackgroundGetTokenTask.ClassId.WebAccountProvider no se registró con DCOM dentro del tiempo de espera requerido."
"16/8/2025 7:24:39 a. m.","Error","Microsoft-Windows-DistributedCOM","10010","El servidor Microsoft.AAD.BrokerPlugin_1000.19580.1000.2_neutral_neutral_cw5n1h2txyewy!Windows.Security.Authentication.Web.Core.BackgroundGetTokenTask.ClassId.WebAccountProvider no se registró con DCOM dentro del tiempo de espera requerido."
"16/8/2025 7:24:38 a. m.","Error","Microsoft-Windows-DistributedCOM","10010","El servidor Microsoft.AAD.BrokerPlugin_1000.19580.1000.2_neutral_neutral_cw5n1h2txyewy!Windows.Security.Authentication.Web.Core.BackgroundGetTokenTask.ClassId.WebAccountProvider no se registró con DCOM dentro del tiempo de espera requerido."
"16/8/2025 7:24:38 a. m.","Error","Microsoft-Windows-DistributedCOM","10010","El servidor Microsoft.AAD.BrokerPlugin_1000.19580.1000.2_neutral_neutral_cw5n1h2txyewy!Windows.Security.Authentication.Web.Core.BackgroundGetTokenTask.ClassId.WebAccountProvider no se registró con DCOM dentro del tiempo de espera requerido."
"16/8/2025 7:24:38 a. m.","Información","Microsoft-Windows-IsolatedUserMode","2","Secure Trustlet Id 0 and Pid 0 stopped with status STATUS_SUCCESS."
"16/8/2025 7:24:36 a. m.","Error","Microsoft-Windows-DistributedCOM","10010","El servidor {544C4C52-DE0B-4D14-9510-21745381D5CA} no se registró con DCOM dentro del tiempo de espera requerido."
"16/8/2025 7:24:36 a. m.","Error","Microsoft-Windows-DistributedCOM","10010","El servidor {5250E46F-BB09-D602-5891-F476DC89B700} no se registró con DCOM dentro del tiempo de espera requerido."
"16/8/2025 7:24:35 a. m.","Error","Microsoft-Windows-DistributedCOM","10010","El servidor Microsoft.AAD.BrokerPlugin_1000.19580.1000.2_neutral_neutral_cw5n1h2txyewy!Windows.Security.Authentication.Web.Core.BackgroundGetTokenTask.ClassId.WebAccountProvider no se registró con DCOM dentro del tiempo de espera requerido."
"16/8/2025 7:24:35 a. m.","Error","Microsoft-Windows-DistributedCOM","10010","El servidor Microsoft.AAD.BrokerPlugin_1000.19580.1000.2_neutral_neutral_cw5n1h2txyewy!Windows.Security.Authentication.Web.Core.BackgroundGetTokenTask.ClassId.WebAccountProvider no se registró con DCOM dentro del tiempo de espera requerido."
"16/8/2025 7:24:35 a. m.","Error","Microsoft-Windows-DistributedCOM","10010","El servidor {B8C1DCAE-5020-4F5D-BA2A-85292744E334} no se registró con DCOM dentro del tiempo de espera requerido."
"16/8/2025 7:24:34 a. m.","Información","Microsoft-Windows-Kernel-Power","506","El sistema está entrando en el modo de espera moderno 

motivo: 16777229. "
"16/8/2025 7:24:34 a. m.","Información","Microsoft-Windows-Kernel-Power","566","La sesión del sistema ha cambiado de 117 a 118.

Motivo 16777229 

BootId: 12"
"16/8/2025 7:24:34 a. m.","Información","Microsoft-Windows-Kernel-Power","507","El sistema está saliendo del modo de espera moderno 

motivo: 16777229. "
"16/8/2025 7:24:34 a. m.","Información","User32","1074","El proceso C:\WINDOWS\uus\packages\preview\AMD64\MoUsoCoreWorker.exe (TICPC-05) inició el Reinicio del equipo TICPC-05 en nombre del usuario NT AUTHORITY\SYSTEM por el siguiente motivo: Sistema operativo: service pack (planeado)
 Código de motivo: 0x80020010
 Tipo de apagado: Reinicio
 Comentario: "
"16/8/2025 7:24:24 a. m.","Advertencia","rt640x64","1","Realtek PCIe GbE Family Controller is disconnected from network."
"16/8/2025 7:24:21 a. m.","Información","Netwtw10","7026","7026 - Dump after return from D3 after cmd"
"16/8/2025 7:24:21 a. m.","Información","Netwtw10","7025","7025 - Dump after return from D3 before cmd "
"16/8/2025 7:23:51 a. m.","Información","Netwtw10","7026","7026 - Dump after return from D3 after cmd"
"16/8/2025 7:23:51 a. m.","Información","Netwtw10","7025","7025 - Dump after return from D3 before cmd "
"16/8/2025 7:21:51 a. m.","Información","Netwtw10","7026","7026 - Dump after return from D3 after cmd"
"16/8/2025 7:21:51 a. m.","Información","Netwtw10","7025","7025 - Dump after return from D3 before cmd "
"16/8/2025 7:20:37 a. m.","Advertencia","Microsoft-Windows-Time-Service","134","NtpClient no pudo establecer un sistema del mismo nivel manual para usar como origen de la hora debido a un error de resolución de DNS en 'time.windows.com,0x9'. NtpClient lo intentará de nuevo dentro de 15 minutos y doblará el intervalo de reintento en adelante. Error: Host desconocido. (0x80072AF9)"
"16/8/2025 7:19:51 a. m.","Información","Netwtw10","7026","7026 - Dump after return from D3 after cmd"
"16/8/2025 7:19:51 a. m.","Información","Netwtw10","7025","7025 - Dump after return from D3 before cmd "
"16/8/2025 7:18:40 a. m.","Advertencia","Microsoft-Windows-Time-Service","134","NtpClient no pudo establecer un sistema del mismo nivel manual para usar como origen de la hora debido a un error de resolución de DNS en 'time.windows.com,0x9'. NtpClient lo intentará de nuevo dentro de 15 minutos y doblará el intervalo de reintento en adelante. Error: Host desconocido. (0x80072AF9)"
"16/8/2025 7:17:54 a. m.","Advertencia","rt640x64","1","Realtek PCIe GbE Family Controller is disconnected from network."
"16/8/2025 7:17:51 a. m.","Información","Netwtw10","7026","7026 - Dump after return from D3 after cmd"
"16/8/2025 7:17:51 a. m.","Información","Netwtw10","7025","7025 - Dump after return from D3 before cmd "
"16/8/2025 7:15:51 a. m.","Información","Netwtw10","7026","7026 - Dump after return from D3 after cmd"
"16/8/2025 7:15:51 a. m.","Información","Netwtw10","7025","7025 - Dump after return from D3 before cmd "
"16/8/2025 7:13:51 a. m.","Información","Netwtw10","7026","7026 - Dump after return from D3 after cmd"
"16/8/2025 7:13:51 a. m.","Información","Netwtw10","7025","7025 - Dump after return from D3 before cmd "
"16/8/2025 7:11:51 a. m.","Información","Netwtw10","7026","7026 - Dump after return from D3 after cmd"
"16/8/2025 7:11:51 a. m.","Información","Netwtw10","7025","7025 - Dump after return from D3 before cmd "
"16/8/2025 7:09:51 a. m.","Información","Netwtw10","7026","7026 - Dump after return from D3 after cmd"
"16/8/2025 7:09:51 a. m.","Información","Netwtw10","7025","7025 - Dump after return from D3 before cmd "
"16/8/2025 7:09:24 a. m.","Advertencia","rt640x64","1","Realtek PCIe GbE Family Controller is disconnected from network."
"16/8/2025 7:09:21 a. m.","Información","Netwtw10","7026","7026 - Dump after return from D3 after cmd"
"16/8/2025 7:09:21 a. m.","Información","Netwtw10","7025","7025 - Dump after return from D3 before cmd "
"16/8/2025 7:07:51 a. m.","Información","Netwtw10","7026","7026 - Dump after return from D3 after cmd"
"16/8/2025 7:07:51 a. m.","Información","Netwtw10","7025","7025 - Dump after return from D3 before cmd "
"16/8/2025 7:06:53 a. m.","Advertencia","rt640x64","1","Realtek PCIe GbE Family Controller is disconnected from network."
"16/8/2025 7:06:50 a. m.","Información","Netwtw10","7026","7026 - Dump after return from D3 after cmd"
"16/8/2025 7:06:50 a. m.","Información","Netwtw10","7025","7025 - Dump after return from D3 before cmd "
"16/8/2025 7:05:51 a. m.","Información","Netwtw10","7026","7026 - Dump after return from D3 after cmd"
"16/8/2025 7:05:51 a. m.","Información","Netwtw10","7025","7025 - Dump after return from D3 before cmd "
"16/8/2025 7:03:51 a. m.","Información","Netwtw10","7026","7026 - Dump after return from D3 after cmd"
"16/8/2025 7:03:51 a. m.","Información","Netwtw10","7025","7025 - Dump after return from D3 before cmd "
"16/8/2025 7:01:51 a. m.","Información","Netwtw10","7026","7026 - Dump after return from D3 after cmd"
"16/8/2025 7:01:51 a. m.","Información","Netwtw10","7025","7025 - Dump after return from D3 before cmd "
"16/8/2025 6:59:51 a. m.","Información","Netwtw10","7026","7026 - Dump after return from D3 after cmd"
"16/8/2025 6:59:51 a. m.","Información","Netwtw10","7025","7025 - Dump after return from D3 before cmd "
"16/8/2025 6:57:51 a. m.","Información","Netwtw10","7026","7026 - Dump after return from D3 after cmd"
"16/8/2025 6:57:51 a. m.","Información","Netwtw10","7025","7025 - Dump after return from D3 before cmd "
"16/8/2025 6:55:51 a. m.","Información","Netwtw10","7026","7026 - Dump after return from D3 after cmd"
"16/8/2025 6:55:51 a. m.","Información","Netwtw10","7025","7025 - Dump after return from D3 before cmd "
"16/8/2025 6:53:51 a. m.","Información","Netwtw10","7026","7026 - Dump after return from D3 after cmd"
"16/8/2025 6:53:51 a. m.","Información","Netwtw10","7025","7025 - Dump after return from D3 before cmd "
"16/8/2025 6:51:51 a. m.","Información","Netwtw10","7026","7026 - Dump after return from D3 after cmd"
"16/8/2025 6:51:51 a. m.","Información","Netwtw10","7025","7025 - Dump after return from D3 before cmd "
"16/8/2025 6:49:51 a. m.","Información","Netwtw10","7026","7026 - Dump after return from D3 after cmd"
"16/8/2025 6:49:51 a. m.","Información","Netwtw10","7025","7025 - Dump after return from D3 before cmd "
"16/8/2025 6:47:51 a. m.","Información","Netwtw10","7026","7026 - Dump after return from D3 after cmd"
"16/8/2025 6:47:51 a. m.","Información","Netwtw10","7025","7025 - Dump after return from D3 before cmd "
"16/8/2025 6:46:53 a. m.","Advertencia","rt640x64","1","Realtek PCIe GbE Family Controller is disconnected from network."
"16/8/2025 6:46:50 a. m.","Información","Netwtw10","7026","7026 - Dump after return from D3 after cmd"
"16/8/2025 6:46:50 a. m.","Información","Netwtw10","7025","7025 - Dump after return from D3 before cmd "
"16/8/2025 6:46:21 a. m.","Información","Netwtw10","7026","7026 - Dump after return from D3 after cmd"
"16/8/2025 6:46:21 a. m.","Información","Netwtw10","7025","7025 - Dump after return from D3 before cmd "
"16/8/2025 6:45:51 a. m.","Información","Netwtw10","7026","7026 - Dump after return from D3 after cmd"
"16/8/2025 6:45:51 a. m.","Información","Netwtw10","7025","7025 - Dump after return from D3 before cmd "
"16/8/2025 6:43:51 a. m.","Información","Netwtw10","7026","7026 - Dump after return from D3 after cmd"
"16/8/2025 6:43:51 a. m.","Información","Netwtw10","7025","7025 - Dump after return from D3 before cmd "
"16/8/2025 6:41:51 a. m.","Información","Netwtw10","7026","7026 - Dump after return from D3 after cmd"
"16/8/2025 6:41:51 a. m.","Información","Netwtw10","7025","7025 - Dump after return from D3 before cmd "
"16/8/2025 6:39:51 a. m.","Información","Netwtw10","7026","7026 - Dump after return from D3 after cmd"
"16/8/2025 6:39:51 a. m.","Información","Netwtw10","7025","7025 - Dump after return from D3 before cmd "
"16/8/2025 6:37:51 a. m.","Información","Netwtw10","7026","7026 - Dump after return from D3 after cmd"
"16/8/2025 6:37:51 a. m.","Información","Netwtw10","7025","7025 - Dump after return from D3 before cmd "
"16/8/2025 6:35:51 a. m.","Información","Netwtw10","7026","7026 - Dump after return from D3 after cmd"
"16/8/2025 6:35:51 a. m.","Información","Netwtw10","7025","7025 - Dump after return from D3 before cmd "
"16/8/2025 6:33:51 a. m.","Información","Netwtw10","7026","7026 - Dump after return from D3 after cmd"
"16/8/2025 6:33:51 a. m.","Información","Netwtw10","7025","7025 - Dump after return from D3 before cmd "
"16/8/2025 6:31:51 a. m.","Información","Netwtw10","7026","7026 - Dump after return from D3 after cmd"
"16/8/2025 6:31:51 a. m.","Información","Netwtw10","7025","7025 - Dump after return from D3 before cmd "
"16/8/2025 6:29:51 a. m.","Información","Netwtw10","7026","7026 - Dump after return from D3 after cmd"
"16/8/2025 6:29:51 a. m.","Información","Netwtw10","7025","7025 - Dump after return from D3 before cmd "
"16/8/2025 6:27:51 a. m.","Información","Netwtw10","7026","7026 - Dump after return from D3 after cmd"
"16/8/2025 6:27:51 a. m.","Información","Netwtw10","7025","7025 - Dump after return from D3 before cmd "
"16/8/2025 6:25:51 a. m.","Información","Netwtw10","7026","7026 - Dump after return from D3 after cmd"
"16/8/2025 6:25:51 a. m.","Información","Netwtw10","7025","7025 - Dump after return from D3 before cmd "
"16/8/2025 6:23:51 a. m.","Información","Netwtw10","7026","7026 - Dump after return from D3 after cmd"
"16/8/2025 6:23:51 a. m.","Información","Netwtw10","7025","7025 - Dump after return from D3 before cmd "
"16/8/2025 6:22:53 a. m.","Advertencia","rt640x64","1","Realtek PCIe GbE Family Controller is disconnected from network."
"16/8/2025 6:22:50 a. m.","Información","Netwtw10","7026","7026 - Dump after return from D3 after cmd"
"16/8/2025 6:22:50 a. m.","Información","Netwtw10","7025","7025 - Dump after return from D3 before cmd "
"16/8/2025 6:21:51 a. m.","Información","Netwtw10","7026","7026 - Dump after return from D3 after cmd"
"16/8/2025 6:21:51 a. m.","Información","Netwtw10","7025","7025 - Dump after return from D3 before cmd "
"16/8/2025 6:19:51 a. m.","Información","Netwtw10","7026","7026 - Dump after return from D3 after cmd"
"16/8/2025 6:19:51 a. m.","Información","Netwtw10","7025","7025 - Dump after return from D3 before cmd "
"16/8/2025 6:17:51 a. m.","Información","Netwtw10","7026","7026 - Dump after return from D3 after cmd"
"16/8/2025 6:17:51 a. m.","Información","Netwtw10","7025","7025 - Dump after return from D3 before cmd "
"16/8/2025 6:15:51 a. m.","Información","Netwtw10","7026","7026 - Dump after return from D3 after cmd"
"16/8/2025 6:15:51 a. m.","Información","Netwtw10","7025","7025 - Dump after return from D3 before cmd "
"16/8/2025 6:13:51 a. m.","Información","Netwtw10","7026","7026 - Dump after return from D3 after cmd"
"16/8/2025 6:13:51 a. m.","Información","Netwtw10","7025","7025 - Dump after return from D3 before cmd "
"16/8/2025 6:11:51 a. m.","Información","Netwtw10","7026","7026 - Dump after return from D3 after cmd"
"16/8/2025 6:11:51 a. m.","Información","Netwtw10","7025","7025 - Dump after return from D3 before cmd "
"16/8/2025 6:09:51 a. m.","Información","Netwtw10","7026","7026 - Dump after return from D3 after cmd"
"16/8/2025 6:09:51 a. m.","Información","Netwtw10","7025","7025 - Dump after return from D3 before cmd "
"16/8/2025 6:07:51 a. m.","Información","Netwtw10","7026","7026 - Dump after return from D3 after cmd"
"16/8/2025 6:07:51 a. m.","Información","Netwtw10","7025","7025 - Dump after return from D3 before cmd "
"16/8/2025 6:06:36 a. m.","Advertencia","Microsoft-Windows-Time-Service","134","NtpClient no pudo establecer un sistema del mismo nivel manual para usar como origen de la hora debido a un error de resolución de DNS en 'time.windows.com,0x9'. NtpClient lo intentará de nuevo dentro de 15 minutos y doblará el intervalo de reintento en adelante. Error: Host desconocido. (0x80072AF9)"
"16/8/2025 6:05:51 a. m.","Información","Netwtw10","7026","7026 - Dump after return from D3 after cmd"
"16/8/2025 6:05:51 a. m.","Información","Netwtw10","7025","7025 - Dump after return from D3 before cmd "
"16/8/2025 6:04:39 a. m.","Advertencia","Microsoft-Windows-Time-Service","134","NtpClient no pudo establecer un sistema del mismo nivel manual para usar como origen de la hora debido a un error de resolución de DNS en 'time.windows.com,0x9'. NtpClient lo intentará de nuevo dentro de 15 minutos y doblará el intervalo de reintento en adelante. Error: Host desconocido. (0x80072AF9)"
"16/8/2025 6:03:54 a. m.","Advertencia","rt640x64","1","Realtek PCIe GbE Family Controller is disconnected from network."
"16/8/2025 6:03:51 a. m.","Información","Netwtw10","7026","7026 - Dump after return from D3 after cmd"
"16/8/2025 6:03:51 a. m.","Información","Netwtw10","7025","7025 - Dump after return from D3 before cmd "
"16/8/2025 6:01:51 a. m.","Información","Netwtw10","7026","7026 - Dump after return from D3 after cmd"
"16/8/2025 6:01:51 a. m.","Información","Netwtw10","7025","7025 - Dump after return from D3 before cmd "
"16/8/2025 5:59:54 a. m.","Advertencia","rt640x64","1","Realtek PCIe GbE Family Controller is disconnected from network."
"16/8/2025 5:59:51 a. m.","Información","Netwtw10","7026","7026 - Dump after return from D3 after cmd"
"16/8/2025 5:59:51 a. m.","Información","Netwtw10","7025","7025 - Dump after return from D3 before cmd "
"16/8/2025 5:57:51 a. m.","Información","Netwtw10","7026","7026 - Dump after return from D3 after cmd"
"16/8/2025 5:57:51 a. m.","Información","Netwtw10","7025","7025 - Dump after return from D3 before cmd "
"16/8/2025 5:55:51 a. m.","Información","Netwtw10","7026","7026 - Dump after return from D3 after cmd"
"16/8/2025 5:55:51 a. m.","Información","Netwtw10","7025","7025 - Dump after return from D3 before cmd "
"16/8/2025 5:53:51 a. m.","Información","Netwtw10","7026","7026 - Dump after return from D3 after cmd"
"16/8/2025 5:53:51 a. m.","Información","Netwtw10","7025","7025 - Dump after return from D3 before cmd "
"16/8/2025 5:51:51 a. m.","Información","Netwtw10","7026","7026 - Dump after return from D3 after cmd"
"16/8/2025 5:51:51 a. m.","Información","Netwtw10","7025","7025 - Dump after return from D3 before cmd "
"16/8/2025 5:49:51 a. m.","Información","Netwtw10","7026","7026 - Dump after return from D3 after cmd"
"16/8/2025 5:49:51 a. m.","Información","Netwtw10","7025","7025 - Dump after return from D3 before cmd "
"16/8/2025 5:47:51 a. m.","Información","Netwtw10","7026","7026 - Dump after return from D3 after cmd"
"16/8/2025 5:47:51 a. m.","Información","Netwtw10","7025","7025 - Dump after return from D3 before cmd "
"16/8/2025 5:46:54 a. m.","Advertencia","rt640x64","1","Realtek PCIe GbE Family Controller is disconnected from network."
"16/8/2025 5:46:51 a. m.","Información","Netwtw10","7026","7026 - Dump after return from D3 after cmd"
"16/8/2025 5:46:51 a. m.","Información","Netwtw10","7025","7025 - Dump after return from D3 before cmd "
"16/8/2025 5:46:21 a. m.","Información","Netwtw10","7026","7026 - Dump after return from D3 after cmd"
"16/8/2025 5:46:21 a. m.","Información","Netwtw10","7025","7025 - Dump after return from D3 before cmd "
"16/8/2025 5:45:51 a. m.","Información","Netwtw10","7026","7026 - Dump after return from D3 after cmd"
"16/8/2025 5:45:51 a. m.","Información","Netwtw10","7025","7025 - Dump after return from D3 before cmd "
"16/8/2025 5:43:51 a. m.","Información","Netwtw10","7026","7026 - Dump after return from D3 after cmd"
"16/8/2025 5:43:51 a. m.","Información","Netwtw10","7025","7025 - Dump after return from D3 before cmd "
"16/8/2025 5:41:51 a. m.","Información","Netwtw10","7026","7026 - Dump after return from D3 after cmd"
"16/8/2025 5:41:51 a. m.","Información","Netwtw10","7025","7025 - Dump after return from D3 before cmd "
"16/8/2025 5:39:51 a. m.","Información","Netwtw10","7026","7026 - Dump after return from D3 after cmd"
"16/8/2025 5:39:51 a. m.","Información","Netwtw10","7025","7025 - Dump after return from D3 before cmd "
"16/8/2025 5:37:51 a. m.","Información","Netwtw10","7026","7026 - Dump after return from D3 after cmd"
"16/8/2025 5:37:51 a. m.","Información","Netwtw10","7025","7025 - Dump after return from D3 before cmd "
"16/8/2025 5:35:51 a. m.","Información","Netwtw10","7026","7026 - Dump after return from D3 after cmd"
"16/8/2025 5:35:51 a. m.","Información","Netwtw10","7025","7025 - Dump after return from D3 before cmd "
"16/8/2025 5:33:51 a. m.","Información","Netwtw10","7026","7026 - Dump after return from D3 after cmd"
"16/8/2025 5:33:51 a. m.","Información","Netwtw10","7025","7025 - Dump after return from D3 before cmd "
"16/8/2025 5:31:51 a. m.","Información","Netwtw10","7026","7026 - Dump after return from D3 after cmd"
"16/8/2025 5:31:51 a. m.","Información","Netwtw10","7025","7025 - Dump after return from D3 before cmd "
"16/8/2025 5:29:51 a. m.","Información","Netwtw10","7026","7026 - Dump after return from D3 after cmd"
"16/8/2025 5:29:51 a. m.","Información","Netwtw10","7025","7025 - Dump after return from D3 before cmd "
"16/8/2025 5:27:51 a. m.","Información","Netwtw10","7026","7026 - Dump after return from D3 after cmd"
"16/8/2025 5:27:51 a. m.","Información","Netwtw10","7025","7025 - Dump after return from D3 before cmd "
"16/8/2025 5:25:51 a. m.","Información","Netwtw10","7026","7026 - Dump after return from D3 after cmd"
"16/8/2025 5:25:51 a. m.","Información","Netwtw10","7025","7025 - Dump after return from D3 before cmd "
"16/8/2025 5:23:51 a. m.","Información","Netwtw10","7026","7026 - Dump after return from D3 after cmd"
"16/8/2025 5:23:51 a. m.","Información","Netwtw10","7025","7025 - Dump after return from D3 before cmd "
"16/8/2025 5:21:51 a. m.","Información","Netwtw10","7026","7026 - Dump after return from D3 after cmd"
"16/8/2025 5:21:51 a. m.","Información","Netwtw10","7025","7025 - Dump after return from D3 before cmd "
"16/8/2025 5:19:51 a. m.","Información","Netwtw10","7026","7026 - Dump after return from D3 after cmd"
"16/8/2025 5:19:51 a. m.","Información","Netwtw10","7025","7025 - Dump after return from D3 before cmd "
"16/8/2025 5:17:51 a. m.","Información","Netwtw10","7026","7026 - Dump after return from D3 after cmd"
"16/8/2025 5:17:51 a. m.","Información","Netwtw10","7025","7025 - Dump after return from D3 before cmd "
"16/8/2025 5:15:51 a. m.","Información","Netwtw10","7026","7026 - Dump after return from D3 after cmd"
"16/8/2025 5:15:51 a. m.","Información","Netwtw10","7025","7025 - Dump after return from D3 before cmd "
"16/8/2025 5:14:39 a. m.","Advertencia","Microsoft-Windows-Time-Service","134","NtpClient no pudo establecer un sistema del mismo nivel manual para usar como origen de la hora debido a un error de resolución de DNS en 'time.windows.com,0x9'. NtpClient lo intentará de nuevo dentro de 15 minutos y doblará el intervalo de reintento en adelante. Error: Host desconocido. (0x80072AF9)"
"16/8/2025 5:13:54 a. m.","Información","Netwtw10","7026","7026 - Dump after return from D3 after cmd"
"16/8/2025 5:13:54 a. m.","Información","Netwtw10","7025","7025 - Dump after return from D3 before cmd "
"16/8/2025 5:13:51 a. m.","Información","Netwtw10","7026","7026 - Dump after return from D3 after cmd"
"16/8/2025 5:13:51 a. m.","Información","Netwtw10","7025","7025 - Dump after return from D3 before cmd "
"16/8/2025 5:11:51 a. m.","Información","Netwtw10","7026","7026 - Dump after return from D3 after cmd"
"16/8/2025 5:11:51 a. m.","Información","Netwtw10","7025","7025 - Dump after return from D3 before cmd "
"16/8/2025 5:10:39 a. m.","Advertencia","Microsoft-Windows-Time-Service","134","NtpClient no pudo establecer un sistema del mismo nivel manual para usar como origen de la hora debido a un error de resolución de DNS en 'time.windows.com,0x9'. NtpClient lo intentará de nuevo dentro de 15 minutos y doblará el intervalo de reintento en adelante. Error: Host desconocido. (0x80072AF9)"
"16/8/2025 5:09:51 a. m.","Información","Netwtw10","7026","7026 - Dump after return from D3 after cmd"
"16/8/2025 5:09:51 a. m.","Información","Netwtw10","7025","7025 - Dump after return from D3 before cmd "
"16/8/2025 5:07:54 a. m.","Advertencia","rt640x64","1","Realtek PCIe GbE Family Controller is disconnected from network."
"16/8/2025 5:07:51 a. m.","Información","Netwtw10","7026","7026 - Dump after return from D3 after cmd"
"16/8/2025 5:07:51 a. m.","Información","Netwtw10","7025","7025 - Dump after return from D3 before cmd "
"16/8/2025 5:05:51 a. m.","Información","Netwtw10","7026","7026 - Dump after return from D3 after cmd"
"16/8/2025 5:05:51 a. m.","Información","Netwtw10","7025","7025 - Dump after return from D3 before cmd "
"16/8/2025 5:03:50 a. m.","Información","Netwtw10","7026","7026 - Dump after return from D3 after cmd"
"16/8/2025 5:03:50 a. m.","Información","Netwtw10","7025","7025 - Dump after return from D3 before cmd "
"16/8/2025 5:01:50 a. m.","Información","Netwtw10","7026","7026 - Dump after return from D3 after cmd"
"16/8/2025 5:01:50 a. m.","Información","Netwtw10","7025","7025 - Dump after return from D3 before cmd "
"16/8/2025 4:59:50 a. m.","Información","Netwtw10","7026","7026 - Dump after return from D3 after cmd"
"16/8/2025 4:59:50 a. m.","Información","Netwtw10","7025","7025 - Dump after return from D3 before cmd "
"16/8/2025 4:57:50 a. m.","Información","Netwtw10","7026","7026 - Dump after return from D3 after cmd"
"16/8/2025 4:57:50 a. m.","Información","Netwtw10","7025","7025 - Dump after return from D3 before cmd "
"16/8/2025 4:55:50 a. m.","Información","Netwtw10","7026","7026 - Dump after return from D3 after cmd"
"16/8/2025 4:55:50 a. m.","Información","Netwtw10","7025","7025 - Dump after return from D3 before cmd "
"16/8/2025 4:53:50 a. m.","Información","Netwtw10","7026","7026 - Dump after return from D3 after cmd"
"16/8/2025 4:53:50 a. m.","Información","Netwtw10","7025","7025 - Dump after return from D3 before cmd "
"16/8/2025 4:51:50 a. m.","Información","Netwtw10","7026","7026 - Dump after return from D3 after cmd"
"16/8/2025 4:51:50 a. m.","Información","Netwtw10","7025","7025 - Dump after return from D3 before cmd "
"16/8/2025 4:49:50 a. m.","Información","Netwtw10","7026","7026 - Dump after return from D3 after cmd"
"16/8/2025 4:49:50 a. m.","Información","Netwtw10","7025","7025 - Dump after return from D3 before cmd "
"16/8/2025 4:47:50 a. m.","Información","Netwtw10","7026","7026 - Dump after return from D3 after cmd"
"16/8/2025 4:47:50 a. m.","Información","Netwtw10","7025","7025 - Dump after return from D3 before cmd "
"16/8/2025 4:46:43 a. m.","Información","Netwtw10","7026","7026 - Dump after return from D3 after cmd"
"16/8/2025 4:46:43 a. m.","Información","Netwtw10","7025","7025 - Dump after return from D3 before cmd "
"16/8/2025 4:46:34 a. m.","Advertencia","Microsoft-Windows-Time-Service","134","NtpClient no pudo establecer un sistema del mismo nivel manual para usar como origen de la hora debido a un error de resolución de DNS en 'time.windows.com,0x9'. NtpClient lo intentará de nuevo dentro de 15 minutos y doblará el intervalo de reintento en adelante. Error: Host desconocido. (0x80072AF9)"
"16/8/2025 4:46:32 a. m.","Información","Netwtw10","7026","7026 - Dump after return from D3 after cmd"
"16/8/2025 4:46:32 a. m.","Información","Netwtw10","7025","7025 - Dump after return from D3 before cmd "
"16/8/2025 4:46:19 a. m.","Información","nhi","9007","The driver entered RTD3.
 All the connected devices will be removed from driver's internal state, so it is expected that DeviceDisconnected events will happen."
"16/8/2025 4:46:14 a. m.","Información","Netwtw10","7026","7026 - Dump after return from D3 after cmd"
"16/8/2025 4:46:14 a. m.","Información","Netwtw10","7025","7025 - Dump after return from D3 before cmd "
"16/8/2025 4:46:14 a. m.","Información","nhi","9008","Driver exit RTD3.
 All the connected devices will now cause DeviceConnected events."
"16/8/2025 4:46:05 a. m.","Información","Netwtw10","7026","7026 - Dump after return from D3 after cmd"
"16/8/2025 4:46:05 a. m.","Información","Netwtw10","7025","7025 - Dump after return from D3 before cmd "
"16/8/2025 4:46:01 a. m.","Información","nhi","9007","The driver entered RTD3.
 All the connected devices will be removed from driver's internal state, so it is expected that DeviceDisconnected events will happen."
"16/8/2025 4:46:00 a. m.","Información","Netwtw10","7026","7026 - Dump after return from D3 after cmd"
"16/8/2025 4:46:00 a. m.","Información","Netwtw10","7025","7025 - Dump after return from D3 before cmd "
"16/8/2025 4:45:58 a. m.","Información","Netwtw10","7026","7026 - Dump after return from D3 after cmd"
"16/8/2025 4:45:58 a. m.","Información","Netwtw10","7025","7025 - Dump after return from D3 before cmd "
"16/8/2025 4:45:56 a. m.","Información","Netwtw10","7026","7026 - Dump after return from D3 after cmd"
"16/8/2025 4:45:56 a. m.","Información","Netwtw10","7025","7025 - Dump after return from D3 before cmd "
"16/8/2025 4:45:56 a. m.","Información","nhi","9008","Driver exit RTD3.
 All the connected devices will now cause DeviceConnected events."
"16/8/2025 4:45:50 a. m.","Información","Netwtw10","7026","7026 - Dump after return from D3 after cmd"
"16/8/2025 4:45:50 a. m.","Información","Netwtw10","7025","7025 - Dump after return from D3 before cmd "
"16/8/2025 4:45:48 a. m.","Advertencia","rt640x64","1","Realtek PCIe GbE Family Controller is disconnected from network."
"16/8/2025 4:45:45 a. m.","Información","Netwtw10","7026","7026 - Dump after return from D3 after cmd"
"16/8/2025 4:45:45 a. m.","Información","Netwtw10","7025","7025 - Dump after return from D3 before cmd "
"16/8/2025 4:43:45 a. m.","Información","Netwtw10","7026","7026 - Dump after return from D3 after cmd"
"16/8/2025 4:43:45 a. m.","Información","Netwtw10","7025","7025 - Dump after return from D3 before cmd "
"16/8/2025 4:41:45 a. m.","Información","Netwtw10","7026","7026 - Dump after return from D3 after cmd"
"16/8/2025 4:41:45 a. m.","Información","Netwtw10","7025","7025 - Dump after return from D3 before cmd "
"16/8/2025 4:39:45 a. m.","Información","Netwtw10","7026","7026 - Dump after return from D3 after cmd"
"16/8/2025 4:39:45 a. m.","Información","Netwtw10","7025","7025 - Dump after return from D3 before cmd "
"16/8/2025 4:37:45 a. m.","Información","Netwtw10","7026","7026 - Dump after return from D3 after cmd"
"16/8/2025 4:37:45 a. m.","Información","Netwtw10","7025","7025 - Dump after return from D3 before cmd "
"16/8/2025 4:35:45 a. m.","Información","Netwtw10","7026","7026 - Dump after return from D3 after cmd"
"16/8/2025 4:35:45 a. m.","Información","Netwtw10","7025","7025 - Dump after return from D3 before cmd "
"16/8/2025 4:33:45 a. m.","Información","Netwtw10","7026","7026 - Dump after return from D3 after cmd"
"16/8/2025 4:33:45 a. m.","Información","Netwtw10","7025","7025 - Dump after return from D3 before cmd "
"16/8/2025 4:31:45 a. m.","Información","Netwtw10","7026","7026 - Dump after return from D3 after cmd"
"16/8/2025 4:31:45 a. m.","Información","Netwtw10","7025","7025 - Dump after return from D3 before cmd "
"16/8/2025 4:29:45 a. m.","Información","Netwtw10","7026","7026 - Dump after return from D3 after cmd"
"16/8/2025 4:29:45 a. m.","Información","Netwtw10","7025","7025 - Dump after return from D3 before cmd "
"16/8/2025 4:28:26 a. m.","Advertencia","Microsoft-Windows-Time-Service","134","NtpClient no pudo establecer un sistema del mismo nivel manual para usar como origen de la hora debido a un error de resolución de DNS en 'time.windows.com,0x9'. NtpClient lo intentará de nuevo dentro de 15 minutos y doblará el intervalo de reintento en adelante. Error: Host desconocido. (0x80072AF9)"
"16/8/2025 4:27:45 a. m.","Información","Netwtw10","7026","7026 - Dump after return from D3 after cmd"
"16/8/2025 4:27:45 a. m.","Información","Netwtw10","7025","7025 - Dump after return from D3 before cmd "
"16/8/2025 4:27:18 a. m.","Información","Microsoft-Windows-IsolatedUserMode","2","Secure Trustlet Id 6 and Pid 21972 stopped with status STATUS_SUCCESS."
"16/8/2025 4:26:48 a. m.","Advertencia","rt640x64","1","Realtek PCIe GbE Family Controller is disconnected from network."
"16/8/2025 4:26:45 a. m.","Información","Netwtw10","7026","7026 - Dump after return from D3 after cmd"
"16/8/2025 4:26:45 a. m.","Información","Netwtw10","7025","7025 - Dump after return from D3 before cmd "
"16/8/2025 4:25:45 a. m.","Información","Netwtw10","7026","7026 - Dump after return from D3 after cmd"
"16/8/2025 4:25:45 a. m.","Información","Netwtw10","7025","7025 - Dump after return from D3 before cmd "
"16/8/2025 4:24:07 a. m.","Información","Microsoft-Windows-Kernel-Power","566","La sesión del sistema ha cambiado de 116 a 117.

Motivo InputMouse 

BootId: 12"
"16/8/2025 4:23:17 a. m.","Información","Service Control Manager","7040","El tipo de inicio del servicio Servicio de transferencia inteligente en segundo plano (BITS) se cambió de inicio por solicitud a inicio automático."
"16/8/2025 4:23:14 a. m.","Información","Service Control Manager","7040","El tipo de inicio del servicio Servicio de transferencia inteligente en segundo plano (BITS) se cambió de inicio automático a inicio por solicitud."
"16/8/2025 4:22:59 a. m.","Información","Microsoft-Windows-Kernel-Power","506","El sistema está entrando en el modo de espera moderno 

motivo: 16777220. "
"16/8/2025 4:22:59 a. m.","Información","Microsoft-Windows-Kernel-Power","566","La sesión del sistema ha cambiado de 115 a 116.

Motivo 16777220 

BootId: 12"
"16/8/2025 4:22:59 a. m.","Información","Microsoft-Windows-Kernel-Power","507","El sistema está saliendo del modo de espera moderno 

motivo: 16777220. "
"16/8/2025 4:22:58 a. m.","Información","Microsoft-Windows-Kernel-Power","566","La sesión del sistema ha cambiado de 114 a 115.

Motivo InputMouse 

BootId: 12"
"16/8/2025 4:21:41 a. m.","Advertencia","Netwtw10","6062","6062 - Lso was triggered"
"16/8/2025 4:21:27 a. m.","Información","Netwtw10","7021","7021 - Connection telemetry fields and analysis usage"
"16/8/2025 4:21:26 a. m.","Información","Microsoft-Windows-Kernel-Power","506","El sistema está entrando en el modo de espera moderno 

motivo: AC/DC Display Burst Suppressed. "
"16/8/2025 4:21:26 a. m.","Información","Microsoft-Windows-Kernel-Power","566","La sesión del sistema ha cambiado de 113 a 114.

Motivo InputMouse 

BootId: 12"
"16/8/2025 4:21:26 a. m.","Información","Microsoft-Windows-Kernel-Power","507","El sistema está saliendo del modo de espera moderno 

motivo: AC/DC Display Burst Suppressed. "
"16/8/2025 4:21:26 a. m.","Información","Microsoft-Windows-Kernel-Power","172","Estado de conectividad en modo de espera: Connected. Motivo: None"
"16/8/2025 4:21:26 a. m.","Información","Netwtw10","7026","7026 - Dump after return from D3 after cmd"
"16/8/2025 4:21:26 a. m.","Información","Netwtw10","7025","7025 - Dump after return from D3 before cmd "
"16/8/2025 4:21:26 a. m.","Información","Microsoft-Windows-Kernel-Power","105","Cambio de fuente de energía."
"16/8/2025 4:16:23 a. m.","Información","Microsoft-Windows-Kernel-Power","172","Estado de conectividad en modo de espera: Disconnected. Motivo: Policy Setting"
"16/8/2025 4:16:16 a. m.","Información","nhi","9007","The driver entered RTD3.
 All the connected devices will be removed from driver's internal state, so it is expected that DeviceDisconnected events will happen."
"16/8/2025 4:16:15 a. m.","Información","Microsoft-Windows-Kernel-Power","566","La sesión del sistema ha cambiado de 112 a 113.

Motivo 55 

BootId: 12"
"16/8/2025 4:16:10 a. m.","Información","Microsoft-Windows-Kernel-Power","506","El sistema está entrando en el modo de espera moderno 

motivo: Austerity Battery Drain Budget Exceeded. "
"16/8/2025 4:16:10 a. m.","Información","Microsoft-Windows-Kernel-Power","566","La sesión del sistema ha cambiado de 111 a 112.

Motivo 55 

BootId: 12"
"16/8/2025 4:16:10 a. m.","Información","Microsoft-Windows-Kernel-Power","507","El sistema está saliendo del modo de espera moderno 

motivo: Austerity Battery Drain Budget Exceeded. "
"16/8/2025 4:16:10 a. m.","Información","Microsoft-Windows-Kernel-Power","172","Estado de conectividad en modo de espera: Connected. Motivo: None"
"16/8/2025 4:16:10 a. m.","Información","Netwtw10","7026","7026 - Dump after return from D3 after cmd"
"16/8/2025 4:16:10 a. m.","Información","Netwtw10","7025","7025 - Dump after return from D3 before cmd "
"16/8/2025 4:14:24 a. m.","Información","Netwtw10","7026","7026 - Dump after return from D3 after cmd"
"16/8/2025 4:14:24 a. m.","Información","Netwtw10","7025","7025 - Dump after return from D3 before cmd "
"16/8/2025 4:14:09 a. m.","Información","Netwtw10","7026","7026 - Dump after return from D3 after cmd"
"16/8/2025 4:14:09 a. m.","Información","Netwtw10","7025","7025 - Dump after return from D3 before cmd "
"16/8/2025 4:14:07 a. m.","Información","Netwtw10","7026","7026 - Dump after return from D3 after cmd"
"16/8/2025 4:14:07 a. m.","Información","Netwtw10","7025","7025 - Dump after return from D3 before cmd "
"16/8/2025 4:14:07 a. m.","Información","nhi","9008","Driver exit RTD3.
 All the connected devices will now cause DeviceConnected events."
"16/8/2025 4:14:03 a. m.","Información","Microsoft-Windows-Kernel-Power","172","Estado de conectividad en modo de espera: Disconnected. Motivo: Adaptive Connected Standby"
"16/8/2025 4:14:00 a. m.","Información","Microsoft-Windows-IsolatedUserMode","1","Secure Trustlet \??\C:\WINDOWS\System32\NgcIso.exe Id 6 and Pid 21972 started with status STATUS_SUCCESS."
"16/8/2025 4:14:00 a. m.","Información","Microsoft-Windows-IsolatedUserMode","5","Secure Trustlet NULL Id 0 and Pid 0 started with status STATUS_SUCCESS."
"16/8/2025 4:13:55 a. m.","Información","Microsoft-Windows-Kernel-Power","566","La sesión del sistema ha cambiado de 110 a 111.

Motivo InputMouse 

BootId: 12"
"16/8/2025 4:13:53 a. m.","Advertencia","rt640x64","1","Realtek PCIe GbE Family Controller is disconnected from network."
"16/8/2025 4:13:50 a. m.","Información","Microsoft-Windows-Kernel-Power","506","El sistema está entrando en el modo de espera moderno 

motivo: AC/DC Display Burst Suppressed. "
"16/8/2025 4:13:50 a. m.","Información","Microsoft-Windows-Kernel-Power","566","La sesión del sistema ha cambiado de 109 a 110.

Motivo InputMouse 

BootId: 12"
"16/8/2025 4:13:50 a. m.","Información","Microsoft-Windows-Kernel-Power","507","El sistema está saliendo del modo de espera moderno 

motivo: AC/DC Display Burst Suppressed. "
"16/8/2025 4:13:50 a. m.","Información","Netwtw10","7026","7026 - Dump after return from D3 after cmd"
"16/8/2025 4:13:50 a. m.","Información","Netwtw10","7025","7025 - Dump after return from D3 before cmd "
