"20/8/2025 4:02:39 a. m.","Información","Microsoft-Windows-Kernel-Power","105","Cambio de fuente de energía."
"20/8/2025 4:00:39 a. m.","Información","Netwtw10","7026","7026 - Dump after return from D3 after cmd"
"20/8/2025 4:00:39 a. m.","Información","Netwtw10","7025","7025 - Dump after return from D3 before cmd "
"20/8/2025 3:58:39 a. m.","Información","Netwtw10","7026","7026 - Dump after return from D3 after cmd"
"20/8/2025 3:58:39 a. m.","Información","Netwtw10","7025","7025 - Dump after return from D3 before cmd "
"20/8/2025 3:56:39 a. m.","Información","Netwtw10","7026","7026 - Dump after return from D3 after cmd"
"20/8/2025 3:56:39 a. m.","Información","Netwtw10","7025","7025 - Dump after return from D3 before cmd "
"20/8/2025 3:54:39 a. m.","Información","Netwtw10","7026","7026 - Dump after return from D3 after cmd"
"20/8/2025 3:54:39 a. m.","Información","Netwtw10","7025","7025 - Dump after return from D3 before cmd "
"20/8/2025 3:52:39 a. m.","Información","Netwtw10","7026","7026 - Dump after return from D3 after cmd"
"20/8/2025 3:52:39 a. m.","Información","Netwtw10","7025","7025 - Dump after return from D3 before cmd "
"20/8/2025 3:50:39 a. m.","Información","Netwtw10","7026","7026 - Dump after return from D3 after cmd"
"20/8/2025 3:50:39 a. m.","Información","Netwtw10","7025","7025 - Dump after return from D3 before cmd "
"20/8/2025 3:48:39 a. m.","Información","Netwtw10","7026","7026 - Dump after return from D3 after cmd"
"20/8/2025 3:48:39 a. m.","Información","Netwtw10","7025","7025 - Dump after return from D3 before cmd "
"20/8/2025 3:46:39 a. m.","Información","Netwtw10","7026","7026 - Dump after return from D3 after cmd"
"20/8/2025 3:46:39 a. m.","Información","Netwtw10","7025","7025 - Dump after return from D3 before cmd "
"20/8/2025 3:44:39 a. m.","Información","Netwtw10","7026","7026 - Dump after return from D3 after cmd"
"20/8/2025 3:44:39 a. m.","Información","Netwtw10","7025","7025 - Dump after return from D3 before cmd "
"20/8/2025 3:42:42 a. m.","Advertencia","rt640x64","1","Realtek PCIe GbE Family Controller is disconnected from network."
"20/8/2025 3:42:39 a. m.","Información","Netwtw10","7026","7026 - Dump after return from D3 after cmd"
"20/8/2025 3:42:39 a. m.","Información","Netwtw10","7025","7025 - Dump after return from D3 before cmd "
"20/8/2025 3:40:39 a. m.","Información","Netwtw10","7026","7026 - Dump after return from D3 after cmd"
"20/8/2025 3:40:39 a. m.","Información","Netwtw10","7025","7025 - Dump after return from D3 before cmd "
"20/8/2025 3:38:39 a. m.","Información","Netwtw10","7026","7026 - Dump after return from D3 after cmd"
"20/8/2025 3:38:39 a. m.","Información","Netwtw10","7025","7025 - Dump after return from D3 before cmd "
"20/8/2025 3:36:39 a. m.","Información","Netwtw10","7026","7026 - Dump after return from D3 after cmd"
"20/8/2025 3:36:39 a. m.","Información","Netwtw10","7025","7025 - Dump after return from D3 before cmd "
"20/8/2025 3:34:39 a. m.","Información","Netwtw10","7026","7026 - Dump after return from D3 after cmd"
"20/8/2025 3:34:39 a. m.","Información","Netwtw10","7025","7025 - Dump after return from D3 before cmd "
"20/8/2025 3:32:39 a. m.","Información","Netwtw10","7026","7026 - Dump after return from D3 after cmd"
"20/8/2025 3:32:39 a. m.","Información","Netwtw10","7025","7025 - Dump after return from D3 before cmd "
"20/8/2025 3:30:39 a. m.","Información","Netwtw10","7026","7026 - Dump after return from D3 after cmd"
"20/8/2025 3:30:39 a. m.","Información","Netwtw10","7025","7025 - Dump after return from D3 before cmd "
"20/8/2025 3:28:39 a. m.","Información","Netwtw10","7026","7026 - Dump after return from D3 after cmd"
"20/8/2025 3:28:39 a. m.","Información","Netwtw10","7025","7025 - Dump after return from D3 before cmd "
"20/8/2025 3:26:39 a. m.","Información","Netwtw10","7026","7026 - Dump after return from D3 after cmd"
"20/8/2025 3:26:39 a. m.","Información","Netwtw10","7025","7025 - Dump after return from D3 before cmd "
"20/8/2025 3:24:39 a. m.","Información","Netwtw10","7026","7026 - Dump after return from D3 after cmd"
"20/8/2025 3:24:39 a. m.","Información","Netwtw10","7025","7025 - Dump after return from D3 before cmd "
"20/8/2025 3:22:39 a. m.","Información","Netwtw10","7026","7026 - Dump after return from D3 after cmd"
"20/8/2025 3:22:39 a. m.","Información","Netwtw10","7025","7025 - Dump after return from D3 before cmd "
"20/8/2025 3:20:43 a. m.","Información","Netwtw10","7026","7026 - Dump after return from D3 after cmd"
"20/8/2025 3:20:43 a. m.","Información","Netwtw10","7025","7025 - Dump after return from D3 before cmd "
"20/8/2025 3:20:42 a. m.","Advertencia","rt640x64","1","Realtek PCIe GbE Family Controller is disconnected from network."
"20/8/2025 3:20:39 a. m.","Información","Netwtw10","7026","7026 - Dump after return from D3 after cmd"
"20/8/2025 3:20:39 a. m.","Información","Netwtw10","7025","7025 - Dump after return from D3 before cmd "
"20/8/2025 3:18:39 a. m.","Información","Netwtw10","7026","7026 - Dump after return from D3 after cmd"
"20/8/2025 3:18:39 a. m.","Información","Netwtw10","7025","7025 - Dump after return from D3 before cmd "
"20/8/2025 3:16:42 a. m.","Advertencia","rt640x64","1","Realtek PCIe GbE Family Controller is disconnected from network."
"20/8/2025 3:16:39 a. m.","Información","Netwtw10","7026","7026 - Dump after return from D3 after cmd"
"20/8/2025 3:16:39 a. m.","Información","Netwtw10","7025","7025 - Dump after return from D3 before cmd "
"20/8/2025 3:14:39 a. m.","Información","Netwtw10","7026","7026 - Dump after return from D3 after cmd"
"20/8/2025 3:14:39 a. m.","Información","Netwtw10","7025","7025 - Dump after return from D3 before cmd "
"20/8/2025 3:12:42 a. m.","Advertencia","rt640x64","1","Realtek PCIe GbE Family Controller is disconnected from network."
"20/8/2025 3:12:39 a. m.","Información","Netwtw10","7026","7026 - Dump after return from D3 after cmd"
"20/8/2025 3:12:39 a. m.","Información","Netwtw10","7025","7025 - Dump after return from D3 before cmd "
"20/8/2025 3:10:39 a. m.","Información","Netwtw10","7026","7026 - Dump after return from D3 after cmd"
"20/8/2025 3:10:39 a. m.","Información","Netwtw10","7025","7025 - Dump after return from D3 before cmd "
"20/8/2025 3:08:39 a. m.","Información","Netwtw10","7026","7026 - Dump after return from D3 after cmd"
"20/8/2025 3:08:39 a. m.","Información","Netwtw10","7025","7025 - Dump after return from D3 before cmd "
"20/8/2025 3:06:39 a. m.","Información","Netwtw10","7026","7026 - Dump after return from D3 after cmd"
"20/8/2025 3:06:39 a. m.","Información","Netwtw10","7025","7025 - Dump after return from D3 before cmd "
"20/8/2025 3:04:39 a. m.","Información","Netwtw10","7026","7026 - Dump after return from D3 after cmd"
"20/8/2025 3:04:39 a. m.","Información","Netwtw10","7025","7025 - Dump after return from D3 before cmd "
"20/8/2025 3:02:39 a. m.","Información","Netwtw10","7026","7026 - Dump after return from D3 after cmd"
"20/8/2025 3:02:39 a. m.","Información","Netwtw10","7025","7025 - Dump after return from D3 before cmd "
"20/8/2025 3:00:42 a. m.","Advertencia","rt640x64","1","Realtek PCIe GbE Family Controller is disconnected from network."
"20/8/2025 3:00:39 a. m.","Información","Netwtw10","7026","7026 - Dump after return from D3 after cmd"
"20/8/2025 3:00:39 a. m.","Información","Netwtw10","7025","7025 - Dump after return from D3 before cmd "
"20/8/2025 2:58:39 a. m.","Información","Netwtw10","7026","7026 - Dump after return from D3 after cmd"
"20/8/2025 2:58:39 a. m.","Información","Netwtw10","7025","7025 - Dump after return from D3 before cmd "
"20/8/2025 2:56:39 a. m.","Información","Netwtw10","7026","7026 - Dump after return from D3 after cmd"
"20/8/2025 2:56:39 a. m.","Información","Netwtw10","7025","7025 - Dump after return from D3 before cmd "
"20/8/2025 2:54:39 a. m.","Información","Netwtw10","7026","7026 - Dump after return from D3 after cmd"
"20/8/2025 2:54:39 a. m.","Información","Netwtw10","7025","7025 - Dump after return from D3 before cmd "
"20/8/2025 2:52:42 a. m.","Advertencia","rt640x64","1","Realtek PCIe GbE Family Controller is disconnected from network."
"20/8/2025 2:52:39 a. m.","Información","Netwtw10","7026","7026 - Dump after return from D3 after cmd"
"20/8/2025 2:52:39 a. m.","Información","Netwtw10","7025","7025 - Dump after return from D3 before cmd "
"20/8/2025 2:50:39 a. m.","Información","Netwtw10","7026","7026 - Dump after return from D3 after cmd"
"20/8/2025 2:50:39 a. m.","Información","Netwtw10","7025","7025 - Dump after return from D3 before cmd "
"20/8/2025 2:48:39 a. m.","Información","Netwtw10","7026","7026 - Dump after return from D3 after cmd"
"20/8/2025 2:48:39 a. m.","Información","Netwtw10","7025","7025 - Dump after return from D3 before cmd "
"20/8/2025 2:46:39 a. m.","Información","Netwtw10","7026","7026 - Dump after return from D3 after cmd"
"20/8/2025 2:46:39 a. m.","Información","Netwtw10","7025","7025 - Dump after return from D3 before cmd "
"20/8/2025 2:44:39 a. m.","Información","Netwtw10","7026","7026 - Dump after return from D3 after cmd"
"20/8/2025 2:44:39 a. m.","Información","Netwtw10","7025","7025 - Dump after return from D3 before cmd "
"20/8/2025 2:42:39 a. m.","Información","Netwtw10","7026","7026 - Dump after return from D3 after cmd"
"20/8/2025 2:42:39 a. m.","Información","Netwtw10","7025","7025 - Dump after return from D3 before cmd "
"20/8/2025 2:40:39 a. m.","Información","Netwtw10","7026","7026 - Dump after return from D3 after cmd"
"20/8/2025 2:40:39 a. m.","Información","Netwtw10","7025","7025 - Dump after return from D3 before cmd "
"20/8/2025 2:38:39 a. m.","Información","Netwtw10","7026","7026 - Dump after return from D3 after cmd"
"20/8/2025 2:38:39 a. m.","Información","Netwtw10","7025","7025 - Dump after return from D3 before cmd "
"20/8/2025 2:36:39 a. m.","Información","Netwtw10","7026","7026 - Dump after return from D3 after cmd"
"20/8/2025 2:36:39 a. m.","Información","Netwtw10","7025","7025 - Dump after return from D3 before cmd "
"20/8/2025 2:34:39 a. m.","Información","Netwtw10","7026","7026 - Dump after return from D3 after cmd"
"20/8/2025 2:34:39 a. m.","Información","Netwtw10","7025","7025 - Dump after return from D3 before cmd "
"20/8/2025 2:32:39 a. m.","Información","Netwtw10","7026","7026 - Dump after return from D3 after cmd"
"20/8/2025 2:32:39 a. m.","Información","Netwtw10","7025","7025 - Dump after return from D3 before cmd "
"20/8/2025 2:30:39 a. m.","Información","Netwtw10","7026","7026 - Dump after return from D3 after cmd"
"20/8/2025 2:30:39 a. m.","Información","Netwtw10","7025","7025 - Dump after return from D3 before cmd "
"20/8/2025 2:28:39 a. m.","Información","Netwtw10","7026","7026 - Dump after return from D3 after cmd"
"20/8/2025 2:28:39 a. m.","Información","Netwtw10","7025","7025 - Dump after return from D3 before cmd "
"20/8/2025 2:26:39 a. m.","Información","Netwtw10","7026","7026 - Dump after return from D3 after cmd"
"20/8/2025 2:26:39 a. m.","Información","Netwtw10","7025","7025 - Dump after return from D3 before cmd "
"20/8/2025 2:24:39 a. m.","Información","Netwtw10","7026","7026 - Dump after return from D3 after cmd"
"20/8/2025 2:24:39 a. m.","Información","Netwtw10","7025","7025 - Dump after return from D3 before cmd "
"20/8/2025 2:22:39 a. m.","Información","Netwtw10","7026","7026 - Dump after return from D3 after cmd"
"20/8/2025 2:22:39 a. m.","Información","Netwtw10","7025","7025 - Dump after return from D3 before cmd "
"20/8/2025 2:20:45 a. m.","Información","nhi","9007","The driver entered RTD3.
 All the connected devices will be removed from driver's internal state, so it is expected that DeviceDisconnected events will happen."
"20/8/2025 2:20:41 a. m.","Información","Netwtw10","7026","7026 - Dump after return from D3 after cmd"
"20/8/2025 2:20:41 a. m.","Información","Netwtw10","7025","7025 - Dump after return from D3 before cmd "
"20/8/2025 2:20:39 a. m.","Información","Netwtw10","7026","7026 - Dump after return from D3 after cmd"
"20/8/2025 2:20:39 a. m.","Información","Netwtw10","7025","7025 - Dump after return from D3 before cmd "
"20/8/2025 2:18:41 a. m.","Información","nhi","9008","Driver exit RTD3.
 All the connected devices will now cause DeviceConnected events."
"20/8/2025 2:18:41 a. m.","Información","Netwtw10","7026","7026 - Dump after return from D3 after cmd"
"20/8/2025 2:18:41 a. m.","Información","Netwtw10","7025","7025 - Dump after return from D3 before cmd "
"20/8/2025 2:18:39 a. m.","Información","Netwtw10","7026","7026 - Dump after return from D3 after cmd"
"20/8/2025 2:18:39 a. m.","Información","Netwtw10","7025","7025 - Dump after return from D3 before cmd "
"20/8/2025 2:16:45 a. m.","Información","nhi","9007","The driver entered RTD3.
 All the connected devices will be removed from driver's internal state, so it is expected that DeviceDisconnected events will happen."
"20/8/2025 2:16:39 a. m.","Información","Netwtw10","7026","7026 - Dump after return from D3 after cmd"
"20/8/2025 2:16:39 a. m.","Información","Netwtw10","7025","7025 - Dump after return from D3 before cmd "
"20/8/2025 2:14:41 a. m.","Información","nhi","9008","Driver exit RTD3.
 All the connected devices will now cause DeviceConnected events."
"20/8/2025 2:14:41 a. m.","Información","Netwtw10","7026","7026 - Dump after return from D3 after cmd"
"20/8/2025 2:14:41 a. m.","Información","Netwtw10","7025","7025 - Dump after return from D3 before cmd "
"20/8/2025 2:14:39 a. m.","Información","Netwtw10","7026","7026 - Dump after return from D3 after cmd"
"20/8/2025 2:14:39 a. m.","Información","Netwtw10","7025","7025 - Dump after return from D3 before cmd "
"20/8/2025 2:12:39 a. m.","Información","Netwtw10","7026","7026 - Dump after return from D3 after cmd"
"20/8/2025 2:12:39 a. m.","Información","Netwtw10","7025","7025 - Dump after return from D3 before cmd "
"20/8/2025 2:10:39 a. m.","Información","Netwtw10","7026","7026 - Dump after return from D3 after cmd"
"20/8/2025 2:10:39 a. m.","Información","Netwtw10","7025","7025 - Dump after return from D3 before cmd "
"20/8/2025 2:08:39 a. m.","Información","Netwtw10","7026","7026 - Dump after return from D3 after cmd"
"20/8/2025 2:08:39 a. m.","Información","Netwtw10","7025","7025 - Dump after return from D3 before cmd "
"20/8/2025 2:06:39 a. m.","Información","Netwtw10","7026","7026 - Dump after return from D3 after cmd"
"20/8/2025 2:06:39 a. m.","Información","Netwtw10","7025","7025 - Dump after return from D3 before cmd "
"20/8/2025 2:04:39 a. m.","Información","Netwtw10","7026","7026 - Dump after return from D3 after cmd"
"20/8/2025 2:04:39 a. m.","Información","Netwtw10","7025","7025 - Dump after return from D3 before cmd "
"20/8/2025 2:02:39 a. m.","Información","Netwtw10","7026","7026 - Dump after return from D3 after cmd"
"20/8/2025 2:02:39 a. m.","Información","Netwtw10","7025","7025 - Dump after return from D3 before cmd "
"20/8/2025 2:00:45 a. m.","Información","nhi","9007","The driver entered RTD3.
 All the connected devices will be removed from driver's internal state, so it is expected that DeviceDisconnected events will happen."
"20/8/2025 2:00:39 a. m.","Información","Netwtw10","7026","7026 - Dump after return from D3 after cmd"
"20/8/2025 2:00:39 a. m.","Información","Netwtw10","7025","7025 - Dump after return from D3 before cmd "
"20/8/2025 1:58:41 a. m.","Información","Netwtw10","7026","7026 - Dump after return from D3 after cmd"
"20/8/2025 1:58:41 a. m.","Información","Netwtw10","7025","7025 - Dump after return from D3 before cmd "
"20/8/2025 1:58:41 a. m.","Información","nhi","9008","Driver exit RTD3.
 All the connected devices will now cause DeviceConnected events."
"20/8/2025 1:58:39 a. m.","Información","Netwtw10","7026","7026 - Dump after return from D3 after cmd"
"20/8/2025 1:58:39 a. m.","Información","Netwtw10","7025","7025 - Dump after return from D3 before cmd "
"20/8/2025 1:57:44 a. m.","Advertencia","rt640x64","1","Realtek PCIe GbE Family Controller is disconnected from network."
"20/8/2025 1:57:41 a. m.","Información","Netwtw10","7026","7026 - Dump after return from D3 after cmd"
"20/8/2025 1:57:41 a. m.","Información","Netwtw10","7025","7025 - Dump after return from D3 before cmd "
"20/8/2025 1:56:39 a. m.","Información","Netwtw10","7026","7026 - Dump after return from D3 after cmd"
"20/8/2025 1:56:39 a. m.","Información","Netwtw10","7025","7025 - Dump after return from D3 before cmd "
"20/8/2025 1:54:39 a. m.","Información","Netwtw10","7026","7026 - Dump after return from D3 after cmd"
"20/8/2025 1:54:39 a. m.","Información","Netwtw10","7025","7025 - Dump after return from D3 before cmd "
"20/8/2025 1:52:45 a. m.","Información","nhi","9007","The driver entered RTD3.
 All the connected devices will be removed from driver's internal state, so it is expected that DeviceDisconnected events will happen."
"20/8/2025 1:52:39 a. m.","Información","Netwtw10","7026","7026 - Dump after return from D3 after cmd"
"20/8/2025 1:52:39 a. m.","Información","Netwtw10","7025","7025 - Dump after return from D3 before cmd "
"20/8/2025 1:52:35 a. m.","Información","Netwtw10","7026","7026 - Dump after return from D3 after cmd"
"20/8/2025 1:52:35 a. m.","Información","Netwtw10","7025","7025 - Dump after return from D3 before cmd "
"20/8/2025 1:52:10 a. m.","Información","Netwtw10","7026","7026 - Dump after return from D3 after cmd"
"20/8/2025 1:52:10 a. m.","Información","Netwtw10","7025","7025 - Dump after return from D3 before cmd "
"20/8/2025 1:52:10 a. m.","Información","nhi","9008","Driver exit RTD3.
 All the connected devices will now cause DeviceConnected events."
"20/8/2025 1:51:11 a. m.","Información","Microsoft-Windows-Kernel-Power","566","La sesión del sistema ha cambiado de 36 a 37.

Motivo PolicyChange 

BootId: 16"
"20/8/2025 1:51:11 a. m.","Advertencia","Win32k","700","Administrador de energía solicitó la supresión de todas las entradas (INPUT_SUPPRESS_REQUEST = 1)"
"20/8/2025 1:51:11 a. m.","Advertencia","Win32k","700","Administrador de energía solicitó la supresión de todas las entradas (INPUT_SUPPRESS_REQUEST = 1)"
"20/8/2025 1:51:11 a. m.","Información","Microsoft-Windows-Kernel-Power","506","El sistema está entrando en el modo de espera moderno 

motivo: Lid. "
"20/8/2025 1:51:11 a. m.","Información","Microsoft-Windows-Kernel-Power","566","La sesión del sistema ha cambiado de 35 a 36.

Motivo PolicyChange 

BootId: 16"
"20/8/2025 12:47:45 a. m.","Advertencia","Netwtw10","6062","6062 - Lso was triggered"
"20/8/2025 12:45:40 a. m.","Información","Microsoft-Windows-Kernel-General","16","El historial de accesos en el subárbol \??\C:\Users\PCTIC-05\AppData\Local\Packages\Microsoft.Windows.Photos_8wekyb3d8bbwe\Settings\settings.dat se borró mediante la actualización de 13 claves y la creación de 6 páginas modificadas."
"20/8/2025 12:45:40 a. m.","Información","Microsoft-Windows-Kernel-General","16","El historial de accesos en el subárbol \??\C:\ProgramData\Packages\Microsoft.Windows.Photos_8wekyb3d8bbwe\S-1-5-21-72991934-2165796093-3938425774-1001\SystemAppData\Helium\Cache\c734854775b982fd_COM15.dat se borró mediante la actualización de 1 claves y la creación de 1 páginas modificadas."
"20/8/2025 12:45:40 a. m.","Información","Microsoft-Windows-Kernel-General","16","El historial de accesos en el subárbol \??\C:\Users\PCTIC-05\AppData\Local\Packages\Microsoft.Windows.Photos_8wekyb3d8bbwe\SystemAppData\Helium\UserClasses.dat se borró mediante la actualización de 15 claves y la creación de 2 páginas modificadas."
"20/8/2025 12:45:40 a. m.","Información","Microsoft-Windows-Kernel-General","16","El historial de accesos en el subárbol \??\C:\Users\PCTIC-05\AppData\Local\Packages\Microsoft.Windows.Photos_8wekyb3d8bbwe\SystemAppData\Helium\User.dat se borró mediante la actualización de 20 claves y la creación de 2 páginas modificadas."
"20/8/2025 12:44:34 a. m.","Información","Microsoft-Windows-Kernel-Power","566","La sesión del sistema ha cambiado de 34 a 35.

Motivo PolicyChange 

BootId: 16"
"20/8/2025 12:44:34 a. m.","Información","Microsoft-Windows-Kernel-Power","507","El sistema está saliendo del modo de espera moderno 

motivo: Lid. "
"20/8/2025 12:44:34 a. m.","Información","Netwtw10","7026","7026 - Dump after return from D3 after cmd"
"20/8/2025 12:44:34 a. m.","Información","Netwtw10","7025","7025 - Dump after return from D3 before cmd "
"20/8/2025 12:44:34 a. m.","Advertencia","Win32k","701","Administrador de energía no solicitó la supresión de todas las entradas (INPUT_SUPPRESS_REQUEST = 0)"
"20/8/2025 12:44:34 a. m.","Advertencia","Win32k","701","Administrador de energía no solicitó la supresión de todas las entradas (INPUT_SUPPRESS_REQUEST = 0)"
"20/8/2025 12:35:24 a. m.","Información","Microsoft-Windows-Kernel-Power","566","La sesión del sistema ha cambiado de 33 a 34.

Motivo InputMouse 

BootId: 16"
"20/8/2025 12:35:19 a. m.","Información","Microsoft-Windows-Kernel-Power","506","El sistema está entrando en el modo de espera moderno 

motivo: AC/DC Display Burst Suppressed. "
"20/8/2025 12:35:19 a. m.","Información","Microsoft-Windows-Kernel-Power","566","La sesión del sistema ha cambiado de 32 a 33.

Motivo InputMouse 

BootId: 16"
"20/8/2025 12:35:19 a. m.","Información","Microsoft-Windows-Kernel-Power","507","El sistema está saliendo del modo de espera moderno 

motivo: AC/DC Display Burst Suppressed. "
"20/8/2025 12:35:19 a. m.","Información","Microsoft-Windows-Kernel-Power","172","Estado de conectividad en modo de espera: Connected. Motivo: None"
"20/8/2025 12:35:19 a. m.","Información","Netwtw10","7026","7026 - Dump after return from D3 after cmd"
"20/8/2025 12:35:19 a. m.","Información","Netwtw10","7025","7025 - Dump after return from D3 before cmd "
"20/8/2025 12:35:19 a. m.","Información","Microsoft-Windows-Kernel-Power","105","Cambio de fuente de energía."
"20/8/2025 12:18:35 a. m.","Información","Microsoft-Windows-Kernel-Power","172","Estado de conectividad en modo de espera: Disconnected. Motivo: Adaptive Connected Standby"
"20/8/2025 12:18:29 a. m.","Información","Microsoft-Windows-Kernel-General","1","La hora del sistema ha cambiado a ‎2025‎-‎08‎-‎20T04:18:29.406580800Z de ‎2025‎-‎08‎-‎20T04:18:29.407500500Z.
Diferencia horaria: 0 ms

Motivo del cambio: An application or system component changed the time.
Proceso: '\Device\HarddiskVolume3\Windows\System32\svchost.exe' (PID 15216).

Hora de RTC: ‎2025‎-‎08‎-‎20T00:18:29.406580800Z
Diferencia de zona horaria actual: 240
hora RTC es UTC: false
La hora del sistema se basaba en la hora RTC: false"
"20/8/2025 12:18:29 a. m.","Error","Microsoft-Windows-HAL","21","No se estableció el reloj en tiempo real de hardware debido a un error en la evaluación del método de dispositivo de alarma y hora ACPI.  Estado: 0xC00000BB."
"20/8/2025 12:18:29 a. m.","Error","Microsoft-Windows-HAL","20","No se consultó el reloj en tiempo real de hardware debido a un error en la evaluación del método de dispositivo de alarma y hora ACPI.  Estado: 0xC00000BB."
"20/8/2025 12:18:29 a. m.","Información","Microsoft-Windows-Kernel-General","24","La información de zona horaria se actualizó con el motivo de salida 0. La diferencia de zona horaria actual es 240."
"20/8/2025 12:18:29 a. m.","Información","Microsoft-Windows-Kernel-Power","566","La sesión del sistema ha cambiado de 31 a 32.

Motivo PolicyChange 

BootId: 16"
"20/8/2025 12:18:29 a. m.","Información","Microsoft-Windows-Kernel-Power","506","El sistema está entrando en el modo de espera moderno 

motivo: Lid. "
"20/8/2025 12:18:29 a. m.","Advertencia","Win32k","700","Administrador de energía solicitó la supresión de todas las entradas (INPUT_SUPPRESS_REQUEST = 1)"
"20/8/2025 12:18:29 a. m.","Advertencia","Win32k","700","Administrador de energía solicitó la supresión de todas las entradas (INPUT_SUPPRESS_REQUEST = 1)"
"20/8/2025 12:18:29 a. m.","Información","Microsoft-Windows-Kernel-Power","566","La sesión del sistema ha cambiado de 30 a 31.

Motivo PolicyChange 

BootId: 16"
"20/8/2025 12:15:21 a. m.","Información","Microsoft-Windows-Kernel-General","16","El historial de accesos en el subárbol \??\C:\ProgramData\Microsoft\Windows\AppRepository\Packages\MSTeams_25198.1112.3855.2900_x64__8wekyb3d8bbwe\ActivationStore.dat se borró mediante la actualización de 0 claves y la creación de 0 páginas modificadas."
"20/8/2025 12:15:20 a. m.","Información","Microsoft-Windows-Time-Service","37","El proveedor de hora NtpClient está recibiendo datos de hora  válidos desde time.windows.com,0x9 (ntp.m|0x9|0.0.0.0:123->40.119.6.228:123)."
"19/8/2025 11:53:12 p. m.","Información","Microsoft-Windows-Kernel-Power","105","Cambio de fuente de energía."
"19/8/2025 11:05:59 p. m.","Información","Service Control Manager","7040","El tipo de inicio del servicio Windows Modules Installer se cambió de inicio automático a inicio por solicitud."
"19/8/2025 11:03:55 p. m.","Información","Service Control Manager","7040","El tipo de inicio del servicio Windows Modules Installer se cambió de inicio por solicitud a inicio automático."
"19/8/2025 11:03:00 p. m.","Información","Microsoft-Windows-WindowsUpdateClient","44","Windows Update comenzó a descargar una actualización."
"19/8/2025 10:47:59 p. m.","Información","Microsoft-Windows-Kernel-Power","105","Cambio de fuente de energía."
"19/8/2025 10:47:37 p. m.","Información","Netwtw10","7021","7021 - Connection telemetry fields and analysis usage"
"19/8/2025 10:47:37 p. m.","Información","Microsoft-Windows-Kernel-Power","566","La sesión del sistema ha cambiado de 29 a 30.

Motivo InputPoUserPresent 

BootId: 16"
"19/8/2025 10:47:37 p. m.","Información","Microsoft-Windows-Kernel-Power","507","El sistema está saliendo del modo de espera moderno 

motivo: Input Touchpad. "
"19/8/2025 10:47:37 p. m.","Información","Microsoft-Windows-Kernel-Power","172","Estado de conectividad en modo de espera: Connected. Motivo: None"
"19/8/2025 10:47:37 p. m.","Información","Netwtw10","7026","7026 - Dump after return from D3 after cmd"
"19/8/2025 10:47:37 p. m.","Información","Netwtw10","7025","7025 - Dump after return from D3 before cmd "
"19/8/2025 10:44:17 p. m.","Información","Microsoft-Windows-Kernel-Power","172","Estado de conectividad en modo de espera: Disconnected. Motivo: Policy Setting"
"19/8/2025 10:44:10 p. m.","Información","Microsoft-Windows-Kernel-Power","566","La sesión del sistema ha cambiado de 28 a 29.

Motivo 55 

BootId: 16"
"19/8/2025 10:44:05 p. m.","Información","Microsoft-Windows-Kernel-Power","506","El sistema está entrando en el modo de espera moderno 

motivo: Austerity Battery Drain Budget Exceeded. "
"19/8/2025 10:44:05 p. m.","Información","Microsoft-Windows-Kernel-Power","566","La sesión del sistema ha cambiado de 27 a 28.

Motivo 55 

BootId: 16"
"19/8/2025 10:44:05 p. m.","Información","Microsoft-Windows-Kernel-Power","507","El sistema está saliendo del modo de espera moderno 

motivo: Austerity Battery Drain Budget Exceeded. "
"19/8/2025 10:44:05 p. m.","Información","Microsoft-Windows-Kernel-Power","172","Estado de conectividad en modo de espera: Connected. Motivo: None"
"19/8/2025 10:44:05 p. m.","Información","Netwtw10","7026","7026 - Dump after return from D3 after cmd"
"19/8/2025 10:44:05 p. m.","Información","Netwtw10","7025","7025 - Dump after return from D3 before cmd "
"19/8/2025 10:22:09 p. m.","Información","Microsoft-Windows-Kernel-Power","172","Estado de conectividad en modo de espera: Disconnected. Motivo: Adaptive Connected Standby"
"19/8/2025 10:22:02 p. m.","Información","Microsoft-Windows-Kernel-Power","566","La sesión del sistema ha cambiado de 26 a 27.

Motivo Unknown 

BootId: 16"
"19/8/2025 10:22:02 p. m.","Información","Microsoft-Windows-Kernel-Power","506","El sistema está entrando en el modo de espera moderno 

motivo: Power Button. "
"19/8/2025 10:22:02 p. m.","Información","Microsoft-Windows-Kernel-Power","566","La sesión del sistema ha cambiado de 25 a 26.

Motivo Unknown 

BootId: 16"
"19/8/2025 10:02:13 p. m.","Información","Netwtw10","7021","7021 - Connection telemetry fields and analysis usage"
"19/8/2025 9:22:00 p. m.","Información","Netwtw10","7021","7021 - Connection telemetry fields and analysis usage"
"19/8/2025 9:22:00 p. m.","Información","Microsoft-Windows-Kernel-Power","566","La sesión del sistema ha cambiado de 24 a 25.

Motivo PolicyChange 

BootId: 16"
"19/8/2025 9:22:00 p. m.","Información","Microsoft-Windows-Kernel-Power","507","El sistema está saliendo del modo de espera moderno 

motivo: Lid. "
"19/8/2025 9:21:59 p. m.","Información","Microsoft-Windows-Kernel-Power","172","Estado de conectividad en modo de espera: Connected. Motivo: None"
"19/8/2025 9:21:59 p. m.","Información","Netwtw10","7026","7026 - Dump after return from D3 after cmd"
"19/8/2025 9:21:59 p. m.","Información","Netwtw10","7025","7025 - Dump after return from D3 before cmd "
"19/8/2025 9:21:59 p. m.","Advertencia","Win32k","701","Administrador de energía no solicitó la supresión de todas las entradas (INPUT_SUPPRESS_REQUEST = 0)"
"19/8/2025 9:21:59 p. m.","Advertencia","Win32k","701","Administrador de energía no solicitó la supresión de todas las entradas (INPUT_SUPPRESS_REQUEST = 0)"
"19/8/2025 9:10:14 p. m.","Información","Microsoft-Windows-Kernel-Power","172","Estado de conectividad en modo de espera: Disconnected. Motivo: Policy Setting"
"19/8/2025 9:10:06 p. m.","Información","Microsoft-Windows-Kernel-Power","566","La sesión del sistema ha cambiado de 23 a 24.

Motivo 55 

BootId: 16"
"19/8/2025 9:10:01 p. m.","Información","Microsoft-Windows-Kernel-Power","506","El sistema está entrando en el modo de espera moderno 

motivo: Austerity Battery Drain Budget Exceeded. "
"19/8/2025 9:10:01 p. m.","Información","Microsoft-Windows-Kernel-Power","566","La sesión del sistema ha cambiado de 22 a 23.

Motivo 55 

BootId: 16"
"19/8/2025 9:10:01 p. m.","Información","Microsoft-Windows-Kernel-Power","507","El sistema está saliendo del modo de espera moderno 

motivo: Austerity Battery Drain Budget Exceeded. "
"19/8/2025 9:10:01 p. m.","Información","Microsoft-Windows-Kernel-Power","172","Estado de conectividad en modo de espera: Connected. Motivo: None"
"19/8/2025 9:10:01 p. m.","Información","Netwtw10","7026","7026 - Dump after return from D3 after cmd"
"19/8/2025 9:10:01 p. m.","Información","Netwtw10","7025","7025 - Dump after return from D3 before cmd "
"19/8/2025 8:47:57 p. m.","Información","nhi","9007","The driver entered RTD3.
 All the connected devices will be removed from driver's internal state, so it is expected that DeviceDisconnected events will happen."
"19/8/2025 8:47:51 p. m.","Información","Netwtw10","7026","7026 - Dump after return from D3 after cmd"
"19/8/2025 8:47:51 p. m.","Información","Netwtw10","7025","7025 - Dump after return from D3 before cmd "
"19/8/2025 8:47:51 p. m.","Información","nhi","9008","Driver exit RTD3.
 All the connected devices will now cause DeviceConnected events."
"19/8/2025 8:47:03 p. m.","Información","Microsoft-Windows-Kernel-Power","172","Estado de conectividad en modo de espera: Disconnected. Motivo: Adaptive Connected Standby"
"19/8/2025 8:46:56 p. m.","Información","Microsoft-Windows-Kernel-Power","566","La sesión del sistema ha cambiado de 21 a 22.

Motivo PolicyChange 

BootId: 16"
"19/8/2025 8:46:56 p. m.","Información","Microsoft-Windows-Kernel-Power","506","El sistema está entrando en el modo de espera moderno 

motivo: Lid. "
"19/8/2025 8:46:56 p. m.","Advertencia","Win32k","700","Administrador de energía solicitó la supresión de todas las entradas (INPUT_SUPPRESS_REQUEST = 1)"
"19/8/2025 8:46:56 p. m.","Advertencia","Win32k","700","Administrador de energía solicitó la supresión de todas las entradas (INPUT_SUPPRESS_REQUEST = 1)"
"19/8/2025 8:46:56 p. m.","Información","Microsoft-Windows-Kernel-Power","566","La sesión del sistema ha cambiado de 20 a 21.

Motivo PolicyChange 

BootId: 16"
"19/8/2025 7:56:59 p. m.","Información","Microsoft-Windows-Kernel-Power","105","Cambio de fuente de energía."
"19/8/2025 7:07:54 p. m.","Información","nhi","9007","The driver entered RTD3.
 All the connected devices will be removed from driver's internal state, so it is expected that DeviceDisconnected events will happen."
"19/8/2025 7:07:49 p. m.","Información","nhi","9008","Driver exit RTD3.
 All the connected devices will now cause DeviceConnected events."
"19/8/2025 6:59:31 p. m.","Advertencia","rt640x64","1","Realtek PCIe GbE Family Controller is disconnected from network."
"19/8/2025 6:59:29 p. m.","Información","Microsoft-Windows-Kernel-Power","566","La sesión del sistema ha cambiado de 19 a 20.

Motivo InputPoUserPresent 

BootId: 16"
"19/8/2025 6:59:29 p. m.","Información","Microsoft-Windows-Kernel-Power","507","El sistema está saliendo del modo de espera moderno 

motivo: Input Touchpad. "
"19/8/2025 6:59:28 p. m.","Información","Netwtw10","7026","7026 - Dump after return from D3 after cmd"
"19/8/2025 6:59:28 p. m.","Información","Netwtw10","7025","7025 - Dump after return from D3 before cmd "
"19/8/2025 6:59:18 p. m.","Información","Netwtw10","7026","7026 - Dump after return from D3 after cmd"
"19/8/2025 6:59:18 p. m.","Información","Netwtw10","7025","7025 - Dump after return from D3 before cmd "
"19/8/2025 6:57:18 p. m.","Información","Netwtw10","7026","7026 - Dump after return from D3 after cmd"
"19/8/2025 6:57:18 p. m.","Información","Netwtw10","7025","7025 - Dump after return from D3 before cmd "
"19/8/2025 6:55:18 p. m.","Información","Netwtw10","7026","7026 - Dump after return from D3 after cmd"
"19/8/2025 6:55:18 p. m.","Información","Netwtw10","7025","7025 - Dump after return from D3 before cmd "
"19/8/2025 6:53:18 p. m.","Información","Netwtw10","7026","7026 - Dump after return from D3 after cmd"
"19/8/2025 6:53:18 p. m.","Información","Netwtw10","7025","7025 - Dump after return from D3 before cmd "
"19/8/2025 6:51:18 p. m.","Información","Netwtw10","7026","7026 - Dump after return from D3 after cmd"
"19/8/2025 6:51:18 p. m.","Información","Netwtw10","7025","7025 - Dump after return from D3 before cmd "
"19/8/2025 6:49:18 p. m.","Información","Netwtw10","7026","7026 - Dump after return from D3 after cmd"
"19/8/2025 6:49:18 p. m.","Información","Netwtw10","7025","7025 - Dump after return from D3 before cmd "
"19/8/2025 6:47:18 p. m.","Información","Netwtw10","7026","7026 - Dump after return from D3 after cmd"
"19/8/2025 6:47:18 p. m.","Información","Netwtw10","7025","7025 - Dump after return from D3 before cmd "
"19/8/2025 6:45:18 p. m.","Información","Netwtw10","7026","7026 - Dump after return from D3 after cmd"
"19/8/2025 6:45:18 p. m.","Información","Netwtw10","7025","7025 - Dump after return from D3 before cmd "
"19/8/2025 6:43:43 p. m.","Información","Microsoft-Windows-Kernel-General","1","La hora del sistema ha cambiado a ‎2025‎-‎08‎-‎19T22:43:43.378913300Z de ‎2025‎-‎08‎-‎19T22:43:43.378538000Z.
Diferencia horaria: 0 ms

Motivo del cambio: An application or system component changed the time.
Proceso: '\Device\HarddiskVolume3\Windows\System32\svchost.exe' (PID 15216).

Hora de RTC: ‎2025‎-‎08‎-‎19T18:43:43.378913300Z
Diferencia de zona horaria actual: 240
hora RTC es UTC: false
La hora del sistema se basaba en la hora RTC: false"
"19/8/2025 6:43:43 p. m.","Error","Microsoft-Windows-HAL","21","No se estableció el reloj en tiempo real de hardware debido a un error en la evaluación del método de dispositivo de alarma y hora ACPI.  Estado: 0xC00000BB."
"19/8/2025 6:43:43 p. m.","Error","Microsoft-Windows-HAL","20","No se consultó el reloj en tiempo real de hardware debido a un error en la evaluación del método de dispositivo de alarma y hora ACPI.  Estado: 0xC00000BB."
"19/8/2025 6:43:43 p. m.","Información","Microsoft-Windows-Kernel-General","24","La información de zona horaria se actualizó con el motivo de salida 0. La diferencia de zona horaria actual es 240."
"19/8/2025 6:43:43 p. m.","Información","Microsoft-Windows-Kernel-Power","566","La sesión del sistema ha cambiado de 18 a 19.

Motivo Unknown 

BootId: 16"
"19/8/2025 6:43:43 p. m.","Información","Microsoft-Windows-Kernel-Power","506","El sistema está entrando en el modo de espera moderno 

motivo: Power Button. "
"19/8/2025 6:43:43 p. m.","Información","Microsoft-Windows-Kernel-Power","566","La sesión del sistema ha cambiado de 17 a 18.

Motivo Unknown 

BootId: 16"
"19/8/2025 6:16:03 p. m.","Información","Microsoft-Windows-Kernel-Power","105","Cambio de fuente de energía."
"19/8/2025 6:15:58 p. m.","Información","Microsoft-Windows-Kernel-Power","105","Cambio de fuente de energía."
"19/8/2025 6:10:35 p. m.","Información","Microsoft-Windows-Kernel-General","16","El historial de accesos en el subárbol \??\C:\Users\PCTIC-05\AppData\Local\Packages\Microsoft.Windows.ShellExperienceHost_cw5n1h2txyewy\Settings\settings.dat se borró mediante la actualización de 2 claves y la creación de 1 páginas modificadas."
"19/8/2025 5:22:54 p. m.","Información","Microsoft-Windows-Kernel-Power","105","Cambio de fuente de energía."
"19/8/2025 4:53:31 p. m.","Información","Microsoft-Windows-IsolatedUserMode","2","Secure Trustlet Id 6 and Pid 20312 stopped with status STATUS_SUCCESS."
"19/8/2025 4:45:50 p. m.","Información","Microsoft-Windows-IsolatedUserMode","1","Secure Trustlet \??\C:\WINDOWS\System32\NgcIso.exe Id 6 and Pid 20312 started with status STATUS_SUCCESS."
"19/8/2025 4:45:50 p. m.","Información","Microsoft-Windows-IsolatedUserMode","5","Secure Trustlet NULL Id 0 and Pid 0 started with status STATUS_SUCCESS."
"19/8/2025 4:19:51 p. m.","Información","Microsoft-Windows-IsolatedUserMode","2","Secure Trustlet Id 6 and Pid 13260 stopped with status STATUS_SUCCESS."
"19/8/2025 4:11:57 p. m.","Información","Microsoft-Windows-IsolatedUserMode","1","Secure Trustlet \??\C:\WINDOWS\System32\NgcIso.exe Id 6 and Pid 13260 started with status STATUS_SUCCESS."
"19/8/2025 4:11:57 p. m.","Información","Microsoft-Windows-IsolatedUserMode","5","Secure Trustlet NULL Id 0 and Pid 0 started with status STATUS_SUCCESS."
"19/8/2025 3:54:38 p. m.","Información","Service Control Manager","7040","El tipo de inicio del servicio Windows Modules Installer se cambió de inicio automático a inicio por solicitud."
"19/8/2025 3:35:26 p. m.","Información","Service Control Manager","7040","El tipo de inicio del servicio Windows Modules Installer se cambió de inicio por solicitud a inicio automático."
"19/8/2025 3:33:06 p. m.","Información","Microsoft-Windows-WindowsUpdateClient","19","Instalación correcta: Windows instaló correctamente la siguiente actualización: 9NBLGGH10PG8-MICROSOFT.PEOPLE"
"19/8/2025 3:33:03 p. m.","Información","Microsoft-Windows-WindowsUpdateClient","19","Instalación correcta: Windows instaló correctamente la siguiente actualización: 9WZDNCRD1HKW-Microsoft.XboxIdentityProvider"
"19/8/2025 3:33:03 p. m.","Información","Microsoft-Windows-WindowsUpdateClient","19","Instalación correcta: Windows instaló correctamente la siguiente actualización: 9NBLGGH537C2-Microsoft.XboxGameOverlay"
"19/8/2025 3:33:02 p. m.","Información","Microsoft-Windows-WindowsUpdateClient","44","Windows Update comenzó a descargar una actualización."
"19/8/2025 3:32:51 p. m.","Información","Microsoft-Windows-WindowsUpdateClient","44","Windows Update comenzó a descargar una actualización."
"19/8/2025 3:32:51 p. m.","Información","Microsoft-Windows-WindowsUpdateClient","44","Windows Update comenzó a descargar una actualización."
"19/8/2025 3:32:51 p. m.","Información","Microsoft-Windows-WindowsUpdateClient","44","Windows Update comenzó a descargar una actualización."
"19/8/2025 3:11:43 p. m.","Error","Microsoft-Windows-WindowsUpdateClient","20","Error de instalación: error de Windows al instalar la siguiente actualización, error 0x80073D02: 9NMPJ99VJBWV-Microsoft.YourPhone."
"19/8/2025 3:11:39 p. m.","Información","Microsoft-Windows-WindowsUpdateClient","43","Instalación iniciada: Windows comenzó a instalar la actualización siguiente: 9NMPJ99VJBWV-Microsoft.YourPhone"
"19/8/2025 3:11:35 p. m.","Información","Microsoft-Windows-Kernel-General","16","El historial de accesos en el subárbol \??\C:\ProgramData\Microsoft\Windows\AppRepository\Packages\Microsoft.YourPhone_1.25072.63.0_x64__8wekyb3d8bbwe\ActivationStore.dat se borró mediante la actualización de 0 claves y la creación de 0 páginas modificadas."
"19/8/2025 3:10:16 p. m.","Información","Microsoft-Windows-WindowsUpdateClient","44","Windows Update comenzó a descargar una actualización."
"19/8/2025 3:10:16 p. m.","Información","Microsoft-Windows-WindowsUpdateClient","44","Windows Update comenzó a descargar una actualización."
"19/8/2025 3:10:11 p. m.","Información","Microsoft-Windows-WindowsUpdateClient","19","Instalación correcta: Windows instaló correctamente la siguiente actualización: Actualización de inteligencia de seguridad para Microsoft Defender Antivirus - KB2267602 (versión 1.435.265.0) - Canal actual (ampliado)"
"19/8/2025 3:09:58 p. m.","Información","Microsoft-Windows-WindowsUpdateClient","43","Instalación iniciada: Windows comenzó a instalar la actualización siguiente: Actualización de inteligencia de seguridad para Microsoft Defender Antivirus - KB2267602 (versión 1.435.265.0) - Canal actual (ampliado)"
"19/8/2025 3:09:57 p. m.","Información","Microsoft-Windows-WindowsUpdateClient","44","Windows Update comenzó a descargar una actualización."
"19/8/2025 3:09:18 p. m.","Información","Microsoft-Windows-TPM-WMI","1038","Las comprobaciones de estado de la atestación previa confirman que se espera que el dispositivo supere la atestación.
 Consulte C:\WINDOWS\Logs\MeasuredBoot\0000000037-0000000001.json para obtener información detallada sobre las comprobaciones realizadas."
"19/8/2025 3:09:17 p. m.","Información","Microsoft-Windows-TPM-WMI","1041","Información detallada sobre la comprobación del estado de la atestación previa: {""Version"":1,""HealthStatus"":""Attestable"",""Required"":[{""Field"":""TpmPresent"",""Value"":true,""DesiredValue"":true},{""Field"":""TpmMeetsMinimumVersion"",""Value"":true,""DesiredValue"":true},{""Field"":""TpmIsResponsive"",""Value"":true,""DesiredValue"":true},{""Field"":""EkCertIsAvailable"",""Value"":true,""DesiredValue"":true},{""Field"":""TcgLogFound"",""Value"":true,""DesiredValue"":true}],""Expected"":[{""Field"":""PcrsMatchTcgLog"",""Value"":true,""DesiredValue"":true}],""Informational"":[{""Field"":""SecureBootEnabled"",""ValueFromComputer"":true,""ValueFromTcgLog"":true,""DesiredValue"":true,""TcgValueIsVerifiable"":true},{""Field"":""VirtualSecureMemory"",""ValueFromComputer"":false,""ValueFromTcgLog"":false,""DesiredValue"":true,""TcgValueIsVerifiable"":true},{""Field"":""SecureCorePCCompliant"",""ValueFromComputer"":false,""ValueFromTcgLog"":false,""DesiredValue"":true,""TcgValueIsVerifiable"":true}]}"
"19/8/2025 3:09:14 p. m.","Información","nhi","9007","The driver entered RTD3.
 All the connected devices will be removed from driver's internal state, so it is expected that DeviceDisconnected events will happen."
"19/8/2025 3:09:12 p. m.","Información","Microsoft-Windows-Time-Service","37","El proveedor de hora NtpClient está recibiendo datos de hora  válidos desde time.windows.com,0x9 (ntp.m|0x9|0.0.0.0:123->40.119.6.228:123)."
"19/8/2025 3:09:11 p. m.","Advertencia","rt640x64","1","Realtek PCIe GbE Family Controller is disconnected from network."
"19/8/2025 3:09:11 p. m.","Información","Microsoft-Windows-Power-Troubleshooter","1","El sistema estaba en un estado de baja energía y se reanudó.

Hora de suspensión: ‎2025‎-‎08‎-‎19T11:06:24.885850300Z
Hora de reactivación: ‎2025‎-‎08‎-‎19T19:09:08.503383000Z

Origen de la reactivación: Unknown"
"19/8/2025 3:09:11 p. m.","Advertencia","Netwtw10","6062","6062 - Lso was triggered"
"19/8/2025 3:09:08 p. m.","Información","Netwtw10","7021","7021 - Connection telemetry fields and analysis usage"
"19/8/2025 3:09:08 p. m.","Información","Netwtw10","7023","7023 - secure boot debug logging Quasar"
"19/8/2025 3:09:08 p. m.","Información","Microsoft-Windows-Kernel-Power","566","La sesión del sistema ha cambiado de 15 a 17.

Motivo PolicyChange 

BootId: 16"
"19/8/2025 3:09:08 p. m.","Información","Microsoft-Windows-Kernel-Power","507","El sistema está saliendo del modo de espera moderno 

motivo: Lid. "
"19/8/2025 3:09:08 p. m.","Información","Intel-SST-OED","28","Loaded DSP FW library: \??\C:\WINDOWS\System32\DriverStore\FileRepository\intcoed_oemlibpath.inf_amd64_69401f7e35684734\tgl_maxx_audio_pro.bin, status = STATUS_SUCCESS."
"19/8/2025 3:09:08 p. m.","Información","Microsoft-Windows-Kernel-Power","506","El sistema está entrando en el modo de espera moderno 

motivo: Sleep, Hibernate, or Shutdown. "
"19/8/2025 3:09:08 p. m.","Información","Microsoft-Windows-Kernel-Power","566","La sesión del sistema ha cambiado de 14 a 15.

Motivo SxTransition 

BootId: 16"
"19/8/2025 3:09:08 p. m.","Información","Intel-SST-OED","28","Loaded DSP FW library: Libs\dsp_lib_whm_tgl_release.bin, status = STATUS_SUCCESS."
"19/8/2025 3:09:08 p. m.","Información","Microsoft-Windows-Kernel-Boot","247","No se puede cargar el firmware de Pluton-Windows. StatusCode: STATUS_SUCCESS, Motivo: Failed to apply firmware."
"19/8/2025 3:09:08 p. m.","Información","Microsoft-Windows-Kernel-Boot","27","El tipo de arranque fue 0x2."
"19/8/2025 3:09:08 p. m.","Información","Microsoft-Windows-Kernel-Boot","25","La directiva del menú de arranque fue 0x0."
"19/8/2025 3:09:08 p. m.","Información","Microsoft-Windows-Kernel-Boot","32","Bootmgr esperó la entrada del usuario durante 0 ms."
"19/8/2025 3:09:08 p. m.","Información","Microsoft-Windows-Kernel-Boot","18","Existen 0x1 opciones de arranque en este sistema."
"19/8/2025 3:09:08 p. m.","Información","Microsoft-Windows-Kernel-Boot","30","El firmware notificó métricas de arranque."
"19/8/2025 3:09:08 p. m.","Información","WiManH","2",
"19/8/2025 3:09:08 p. m.","Información","Intel-SST-OED","28","Loaded DSP FW library: Libs\dsp_lib_intel_wov_tgl_release.bin, status = STATUS_SUCCESS."
"19/8/2025 3:09:08 p. m.","Información","Netwtw10","7025","7025 - Dump after return from D3 before cmd "
"19/8/2025 3:09:08 p. m.","Advertencia","TPM","30","El recuento de restablecimiento y/o reanudación no coinciden con los valores esperados después de hibernar o reanudar."
"19/8/2025 3:09:07 p. m.","Advertencia","Win32k","701","Administrador de energía no solicitó la supresión de todas las entradas (INPUT_SUPPRESS_REQUEST = 0)"
"19/8/2025 3:09:07 p. m.","Advertencia","Win32k","701","Administrador de energía no solicitó la supresión de todas las entradas (INPUT_SUPPRESS_REQUEST = 0)"
"19/8/2025 3:09:07 p. m.","Información","Microsoft-Windows-Kernel-General","1","La hora del sistema ha cambiado a ‎2025‎-‎08‎-‎19T19:09:07.500000000Z de ‎2025‎-‎08‎-‎19T11:06:36.961881600Z.
Diferencia horaria: 28950538 ms

Motivo del cambio: System time synchronized with the hardware clock.
Proceso: '' (PID 4).

Hora de RTC: ‎2025‎-‎08‎-‎19T15:09:07.500000000Z
Diferencia de zona horaria actual: 240
hora RTC es UTC: false
La hora del sistema se basaba en la hora RTC: false"
"19/8/2025 7:06:36 a. m.","Información","Microsoft-Windows-Kernel-Power","107","El sistema se reanudó del estado de suspensión."
"19/8/2025 3:09:08 p. m.","Información","EventLog","6013","El tiempo límite del sistema es de 57884 segundos."
"19/8/2025 7:06:34 a. m.","Información","nhi","9008","Driver exit RTD3.
 All the connected devices will now cause DeviceConnected events."
"19/8/2025 7:06:31 a. m.","Información","nhi","9007","The driver entered RTD3.
 All the connected devices will be removed from driver's internal state, so it is expected that DeviceDisconnected events will happen."
"19/8/2025 7:06:27 a. m.","Advertencia","Netwtw10","6062","6062 - Lso was triggered"
"19/8/2025 7:06:26 a. m.","Información","Microsoft-Windows-Kernel-Power","42","El sistema está entrando en suspensión.

Motivo de la suspensión: Hibernate from Sleep - Standby Battery Budget Exceeded"
"19/8/2025 7:06:26 a. m.","Información","Microsoft-Windows-Kernel-Power","40","El controlador \Driver\ACPI del dispositivo  detuvo la transición de energía."
"19/8/2025 7:06:25 a. m.","Información","Netwtw10","7021","7021 - Connection telemetry fields and analysis usage"
"19/8/2025 7:06:25 a. m.","Información","nhi","9008","Driver exit RTD3.
 All the connected devices will now cause DeviceConnected events."
"19/8/2025 7:06:24 a. m.","Información","Microsoft-Windows-Kernel-Power","566","La sesión del sistema ha cambiado de 13 a 14.

Motivo SxTransition 

BootId: 16"
"19/8/2025 7:06:24 a. m.","Información","Microsoft-Windows-Kernel-Power","507","El sistema está saliendo del modo de espera moderno 

motivo: Sleep, Hibernate, or Shutdown. "
"19/8/2025 7:06:24 a. m.","Información","Microsoft-Windows-Kernel-Power","172","Estado de conectividad en modo de espera: Connected. Motivo: None"
"19/8/2025 7:06:24 a. m.","Información","Netwtw10","7026","7026 - Dump after return from D3 after cmd"
"19/8/2025 7:06:24 a. m.","Información","Netwtw10","7025","7025 - Dump after return from D3 before cmd "
"19/8/2025 5:04:32 a. m.","Información","Microsoft-Windows-Kernel-Power","172","Estado de conectividad en modo de espera: Disconnected. Motivo: Policy Setting"
"19/8/2025 5:04:24 a. m.","Información","Microsoft-Windows-Kernel-Power","566","La sesión del sistema ha cambiado de 12 a 13.

Motivo 55 

BootId: 16"
"19/8/2025 5:04:19 a. m.","Información","Microsoft-Windows-Kernel-Power","506","El sistema está entrando en el modo de espera moderno 

motivo: Austerity Battery Drain Budget Exceeded. "
