"15/8/2025 7:22:15 p. m.","Información","Microsoft-Windows-Kernel-Power","566","La sesión del sistema ha cambiado de 87 a 88.

Motivo SxTransition 

BootId: 12"
"15/8/2025 7:22:15 p. m.","Información","Microsoft-Windows-Kernel-Boot","247","No se puede cargar el firmware de Pluton-Windows. StatusCode: STATUS_SUCCESS, Motivo: Failed to apply firmware."
"15/8/2025 7:22:15 p. m.","Información","Microsoft-Windows-Kernel-Boot","27","El tipo de arranque fue 0x2."
"15/8/2025 7:22:15 p. m.","Información","Microsoft-Windows-Kernel-Boot","25","La directiva del menú de arranque fue 0x0."
"15/8/2025 7:22:15 p. m.","Información","Microsoft-Windows-Kernel-Boot","32","Bootmgr esperó la entrada del usuario durante 0 ms."
"15/8/2025 7:22:15 p. m.","Información","Microsoft-Windows-Kernel-Boot","18","Existen 0x1 opciones de arranque en este sistema."
"15/8/2025 7:22:15 p. m.","Información","Microsoft-Windows-Kernel-Boot","30","El firmware notificó métricas de arranque."
"15/8/2025 7:22:15 p. m.","Información","Netwtw10","7023","7023 - secure boot debug logging Quasar"
"15/8/2025 7:22:14 p. m.","Información","Netwtw10","7025","7025 - Dump after return from D3 before cmd "
"15/8/2025 7:22:14 p. m.","Advertencia","TPM","30","El recuento de restablecimiento y/o reanudación no coinciden con los valores esperados después de hibernar o reanudar."
"15/8/2025 7:22:14 p. m.","Advertencia","Win32k","701","Administrador de energía no solicitó la supresión de todas las entradas (INPUT_SUPPRESS_REQUEST = 0)"
"15/8/2025 7:22:14 p. m.","Advertencia","Win32k","701","Administrador de energía no solicitó la supresión de todas las entradas (INPUT_SUPPRESS_REQUEST = 0)"
"15/8/2025 7:22:14 p. m.","Información","Microsoft-Windows-Kernel-General","1","La hora del sistema ha cambiado a ‎2025‎-‎08‎-‎15T23:22:14.500000000Z de ‎2025‎-‎08‎-‎15T10:38:04.493567200Z.
Diferencia horaria: 45850006 ms

Motivo del cambio: System time synchronized with the hardware clock.
Proceso: '' (PID 4).

Hora de RTC: ‎2025‎-‎08‎-‎15T19:22:14.500000000Z
Diferencia de zona horaria actual: 240
hora RTC es UTC: false
La hora del sistema se basaba en la hora RTC: false"
"15/8/2025 6:38:04 a. m.","Información","Microsoft-Windows-Kernel-Power","107","El sistema se reanudó del estado de suspensión."
"15/8/2025 7:22:15 p. m.","Información","EventLog","6013","El tiempo límite del sistema es de 356821 segundos."
"15/8/2025 6:38:02 a. m.","Información","VfpExt","7036","El servicio  entró en estado Filter detach complete."
"15/8/2025 6:38:02 a. m.","Información","VfpExt","7036","El servicio  entró en estado Filter detach start."
"15/8/2025 6:38:01 a. m.","Información","VfpExt","7036","El servicio  entró en estado Filter pause complete."
"15/8/2025 6:38:01 a. m.","Información","VfpExt","7036","El servicio  entró en estado Filter pause start."
"15/8/2025 6:38:01 a. m.","Información","nhi","9008","Driver exit RTD3.
 All the connected devices will now cause DeviceConnected events."
"15/8/2025 6:37:53 a. m.","Información","Microsoft-Windows-Kernel-Power","42","El sistema está entrando en suspensión.

Motivo de la suspensión: Hibernate from Sleep - Standby Battery Budget Exceeded"
"15/8/2025 6:37:53 a. m.","Información","Microsoft-Windows-Kernel-Power","40","El controlador \Driver\vpcivsp del dispositivo ROOT\VPCIVSP\0000 detuvo la transición de energía."
"15/8/2025 6:37:52 a. m.","Advertencia","Netwtw10","6062","6062 - Lso was triggered"
"15/8/2025 6:37:51 a. m.","Información","Netwtw10","7021","7021 - Connection telemetry fields and analysis usage"
"15/8/2025 6:37:50 a. m.","Información","Microsoft-Windows-Kernel-Power","566","La sesión del sistema ha cambiado de 86 a 87.

Motivo SxTransition 

BootId: 12"
"15/8/2025 6:37:50 a. m.","Información","Microsoft-Windows-Kernel-Power","507","El sistema está saliendo del modo de espera moderno 

motivo: Sleep, Hibernate, or Shutdown. "
"15/8/2025 6:37:50 a. m.","Información","Microsoft-Windows-Kernel-Power","172","Estado de conectividad en modo de espera: Connected. Motivo: None"
"15/8/2025 6:37:50 a. m.","Información","Netwtw10","7026","7026 - Dump after return from D3 after cmd"
"15/8/2025 6:37:50 a. m.","Información","Netwtw10","7025","7025 - Dump after return from D3 before cmd "
"15/8/2025 4:53:58 a. m.","Información","Microsoft-Windows-Kernel-Power","172","Estado de conectividad en modo de espera: Disconnected. Motivo: Policy Setting"
"15/8/2025 4:53:50 a. m.","Información","Microsoft-Windows-Kernel-Power","566","La sesión del sistema ha cambiado de 85 a 86.

Motivo 55 

BootId: 12"
"15/8/2025 4:53:45 a. m.","Información","Microsoft-Windows-Kernel-Power","506","El sistema está entrando en el modo de espera moderno 

motivo: Austerity Battery Drain Budget Exceeded. "
"15/8/2025 4:53:45 a. m.","Información","Microsoft-Windows-Kernel-Power","566","La sesión del sistema ha cambiado de 84 a 85.

Motivo 55 

BootId: 12"
"15/8/2025 4:53:45 a. m.","Información","Microsoft-Windows-Kernel-Power","507","El sistema está saliendo del modo de espera moderno 

motivo: Austerity Battery Drain Budget Exceeded. "
"15/8/2025 4:53:45 a. m.","Información","Microsoft-Windows-Kernel-Power","172","Estado de conectividad en modo de espera: Connected. Motivo: None"
"15/8/2025 4:53:45 a. m.","Información","Netwtw10","7026","7026 - Dump after return from D3 after cmd"
"15/8/2025 4:53:45 a. m.","Información","Netwtw10","7025","7025 - Dump after return from D3 before cmd "
"15/8/2025 4:50:55 a. m.","Información","Microsoft-Windows-Kernel-Power","172","Estado de conectividad en modo de espera: Disconnected. Motivo: Adaptive Connected Standby"
"15/8/2025 4:50:47 a. m.","Información","Microsoft-Windows-Kernel-Power","566","La sesión del sistema ha cambiado de 83 a 84.

Motivo PolicyChange 

BootId: 12"
"15/8/2025 4:50:47 a. m.","Advertencia","Win32k","700","Administrador de energía solicitó la supresión de todas las entradas (INPUT_SUPPRESS_REQUEST = 1)"
"15/8/2025 4:50:47 a. m.","Advertencia","Win32k","700","Administrador de energía solicitó la supresión de todas las entradas (INPUT_SUPPRESS_REQUEST = 1)"
"15/8/2025 4:50:47 a. m.","Información","Microsoft-Windows-Kernel-Power","506","El sistema está entrando en el modo de espera moderno 

motivo: Lid. "
"15/8/2025 4:50:47 a. m.","Información","Microsoft-Windows-Kernel-Power","566","La sesión del sistema ha cambiado de 82 a 83.

Motivo PolicyChange 

BootId: 12"
"15/8/2025 4:44:48 a. m.","Advertencia","Netwtw10","6062","6062 - Lso was triggered"
"15/8/2025 4:44:44 a. m.","Información","Netwtw10","7021","7021 - Connection telemetry fields and analysis usage"
"15/8/2025 4:44:42 a. m.","Información","Microsoft-Windows-Kernel-Power","566","La sesión del sistema ha cambiado de 81 a 82.

Motivo PolicyChange 

BootId: 12"
"15/8/2025 4:44:42 a. m.","Información","Microsoft-Windows-Kernel-Power","507","El sistema está saliendo del modo de espera moderno 

motivo: Lid. "
"15/8/2025 4:44:42 a. m.","Información","Microsoft-Windows-Kernel-Power","172","Estado de conectividad en modo de espera: Connected. Motivo: None"
"15/8/2025 4:44:42 a. m.","Información","Netwtw10","7026","7026 - Dump after return from D3 after cmd"
"15/8/2025 4:44:42 a. m.","Información","Netwtw10","7025","7025 - Dump after return from D3 before cmd "
"15/8/2025 4:44:42 a. m.","Advertencia","Win32k","701","Administrador de energía no solicitó la supresión de todas las entradas (INPUT_SUPPRESS_REQUEST = 0)"
"15/8/2025 4:44:42 a. m.","Advertencia","Win32k","701","Administrador de energía no solicitó la supresión de todas las entradas (INPUT_SUPPRESS_REQUEST = 0)"
"15/8/2025 3:16:57 a. m.","Información","Microsoft-Windows-Kernel-Power","172","Estado de conectividad en modo de espera: Disconnected. Motivo: Policy Setting"
"15/8/2025 3:16:50 a. m.","Información","Microsoft-Windows-Kernel-Power","566","La sesión del sistema ha cambiado de 80 a 81.

Motivo 55 

BootId: 12"
"15/8/2025 3:16:45 a. m.","Información","Microsoft-Windows-Kernel-Power","506","El sistema está entrando en el modo de espera moderno 

motivo: Austerity Battery Drain Budget Exceeded. "
"15/8/2025 3:16:45 a. m.","Información","Microsoft-Windows-Kernel-Power","566","La sesión del sistema ha cambiado de 79 a 80.

Motivo 55 

BootId: 12"
"15/8/2025 3:16:45 a. m.","Información","Microsoft-Windows-Kernel-Power","507","El sistema está saliendo del modo de espera moderno 

motivo: Austerity Battery Drain Budget Exceeded. "
"15/8/2025 3:16:45 a. m.","Información","Microsoft-Windows-Kernel-Power","172","Estado de conectividad en modo de espera: Connected. Motivo: None"
"15/8/2025 3:16:44 a. m.","Información","Netwtw10","7026","7026 - Dump after return from D3 after cmd"
"15/8/2025 3:16:44 a. m.","Información","Netwtw10","7025","7025 - Dump after return from D3 before cmd "
"15/8/2025 3:15:29 a. m.","Información","nhi","9007","The driver entered RTD3.
 All the connected devices will be removed from driver's internal state, so it is expected that DeviceDisconnected events will happen."
"15/8/2025 3:15:20 a. m.","Información","Netwtw10","7026","7026 - Dump after return from D3 after cmd"
"15/8/2025 3:15:20 a. m.","Información","Netwtw10","7025","7025 - Dump after return from D3 before cmd "
"15/8/2025 3:15:20 a. m.","Información","nhi","9008","Driver exit RTD3.
 All the connected devices will now cause DeviceConnected events."
"15/8/2025 3:14:12 a. m.","Información","Microsoft-Windows-Kernel-Power","172","Estado de conectividad en modo de espera: Disconnected. Motivo: Adaptive Connected Standby"
"15/8/2025 3:14:05 a. m.","Información","Microsoft-Windows-Kernel-General","1","La hora del sistema ha cambiado a ‎2025‎-‎08‎-‎15T07:14:05.242205900Z de ‎2025‎-‎08‎-‎15T07:14:05.243608900Z.
Diferencia horaria: -1 ms

Motivo del cambio: An application or system component changed the time.
Proceso: '\Device\HarddiskVolume3\Windows\System32\svchost.exe' (PID 12268).

Hora de RTC: ‎2025‎-‎08‎-‎15T03:14:05.242205900Z
Diferencia de zona horaria actual: 240
hora RTC es UTC: false
La hora del sistema se basaba en la hora RTC: false"
"15/8/2025 3:14:05 a. m.","Error","Microsoft-Windows-HAL","21","No se estableció el reloj en tiempo real de hardware debido a un error en la evaluación del método de dispositivo de alarma y hora ACPI.  Estado: 0xC00000BB."
"15/8/2025 3:14:05 a. m.","Error","Microsoft-Windows-HAL","20","No se consultó el reloj en tiempo real de hardware debido a un error en la evaluación del método de dispositivo de alarma y hora ACPI.  Estado: 0xC00000BB."
"15/8/2025 3:14:05 a. m.","Información","Microsoft-Windows-Kernel-General","24","La información de zona horaria se actualizó con el motivo de salida 0. La diferencia de zona horaria actual es 240."
"15/8/2025 3:14:05 a. m.","Información","Microsoft-Windows-Kernel-Power","566","La sesión del sistema ha cambiado de 78 a 79.

Motivo PolicyChange 

BootId: 12"
"15/8/2025 3:14:05 a. m.","Información","Microsoft-Windows-Kernel-Power","506","El sistema está entrando en el modo de espera moderno 

motivo: Lid. "
"15/8/2025 3:14:05 a. m.","Información","Microsoft-Windows-Kernel-Power","566","La sesión del sistema ha cambiado de 77 a 78.

Motivo PolicyChange 

BootId: 12"
"15/8/2025 3:14:05 a. m.","Advertencia","Win32k","700","Administrador de energía solicitó la supresión de todas las entradas (INPUT_SUPPRESS_REQUEST = 1)"
"15/8/2025 3:14:05 a. m.","Advertencia","Win32k","700","Administrador de energía solicitó la supresión de todas las entradas (INPUT_SUPPRESS_REQUEST = 1)"
"15/8/2025 3:13:29 a. m.","Información","TPM","17","El hardware del Módulo de plataforma segura (TPM) no pudo ejecutar un comando de TPM."
"15/8/2025 3:13:29 a. m.","Información","TPM","17","El hardware del Módulo de plataforma segura (TPM) no pudo ejecutar un comando de TPM."
"15/8/2025 3:13:28 a. m.","Información","TPM","17","El hardware del Módulo de plataforma segura (TPM) no pudo ejecutar un comando de TPM."
"15/8/2025 3:13:27 a. m.","Información","Microsoft-Windows-IsolatedUserMode","5","Secure Trustlet NULL Id 0 and Pid 0 started with status STATUS_SUCCESS."
"15/8/2025 3:13:27 a. m.","Información","Microsoft-Windows-IsolatedUserMode","2","Secure Trustlet Id 0 and Pid 0 stopped with status STATUS_SUCCESS."
"15/8/2025 3:06:30 a. m.","Información","Microsoft-Windows-Time-Service","37","El proveedor de hora NtpClient está recibiendo datos de hora  válidos desde time.windows.com,0x9 (ntp.m|0x9|0.0.0.0:123->40.119.6.228:123)."
"15/8/2025 3:06:27 a. m.","Error","Service Control Manager","7011","Se agotó el tiempo de espera (30000 ms) para la respuesta de transacción del servicio WinDefend."
"15/8/2025 3:06:27 a. m.","Información","Microsoft-Windows-Kernel-General","16","El historial de accesos en el subárbol \??\C:\Users\PCTIC-05\AppData\Local\Packages\Microsoft.Windows.ContentDeliveryManager_cw5n1h2txyewy\Settings\settings.dat se borró mediante la actualización de 695 claves y la creación de 44 páginas modificadas."
"15/8/2025 3:06:20 a. m.","Información","Microsoft-Windows-TPM-WMI","1038","Las comprobaciones de estado de la atestación previa confirman que se espera que el dispositivo supere la atestación.
 Consulte C:\WINDOWS\Logs\MeasuredBoot\0000000033-0000000006.json para obtener información detallada sobre las comprobaciones realizadas."
"15/8/2025 3:06:20 a. m.","Información","Microsoft-Windows-TPM-WMI","1041","Información detallada sobre la comprobación del estado de la atestación previa: {""Version"":1,""HealthStatus"":""Attestable"",""Required"":[{""Field"":""TpmPresent"",""Value"":true,""DesiredValue"":true},{""Field"":""TpmMeetsMinimumVersion"",""Value"":true,""DesiredValue"":true},{""Field"":""TpmIsResponsive"",""Value"":true,""DesiredValue"":true},{""Field"":""EkCertIsAvailable"",""Value"":true,""DesiredValue"":true},{""Field"":""TcgLogFound"",""Value"":true,""DesiredValue"":true}],""Expected"":[{""Field"":""PcrsMatchTcgLog"",""Value"":true,""DesiredValue"":true}],""Informational"":[{""Field"":""SecureBootEnabled"",""ValueFromComputer"":true,""ValueFromTcgLog"":true,""DesiredValue"":true,""TcgValueIsVerifiable"":true},{""Field"":""VirtualSecureMemory"",""ValueFromComputer"":false,""ValueFromTcgLog"":false,""DesiredValue"":true,""TcgValueIsVerifiable"":true},{""Field"":""SecureCorePCCompliant"",""ValueFromComputer"":false,""ValueFromTcgLog"":false,""DesiredValue"":true,""TcgValueIsVerifiable"":true}]}"
"15/8/2025 3:06:16 a. m.","Información","Microsoft-Windows-Hyper-V-VmSwitch","291","Descarga de RSC modificada para la 6598FD11-7307-4DD7-8E4A-3EC4FB88B3D3--CB46B844-0AB4-4DF5-B08A-4E8E3BD5AEE5 NIC (nombre descriptivo: ) IPv4 anterior: Deshabilitado, IPv4 actual: Deshabilitado, IPv6 anterior: Deshabilitado, IPv6 actual: Deshabilitado. Motivo: OID de RSC"
"15/8/2025 3:06:15 a. m.","Información","Microsoft-Windows-Hyper-V-VmSwitch","102","Networking driver in 6598FD11-7307-4DD7-8E4A-3EC4FB88B3D3 is loaded and the protocol version is negotiated to the most recent version (Virtual machine ID 6598FD11-7307-4DD7-8E4A-3EC4FB88B3D3)."
"15/8/2025 3:06:08 a. m.","Advertencia","Netwtw10","6062","6062 - Lso was triggered"
"15/8/2025 3:06:02 a. m.","Información","nhi","9007","The driver entered RTD3.
 All the connected devices will be removed from driver's internal state, so it is expected that DeviceDisconnected events will happen."
"15/8/2025 3:06:02 a. m.","Información","Netwtw10","7021","7021 - Connection telemetry fields and analysis usage"
"15/8/2025 3:06:01 a. m.","Información","Microsoft-Windows-Kernel-General","16","El historial de accesos en el subárbol \??\C:\Users\PCTIC-05\AppData\Local\Packages\Microsoft.AAD.BrokerPlugin_cw5n1h2txyewy\Settings\settings.dat se borró mediante la actualización de 39 claves y la creación de 3 páginas modificadas."
"15/8/2025 3:05:59 a. m.","Advertencia","rt640x64","1","Realtek PCIe GbE Family Controller is disconnected from network."
"15/8/2025 3:05:58 a. m.","Información","Microsoft-Windows-Power-Troubleshooter","1","El sistema estaba en un estado de baja energía y se reanudó.

Hora de suspensión: ‎2025‎-‎08‎-‎15T05:17:47.532449900Z
Hora de reactivación: ‎2025‎-‎08‎-‎15T07:05:56.411587700Z

Origen de la reactivación: Unknown"
"15/8/2025 3:05:57 a. m.","Información","VfpExt","7036","El servicio  entró en estado Filter restart complete."
"15/8/2025 3:05:57 a. m.","Información","VfpExt","7036","El servicio  entró en estado Filter restart start."
"15/8/2025 3:05:57 a. m.","Información","VfpExt","7036","El servicio  entró en estado Filter attach complete."
"15/8/2025 3:05:57 a. m.","Información","VfpExt","7036","El servicio  entró en estado Filter attach start."
"15/8/2025 3:05:57 a. m.","Advertencia","Microsoft-Windows-Time-Service","134","NtpClient no pudo establecer un sistema del mismo nivel manual para usar como origen de la hora debido a un error de resolución de DNS en 'time.windows.com,0x9'. NtpClient lo intentará de nuevo dentro de 15 minutos y doblará el intervalo de reintento en adelante. Error: Host desconocido. (0x80072AF9)"
"15/8/2025 3:05:56 a. m.","Información","WiManH","2",
"15/8/2025 3:05:56 a. m.","Error","Microsoft-Windows-NDIS","10317","Minipuerto Microsoft Wi-Fi Direct Virtual Adapter #2, {79f38f0f-3b2e-4931-b16b-3a5d8eb7dab9}, tuvo el evento Fatal error: The miniport has failed a power transition to operational power"
"15/8/2025 3:05:56 a. m.","Información","Netwtw10","7023","7023 - secure boot debug logging Quasar"
"15/8/2025 3:05:56 a. m.","Información","Intel-SST-OED","28","Loaded DSP FW library: \??\C:\WINDOWS\System32\DriverStore\FileRepository\intcoed_oemlibpath.inf_amd64_69401f7e35684734\tgl_maxx_audio_pro.bin, status = STATUS_SUCCESS."
"15/8/2025 3:05:56 a. m.","Información","Intel-SST-OED","28","Loaded DSP FW library: Libs\dsp_lib_whm_tgl_release.bin, status = STATUS_SUCCESS."
"15/8/2025 3:05:56 a. m.","Información","Intel-SST-OED","28","Loaded DSP FW library: Libs\dsp_lib_intel_wov_tgl_release.bin, status = STATUS_SUCCESS."
"15/8/2025 3:05:56 a. m.","Información","Microsoft-Windows-Kernel-Power","566","La sesión del sistema ha cambiado de 75 a 77.

Motivo PolicyChange 

BootId: 12"
"15/8/2025 3:05:56 a. m.","Información","Microsoft-Windows-Kernel-Power","507","El sistema está saliendo del modo de espera moderno 

motivo: Lid. "
"15/8/2025 3:05:56 a. m.","Información","Microsoft-Windows-Kernel-Power","506","El sistema está entrando en el modo de espera moderno 

motivo: Sleep, Hibernate, or Shutdown. "
"15/8/2025 3:05:56 a. m.","Información","Microsoft-Windows-Kernel-Power","566","La sesión del sistema ha cambiado de 74 a 75.

Motivo SxTransition 

BootId: 12"
"15/8/2025 3:05:56 a. m.","Información","Microsoft-Windows-Kernel-Boot","247","No se puede cargar el firmware de Pluton-Windows. StatusCode: STATUS_SUCCESS, Motivo: Failed to apply firmware."
"15/8/2025 3:05:56 a. m.","Información","Microsoft-Windows-Kernel-Boot","27","El tipo de arranque fue 0x2."
"15/8/2025 3:05:56 a. m.","Información","Microsoft-Windows-Kernel-Boot","25","La directiva del menú de arranque fue 0x0."
"15/8/2025 3:05:56 a. m.","Información","Microsoft-Windows-Kernel-Boot","32","Bootmgr esperó la entrada del usuario durante 0 ms."
"15/8/2025 3:05:56 a. m.","Información","Microsoft-Windows-Kernel-Boot","18","Existen 0x1 opciones de arranque en este sistema."
"15/8/2025 3:05:56 a. m.","Información","Microsoft-Windows-Kernel-Boot","30","El firmware notificó métricas de arranque."
"15/8/2025 3:05:56 a. m.","Información","Netwtw10","7025","7025 - Dump after return from D3 before cmd "
"15/8/2025 3:05:56 a. m.","Advertencia","TPM","30","El recuento de restablecimiento y/o reanudación no coinciden con los valores esperados después de hibernar o reanudar."
"15/8/2025 3:05:56 a. m.","Advertencia","Win32k","701","Administrador de energía no solicitó la supresión de todas las entradas (INPUT_SUPPRESS_REQUEST = 0)"
"15/8/2025 3:05:56 a. m.","Advertencia","Win32k","701","Administrador de energía no solicitó la supresión de todas las entradas (INPUT_SUPPRESS_REQUEST = 0)"
"15/8/2025 3:05:55 a. m.","Información","Microsoft-Windows-Kernel-General","1","La hora del sistema ha cambiado a ‎2025‎-‎08‎-‎15T07:05:55.500000000Z de ‎2025‎-‎08‎-‎15T05:17:57.077815300Z.
Diferencia horaria: 6478422 ms

Motivo del cambio: System time synchronized with the hardware clock.
Proceso: '' (PID 4).

Hora de RTC: ‎2025‎-‎08‎-‎15T03:05:55.500000000Z
Diferencia de zona horaria actual: 240
hora RTC es UTC: false
La hora del sistema se basaba en la hora RTC: false"
"15/8/2025 1:17:57 a. m.","Información","Microsoft-Windows-Kernel-Power","107","El sistema se reanudó del estado de suspensión."
"15/8/2025 1:17:51 a. m.","Información","VfpExt","7036","El servicio  entró en estado Filter detach complete."
"15/8/2025 1:17:51 a. m.","Información","VfpExt","7036","El servicio  entró en estado Filter detach start."
"15/8/2025 1:17:51 a. m.","Información","VfpExt","7036","El servicio  entró en estado Filter pause complete."
"15/8/2025 1:17:51 a. m.","Información","VfpExt","7036","El servicio  entró en estado Filter pause start."
"15/8/2025 1:17:51 a. m.","Información","nhi","9008","Driver exit RTD3.
 All the connected devices will now cause DeviceConnected events."
"15/8/2025 1:17:50 a. m.","Información","Microsoft-Windows-Kernel-Power","42","El sistema está entrando en suspensión.

Motivo de la suspensión: Hibernate from Sleep - Standby Battery Budget Exceeded"
"15/8/2025 1:17:50 a. m.","Información","Microsoft-Windows-Kernel-Power","40","El controlador \Driver\vpcivsp del dispositivo ROOT\VPCIVSP\0000 detuvo la transición de energía."
"15/8/2025 1:17:47 a. m.","Información","Microsoft-Windows-Kernel-Power","566","La sesión del sistema ha cambiado de 73 a 74.

Motivo SxTransition 

BootId: 12"
"15/8/2025 1:17:47 a. m.","Información","Microsoft-Windows-Kernel-Power","507","El sistema está saliendo del modo de espera moderno 

motivo: Sleep, Hibernate, or Shutdown. "
"15/8/2025 1:17:47 a. m.","Información","Microsoft-Windows-Kernel-Power","172","Estado de conectividad en modo de espera: Connected. Motivo: None"
"15/8/2025 1:17:47 a. m.","Información","Netwtw10","7026","7026 - Dump after return from D3 after cmd"
"15/8/2025 1:17:47 a. m.","Información","Netwtw10","7025","7025 - Dump after return from D3 before cmd "
"14/8/2025 11:33:43 p. m.","Información","Microsoft-Windows-Kernel-Power","172","Estado de conectividad en modo de espera: Disconnected. Motivo: Policy Setting"
"14/8/2025 11:33:36 p. m.","Información","Microsoft-Windows-Kernel-Power","566","La sesión del sistema ha cambiado de 72 a 73.

Motivo 55 

BootId: 12"
"14/8/2025 11:33:30 p. m.","Información","Microsoft-Windows-Kernel-Power","506","El sistema está entrando en el modo de espera moderno 

motivo: Austerity Battery Drain Budget Exceeded. "
"14/8/2025 11:33:30 p. m.","Información","Microsoft-Windows-Kernel-Power","566","La sesión del sistema ha cambiado de 71 a 72.

Motivo 55 

BootId: 12"
"14/8/2025 11:33:30 p. m.","Información","Microsoft-Windows-Kernel-Power","507","El sistema está saliendo del modo de espera moderno 

motivo: Austerity Battery Drain Budget Exceeded. "
"14/8/2025 11:33:30 p. m.","Información","Microsoft-Windows-Kernel-Power","172","Estado de conectividad en modo de espera: Connected. Motivo: None"
"14/8/2025 11:33:30 p. m.","Información","Netwtw10","7026","7026 - Dump after return from D3 after cmd"
"14/8/2025 11:33:30 p. m.","Información","Netwtw10","7025","7025 - Dump after return from D3 before cmd "
"14/8/2025 11:31:09 p. m.","Información","Netwtw10","7026","7026 - Dump after return from D3 after cmd"
"14/8/2025 11:31:09 p. m.","Información","Netwtw10","7025","7025 - Dump after return from D3 before cmd "
"14/8/2025 11:31:03 p. m.","Información","Microsoft-Windows-Kernel-Power","172","Estado de conectividad en modo de espera: Disconnected. Motivo: Adaptive Connected Standby"
"14/8/2025 11:30:58 p. m.","Información","Microsoft-Windows-Kernel-Power","566","La sesión del sistema ha cambiado de 70 a 71.

Motivo InputMouse 

BootId: 12"
"14/8/2025 11:30:54 p. m.","Información","Netwtw10","7021","7021 - Connection telemetry fields and analysis usage"
"14/8/2025 11:30:53 p. m.","Información","Microsoft-Windows-USB-USBHUB3","205","Volver a enumerar un dispositivo de bloqueo de DRIPS que se quitó anteriormente cuando se salió de la época de consumo reducido.             
             
Dispositivo USB: VID: 0x46D PID: 0xA65 REV: 0x21             
IsPortCycle: true"
"14/8/2025 11:30:53 p. m.","Información","Microsoft-Windows-Kernel-Power","506","El sistema está entrando en el modo de espera moderno 

motivo: AC/DC Display Burst Suppressed. "
"14/8/2025 11:30:53 p. m.","Información","Microsoft-Windows-Kernel-Power","566","La sesión del sistema ha cambiado de 69 a 70.

Motivo InputMouse 

BootId: 12"
"14/8/2025 11:30:53 p. m.","Información","Microsoft-Windows-Kernel-Power","507","El sistema está saliendo del modo de espera moderno 

motivo: AC/DC Display Burst Suppressed. "
"14/8/2025 11:30:53 p. m.","Información","Netwtw10","7026","7026 - Dump after return from D3 after cmd"
"14/8/2025 11:30:53 p. m.","Información","Netwtw10","7025","7025 - Dump after return from D3 before cmd "
"14/8/2025 11:30:52 p. m.","Información","Microsoft-Windows-Kernel-Power","105","Cambio de fuente de energía."
"14/8/2025 11:30:34 p. m.","Información","Microsoft-Windows-USB-USBHUB3","205","Volver a enumerar un dispositivo de bloqueo de DRIPS que se quitó anteriormente cuando se salió de la época de consumo reducido.             
             
Dispositivo USB: VID: 0x46D PID: 0xA65 REV: 0x21             
IsPortCycle: false"
"14/8/2025 11:30:34 p. m.","Advertencia","Microsoft-Windows-USB-USBHUB3","196","El dispositivo USB consume energía del sistema cuando este está inactivo.             
             
Dispositivo USB: VID: 0x46D PID: 0xA65 REV: 0x21             
Error en la acción de extracción: QueryRemovalInitiated"
"14/8/2025 11:29:52 p. m.","Información","Microsoft-Windows-Kernel-Power","566","La sesión del sistema ha cambiado de 68 a 69.

Motivo InputMouse 

BootId: 12"
"14/8/2025 11:29:47 p. m.","Información","Microsoft-Windows-Kernel-Power","506","El sistema está entrando en el modo de espera moderno 

motivo: AC/DC Display Burst Suppressed. "
"14/8/2025 11:29:47 p. m.","Información","Microsoft-Windows-Kernel-Power","566","La sesión del sistema ha cambiado de 67 a 68.

Motivo InputMouse 

BootId: 12"
"14/8/2025 11:29:47 p. m.","Información","Microsoft-Windows-Kernel-Power","507","El sistema está saliendo del modo de espera moderno 

motivo: AC/DC Display Burst Suppressed. "
"14/8/2025 11:29:47 p. m.","Información","Microsoft-Windows-Kernel-Power","172","Estado de conectividad en modo de espera: Connected. Motivo: None"
"14/8/2025 11:29:47 p. m.","Información","Netwtw10","7026","7026 - Dump after return from D3 after cmd"
"14/8/2025 11:29:47 p. m.","Información","Netwtw10","7025","7025 - Dump after return from D3 before cmd "
"14/8/2025 11:29:47 p. m.","Información","Microsoft-Windows-Kernel-Power","105","Cambio de fuente de energía."
"14/8/2025 11:28:45 p. m.","Información","Microsoft-Windows-Kernel-Power","172","Estado de conectividad en modo de espera: Disconnected. Motivo: Policy Setting"
"14/8/2025 11:28:37 p. m.","Información","Microsoft-Windows-Kernel-Power","566","La sesión del sistema ha cambiado de 66 a 67.

Motivo 55 

BootId: 12"
"14/8/2025 11:28:35 p. m.","Información","Microsoft-Windows-Hyper-V-VmSwitch","291","Descarga de RSC modificada para la 6598FD11-7307-4DD7-8E4A-3EC4FB88B3D3--CB46B844-0AB4-4DF5-B08A-4E8E3BD5AEE5 NIC (nombre descriptivo: ) IPv4 anterior: Deshabilitado, IPv4 actual: Deshabilitado, IPv6 anterior: Deshabilitado, IPv6 actual: Deshabilitado. Motivo: OID de RSC"
"14/8/2025 11:28:34 p. m.","Información","Microsoft-Windows-Hyper-V-VmSwitch","102","Networking driver in 6598FD11-7307-4DD7-8E4A-3EC4FB88B3D3 is loaded and the protocol version is negotiated to the most recent version (Virtual machine ID 6598FD11-7307-4DD7-8E4A-3EC4FB88B3D3)."
"14/8/2025 11:28:33 p. m.","Información","Microsoft-Windows-Hyper-V-VmSwitch","291","Descarga de RSC modificada para la 6598FD11-7307-4DD7-8E4A-3EC4FB88B3D3--CB46B844-0AB4-4DF5-B08A-4E8E3BD5AEE5 NIC (nombre descriptivo: ) IPv4 anterior: Deshabilitado, IPv4 actual: Deshabilitado, IPv6 anterior: Deshabilitado, IPv6 actual: Deshabilitado. Motivo: OID de RSC"
"14/8/2025 11:28:33 p. m.","Información","Microsoft-Windows-Hyper-V-VmSwitch","102","Networking driver in 6598FD11-7307-4DD7-8E4A-3EC4FB88B3D3 is loaded and the protocol version is negotiated to the most recent version (Virtual machine ID 6598FD11-7307-4DD7-8E4A-3EC4FB88B3D3)."
"14/8/2025 11:28:32 p. m.","Información","Microsoft-Windows-Kernel-Power","506","El sistema está entrando en el modo de espera moderno 

motivo: Austerity Battery Drain Budget Exceeded. "
"14/8/2025 11:28:32 p. m.","Información","Microsoft-Windows-Kernel-Power","566","La sesión del sistema ha cambiado de 65 a 66.

Motivo 55 

BootId: 12"
"14/8/2025 11:28:32 p. m.","Información","Microsoft-Windows-Kernel-Power","507","El sistema está saliendo del modo de espera moderno 

motivo: Austerity Battery Drain Budget Exceeded. "
"14/8/2025 11:28:32 p. m.","Información","Microsoft-Windows-Kernel-Power","172","Estado de conectividad en modo de espera: Connected. Motivo: None"
"14/8/2025 11:28:32 p. m.","Información","Netwtw10","7026","7026 - Dump after return from D3 after cmd"
"14/8/2025 11:28:32 p. m.","Información","Netwtw10","7025","7025 - Dump after return from D3 before cmd "
"14/8/2025 11:26:55 p. m.","Advertencia","Microsoft-Windows-DNS-Client","1014","La resolución de nombres para el nombre teams.events.data.microsoft.com agotó el tiempo de espera después de que ninguno de los servidores DNS configurados respondiera. PID de cliente 12188."
"14/8/2025 11:26:54 p. m.","Información","Microsoft-Windows-Kernel-Power","172","Estado de conectividad en modo de espera: Disconnected. Motivo: Adaptive Connected Standby"
"14/8/2025 11:26:49 p. m.","Información","Microsoft-Windows-Kernel-Power","566","La sesión del sistema ha cambiado de 64 a 65.

Motivo InputMouse 

BootId: 12"
"14/8/2025 11:26:45 p. m.","Advertencia","rt640x64","1","Realtek PCIe GbE Family Controller is disconnected from network."
"14/8/2025 11:26:42 p. m.","Información","Microsoft-Windows-Kernel-Power","506","El sistema está entrando en el modo de espera moderno 

motivo: AC/DC Display Burst Suppressed. "
"14/8/2025 11:26:42 p. m.","Información","Microsoft-Windows-Kernel-Power","566","La sesión del sistema ha cambiado de 63 a 64.

Motivo InputMouse 

BootId: 12"
"14/8/2025 11:26:42 p. m.","Información","Microsoft-Windows-Kernel-Power","507","El sistema está saliendo del modo de espera moderno 

motivo: AC/DC Display Burst Suppressed. "
"14/8/2025 11:26:42 p. m.","Información","Netwtw10","7026","7026 - Dump after return from D3 after cmd"
"14/8/2025 11:26:42 p. m.","Información","Netwtw10","7025","7025 - Dump after return from D3 before cmd "
