"3/8/2025 10:19:42 a. m.","Información","Microsoft-Windows-WindowsUpdateClient","44","Windows Update comenzó a descargar una actualización."
"3/8/2025 10:19:07 a. m.","Advertencia","rt640x64","1","Realtek PCIe GbE Family Controller is disconnected from network."
"3/8/2025 10:19:04 a. m.","Información","Netwtw10","7026","7026 - Dump after return from D3 after cmd"
"3/8/2025 10:19:04 a. m.","Información","Netwtw10","7025","7025 - Dump after return from D3 before cmd "
"3/8/2025 10:18:14 a. m.","Información","Netwtw10","7026","7026 - Dump after return from D3 after cmd"
"3/8/2025 10:18:14 a. m.","Información","Netwtw10","7025","7025 - Dump after return from D3 before cmd "
"3/8/2025 10:00:36 a. m.","Información","nhi","9007","The driver entered RTD3.
 All the connected devices will be removed from driver's internal state, so it is expected that DeviceDisconnected events will happen."
"3/8/2025 10:00:27 a. m.","Información","Netwtw10","7026","7026 - Dump after return from D3 after cmd"
"3/8/2025 10:00:27 a. m.","Información","Netwtw10","7025","7025 - Dump after return from D3 before cmd "
"3/8/2025 10:00:27 a. m.","Información","nhi","9008","Driver exit RTD3.
 All the connected devices will now cause DeviceConnected events."
"3/8/2025 10:00:14 a. m.","Información","Netwtw10","7026","7026 - Dump after return from D3 after cmd"
"3/8/2025 10:00:14 a. m.","Información","Netwtw10","7025","7025 - Dump after return from D3 before cmd "
"3/8/2025 9:42:28 a. m.","Información","nhi","9007","The driver entered RTD3.
 All the connected devices will be removed from driver's internal state, so it is expected that DeviceDisconnected events will happen."
"3/8/2025 9:42:22 a. m.","Información","Netwtw10","7026","7026 - Dump after return from D3 after cmd"
"3/8/2025 9:42:22 a. m.","Información","Netwtw10","7025","7025 - Dump after return from D3 before cmd "
"3/8/2025 9:42:22 a. m.","Información","nhi","9008","Driver exit RTD3.
 All the connected devices will now cause DeviceConnected events."
"3/8/2025 9:42:17 a. m.","Advertencia","rt640x64","1","Realtek PCIe GbE Family Controller is disconnected from network."
"3/8/2025 9:42:14 a. m.","Información","Netwtw10","7026","7026 - Dump after return from D3 after cmd"
"3/8/2025 9:42:14 a. m.","Información","Netwtw10","7025","7025 - Dump after return from D3 before cmd "
"3/8/2025 9:24:14 a. m.","Información","Netwtw10","7026","7026 - Dump after return from D3 after cmd"
"3/8/2025 9:24:14 a. m.","Información","Netwtw10","7025","7025 - Dump after return from D3 before cmd "
"3/8/2025 9:06:14 a. m.","Información","Netwtw10","7026","7026 - Dump after return from D3 after cmd"
"3/8/2025 9:06:14 a. m.","Información","Netwtw10","7025","7025 - Dump after return from D3 before cmd "
"3/8/2025 8:54:58 a. m.","Información","nhi","9007","The driver entered RTD3.
 All the connected devices will be removed from driver's internal state, so it is expected that DeviceDisconnected events will happen."
"3/8/2025 8:54:53 a. m.","Información","nhi","9008","Driver exit RTD3.
 All the connected devices will now cause DeviceConnected events."
"3/8/2025 8:54:53 a. m.","Información","Netwtw10","7026","7026 - Dump after return from D3 after cmd"
"3/8/2025 8:54:53 a. m.","Información","Netwtw10","7025","7025 - Dump after return from D3 before cmd "
"3/8/2025 8:54:19 a. m.","Información","Netwtw10","7026","7026 - Dump after return from D3 after cmd"
"3/8/2025 8:54:19 a. m.","Información","Netwtw10","7025","7025 - Dump after return from D3 before cmd "
"3/8/2025 8:48:14 a. m.","Información","Netwtw10","7026","7026 - Dump after return from D3 after cmd"
"3/8/2025 8:48:14 a. m.","Información","Netwtw10","7025","7025 - Dump after return from D3 before cmd "
"3/8/2025 8:38:54 a. m.","Información","nhi","9007","The driver entered RTD3.
 All the connected devices will be removed from driver's internal state, so it is expected that DeviceDisconnected events will happen."
"3/8/2025 8:38:48 a. m.","Información","Netwtw10","7026","7026 - Dump after return from D3 after cmd"
"3/8/2025 8:38:48 a. m.","Información","Netwtw10","7025","7025 - Dump after return from D3 before cmd "
"3/8/2025 8:38:37 a. m.","Información","Netwtw10","7026","7026 - Dump after return from D3 after cmd"
"3/8/2025 8:38:37 a. m.","Información","Netwtw10","7025","7025 - Dump after return from D3 before cmd "
"3/8/2025 8:38:37 a. m.","Información","nhi","9008","Driver exit RTD3.
 All the connected devices will now cause DeviceConnected events."
"3/8/2025 8:30:14 a. m.","Información","Netwtw10","7026","7026 - Dump after return from D3 after cmd"
"3/8/2025 8:30:14 a. m.","Información","Netwtw10","7025","7025 - Dump after return from D3 before cmd "
"3/8/2025 8:12:14 a. m.","Información","Netwtw10","7026","7026 - Dump after return from D3 after cmd"
"3/8/2025 8:12:14 a. m.","Información","Netwtw10","7025","7025 - Dump after return from D3 before cmd "
"3/8/2025 8:04:30 a. m.","Información","nhi","9007","The driver entered RTD3.
 All the connected devices will be removed from driver's internal state, so it is expected that DeviceDisconnected events will happen."
"3/8/2025 8:04:25 a. m.","Información","Netwtw10","7026","7026 - Dump after return from D3 after cmd"
"3/8/2025 8:04:25 a. m.","Información","Netwtw10","7025","7025 - Dump after return from D3 before cmd "
"3/8/2025 8:04:25 a. m.","Información","nhi","9008","Driver exit RTD3.
 All the connected devices will now cause DeviceConnected events."
"3/8/2025 7:54:18 a. m.","Información","Microsoft-Windows-Kernel-Power","566","La sesión del sistema ha cambiado de 180 a 181.

Motivo InputMouse 

BootId: 10"
"3/8/2025 7:54:17 a. m.","Advertencia","rt640x64","1","Realtek PCIe GbE Family Controller is disconnected from network."
"3/8/2025 7:54:15 a. m.","Información","Microsoft-Windows-Kernel-Power","506","El sistema está entrando en el modo de espera moderno 

motivo: 16777220. "
"3/8/2025 7:54:15 a. m.","Información","Microsoft-Windows-Kernel-Power","566","La sesión del sistema ha cambiado de 179 a 180.

Motivo 16777220 

BootId: 10"
"3/8/2025 7:54:15 a. m.","Información","Microsoft-Windows-Kernel-Power","507","El sistema está saliendo del modo de espera moderno 

motivo: 16777220. "
"3/8/2025 7:54:14 a. m.","Información","Netwtw10","7026","7026 - Dump after return from D3 after cmd"
"3/8/2025 7:54:14 a. m.","Información","Netwtw10","7025","7025 - Dump after return from D3 before cmd "
"3/8/2025 7:36:14 a. m.","Información","Netwtw10","7026","7026 - Dump after return from D3 after cmd"
"3/8/2025 7:36:14 a. m.","Información","Netwtw10","7025","7025 - Dump after return from D3 before cmd "
"3/8/2025 7:33:14 a. m.","Advertencia","rt640x64","1","Realtek PCIe GbE Family Controller is disconnected from network."
"3/8/2025 7:33:11 a. m.","Información","Netwtw10","7026","7026 - Dump after return from D3 after cmd"
"3/8/2025 7:33:11 a. m.","Información","Netwtw10","7025","7025 - Dump after return from D3 before cmd "
"3/8/2025 7:19:13 a. m.","Información","Netwtw10","7026","7026 - Dump after return from D3 after cmd"
"3/8/2025 7:19:13 a. m.","Información","Netwtw10","7025","7025 - Dump after return from D3 before cmd "
"3/8/2025 7:15:07 a. m.","Información","Netwtw10","7026","7026 - Dump after return from D3 after cmd"
"3/8/2025 7:15:07 a. m.","Información","Netwtw10","7025","7025 - Dump after return from D3 before cmd "
"3/8/2025 7:03:12 a. m.","Información","Netwtw10","7026","7026 - Dump after return from D3 after cmd"
"3/8/2025 7:03:12 a. m.","Información","Netwtw10","7025","7025 - Dump after return from D3 before cmd "
"3/8/2025 6:58:04 a. m.","Información","Netwtw10","7026","7026 - Dump after return from D3 after cmd"
"3/8/2025 6:58:04 a. m.","Información","Netwtw10","7025","7025 - Dump after return from D3 before cmd "
"3/8/2025 6:57:48 a. m.","Información","Netwtw10","7026","7026 - Dump after return from D3 after cmd"
"3/8/2025 6:57:48 a. m.","Información","Netwtw10","7025","7025 - Dump after return from D3 before cmd "
"3/8/2025 6:51:10 a. m.","Error","Service Control Manager","7011","Se agotó el tiempo de espera (30000 ms) para la respuesta de transacción del servicio WinDefend."
"3/8/2025 6:49:09 a. m.","Información","Netwtw10","7026","7026 - Dump after return from D3 after cmd"
"3/8/2025 6:49:09 a. m.","Información","Netwtw10","7025","7025 - Dump after return from D3 before cmd "
"3/8/2025 6:42:01 a. m.","Información","Netwtw10","7026","7026 - Dump after return from D3 after cmd"
"3/8/2025 6:42:01 a. m.","Información","Netwtw10","7025","7025 - Dump after return from D3 before cmd "
"3/8/2025 6:35:01 a. m.","Información","Netwtw10","7026","7026 - Dump after return from D3 after cmd"
"3/8/2025 6:35:01 a. m.","Información","Netwtw10","7025","7025 - Dump after return from D3 before cmd "
"3/8/2025 6:28:01 a. m.","Información","Netwtw10","7026","7026 - Dump after return from D3 after cmd"
"3/8/2025 6:28:01 a. m.","Información","Netwtw10","7025","7025 - Dump after return from D3 before cmd "
"3/8/2025 6:21:01 a. m.","Información","Netwtw10","7026","7026 - Dump after return from D3 after cmd"
"3/8/2025 6:21:01 a. m.","Información","Netwtw10","7025","7025 - Dump after return from D3 before cmd "
"3/8/2025 6:14:01 a. m.","Información","Netwtw10","7026","7026 - Dump after return from D3 after cmd"
"3/8/2025 6:14:01 a. m.","Información","Netwtw10","7025","7025 - Dump after return from D3 before cmd "
"3/8/2025 6:07:01 a. m.","Información","Netwtw10","7026","7026 - Dump after return from D3 after cmd"
"3/8/2025 6:07:01 a. m.","Información","Netwtw10","7025","7025 - Dump after return from D3 before cmd "
"3/8/2025 6:00:01 a. m.","Información","Netwtw10","7026","7026 - Dump after return from D3 after cmd"
"3/8/2025 6:00:01 a. m.","Información","Netwtw10","7025","7025 - Dump after return from D3 before cmd "
"3/8/2025 5:53:03 a. m.","Advertencia","rt640x64","1","Realtek PCIe GbE Family Controller is disconnected from network."
"3/8/2025 5:52:59 a. m.","Información","Netwtw10","7026","7026 - Dump after return from D3 after cmd"
"3/8/2025 5:52:59 a. m.","Información","Netwtw10","7025","7025 - Dump after return from D3 before cmd "
"3/8/2025 5:47:56 a. m.","Información","Netwtw10","7026","7026 - Dump after return from D3 after cmd"
"3/8/2025 5:47:56 a. m.","Información","Netwtw10","7025","7025 - Dump after return from D3 before cmd "
"3/8/2025 5:42:53 a. m.","Información","nhi","9007","The driver entered RTD3.
 All the connected devices will be removed from driver's internal state, so it is expected that DeviceDisconnected events will happen."
"3/8/2025 5:42:47 a. m.","Información","Netwtw10","7026","7026 - Dump after return from D3 after cmd"
"3/8/2025 5:42:47 a. m.","Información","Netwtw10","7025","7025 - Dump after return from D3 before cmd "
"3/8/2025 5:42:47 a. m.","Información","nhi","9008","Driver exit RTD3.
 All the connected devices will now cause DeviceConnected events."
"3/8/2025 5:41:40 a. m.","Información","Netwtw10","7026","7026 - Dump after return from D3 after cmd"
"3/8/2025 5:41:40 a. m.","Información","Netwtw10","7025","7025 - Dump after return from D3 before cmd "
"3/8/2025 5:36:39 a. m.","Información","Netwtw10","7026","7026 - Dump after return from D3 after cmd"
"3/8/2025 5:36:39 a. m.","Información","Netwtw10","7025","7025 - Dump after return from D3 before cmd "
"3/8/2025 5:29:10 a. m.","Advertencia","rt640x64","1","Realtek PCIe GbE Family Controller is disconnected from network."
"3/8/2025 5:29:06 a. m.","Información","Netwtw10","7026","7026 - Dump after return from D3 after cmd"
"3/8/2025 5:29:06 a. m.","Información","Netwtw10","7025","7025 - Dump after return from D3 before cmd "
"3/8/2025 5:21:09 a. m.","Información","Netwtw10","7026","7026 - Dump after return from D3 after cmd"
"3/8/2025 5:21:09 a. m.","Información","Netwtw10","7025","7025 - Dump after return from D3 before cmd "
"3/8/2025 5:16:29 a. m.","Información","Netwtw10","7026","7026 - Dump after return from D3 after cmd"
"3/8/2025 5:16:29 a. m.","Información","Netwtw10","7025","7025 - Dump after return from D3 before cmd "
"3/8/2025 5:14:33 a. m.","Información","Netwtw10","7026","7026 - Dump after return from D3 after cmd"
"3/8/2025 5:14:33 a. m.","Información","Netwtw10","7025","7025 - Dump after return from D3 before cmd "
"3/8/2025 5:11:25 a. m.","Información","Microsoft-Windows-Kernel-Power","566","La sesión del sistema ha cambiado de 178 a 179.

Motivo InputMouse 

BootId: 10"
"3/8/2025 5:10:20 a. m.","Información","Microsoft-Windows-Kernel-Power","506","El sistema está entrando en el modo de espera moderno 

motivo: 16777220. "
"3/8/2025 5:10:20 a. m.","Información","Microsoft-Windows-Kernel-Power","566","La sesión del sistema ha cambiado de 177 a 178.

Motivo 16777220 

BootId: 10"
"3/8/2025 5:10:20 a. m.","Información","Microsoft-Windows-Kernel-Power","507","El sistema está saliendo del modo de espera moderno 

motivo: 16777220. "
"3/8/2025 5:10:19 a. m.","Información","Microsoft-Windows-Kernel-Power","566","La sesión del sistema ha cambiado de 176 a 177.

Motivo InputMouse 

BootId: 10"
"3/8/2025 5:09:36 a. m.","Advertencia","Microsoft-Windows-DistributedCOM","10016","La configuración de permisos específico de la aplicación no concede el permiso Activación Local para la aplicación de servidor COM con CLSID 
{2593F8B9-4EAF-457C-B68A-50F6B8EA6B54}
 y APPID 
{15C20B67-12E7-4BB6-92BB-7AFF07997402}
 al usuario TICPC-05\PCTIC-05 con SID (S-1-5-21-72991934-2165796093-3938425774-1001) en la dirección LocalHost (con LRPC) que se ejecuta en el contenedor de aplicaciones con SID MicrosoftWindows.Client.WebExperience_525.15301.20.0_x64__cw5n1h2txyewy (No disponible). Este permiso de seguridad se puede modificar mediante la herramienta administrativa Servicios de componentes."
"3/8/2025 5:09:14 a. m.","Información","Microsoft-Windows-Kernel-Power","506","El sistema está entrando en el modo de espera moderno 

motivo: AC/DC Display Burst Suppressed. "
"3/8/2025 5:09:14 a. m.","Información","Microsoft-Windows-Kernel-Power","566","La sesión del sistema ha cambiado de 175 a 176.

Motivo InputMouse 

BootId: 10"
"3/8/2025 5:09:14 a. m.","Información","Microsoft-Windows-Kernel-Power","507","El sistema está saliendo del modo de espera moderno 

motivo: AC/DC Display Burst Suppressed. "
"3/8/2025 5:09:14 a. m.","Información","Microsoft-Windows-Kernel-Power","172","Estado de conectividad en modo de espera: Connected. Motivo: None"
"3/8/2025 5:09:14 a. m.","Información","Netwtw10","7026","7026 - Dump after return from D3 after cmd"
"3/8/2025 5:09:14 a. m.","Información","Netwtw10","7025","7025 - Dump after return from D3 before cmd "
"3/8/2025 5:09:13 a. m.","Información","Microsoft-Windows-Kernel-Power","105","Cambio de fuente de energía."
"3/8/2025 5:03:34 a. m.","Información","nhi","9007","The driver entered RTD3.
 All the connected devices will be removed from driver's internal state, so it is expected that DeviceDisconnected events will happen."
"3/8/2025 5:03:29 a. m.","Información","Netwtw10","7026","7026 - Dump after return from D3 after cmd"
"3/8/2025 5:03:29 a. m.","Información","Netwtw10","7025","7025 - Dump after return from D3 before cmd "
"3/8/2025 5:03:29 a. m.","Información","nhi","9008","Driver exit RTD3.
 All the connected devices will now cause DeviceConnected events."
"3/8/2025 5:03:14 a. m.","Información","Microsoft-Windows-Kernel-Power","172","Estado de conectividad en modo de espera: Disconnected. Motivo: Adaptive Connected Standby"
"3/8/2025 5:03:06 a. m.","Información","Microsoft-Windows-Kernel-General","1","La hora del sistema ha cambiado a ‎2025‎-‎08‎-‎03T09:03:06.804768900Z de ‎2025‎-‎08‎-‎03T09:03:06.804182400Z.
Diferencia horaria: 0 ms

Motivo del cambio: An application or system component changed the time.
Proceso: '\Device\HarddiskVolume3\Windows\System32\svchost.exe' (PID 1708).

Hora de RTC: ‎2025‎-‎08‎-‎03T05:03:06.804768900Z
Diferencia de zona horaria actual: 240
hora RTC es UTC: false
La hora del sistema se basaba en la hora RTC: false"
"3/8/2025 5:03:06 a. m.","Error","Microsoft-Windows-HAL","21","No se estableció el reloj en tiempo real de hardware debido a un error en la evaluación del método de dispositivo de alarma y hora ACPI.  Estado: 0xC00000BB."
"3/8/2025 5:03:06 a. m.","Error","Microsoft-Windows-HAL","20","No se consultó el reloj en tiempo real de hardware debido a un error en la evaluación del método de dispositivo de alarma y hora ACPI.  Estado: 0xC00000BB."
"3/8/2025 5:03:06 a. m.","Información","Microsoft-Windows-Kernel-General","24","La información de zona horaria se actualizó con el motivo de salida 0. La diferencia de zona horaria actual es 240."
"3/8/2025 5:03:06 a. m.","Información","Microsoft-Windows-Kernel-Power","566","La sesión del sistema ha cambiado de 174 a 175.

Motivo PolicyChange 

BootId: 10"
"3/8/2025 5:03:06 a. m.","Advertencia","Win32k","700","Administrador de energía solicitó la supresión de todas las entradas (INPUT_SUPPRESS_REQUEST = 1)"
"3/8/2025 5:03:06 a. m.","Advertencia","Win32k","700","Administrador de energía solicitó la supresión de todas las entradas (INPUT_SUPPRESS_REQUEST = 1)"
"3/8/2025 5:03:06 a. m.","Información","Microsoft-Windows-Kernel-Power","506","El sistema está entrando en el modo de espera moderno 

motivo: Lid. "
"3/8/2025 5:03:06 a. m.","Información","Microsoft-Windows-Kernel-Power","566","La sesión del sistema ha cambiado de 173 a 174.

Motivo PolicyChange 

BootId: 10"
"3/8/2025 3:33:42 a. m.","Información","Microsoft-Windows-IsolatedUserMode","2","Secure Trustlet Id 6 and Pid 1640 stopped with status STATUS_SUCCESS."
"3/8/2025 3:25:42 a. m.","Información","Microsoft-Windows-IsolatedUserMode","1","Secure Trustlet \??\C:\WINDOWS\System32\NgcIso.exe Id 6 and Pid 1640 started with status STATUS_SUCCESS."
"3/8/2025 3:25:42 a. m.","Información","Microsoft-Windows-IsolatedUserMode","5","Secure Trustlet NULL Id 0 and Pid 0 started with status STATUS_SUCCESS."
"3/8/2025 1:15:25 a. m.","Información","Microsoft-Windows-Kernel-Power","105","Cambio de fuente de energía."
"3/8/2025 1:14:06 a. m.","Información","Service Control Manager","7040","El tipo de inicio del servicio Windows Modules Installer se cambió de inicio automático a inicio por solicitud."
"3/8/2025 1:14:05 a. m.","Información","Service Control Manager","7040","El tipo de inicio del servicio Windows Modules Installer se cambió de inicio por solicitud a inicio automático."
"3/8/2025 1:14:04 a. m.","Información","Microsoft-Windows-WindowsUpdateClient","44","Windows Update comenzó a descargar una actualización."
"3/8/2025 1:14:04 a. m.","Información","Microsoft-Windows-WindowsUpdateClient","44","Windows Update comenzó a descargar una actualización."
"3/8/2025 1:14:04 a. m.","Información","Microsoft-Windows-WindowsUpdateClient","44","Windows Update comenzó a descargar una actualización."
"3/8/2025 1:14:01 a. m.","Información","Service Control Manager","7040","El tipo de inicio del servicio Windows Modules Installer se cambió de inicio automático a inicio por solicitud."
"3/8/2025 1:13:48 a. m.","Información","Service Control Manager","7040","El tipo de inicio del servicio Windows Modules Installer se cambió de inicio por solicitud a inicio automático."
"2/8/2025 11:29:06 p. m.","Información","Microsoft-Windows-WindowsUpdateClient","19","Instalación correcta: Windows instaló correctamente la siguiente actualización: Actualización de inteligencia de seguridad para Microsoft Defender Antivirus - KB2267602 (versión 1.433.252.0) - Canal actual (ampliado)"
"2/8/2025 11:28:58 p. m.","Información","Microsoft-Windows-WindowsUpdateClient","43","Instalación iniciada: Windows comenzó a instalar la actualización siguiente: Actualización de inteligencia de seguridad para Microsoft Defender Antivirus - KB2267602 (versión 1.433.252.0) - Canal actual (ampliado)"
"2/8/2025 11:28:58 p. m.","Información","Microsoft-Windows-WindowsUpdateClient","44","Windows Update comenzó a descargar una actualización."
"2/8/2025 10:05:38 p. m.","Información","Service Control Manager","7040","El tipo de inicio del servicio Windows Modules Installer se cambió de inicio automático a inicio por solicitud."
"2/8/2025 10:04:29 p. m.","Información","Service Control Manager","7040","El tipo de inicio del servicio Windows Modules Installer se cambió de inicio por solicitud a inicio automático."
"2/8/2025 10:04:27 p. m.","Información","Microsoft-Windows-Kernel-General","16","El historial de accesos en el subárbol \??\C:\WINDOWS\System32\SMI\Store\Machine\schema.dat se borró mediante la actualización de 14791 claves y la creación de 2512 páginas modificadas."
"2/8/2025 10:04:27 p. m.","Información","Microsoft-Windows-Kernel-General","15","El subárbol \??\C:\WINDOWS\System32\config\COMPONENTS se reorganizó con un tamaño inicial de 68956160 bytes y un tamaño final de 57106432 bytes."
"2/8/2025 9:14:48 p. m.","Información","Microsoft-Windows-Kernel-Power","105","Cambio de fuente de energía."
"2/8/2025 9:02:05 p. m.","Error","Microsoft-Windows-WindowsUpdateClient","20","Error de instalación: error de Windows al instalar la siguiente actualización, error 0x80073D02: 9NTXGKQ8P7N0-MicrosoftWindows.CrossDevice."
"2/8/2025 9:02:03 p. m.","Información","Microsoft-Windows-WindowsUpdateClient","43","Instalación iniciada: Windows comenzó a instalar la actualización siguiente: 9NTXGKQ8P7N0-MicrosoftWindows.CrossDevice"
"2/8/2025 9:01:10 p. m.","Información","Microsoft-Windows-WindowsUpdateClient","44","Windows Update comenzó a descargar una actualización."
"2/8/2025 9:01:10 p. m.","Información","Microsoft-Windows-WindowsUpdateClient","44","Windows Update comenzó a descargar una actualización."
"2/8/2025 8:59:54 p. m.","Información","Microsoft-Windows-WindowsUpdateClient","19","Instalación correcta: Windows instaló correctamente la siguiente actualización: Actualización de inteligencia de seguridad para Microsoft Defender Antivirus - KB2267602 (versión 1.433.250.0) - Canal actual (ampliado)"
"2/8/2025 8:58:59 p. m.","Información","Microsoft-Windows-WindowsUpdateClient","43","Instalación iniciada: Windows comenzó a instalar la actualización siguiente: Actualización de inteligencia de seguridad para Microsoft Defender Antivirus - KB2267602 (versión 1.433.250.0) - Canal actual (ampliado)"
"2/8/2025 8:58:53 p. m.","Información","Microsoft-Windows-WindowsUpdateClient","44","Windows Update comenzó a descargar una actualización."
"2/8/2025 8:19:12 p. m.","Información","TPM","17","El hardware del Módulo de plataforma segura (TPM) no pudo ejecutar un comando de TPM."
"2/8/2025 8:19:12 p. m.","Información","TPM","17","El hardware del Módulo de plataforma segura (TPM) no pudo ejecutar un comando de TPM."
"2/8/2025 8:19:11 p. m.","Información","TPM","17","El hardware del Módulo de plataforma segura (TPM) no pudo ejecutar un comando de TPM."
"2/8/2025 8:19:02 p. m.","Información","Microsoft-Windows-IsolatedUserMode","2","Secure Trustlet Id 0 and Pid 0 stopped with status STATUS_SUCCESS."
"2/8/2025 8:19:02 p. m.","Información","Microsoft-Windows-IsolatedUserMode","5","Secure Trustlet NULL Id 0 and Pid 0 started with status STATUS_SUCCESS."
"2/8/2025 8:14:34 p. m.","Información","nhi","9007","The driver entered RTD3.
 All the connected devices will be removed from driver's internal state, so it is expected that DeviceDisconnected events will happen."
"2/8/2025 8:14:29 p. m.","Información","nhi","9008","Driver exit RTD3.
 All the connected devices will now cause DeviceConnected events."
"2/8/2025 8:06:13 p. m.","Información","Microsoft-Windows-Kernel-General","16","El historial de accesos en el subárbol \??\C:\Users\PCTIC-05\AppData\Local\Packages\Microsoft.GamingApp_8wekyb3d8bbwe\Settings\settings.dat se borró mediante la actualización de 1 claves y la creación de 1 páginas modificadas."
"2/8/2025 8:06:11 p. m.","Información","Microsoft-Windows-Kernel-General","16","El historial de accesos en el subárbol \??\C:\Users\PCTIC-05\AppData\Local\Packages\Microsoft.Edge.GameAssist_8wekyb3d8bbwe\Settings\settings.dat se borró mediante la actualización de 1 claves y la creación de 1 páginas modificadas."
"2/8/2025 8:06:07 p. m.","Información","Microsoft-Windows-Kernel-General","16","El historial de accesos en el subárbol \??\C:\Users\PCTIC-05\AppData\Local\Packages\ROBLOXCORPORATION.ROBLOX_55nm5eh3cm0pr\Settings\settings.dat se borró mediante la actualización de 3 claves y la creación de 1 páginas modificadas."
"2/8/2025 8:01:46 p. m.","Información","Microsoft-Windows-IsolatedUserMode","2","Secure Trustlet Id 6 and Pid 3560 stopped with status STATUS_SUCCESS."
"2/8/2025 7:57:37 p. m.","Información","Microsoft-Windows-WindowsUpdateClient","19","Instalación correcta: Windows instaló correctamente la siguiente actualización: 9NBLGGGZM6WM-ROBLOXCORPORATION.ROBLOX"
"2/8/2025 7:57:35 p. m.","Información","Microsoft-Windows-WindowsUpdateClient","43","Instalación iniciada: Windows comenzó a instalar la actualización siguiente: 9NBLGGGZM6WM-ROBLOXCORPORATION.ROBLOX"
"2/8/2025 7:57:32 p. m.","Información","Microsoft-Windows-Kernel-General","16","El historial de accesos en el subárbol \??\C:\ProgramData\Microsoft\Windows\AppRepository\Packages\ROBLOXCORPORATION.ROBLOX_2.684.690.0_x64__55nm5eh3cm0pr\ActivationStore.dat se borró mediante la actualización de 0 claves y la creación de 0 páginas modificadas."
"2/8/2025 7:53:46 p. m.","Información","Microsoft-Windows-IsolatedUserMode","1","Secure Trustlet \??\C:\WINDOWS\System32\NgcIso.exe Id 6 and Pid 3560 started with status STATUS_SUCCESS."
"2/8/2025 7:53:46 p. m.","Información","Microsoft-Windows-IsolatedUserMode","5","Secure Trustlet NULL Id 0 and Pid 0 started with status STATUS_SUCCESS."
"2/8/2025 7:51:42 p. m.","Información","Microsoft-Windows-WindowsUpdateClient","44","Windows Update comenzó a descargar una actualización."
"2/8/2025 7:48:29 p. m.","Información","Microsoft-Windows-WindowsUpdateClient","19","Instalación correcta: Windows instaló correctamente la siguiente actualización: Actualización de inteligencia de seguridad para Microsoft Defender Antivirus - KB2267602 (versión 1.433.237.0) - Canal actual (ampliado)"
"2/8/2025 7:48:05 p. m.","Información","Microsoft-Windows-Time-Service","37","El proveedor de hora NtpClient está recibiendo datos de hora  válidos desde time.windows.com,0x9 (ntp.m|0x9|0.0.0.0:123->40.119.6.228:123)."
"2/8/2025 7:47:47 p. m.","Advertencia","Netwtw10","6062","6062 - Lso was triggered"
"2/8/2025 7:47:47 p. m.","Información","nhi","9007","The driver entered RTD3.
 All the connected devices will be removed from driver's internal state, so it is expected that DeviceDisconnected events will happen."
"2/8/2025 7:47:45 p. m.","Información","Netwtw10","7021","7021 - Connection telemetry fields and analysis usage"
"2/8/2025 7:47:44 p. m.","Información","Microsoft-Windows-TPM-WMI","1038","Las comprobaciones de estado de la atestación previa confirman que se espera que el dispositivo supere la atestación.
 Consulte C:\WINDOWS\Logs\MeasuredBoot\0000000031-0000000008.json para obtener información detallada sobre las comprobaciones realizadas."
"2/8/2025 7:47:44 p. m.","Información","Microsoft-Windows-TPM-WMI","1041","Información detallada sobre la comprobación del estado de la atestación previa: {""Version"":1,""HealthStatus"":""Attestable"",""Required"":[{""Field"":""TpmPresent"",""Value"":true,""DesiredValue"":true},{""Field"":""TpmMeetsMinimumVersion"",""Value"":true,""DesiredValue"":true},{""Field"":""TpmIsResponsive"",""Value"":true,""DesiredValue"":true},{""Field"":""EkCertIsAvailable"",""Value"":true,""DesiredValue"":true},{""Field"":""TcgLogFound"",""Value"":true,""DesiredValue"":true}],""Expected"":[{""Field"":""PcrsMatchTcgLog"",""Value"":true,""DesiredValue"":true}],""Informational"":[{""Field"":""SecureBootEnabled"",""ValueFromComputer"":true,""ValueFromTcgLog"":true,""DesiredValue"":true,""TcgValueIsVerifiable"":true},{""Field"":""VirtualSecureMemory"",""ValueFromComputer"":false,""ValueFromTcgLog"":false,""DesiredValue"":true,""TcgValueIsVerifiable"":true},{""Field"":""SecureCorePCCompliant"",""ValueFromComputer"":false,""ValueFromTcgLog"":false,""DesiredValue"":true,""TcgValueIsVerifiable"":true}]}"
"2/8/2025 7:47:44 p. m.","Advertencia","rt640x64","1","Realtek PCIe GbE Family Controller is disconnected from network."
"2/8/2025 7:47:43 p. m.","Información","Microsoft-Windows-Power-Troubleshooter","1","El sistema estaba en un estado de baja energía y se reanudó.

Hora de suspensión: ‎2025‎-‎08‎-‎02T06:27:41.697357800Z
Hora de reactivación: ‎2025‎-‎08‎-‎02T23:47:41.538259300Z

Origen de la reactivación: Unknown"
"2/8/2025 7:47:42 p. m.","Advertencia","Microsoft-Windows-Time-Service","134","NtpClient no pudo establecer un sistema del mismo nivel manual para usar como origen de la hora debido a un error de resolución de DNS en 'time.windows.com,0x9'. NtpClient lo intentará de nuevo dentro de 15 minutos y doblará el intervalo de reintento en adelante. Error: Host desconocido. (0x80072AF9)"
"2/8/2025 7:47:41 p. m.","Información","Netwtw10","7021","7021 - Connection telemetry fields and analysis usage"
"2/8/2025 7:47:41 p. m.","Error","Microsoft-Windows-NDIS","10317","Minipuerto Microsoft Wi-Fi Direct Virtual Adapter #2, {79f38f0f-3b2e-4931-b16b-3a5d8eb7dab9}, tuvo el evento Fatal error: The miniport has failed a power transition to operational power"
"2/8/2025 7:47:41 p. m.","Información","Netwtw10","7023","7023 - secure boot debug logging Quasar"
"2/8/2025 7:47:41 p. m.","Información","Intel-SST-OED","28","Loaded DSP FW library: \??\C:\WINDOWS\System32\DriverStore\FileRepository\intcoed_oemlibpath.inf_amd64_69401f7e35684734\tgl_maxx_audio_pro.bin, status = STATUS_SUCCESS."
"2/8/2025 7:47:41 p. m.","Información","Microsoft-Windows-Kernel-Power","566","La sesión del sistema ha cambiado de 171 a 173.

Motivo PolicyChange 

BootId: 10"
"2/8/2025 7:47:41 p. m.","Información","Microsoft-Windows-Kernel-Power","507","El sistema está saliendo del modo de espera moderno 

motivo: Lid. "
"2/8/2025 7:47:41 p. m.","Información","Microsoft-Windows-Kernel-Power","506","El sistema está entrando en el modo de espera moderno 

motivo: Sleep, Hibernate, or Shutdown. "
"2/8/2025 7:47:41 p. m.","Información","Microsoft-Windows-Kernel-Power","566","La sesión del sistema ha cambiado de 170 a 171.

Motivo SxTransition 

BootId: 10"
"2/8/2025 7:47:41 p. m.","Información","Microsoft-Windows-Kernel-Boot","247","No se puede cargar el firmware de Pluton-Windows. StatusCode: STATUS_SUCCESS, Motivo: Failed to apply firmware."
"2/8/2025 7:47:41 p. m.","Información","Microsoft-Windows-Kernel-Boot","27","El tipo de arranque fue 0x2."
"2/8/2025 7:47:41 p. m.","Información","Microsoft-Windows-Kernel-Boot","25","La directiva del menú de arranque fue 0x0."
"2/8/2025 7:47:41 p. m.","Información","Microsoft-Windows-Kernel-Boot","32","Bootmgr esperó la entrada del usuario durante 0 ms."
"2/8/2025 7:47:41 p. m.","Información","Microsoft-Windows-Kernel-Boot","18","Existen 0x1 opciones de arranque en este sistema."
"2/8/2025 7:47:41 p. m.","Información","Microsoft-Windows-Kernel-Boot","30","El firmware notificó métricas de arranque."
"2/8/2025 7:47:41 p. m.","Información","Intel-SST-OED","28","Loaded DSP FW library: Libs\dsp_lib_whm_tgl_release.bin, status = STATUS_SUCCESS."
"2/8/2025 7:47:41 p. m.","Información","Intel-SST-OED","28","Loaded DSP FW library: Libs\dsp_lib_intel_wov_tgl_release.bin, status = STATUS_SUCCESS."
"2/8/2025 7:47:41 p. m.","Información","Netwtw10","7025","7025 - Dump after return from D3 before cmd "
"2/8/2025 7:47:41 p. m.","Información","WiManH","2",
"2/8/2025 7:47:41 p. m.","Advertencia","TPM","30","El recuento de restablecimiento y/o reanudación no coinciden con los valores esperados después de hibernar o reanudar."
"2/8/2025 7:47:41 p. m.","Advertencia","Win32k","701","Administrador de energía no solicitó la supresión de todas las entradas (INPUT_SUPPRESS_REQUEST = 0)"
"2/8/2025 7:47:41 p. m.","Advertencia","Win32k","701","Administrador de energía no solicitó la supresión de todas las entradas (INPUT_SUPPRESS_REQUEST = 0)"
"2/8/2025 7:47:40 p. m.","Información","Microsoft-Windows-Kernel-General","1","La hora del sistema ha cambiado a ‎2025‎-‎08‎-‎02T23:47:40.500000000Z de ‎2025‎-‎08‎-‎02T06:27:49.390053900Z.
Diferencia horaria: 62391109 ms

Motivo del cambio: System time synchronized with the hardware clock.
Proceso: '' (PID 4).

Hora de RTC: ‎2025‎-‎08‎-‎02T19:47:40.500000000Z
Diferencia de zona horaria actual: 240
hora RTC es UTC: false
La hora del sistema se basaba en la hora RTC: false"
"2/8/2025 2:27:49 a. m.","Información","Microsoft-Windows-Kernel-Power","107","El sistema se reanudó del estado de suspensión."
"2/8/2025 7:47:41 p. m.","Información","EventLog","6013","El tiempo límite del sistema es de 757608 segundos."
"2/8/2025 2:27:49 a. m.","Información","Microsoft-Windows-WindowsUpdateClient","43","Instalación iniciada: Windows comenzó a instalar la actualización siguiente: Actualización de inteligencia de seguridad para Microsoft Defender Antivirus - KB2267602 (versión 1.433.237.0) - Canal actual (ampliado)"
"2/8/2025 2:27:43 a. m.","Advertencia","Netwtw10","6062","6062 - Lso was triggered"
"2/8/2025 2:27:43 a. m.","Información","Microsoft-Windows-Kernel-Power","42","El sistema está entrando en suspensión.

Motivo de la suspensión: Hibernate from Sleep - Standby Battery Budget Exceeded"
"2/8/2025 2:27:43 a. m.","Información","Microsoft-Windows-Kernel-Power","40","El controlador \Driver\ACPI del dispositivo  detuvo la transición de energía."
"2/8/2025 2:27:42 a. m.","Información","nhi","9008","Driver exit RTD3.
 All the connected devices will now cause DeviceConnected events."
"2/8/2025 2:27:42 a. m.","Información","Netwtw10","7021","7021 - Connection telemetry fields and analysis usage"
"2/8/2025 2:27:41 a. m.","Información","Microsoft-Windows-Kernel-Power","566","La sesión del sistema ha cambiado de 169 a 170.

Motivo SxTransition 

BootId: 10"
"2/8/2025 2:27:41 a. m.","Información","Microsoft-Windows-Kernel-Power","507","El sistema está saliendo del modo de espera moderno 

motivo: Sleep, Hibernate, or Shutdown. "
"2/8/2025 2:27:41 a. m.","Información","Microsoft-Windows-Kernel-Power","172","Estado de conectividad en modo de espera: Connected. Motivo: None"
"2/8/2025 2:27:41 a. m.","Información","Netwtw10","7026","7026 - Dump after return from D3 after cmd"
"2/8/2025 2:27:41 a. m.","Información","Netwtw10","7025","7025 - Dump after return from D3 before cmd "
"2/8/2025 12:38:35 a. m.","Información","Microsoft-Windows-Kernel-Power","172","Estado de conectividad en modo de espera: Disconnected. Motivo: Policy Setting"
"2/8/2025 12:38:27 a. m.","Información","Microsoft-Windows-Kernel-Power","566","La sesión del sistema ha cambiado de 168 a 169.

Motivo 55 

BootId: 10"
"2/8/2025 12:38:22 a. m.","Información","Microsoft-Windows-Kernel-Power","506","El sistema está entrando en el modo de espera moderno 

motivo: Austerity Battery Drain Budget Exceeded. "
"2/8/2025 12:38:22 a. m.","Información","Microsoft-Windows-Kernel-Power","566","La sesión del sistema ha cambiado de 167 a 168.

Motivo 55 

BootId: 10"
"2/8/2025 12:38:22 a. m.","Información","Microsoft-Windows-Kernel-Power","507","El sistema está saliendo del modo de espera moderno 

motivo: Austerity Battery Drain Budget Exceeded. "
"2/8/2025 12:38:22 a. m.","Información","Microsoft-Windows-Kernel-Power","172","Estado de conectividad en modo de espera: Connected. Motivo: None"
"2/8/2025 12:38:22 a. m.","Información","Netwtw10","7026","7026 - Dump after return from D3 after cmd"
"2/8/2025 12:38:22 a. m.","Información","Netwtw10","7025","7025 - Dump after return from D3 before cmd "
"2/8/2025 12:35:09 a. m.","Información","Microsoft-Windows-Kernel-Power","172","Estado de conectividad en modo de espera: Disconnected. Motivo: Adaptive Connected Standby"
"2/8/2025 12:35:07 a. m.","Información","Microsoft-Windows-Kernel-Power","172","Estado de conectividad en modo de espera: Connected. Motivo: None"
"2/8/2025 12:35:07 a. m.","Información","Microsoft-Windows-Kernel-Power","172","Estado de conectividad en modo de espera: Disconnected. Motivo: Adaptive Connected Standby"
"2/8/2025 12:34:34 a. m.","Información","Microsoft-Windows-WindowsUpdateClient","44","Windows Update comenzó a descargar una actualización."
"2/8/2025 12:34:34 a. m.","Información","Microsoft-Windows-Kernel-Power","172","Estado de conectividad en modo de espera: Connected. Motivo: None"
"2/8/2025 12:34:34 a. m.","Información","Microsoft-Windows-Kernel-Power","172","Estado de conectividad en modo de espera: Disconnected. Motivo: Adaptive Connected Standby"
"2/8/2025 12:34:32 a. m.","Información","Microsoft-Windows-Kernel-Power","172","Estado de conectividad en modo de espera: Connected. Motivo: None"
"2/8/2025 12:34:32 a. m.","Información","Netwtw10","7026","7026 - Dump after return from D3 after cmd"
"2/8/2025 12:34:32 a. m.","Información","Netwtw10","7025","7025 - Dump after return from D3 before cmd "
"2/8/2025 12:34:30 a. m.","Información","Microsoft-Windows-Kernel-Power","172","Estado de conectividad en modo de espera: Disconnected. Motivo: Adaptive Connected Standby"
"2/8/2025 12:34:28 a. m.","Información","Microsoft-Windows-Kernel-Power","172","Estado de conectividad en modo de espera: Connected. Motivo: None"
"2/8/2025 12:34:28 a. m.","Información","Microsoft-Windows-Kernel-Power","172","Estado de conectividad en modo de espera: Disconnected. Motivo: Adaptive Connected Standby"
"2/8/2025 12:33:22 a. m.","Información","Microsoft-Windows-Kernel-Power","566","La sesión del sistema ha cambiado de 166 a 167.

Motivo InputMouse 

BootId: 10"
"2/8/2025 12:33:19 a. m.","Advertencia","rt640x64","1","Realtek PCIe GbE Family Controller is disconnected from network."
"2/8/2025 12:33:17 a. m.","Información","Microsoft-Windows-Kernel-Power","506","El sistema está entrando en el modo de espera moderno 

motivo: AC/DC Display Burst Suppressed. "
"2/8/2025 12:33:17 a. m.","Información","Microsoft-Windows-Kernel-Power","566","La sesión del sistema ha cambiado de 165 a 166.

Motivo InputMouse 

BootId: 10"
"2/8/2025 12:33:17 a. m.","Información","Microsoft-Windows-Kernel-Power","507","El sistema está saliendo del modo de espera moderno 

motivo: AC/DC Display Burst Suppressed. "
"2/8/2025 12:33:17 a. m.","Información","Microsoft-Windows-Kernel-Power","105","Cambio de fuente de energía."
"2/8/2025 12:33:16 a. m.","Información","Netwtw10","7026","7026 - Dump after return from D3 after cmd"
"2/8/2025 12:33:16 a. m.","Información","Netwtw10","7025","7025 - Dump after return from D3 before cmd "
"2/8/2025 12:09:23 a. m.","Información","Netwtw10","7026","7026 - Dump after return from D3 after cmd"
"2/8/2025 12:09:23 a. m.","Información","Netwtw10","7025","7025 - Dump after return from D3 before cmd "
"1/8/2025 11:44:43 p. m.","Error","Service Control Manager","7011","Se agotó el tiempo de espera (30000 ms) para la respuesta de transacción del servicio WinDefend."
"1/8/2025 11:41:23 p. m.","Información","Netwtw10","7026","7026 - Dump after return from D3 after cmd"
"1/8/2025 11:41:23 p. m.","Información","Netwtw10","7025","7025 - Dump after return from D3 before cmd "
"1/8/2025 11:23:32 p. m.","Información","Netwtw10","7026","7026 - Dump after return from D3 after cmd"
"1/8/2025 11:23:32 p. m.","Información","Netwtw10","7025","7025 - Dump after return from D3 before cmd "
"1/8/2025 11:13:23 p. m.","Información","Netwtw10","7026","7026 - Dump after return from D3 after cmd"
"1/8/2025 11:13:23 p. m.","Información","Netwtw10","7025","7025 - Dump after return from D3 before cmd "
"1/8/2025 11:11:58 p. m.","Información","nhi","9007","The driver entered RTD3.
 All the connected devices will be removed from driver's internal state, so it is expected that DeviceDisconnected events will happen."
"1/8/2025 11:11:51 p. m.","Advertencia","Netwtw10","6062","6062 - Lso was triggered"
"1/8/2025 11:11:48 p. m.","Información","Netwtw10","7021","7021 - Connection telemetry fields and analysis usage"
"1/8/2025 11:11:46 p. m.","Información","Netwtw10","7026","7026 - Dump after return from D3 after cmd"
"1/8/2025 11:11:46 p. m.","Información","Netwtw10","7025","7025 - Dump after return from D3 before cmd "
"1/8/2025 11:11:46 p. m.","Información","nhi","9008","Driver exit RTD3.
 All the connected devices will now cause DeviceConnected events."
"1/8/2025 11:06:42 p. m.","Información","Netwtw10","7026","7026 - Dump after return from D3 after cmd"
"1/8/2025 11:06:42 p. m.","Información","Netwtw10","7025","7025 - Dump after return from D3 before cmd "
"1/8/2025 11:04:50 p. m.","Información","nhi","9007","The driver entered RTD3.
 All the connected devices will be removed from driver's internal state, so it is expected that DeviceDisconnected events will happen."
"1/8/2025 11:04:41 p. m.","Información","Netwtw10","7026","7026 - Dump after return from D3 after cmd"
"1/8/2025 11:04:41 p. m.","Información","Netwtw10","7025","7025 - Dump after return from D3 before cmd "
"1/8/2025 11:04:37 p. m.","Advertencia","Netwtw10","6062","6062 - Lso was triggered"
"1/8/2025 11:04:35 p. m.","Información","Netwtw10","7021","7021 - Connection telemetry fields and analysis usage"
"1/8/2025 11:04:32 p. m.","Información","Netwtw10","7026","7026 - Dump after return from D3 after cmd"
"1/8/2025 11:04:32 p. m.","Información","Netwtw10","7025","7025 - Dump after return from D3 before cmd "
"1/8/2025 11:04:32 p. m.","Información","nhi","9008","Driver exit RTD3.
 All the connected devices will now cause DeviceConnected events."
"1/8/2025 10:59:37 p. m.","Información","nhi","9007","The driver entered RTD3.
 All the connected devices will be removed from driver's internal state, so it is expected that DeviceDisconnected events will happen."
"1/8/2025 10:59:30 p. m.","Advertencia","rt640x64","1","Realtek PCIe GbE Family Controller is disconnected from network."
"1/8/2025 10:59:27 p. m.","Información","Netwtw10","7026","7026 - Dump after return from D3 after cmd"
"1/8/2025 10:59:27 p. m.","Información","Netwtw10","7025","7025 - Dump after return from D3 before cmd "
"1/8/2025 10:59:27 p. m.","Información","nhi","9008","Driver exit RTD3.
 All the connected devices will now cause DeviceConnected events."
"1/8/2025 10:48:20 p. m.","Error","Microsoft-Windows-DistributedCOM","10010","El servidor {338B40F9-9D68-4B53-A793-6B9AA0C5F63B} no se registró con DCOM dentro del tiempo de espera requerido."
"1/8/2025 10:47:59 p. m.","Información","Netwtw10","7026","7026 - Dump after return from D3 after cmd"
"1/8/2025 10:47:59 p. m.","Información","Netwtw10","7025","7025 - Dump after return from D3 before cmd "
"1/8/2025 10:46:34 p. m.","Información","nhi","9007","The driver entered RTD3.
 All the connected devices will be removed from driver's internal state, so it is expected that DeviceDisconnected events will happen."
"1/8/2025 10:46:27 p. m.","Advertencia","Netwtw10","6062","6062 - Lso was triggered"
"1/8/2025 10:46:26 p. m.","Advertencia","rt640x64","1","Realtek PCIe GbE Family Controller is disconnected from network."
"1/8/2025 10:46:25 p. m.","Información","Netwtw10","7021","7021 - Connection telemetry fields and analysis usage"
"1/8/2025 10:46:23 p. m.","Información","Netwtw10","7026","7026 - Dump after return from D3 after cmd"
"1/8/2025 10:46:23 p. m.","Información","Netwtw10","7025","7025 - Dump after return from D3 before cmd "
"1/8/2025 10:46:23 p. m.","Información","nhi","9008","Driver exit RTD3.
 All the connected devices will now cause DeviceConnected events."
"1/8/2025 10:42:04 p. m.","Información","Netwtw10","7026","7026 - Dump after return from D3 after cmd"
"1/8/2025 10:42:04 p. m.","Información","Netwtw10","7025","7025 - Dump after return from D3 before cmd "
"1/8/2025 10:31:27 p. m.","Información","nhi","9007","The driver entered RTD3.
 All the connected devices will be removed from driver's internal state, so it is expected that DeviceDisconnected events will happen."
"1/8/2025 10:31:20 p. m.","Información","Netwtw10","7026","7026 - Dump after return from D3 after cmd"
"1/8/2025 10:31:20 p. m.","Información","Netwtw10","7025","7025 - Dump after return from D3 before cmd "
"1/8/2025 10:31:20 p. m.","Información","nhi","9008","Driver exit RTD3.
 All the connected devices will now cause DeviceConnected events."
"1/8/2025 10:27:02 p. m.","Advertencia","rt640x64","1","Realtek PCIe GbE Family Controller is disconnected from network."
"1/8/2025 10:26:59 p. m.","Información","Netwtw10","7026","7026 - Dump after return from D3 after cmd"
"1/8/2025 10:26:59 p. m.","Información","Netwtw10","7025","7025 - Dump after return from D3 before cmd "
"1/8/2025 10:23:00 p. m.","Información","Netwtw10","7026","7026 - Dump after return from D3 after cmd"
"1/8/2025 10:23:00 p. m.","Información","Netwtw10","7025","7025 - Dump after return from D3 before cmd "
"1/8/2025 10:19:41 p. m.","Información","nhi","9007","The driver entered RTD3.
 All the connected devices will be removed from driver's internal state, so it is expected that DeviceDisconnected events will happen."
"1/8/2025 10:19:36 p. m.","Información","Netwtw10","7026","7026 - Dump after return from D3 after cmd"
"1/8/2025 10:19:36 p. m.","Información","Netwtw10","7025","7025 - Dump after return from D3 before cmd "
"1/8/2025 10:19:36 p. m.","Información","nhi","9008","Driver exit RTD3.
 All the connected devices will now cause DeviceConnected events."
"1/8/2025 10:16:54 p. m.","Información","Netwtw10","7026","7026 - Dump after return from D3 after cmd"
"1/8/2025 10:16:54 p. m.","Información","Netwtw10","7025","7025 - Dump after return from D3 before cmd "
"1/8/2025 10:14:20 p. m.","Información","Microsoft-Windows-Kernel-Power","566","La sesión del sistema ha cambiado de 164 a 165.

Motivo InputMouse 

BootId: 10"
"1/8/2025 10:13:12 p. m.","Información","Microsoft-Windows-Kernel-Power","506","El sistema está entrando en el modo de espera moderno 

motivo: 16777220. "
"1/8/2025 10:13:12 p. m.","Información","Microsoft-Windows-Kernel-Power","566","La sesión del sistema ha cambiado de 163 a 164.

Motivo 16777220 

BootId: 10"
"1/8/2025 10:13:12 p. m.","Información","Microsoft-Windows-Kernel-Power","507","El sistema está saliendo del modo de espera moderno 

motivo: 16777220. "
"1/8/2025 10:13:11 p. m.","Información","Microsoft-Windows-Kernel-Power","566","La sesión del sistema ha cambiado de 162 a 163.

Motivo InputMouse 

BootId: 10"
"1/8/2025 10:11:53 p. m.","Advertencia","Netwtw10","6062","6062 - Lso was triggered"
"1/8/2025 10:11:39 p. m.","Información","Netwtw10","7021","7021 - Connection telemetry fields and analysis usage"
"1/8/2025 10:11:38 p. m.","Información","Microsoft-Windows-Kernel-Power","506","El sistema está entrando en el modo de espera moderno 

motivo: AC/DC Display Burst Suppressed. "
"1/8/2025 10:11:38 p. m.","Información","Microsoft-Windows-Kernel-Power","566","La sesión del sistema ha cambiado de 161 a 162.

Motivo InputMouse 

BootId: 10"
"1/8/2025 10:11:38 p. m.","Información","Microsoft-Windows-Kernel-Power","507","El sistema está saliendo del modo de espera moderno 

motivo: AC/DC Display Burst Suppressed. "
"1/8/2025 10:11:38 p. m.","Información","Microsoft-Windows-Kernel-Power","172","Estado de conectividad en modo de espera: Connected. Motivo: None"
"1/8/2025 10:11:38 p. m.","Información","Netwtw10","7026","7026 - Dump after return from D3 after cmd"
"1/8/2025 10:11:38 p. m.","Información","Netwtw10","7025","7025 - Dump after return from D3 before cmd "
"1/8/2025 10:11:38 p. m.","Información","Microsoft-Windows-Kernel-Power","105","Cambio de fuente de energía."
"1/8/2025 9:48:36 p. m.","Información","Microsoft-Windows-Kernel-Power","172","Estado de conectividad en modo de espera: Disconnected. Motivo: Policy Setting"
"1/8/2025 9:48:28 p. m.","Información","Microsoft-Windows-Kernel-Power","566","La sesión del sistema ha cambiado de 160 a 161.

Motivo 55 

BootId: 10"
"1/8/2025 9:48:23 p. m.","Información","Microsoft-Windows-Kernel-Power","506","El sistema está entrando en el modo de espera moderno 

motivo: Austerity Battery Drain Budget Exceeded. "
"1/8/2025 9:48:23 p. m.","Información","Microsoft-Windows-Kernel-Power","566","La sesión del sistema ha cambiado de 159 a 160.

Motivo 55 

BootId: 10"
"1/8/2025 9:48:23 p. m.","Información","Microsoft-Windows-Kernel-Power","507","El sistema está saliendo del modo de espera moderno 

motivo: Austerity Battery Drain Budget Exceeded. "
"1/8/2025 9:48:23 p. m.","Información","Microsoft-Windows-Kernel-Power","172","Estado de conectividad en modo de espera: Connected. Motivo: None"
"1/8/2025 9:48:23 p. m.","Información","Netwtw10","7026","7026 - Dump after return from D3 after cmd"
"1/8/2025 9:48:23 p. m.","Información","Netwtw10","7025","7025 - Dump after return from D3 before cmd "
"1/8/2025 9:25:00 p. m.","Información","Microsoft-Windows-Kernel-Power","172","Estado de conectividad en modo de espera: Disconnected. Motivo: Adaptive Connected Standby"
"1/8/2025 9:24:52 p. m.","Información","Microsoft-Windows-Kernel-General","1","La hora del sistema ha cambiado a ‎2025‎-‎08‎-‎02T01:24:52.945191800Z de ‎2025‎-‎08‎-‎02T01:24:52.945002500Z.
Diferencia horaria: 0 ms

Motivo del cambio: An application or system component changed the time.
Proceso: '\Device\HarddiskVolume3\Windows\System32\svchost.exe' (PID 1708).

Hora de RTC: ‎2025‎-‎08‎-‎01T21:24:52.945191800Z
Diferencia de zona horaria actual: 240
hora RTC es UTC: false
La hora del sistema se basaba en la hora RTC: false"
"1/8/2025 9:24:52 p. m.","Error","Microsoft-Windows-HAL","21","No se estableció el reloj en tiempo real de hardware debido a un error en la evaluación del método de dispositivo de alarma y hora ACPI.  Estado: 0xC00000BB."
