"11/8/2025 4:47:46 a. m.","Información","Microsoft-Windows-Kernel-Power","566","La sesión del sistema ha cambiado de 87 a 88.

Motivo 16777220 

BootId: 11"
"11/8/2025 4:47:46 a. m.","Información","Microsoft-Windows-Kernel-Power","507","El sistema está saliendo del modo de espera moderno 

motivo: 16777220. "
"11/8/2025 4:47:46 a. m.","Información","Microsoft-Windows-Kernel-General","1","La hora del sistema ha cambiado a ‎2025‎-‎08‎-‎11T08:47:46.340706500Z de ‎2025‎-‎08‎-‎11T08:47:46.340376500Z.
Diferencia horaria: 0 ms

Motivo del cambio: An application or system component changed the time.
Proceso: '\Device\HarddiskVolume3\Windows\System32\svchost.exe' (PID 4560).

Hora de RTC: ‎2025‎-‎08‎-‎11T04:47:46.340706500Z
Diferencia de zona horaria actual: 240
hora RTC es UTC: false
La hora del sistema se basaba en la hora RTC: false"
"11/8/2025 4:47:46 a. m.","Error","Microsoft-Windows-HAL","21","No se estableció el reloj en tiempo real de hardware debido a un error en la evaluación del método de dispositivo de alarma y hora ACPI.  Estado: 0xC00000BB."
"11/8/2025 4:47:46 a. m.","Error","Microsoft-Windows-HAL","20","No se consultó el reloj en tiempo real de hardware debido a un error en la evaluación del método de dispositivo de alarma y hora ACPI.  Estado: 0xC00000BB."
"11/8/2025 4:47:46 a. m.","Información","Microsoft-Windows-Kernel-General","24","La información de zona horaria se actualizó con el motivo de salida 0. La diferencia de zona horaria actual es 240."
"11/8/2025 4:47:46 a. m.","Información","Netwtw10","7026","7026 - Dump after return from D3 after cmd"
"11/8/2025 4:47:46 a. m.","Información","Netwtw10","7025","7025 - Dump after return from D3 before cmd "
"11/8/2025 4:47:14 a. m.","Información","nhi","9007","The driver entered RTD3.
 All the connected devices will be removed from driver's internal state, so it is expected that DeviceDisconnected events will happen."
"11/8/2025 4:47:07 a. m.","Advertencia","rt640x64","1","Realtek PCIe GbE Family Controller is disconnected from network."
"11/8/2025 4:47:04 a. m.","Información","Netwtw10","7026","7026 - Dump after return from D3 after cmd"
"11/8/2025 4:47:04 a. m.","Información","Netwtw10","7025","7025 - Dump after return from D3 before cmd "
"11/8/2025 4:42:35 a. m.","Información","Netwtw10","7026","7026 - Dump after return from D3 after cmd"
"11/8/2025 4:42:35 a. m.","Información","Netwtw10","7025","7025 - Dump after return from D3 before cmd "
"11/8/2025 4:42:35 a. m.","Información","nhi","9008","Driver exit RTD3.
 All the connected devices will now cause DeviceConnected events."
"11/8/2025 4:42:29 a. m.","Información","Netwtw10","7026","7026 - Dump after return from D3 after cmd"
"11/8/2025 4:42:29 a. m.","Información","Netwtw10","7025","7025 - Dump after return from D3 before cmd "
"11/8/2025 4:42:28 a. m.","Advertencia","rt640x64","1","Realtek PCIe GbE Family Controller is disconnected from network."
"11/8/2025 4:42:25 a. m.","Información","Netwtw10","7026","7026 - Dump after return from D3 after cmd"
"11/8/2025 4:42:25 a. m.","Información","Netwtw10","7025","7025 - Dump after return from D3 before cmd "
"11/8/2025 4:35:32 a. m.","Información","nhi","9007","The driver entered RTD3.
 All the connected devices will be removed from driver's internal state, so it is expected that DeviceDisconnected events will happen."
"11/8/2025 4:35:27 a. m.","Información","nhi","9008","Driver exit RTD3.
 All the connected devices will now cause DeviceConnected events."
"11/8/2025 4:35:27 a. m.","Información","Netwtw10","7026","7026 - Dump after return from D3 after cmd"
"11/8/2025 4:35:27 a. m.","Información","Netwtw10","7025","7025 - Dump after return from D3 before cmd "
"11/8/2025 4:35:25 a. m.","Información","Netwtw10","7026","7026 - Dump after return from D3 after cmd"
"11/8/2025 4:35:25 a. m.","Información","Netwtw10","7025","7025 - Dump after return from D3 before cmd "
"11/8/2025 4:28:25 a. m.","Información","Netwtw10","7026","7026 - Dump after return from D3 after cmd"
"11/8/2025 4:28:25 a. m.","Información","Netwtw10","7025","7025 - Dump after return from D3 before cmd "
"11/8/2025 4:21:40 a. m.","Información","nhi","9007","The driver entered RTD3.
 All the connected devices will be removed from driver's internal state, so it is expected that DeviceDisconnected events will happen."
"11/8/2025 4:21:34 a. m.","Información","nhi","9008","Driver exit RTD3.
 All the connected devices will now cause DeviceConnected events."
"11/8/2025 4:21:34 a. m.","Información","Netwtw10","7026","7026 - Dump after return from D3 after cmd"
"11/8/2025 4:21:34 a. m.","Información","Netwtw10","7025","7025 - Dump after return from D3 before cmd "
"11/8/2025 4:21:25 a. m.","Información","Netwtw10","7026","7026 - Dump after return from D3 after cmd"
"11/8/2025 4:21:25 a. m.","Información","Netwtw10","7025","7025 - Dump after return from D3 before cmd "
"11/8/2025 4:14:34 a. m.","Información","nhi","9007","The driver entered RTD3.
 All the connected devices will be removed from driver's internal state, so it is expected that DeviceDisconnected events will happen."
"11/8/2025 4:14:28 a. m.","Información","Netwtw10","7026","7026 - Dump after return from D3 after cmd"
"11/8/2025 4:14:28 a. m.","Información","Netwtw10","7025","7025 - Dump after return from D3 before cmd "
"11/8/2025 4:14:28 a. m.","Información","nhi","9008","Driver exit RTD3.
 All the connected devices will now cause DeviceConnected events."
"11/8/2025 4:14:25 a. m.","Información","Netwtw10","7026","7026 - Dump after return from D3 after cmd"
"11/8/2025 4:14:25 a. m.","Información","Netwtw10","7025","7025 - Dump after return from D3 before cmd "
"11/8/2025 4:07:32 a. m.","Información","nhi","9007","The driver entered RTD3.
 All the connected devices will be removed from driver's internal state, so it is expected that DeviceDisconnected events will happen."
"11/8/2025 4:07:27 a. m.","Información","nhi","9008","Driver exit RTD3.
 All the connected devices will now cause DeviceConnected events."
"11/8/2025 4:07:27 a. m.","Información","Netwtw10","7026","7026 - Dump after return from D3 after cmd"
"11/8/2025 4:07:27 a. m.","Información","Netwtw10","7025","7025 - Dump after return from D3 before cmd "
"11/8/2025 4:07:25 a. m.","Información","Netwtw10","7026","7026 - Dump after return from D3 after cmd"
"11/8/2025 4:07:25 a. m.","Información","Netwtw10","7025","7025 - Dump after return from D3 before cmd "
"11/8/2025 4:06:43 a. m.","Información","Netwtw10","7026","7026 - Dump after return from D3 after cmd"
"11/8/2025 4:06:43 a. m.","Información","Netwtw10","7025","7025 - Dump after return from D3 before cmd "
"11/8/2025 4:00:25 a. m.","Información","Netwtw10","7026","7026 - Dump after return from D3 after cmd"
"11/8/2025 4:00:25 a. m.","Información","Netwtw10","7025","7025 - Dump after return from D3 before cmd "
"11/8/2025 3:59:17 a. m.","Información","Netwtw10","7026","7026 - Dump after return from D3 after cmd"
"11/8/2025 3:59:17 a. m.","Información","Netwtw10","7025","7025 - Dump after return from D3 before cmd "
"11/8/2025 3:53:33 a. m.","Información","nhi","9007","The driver entered RTD3.
 All the connected devices will be removed from driver's internal state, so it is expected that DeviceDisconnected events will happen."
"11/8/2025 3:53:28 a. m.","Información","nhi","9008","Driver exit RTD3.
 All the connected devices will now cause DeviceConnected events."
"11/8/2025 3:53:28 a. m.","Información","Netwtw10","7026","7026 - Dump after return from D3 after cmd"
"11/8/2025 3:53:28 a. m.","Información","Netwtw10","7025","7025 - Dump after return from D3 before cmd "
"11/8/2025 3:53:25 a. m.","Información","Netwtw10","7026","7026 - Dump after return from D3 after cmd"
"11/8/2025 3:53:25 a. m.","Información","Netwtw10","7025","7025 - Dump after return from D3 before cmd "
"11/8/2025 3:48:30 a. m.","Información","nhi","9007","The driver entered RTD3.
 All the connected devices will be removed from driver's internal state, so it is expected that DeviceDisconnected events will happen."
"11/8/2025 3:46:27 a. m.","Información","nhi","9008","Driver exit RTD3.
 All the connected devices will now cause DeviceConnected events."
"11/8/2025 3:46:27 a. m.","Información","Netwtw10","7026","7026 - Dump after return from D3 after cmd"
"11/8/2025 3:46:27 a. m.","Información","Netwtw10","7025","7025 - Dump after return from D3 before cmd "
"11/8/2025 3:46:25 a. m.","Información","Netwtw10","7026","7026 - Dump after return from D3 after cmd"
"11/8/2025 3:46:25 a. m.","Información","Netwtw10","7025","7025 - Dump after return from D3 before cmd "
"11/8/2025 3:39:34 a. m.","Información","nhi","9007","The driver entered RTD3.
 All the connected devices will be removed from driver's internal state, so it is expected that DeviceDisconnected events will happen."
"11/8/2025 3:39:27 a. m.","Advertencia","rt640x64","1","Realtek PCIe GbE Family Controller is disconnected from network."
"11/8/2025 3:39:24 a. m.","Información","Netwtw10","7026","7026 - Dump after return from D3 after cmd"
"11/8/2025 3:39:24 a. m.","Información","Netwtw10","7025","7025 - Dump after return from D3 before cmd "
"11/8/2025 3:34:51 a. m.","Información","Netwtw10","7026","7026 - Dump after return from D3 after cmd"
"11/8/2025 3:34:51 a. m.","Información","Netwtw10","7025","7025 - Dump after return from D3 before cmd "
"11/8/2025 3:34:51 a. m.","Información","nhi","9008","Driver exit RTD3.
 All the connected devices will now cause DeviceConnected events."
"11/8/2025 3:34:48 a. m.","Información","Netwtw10","7026","7026 - Dump after return from D3 after cmd"
"11/8/2025 3:34:48 a. m.","Información","Netwtw10","7025","7025 - Dump after return from D3 before cmd "
"11/8/2025 3:27:55 a. m.","Información","nhi","9007","The driver entered RTD3.
 All the connected devices will be removed from driver's internal state, so it is expected that DeviceDisconnected events will happen."
"11/8/2025 3:27:50 a. m.","Información","Netwtw10","7026","7026 - Dump after return from D3 after cmd"
"11/8/2025 3:27:50 a. m.","Información","Netwtw10","7025","7025 - Dump after return from D3 before cmd "
"11/8/2025 3:27:50 a. m.","Información","nhi","9008","Driver exit RTD3.
 All the connected devices will now cause DeviceConnected events."
"11/8/2025 3:27:48 a. m.","Información","Netwtw10","7026","7026 - Dump after return from D3 after cmd"
"11/8/2025 3:27:48 a. m.","Información","Netwtw10","7025","7025 - Dump after return from D3 before cmd "
"11/8/2025 3:20:51 a. m.","Advertencia","rt640x64","1","Realtek PCIe GbE Family Controller is disconnected from network."
"11/8/2025 3:20:47 a. m.","Información","Netwtw10","7026","7026 - Dump after return from D3 after cmd"
"11/8/2025 3:20:47 a. m.","Información","Netwtw10","7025","7025 - Dump after return from D3 before cmd "
"11/8/2025 3:20:23 a. m.","Advertencia","rt640x64","1","Realtek PCIe GbE Family Controller is disconnected from network."
"11/8/2025 3:20:20 a. m.","Información","Netwtw10","7026","7026 - Dump after return from D3 after cmd"
"11/8/2025 3:20:20 a. m.","Información","Netwtw10","7025","7025 - Dump after return from D3 before cmd "
"11/8/2025 3:13:20 a. m.","Información","Netwtw10","7026","7026 - Dump after return from D3 after cmd"
"11/8/2025 3:13:20 a. m.","Información","Netwtw10","7025","7025 - Dump after return from D3 before cmd "
"11/8/2025 3:06:25 a. m.","Información","Microsoft-Windows-WindowsUpdateClient","19","Instalación correcta: Windows instaló correctamente la siguiente actualización: 9WZDNCRD1HKW-Microsoft.XboxIdentityProvider"
"11/8/2025 3:06:18 a. m.","Información","Microsoft-Windows-WindowsUpdateClient","44","Windows Update comenzó a descargar una actualización."
"11/8/2025 3:05:56 a. m.","Información","Microsoft-Windows-Kernel-Power","566","La sesión del sistema ha cambiado de 86 a 87.

Motivo InputMouse 

BootId: 11"
"11/8/2025 3:05:52 a. m.","Advertencia","rt640x64","1","Realtek PCIe GbE Family Controller is disconnected from network."
"11/8/2025 3:05:50 a. m.","Información","Microsoft-Windows-Time-Service","37","El proveedor de hora NtpClient está recibiendo datos de hora  válidos desde time.windows.com,0x9 (ntp.m|0x9|0.0.0.0:123->40.119.6.228:123)."
"11/8/2025 3:05:49 a. m.","Información","Microsoft-Windows-Kernel-Power","506","El sistema está entrando en el modo de espera moderno 

motivo: 16777220. "
"11/8/2025 3:05:49 a. m.","Información","Microsoft-Windows-Kernel-Power","566","La sesión del sistema ha cambiado de 85 a 86.

Motivo 16777220 

BootId: 11"
"11/8/2025 3:05:49 a. m.","Información","Microsoft-Windows-Kernel-Power","507","El sistema está saliendo del modo de espera moderno 

motivo: 16777220. "
"11/8/2025 3:05:49 a. m.","Información","Netwtw10","7026","7026 - Dump after return from D3 after cmd"
"11/8/2025 3:05:49 a. m.","Información","Netwtw10","7025","7025 - Dump after return from D3 before cmd "
"11/8/2025 3:01:51 a. m.","Error","Service Control Manager","7000","El servicio Host de sistema de diagnóstico no pudo iniciarse debido al siguiente error: 
El servicio no respondió a tiempo a la solicitud de inicio o de control."
"11/8/2025 3:01:51 a. m.","Error","Service Control Manager","7009","Se agotó el tiempo de espera (30000 ms) para la conexión con el servicio Host de sistema de diagnóstico."
"11/8/2025 3:00:31 a. m.","Información","Netwtw10","7026","7026 - Dump after return from D3 after cmd"
"11/8/2025 3:00:31 a. m.","Información","Netwtw10","7025","7025 - Dump after return from D3 before cmd "
"11/8/2025 2:59:36 a. m.","Información","Netwtw10","7026","7026 - Dump after return from D3 after cmd"
"11/8/2025 2:59:36 a. m.","Información","Netwtw10","7025","7025 - Dump after return from D3 before cmd "
"11/8/2025 2:59:28 a. m.","Información","nhi","9007","The driver entered RTD3.
 All the connected devices will be removed from driver's internal state, so it is expected that DeviceDisconnected events will happen."
"11/8/2025 2:59:23 a. m.","Información","nhi","9008","Driver exit RTD3.
 All the connected devices will now cause DeviceConnected events."
"11/8/2025 2:59:23 a. m.","Información","Netwtw10","7026","7026 - Dump after return from D3 after cmd"
"11/8/2025 2:59:23 a. m.","Información","Netwtw10","7025","7025 - Dump after return from D3 before cmd "
"11/8/2025 2:59:20 a. m.","Información","Netwtw10","7026","7026 - Dump after return from D3 after cmd"
"11/8/2025 2:59:20 a. m.","Información","Netwtw10","7025","7025 - Dump after return from D3 before cmd "
"11/8/2025 2:53:59 a. m.","Información","nhi","9007","The driver entered RTD3.
 All the connected devices will be removed from driver's internal state, so it is expected that DeviceDisconnected events will happen."
"11/8/2025 2:52:22 a. m.","Información","nhi","9008","Driver exit RTD3.
 All the connected devices will now cause DeviceConnected events."
"11/8/2025 2:52:22 a. m.","Información","Netwtw10","7026","7026 - Dump after return from D3 after cmd"
"11/8/2025 2:52:22 a. m.","Información","Netwtw10","7025","7025 - Dump after return from D3 before cmd "
"11/8/2025 2:52:20 a. m.","Información","Netwtw10","7026","7026 - Dump after return from D3 after cmd"
"11/8/2025 2:52:20 a. m.","Información","Netwtw10","7025","7025 - Dump after return from D3 before cmd "
"11/8/2025 2:45:20 a. m.","Información","Netwtw10","7026","7026 - Dump after return from D3 after cmd"
"11/8/2025 2:45:20 a. m.","Información","Netwtw10","7025","7025 - Dump after return from D3 before cmd "
"11/8/2025 2:38:32 a. m.","Información","nhi","9007","The driver entered RTD3.
 All the connected devices will be removed from driver's internal state, so it is expected that DeviceDisconnected events will happen."
"11/8/2025 2:38:27 a. m.","Información","Netwtw10","7026","7026 - Dump after return from D3 after cmd"
"11/8/2025 2:38:27 a. m.","Información","Netwtw10","7025","7025 - Dump after return from D3 before cmd "
"11/8/2025 2:38:27 a. m.","Información","nhi","9008","Driver exit RTD3.
 All the connected devices will now cause DeviceConnected events."
"11/8/2025 2:38:20 a. m.","Información","Netwtw10","7026","7026 - Dump after return from D3 after cmd"
"11/8/2025 2:38:20 a. m.","Información","Netwtw10","7025","7025 - Dump after return from D3 before cmd "
"11/8/2025 2:31:29 a. m.","Información","nhi","9007","The driver entered RTD3.
 All the connected devices will be removed from driver's internal state, so it is expected that DeviceDisconnected events will happen."
"11/8/2025 2:31:23 a. m.","Información","Netwtw10","7026","7026 - Dump after return from D3 after cmd"
"11/8/2025 2:31:23 a. m.","Información","Netwtw10","7025","7025 - Dump after return from D3 before cmd "
"11/8/2025 2:31:23 a. m.","Información","nhi","9008","Driver exit RTD3.
 All the connected devices will now cause DeviceConnected events."
"11/8/2025 2:31:20 a. m.","Información","Netwtw10","7026","7026 - Dump after return from D3 after cmd"
"11/8/2025 2:31:20 a. m.","Información","Netwtw10","7025","7025 - Dump after return from D3 before cmd "
"11/8/2025 2:24:28 a. m.","Información","nhi","9007","The driver entered RTD3.
 All the connected devices will be removed from driver's internal state, so it is expected that DeviceDisconnected events will happen."
"11/8/2025 2:24:22 a. m.","Información","Netwtw10","7026","7026 - Dump after return from D3 after cmd"
"11/8/2025 2:24:22 a. m.","Información","Netwtw10","7025","7025 - Dump after return from D3 before cmd "
"11/8/2025 2:24:22 a. m.","Información","nhi","9008","Driver exit RTD3.
 All the connected devices will now cause DeviceConnected events."
"11/8/2025 2:24:20 a. m.","Información","Netwtw10","7026","7026 - Dump after return from D3 after cmd"
"11/8/2025 2:24:20 a. m.","Información","Netwtw10","7025","7025 - Dump after return from D3 before cmd "
"11/8/2025 2:20:49 a. m.","Información","Netwtw10","7026","7026 - Dump after return from D3 after cmd"
"11/8/2025 2:20:49 a. m.","Información","Netwtw10","7025","7025 - Dump after return from D3 before cmd "
"11/8/2025 2:17:20 a. m.","Información","Netwtw10","7026","7026 - Dump after return from D3 after cmd"
"11/8/2025 2:17:20 a. m.","Información","Netwtw10","7025","7025 - Dump after return from D3 before cmd "
"11/8/2025 2:10:20 a. m.","Información","Netwtw10","7026","7026 - Dump after return from D3 after cmd"
"11/8/2025 2:10:20 a. m.","Información","Netwtw10","7025","7025 - Dump after return from D3 before cmd "
"11/8/2025 2:04:24 a. m.","Información","nhi","9007","The driver entered RTD3.
 All the connected devices will be removed from driver's internal state, so it is expected that DeviceDisconnected events will happen."
"11/8/2025 2:04:19 a. m.","Información","nhi","9008","Driver exit RTD3.
 All the connected devices will now cause DeviceConnected events."
"11/8/2025 2:04:19 a. m.","Información","Netwtw10","7026","7026 - Dump after return from D3 after cmd"
"11/8/2025 2:04:19 a. m.","Información","Netwtw10","7025","7025 - Dump after return from D3 before cmd "
"11/8/2025 2:03:20 a. m.","Información","Netwtw10","7026","7026 - Dump after return from D3 after cmd"
"11/8/2025 2:03:20 a. m.","Información","Netwtw10","7025","7025 - Dump after return from D3 before cmd "
"11/8/2025 2:02:17 a. m.","Error","Service Control Manager","7011","Se agotó el tiempo de espera (30000 ms) para la respuesta de transacción del servicio WSearch."
"11/8/2025 1:59:56 a. m.","Información","Netwtw10","7026","7026 - Dump after return from D3 after cmd"
"11/8/2025 1:59:56 a. m.","Información","Netwtw10","7025","7025 - Dump after return from D3 before cmd "
"11/8/2025 1:56:46 a. m.","Información","nhi","9007","The driver entered RTD3.
 All the connected devices will be removed from driver's internal state, so it is expected that DeviceDisconnected events will happen."
"11/8/2025 1:56:40 a. m.","Información","Netwtw10","7026","7026 - Dump after return from D3 after cmd"
"11/8/2025 1:56:40 a. m.","Información","Netwtw10","7025","7025 - Dump after return from D3 before cmd "
"11/8/2025 1:56:40 a. m.","Información","nhi","9008","Driver exit RTD3.
 All the connected devices will now cause DeviceConnected events."
"11/8/2025 1:56:20 a. m.","Información","Netwtw10","7026","7026 - Dump after return from D3 after cmd"
"11/8/2025 1:56:20 a. m.","Información","Netwtw10","7025","7025 - Dump after return from D3 before cmd "
"11/8/2025 1:55:43 a. m.","Advertencia","rt640x64","1","Realtek PCIe GbE Family Controller is disconnected from network."
"11/8/2025 1:55:40 a. m.","Información","Netwtw10","7026","7026 - Dump after return from D3 after cmd"
"11/8/2025 1:55:40 a. m.","Información","Netwtw10","7025","7025 - Dump after return from D3 before cmd "
"11/8/2025 1:49:34 a. m.","Información","nhi","9007","The driver entered RTD3.
 All the connected devices will be removed from driver's internal state, so it is expected that DeviceDisconnected events will happen."
"11/8/2025 1:49:27 a. m.","Información","Netwtw10","7026","7026 - Dump after return from D3 after cmd"
"11/8/2025 1:49:27 a. m.","Información","Netwtw10","7025","7025 - Dump after return from D3 before cmd "
"11/8/2025 1:49:27 a. m.","Información","nhi","9008","Driver exit RTD3.
 All the connected devices will now cause DeviceConnected events."
"11/8/2025 1:49:20 a. m.","Información","Netwtw10","7026","7026 - Dump after return from D3 after cmd"
"11/8/2025 1:49:20 a. m.","Información","Netwtw10","7025","7025 - Dump after return from D3 before cmd "
"11/8/2025 1:42:28 a. m.","Información","nhi","9007","The driver entered RTD3.
 All the connected devices will be removed from driver's internal state, so it is expected that DeviceDisconnected events will happen."
"11/8/2025 1:42:23 a. m.","Información","nhi","9008","Driver exit RTD3.
 All the connected devices will now cause DeviceConnected events."
"11/8/2025 1:42:23 a. m.","Información","Netwtw10","7026","7026 - Dump after return from D3 after cmd"
"11/8/2025 1:42:23 a. m.","Información","Netwtw10","7025","7025 - Dump after return from D3 before cmd "
"11/8/2025 1:42:20 a. m.","Información","Netwtw10","7026","7026 - Dump after return from D3 after cmd"
"11/8/2025 1:42:20 a. m.","Información","Netwtw10","7025","7025 - Dump after return from D3 before cmd "
"11/8/2025 1:37:08 a. m.","Información","Netwtw10","7026","7026 - Dump after return from D3 after cmd"
"11/8/2025 1:37:08 a. m.","Información","Netwtw10","7025","7025 - Dump after return from D3 before cmd "
"11/8/2025 1:35:59 a. m.","Información","nhi","9007","The driver entered RTD3.
 All the connected devices will be removed from driver's internal state, so it is expected that DeviceDisconnected events will happen."
"11/8/2025 1:35:53 a. m.","Advertencia","rt640x64","1","Realtek PCIe GbE Family Controller is disconnected from network."
"11/8/2025 1:35:50 a. m.","Información","Netwtw10","7026","7026 - Dump after return from D3 after cmd"
"11/8/2025 1:35:50 a. m.","Información","Netwtw10","7025","7025 - Dump after return from D3 before cmd "
"11/8/2025 1:35:22 a. m.","Información","nhi","9008","Driver exit RTD3.
 All the connected devices will now cause DeviceConnected events."
"11/8/2025 1:35:22 a. m.","Información","Netwtw10","7026","7026 - Dump after return from D3 after cmd"
"11/8/2025 1:35:22 a. m.","Información","Netwtw10","7025","7025 - Dump after return from D3 before cmd "
"11/8/2025 1:35:20 a. m.","Información","Netwtw10","7026","7026 - Dump after return from D3 after cmd"
"11/8/2025 1:35:20 a. m.","Información","Netwtw10","7025","7025 - Dump after return from D3 before cmd "
"11/8/2025 1:28:20 a. m.","Información","Netwtw10","7026","7026 - Dump after return from D3 after cmd"
"11/8/2025 1:28:20 a. m.","Información","Netwtw10","7025","7025 - Dump after return from D3 before cmd "
"11/8/2025 1:21:20 a. m.","Información","Netwtw10","7026","7026 - Dump after return from D3 after cmd"
"11/8/2025 1:21:20 a. m.","Información","Netwtw10","7025","7025 - Dump after return from D3 before cmd "
"11/8/2025 1:17:21 a. m.","Información","nhi","9007","The driver entered RTD3.
 All the connected devices will be removed from driver's internal state, so it is expected that DeviceDisconnected events will happen."
"11/8/2025 1:14:22 a. m.","Información","nhi","9008","Driver exit RTD3.
 All the connected devices will now cause DeviceConnected events."
"11/8/2025 1:14:22 a. m.","Información","Netwtw10","7026","7026 - Dump after return from D3 after cmd"
"11/8/2025 1:14:22 a. m.","Información","Netwtw10","7025","7025 - Dump after return from D3 before cmd "
"11/8/2025 1:14:20 a. m.","Información","Netwtw10","7026","7026 - Dump after return from D3 after cmd"
"11/8/2025 1:14:20 a. m.","Información","Netwtw10","7025","7025 - Dump after return from D3 before cmd "
"11/8/2025 1:07:20 a. m.","Información","Netwtw10","7026","7026 - Dump after return from D3 after cmd"
"11/8/2025 1:07:20 a. m.","Información","Netwtw10","7025","7025 - Dump after return from D3 before cmd "
"11/8/2025 1:02:09 a. m.","Información","Netwtw10","7026","7026 - Dump after return from D3 after cmd"
"11/8/2025 1:02:09 a. m.","Información","Netwtw10","7025","7025 - Dump after return from D3 before cmd "
"11/8/2025 1:00:15 a. m.","Advertencia","rt640x64","1","Realtek PCIe GbE Family Controller is disconnected from network."
"11/8/2025 1:00:12 a. m.","Información","Netwtw10","7026","7026 - Dump after return from D3 after cmd"
"11/8/2025 1:00:12 a. m.","Información","Netwtw10","7025","7025 - Dump after return from D3 before cmd "
"11/8/2025 1:00:04 a. m.","Información","Netwtw10","7026","7026 - Dump after return from D3 after cmd"
"11/8/2025 1:00:04 a. m.","Información","Netwtw10","7025","7025 - Dump after return from D3 before cmd "
"11/8/2025 12:56:57 a. m.","Información","nhi","9007","The driver entered RTD3.
 All the connected devices will be removed from driver's internal state, so it is expected that DeviceDisconnected events will happen."
"11/8/2025 12:56:51 a. m.","Información","Netwtw10","7026","7026 - Dump after return from D3 after cmd"
"11/8/2025 12:56:51 a. m.","Información","Netwtw10","7025","7025 - Dump after return from D3 before cmd "
"11/8/2025 12:56:51 a. m.","Información","nhi","9008","Driver exit RTD3.
 All the connected devices will now cause DeviceConnected events."
"11/8/2025 12:56:49 a. m.","Información","Netwtw10","7026","7026 - Dump after return from D3 after cmd"
"11/8/2025 12:56:49 a. m.","Información","Netwtw10","7025","7025 - Dump after return from D3 before cmd "
"11/8/2025 12:49:53 a. m.","Advertencia","rt640x64","1","Realtek PCIe GbE Family Controller is disconnected from network."
"11/8/2025 12:49:49 a. m.","Información","Netwtw10","7026","7026 - Dump after return from D3 after cmd"
"11/8/2025 12:49:49 a. m.","Información","Netwtw10","7025","7025 - Dump after return from D3 before cmd "
"11/8/2025 12:42:49 a. m.","Información","Netwtw10","7026","7026 - Dump after return from D3 after cmd"
"11/8/2025 12:42:49 a. m.","Información","Netwtw10","7025","7025 - Dump after return from D3 before cmd "
"11/8/2025 12:40:12 a. m.","Error","Microsoft-Windows-DistributedCOM","10010","El servidor {338B40F9-9D68-4B53-A793-6B9AA0C5F63B} no se registró con DCOM dentro del tiempo de espera requerido."
"11/8/2025 12:39:34 a. m.","Error","Microsoft-Windows-DistributedCOM","10010","El servidor {283EDD52-69B2-473D-BEB6-2C0B4C01FD73} no se registró con DCOM dentro del tiempo de espera requerido."
"11/8/2025 12:38:29 a. m.","Información","Microsoft-Windows-WindowsUpdateClient","19","Instalación correcta: Windows instaló correctamente la siguiente actualización: 9NBLGGH10PG8-MICROSOFT.PEOPLE"
"11/8/2025 12:38:20 a. m.","Información","Microsoft-Windows-WindowsUpdateClient","19","Instalación correcta: Windows instaló correctamente la siguiente actualización: 9NKNC0LD5NN6-Microsoft.Xbox.TCUI"
"11/8/2025 12:38:18 a. m.","Información","Microsoft-Windows-WindowsUpdateClient","19","Instalación correcta: Windows instaló correctamente la siguiente actualización: 9NBLGGH537C2-Microsoft.XboxGameOverlay"
"11/8/2025 12:38:06 a. m.","Error","Microsoft-Windows-DistributedCOM","10010","El servidor {338B40F9-9D68-4B53-A793-6B9AA0C5F63B} no se registró con DCOM dentro del tiempo de espera requerido."
"11/8/2025 12:37:39 a. m.","Información","Microsoft-Windows-WindowsUpdateClient","44","Windows Update comenzó a descargar una actualización."
"11/8/2025 12:37:39 a. m.","Información","Microsoft-Windows-WindowsUpdateClient","44","Windows Update comenzó a descargar una actualización."
"11/8/2025 12:37:32 a. m.","Información","Microsoft-Windows-WindowsUpdateClient","44","Windows Update comenzó a descargar una actualización."
"11/8/2025 12:37:09 a. m.","Información","Microsoft-Windows-WindowsUpdateClient","19","Instalación correcta: Windows instaló correctamente la siguiente actualización: Actualización de inteligencia de seguridad para Microsoft Defender Antivirus - KB2267602 (versión 1.435.96.0) - Canal actual (ampliado)"
"11/8/2025 12:36:54 a. m.","Información","Microsoft-Windows-WindowsUpdateClient","44","Windows Update comenzó a descargar una actualización."
"11/8/2025 12:36:48 a. m.","Información","Microsoft-Windows-WindowsUpdateClient","43","Instalación iniciada: Windows comenzó a instalar la actualización siguiente: Actualización de inteligencia de seguridad para Microsoft Defender Antivirus - KB2267602 (versión 1.435.96.0) - Canal actual (ampliado)"
"11/8/2025 12:36:39 a. m.","Información","Microsoft-Windows-WindowsUpdateClient","44","Windows Update comenzó a descargar una actualización."
"11/8/2025 12:35:46 a. m.","Información","Netwtw10","7026","7026 - Dump after return from D3 after cmd"
"11/8/2025 12:35:46 a. m.","Información","Netwtw10","7025","7025 - Dump after return from D3 before cmd "
"11/8/2025 12:29:43 a. m.","Información","Microsoft-Windows-Kernel-Power","566","La sesión del sistema ha cambiado de 84 a 85.

Motivo InputMouse 

BootId: 11"
"11/8/2025 12:29:38 a. m.","Información","Microsoft-Windows-Kernel-Power","506","El sistema está entrando en el modo de espera moderno 

motivo: AC/DC Display Burst Suppressed. "
"11/8/2025 12:29:38 a. m.","Información","Microsoft-Windows-Kernel-Power","566","La sesión del sistema ha cambiado de 83 a 84.

Motivo InputMouse 

BootId: 11"
"11/8/2025 12:29:38 a. m.","Información","Microsoft-Windows-Kernel-Power","507","El sistema está saliendo del modo de espera moderno 

motivo: AC/DC Display Burst Suppressed. "
"11/8/2025 12:29:38 a. m.","Información","Microsoft-Windows-Kernel-Power","172","Estado de conectividad en modo de espera: Connected. Motivo: None"
"11/8/2025 12:29:38 a. m.","Información","Netwtw10","7026","7026 - Dump after return from D3 after cmd"
"11/8/2025 12:29:38 a. m.","Información","Netwtw10","7025","7025 - Dump after return from D3 before cmd "
"11/8/2025 12:29:38 a. m.","Información","Microsoft-Windows-Kernel-Power","105","Cambio de fuente de energía."
"11/8/2025 12:22:17 a. m.","Información","Microsoft-Windows-Kernel-Power","172","Estado de conectividad en modo de espera: Disconnected. Motivo: Adaptive Connected Standby"
"11/8/2025 12:22:09 a. m.","Información","Microsoft-Windows-Kernel-Power","566","La sesión del sistema ha cambiado de 82 a 83.

Motivo PolicyChange 

BootId: 11"
"11/8/2025 12:22:09 a. m.","Advertencia","Win32k","700","Administrador de energía solicitó la supresión de todas las entradas (INPUT_SUPPRESS_REQUEST = 1)"
"11/8/2025 12:22:09 a. m.","Advertencia","Win32k","700","Administrador de energía solicitó la supresión de todas las entradas (INPUT_SUPPRESS_REQUEST = 1)"
"11/8/2025 12:22:09 a. m.","Información","Microsoft-Windows-Kernel-Power","506","El sistema está entrando en el modo de espera moderno 

motivo: Lid. "
"11/8/2025 12:22:09 a. m.","Información","Microsoft-Windows-Kernel-Power","566","La sesión del sistema ha cambiado de 81 a 82.

Motivo PolicyChange 

BootId: 11"
"10/8/2025 10:26:51 p. m.","Información","Service Control Manager","7045","Se instaló un servicio en el sistema.

Nombre del servicio:  Servicio de herramienta de actualización de Google (GoogleUpdaterService141.0.7340.0)
Nombre del archivo del servicio:  ""C:\Program Files (x86)\Google\GoogleUpdater\141.0.7340.0\updater.exe"" --system --windows-service --service=update
Tipo de servicio:  servicio de modo usuario
Tipo de inicio de servicio:  inicio automático
Cuenta de servicio:  LocalSystem"
"10/8/2025 9:50:18 p. m.","Información","Microsoft-Windows-Kernel-Power","105","Cambio de fuente de energía."
"10/8/2025 9:21:50 p. m.","Información","Service Control Manager","7045","Se instaló un servicio en el sistema.

Nombre del servicio:  Servicio interno de la herramienta de actualización de Google (GoogleUpdaterInternalService141.0.7340.0)
Nombre del archivo del servicio:  ""C:\Program Files (x86)\Google\GoogleUpdater\141.0.7340.0\updater.exe"" --system --windows-service --service=update-internal
Tipo de servicio:  servicio de modo usuario
Tipo de inicio de servicio:  inicio automático
Cuenta de servicio:  LocalSystem"
"10/8/2025 9:15:43 p. m.","Información","TPM","17","El hardware del Módulo de plataforma segura (TPM) no pudo ejecutar un comando de TPM."
"10/8/2025 9:15:42 p. m.","Información","TPM","17","El hardware del Módulo de plataforma segura (TPM) no pudo ejecutar un comando de TPM."
"10/8/2025 9:15:42 p. m.","Información","TPM","17","El hardware del Módulo de plataforma segura (TPM) no pudo ejecutar un comando de TPM."
"10/8/2025 9:15:41 p. m.","Información","Microsoft-Windows-IsolatedUserMode","5","Secure Trustlet NULL Id 0 and Pid 0 started with status STATUS_SUCCESS."
"10/8/2025 9:15:40 p. m.","Información","Microsoft-Windows-IsolatedUserMode","2","Secure Trustlet Id 0 and Pid 0 stopped with status STATUS_SUCCESS."
"10/8/2025 8:22:12 p. m.","Información","Microsoft-Windows-Kernel-Power","105","Cambio de fuente de energía."
"10/8/2025 7:28:50 p. m.","Advertencia","Microsoft-Windows-DistributedCOM","10016","La configuración de permisos específico de la aplicación no concede el permiso Activación Local para la aplicación de servidor COM con CLSID 
{8BC3F05E-D86B-11D0-A075-00C04FB68820}
 y APPID 
{8BC3F05E-D86B-11D0-A075-00C04FB68820}
 al usuario TICPC-05\PCTIC-05 con SID (S-1-5-21-72991934-2165796093-3938425774-1001) en la dirección LocalHost (con LRPC) que se ejecuta en el contenedor de aplicaciones con SID No disponible (S-1-15-2-1325196276-3015725217-2388923767-3847347688-3014774262-1134406804-1584487525). Este permiso de seguridad se puede modificar mediante la herramienta administrativa Servicios de componentes."
"10/8/2025 7:24:59 p. m.","Advertencia","Microsoft-Windows-DistributedCOM","10016","La configuración de permisos específico de la aplicación no concede el permiso Activación Local para la aplicación de servidor COM con CLSID 
{8BC3F05E-D86B-11D0-A075-00C04FB68820}
 y APPID 
{8BC3F05E-D86B-11D0-A075-00C04FB68820}
 al usuario TICPC-05\PCTIC-05 con SID (S-1-5-21-72991934-2165796093-3938425774-1001) en la dirección LocalHost (con LRPC) que se ejecuta en el contenedor de aplicaciones con SID No disponible (S-1-15-2-3239234511-505326736-4149523504-631116874-1971488402-113987825-1337098255). Este permiso de seguridad se puede modificar mediante la herramienta administrativa Servicios de componentes."
"10/8/2025 7:24:57 p. m.","Advertencia","Microsoft-Windows-DistributedCOM","10016","La configuración de permisos específico de la aplicación no concede el permiso Activación Local para la aplicación de servidor COM con CLSID 
{8BC3F05E-D86B-11D0-A075-00C04FB68820}
 y APPID 
{8BC3F05E-D86B-11D0-A075-00C04FB68820}
 al usuario TICPC-05\PCTIC-05 con SID (S-1-5-21-72991934-2165796093-3938425774-1001) en la dirección LocalHost (con LRPC) que se ejecuta en el contenedor de aplicaciones con SID No disponible (S-1-15-2-2892963077-3045463539-1660315824-1847782839-1405352166-568438339-3326543461). Este permiso de seguridad se puede modificar mediante la herramienta administrativa Servicios de componentes."
"10/8/2025 7:23:57 p. m.","Advertencia","Microsoft-Windows-DistributedCOM","10016","La configuración de permisos específico de la aplicación no concede el permiso Activación Local para la aplicación de servidor COM con CLSID 
{8BC3F05E-D86B-11D0-A075-00C04FB68820}
 y APPID 
{8BC3F05E-D86B-11D0-A075-00C04FB68820}
 al usuario TICPC-05\PCTIC-05 con SID (S-1-5-21-72991934-2165796093-3938425774-1001) en la dirección LocalHost (con LRPC) que se ejecuta en el contenedor de aplicaciones con SID No disponible (S-1-15-2-3003857639-3572716086-3477150507-295549650-3653175673-115242019-3934727864). Este permiso de seguridad se puede modificar mediante la herramienta administrativa Servicios de componentes."
"10/8/2025 7:23:56 p. m.","Advertencia","Microsoft-Windows-DistributedCOM","10016","La configuración de permisos específico de la aplicación no concede el permiso Activación Local para la aplicación de servidor COM con CLSID 
{8BC3F05E-D86B-11D0-A075-00C04FB68820}
 y APPID 
{8BC3F05E-D86B-11D0-A075-00C04FB68820}
 al usuario TICPC-05\PCTIC-05 con SID (S-1-5-21-72991934-2165796093-3938425774-1001) en la dirección LocalHost (con LRPC) que se ejecuta en el contenedor de aplicaciones con SID No disponible (S-1-15-2-206014009-743852847-2989784783-3533950338-3255171382-1501810475-1056734456). Este permiso de seguridad se puede modificar mediante la herramienta administrativa Servicios de componentes."
"10/8/2025 7:23:33 p. m.","Información","TPM","17","El hardware del Módulo de plataforma segura (TPM) no pudo ejecutar un comando de TPM."
"10/8/2025 7:23:32 p. m.","Información","TPM","17","El hardware del Módulo de plataforma segura (TPM) no pudo ejecutar un comando de TPM."
"10/8/2025 7:23:31 p. m.","Información","TPM","17","El hardware del Módulo de plataforma segura (TPM) no pudo ejecutar un comando de TPM."
"10/8/2025 7:23:30 p. m.","Información","Microsoft-Windows-IsolatedUserMode","5","Secure Trustlet NULL Id 0 and Pid 0 started with status STATUS_SUCCESS."
"10/8/2025 7:23:30 p. m.","Información","Microsoft-Windows-IsolatedUserMode","2","Secure Trustlet Id 0 and Pid 0 stopped with status STATUS_SUCCESS."
"10/8/2025 7:11:15 p. m.","Información","Microsoft-Windows-IsolatedUserMode","2","Secure Trustlet Id 6 and Pid 7232 stopped with status STATUS_SUCCESS."
"10/8/2025 7:05:33 p. m.","Advertencia","Microsoft-Windows-DistributedCOM","10016","La configuración de permisos específico de la aplicación no concede el permiso Activación Local para la aplicación de servidor COM con CLSID 
{8BC3F05E-D86B-11D0-A075-00C04FB68820}
 y APPID 
{8BC3F05E-D86B-11D0-A075-00C04FB68820}
 al usuario TICPC-05\PCTIC-05 con SID (S-1-5-21-72991934-2165796093-3938425774-1001) en la dirección LocalHost (con LRPC) que se ejecuta en el contenedor de aplicaciones con SID No disponible (S-1-15-2-3500719779-1654767148-1993888709-1748474191-1729269927-77339233-2782908725). Este permiso de seguridad se puede modificar mediante la herramienta administrativa Servicios de componentes."
"10/8/2025 7:05:31 p. m.","Advertencia","Microsoft-Windows-DistributedCOM","10016","La configuración de permisos específico de la aplicación no concede el permiso Activación Local para la aplicación de servidor COM con CLSID 
{8BC3F05E-D86B-11D0-A075-00C04FB68820}
 y APPID 
{8BC3F05E-D86B-11D0-A075-00C04FB68820}
 al usuario TICPC-05\PCTIC-05 con SID (S-1-5-21-72991934-2165796093-3938425774-1001) en la dirección LocalHost (con LRPC) que se ejecuta en el contenedor de aplicaciones con SID No disponible (S-1-15-2-2433144464-2214647914-2054861244-3706634710-1300664083-194604223-2918930418). Este permiso de seguridad se puede modificar mediante la herramienta administrativa Servicios de componentes."
"10/8/2025 7:03:24 p. m.","Información","nhi","9007","The driver entered RTD3.
 All the connected devices will be removed from driver's internal state, so it is expected that DeviceDisconnected events will happen."
"10/8/2025 7:03:23 p. m.","Información","Microsoft-Windows-IsolatedUserMode","1","Secure Trustlet \??\C:\WINDOWS\System32\NgcIso.exe Id 6 and Pid 7232 started with status STATUS_SUCCESS."
"10/8/2025 7:03:23 p. m.","Información","Microsoft-Windows-IsolatedUserMode","5","Secure Trustlet NULL Id 0 and Pid 0 started with status STATUS_SUCCESS."
"10/8/2025 7:03:19 p. m.","Información","nhi","9008","Driver exit RTD3.
 All the connected devices will now cause DeviceConnected events."
"10/8/2025 7:00:10 p. m.","Advertencia","Microsoft-Windows-DNS-Client","1014","La resolución de nombres para el nombre t-s2-ring.msedge.net agotó el tiempo de espera después de que ninguno de los servidores DNS configurados respondiera. PID de cliente 11244."
"10/8/2025 6:57:16 p. m.","Advertencia","Netwtw10","6062","6062 - Lso was triggered"
"10/8/2025 6:57:15 p. m.","Información","Netwtw10","7021","7021 - Connection telemetry fields and analysis usage"
"10/8/2025 6:57:14 p. m.","Información","Microsoft-Windows-Kernel-Power","566","La sesión del sistema ha cambiado de 80 a 81.

Motivo PolicyChange 

BootId: 11"
"10/8/2025 6:57:14 p. m.","Información","Microsoft-Windows-Kernel-Power","507","El sistema está saliendo del modo de espera moderno 

motivo: Lid. "
"10/8/2025 6:57:14 p. m.","Información","Microsoft-Windows-Kernel-Power","172","Estado de conectividad en modo de espera: Connected. Motivo: None"
"10/8/2025 6:57:14 p. m.","Información","Netwtw10","7026","7026 - Dump after return from D3 after cmd"
"10/8/2025 6:57:14 p. m.","Información","Netwtw10","7025","7025 - Dump after return from D3 before cmd "
"10/8/2025 6:57:14 p. m.","Advertencia","Win32k","701","Administrador de energía no solicitó la supresión de todas las entradas (INPUT_SUPPRESS_REQUEST = 0)"
"10/8/2025 6:57:14 p. m.","Advertencia","Win32k","701","Administrador de energía no solicitó la supresión de todas las entradas (INPUT_SUPPRESS_REQUEST = 0)"
"10/8/2025 6:00:24 p. m.","Información","Microsoft-Windows-Kernel-Power","172","Estado de conectividad en modo de espera: Disconnected. Motivo: Policy Setting"
"10/8/2025 6:00:17 p. m.","Información","Microsoft-Windows-Kernel-Power","566","La sesión del sistema ha cambiado de 79 a 80.

Motivo 55 

BootId: 11"
"10/8/2025 6:00:12 p. m.","Información","Microsoft-Windows-Kernel-Power","506","El sistema está entrando en el modo de espera moderno 

motivo: Austerity Battery Drain Budget Exceeded. "
"10/8/2025 6:00:12 p. m.","Información","Microsoft-Windows-Kernel-Power","566","La sesión del sistema ha cambiado de 78 a 79.

Motivo 55 

BootId: 11"
"10/8/2025 6:00:12 p. m.","Información","Microsoft-Windows-Kernel-Power","507","El sistema está saliendo del modo de espera moderno 

motivo: Austerity Battery Drain Budget Exceeded. "
"10/8/2025 6:00:12 p. m.","Información","Microsoft-Windows-Kernel-Power","172","Estado de conectividad en modo de espera: Connected. Motivo: None"
"10/8/2025 6:00:12 p. m.","Información","Netwtw10","7026","7026 - Dump after return from D3 after cmd"
"10/8/2025 6:00:12 p. m.","Información","Netwtw10","7025","7025 - Dump after return from D3 before cmd "
"10/8/2025 5:20:43 p. m.","Información","Microsoft-Windows-Kernel-Power","172","Estado de conectividad en modo de espera: Disconnected. Motivo: Adaptive Connected Standby"
"10/8/2025 5:20:35 p. m.","Información","Microsoft-Windows-Kernel-General","1","La hora del sistema ha cambiado a ‎2025‎-‎08‎-‎10T21:20:35.718870200Z de ‎2025‎-‎08‎-‎10T21:20:35.718237600Z.
Diferencia horaria: 0 ms

Motivo del cambio: An application or system component changed the time.
Proceso: '\Device\HarddiskVolume3\Windows\System32\svchost.exe' (PID 4560).

Hora de RTC: ‎2025‎-‎08‎-‎10T17:20:35.718870200Z
Diferencia de zona horaria actual: 240
hora RTC es UTC: false
La hora del sistema se basaba en la hora RTC: false"
"10/8/2025 5:20:35 p. m.","Error","Microsoft-Windows-HAL","21","No se estableció el reloj en tiempo real de hardware debido a un error en la evaluación del método de dispositivo de alarma y hora ACPI.  Estado: 0xC00000BB."
"10/8/2025 5:20:35 p. m.","Error","Microsoft-Windows-HAL","20","No se consultó el reloj en tiempo real de hardware debido a un error en la evaluación del método de dispositivo de alarma y hora ACPI.  Estado: 0xC00000BB."
"10/8/2025 5:20:35 p. m.","Información","Microsoft-Windows-Kernel-General","24","La información de zona horaria se actualizó con el motivo de salida 0. La diferencia de zona horaria actual es 240."
"10/8/2025 5:20:35 p. m.","Información","Microsoft-Windows-Kernel-Power","566","La sesión del sistema ha cambiado de 77 a 78.

Motivo PolicyChange 

BootId: 11"
"10/8/2025 5:20:35 p. m.","Advertencia","Win32k","700","Administrador de energía solicitó la supresión de todas las entradas (INPUT_SUPPRESS_REQUEST = 1)"
"10/8/2025 5:20:35 p. m.","Advertencia","Win32k","700","Administrador de energía solicitó la supresión de todas las entradas (INPUT_SUPPRESS_REQUEST = 1)"
"10/8/2025 5:20:35 p. m.","Información","Microsoft-Windows-Kernel-Power","506","El sistema está entrando en el modo de espera moderno 

motivo: Lid. "
"10/8/2025 5:20:35 p. m.","Información","Microsoft-Windows-Kernel-Power","566","La sesión del sistema ha cambiado de 76 a 77.

Motivo PolicyChange 

BootId: 11"
"10/8/2025 5:08:23 p. m.","Información","TPM","17","El hardware del Módulo de plataforma segura (TPM) no pudo ejecutar un comando de TPM."
"10/8/2025 5:08:23 p. m.","Información","TPM","17","El hardware del Módulo de plataforma segura (TPM) no pudo ejecutar un comando de TPM."
"10/8/2025 5:08:22 p. m.","Información","TPM","17","El hardware del Módulo de plataforma segura (TPM) no pudo ejecutar un comando de TPM."
"10/8/2025 5:08:21 p. m.","Información","Microsoft-Windows-IsolatedUserMode","5","Secure Trustlet NULL Id 0 and Pid 0 started with status STATUS_SUCCESS."
"10/8/2025 5:08:21 p. m.","Información","Microsoft-Windows-IsolatedUserMode","2","Secure Trustlet Id 0 and Pid 0 stopped with status STATUS_SUCCESS."
"10/8/2025 5:07:59 p. m.","Advertencia","Microsoft-Windows-DistributedCOM","10016","La configuración de permisos específico de la aplicación no concede el permiso Activación Local para la aplicación de servidor COM con CLSID 
{2593F8B9-4EAF-457C-B68A-50F6B8EA6B54}
 y APPID 
{15C20B67-12E7-4BB6-92BB-7AFF07997402}
 al usuario TICPC-05\PCTIC-05 con SID (S-1-5-21-72991934-2165796093-3938425774-1001) en la dirección LocalHost (con LRPC) que se ejecuta en el contenedor de aplicaciones con SID No disponible (No disponible). Este permiso de seguridad se puede modificar mediante la herramienta administrativa Servicios de componentes."
"10/8/2025 5:01:26 p. m.","Advertencia","Microsoft-Windows-DistributedCOM","10016","La configuración de permisos específico de la aplicación no concede el permiso Activación Local para la aplicación de servidor COM con CLSID 
{8BC3F05E-D86B-11D0-A075-00C04FB68820}
 y APPID 
{8BC3F05E-D86B-11D0-A075-00C04FB68820}
 al usuario TICPC-05\PCTIC-05 con SID (S-1-5-21-72991934-2165796093-3938425774-1001) en la dirección LocalHost (con LRPC) que se ejecuta en el contenedor de aplicaciones con SID No disponible (S-1-15-2-3109386066-362315115-3205058630-1381693528-3167591962-1185404419-2938810146). Este permiso de seguridad se puede modificar mediante la herramienta administrativa Servicios de componentes."
"10/8/2025 4:56:13 p. m.","Información","Microsoft-Windows-Kernel-General","16","El historial de accesos en el subárbol \??\C:\Users\PCTIC-05\AppData\Local\Packages\Microsoft.OfficePushNotificationUtility_8wekyb3d8bbwe\SystemAppData\Helium\UserClasses.dat se borró mediante la actualización de 12 claves y la creación de 1 páginas modificadas."
"10/8/2025 4:56:13 p. m.","Información","Microsoft-Windows-Kernel-General","16","El historial de accesos en el subárbol \??\C:\Users\PCTIC-05\AppData\Local\Packages\Microsoft.OfficePushNotificationUtility_8wekyb3d8bbwe\SystemAppData\Helium\User.dat se borró mediante la actualización de 31 claves y la creación de 1 páginas modificadas."
"10/8/2025 4:48:16 p. m.","Información","Microsoft-Windows-Time-Service","37","El proveedor de hora NtpClient está recibiendo datos de hora  válidos desde time.windows.com,0x9 (ntp.m|0x9|0.0.0.0:123->40.119.6.228:123)."
"10/8/2025 4:47:41 p. m.","Advertencia","Netwtw10","6062","6062 - Lso was triggered"
"10/8/2025 4:47:40 p. m.","Información","Netwtw10","7021","7021 - Connection telemetry fields and analysis usage"
"10/8/2025 4:47:32 p. m.","Información","Microsoft-Windows-HttpService","114","Se quitó la dirección URL (http://*:2869/upnp/eventing/) del grupo de direcciones URL (0xFE00000720000002). Id. de proceso 0x25C0 ruta de acceso ejecutable \Device\HarddiskVolume3\Windows\System32\svchost.exe, S-1-5-19  de usuario"
"10/8/2025 4:26:04 p. m.","Información","Microsoft-Windows-HttpService","113","Se intentó agregar la dirección URL (http://*:2869/upnp/eventing/) al grupo de direcciones URL (0xFE00000720000002). Estado: 0x0. Id. de proceso 0x25C0 ruta de acceso ejecutable \Device\HarddiskVolume3\Windows\System32\svchost.exe, S-1-5-19  de usuario"
"10/8/2025 4:26:04 p. m.","Información","Microsoft-Windows-HttpService","114","Se quitó la dirección URL (http://*:2869/upnp/eventing/) del grupo de direcciones URL (0xFE00000120000008). Id. de proceso 0x25C0 ruta de acceso ejecutable \Device\HarddiskVolume3\Windows\System32\svchost.exe, S-1-5-19  de usuario"
"10/8/2025 4:26:03 p. m.","Información","Microsoft-Windows-HttpService","113","Se intentó agregar la dirección URL (http://*:2869/upnp/eventing/) al grupo de direcciones URL (0xFE00000120000008). Estado: 0x0. Id. de proceso 0x25C0 ruta de acceso ejecutable \Device\HarddiskVolume3\Windows\System32\svchost.exe, S-1-5-19  de usuario"
