"18/8/2025 11:04:37 p. m.","Información","Microsoft-Windows-FilterManager","6","Filtro de sistema de archivos 'CldFlt' (10.0, ‎2066‎-‎10‎-‎17T19:52:14.000000000Z) correctamente cargado y registrado con el administrador de filtros."
"18/8/2025 11:04:37 p. m.","Información","Win32k","267","La comprobación de control de calidad de hardware táctil se realizó correctamente."
"18/8/2025 11:04:37 p. m.","Información","Microsoft-Windows-FilterManager","6","Filtro de sistema de archivos 'wcifs' (10.0, ‎2053‎-‎03‎-‎11T00:36:57.000000000Z) correctamente cargado y registrado con el administrador de filtros."
"18/8/2025 11:04:37 p. m.","Información","Microsoft-Windows-FilterManager","6","Filtro de sistema de archivos 'luafv' (10.0, ‎2105‎-‎10‎-‎05T01:54:15.000000000Z) correctamente cargado y registrado con el administrador de filtros."
"18/8/2025 11:04:37 p. m.","Información","Microsoft-Windows-FilterManager","6","Filtro de sistema de archivos 'bfs' (10.0, ‎2101‎-‎07‎-‎17T16:54:57.000000000Z) correctamente cargado y registrado con el administrador de filtros."
"18/8/2025 11:04:37 p. m.","Información","Microsoft-Windows-DHCPv6-Client","51046","Servicio de cliente DHCPv6 iniciado"
"18/8/2025 11:04:37 p. m.","Información","Microsoft-Windows-Dhcp-Client","50036","Servicio cliente DHCPv4 iniciado"
"18/8/2025 11:04:37 p. m.","Información","Microsoft-Windows-Dhcp-Client","50103","El cliente DHCPv4 registró una la notificación de apagado"
"18/8/2025 11:04:37 p. m.","Información","Microsoft-Windows-Dhcp-Client","50036","Servicio cliente DHCPv4 iniciado"
"18/8/2025 11:04:37 p. m.","Información","Microsoft-Windows-Directory-Services-SAM","16983","El administrador de cuentas de seguridad está registrando eventos de resumen periódicos para clientes remotos que llaman un cambio de contraseña heredada o establecen métodos RPC. 

 Para más información, consulte https://go.microsoft.com/fwlink/?linkid=2150956.
"
"18/8/2025 11:04:37 p. m.","Información","Microsoft-Windows-Directory-Services-SAM","16977","El dominio está configurado con las siguientes opciones de configuración relacionadas con la longitud mínima de la contraseña.

MinimumPasswordLength: 0

RelaxMinimumPasswordLengthLimits: 0

MinimumPasswordLengthAudit: -1

Para obtener más información, consulta https://go.microsoft.com/fwlink/?LinkId=2097191.
"
"18/8/2025 11:04:37 p. m.","Información","Microsoft-Windows-Directory-Services-SAM","16962","Se están restringiendo las llamadas remotas a la base de datos SAM mediante el descriptor de seguridad predeterminado: O:SYG:SYD:(A;;RC;;;BA).
Para obtener más información, consulte http://go.microsoft.com/fwlink/?LinkId=787651."
"18/8/2025 11:04:37 p. m.","Información","Microsoft-Windows-IsolatedUserMode","5","Secure Trustlet NULL Id 0 and Pid 0 started with status STATUS_SUCCESS."
"18/8/2025 11:04:37 p. m.","Información","LsaSrv","6156","Seguridad basada en virtualización para el estado de habilitación automática de Credential Guard.

Requisitos de hardware:	1
Dominio unido:	0
Azure AD unido:	0
 Licenciado para Credential Guard:	0
Controlador del dominio:	0"
"18/8/2025 11:04:37 p. m.","Información","Microsoft-Windows-Wininit","12","LSASS.exe se inició como un proceso protegido con nivel: 4."
"18/8/2025 11:04:37 p. m.","Información","Microsoft-Windows-Wininit","18","VBS Key Isolation se inició y protegerá las claves aisladas de VSM."
"18/8/2025 11:04:37 p. m.","Información","Microsoft-Windows-IsolatedUserMode","1","Secure Trustlet \??\C:\WINDOWS\system32\lsaiso.exe Id 1 and Pid 1132 started with status STATUS_SUCCESS."
"18/8/2025 11:04:37 p. m.","Información","Microsoft-Windows-IsolatedUserMode","5","Secure Trustlet NULL Id 0 and Pid 0 started with status STATUS_SUCCESS."
"18/8/2025 11:04:37 p. m.","Información","Microsoft-Windows-Wininit","14","Configuración de Credential Guard:

Configuración del registro: 0x0
Configuración de prueba: 0
Habilitación automática: 0"
"18/8/2025 11:04:37 p. m.","Información","Win32k","267","La comprobación de control de calidad de hardware táctil se realizó correctamente."
"18/8/2025 11:04:37 p. m.","Información","Microsoft-Windows-Wininit","23","Antirreversión de aplicación de arranque: inicialización completada con estado:
HRESULT: La operación se completó correctamente.
Nuevo temporizador necesario: false
Nuevo temporizador esperando a que se complete la actualización del sistema: false
El temporizador de bloqueo temporal anterior existe pero está deshabilitado por el registro: false
"
"18/8/2025 11:04:37 p. m.","Información","Microsoft-Windows-Wininit","25","Antirreversión de aplicación de arranque: temporizador anterior reanudado con estado:

HRESULT: La operación se completó correctamente.
Temporizador anterior presente: true
Hora de inicio: ‎2025‎-‎07‎-‎19T07:41:36.931375700Z
Período de gracia: 51840000000000
Intento de aplicación de recuperación correcto: false
"
"18/8/2025 11:04:37 p. m.","Información","Microsoft-Windows-Wininit","24","Antirreversión de aplicación de arranque: inicio del temporizador completado con el estado:

Win32Error: 0
Hora de inicio: ‎2025‎-‎07‎-‎19T07:41:36.931375700Z
Período de gracia: 51840000000000
Hora de vencimiento: ‎2025‎-‎09‎-‎17T07:41:36.931375700Z
"
"18/8/2025 11:04:37 p. m.","Información","Microsoft-Windows-Wininit","19","Estado de creación de nuevo temporizador de seguridad basada en virtualización

HRESULT: La operación se completó correctamente.
Nuevo temporizador de bloqueo temporal necesario: false
Nuevo temporizador de bloqueos temporales esperando a que se complete la actualización del sistema: false
 Existe un temporizador de bloqueo temporal anterior pero deshabilitado por el Registro: false
Existe el archivo de directiva: false
"
"18/8/2025 11:04:36 p. m.","Advertencia","Microsoft-Windows-Kernel-PnP","219","No se pudo cargar el \Driver\WUDFRd del controlador.
Dispositivo: HID\Vid_8087&Pid_0AC2\6&ac79363&0&0000
Estado: 0xC0000365"
"18/8/2025 11:04:36 p. m.","Información","Microsoft-Windows-DriverFrameworks-UserMode","10118","El reflector UMDF no se puede conectar al Administrador de control de servicios (SCM). Es lo que se espera durante el arranque, cuando el SCM aún no se ha iniciado. Se reintentará cuando se inicie."
"18/8/2025 11:04:33 p. m.","Advertencia","rt640x64","1","Realtek PCIe GbE Family Controller is disconnected from network."
"18/8/2025 11:04:32 p. m.","Advertencia","Microsoft-Windows-Kernel-PnP","219","No se pudo cargar el \Driver\WUDFRd del controlador.
Dispositivo: {DD8E82AE-334B-49A2-AEAE-AEB0FD5C40DD}\DetectionVerification\5&4bfb3d0&0&0
Estado: 0xC0000365"
"18/8/2025 11:04:32 p. m.","Información","Microsoft-Windows-DriverFrameworks-UserMode","10118","El reflector UMDF no se puede conectar al Administrador de control de servicios (SCM). Es lo que se espera durante el arranque, cuando el SCM aún no se ha iniciado. Se reintentará cuando se inicie."
"18/8/2025 11:04:32 p. m.","Información","Intel-SST-OED","28","Loaded DSP FW library: \??\C:\WINDOWS\System32\DriverStore\FileRepository\intcoed_oemlibpath.inf_amd64_69401f7e35684734\tgl_maxx_audio_pro.bin, status = STATUS_SUCCESS."
"18/8/2025 11:04:32 p. m.","Información","Intel-SST-OED","28","Loaded DSP FW library: Libs\dsp_lib_whm_tgl_release.bin, status = STATUS_SUCCESS."
"18/8/2025 11:04:32 p. m.","Información","Intel-SST-OED","28","Loaded DSP FW library: Libs\dsp_lib_intel_wov_tgl_release.bin, status = STATUS_SUCCESS."
"18/8/2025 11:04:31 p. m.","Información","Intel-SST-OED","28","Library is not supported in BIOS: \??\C:\WINDOWS\System32\DriverStore\FileRepository\intcoed_oemlibpath.inf_amd64_69401f7e35684734\tgl_tismartamp_lib.bin, status = Solicitud no compatible.."
"18/8/2025 11:04:31 p. m.","Información","Intel-SST-OED","29","FX module is not supported in BIOS:  {9a44a769-1a51-464a-a54b-1a4084bf370b} from \??\C:\WINDOWS\System32\DriverStore\FileRepository\intcoed_oemlibpath.inf_amd64_69401f7e35684734\tgl_tismartamp_lib.bin."
"18/8/2025 11:04:31 p. m.","Información","Intel-SST-OED","28","Library is not supported in BIOS: \??\C:\WINDOWS\System32\DriverStore\FileRepository\intcoed_oemlibpath.inf_amd64_69401f7e35684734\tgl_tisa_stereo_lib.bin, status = Solicitud no compatible.."
"18/8/2025 11:04:31 p. m.","Información","Intel-SST-OED","29","FX module is not supported in BIOS:  {a07eece7-8f01-4ecd-8bde-3e4de8a55f81} from \??\C:\WINDOWS\System32\DriverStore\FileRepository\intcoed_oemlibpath.inf_amd64_69401f7e35684734\tgl_tisa_stereo_lib.bin."
"18/8/2025 11:04:31 p. m.","Información","Intel-SST-OED","28","Library is not supported in BIOS: \??\C:\WINDOWS\System32\DriverStore\FileRepository\intcoed_oemlibpath.inf_amd64_69401f7e35684734\tgl_rtksep96_lib.bin, status = Solicitud no compatible.."
"18/8/2025 11:04:31 p. m.","Información","Intel-SST-OED","29","FX module is not supported in BIOS:  {7111001f-d35f-44d9-81d2-7ac685bed3d7} from \??\C:\WINDOWS\System32\DriverStore\FileRepository\intcoed_oemlibpath.inf_amd64_69401f7e35684734\tgl_rtksep96_lib.bin."
"18/8/2025 11:04:31 p. m.","Información","Intel-SST-OED","28","Library is not supported in BIOS: \??\C:\WINDOWS\System32\DriverStore\FileRepository\intcoed_oemlibpath.inf_amd64_69401f7e35684734\tgl_rtksep48_lib.bin, status = Solicitud no compatible.."
"18/8/2025 11:04:31 p. m.","Información","Intel-SST-OED","29","FX module is not supported in BIOS:  {7aa4db02-6b41-4bc3-a712-80a2dde29e11} from \??\C:\WINDOWS\System32\DriverStore\FileRepository\intcoed_oemlibpath.inf_amd64_69401f7e35684734\tgl_rtksep48_lib.bin."
"18/8/2025 11:04:31 p. m.","Información","Intel-SST-OED","28","Library is not supported in BIOS: \??\C:\WINDOWS\System32\DriverStore\FileRepository\intcoed_oemlibpath.inf_amd64_69401f7e35684734\tgl_rtksep483_lib.bin, status = Solicitud no compatible.."
"18/8/2025 11:04:31 p. m.","Información","Intel-SST-OED","29","FX module is not supported in BIOS:  {7bbe0c2c-9c46-4450-b322-114ece31c6bd} from \??\C:\WINDOWS\System32\DriverStore\FileRepository\intcoed_oemlibpath.inf_amd64_69401f7e35684734\tgl_rtksep483_lib.bin."
"18/8/2025 11:04:31 p. m.","Información","Intel-SST-OED","28","Library is not supported in BIOS: \??\C:\WINDOWS\System32\DriverStore\FileRepository\intcoed_oemlibpath.inf_amd64_69401f7e35684734\tgl_rtksep482_lib.bin, status = Solicitud no compatible.."
"18/8/2025 11:04:31 p. m.","Información","Intel-SST-OED","29","FX module is not supported in BIOS:  {79921daf-e755-45dc-b687-7c26eb97a7bd} from \??\C:\WINDOWS\System32\DriverStore\FileRepository\intcoed_oemlibpath.inf_amd64_69401f7e35684734\tgl_rtksep482_lib.bin."
"18/8/2025 11:04:31 p. m.","Información","Intel-SST-OED","28","Library is not supported in BIOS: \??\C:\WINDOWS\System32\DriverStore\FileRepository\intcoed_oemlibpath.inf_amd64_69401f7e35684734\tgl_rtksep24_lib.bin, status = Solicitud no compatible.."
"18/8/2025 11:04:31 p. m.","Información","Intel-SST-OED","29","FX module is not supported in BIOS:  {7111001f-d35f-44d9-81d2-77e0d5e1bcd8} from \??\C:\WINDOWS\System32\DriverStore\FileRepository\intcoed_oemlibpath.inf_amd64_69401f7e35684734\tgl_rtksep24_lib.bin."
"18/8/2025 11:04:31 p. m.","Información","Intel-SST-OED","28","Library is not supported in BIOS: \??\C:\WINDOWS\System32\DriverStore\FileRepository\intcoed_oemlibpath.inf_amd64_69401f7e35684734\tgl_nahimic_lib.bin, status = Solicitud no compatible.."
"18/8/2025 11:04:31 p. m.","Información","Intel-SST-OED","29","FX module is not supported in BIOS:  {7159bbd2-ef07-48e8-bdb7-17ee17423c14} from \??\C:\WINDOWS\System32\DriverStore\FileRepository\intcoed_oemlibpath.inf_amd64_69401f7e35684734\tgl_nahimic_lib.bin."
"18/8/2025 11:04:31 p. m.","Información","Netwtw10","7023","7023 - secure boot debug logging Quasar"
"18/8/2025 11:04:31 p. m.","Información","Netwtw10","7017","7017 - secure boot (SB) configuration"
"18/8/2025 11:04:31 p. m.","Información","Netwtw10","7010","7010 - driver enabled (miniport init)"
"18/8/2025 11:04:31 p. m.","Información","Netwtw10","7002","7002 - CTDP power limit value (SPLC)"
"18/8/2025 11:04:31 p. m.","Información","Netwtw10","7005","7005 - SAR value max TX power (WRDS)"
"18/8/2025 11:04:31 p. m.","Información","Netwtw10","7006","7006 - SAR Geo delta value (WGDS)"
"18/8/2025 11:04:31 p. m.","Información","WiManH","2",
"18/8/2025 11:04:31 p. m.","Información","MEIx64","2","Intel(R) Management Engine Interface driver has started successfully."
"18/8/2025 11:04:31 p. m.","Información","Netwtw10","7027","7027 - get Nic Manufacturere on init"
"18/8/2025 11:04:31 p. m.","Información","Netwtw10","7036","El servicio \Device\NDMP4 entró en estado Intel(R) Wi-Fi 6 AX201 160MHz."
"18/8/2025 11:04:31 p. m.","Información","Microsoft-Windows-Kernel-Power","521","Cambio de número de baterías"
"18/8/2025 11:04:31 p. m.","Información","Microsoft-Windows-Kernel-Power","521","Cambio de número de baterías"
"18/8/2025 11:04:30 p. m.","Información","Microsoft-Windows-Kernel-Processor-Power","55","El procesador 7 en el grupo 0 expone las siguientes funciones de administración de energía:

Tipo de estado inactivo: Micro Power Engine Plugin (estados 11)

Tipo de estado de rendimiento: ACPI Collaborative Processor Performance Control
Frecuencia nominal (MHz): 1382
Porcentaje de rendimiento máximo: 300
Porcentaje de rendimiento mínimo: 100
Porcentaje de limitación mínimo: 7"
"18/8/2025 11:04:30 p. m.","Información","Microsoft-Windows-Kernel-Processor-Power","55","El procesador 5 en el grupo 0 expone las siguientes funciones de administración de energía:

Tipo de estado inactivo: Micro Power Engine Plugin (estados 11)

Tipo de estado de rendimiento: ACPI Collaborative Processor Performance Control
Frecuencia nominal (MHz): 1382
Porcentaje de rendimiento máximo: 300
Porcentaje de rendimiento mínimo: 100
Porcentaje de limitación mínimo: 7"
"18/8/2025 11:04:30 p. m.","Información","Microsoft-Windows-Kernel-Processor-Power","55","El procesador 3 en el grupo 0 expone las siguientes funciones de administración de energía:

Tipo de estado inactivo: Micro Power Engine Plugin (estados 11)

Tipo de estado de rendimiento: ACPI Collaborative Processor Performance Control
Frecuencia nominal (MHz): 1382
Porcentaje de rendimiento máximo: 300
Porcentaje de rendimiento mínimo: 100
Porcentaje de limitación mínimo: 7"
"18/8/2025 11:04:30 p. m.","Información","Microsoft-Windows-Kernel-Processor-Power","55","El procesador 1 en el grupo 0 expone las siguientes funciones de administración de energía:

Tipo de estado inactivo: Micro Power Engine Plugin (estados 11)

Tipo de estado de rendimiento: ACPI Collaborative Processor Performance Control
Frecuencia nominal (MHz): 1382
Porcentaje de rendimiento máximo: 300
Porcentaje de rendimiento mínimo: 100
Porcentaje de limitación mínimo: 7"
"18/8/2025 11:04:30 p. m.","Información","Microsoft-Windows-Kernel-Processor-Power","55","El procesador 6 en el grupo 0 expone las siguientes funciones de administración de energía:

Tipo de estado inactivo: Micro Power Engine Plugin (estados 11)

Tipo de estado de rendimiento: ACPI Collaborative Processor Performance Control
Frecuencia nominal (MHz): 1382
Porcentaje de rendimiento máximo: 300
Porcentaje de rendimiento mínimo: 100
Porcentaje de limitación mínimo: 7"
"18/8/2025 11:04:30 p. m.","Información","Microsoft-Windows-Kernel-Processor-Power","55","El procesador 4 en el grupo 0 expone las siguientes funciones de administración de energía:

Tipo de estado inactivo: Micro Power Engine Plugin (estados 11)

Tipo de estado de rendimiento: ACPI Collaborative Processor Performance Control
Frecuencia nominal (MHz): 1382
Porcentaje de rendimiento máximo: 300
Porcentaje de rendimiento mínimo: 100
Porcentaje de limitación mínimo: 7"
"18/8/2025 11:04:30 p. m.","Información","nhi","9001","Thunderbolt driver is loaded and initialized connection to HW.
 Driver version: 1.41.1193.0
 NVM version: 48:1
"
"18/8/2025 11:04:30 p. m.","Información","Microsoft-Windows-Kernel-Processor-Power","55","El procesador 2 en el grupo 0 expone las siguientes funciones de administración de energía:

Tipo de estado inactivo: Micro Power Engine Plugin (estados 11)

Tipo de estado de rendimiento: ACPI Collaborative Processor Performance Control
Frecuencia nominal (MHz): 1382
Porcentaje de rendimiento máximo: 300
Porcentaje de rendimiento mínimo: 100
Porcentaje de limitación mínimo: 7"
"18/8/2025 11:04:30 p. m.","Información","Microsoft-Windows-Kernel-Processor-Power","55","El procesador 0 en el grupo 0 expone las siguientes funciones de administración de energía:

Tipo de estado inactivo: Micro Power Engine Plugin (estados 11)

Tipo de estado de rendimiento: ACPI Collaborative Processor Performance Control
Frecuencia nominal (MHz): 1382
Porcentaje de rendimiento máximo: 300
Porcentaje de rendimiento mínimo: 100
Porcentaje de limitación mínimo: 7"
"18/8/2025 11:04:29 p. m.","Información","Microsoft-Windows-Kernel-General","24","La información de zona horaria se actualizó con el motivo de salida 0. La diferencia de zona horaria actual es 240."
"18/8/2025 11:04:29 p. m.","Información","Microsoft-Windows-Ntfs","98","Volumen \\?\Volume{87337007-4a35-4346-ac67-ed018ac82d6b} (\Device\HarddiskVolume4) es correcto. No se requiere ninguna acción."
"18/8/2025 11:04:29 p. m.","Advertencia","Microsoft-Windows-Kernel-PnP","219","No se pudo cargar el \Driver\WUDFRd del controlador.
Dispositivo: PCI\VEN_8086&DEV_9A03&SUBSYS_0B211028&REV_01\3&11583659&0&20
Estado: 0xC0000365"
"18/8/2025 11:04:29 p. m.","Información","Microsoft-Windows-DriverFrameworks-UserMode","10118","El reflector UMDF no se puede conectar al Administrador de control de servicios (SCM). Es lo que se espera durante el arranque, cuando el SCM aún no se ha iniciado. Se reintentará cuando se inicie."
"18/8/2025 11:04:26 p. m.","Información","Microsoft-Windows-Hyper-V-VmSwitch","5","Miniport NIC C08CB7B8-9B3C-408E-8E30-5E16A3AEB445 (Friendly Name: Default Switch) successfully enabled"
"18/8/2025 11:04:26 p. m.","Información","Microsoft-Windows-Hyper-V-VmSwitch","232","NIC C08CB7B8-9B3C-408E-8E30-5E16A3AEB445 (Friendly Name: Default Switch) successfully connected to port C08CB7B8-9B3C-408E-8E30-5E16A3AEB445 (Friendly Name: Host Vnic C08CB7B8-9B3C-408E-8E30-5E16A3AEB444) on switch C08CB7B8-9B3C-408E-8E30-5E16A3AEB444(Friendly Name: Default Switch)."
"18/8/2025 11:04:26 p. m.","Información","Microsoft-Windows-Hyper-V-VmSwitch","7","Miniport NIC C08CB7B8-9B3C-408E-8E30-5E16A3AEB445 (Friendly Name: Default Switch) successfully initialized."
"18/8/2025 11:04:26 p. m.","Información","Microsoft-Windows-Hyper-V-VmSwitch","291","Descarga de RSC modificada para la C08CB7B8-9B3C-408E-8E30-5E16A3AEB445 NIC (nombre descriptivo: Default Switch) IPv4 anterior: Deshabilitado, IPv4 actual: Deshabilitado, IPv6 anterior: Deshabilitado, IPv6 actual: Deshabilitado. Motivo: Inicio de NIC"
"18/8/2025 11:04:26 p. m.","Información","Microsoft-Windows-Hyper-V-VmSwitch","233","La operación ' Create ' se realizó correctamente en la NIC C08CB7B8-9B3C-408E-8E30-5E16A3AEB445 (nombre descriptivo: Default Switch) e ID. de instancia {00000000-0000-0000-0000-000000000000}. "
"18/8/2025 11:04:26 p. m.","Información","Microsoft-Windows-Hyper-V-VmSwitch","291","Descarga de RSC modificada para la C08CB7B8-9B3C-408E-8E30-5E16A3AEB445 NIC (nombre descriptivo: Default Switch) IPv4 anterior: Deshabilitado, IPv4 actual: Deshabilitado, IPv6 anterior: Deshabilitado, IPv6 actual: Deshabilitado. Motivo: Creación de NIC"
"18/8/2025 11:04:26 p. m.","Información","Microsoft-Windows-Hyper-V-VmSwitch","264","El C08CB7B8-9B3C-408E-8E30-5E16A3AEB445 de puerto interno o externo (nombre descriptivo: Host Vnic C08CB7B8-9B3C-408E-8E30-5E16A3AEB444) se creó correctamente en el conmutador C08CB7B8-9B3C-408E-8E30-5E16A3AEB444 (nombre descriptivo: Default Switch)."
"18/8/2025 11:04:26 p. m.","Información","Microsoft-Windows-Hyper-V-VmSwitch","292","Descarga de RSC modificada para el puerto C08CB7B8-9B3C-408E-8E30-5E16A3AEB445 (nombre descriptivo: Host Vnic C08CB7B8-9B3C-408E-8E30-5E16A3AEB444) Anterior: Deshabilitado, actual: Habilitado. Motivo: Creación de puertos"
"18/8/2025 11:04:26 p. m.","Información","Microsoft-Windows-Hyper-V-VmSwitch","9","Switch C08CB7B8-9B3C-408E-8E30-5E16A3AEB444 (Friendly Name: Default Switch) successfully initialized."
"18/8/2025 11:04:26 p. m.","Información","Microsoft-Windows-Hyper-V-VmSwitch","232","NIC C08CB7B8-9B3C-408E-8E30-5E16A3AEB444 (Friendly Name: Default Switch) successfully connected to port C08CB7B8-9B3C-408E-8E30-5E16A3AEB444 (Friendly Name: Default Switch) on switch C08CB7B8-9B3C-408E-8E30-5E16A3AEB444(Friendly Name: Default Switch)."
"18/8/2025 11:04:26 p. m.","Información","Microsoft-Windows-Hyper-V-VmSwitch","233","La operación ' Create ' se realizó correctamente en la NIC C08CB7B8-9B3C-408E-8E30-5E16A3AEB444 (nombre descriptivo: Default Switch) e ID. de instancia {00000000-0000-0000-0000-000000000000}. "
"18/8/2025 11:04:26 p. m.","Información","Microsoft-Windows-Hyper-V-VmSwitch","291","Descarga de RSC modificada para la C08CB7B8-9B3C-408E-8E30-5E16A3AEB444 NIC (nombre descriptivo: Default Switch) IPv4 anterior: Deshabilitado, IPv4 actual: Deshabilitado, IPv6 anterior: Deshabilitado, IPv6 actual: Deshabilitado. Motivo: Creación de NIC"
"18/8/2025 11:04:26 p. m.","Información","Microsoft-Windows-Hyper-V-VmSwitch","67","El C08CB7B8-9B3C-408E-8E30-5E16A3AEB444 de puerto (nombre descriptivo: Default Switch) se creó correctamente en el conmutador C08CB7B8-9B3C-408E-8E30-5E16A3AEB444 (nombre descriptivo: Default Switch)."
"18/8/2025 11:04:26 p. m.","Información","Microsoft-Windows-Hyper-V-VmSwitch","292","Descarga de RSC modificada para el puerto C08CB7B8-9B3C-408E-8E30-5E16A3AEB444 (nombre descriptivo: Default Switch) Anterior: Deshabilitado, actual: Habilitado. Motivo: Creación de puertos"
"18/8/2025 11:04:26 p. m.","Información","Microsoft-Windows-Hyper-V-VmSwitch","277","vmswitch.sys versión 26100.amd64.ge_release_svc_prod1, depuración false, oficial true, 1, 1"
"18/8/2025 11:04:26 p. m.","Información","Microsoft-Windows-FilterManager","6","Filtro de sistema de archivos 'npsvctrig' (10.0, ‎1978‎-‎05‎-‎14T05:13:30.000000000Z) correctamente cargado y registrado con el administrador de filtros."
"18/8/2025 11:04:26 p. m.","Información","VfpExt","7036","El servicio  entró en estado Driver load complete."
"18/8/2025 11:04:26 p. m.","Información","VfpExt","7036","El servicio  entró en estado Driver load start."
"18/8/2025 11:04:26 p. m.","Información","Microsoft-Windows-FilterManager","6","Filtro de sistema de archivos 'UCPD' (10.0, ‎2007‎-‎02‎-‎05T01:30:28.000000000Z) correctamente cargado y registrado con el administrador de filtros."
"18/8/2025 11:04:26 p. m.","Información","Microsoft-Windows-FilterManager","6","Filtro de sistema de archivos 'FileCrypt' (10.0, ‎2075‎-‎08‎-‎31T18:07:07.000000000Z) correctamente cargado y registrado con el administrador de filtros."
"18/8/2025 11:04:26 p. m.","Información","Microsoft-Windows-Ntfs","98","Volumen C: (\Device\HarddiskVolume3) es correcto. No se requiere ninguna acción."
"18/8/2025 11:04:25 p. m.","Información","Microsoft-Windows-FilterManager","6","Filtro de sistema de archivos 'WdFilter' (10.0, ‎2020‎-‎11‎-‎18T13:24:15.000000000Z) correctamente cargado y registrado con el administrador de filtros."
"18/8/2025 11:04:25 p. m.","Información","Microsoft-Windows-FilterManager","6","Filtro de sistema de archivos 'Wof' (10.0, ‎2033‎-‎09‎-‎02T19:41:44.000000000Z) correctamente cargado y registrado con el administrador de filtros."
"18/8/2025 11:04:25 p. m.","Información","Microsoft-Windows-FilterManager","6","Filtro de sistema de archivos 'FileInfo' (10.0, ‎2093‎-‎04‎-‎01T21:29:43.000000000Z) correctamente cargado y registrado con el administrador de filtros."
"18/8/2025 11:04:25 p. m.","Información","Microsoft-Windows-FilterManager","6","Filtro de sistema de archivos 'WinSetupMon' (10.0, ‎2104‎-‎05‎-‎25T21:43:09.000000000Z) correctamente cargado y registrado con el administrador de filtros."
"18/8/2025 11:04:24 p. m.","Información","Microsoft-Windows-HAL","16","Se ha inicializado el informe de errores IOMMU."
"18/8/2025 11:04:24 p. m.","Información","Microsoft-Windows-Kernel-General","20","Se ha actualizado la configuración del segundo intercalar. 
Motivo: Leap second data initialized from registry during boot
Segundos intercalares habilitados: true
Nuevo recuento de segundos intercalares: 0
Antiguo recuento de segundos intercalares: 0"
"18/8/2025 11:04:24 p. m.","Información","Microsoft-Windows-Kernel-Boot","30","El firmware notificó métricas de arranque."
"18/8/2025 11:04:24 p. m.","Información","Microsoft-Windows-IsolatedUserMode","3","Secure Kernel started with status STATUS_SUCCESS and flags HvciEnabled,HvciStrictMode."
"18/8/2025 11:04:24 p. m.","Información","Microsoft-Windows-Hyper-V-Hypervisor","165","Mitigaciones configuradas del hipervisor para CVE-2019-11091, CVE-2018-12126, CVE-2018-12127, CVE-2018-12130 para máquinas virtuales.

Procesador no afectado: true
Familia de procesadores no afectada: false
El procesador admite el vaciado del búfer microarquitectura: false
Vaciado del búfer necesario: false
"
"18/8/2025 11:04:24 p. m.","Información","Microsoft-Windows-Hyper-V-Hypervisor","156","Mitigaciones configuradas del hipervisor para CVE-2018-3646 para máquinas virtuales.

Procesador no afectado: true
Familia de procesadores no afectada: false
El procesador admite el vaciado de caché: true
HyperThreading habilitado: true
El hipervisor primario aplica mitigaciones: false
Mitigaciones deshabilitadas por bcdedit: false
Mitigaciones habilitadas: true
Es necesario vaciar la caché: false
"
"18/8/2025 11:04:24 p. m.","Información","Microsoft-Windows-Hyper-V-Hypervisor","129","El hipervisor inicializó la reasignación de E/S.

Hardware presente: true
Hardware habilitado: true
Directiva: 0x0
Características habilitadas: 0x43
Información interna: 0x0
Problemas: 0x0
Información adicional: 0x0"
"18/8/2025 11:04:24 p. m.","Información","Microsoft-Windows-Hyper-V-Hypervisor","2","El tipo de programador de hipervisor es 0x4."
"18/8/2025 11:04:24 p. m.","Información","Microsoft-Windows-Hyper-V-Hypervisor","1","El hipervisor se inició correctamente. "
"18/8/2025 11:04:24 p. m.","Información","Microsoft-Windows-Kernel-Boot","27","El tipo de arranque fue 0x0."
"18/8/2025 11:04:24 p. m.","Información","Microsoft-Windows-Kernel-Boot","25","La directiva del menú de arranque fue 0x1."
"18/8/2025 11:04:24 p. m.","Información","Microsoft-Windows-Kernel-Boot","238","Diferencia de zona horaria EFI: 2047. Marcas de verano: 0. Hora del firmware: ‎2025‎-‎08‎-‎18T23:04:21.000000000Z. "
"18/8/2025 11:04:24 p. m.","Información","Microsoft-Windows-Kernel-Boot","247","No se puede cargar el firmware de Pluton-Windows. StatusCode: STATUS_SUCCESS, Motivo: Failed to apply firmware."
"18/8/2025 11:04:24 p. m.","Información","Microsoft-Windows-Kernel-Boot","20","El último estado correcto de apagado fue true. El último estado correcto de arranque fue true."
"18/8/2025 11:04:24 p. m.","Información","Microsoft-Windows-Kernel-Boot","32","Bootmgr esperó la entrada del usuario durante 0 ms."
"18/8/2025 11:04:24 p. m.","Información","Microsoft-Windows-Kernel-Boot","18","Existen 0x1 opciones de arranque en este sistema."
"18/8/2025 11:04:24 p. m.","Información","Microsoft-Windows-Kernel-Boot","153","La seguridad basada en virtualización (directivas: VBS Enabled,VSM Required,Hvci,Boot Chain Signer Soft Enforced) es enabled due to VBS registry configuration."
"18/8/2025 11:04:24 p. m.","Información","Microsoft-Windows-Kernel-General","25","La hora del sistema se inicializó a ‎2025‎-‎08‎-‎19T03:04:23.500000000Z. 

Hora del cargador: ‎2025‎-‎08‎-‎19T03:04:21.000000000Z
Marcas de arranque internas: 0x2
código de error HAL RTC: 0x0
la hora RTC está en UTC: false
Arranque flexible: false
Correcto: true
Fase: 0"
"18/8/2025 11:04:24 p. m.","Información","Microsoft-Windows-Kernel-General","12","El sistema operativo se inició a la hora del sistema ‎2025‎-‎08‎-‎19T03:04:23.500000000Z."
"18/8/2025 11:04:10 p. m.","Información","Microsoft-Windows-Kernel-General","13","El sistema operativo se está cerrando a la hora del sistema ‎2025‎-‎08‎-‎19T03:04:10.825107700Z."
"18/8/2025 11:04:10 p. m.","Información","Microsoft-Windows-Kernel-Power","577","El sistema se ha preparado para que el sistema inicie un reinicio desde Active."
"18/8/2025 11:04:10 p. m.","Información","nhi","9008","Driver exit RTD3.
 All the connected devices will now cause DeviceConnected events."
"18/8/2025 11:04:07 p. m.","Información","Microsoft-Windows-Kernel-Power","109","El administrador de energía del kernel ha iniciado una transición de apagado.

Acción: Power Action Reboot 
Código de evento: 0x0 
Motivo: Kernel API"
"18/8/2025 11:04:07 p. m.","Información","Microsoft-Windows-WLAN-AutoConfig","4001","El servicio de Configuración automática de WLAN se detuvo correctamente.
"
"18/8/2025 11:04:07 p. m.","Advertencia","Microsoft-Windows-WLAN-AutoConfig","10002","Se detuvo el módulo de extensibilidad de WLAN.

Ruta de acceso del módulo: C:\WINDOWS\system32\IntelIHVRouter10.dll
"
"18/8/2025 11:04:38 p. m.","Información","EventLog","6013","El tiempo límite del sistema es de 14 segundos."
"18/8/2025 11:04:38 p. m.","Información","EventLog","6005","Se inició el servicio de Registro de eventos."
"18/8/2025 11:04:38 p. m.","Información","EventLog","6009","Microsoft (R) Windows (R) 10.00. 26100  Multiprocessor Free."
"18/8/2025 11:04:05 p. m.","Información","Microsoft-Windows-Dhcp-Client","50037","Servicio cliente DHCPv4 detenido. Valor de la marca ShutDown: 1"
"18/8/2025 11:04:05 p. m.","Información","Microsoft-Windows-Dhcp-Client","50106","DHCPv4 está esperando a que se detenga el servicio DHCPv6"
"18/8/2025 11:04:05 p. m.","Información","Microsoft-Windows-DHCPv6-Client","51057","La parada del servicio del cliente DHCPv6 está casi lista. El recuento de referencia de contexto DHCP es 1"
"18/8/2025 11:04:05 p. m.","Información","Microsoft-Windows-DHCPv6-Client","51057","La parada del servicio del cliente DHCPv6 está casi lista. El recuento de referencia de contexto DHCP es 1"
"18/8/2025 11:04:05 p. m.","Información","Microsoft-Windows-DHCPv6-Client","51057","La parada del servicio del cliente DHCPv6 está casi lista. El recuento de referencia de contexto DHCP es 1"
"18/8/2025 11:04:05 p. m.","Información","Microsoft-Windows-DHCPv6-Client","51047","Servicio de cliente DHCPv6 detenido. El valor de la marca ShutDown es 1"
"18/8/2025 11:04:05 p. m.","Información","Microsoft-Windows-Dhcp-Client","50105","El cliente DHCPv4 ProcessDHCPRequestForever recibió TERMINATE_EVENT"
"18/8/2025 11:04:05 p. m.","Información","Microsoft-Windows-Dhcp-Client","50104","El cliente DHCPv4 recibió una notificación de apagado"
"18/8/2025 11:04:05 p. m.","Información","Microsoft-Windows-Kernel-General","1","La hora del sistema ha cambiado a ‎2025‎-‎08‎-‎19T03:04:05.891567000Z de ‎2025‎-‎08‎-‎19T03:04:05.890708500Z.
Diferencia horaria: 0 ms

Motivo del cambio: An application or system component changed the time.
Proceso: '\Device\HarddiskVolume3\Windows\System32\svchost.exe' (PID 12740).

Hora de RTC: ‎2025‎-‎08‎-‎18T23:04:05.891567000Z
Diferencia de zona horaria actual: 240
hora RTC es UTC: false
La hora del sistema se basaba en la hora RTC: false"
"18/8/2025 11:04:05 p. m.","Error","Microsoft-Windows-HAL","21","No se estableció el reloj en tiempo real de hardware debido a un error en la evaluación del método de dispositivo de alarma y hora ACPI.  Estado: 0xC00000BB."
"18/8/2025 11:04:05 p. m.","Error","Microsoft-Windows-HAL","20","No se consultó el reloj en tiempo real de hardware debido a un error en la evaluación del método de dispositivo de alarma y hora ACPI.  Estado: 0xC00000BB."
"18/8/2025 11:04:05 p. m.","Información","Microsoft-Windows-Kernel-General","24","La información de zona horaria se actualizó con el motivo de salida 0. La diferencia de zona horaria actual es 240."
"18/8/2025 11:04:05 p. m.","Información","EventLog","6006","Se detuvo el servicio de Registro de eventos."
"18/8/2025 11:04:04 p. m.","Información","Microsoft-Windows-Winlogon","7002","Notificación de cierre de sesión de usuario para el Programa para la mejora de la experiencia del usuario"
"18/8/2025 11:04:01 p. m.","Información","Microsoft-Windows-IsolatedUserMode","2","Secure Trustlet Id 0 and Pid 0 stopped with status STATUS_SUCCESS."
"18/8/2025 11:04:01 p. m.","Advertencia","winsrvext","100","El proceso C:\Program Files\Microsoft Office\root\Office16\WINWORD.EXE está retrasando el cierre del sistema después de 13891 milisegundos."
"18/8/2025 11:04:01 p. m.","Advertencia","winsrvext","100","El proceso C:\Program Files\Microsoft Visual Studio\2022\Community\Common7\IDE\devenv.exe está retrasando el cierre del sistema después de 13625 milisegundos."
"18/8/2025 11:03:46 p. m.","Información","User32","1074","El proceso C:\WINDOWS\SystemApps\Microsoft.Windows.StartMenuExperienceHost_cw5n1h2txyewy\StartMenuExperienceHost.exe (TICPC-05) inició el Reinicio del equipo TICPC-05 en nombre del usuario TICPC-05\PCTIC-05 por el siguiente motivo: Otros (no planeado)
 Código de motivo: 0x0
 Tipo de apagado: Reinicio
 Comentario: "
"18/8/2025 10:58:28 p. m.","Información","TPM","17","El hardware del Módulo de plataforma segura (TPM) no pudo ejecutar un comando de TPM."
"18/8/2025 10:58:28 p. m.","Información","TPM","17","El hardware del Módulo de plataforma segura (TPM) no pudo ejecutar un comando de TPM."
"18/8/2025 10:58:27 p. m.","Información","TPM","17","El hardware del Módulo de plataforma segura (TPM) no pudo ejecutar un comando de TPM."
"18/8/2025 10:51:03 p. m.","Información","Microsoft-Windows-HttpService","113","Se intentó agregar la dirección URL (https://localhost:44399/690d063aa8bc483abda507268dc23887/) al grupo de direcciones URL (0xFE00000120000002). Estado: 0x0. Id. de proceso 0x4528 ruta de acceso ejecutable \Device\HarddiskVolume3\Program Files\Microsoft Visual Studio\2022\Community\Common7\IDE\devenv.exe, S-1-5-21-72991934-2165796093-3938425774-1001  de usuario"
"18/8/2025 10:51:03 p. m.","Información","Microsoft-Windows-HttpService","113","Se intentó agregar la dirección URL (http://localhost:59113/690d063aa8bc483abda507268dc23887/) al grupo de direcciones URL (0xFE00000120000002). Estado: 0x0. Id. de proceso 0x4528 ruta de acceso ejecutable \Device\HarddiskVolume3\Program Files\Microsoft Visual Studio\2022\Community\Common7\IDE\devenv.exe, S-1-5-21-72991934-2165796093-3938425774-1001  de usuario"
"18/8/2025 10:51:03 p. m.","Información","Microsoft-Windows-HttpService","113","Se intentó agregar la dirección URL (https://localhost:44399/88a3be49a13a4f1bac4e6724631ce912/) al grupo de direcciones URL (0xFE00000120000002). Estado: 0x0. Id. de proceso 0x4528 ruta de acceso ejecutable \Device\HarddiskVolume3\Program Files\Microsoft Visual Studio\2022\Community\Common7\IDE\devenv.exe, S-1-5-21-72991934-2165796093-3938425774-1001  de usuario"
"18/8/2025 10:51:03 p. m.","Información","Microsoft-Windows-HttpService","113","Se intentó agregar la dirección URL (http://localhost:59113/88a3be49a13a4f1bac4e6724631ce912/) al grupo de direcciones URL (0xFE00000120000002). Estado: 0x0. Id. de proceso 0x4528 ruta de acceso ejecutable \Device\HarddiskVolume3\Program Files\Microsoft Visual Studio\2022\Community\Common7\IDE\devenv.exe, S-1-5-21-72991934-2165796093-3938425774-1001  de usuario"
"18/8/2025 10:51:03 p. m.","Información","Microsoft-Windows-HttpService","111","Crear grupo de direcciones URL 0xFE00000120000002. Estado 0x0. Id. de proceso 0x4528 ruta de acceso ejecutable \Device\HarddiskVolume3\Program Files\Microsoft Visual Studio\2022\Community\Common7\IDE\devenv.exe, S-1-5-21-72991934-2165796093-3938425774-1001  de usuario"
"18/8/2025 10:50:53 p. m.","Información","Microsoft-Windows-HttpService","113","Se intentó agregar la dirección URL (http://localhost:60240/FinalParalela/) al grupo de direcciones URL (0xFE00000420000001). Estado: 0x0. Id. de proceso 0x4528 ruta de acceso ejecutable \Device\HarddiskVolume3\Program Files\Microsoft Visual Studio\2022\Community\Common7\IDE\devenv.exe, S-1-5-21-72991934-2165796093-3938425774-1001  de usuario"
"18/8/2025 10:50:53 p. m.","Información","Microsoft-Windows-HttpService","113","Se intentó agregar la dirección URL (https://localhost:44302/FinalParalela/) al grupo de direcciones URL (0xFE00000420000001). Estado: 0x0. Id. de proceso 0x4528 ruta de acceso ejecutable \Device\HarddiskVolume3\Program Files\Microsoft Visual Studio\2022\Community\Common7\IDE\devenv.exe, S-1-5-21-72991934-2165796093-3938425774-1001  de usuario"
"18/8/2025 10:50:53 p. m.","Información","Microsoft-Windows-HttpService","111","Crear grupo de direcciones URL 0xFE00000420000001. Estado 0x0. Id. de proceso 0x4528 ruta de acceso ejecutable \Device\HarddiskVolume3\Program Files\Microsoft Visual Studio\2022\Community\Common7\IDE\devenv.exe, S-1-5-21-72991934-2165796093-3938425774-1001  de usuario"
"18/8/2025 10:35:20 p. m.","Información","Microsoft-Windows-HttpService","117","Eliminar 0xFE00000120000001 de grupo de direcciones URL. Estado 0x0. Id. de proceso 0x1574 ruta de acceso ejecutable \Device\HarddiskVolume3\Program Files\Microsoft Visual Studio\2022\Community\Common7\IDE\devenv.exe, S-1-5-21-72991934-2165796093-3938425774-1001  de usuario"
"18/8/2025 10:35:20 p. m.","Información","Microsoft-Windows-HttpService","114","Se quitó la dirección URL (http://localhost:51094/9bd8548e120e40ffab609117addbec4d/) del grupo de direcciones URL (0xFE00000120000001). Id. de proceso 0x1574 ruta de acceso ejecutable \Device\HarddiskVolume3\Program Files\Microsoft Visual Studio\2022\Community\Common7\IDE\devenv.exe, S-1-5-21-72991934-2165796093-3938425774-1001  de usuario"
"18/8/2025 10:35:20 p. m.","Información","Microsoft-Windows-HttpService","114","Se quitó la dirección URL (https://localhost:44399/c07d3f1464b241d894710daa4dd7ad0d/) del grupo de direcciones URL (0xFE00000120000001). Id. de proceso 0x1574 ruta de acceso ejecutable \Device\HarddiskVolume3\Program Files\Microsoft Visual Studio\2022\Community\Common7\IDE\devenv.exe, S-1-5-21-72991934-2165796093-3938425774-1001  de usuario"
"18/8/2025 10:35:20 p. m.","Información","Microsoft-Windows-HttpService","114","Se quitó la dirección URL (http://localhost:51094/c07d3f1464b241d894710daa4dd7ad0d/) del grupo de direcciones URL (0xFE00000120000001). Id. de proceso 0x1574 ruta de acceso ejecutable \Device\HarddiskVolume3\Program Files\Microsoft Visual Studio\2022\Community\Common7\IDE\devenv.exe, S-1-5-21-72991934-2165796093-3938425774-1001  de usuario"
"18/8/2025 10:35:20 p. m.","Información","Microsoft-Windows-HttpService","114","Se quitó la dirección URL (https://localhost:44399/9bd8548e120e40ffab609117addbec4d/) del grupo de direcciones URL (0xFE00000120000001). Id. de proceso 0x1574 ruta de acceso ejecutable \Device\HarddiskVolume3\Program Files\Microsoft Visual Studio\2022\Community\Common7\IDE\devenv.exe, S-1-5-21-72991934-2165796093-3938425774-1001  de usuario"
"18/8/2025 10:35:19 p. m.","Información","Microsoft-Windows-HttpService","117","Eliminar 0xFF00000220000001 de grupo de direcciones URL. Estado 0x0. Id. de proceso 0x1574 ruta de acceso ejecutable \Device\HarddiskVolume3\Program Files\Microsoft Visual Studio\2022\Community\Common7\IDE\devenv.exe, S-1-5-21-72991934-2165796093-3938425774-1001  de usuario"
"18/8/2025 10:35:19 p. m.","Información","Microsoft-Windows-HttpService","114","Se quitó la dirección URL (http://localhost:51087/FinalParalela/) del grupo de direcciones URL (0xFF00000220000001). Id. de proceso 0x1574 ruta de acceso ejecutable \Device\HarddiskVolume3\Program Files\Microsoft Visual Studio\2022\Community\Common7\IDE\devenv.exe, S-1-5-21-72991934-2165796093-3938425774-1001  de usuario"
"18/8/2025 10:35:19 p. m.","Información","Microsoft-Windows-HttpService","114","Se quitó la dirección URL (https://localhost:44335/FinalParalela/) del grupo de direcciones URL (0xFF00000220000001). Id. de proceso 0x1574 ruta de acceso ejecutable \Device\HarddiskVolume3\Program Files\Microsoft Visual Studio\2022\Community\Common7\IDE\devenv.exe, S-1-5-21-72991934-2165796093-3938425774-1001  de usuario"
"18/8/2025 10:34:21 p. m.","Información","Microsoft-Windows-HttpService","113","Se intentó agregar la dirección URL (http://localhost:51094/9bd8548e120e40ffab609117addbec4d/) al grupo de direcciones URL (0xFE00000120000001). Estado: 0x0. Id. de proceso 0x1574 ruta de acceso ejecutable \Device\HarddiskVolume3\Program Files\Microsoft Visual Studio\2022\Community\Common7\IDE\devenv.exe, S-1-5-21-72991934-2165796093-3938425774-1001  de usuario"
"18/8/2025 10:34:21 p. m.","Información","Microsoft-Windows-HttpService","113","Se intentó agregar la dirección URL (https://localhost:44399/c07d3f1464b241d894710daa4dd7ad0d/) al grupo de direcciones URL (0xFE00000120000001). Estado: 0x0. Id. de proceso 0x1574 ruta de acceso ejecutable \Device\HarddiskVolume3\Program Files\Microsoft Visual Studio\2022\Community\Common7\IDE\devenv.exe, S-1-5-21-72991934-2165796093-3938425774-1001  de usuario"
"18/8/2025 10:34:21 p. m.","Información","Microsoft-Windows-HttpService","113","Se intentó agregar la dirección URL (http://localhost:51094/c07d3f1464b241d894710daa4dd7ad0d/) al grupo de direcciones URL (0xFE00000120000001). Estado: 0x0. Id. de proceso 0x1574 ruta de acceso ejecutable \Device\HarddiskVolume3\Program Files\Microsoft Visual Studio\2022\Community\Common7\IDE\devenv.exe, S-1-5-21-72991934-2165796093-3938425774-1001  de usuario"
"18/8/2025 10:34:21 p. m.","Información","Microsoft-Windows-HttpService","113","Se intentó agregar la dirección URL (https://localhost:44399/9bd8548e120e40ffab609117addbec4d/) al grupo de direcciones URL (0xFE00000120000001). Estado: 0x0. Id. de proceso 0x1574 ruta de acceso ejecutable \Device\HarddiskVolume3\Program Files\Microsoft Visual Studio\2022\Community\Common7\IDE\devenv.exe, S-1-5-21-72991934-2165796093-3938425774-1001  de usuario"
"18/8/2025 10:34:21 p. m.","Información","Microsoft-Windows-HttpService","111","Crear grupo de direcciones URL 0xFE00000120000001. Estado 0x0. Id. de proceso 0x1574 ruta de acceso ejecutable \Device\HarddiskVolume3\Program Files\Microsoft Visual Studio\2022\Community\Common7\IDE\devenv.exe, S-1-5-21-72991934-2165796093-3938425774-1001  de usuario"
"18/8/2025 10:34:05 p. m.","Información","Microsoft-Windows-HttpService","113","Se intentó agregar la dirección URL (http://localhost:51087/FinalParalela/) al grupo de direcciones URL (0xFF00000220000001). Estado: 0x0. Id. de proceso 0x1574 ruta de acceso ejecutable \Device\HarddiskVolume3\Program Files\Microsoft Visual Studio\2022\Community\Common7\IDE\devenv.exe, S-1-5-21-72991934-2165796093-3938425774-1001  de usuario"
"18/8/2025 10:34:05 p. m.","Información","Microsoft-Windows-HttpService","113","Se intentó agregar la dirección URL (https://localhost:44335/FinalParalela/) al grupo de direcciones URL (0xFF00000220000001). Estado: 0x0. Id. de proceso 0x1574 ruta de acceso ejecutable \Device\HarddiskVolume3\Program Files\Microsoft Visual Studio\2022\Community\Common7\IDE\devenv.exe, S-1-5-21-72991934-2165796093-3938425774-1001  de usuario"
"18/8/2025 10:34:05 p. m.","Información","Microsoft-Windows-HttpService","111","Crear grupo de direcciones URL 0xFF00000220000001. Estado 0x0. Id. de proceso 0x1574 ruta de acceso ejecutable \Device\HarddiskVolume3\Program Files\Microsoft Visual Studio\2022\Community\Common7\IDE\devenv.exe, S-1-5-21-72991934-2165796093-3938425774-1001  de usuario"
"18/8/2025 10:27:15 p. m.","Información","Service Control Manager","7045","Se instaló un servicio en el sistema.

Nombre del servicio:  RustDesk Service
Nombre del archivo del servicio:  ""C:\Program Files\RustDesk\RustDesk.exe"" --service
Tipo de servicio:  servicio de modo usuario
Tipo de inicio de servicio:  inicio automático
Cuenta de servicio:  LocalSystem"
"18/8/2025 10:27:15 p. m.","Información","Microsoft-Windows-Configuration-Change-Monitor","1",
"18/8/2025 10:27:15 p. m.","Información","Microsoft-Windows-Configuration-Change-Monitor","1",
"18/8/2025 10:27:14 p. m.","Error","Service Control Manager","7000","El servicio RustDesk Service no pudo iniciarse debido al siguiente error: 
El servicio no respondió a tiempo a la solicitud de inicio o de control."
"18/8/2025 10:27:14 p. m.","Error","Service Control Manager","7009","Se agotó el tiempo de espera (30000 ms) para la conexión con el servicio RustDesk Service."
"18/8/2025 10:27:12 p. m.","Información","Service Control Manager","7045","Se instaló un servicio en el sistema.

Nombre del servicio:  RustDesk Service
Nombre del archivo del servicio:  ""C:\Program Files\RustDesk\RustDesk.exe"" --import-config ""C:\Users\PCTIC-05\AppData\Roaming\RustDesk\config\RustDesk.toml""
Tipo de servicio:  servicio de modo usuario
Tipo de inicio de servicio:  inicio automático
Cuenta de servicio:  LocalSystem"
"18/8/2025 10:27:10 p. m.","Información","Microsoft-Windows-Configuration-Change-Monitor","1",
"18/8/2025 10:14:55 p. m.","Información","Microsoft-Windows-Kernel-Power","105","Cambio de fuente de energía."
"18/8/2025 10:11:31 p. m.","Información","Service Control Manager","7045","Se instaló un servicio en el sistema.

Nombre del servicio:  Servicio de herramienta de actualización de Google (GoogleUpdaterService141.0.7352.0)
Nombre del archivo del servicio:  ""C:\Program Files (x86)\Google\GoogleUpdater\141.0.7352.0\updater.exe"" --system --windows-service --service=update
Tipo de servicio:  servicio de modo usuario
Tipo de inicio de servicio:  inicio automático
Cuenta de servicio:  LocalSystem"
"18/8/2025 9:06:29 p. m.","Información","Service Control Manager","7045","Se instaló un servicio en el sistema.

Nombre del servicio:  Servicio interno de la herramienta de actualización de Google (GoogleUpdaterInternalService141.0.7352.0)
Nombre del archivo del servicio:  ""C:\Program Files (x86)\Google\GoogleUpdater\141.0.7352.0\updater.exe"" --system --windows-service --service=update-internal
Tipo de servicio:  servicio de modo usuario
Tipo de inicio de servicio:  inicio automático
Cuenta de servicio:  LocalSystem"
"18/8/2025 8:52:54 p. m.","Información","Microsoft-Windows-Kernel-General","16","El historial de accesos en el subárbol \??\C:\Users\PCTIC-05\AppData\Local\Packages\Microsoft.Windows.CloudExperienceHost_cw5n1h2txyewy\Settings\settings.dat se borró mediante la actualización de 2 claves y la creación de 1 páginas modificadas."
"18/8/2025 8:45:53 p. m.","Advertencia","Microsoft-Windows-DistributedCOM","10016","La configuración de permisos establecido de forma predeterminada en el equipo no concede el permiso Activación Local para la aplicación de servidor COM con CLSID 
{C2F03A33-21F5-47FA-B4BB-156362A2F239}
 y APPID 
{316CDED5-E4AE-4B15-9113-7055D84DCC97}
 al usuario NT AUTHORITY\LOCAL SERVICE con SID (S-1-5-19) en la dirección LocalHost (con LRPC) que se ejecuta en el contenedor de aplicaciones con SID No disponible (No disponible). Este permiso de seguridad se puede modificar mediante la herramienta administrativa Servicios de componentes."
"18/8/2025 8:45:53 p. m.","Advertencia","Microsoft-Windows-DistributedCOM","10016","La configuración de permisos específico de la aplicación no concede el permiso Activación Local para la aplicación de servidor COM con CLSID 
{6B3B8D23-FA8D-40B9-8DBD-B950333E2C52}
 y APPID 
{4839DDB7-58C2-48F5-8283-E1D1807D0D7D}
 al usuario NT AUTHORITY\LOCAL SERVICE con SID (S-1-5-19) en la dirección LocalHost (con LRPC) que se ejecuta en el contenedor de aplicaciones con SID No disponible (No disponible). Este permiso de seguridad se puede modificar mediante la herramienta administrativa Servicios de componentes."
"18/8/2025 8:45:53 p. m.","Advertencia","Microsoft-Windows-DistributedCOM","10016","La configuración de permisos establecido de forma predeterminada en el equipo no concede el permiso Activación Local para la aplicación de servidor COM con CLSID 
{C2F03A33-21F5-47FA-B4BB-156362A2F239}
 y APPID 
{316CDED5-E4AE-4B15-9113-7055D84DCC97}
 al usuario NT AUTHORITY\LOCAL SERVICE con SID (S-1-5-19) en la dirección LocalHost (con LRPC) que se ejecuta en el contenedor de aplicaciones con SID No disponible (No disponible). Este permiso de seguridad se puede modificar mediante la herramienta administrativa Servicios de componentes."
"18/8/2025 8:45:53 p. m.","Advertencia","Microsoft-Windows-DistributedCOM","10016","La configuración de permisos específico de la aplicación no concede el permiso Activación Local para la aplicación de servidor COM con CLSID 
{6B3B8D23-FA8D-40B9-8DBD-B950333E2C52}
 y APPID 
{4839DDB7-58C2-48F5-8283-E1D1807D0D7D}
 al usuario NT AUTHORITY\LOCAL SERVICE con SID (S-1-5-19) en la dirección LocalHost (con LRPC) que se ejecuta en el contenedor de aplicaciones con SID No disponible (No disponible). Este permiso de seguridad se puede modificar mediante la herramienta administrativa Servicios de componentes."
"18/8/2025 8:37:59 p. m.","Información","Microsoft-Windows-Kernel-Power","105","Cambio de fuente de energía."
"18/8/2025 8:24:56 p. m.","Información","nhi","9007","The driver entered RTD3.
 All the connected devices will be removed from driver's internal state, so it is expected that DeviceDisconnected events will happen."
"18/8/2025 8:24:51 p. m.","Información","nhi","9008","Driver exit RTD3.
 All the connected devices will now cause DeviceConnected events."
"18/8/2025 8:19:57 p. m.","Información","TPM","17","El hardware del Módulo de plataforma segura (TPM) no pudo ejecutar un comando de TPM."
"18/8/2025 8:19:57 p. m.","Información","TPM","17","El hardware del Módulo de plataforma segura (TPM) no pudo ejecutar un comando de TPM."
"18/8/2025 8:19:55 p. m.","Información","TPM","17","El hardware del Módulo de plataforma segura (TPM) no pudo ejecutar un comando de TPM."
