"19/8/2025 5:04:19 a. m.","Información","Microsoft-Windows-Kernel-Power","566","La sesión del sistema ha cambiado de 11 a 12.

Motivo 55 

BootId: 16"
"19/8/2025 5:04:19 a. m.","Información","Microsoft-Windows-Kernel-Power","507","El sistema está saliendo del modo de espera moderno 

motivo: Austerity Battery Drain Budget Exceeded. "
"19/8/2025 5:04:19 a. m.","Información","Microsoft-Windows-Kernel-Power","172","Estado de conectividad en modo de espera: Connected. Motivo: None"
"19/8/2025 5:04:19 a. m.","Información","Netwtw10","7026","7026 - Dump after return from D3 after cmd"
"19/8/2025 5:04:19 a. m.","Información","Netwtw10","7025","7025 - Dump after return from D3 before cmd "
"19/8/2025 4:43:51 a. m.","Información","Microsoft-Windows-Kernel-Power","172","Estado de conectividad en modo de espera: Disconnected. Motivo: Adaptive Connected Standby"
"19/8/2025 4:43:43 a. m.","Información","Microsoft-Windows-Kernel-Power","566","La sesión del sistema ha cambiado de 10 a 11.

Motivo InputMouse 

BootId: 16"
"19/8/2025 4:43:38 a. m.","Información","Microsoft-Windows-Kernel-Power","506","El sistema está entrando en el modo de espera moderno 

motivo: AC/DC Display Burst Suppressed. "
"19/8/2025 4:43:38 a. m.","Información","Microsoft-Windows-Kernel-Power","566","La sesión del sistema ha cambiado de 9 a 10.

Motivo InputMouse 

BootId: 16"
"19/8/2025 4:43:38 a. m.","Información","Microsoft-Windows-Kernel-Power","507","El sistema está saliendo del modo de espera moderno 

motivo: AC/DC Display Burst Suppressed. "
"19/8/2025 4:43:38 a. m.","Información","Microsoft-Windows-Kernel-Power","105","Cambio de fuente de energía."
"19/8/2025 4:43:34 a. m.","Información","Microsoft-Windows-Kernel-Power","566","La sesión del sistema ha cambiado de 8 a 9.

Motivo PolicyChange 

BootId: 16"
"19/8/2025 4:43:34 a. m.","Advertencia","Win32k","700","Administrador de energía solicitó la supresión de todas las entradas (INPUT_SUPPRESS_REQUEST = 1)"
"19/8/2025 4:43:34 a. m.","Advertencia","Win32k","700","Administrador de energía solicitó la supresión de todas las entradas (INPUT_SUPPRESS_REQUEST = 1)"
"19/8/2025 4:43:34 a. m.","Información","Microsoft-Windows-Kernel-Power","506","El sistema está entrando en el modo de espera moderno 

motivo: Lid. "
"19/8/2025 4:43:34 a. m.","Información","Microsoft-Windows-Kernel-Power","566","La sesión del sistema ha cambiado de 7 a 8.

Motivo PolicyChange 

BootId: 16"
"19/8/2025 3:59:25 a. m.","Información","Microsoft-Windows-IsolatedUserMode","2","Secure Trustlet Id 6 and Pid 21088 stopped with status STATUS_SUCCESS."
"19/8/2025 3:48:46 a. m.","Información","Microsoft-Windows-IsolatedUserMode","1","Secure Trustlet \??\C:\WINDOWS\System32\NgcIso.exe Id 6 and Pid 21088 started with status STATUS_SUCCESS."
"19/8/2025 3:48:46 a. m.","Información","Microsoft-Windows-IsolatedUserMode","5","Secure Trustlet NULL Id 0 and Pid 0 started with status STATUS_SUCCESS."
"19/8/2025 3:44:15 a. m.","Advertencia","Microsoft-Windows-DistributedCOM","10016","La configuración de permisos específico de la aplicación no concede el permiso Activación Local para la aplicación de servidor COM con CLSID 
{2593F8B9-4EAF-457C-B68A-50F6B8EA6B54}
 y APPID 
{15C20B67-12E7-4BB6-92BB-7AFF07997402}
 al usuario TICPC-05\PCTIC-05 con SID (S-1-5-21-72991934-2165796093-3938425774-1001) en la dirección LocalHost (con LRPC) que se ejecuta en el contenedor de aplicaciones con SID No disponible (No disponible). Este permiso de seguridad se puede modificar mediante la herramienta administrativa Servicios de componentes."
"19/8/2025 3:27:34 a. m.","Información","Microsoft-Windows-Kernel-Power","105","Cambio de fuente de energía."
"19/8/2025 3:12:00 a. m.","Advertencia","Netwtw10","6062","6062 - Lso was triggered"
"19/8/2025 3:11:59 a. m.","Información","Netwtw10","7021","7021 - Connection telemetry fields and analysis usage"
"19/8/2025 3:11:59 a. m.","Información","Microsoft-Windows-Kernel-Power","566","La sesión del sistema ha cambiado de 6 a 7.

Motivo PolicyChange 

BootId: 16"
"19/8/2025 3:11:59 a. m.","Información","Microsoft-Windows-Kernel-Power","507","El sistema está saliendo del modo de espera moderno 

motivo: Lid. "
"19/8/2025 3:11:58 a. m.","Información","Microsoft-Windows-Kernel-Power","172","Estado de conectividad en modo de espera: Connected. Motivo: None"
"19/8/2025 3:11:58 a. m.","Información","Netwtw10","7026","7026 - Dump after return from D3 after cmd"
"19/8/2025 3:11:58 a. m.","Información","Netwtw10","7025","7025 - Dump after return from D3 before cmd "
"19/8/2025 3:11:58 a. m.","Advertencia","Win32k","701","Administrador de energía no solicitó la supresión de todas las entradas (INPUT_SUPPRESS_REQUEST = 0)"
"19/8/2025 3:11:58 a. m.","Advertencia","Win32k","701","Administrador de energía no solicitó la supresión de todas las entradas (INPUT_SUPPRESS_REQUEST = 0)"
"19/8/2025 1:58:46 a. m.","Información","Microsoft-Windows-Kernel-Power","172","Estado de conectividad en modo de espera: Disconnected. Motivo: Policy Setting"
"19/8/2025 1:58:38 a. m.","Información","Microsoft-Windows-Kernel-Power","566","La sesión del sistema ha cambiado de 5 a 6.

Motivo 55 

BootId: 16"
"19/8/2025 1:58:33 a. m.","Información","Microsoft-Windows-Kernel-Power","506","El sistema está entrando en el modo de espera moderno 

motivo: Austerity Battery Drain Budget Exceeded. "
"19/8/2025 1:58:33 a. m.","Información","Microsoft-Windows-Kernel-Power","566","La sesión del sistema ha cambiado de 4 a 5.

Motivo 55 

BootId: 16"
"19/8/2025 1:58:33 a. m.","Información","Microsoft-Windows-Kernel-Power","507","El sistema está saliendo del modo de espera moderno 

motivo: Austerity Battery Drain Budget Exceeded. "
"19/8/2025 1:58:33 a. m.","Información","Microsoft-Windows-Kernel-Power","172","Estado de conectividad en modo de espera: Connected. Motivo: None"
"19/8/2025 1:58:33 a. m.","Información","Netwtw10","7026","7026 - Dump after return from D3 after cmd"
"19/8/2025 1:58:33 a. m.","Información","Netwtw10","7025","7025 - Dump after return from D3 before cmd "
"19/8/2025 1:44:23 a. m.","Información","nhi","9007","The driver entered RTD3.
 All the connected devices will be removed from driver's internal state, so it is expected that DeviceDisconnected events will happen."
"19/8/2025 1:41:07 a. m.","Información","Netwtw10","7026","7026 - Dump after return from D3 after cmd"
"19/8/2025 1:41:07 a. m.","Información","Netwtw10","7025","7025 - Dump after return from D3 before cmd "
"19/8/2025 1:40:50 a. m.","Información","Netwtw10","7026","7026 - Dump after return from D3 after cmd"
"19/8/2025 1:40:50 a. m.","Información","Netwtw10","7025","7025 - Dump after return from D3 before cmd "
"19/8/2025 1:40:50 a. m.","Información","nhi","9008","Driver exit RTD3.
 All the connected devices will now cause DeviceConnected events."
"19/8/2025 1:40:44 a. m.","Información","Microsoft-Windows-Kernel-Power","172","Estado de conectividad en modo de espera: Disconnected. Motivo: Adaptive Connected Standby"
"19/8/2025 1:40:37 a. m.","Información","Microsoft-Windows-Kernel-Power","566","La sesión del sistema ha cambiado de 3 a 4.

Motivo InputMouse 

BootId: 16"
"19/8/2025 1:40:35 a. m.","Advertencia","rt640x64","1","Realtek PCIe GbE Family Controller is disconnected from network."
"19/8/2025 1:40:32 a. m.","Información","Microsoft-Windows-Kernel-Power","506","El sistema está entrando en el modo de espera moderno 

motivo: AC/DC Display Burst Suppressed. "
"19/8/2025 1:40:32 a. m.","Información","Microsoft-Windows-Kernel-Power","566","La sesión del sistema ha cambiado de 2 a 3.

Motivo InputMouse 

BootId: 16"
"19/8/2025 1:40:32 a. m.","Información","Microsoft-Windows-Kernel-Power","507","El sistema está saliendo del modo de espera moderno 

motivo: AC/DC Display Burst Suppressed. "
"19/8/2025 1:40:32 a. m.","Información","Netwtw10","7026","7026 - Dump after return from D3 after cmd"
"19/8/2025 1:40:32 a. m.","Información","Netwtw10","7025","7025 - Dump after return from D3 before cmd "
"19/8/2025 1:40:32 a. m.","Información","Microsoft-Windows-Kernel-Power","105","Cambio de fuente de energía."
"19/8/2025 1:38:54 a. m.","Información","Netwtw10","7026","7026 - Dump after return from D3 after cmd"
"19/8/2025 1:38:54 a. m.","Información","Netwtw10","7025","7025 - Dump after return from D3 before cmd "
"19/8/2025 1:36:54 a. m.","Información","Netwtw10","7026","7026 - Dump after return from D3 after cmd"
"19/8/2025 1:36:54 a. m.","Información","Netwtw10","7025","7025 - Dump after return from D3 before cmd "
"19/8/2025 1:36:34 a. m.","Información","Microsoft-Windows-Kernel-General","1","La hora del sistema ha cambiado a ‎2025‎-‎08‎-‎19T05:36:34.544025400Z de ‎2025‎-‎08‎-‎19T05:36:34.543032600Z.
Diferencia horaria: 0 ms

Motivo del cambio: An application or system component changed the time.
Proceso: '\Device\HarddiskVolume3\Windows\System32\svchost.exe' (PID 15216).

Hora de RTC: ‎2025‎-‎08‎-‎19T01:36:34.544025400Z
Diferencia de zona horaria actual: 240
hora RTC es UTC: false
La hora del sistema se basaba en la hora RTC: false"
"19/8/2025 1:36:34 a. m.","Error","Microsoft-Windows-HAL","21","No se estableció el reloj en tiempo real de hardware debido a un error en la evaluación del método de dispositivo de alarma y hora ACPI.  Estado: 0xC00000BB."
"19/8/2025 1:36:34 a. m.","Error","Microsoft-Windows-HAL","20","No se consultó el reloj en tiempo real de hardware debido a un error en la evaluación del método de dispositivo de alarma y hora ACPI.  Estado: 0xC00000BB."
"19/8/2025 1:36:34 a. m.","Información","Microsoft-Windows-Kernel-General","24","La información de zona horaria se actualizó con el motivo de salida 0. La diferencia de zona horaria actual es 240."
"19/8/2025 1:36:34 a. m.","Información","Microsoft-Windows-Kernel-Power","566","La sesión del sistema ha cambiado de 1 a 2.

Motivo PolicyChange 

BootId: 16"
"19/8/2025 1:36:34 a. m.","Advertencia","Win32k","700","Administrador de energía solicitó la supresión de todas las entradas (INPUT_SUPPRESS_REQUEST = 1)"
"19/8/2025 1:36:34 a. m.","Advertencia","Win32k","700","Administrador de energía solicitó la supresión de todas las entradas (INPUT_SUPPRESS_REQUEST = 1)"
"19/8/2025 1:36:34 a. m.","Información","Microsoft-Windows-Kernel-Power","506","El sistema está entrando en el modo de espera moderno 

motivo: Lid. "
"19/8/2025 1:36:34 a. m.","Información","Microsoft-Windows-Kernel-Power","566","La sesión del sistema ha cambiado de 0 a 1.

Motivo PolicyChange 

BootId: 16"
"19/8/2025 1:09:00 a. m.","Información","Microsoft-Windows-Kernel-Power","105","Cambio de fuente de energía."
"19/8/2025 12:58:04 a. m.","Información","Microsoft-Windows-IsolatedUserMode","2","Secure Trustlet Id 6 and Pid 19068 stopped with status STATUS_SUCCESS."
"19/8/2025 12:56:35 a. m.","Advertencia","Microsoft-Windows-DistributedCOM","10016","La configuración de permisos específico de la aplicación no concede el permiso Activación Local para la aplicación de servidor COM con CLSID 
{2593F8B9-4EAF-457C-B68A-50F6B8EA6B54}
 y APPID 
{15C20B67-12E7-4BB6-92BB-7AFF07997402}
 al usuario TICPC-05\PCTIC-05 con SID (S-1-5-21-72991934-2165796093-3938425774-1001) en la dirección LocalHost (con LRPC) que se ejecuta en el contenedor de aplicaciones con SID No disponible (No disponible). Este permiso de seguridad se puede modificar mediante la herramienta administrativa Servicios de componentes."
"19/8/2025 12:51:02 a. m.","Información","Microsoft-Windows-IsolatedUserMode","1","Secure Trustlet \??\C:\WINDOWS\System32\NgcIso.exe Id 6 and Pid 19068 started with status STATUS_SUCCESS."
"19/8/2025 12:51:02 a. m.","Información","Microsoft-Windows-IsolatedUserMode","5","Secure Trustlet NULL Id 0 and Pid 0 started with status STATUS_SUCCESS."
"19/8/2025 12:29:28 a. m.","Información","Microsoft-Windows-Time-Service","35","El servicio de hora está sincronizando la hora del sistema con el origen de la hora time.windows.com,0x9 (ntp.m|0x9|0.0.0.0:123->40.119.6.228:123) con el id. de referencia 3825628968. El número de capa local actual es 4."
"19/8/2025 12:29:28 a. m.","Información","Microsoft-Windows-Time-Service","37","El proveedor de hora NtpClient está recibiendo datos de hora  válidos desde time.windows.com,0x9 (ntp.m|0x9|0.0.0.0:123->40.119.6.228:123)."
"19/8/2025 12:17:06 a. m.","Información","Service Control Manager","7040","El tipo de inicio del servicio Windows Modules Installer se cambió de inicio automático a inicio por solicitud."
"19/8/2025 12:15:18 a. m.","Información","Microsoft-Windows-Time-Service","158","El proveedor de hora 'VMICTimeProvider' ha indicado que el hardware y el entorno operativo actuales no son compatibles y se ha detenido. Este es un comportamiento esperado para VMICTimeProvider en entornos que no son invitados de HyperV. Este también podría ser el comportamiento esperado de este proveedor en el entorno operativo actual."
"18/8/2025 11:58:14 p. m.","Información","Microsoft-Windows-Time-Service","158","El proveedor de hora 'VMICTimeProvider' ha indicado que el hardware y el entorno operativo actuales no son compatibles y se ha detenido. Este es un comportamiento esperado para VMICTimeProvider en entornos que no son invitados de HyperV. Este también podría ser el comportamiento esperado de este proveedor en el entorno operativo actual."
"18/8/2025 11:56:17 p. m.","Información","Microsoft-Windows-Kernel-General","16","El historial de accesos en el subárbol \??\C:\ProgramData\Microsoft\Provisioning\Microsoft-Desktop-Provisioning-Sequence.dat se borró mediante la actualización de 0 claves y la creación de 0 páginas modificadas."
"18/8/2025 11:53:06 p. m.","Información","Service Control Manager","7040","El tipo de inicio del servicio Windows Modules Installer se cambió de inicio por solicitud a inicio automático."
"18/8/2025 11:47:59 p. m.","Información","Microsoft-Windows-HttpService","117","Eliminar 0xFD00000120000001 de grupo de direcciones URL. Estado 0x0. Id. de proceso 0xB80 ruta de acceso ejecutable \Device\HarddiskVolume3\Program Files\Microsoft Visual Studio\2022\Community\Common7\IDE\devenv.exe, S-1-5-21-72991934-2165796093-3938425774-1001  de usuario"
"18/8/2025 11:47:59 p. m.","Información","Microsoft-Windows-HttpService","114","Se quitó la dirección URL (http://localhost:50921/57c43cecf9f142b6bb23b1b09b5fa05c/) del grupo de direcciones URL (0xFD00000120000001). Id. de proceso 0xB80 ruta de acceso ejecutable \Device\HarddiskVolume3\Program Files\Microsoft Visual Studio\2022\Community\Common7\IDE\devenv.exe, S-1-5-21-72991934-2165796093-3938425774-1001  de usuario"
"18/8/2025 11:47:59 p. m.","Información","Microsoft-Windows-HttpService","114","Se quitó la dirección URL (http://localhost:50921/982ec0d73bca49ee8461906b72f7b824/) del grupo de direcciones URL (0xFD00000120000001). Id. de proceso 0xB80 ruta de acceso ejecutable \Device\HarddiskVolume3\Program Files\Microsoft Visual Studio\2022\Community\Common7\IDE\devenv.exe, S-1-5-21-72991934-2165796093-3938425774-1001  de usuario"
"18/8/2025 11:47:59 p. m.","Información","Microsoft-Windows-HttpService","114","Se quitó la dirección URL (https://localhost:44399/57c43cecf9f142b6bb23b1b09b5fa05c/) del grupo de direcciones URL (0xFD00000120000001). Id. de proceso 0xB80 ruta de acceso ejecutable \Device\HarddiskVolume3\Program Files\Microsoft Visual Studio\2022\Community\Common7\IDE\devenv.exe, S-1-5-21-72991934-2165796093-3938425774-1001  de usuario"
"18/8/2025 11:47:59 p. m.","Información","Microsoft-Windows-HttpService","114","Se quitó la dirección URL (https://localhost:44399/982ec0d73bca49ee8461906b72f7b824/) del grupo de direcciones URL (0xFD00000120000001). Id. de proceso 0xB80 ruta de acceso ejecutable \Device\HarddiskVolume3\Program Files\Microsoft Visual Studio\2022\Community\Common7\IDE\devenv.exe, S-1-5-21-72991934-2165796093-3938425774-1001  de usuario"
"18/8/2025 11:47:57 p. m.","Información","Microsoft-Windows-HttpService","117","Eliminar 0xFF00000120000001 de grupo de direcciones URL. Estado 0x0. Id. de proceso 0xB80 ruta de acceso ejecutable \Device\HarddiskVolume3\Program Files\Microsoft Visual Studio\2022\Community\Common7\IDE\devenv.exe, S-1-5-21-72991934-2165796093-3938425774-1001  de usuario"
"18/8/2025 11:47:57 p. m.","Información","Microsoft-Windows-HttpService","114","Se quitó la dirección URL (https://localhost:44347/FinalParalela/) del grupo de direcciones URL (0xFF00000120000001). Id. de proceso 0xB80 ruta de acceso ejecutable \Device\HarddiskVolume3\Program Files\Microsoft Visual Studio\2022\Community\Common7\IDE\devenv.exe, S-1-5-21-72991934-2165796093-3938425774-1001  de usuario"
"18/8/2025 11:47:57 p. m.","Información","Microsoft-Windows-HttpService","114","Se quitó la dirección URL (http://localhost:50864/FinalParalela/) del grupo de direcciones URL (0xFF00000120000001). Id. de proceso 0xB80 ruta de acceso ejecutable \Device\HarddiskVolume3\Program Files\Microsoft Visual Studio\2022\Community\Common7\IDE\devenv.exe, S-1-5-21-72991934-2165796093-3938425774-1001  de usuario"
"18/8/2025 11:46:20 p. m.","Información","Service Control Manager","7040","El tipo de inicio del servicio Windows Modules Installer se cambió de inicio automático a inicio por solicitud."
"18/8/2025 11:46:07 p. m.","Información","Service Control Manager","7040","El tipo de inicio del servicio Windows Modules Installer se cambió de inicio por solicitud a inicio automático."
"18/8/2025 11:45:56 p. m.","Información","Service Control Manager","7040","El tipo de inicio del servicio Windows Modules Installer se cambió de inicio automático a inicio por solicitud."
"18/8/2025 11:41:10 p. m.","Información","Microsoft-Windows-Time-Service","158","El proveedor de hora 'VMICTimeProvider' ha indicado que el hardware y el entorno operativo actuales no son compatibles y se ha detenido. Este es un comportamiento esperado para VMICTimeProvider en entornos que no son invitados de HyperV. Este también podría ser el comportamiento esperado de este proveedor en el entorno operativo actual."
"18/8/2025 11:31:56 p. m.","Información","Microsoft-Windows-WindowsUpdateClient","44","Windows Update comenzó a descargar una actualización."
"18/8/2025 11:31:29 p. m.","Información","Service Control Manager","7040","El tipo de inicio del servicio Windows Modules Installer se cambió de inicio por solicitud a inicio automático."
"18/8/2025 11:31:16 p. m.","Información","Microsoft-Windows-IsolatedUserMode","2","Secure Trustlet Id 6 and Pid 17852 stopped with status STATUS_SUCCESS."
"18/8/2025 11:24:40 p. m.","Información","Service Control Manager","7040","El tipo de inicio del servicio Servicio de transferencia inteligente en segundo plano (BITS) se cambió de inicio por solicitud a inicio automático."
"18/8/2025 11:24:13 p. m.","Información","Microsoft-Windows-IsolatedUserMode","1","Secure Trustlet \??\C:\WINDOWS\System32\NgcIso.exe Id 6 and Pid 17852 started with status STATUS_SUCCESS."
"18/8/2025 11:24:13 p. m.","Información","Microsoft-Windows-IsolatedUserMode","5","Secure Trustlet NULL Id 0 and Pid 0 started with status STATUS_SUCCESS."
"18/8/2025 11:24:06 p. m.","Información","Microsoft-Windows-Time-Service","158","El proveedor de hora 'VMICTimeProvider' ha indicado que el hardware y el entorno operativo actuales no son compatibles y se ha detenido. Este es un comportamiento esperado para VMICTimeProvider en entornos que no son invitados de HyperV. Este también podría ser el comportamiento esperado de este proveedor en el entorno operativo actual."
"18/8/2025 11:23:58 p. m.","Información","Microsoft-Windows-HttpService","113","Se intentó agregar la dirección URL (http://localhost:50921/57c43cecf9f142b6bb23b1b09b5fa05c/) al grupo de direcciones URL (0xFD00000120000001). Estado: 0x0. Id. de proceso 0xB80 ruta de acceso ejecutable \Device\HarddiskVolume3\Program Files\Microsoft Visual Studio\2022\Community\Common7\IDE\devenv.exe, S-1-5-21-72991934-2165796093-3938425774-1001  de usuario"
"18/8/2025 11:23:58 p. m.","Información","Microsoft-Windows-HttpService","113","Se intentó agregar la dirección URL (http://localhost:50921/982ec0d73bca49ee8461906b72f7b824/) al grupo de direcciones URL (0xFD00000120000001). Estado: 0x0. Id. de proceso 0xB80 ruta de acceso ejecutable \Device\HarddiskVolume3\Program Files\Microsoft Visual Studio\2022\Community\Common7\IDE\devenv.exe, S-1-5-21-72991934-2165796093-3938425774-1001  de usuario"
"18/8/2025 11:23:58 p. m.","Información","Microsoft-Windows-HttpService","113","Se intentó agregar la dirección URL (https://localhost:44399/57c43cecf9f142b6bb23b1b09b5fa05c/) al grupo de direcciones URL (0xFD00000120000001). Estado: 0x0. Id. de proceso 0xB80 ruta de acceso ejecutable \Device\HarddiskVolume3\Program Files\Microsoft Visual Studio\2022\Community\Common7\IDE\devenv.exe, S-1-5-21-72991934-2165796093-3938425774-1001  de usuario"
"18/8/2025 11:23:58 p. m.","Información","Microsoft-Windows-HttpService","113","Se intentó agregar la dirección URL (https://localhost:44399/982ec0d73bca49ee8461906b72f7b824/) al grupo de direcciones URL (0xFD00000120000001). Estado: 0x0. Id. de proceso 0xB80 ruta de acceso ejecutable \Device\HarddiskVolume3\Program Files\Microsoft Visual Studio\2022\Community\Common7\IDE\devenv.exe, S-1-5-21-72991934-2165796093-3938425774-1001  de usuario"
"18/8/2025 11:23:58 p. m.","Información","Microsoft-Windows-HttpService","111","Crear grupo de direcciones URL 0xFD00000120000001. Estado 0x0. Id. de proceso 0xB80 ruta de acceso ejecutable \Device\HarddiskVolume3\Program Files\Microsoft Visual Studio\2022\Community\Common7\IDE\devenv.exe, S-1-5-21-72991934-2165796093-3938425774-1001  de usuario"
"18/8/2025 11:23:38 p. m.","Información","Microsoft-Windows-HttpService","113","Se intentó agregar la dirección URL (https://localhost:44347/FinalParalela/) al grupo de direcciones URL (0xFF00000120000001). Estado: 0x0. Id. de proceso 0xB80 ruta de acceso ejecutable \Device\HarddiskVolume3\Program Files\Microsoft Visual Studio\2022\Community\Common7\IDE\devenv.exe, S-1-5-21-72991934-2165796093-3938425774-1001  de usuario"
"18/8/2025 11:23:38 p. m.","Información","Microsoft-Windows-HttpService","113","Se intentó agregar la dirección URL (http://localhost:50864/FinalParalela/) al grupo de direcciones URL (0xFF00000120000001). Estado: 0x0. Id. de proceso 0xB80 ruta de acceso ejecutable \Device\HarddiskVolume3\Program Files\Microsoft Visual Studio\2022\Community\Common7\IDE\devenv.exe, S-1-5-21-72991934-2165796093-3938425774-1001  de usuario"
"18/8/2025 11:23:38 p. m.","Información","Microsoft-Windows-HttpService","111","Crear grupo de direcciones URL 0xFF00000120000001. Estado 0x0. Id. de proceso 0xB80 ruta de acceso ejecutable \Device\HarddiskVolume3\Program Files\Microsoft Visual Studio\2022\Community\Common7\IDE\devenv.exe, S-1-5-21-72991934-2165796093-3938425774-1001  de usuario"
"18/8/2025 11:13:47 p. m.","Información","Microsoft-Windows-Kernel-Power","105","Cambio de fuente de energía."
"18/8/2025 11:12:18 p. m.","Advertencia","Microsoft-Windows-DistributedCOM","10016","La configuración de permisos establecido de forma predeterminada en el equipo no concede el permiso Activación Local para la aplicación de servidor COM con CLSID 
{C2F03A33-21F5-47FA-B4BB-156362A2F239}
 y APPID 
{316CDED5-E4AE-4B15-9113-7055D84DCC97}
 al usuario NT AUTHORITY\LOCAL SERVICE con SID (S-1-5-19) en la dirección LocalHost (con LRPC) que se ejecuta en el contenedor de aplicaciones con SID No disponible (No disponible). Este permiso de seguridad se puede modificar mediante la herramienta administrativa Servicios de componentes."
"18/8/2025 11:12:18 p. m.","Advertencia","Microsoft-Windows-DistributedCOM","10016","La configuración de permisos específico de la aplicación no concede el permiso Activación Local para la aplicación de servidor COM con CLSID 
{6B3B8D23-FA8D-40B9-8DBD-B950333E2C52}
 y APPID 
{4839DDB7-58C2-48F5-8283-E1D1807D0D7D}
 al usuario NT AUTHORITY\LOCAL SERVICE con SID (S-1-5-19) en la dirección LocalHost (con LRPC) que se ejecuta en el contenedor de aplicaciones con SID No disponible (No disponible). Este permiso de seguridad se puede modificar mediante la herramienta administrativa Servicios de componentes."
"18/8/2025 11:12:18 p. m.","Advertencia","Microsoft-Windows-DistributedCOM","10016","La configuración de permisos establecido de forma predeterminada en el equipo no concede el permiso Activación Local para la aplicación de servidor COM con CLSID 
{C2F03A33-21F5-47FA-B4BB-156362A2F239}
 y APPID 
{316CDED5-E4AE-4B15-9113-7055D84DCC97}
 al usuario NT AUTHORITY\LOCAL SERVICE con SID (S-1-5-19) en la dirección LocalHost (con LRPC) que se ejecuta en el contenedor de aplicaciones con SID No disponible (No disponible). Este permiso de seguridad se puede modificar mediante la herramienta administrativa Servicios de componentes."
"18/8/2025 11:12:18 p. m.","Advertencia","Microsoft-Windows-DistributedCOM","10016","La configuración de permisos específico de la aplicación no concede el permiso Activación Local para la aplicación de servidor COM con CLSID 
{6B3B8D23-FA8D-40B9-8DBD-B950333E2C52}
 y APPID 
{4839DDB7-58C2-48F5-8283-E1D1807D0D7D}
 al usuario NT AUTHORITY\LOCAL SERVICE con SID (S-1-5-19) en la dirección LocalHost (con LRPC) que se ejecuta en el contenedor de aplicaciones con SID No disponible (No disponible). Este permiso de seguridad se puede modificar mediante la herramienta administrativa Servicios de componentes."
"18/8/2025 11:09:45 p. m.","Información","Microsoft-Windows-IsolatedUserMode","2","Secure Trustlet Id 6 and Pid 7196 stopped with status STATUS_SUCCESS."
"18/8/2025 11:08:28 p. m.","Información","Service Control Manager","7040","El tipo de inicio del servicio Servicio de transferencia inteligente en segundo plano (BITS) se cambió de inicio automático a inicio por solicitud."
"18/8/2025 11:06:56 p. m.","Información","TPM","17","El hardware del Módulo de plataforma segura (TPM) no pudo ejecutar un comando de TPM."
"18/8/2025 11:06:56 p. m.","Información","TPM","17","El hardware del Módulo de plataforma segura (TPM) no pudo ejecutar un comando de TPM."
"18/8/2025 11:06:55 p. m.","Información","TPM","17","El hardware del Módulo de plataforma segura (TPM) no pudo ejecutar un comando de TPM."
"18/8/2025 11:06:46 p. m.","Advertencia","Microsoft-Windows-DistributedCOM","10016","La configuración de permisos específico de la aplicación no concede el permiso Iniciar Local para la aplicación de servidor COM con CLSID 
Windows.SecurityCenter.WscDataProtection
 y APPID 
No disponible
 al usuario NT AUTHORITY\SYSTEM con SID (S-1-5-18) en la dirección LocalHost (con LRPC) que se ejecuta en el contenedor de aplicaciones con SID No disponible (No disponible). Este permiso de seguridad se puede modificar mediante la herramienta administrativa Servicios de componentes."
"18/8/2025 11:06:46 p. m.","Advertencia","Microsoft-Windows-DistributedCOM","10016","La configuración de permisos específico de la aplicación no concede el permiso Iniciar Local para la aplicación de servidor COM con CLSID 
Windows.SecurityCenter.SecurityAppBroker
 y APPID 
No disponible
 al usuario NT AUTHORITY\SYSTEM con SID (S-1-5-18) en la dirección LocalHost (con LRPC) que se ejecuta en el contenedor de aplicaciones con SID No disponible (No disponible). Este permiso de seguridad se puede modificar mediante la herramienta administrativa Servicios de componentes."
"18/8/2025 11:06:46 p. m.","Advertencia","Microsoft-Windows-DistributedCOM","10016","La configuración de permisos específico de la aplicación no concede el permiso Iniciar Local para la aplicación de servidor COM con CLSID 
Windows.SecurityCenter.WscBrokerManager
 y APPID 
No disponible
 al usuario NT AUTHORITY\SYSTEM con SID (S-1-5-18) en la dirección LocalHost (con LRPC) que se ejecuta en el contenedor de aplicaciones con SID No disponible (No disponible). Este permiso de seguridad se puede modificar mediante la herramienta administrativa Servicios de componentes."
"18/8/2025 11:06:46 p. m.","Información","Microsoft-Windows-Time-Service","158","El proveedor de hora 'VMICTimeProvider' ha indicado que el hardware y el entorno operativo actuales no son compatibles y se ha detenido. Este es un comportamiento esperado para VMICTimeProvider en entornos que no son invitados de HyperV. Este también podría ser el comportamiento esperado de este proveedor en el entorno operativo actual."
"18/8/2025 11:05:30 p. m.","Información","TPM","17","El hardware del Módulo de plataforma segura (TPM) no pudo ejecutar un comando de TPM."
"18/8/2025 11:05:30 p. m.","Información","TPM","17","El hardware del Módulo de plataforma segura (TPM) no pudo ejecutar un comando de TPM."
"18/8/2025 11:05:29 p. m.","Información","TPM","17","El hardware del Módulo de plataforma segura (TPM) no pudo ejecutar un comando de TPM."
"18/8/2025 11:05:26 p. m.","Advertencia","Microsoft-Windows-DistributedCOM","10016","La configuración de permisos específico de la aplicación no concede el permiso Activación Local para la aplicación de servidor COM con CLSID 
{2593F8B9-4EAF-457C-B68A-50F6B8EA6B54}
 y APPID 
{15C20B67-12E7-4BB6-92BB-7AFF07997402}
 al usuario TICPC-05\PCTIC-05 con SID (S-1-5-21-72991934-2165796093-3938425774-1001) en la dirección LocalHost (con LRPC) que se ejecuta en el contenedor de aplicaciones con SID MSTeams_25198.1109.3837.4725_x64__8wekyb3d8bbwe (No disponible). Este permiso de seguridad se puede modificar mediante la herramienta administrativa Servicios de componentes."
"18/8/2025 11:05:13 p. m.","Información","Microsoft-Windows-Kernel-General","16","El historial de accesos en el subárbol \??\C:\ProgramData\Packages\MSTeams_8wekyb3d8bbwe\S-1-5-21-72991934-2165796093-3938425774-1001\SystemAppData\Helium\Cache\cecb329ad4a8acb_COM15.dat se borró mediante la actualización de 1 claves y la creación de 1 páginas modificadas."
"18/8/2025 11:05:11 p. m.","Advertencia","Microsoft-Windows-DistributedCOM","10016","La configuración de permisos específico de la aplicación no concede el permiso Iniciar Local para la aplicación de servidor COM con CLSID 
Windows.SecurityCenter.WscCloudBackupProvider
 y APPID 
No disponible
 al usuario TICPC-05\PCTIC-05 con SID (S-1-5-21-72991934-2165796093-3938425774-1001) en la dirección LocalHost (con LRPC) que se ejecuta en el contenedor de aplicaciones con SID No disponible (No disponible). Este permiso de seguridad se puede modificar mediante la herramienta administrativa Servicios de componentes."
"18/8/2025 11:05:10 p. m.","Advertencia","Microsoft-Windows-DistributedCOM","10016","La configuración de permisos específico de la aplicación no concede el permiso Iniciar Local para la aplicación de servidor COM con CLSID 
Windows.SecurityCenter.WscCloudBackupProvider
 y APPID 
No disponible
 al usuario TICPC-05\PCTIC-05 con SID (S-1-5-21-72991934-2165796093-3938425774-1001) en la dirección LocalHost (con LRPC) que se ejecuta en el contenedor de aplicaciones con SID No disponible (No disponible). Este permiso de seguridad se puede modificar mediante la herramienta administrativa Servicios de componentes."
"18/8/2025 11:05:10 p. m.","Información","Microsoft-Windows-Kernel-General","16","El historial de accesos en el subárbol \??\C:\Users\PCTIC-05\AppData\Local\Packages\MicrosoftWindows.CrossDevice_cw5n1h2txyewy\Settings\settings.dat se borró mediante la actualización de 32 claves y la creación de 6 páginas modificadas."
"18/8/2025 11:05:09 p. m.","Información","Microsoft-Windows-Kernel-General","16","El historial de accesos en el subárbol \??\C:\ProgramData\Packages\MicrosoftWindows.CrossDevice_cw5n1h2txyewy\S-1-5-21-72991934-2165796093-3938425774-1001\SystemAppData\Helium\Cache\955b2c2509f7634c_COM15.dat se borró mediante la actualización de 1 claves y la creación de 1 páginas modificadas."
"18/8/2025 11:05:09 p. m.","Información","Microsoft-Windows-Kernel-General","16","El historial de accesos en el subárbol \??\C:\Users\PCTIC-05\AppData\Local\Packages\MicrosoftWindows.CrossDevice_cw5n1h2txyewy\SystemAppData\Helium\UserClasses.dat se borró mediante la actualización de 3 claves y la creación de 1 páginas modificadas."
"18/8/2025 11:05:09 p. m.","Información","Microsoft-Windows-Kernel-General","16","El historial de accesos en el subárbol \??\C:\Users\PCTIC-05\AppData\Local\Packages\MicrosoftWindows.CrossDevice_cw5n1h2txyewy\SystemAppData\Helium\User.dat se borró mediante la actualización de 1 claves y la creación de 1 páginas modificadas."
"18/8/2025 11:05:09 p. m.","Información","TPM","17","El hardware del Módulo de plataforma segura (TPM) no pudo ejecutar un comando de TPM."
"18/8/2025 11:05:09 p. m.","Información","TPM","17","El hardware del Módulo de plataforma segura (TPM) no pudo ejecutar un comando de TPM."
"18/8/2025 11:05:08 p. m.","Información","TPM","17","El hardware del Módulo de plataforma segura (TPM) no pudo ejecutar un comando de TPM."
"18/8/2025 11:05:07 p. m.","Información","Microsoft-Windows-IsolatedUserMode","5","Secure Trustlet NULL Id 0 and Pid 0 started with status STATUS_SUCCESS."
"18/8/2025 11:04:57 p. m.","Información","TPM","17","El hardware del Módulo de plataforma segura (TPM) no pudo ejecutar un comando de TPM."
"18/8/2025 11:04:55 p. m.","Información","Microsoft-Windows-Kernel-General","16","El historial de accesos en el subárbol \??\C:\Users\PCTIC-05\AppData\Local\Packages\Microsoft.YourPhone_8wekyb3d8bbwe\SystemAppData\Helium\User.dat se borró mediante la actualización de 1 claves y la creación de 1 páginas modificadas."
"18/8/2025 11:04:54 p. m.","Información","Microsoft-Windows-Kernel-General","16","El historial de accesos en el subárbol \??\C:\Users\PCTIC-05\AppData\Local\Packages\Microsoft.YourPhone_8wekyb3d8bbwe\Settings\settings.dat se borró mediante la actualización de 46 claves y la creación de 5 páginas modificadas."
"18/8/2025 11:04:54 p. m.","Información","Microsoft-Windows-Hyper-V-VmSwitch","232","NIC C08CB7B8-9B3C-408E-8E30-5E16A3AEB445 (Friendly Name: Default Switch) successfully connected to port C08CB7B8-9B3C-408E-8E30-5E16A3AEB445 (Friendly Name: Host Vnic C08CB7B8-9B3C-408E-8E30-5E16A3AEB444) on switch C08CB7B8-9B3C-408E-8E30-5E16A3AEB444(Friendly Name: Default Switch)."
"18/8/2025 11:04:54 p. m.","Información","Microsoft-Windows-Hyper-V-VmSwitch","7","Miniport NIC C08CB7B8-9B3C-408E-8E30-5E16A3AEB445 (Friendly Name: Default Switch) successfully initialized."
"18/8/2025 11:04:54 p. m.","Información","Microsoft-Windows-Hyper-V-VmSwitch","291","Descarga de RSC modificada para la C08CB7B8-9B3C-408E-8E30-5E16A3AEB445 NIC (nombre descriptivo: Default Switch) IPv4 anterior: Deshabilitado, IPv4 actual: Deshabilitado, IPv6 anterior: Deshabilitado, IPv6 actual: Deshabilitado. Motivo: Inicio de NIC"
"18/8/2025 11:04:54 p. m.","Información","Microsoft-Windows-Hyper-V-VmSwitch","233","La operación ' Create ' se realizó correctamente en la NIC C08CB7B8-9B3C-408E-8E30-5E16A3AEB445 (nombre descriptivo: Default Switch) e ID. de instancia {00000000-0000-0000-0000-000000000000}. "
"18/8/2025 11:04:54 p. m.","Información","Microsoft-Windows-Hyper-V-VmSwitch","291","Descarga de RSC modificada para la C08CB7B8-9B3C-408E-8E30-5E16A3AEB445 NIC (nombre descriptivo: Default Switch) IPv4 anterior: Deshabilitado, IPv4 actual: Deshabilitado, IPv6 anterior: Deshabilitado, IPv6 actual: Deshabilitado. Motivo: Creación de NIC"
"18/8/2025 11:04:54 p. m.","Información","Microsoft-Windows-Hyper-V-VmSwitch","264","El C08CB7B8-9B3C-408E-8E30-5E16A3AEB445 de puerto interno o externo (nombre descriptivo: Host Vnic C08CB7B8-9B3C-408E-8E30-5E16A3AEB444) se creó correctamente en el conmutador C08CB7B8-9B3C-408E-8E30-5E16A3AEB444 (nombre descriptivo: Default Switch)."
"18/8/2025 11:04:54 p. m.","Información","Microsoft-Windows-Hyper-V-VmSwitch","292","Descarga de RSC modificada para el puerto C08CB7B8-9B3C-408E-8E30-5E16A3AEB445 (nombre descriptivo: Host Vnic C08CB7B8-9B3C-408E-8E30-5E16A3AEB444) Anterior: Deshabilitado, actual: Habilitado. Motivo: Creación de puertos"
"18/8/2025 11:04:53 p. m.","Información","Microsoft-Windows-Hyper-V-VmSwitch","9","Switch C08CB7B8-9B3C-408E-8E30-5E16A3AEB444 (Friendly Name: Default Switch) successfully initialized."
"18/8/2025 11:04:53 p. m.","Información","Microsoft-Windows-Hyper-V-VmSwitch","232","NIC C08CB7B8-9B3C-408E-8E30-5E16A3AEB444 (Friendly Name: Default Switch) successfully connected to port C08CB7B8-9B3C-408E-8E30-5E16A3AEB444 (Friendly Name: Default Switch) on switch C08CB7B8-9B3C-408E-8E30-5E16A3AEB444(Friendly Name: Default Switch)."
"18/8/2025 11:04:53 p. m.","Información","Microsoft-Windows-Hyper-V-VmSwitch","233","La operación ' Create ' se realizó correctamente en la NIC C08CB7B8-9B3C-408E-8E30-5E16A3AEB444 (nombre descriptivo: Default Switch) e ID. de instancia {00000000-0000-0000-0000-000000000000}. "
"18/8/2025 11:04:53 p. m.","Información","Microsoft-Windows-Hyper-V-VmSwitch","291","Descarga de RSC modificada para la C08CB7B8-9B3C-408E-8E30-5E16A3AEB444 NIC (nombre descriptivo: Default Switch) IPv4 anterior: Deshabilitado, IPv4 actual: Deshabilitado, IPv6 anterior: Deshabilitado, IPv6 actual: Deshabilitado. Motivo: Creación de NIC"
"18/8/2025 11:04:53 p. m.","Información","Microsoft-Windows-Hyper-V-VmSwitch","67","El C08CB7B8-9B3C-408E-8E30-5E16A3AEB444 de puerto (nombre descriptivo: Default Switch) se creó correctamente en el conmutador C08CB7B8-9B3C-408E-8E30-5E16A3AEB444 (nombre descriptivo: Default Switch)."
"18/8/2025 11:04:53 p. m.","Información","Microsoft-Windows-Hyper-V-VmSwitch","292","Descarga de RSC modificada para el puerto C08CB7B8-9B3C-408E-8E30-5E16A3AEB444 (nombre descriptivo: Default Switch) Anterior: Deshabilitado, actual: Habilitado. Motivo: Creación de puertos"
"18/8/2025 11:04:53 p. m.","Advertencia","Netwtw10","6062","6062 - Lso was triggered"
"18/8/2025 11:04:52 p. m.","Información","Microsoft-Windows-TPM-WMI","1025","El TPM se aprovisionó correctamente y está listo para su uso."
"18/8/2025 11:04:49 p. m.","Información","Microsoft-Windows-Hyper-V-VmSwitch","233","La operación ' Delete ' se realizó correctamente en la NIC C08CB7B8-9B3C-408E-8E30-5E16A3AEB445 (nombre descriptivo: Default Switch) e ID. de instancia {770a32ba-4017-4293-b7a7-59e23aa2ba32}. "
"18/8/2025 11:04:49 p. m.","Información","Microsoft-Windows-TPM-WMI","1282","Se generó el identificador de dispositivos TBS."
"18/8/2025 11:04:48 p. m.","Información","Netwtw10","7021","7021 - Connection telemetry fields and analysis usage"
"18/8/2025 11:04:45 p. m.","Error","Service Control Manager","7031","El servicio Windows Search terminó inesperadamente. Esto se ha repetido 1 veces. Se realizará la siguiente acción correctora en 30000 milisegundos: Reiniciar el servicio."
"18/8/2025 11:04:45 p. m.","Error","Service Control Manager","7023","El servicio Windows Search se cerró con el siguiente error: 
Una sesión de inicio especificada no existe. Es posible que haya finalizado."
"18/8/2025 11:04:45 p. m.","Información","Microsoft-Windows-IsolatedUserMode","1","Secure Trustlet \??\C:\WINDOWS\System32\NgcIso.exe Id 6 and Pid 7196 started with status STATUS_SUCCESS."
"18/8/2025 11:04:45 p. m.","Información","Microsoft-Windows-IsolatedUserMode","5","Secure Trustlet NULL Id 0 and Pid 0 started with status STATUS_SUCCESS."
"18/8/2025 11:04:45 p. m.","Información","Microsoft-Windows-WLAN-AutoConfig","10001","El módulo de extensibilidad de WLAN se inició correctamente.

Ruta de acceso del módulo: C:\WINDOWS\system32\IntelIHVRouter10.dll
"
"18/8/2025 11:04:44 p. m.","Información","Microsoft-Windows-WLAN-AutoConfig","4000","El servicio de Configuración automática de WLAN se inició correctamente.
"
"18/8/2025 11:04:44 p. m.","Información","TPM","18","Este evento desencadena que se ejecute la comprobación de estado/aprovisionamiento del Módulo de plataforma segura (TPM)."
"18/8/2025 11:04:42 p. m.","Información","nhi","9007","The driver entered RTD3.
 All the connected devices will be removed from driver's internal state, so it is expected that DeviceDisconnected events will happen."
"18/8/2025 11:04:40 p. m.","Información","Microsoft-Windows-Winlogon","7001","Notificación de inicio de sesión de usuario para el Programa para la mejora de la experiencia del usuario"
"18/8/2025 11:04:38 p. m.","Información","Microsoft-Windows-UserModePowerService","12","El proceso C:\Windows\System32\DriverStore\FileRepository\dptf_cpu.inf_amd64_897ea327b3fe52f7\esif_uf.exe (identificador de proceso:4592) restableció el esquema de directivas de {381b4222-f694-41f0-9685-ff5bb260df2e} a {381b4222-f694-41f0-9685-ff5bb260df2e}"
"18/8/2025 11:04:38 p. m.","Información","Microsoft-Windows-TPM-WMI","1038","Las comprobaciones de estado de la atestación previa confirman que se espera que el dispositivo supere la atestación.
 Consulte C:\WINDOWS\Logs\MeasuredBoot\0000000037-0000000000.json para obtener información detallada sobre las comprobaciones realizadas."
"18/8/2025 11:04:38 p. m.","Información","Microsoft-Windows-TPM-WMI","1041","Información detallada sobre la comprobación del estado de la atestación previa: {""Version"":1,""HealthStatus"":""Attestable"",""Required"":[{""Field"":""TpmPresent"",""Value"":true,""DesiredValue"":true},{""Field"":""TpmMeetsMinimumVersion"",""Value"":true,""DesiredValue"":true},{""Field"":""TpmIsResponsive"",""Value"":true,""DesiredValue"":true},{""Field"":""EkCertIsAvailable"",""Value"":true,""DesiredValue"":true},{""Field"":""TcgLogFound"",""Value"":true,""DesiredValue"":true}],""Expected"":[{""Field"":""PcrsMatchTcgLog"",""Value"":true,""DesiredValue"":true}],""Informational"":[{""Field"":""SecureBootEnabled"",""ValueFromComputer"":true,""ValueFromTcgLog"":true,""DesiredValue"":true,""TcgValueIsVerifiable"":true},{""Field"":""VirtualSecureMemory"",""ValueFromComputer"":false,""ValueFromTcgLog"":false,""DesiredValue"":true,""TcgValueIsVerifiable"":true},{""Field"":""SecureCorePCCompliant"",""ValueFromComputer"":false,""ValueFromTcgLog"":false,""DesiredValue"":true,""TcgValueIsVerifiable"":true}]}"
"18/8/2025 11:04:38 p. m.","Información","Microsoft-Windows-UserModePowerService","12","El proceso C:\Windows\System32\DriverStore\FileRepository\dptf_cpu.inf_amd64_897ea327b3fe52f7\esif_uf.exe (identificador de proceso:4592) restableció el esquema de directivas de {381b4222-f694-41f0-9685-ff5bb260df2e} a {381b4222-f694-41f0-9685-ff5bb260df2e}"
"18/8/2025 11:04:38 p. m.","Información","Microsoft-Windows-Hyper-V-VmSwitch","62","El conmutador C08CB7B8-9B3C-408E-8E30-5E16A3AEB444 (nombre descriptivo: Default Switch) se ha eliminado correctamente."
"18/8/2025 11:04:38 p. m.","Información","Microsoft-Windows-Hyper-V-VmSwitch","233","La operación ' Delete ' se realizó correctamente en la NIC C08CB7B8-9B3C-408E-8E30-5E16A3AEB444 (nombre descriptivo: Default Switch) e ID. de instancia {00000000-0000-0000-0000-000000000000}. "
"18/8/2025 11:04:38 p. m.","Información","Microsoft-Windows-Hyper-V-VmSwitch","71","Eliminación completada para el C08CB7B8-9B3C-408E-8E30-5E16A3AEB444 de puerto (nombre descriptivo: Default Switch)."
"18/8/2025 11:04:38 p. m.","Información","Microsoft-Windows-Hyper-V-VmSwitch","71","Eliminación completada para el C08CB7B8-9B3C-408E-8E30-5E16A3AEB445 de puerto (nombre descriptivo: Host Vnic C08CB7B8-9B3C-408E-8E30-5E16A3AEB444)."
"18/8/2025 11:04:38 p. m.","Información","Microsoft-Windows-Hyper-V-VmSwitch","69","El C08CB7B8-9B3C-408E-8E30-5E16A3AEB445 de puerto (nombre descriptivo: Host Vnic C08CB7B8-9B3C-408E-8E30-5E16A3AEB444) se eliminó correctamente. Cambie C08CB7B8-9B3C-408E-8E30-5E16A3AEB444 (nombre descriptivo: Default Switch)."
"18/8/2025 11:04:38 p. m.","Información","Microsoft-Windows-Hyper-V-VmSwitch","234","NIC C08CB7B8-9B3C-408E-8E30-5E16A3AEB445 successfully disconnected from port C08CB7B8-9B3C-408E-8E30-5E16A3AEB445."
"18/8/2025 11:04:38 p. m.","Información","Microsoft-Windows-Hyper-V-VmSwitch","69","El C08CB7B8-9B3C-408E-8E30-5E16A3AEB444 de puerto (nombre descriptivo: Default Switch) se eliminó correctamente. Cambie C08CB7B8-9B3C-408E-8E30-5E16A3AEB444 (nombre descriptivo: Default Switch)."
"18/8/2025 11:04:38 p. m.","Información","Microsoft-Windows-Hyper-V-VmSwitch","234","NIC C08CB7B8-9B3C-408E-8E30-5E16A3AEB444 successfully disconnected from port C08CB7B8-9B3C-408E-8E30-5E16A3AEB444."
"18/8/2025 11:04:38 p. m.","Información","Microsoft-Windows-HttpService","112","Se intentó reservar la http://+:80/116B50EB-ECE2-41ac-8429-9F9E963361B7/ url. Estado 0x0. Id. de proceso 0x4 ruta de acceso ejecutable , S-1-5-18  de usuario"
"18/8/2025 11:04:38 p. m.","Información","Microsoft-Windows-HttpService","112","Se intentó reservar la https://+:443/C574AC30-5794-4AEE-B1BB-6651C5315029/ url. Estado 0x0. Id. de proceso 0x4 ruta de acceso ejecutable , S-1-5-18  de usuario"
"18/8/2025 11:04:38 p. m.","Información","Microsoft-Windows-HttpService","112","Se intentó reservar la http://+:80/0131501b-d67f-491b-9a40-c4bf27bcb4d4/ url. Estado 0x0. Id. de proceso 0x4 ruta de acceso ejecutable , S-1-5-18  de usuario"
"18/8/2025 11:04:38 p. m.","Información","Microsoft-Windows-HttpService","112","Se intentó reservar la http://+:3387/rdp/ url. Estado 0x0. Id. de proceso 0x4 ruta de acceso ejecutable , S-1-5-18  de usuario"
"18/8/2025 11:04:38 p. m.","Información","Microsoft-Windows-HttpService","112","Se intentó reservar la https://+:3392/rdp/ url. Estado 0x0. Id. de proceso 0x4 ruta de acceso ejecutable , S-1-5-18  de usuario"
"18/8/2025 11:04:38 p. m.","Información","Microsoft-Windows-HttpService","112","Se intentó reservar la http://+:10243/WMPNSSv4/ url. Estado 0x0. Id. de proceso 0x4 ruta de acceso ejecutable , S-1-5-18  de usuario"
"18/8/2025 11:04:38 p. m.","Información","Microsoft-Windows-HttpService","112","Se intentó reservar la https://+:10245/WMPNSSv4/ url. Estado 0x0. Id. de proceso 0x4 ruta de acceso ejecutable , S-1-5-18  de usuario"
"18/8/2025 11:04:38 p. m.","Información","Microsoft-Windows-HttpService","112","Se intentó reservar la http://+:10247/apps/ url. Estado 0x0. Id. de proceso 0x4 ruta de acceso ejecutable , S-1-5-18  de usuario"
"18/8/2025 11:04:38 p. m.","Información","Microsoft-Windows-HttpService","112","Se intentó reservar la http://+:10246/MDEServer/ url. Estado 0x0. Id. de proceso 0x4 ruta de acceso ejecutable , S-1-5-18  de usuario"
"18/8/2025 11:04:38 p. m.","Información","Microsoft-Windows-HttpService","112","Se intentó reservar la https://+:443/sra_{BA195980-CD49-458b-9E23-C84EE0ADCD75}/ url. Estado 0x0. Id. de proceso 0x4 ruta de acceso ejecutable , S-1-5-18  de usuario"
"18/8/2025 11:04:38 p. m.","Información","Microsoft-Windows-HttpService","112","Se intentó reservar la http://+:5985/wsman/ url. Estado 0x0. Id. de proceso 0x4 ruta de acceso ejecutable , S-1-5-18  de usuario"
"18/8/2025 11:04:38 p. m.","Información","Microsoft-Windows-HttpService","112","Se intentó reservar la http://+:47001/wsman/ url. Estado 0x0. Id. de proceso 0x4 ruta de acceso ejecutable , S-1-5-18  de usuario"
"18/8/2025 11:04:38 p. m.","Información","Microsoft-Windows-HttpService","112","Se intentó reservar la https://+:5986/wsman/ url. Estado 0x0. Id. de proceso 0x4 ruta de acceso ejecutable , S-1-5-18  de usuario"
"18/8/2025 11:04:38 p. m.","Información","Microsoft-Windows-HttpService","112","Se intentó reservar la http://*:2869/ url. Estado 0x0. Id. de proceso 0x4 ruta de acceso ejecutable , S-1-5-18  de usuario"
"18/8/2025 11:04:38 p. m.","Información","Microsoft-Windows-HttpService","112","Se intentó reservar la https://*:5358/ url. Estado 0x0. Id. de proceso 0x4 ruta de acceso ejecutable , S-1-5-18  de usuario"
"18/8/2025 11:04:38 p. m.","Información","Microsoft-Windows-HttpService","112","Se intentó reservar la http://+:80/Temporary_Listen_Addresses/ url. Estado 0x0. Id. de proceso 0x4 ruta de acceso ejecutable , S-1-5-18  de usuario"
"18/8/2025 11:04:38 p. m.","Información","Microsoft-Windows-HttpService","112","Se intentó reservar la http://*:5357/ url. Estado 0x0. Id. de proceso 0x4 ruta de acceso ejecutable , S-1-5-18  de usuario"
"18/8/2025 11:04:39 p. m.","Información","RST Middleware","27","Found passthru disk: SCSI Port: 0, SCSI Bus: 3, SCSI Target: 0, PCIe SSD, 512110190592 bytes, TEAM TM8FP6512G                         "
"18/8/2025 11:04:38 p. m.","Error","Microsoft-Windows-Eventlog","22","El servicio de inicio de sesión de eventos detectó un error al inicializar recursos de publicación para el canal Microsoft-Windows-USBVideo/Analytic. Si el tipo de canal es Analítico o Depurador, podría indicar también un error de inicialización de recursos de registro."
"18/8/2025 11:04:37 p. m.","Información","Microsoft-Windows-FilterManager","6","Filtro de sistema de archivos 'bindflt' (10.0, ‎2032‎-‎10‎-‎09T02:28:18.000000000Z) correctamente cargado y registrado con el administrador de filtros."
"18/8/2025 11:04:37 p. m.","Información","Microsoft-Windows-FilterManager","6","Filtro de sistema de archivos 'storqosflt' (10.0, ‎2021‎-‎03‎-‎19T06:47:34.000000000Z) correctamente cargado y registrado con el administrador de filtros."
"18/8/2025 11:04:37 p. m.","Información","Microsoft-Windows-FilterManager","6","Filtro de sistema de archivos 'UnionFS' (10.0, ‎2047‎-‎02‎-‎21T07:01:20.000000000Z) correctamente cargado y registrado con el administrador de filtros."
"18/8/2025 11:04:37 p. m.","Información","Microsoft-Windows-FilterManager","6","Filtro de sistema de archivos 'CldFlt' (10.0, ‎2066‎-‎10‎-‎17T19:52:14.000000000Z) correctamente cargado y registrado con el administrador de filtros."
"18/8/2025 11:04:37 p. m.","Información","Microsoft-Windows-FilterManager","1","Filtro de sistema de archivos 'CldFlt' (Versión 10.0, ‎2066‎-‎10‎-‎17T19:52:14.000000000Z) correctamente descargado."
