"11/8/2025 11:57:21 a. m.","Información","Microsoft-Windows-Kernel-Power","507","El sistema está saliendo del modo de espera moderno 

motivo: Lid. "
"11/8/2025 11:57:21 a. m.","Información","Netwtw10","7026","7026 - Dump after return from D3 after cmd"
"11/8/2025 11:57:21 a. m.","Información","Netwtw10","7025","7025 - Dump after return from D3 before cmd "
"11/8/2025 11:57:20 a. m.","Advertencia","Win32k","701","Administrador de energía no solicitó la supresión de todas las entradas (INPUT_SUPPRESS_REQUEST = 0)"
"11/8/2025 11:57:20 a. m.","Advertencia","Win32k","701","Administrador de energía no solicitó la supresión de todas las entradas (INPUT_SUPPRESS_REQUEST = 0)"
"11/8/2025 11:55:43 a. m.","Información","Netwtw10","7026","7026 - Dump after return from D3 after cmd"
"11/8/2025 11:55:43 a. m.","Información","Netwtw10","7025","7025 - Dump after return from D3 before cmd "
"11/8/2025 11:53:14 a. m.","Información","Netwtw10","7026","7026 - Dump after return from D3 after cmd"
"11/8/2025 11:53:14 a. m.","Información","Netwtw10","7025","7025 - Dump after return from D3 before cmd "
"11/8/2025 11:52:50 a. m.","Información","nhi","9007","The driver entered RTD3.
 All the connected devices will be removed from driver's internal state, so it is expected that DeviceDisconnected events will happen."
"11/8/2025 11:52:45 a. m.","Información","nhi","9008","Driver exit RTD3.
 All the connected devices will now cause DeviceConnected events."
"11/8/2025 11:52:45 a. m.","Información","Netwtw10","7026","7026 - Dump after return from D3 after cmd"
"11/8/2025 11:52:45 a. m.","Información","Netwtw10","7025","7025 - Dump after return from D3 before cmd "
"11/8/2025 11:52:43 a. m.","Información","Netwtw10","7026","7026 - Dump after return from D3 after cmd"
"11/8/2025 11:52:43 a. m.","Información","Netwtw10","7025","7025 - Dump after return from D3 before cmd "
"11/8/2025 11:49:43 a. m.","Información","Netwtw10","7026","7026 - Dump after return from D3 after cmd"
"11/8/2025 11:49:43 a. m.","Información","Netwtw10","7025","7025 - Dump after return from D3 before cmd "
"11/8/2025 11:46:43 a. m.","Información","Netwtw10","7026","7026 - Dump after return from D3 after cmd"
"11/8/2025 11:46:43 a. m.","Información","Netwtw10","7025","7025 - Dump after return from D3 before cmd "
"11/8/2025 11:44:15 a. m.","Información","Netwtw10","7026","7026 - Dump after return from D3 after cmd"
"11/8/2025 11:44:15 a. m.","Información","Netwtw10","7025","7025 - Dump after return from D3 before cmd "
"11/8/2025 11:43:50 a. m.","Información","nhi","9007","The driver entered RTD3.
 All the connected devices will be removed from driver's internal state, so it is expected that DeviceDisconnected events will happen."
"11/8/2025 11:43:44 a. m.","Información","nhi","9008","Driver exit RTD3.
 All the connected devices will now cause DeviceConnected events."
"11/8/2025 11:43:44 a. m.","Información","Netwtw10","7026","7026 - Dump after return from D3 after cmd"
"11/8/2025 11:43:44 a. m.","Información","Netwtw10","7025","7025 - Dump after return from D3 before cmd "
"11/8/2025 11:43:43 a. m.","Información","Netwtw10","7026","7026 - Dump after return from D3 after cmd"
"11/8/2025 11:43:43 a. m.","Información","Netwtw10","7025","7025 - Dump after return from D3 before cmd "
"11/8/2025 11:40:43 a. m.","Información","Netwtw10","7026","7026 - Dump after return from D3 after cmd"
"11/8/2025 11:40:43 a. m.","Información","Netwtw10","7025","7025 - Dump after return from D3 before cmd "
"11/8/2025 11:37:43 a. m.","Información","Netwtw10","7026","7026 - Dump after return from D3 after cmd"
"11/8/2025 11:37:43 a. m.","Información","Netwtw10","7025","7025 - Dump after return from D3 before cmd "
"11/8/2025 11:35:14 a. m.","Información","Netwtw10","7026","7026 - Dump after return from D3 after cmd"
"11/8/2025 11:35:14 a. m.","Información","Netwtw10","7025","7025 - Dump after return from D3 before cmd "
"11/8/2025 11:34:43 a. m.","Información","Netwtw10","7026","7026 - Dump after return from D3 after cmd"
"11/8/2025 11:34:43 a. m.","Información","Netwtw10","7025","7025 - Dump after return from D3 before cmd "
"11/8/2025 11:31:43 a. m.","Información","Netwtw10","7026","7026 - Dump after return from D3 after cmd"
"11/8/2025 11:31:43 a. m.","Información","Netwtw10","7025","7025 - Dump after return from D3 before cmd "
"11/8/2025 11:28:43 a. m.","Información","Netwtw10","7026","7026 - Dump after return from D3 after cmd"
"11/8/2025 11:28:43 a. m.","Información","Netwtw10","7025","7025 - Dump after return from D3 before cmd "
"11/8/2025 11:25:46 a. m.","Advertencia","rt640x64","1","Realtek PCIe GbE Family Controller is disconnected from network."
"11/8/2025 11:25:43 a. m.","Información","Netwtw10","7026","7026 - Dump after return from D3 after cmd"
"11/8/2025 11:25:43 a. m.","Información","Netwtw10","7025","7025 - Dump after return from D3 before cmd "
"11/8/2025 11:23:34 a. m.","Error","Service Control Manager","7000","El servicio Servicio de inventario y compatibilidad de proveedores no pudo iniciarse debido al siguiente error: 
El servicio no respondió a tiempo a la solicitud de inicio o de control."
"11/8/2025 11:23:34 a. m.","Error","Service Control Manager","7009","Se agotó el tiempo de espera (30000 ms) para la conexión con el servicio Servicio de inventario y compatibilidad de proveedores."
"11/8/2025 11:22:43 a. m.","Información","Netwtw10","7026","7026 - Dump after return from D3 after cmd"
"11/8/2025 11:22:43 a. m.","Información","Netwtw10","7025","7025 - Dump after return from D3 before cmd "
"11/8/2025 11:19:43 a. m.","Información","Netwtw10","7026","7026 - Dump after return from D3 after cmd"
"11/8/2025 11:19:43 a. m.","Información","Netwtw10","7025","7025 - Dump after return from D3 before cmd "
"11/8/2025 11:16:45 a. m.","Advertencia","rt640x64","1","Realtek PCIe GbE Family Controller is disconnected from network."
"11/8/2025 11:16:42 a. m.","Información","Netwtw10","7026","7026 - Dump after return from D3 after cmd"
"11/8/2025 11:16:42 a. m.","Información","Netwtw10","7025","7025 - Dump after return from D3 before cmd "
"11/8/2025 11:16:18 a. m.","Advertencia","rt640x64","1","Realtek PCIe GbE Family Controller is disconnected from network."
"11/8/2025 11:16:15 a. m.","Información","Netwtw10","7026","7026 - Dump after return from D3 after cmd"
"11/8/2025 11:16:15 a. m.","Información","Netwtw10","7025","7025 - Dump after return from D3 before cmd "
"11/8/2025 11:13:15 a. m.","Información","Netwtw10","7026","7026 - Dump after return from D3 after cmd"
"11/8/2025 11:13:15 a. m.","Información","Netwtw10","7025","7025 - Dump after return from D3 before cmd "
"11/8/2025 11:10:15 a. m.","Información","Netwtw10","7026","7026 - Dump after return from D3 after cmd"
"11/8/2025 11:10:15 a. m.","Información","Netwtw10","7025","7025 - Dump after return from D3 before cmd "
"11/8/2025 11:07:15 a. m.","Información","Netwtw10","7026","7026 - Dump after return from D3 after cmd"
"11/8/2025 11:07:15 a. m.","Información","Netwtw10","7025","7025 - Dump after return from D3 before cmd "
"11/8/2025 11:06:18 a. m.","Advertencia","rt640x64","1","Realtek PCIe GbE Family Controller is disconnected from network."
"11/8/2025 11:06:15 a. m.","Información","Netwtw10","7026","7026 - Dump after return from D3 after cmd"
"11/8/2025 11:06:15 a. m.","Información","Netwtw10","7025","7025 - Dump after return from D3 before cmd "
"11/8/2025 11:04:15 a. m.","Información","Netwtw10","7026","7026 - Dump after return from D3 after cmd"
"11/8/2025 11:04:15 a. m.","Información","Netwtw10","7025","7025 - Dump after return from D3 before cmd "
"11/8/2025 11:01:15 a. m.","Información","Netwtw10","7026","7026 - Dump after return from D3 after cmd"
"11/8/2025 11:01:15 a. m.","Información","Netwtw10","7025","7025 - Dump after return from D3 before cmd "
"11/8/2025 10:58:54 a. m.","Información","Netwtw10","7026","7026 - Dump after return from D3 after cmd"
"11/8/2025 10:58:54 a. m.","Información","Netwtw10","7025","7025 - Dump after return from D3 before cmd "
"11/8/2025 10:58:23 a. m.","Información","nhi","9007","The driver entered RTD3.
 All the connected devices will be removed from driver's internal state, so it is expected that DeviceDisconnected events will happen."
"11/8/2025 10:58:17 a. m.","Información","nhi","9008","Driver exit RTD3.
 All the connected devices will now cause DeviceConnected events."
"11/8/2025 10:58:17 a. m.","Información","Netwtw10","7026","7026 - Dump after return from D3 after cmd"
"11/8/2025 10:58:17 a. m.","Información","Netwtw10","7025","7025 - Dump after return from D3 before cmd "
"11/8/2025 10:58:15 a. m.","Información","Netwtw10","7026","7026 - Dump after return from D3 after cmd"
"11/8/2025 10:58:15 a. m.","Información","Netwtw10","7025","7025 - Dump after return from D3 before cmd "
"11/8/2025 10:55:15 a. m.","Información","Netwtw10","7026","7026 - Dump after return from D3 after cmd"
"11/8/2025 10:55:15 a. m.","Información","Netwtw10","7025","7025 - Dump after return from D3 before cmd "
"11/8/2025 10:52:15 a. m.","Información","Netwtw10","7026","7026 - Dump after return from D3 after cmd"
"11/8/2025 10:52:15 a. m.","Información","Netwtw10","7025","7025 - Dump after return from D3 before cmd "
"11/8/2025 10:49:46 a. m.","Información","Netwtw10","7026","7026 - Dump after return from D3 after cmd"
"11/8/2025 10:49:46 a. m.","Información","Netwtw10","7025","7025 - Dump after return from D3 before cmd "
"11/8/2025 10:49:22 a. m.","Información","nhi","9007","The driver entered RTD3.
 All the connected devices will be removed from driver's internal state, so it is expected that DeviceDisconnected events will happen."
"11/8/2025 10:49:17 a. m.","Información","nhi","9008","Driver exit RTD3.
 All the connected devices will now cause DeviceConnected events."
"11/8/2025 10:49:17 a. m.","Información","Netwtw10","7026","7026 - Dump after return from D3 after cmd"
"11/8/2025 10:49:17 a. m.","Información","Netwtw10","7025","7025 - Dump after return from D3 before cmd "
"11/8/2025 10:49:15 a. m.","Información","Netwtw10","7026","7026 - Dump after return from D3 after cmd"
"11/8/2025 10:49:15 a. m.","Información","Netwtw10","7025","7025 - Dump after return from D3 before cmd "
"11/8/2025 10:46:15 a. m.","Información","Netwtw10","7026","7026 - Dump after return from D3 after cmd"
"11/8/2025 10:46:15 a. m.","Información","Netwtw10","7025","7025 - Dump after return from D3 before cmd "
"11/8/2025 10:43:15 a. m.","Información","Netwtw10","7026","7026 - Dump after return from D3 after cmd"
"11/8/2025 10:43:15 a. m.","Información","Netwtw10","7025","7025 - Dump after return from D3 before cmd "
"11/8/2025 10:41:43 a. m.","Información","Netwtw10","7026","7026 - Dump after return from D3 after cmd"
"11/8/2025 10:41:43 a. m.","Información","Netwtw10","7025","7025 - Dump after return from D3 before cmd "
"11/8/2025 10:41:12 a. m.","Información","Netwtw10","7026","7026 - Dump after return from D3 after cmd"
"11/8/2025 10:41:12 a. m.","Información","Netwtw10","7025","7025 - Dump after return from D3 before cmd "
"11/8/2025 10:40:15 a. m.","Información","Netwtw10","7026","7026 - Dump after return from D3 after cmd"
"11/8/2025 10:40:15 a. m.","Información","Netwtw10","7025","7025 - Dump after return from D3 before cmd "
"11/8/2025 10:37:15 a. m.","Información","Netwtw10","7026","7026 - Dump after return from D3 after cmd"
"11/8/2025 10:37:15 a. m.","Información","Netwtw10","7025","7025 - Dump after return from D3 before cmd "
"11/8/2025 10:35:04 a. m.","Información","Netwtw10","7026","7026 - Dump after return from D3 after cmd"
"11/8/2025 10:35:04 a. m.","Información","Netwtw10","7025","7025 - Dump after return from D3 before cmd "
"11/8/2025 10:34:15 a. m.","Información","Netwtw10","7026","7026 - Dump after return from D3 after cmd"
"11/8/2025 10:34:15 a. m.","Información","Netwtw10","7025","7025 - Dump after return from D3 before cmd "
"11/8/2025 10:31:15 a. m.","Información","Netwtw10","7026","7026 - Dump after return from D3 after cmd"
"11/8/2025 10:31:15 a. m.","Información","Netwtw10","7025","7025 - Dump after return from D3 before cmd "
"11/8/2025 10:28:18 a. m.","Advertencia","rt640x64","1","Realtek PCIe GbE Family Controller is disconnected from network."
"11/8/2025 10:28:15 a. m.","Información","Netwtw10","7026","7026 - Dump after return from D3 after cmd"
"11/8/2025 10:28:15 a. m.","Información","Netwtw10","7025","7025 - Dump after return from D3 before cmd "
"11/8/2025 10:25:48 a. m.","Información","Netwtw10","7026","7026 - Dump after return from D3 after cmd"
"11/8/2025 10:25:48 a. m.","Información","Netwtw10","7025","7025 - Dump after return from D3 before cmd "
"11/8/2025 10:25:15 a. m.","Información","Netwtw10","7026","7026 - Dump after return from D3 after cmd"
"11/8/2025 10:25:15 a. m.","Información","Netwtw10","7025","7025 - Dump after return from D3 before cmd "
"11/8/2025 10:22:15 a. m.","Información","Netwtw10","7026","7026 - Dump after return from D3 after cmd"
"11/8/2025 10:22:15 a. m.","Información","Netwtw10","7025","7025 - Dump after return from D3 before cmd "
"11/8/2025 10:19:15 a. m.","Información","Netwtw10","7026","7026 - Dump after return from D3 after cmd"
"11/8/2025 10:19:15 a. m.","Información","Netwtw10","7025","7025 - Dump after return from D3 before cmd "
"11/8/2025 10:16:15 a. m.","Información","Netwtw10","7026","7026 - Dump after return from D3 after cmd"
"11/8/2025 10:16:15 a. m.","Información","Netwtw10","7025","7025 - Dump after return from D3 before cmd "
"11/8/2025 10:13:15 a. m.","Información","Netwtw10","7026","7026 - Dump after return from D3 after cmd"
"11/8/2025 10:13:15 a. m.","Información","Netwtw10","7025","7025 - Dump after return from D3 before cmd "
"11/8/2025 10:10:15 a. m.","Información","Netwtw10","7026","7026 - Dump after return from D3 after cmd"
"11/8/2025 10:10:15 a. m.","Información","Netwtw10","7025","7025 - Dump after return from D3 before cmd "
"11/8/2025 10:07:15 a. m.","Información","Netwtw10","7026","7026 - Dump after return from D3 after cmd"
"11/8/2025 10:07:15 a. m.","Información","Netwtw10","7025","7025 - Dump after return from D3 before cmd "
"11/8/2025 10:06:47 a. m.","Información","Netwtw10","7026","7026 - Dump after return from D3 after cmd"
"11/8/2025 10:06:47 a. m.","Información","Netwtw10","7025","7025 - Dump after return from D3 before cmd "
"11/8/2025 10:06:35 a. m.","Información","Netwtw10","7026","7026 - Dump after return from D3 after cmd"
"11/8/2025 10:06:35 a. m.","Información","Netwtw10","7025","7025 - Dump after return from D3 before cmd "
"11/8/2025 10:04:15 a. m.","Información","Netwtw10","7026","7026 - Dump after return from D3 after cmd"
"11/8/2025 10:04:15 a. m.","Información","Netwtw10","7025","7025 - Dump after return from D3 before cmd "
"11/8/2025 10:01:15 a. m.","Información","Netwtw10","7026","7026 - Dump after return from D3 after cmd"
"11/8/2025 10:01:15 a. m.","Información","Netwtw10","7025","7025 - Dump after return from D3 before cmd "
"11/8/2025 9:58:46 a. m.","Información","Netwtw10","7026","7026 - Dump after return from D3 after cmd"
"11/8/2025 9:58:46 a. m.","Información","Netwtw10","7025","7025 - Dump after return from D3 before cmd "
"11/8/2025 9:58:15 a. m.","Información","Netwtw10","7026","7026 - Dump after return from D3 after cmd"
"11/8/2025 9:58:15 a. m.","Información","Netwtw10","7025","7025 - Dump after return from D3 before cmd "
"11/8/2025 9:55:15 a. m.","Información","Netwtw10","7026","7026 - Dump after return from D3 after cmd"
"11/8/2025 9:55:15 a. m.","Información","Netwtw10","7025","7025 - Dump after return from D3 before cmd "
"11/8/2025 9:52:15 a. m.","Información","Netwtw10","7026","7026 - Dump after return from D3 after cmd"
"11/8/2025 9:52:15 a. m.","Información","Netwtw10","7025","7025 - Dump after return from D3 before cmd "
"11/8/2025 9:50:03 a. m.","Información","Netwtw10","7026","7026 - Dump after return from D3 after cmd"
"11/8/2025 9:50:03 a. m.","Información","Netwtw10","7025","7025 - Dump after return from D3 before cmd "
"11/8/2025 9:49:22 a. m.","Información","nhi","9007","The driver entered RTD3.
 All the connected devices will be removed from driver's internal state, so it is expected that DeviceDisconnected events will happen."
"11/8/2025 9:49:17 a. m.","Información","nhi","9008","Driver exit RTD3.
 All the connected devices will now cause DeviceConnected events."
"11/8/2025 9:49:17 a. m.","Información","Netwtw10","7026","7026 - Dump after return from D3 after cmd"
"11/8/2025 9:49:17 a. m.","Información","Netwtw10","7025","7025 - Dump after return from D3 before cmd "
"11/8/2025 9:49:15 a. m.","Información","Netwtw10","7026","7026 - Dump after return from D3 after cmd"
"11/8/2025 9:49:15 a. m.","Información","Netwtw10","7025","7025 - Dump after return from D3 before cmd "
"11/8/2025 9:46:15 a. m.","Información","Netwtw10","7026","7026 - Dump after return from D3 after cmd"
"11/8/2025 9:46:15 a. m.","Información","Netwtw10","7025","7025 - Dump after return from D3 before cmd "
"11/8/2025 9:43:15 a. m.","Información","Netwtw10","7026","7026 - Dump after return from D3 after cmd"
"11/8/2025 9:43:15 a. m.","Información","Netwtw10","7025","7025 - Dump after return from D3 before cmd "
"11/8/2025 9:40:48 a. m.","Información","Netwtw10","7026","7026 - Dump after return from D3 after cmd"
"11/8/2025 9:40:48 a. m.","Información","Netwtw10","7025","7025 - Dump after return from D3 before cmd "
"11/8/2025 9:40:15 a. m.","Información","Netwtw10","7026","7026 - Dump after return from D3 after cmd"
"11/8/2025 9:40:15 a. m.","Información","Netwtw10","7025","7025 - Dump after return from D3 before cmd "
"11/8/2025 9:37:15 a. m.","Información","Netwtw10","7026","7026 - Dump after return from D3 after cmd"
"11/8/2025 9:37:15 a. m.","Información","Netwtw10","7025","7025 - Dump after return from D3 before cmd "
"11/8/2025 9:34:15 a. m.","Información","Netwtw10","7026","7026 - Dump after return from D3 after cmd"
"11/8/2025 9:34:15 a. m.","Información","Netwtw10","7025","7025 - Dump after return from D3 before cmd "
"11/8/2025 9:32:17 a. m.","Información","Netwtw10","7026","7026 - Dump after return from D3 after cmd"
"11/8/2025 9:32:17 a. m.","Información","Netwtw10","7025","7025 - Dump after return from D3 before cmd "
"11/8/2025 9:31:46 a. m.","Información","Netwtw10","7026","7026 - Dump after return from D3 after cmd"
"11/8/2025 9:31:46 a. m.","Información","Netwtw10","7025","7025 - Dump after return from D3 before cmd "
"11/8/2025 9:31:22 a. m.","Información","nhi","9007","The driver entered RTD3.
 All the connected devices will be removed from driver's internal state, so it is expected that DeviceDisconnected events will happen."
"11/8/2025 9:31:17 a. m.","Información","nhi","9008","Driver exit RTD3.
 All the connected devices will now cause DeviceConnected events."
"11/8/2025 9:31:17 a. m.","Información","Netwtw10","7026","7026 - Dump after return from D3 after cmd"
"11/8/2025 9:31:17 a. m.","Información","Netwtw10","7025","7025 - Dump after return from D3 before cmd "
"11/8/2025 9:31:15 a. m.","Información","Netwtw10","7026","7026 - Dump after return from D3 after cmd"
"11/8/2025 9:31:15 a. m.","Información","Netwtw10","7025","7025 - Dump after return from D3 before cmd "
"11/8/2025 9:28:15 a. m.","Información","Netwtw10","7026","7026 - Dump after return from D3 after cmd"
"11/8/2025 9:28:15 a. m.","Información","Netwtw10","7025","7025 - Dump after return from D3 before cmd "
"11/8/2025 9:25:15 a. m.","Información","Netwtw10","7026","7026 - Dump after return from D3 after cmd"
"11/8/2025 9:25:15 a. m.","Información","Netwtw10","7025","7025 - Dump after return from D3 before cmd "
"11/8/2025 9:22:46 a. m.","Información","Netwtw10","7026","7026 - Dump after return from D3 after cmd"
"11/8/2025 9:22:46 a. m.","Información","Netwtw10","7025","7025 - Dump after return from D3 before cmd "
"11/8/2025 9:22:15 a. m.","Información","Netwtw10","7026","7026 - Dump after return from D3 after cmd"
"11/8/2025 9:22:15 a. m.","Información","Netwtw10","7025","7025 - Dump after return from D3 before cmd "
"11/8/2025 9:19:15 a. m.","Información","Netwtw10","7026","7026 - Dump after return from D3 after cmd"
"11/8/2025 9:19:15 a. m.","Información","Netwtw10","7025","7025 - Dump after return from D3 before cmd "
"11/8/2025 9:16:58 a. m.","Información","Netwtw10","7026","7026 - Dump after return from D3 after cmd"
"11/8/2025 9:16:58 a. m.","Información","Netwtw10","7025","7025 - Dump after return from D3 before cmd "
"11/8/2025 9:16:22 a. m.","Información","nhi","9007","The driver entered RTD3.
 All the connected devices will be removed from driver's internal state, so it is expected that DeviceDisconnected events will happen."
"11/8/2025 9:16:17 a. m.","Información","nhi","9008","Driver exit RTD3.
 All the connected devices will now cause DeviceConnected events."
"11/8/2025 9:16:17 a. m.","Información","Netwtw10","7026","7026 - Dump after return from D3 after cmd"
"11/8/2025 9:16:17 a. m.","Información","Netwtw10","7025","7025 - Dump after return from D3 before cmd "
"11/8/2025 9:16:15 a. m.","Información","Netwtw10","7026","7026 - Dump after return from D3 after cmd"
"11/8/2025 9:16:15 a. m.","Información","Netwtw10","7025","7025 - Dump after return from D3 before cmd "
"11/8/2025 9:13:15 a. m.","Información","Netwtw10","7026","7026 - Dump after return from D3 after cmd"
"11/8/2025 9:13:15 a. m.","Información","Netwtw10","7025","7025 - Dump after return from D3 before cmd "
"11/8/2025 9:10:15 a. m.","Información","Netwtw10","7026","7026 - Dump after return from D3 after cmd"
"11/8/2025 9:10:15 a. m.","Información","Netwtw10","7025","7025 - Dump after return from D3 before cmd "
"11/8/2025 9:07:15 a. m.","Información","Netwtw10","7026","7026 - Dump after return from D3 after cmd"
"11/8/2025 9:07:15 a. m.","Información","Netwtw10","7025","7025 - Dump after return from D3 before cmd "
"11/8/2025 9:06:54 a. m.","Información","Netwtw10","7026","7026 - Dump after return from D3 after cmd"
"11/8/2025 9:06:54 a. m.","Información","Netwtw10","7025","7025 - Dump after return from D3 before cmd "
"11/8/2025 9:04:15 a. m.","Información","Netwtw10","7026","7026 - Dump after return from D3 after cmd"
"11/8/2025 9:04:15 a. m.","Información","Netwtw10","7025","7025 - Dump after return from D3 before cmd "
"11/8/2025 9:01:15 a. m.","Información","Netwtw10","7026","7026 - Dump after return from D3 after cmd"
"11/8/2025 9:01:15 a. m.","Información","Netwtw10","7025","7025 - Dump after return from D3 before cmd "
"11/8/2025 8:59:20 a. m.","Error","Service Control Manager","7000","El servicio Microsoft Account Sign-in Assistant no pudo iniciarse debido al siguiente error: 
El servicio no respondió a tiempo a la solicitud de inicio o de control."
"11/8/2025 8:59:20 a. m.","Error","Service Control Manager","7009","Se agotó el tiempo de espera (30000 ms) para la conexión con el servicio Microsoft Account Sign-in Assistant."
"11/8/2025 8:58:47 a. m.","Información","Netwtw10","7026","7026 - Dump after return from D3 after cmd"
"11/8/2025 8:58:47 a. m.","Información","Netwtw10","7025","7025 - Dump after return from D3 before cmd "
"11/8/2025 8:58:22 a. m.","Información","nhi","9007","The driver entered RTD3.
 All the connected devices will be removed from driver's internal state, so it is expected that DeviceDisconnected events will happen."
"11/8/2025 8:58:17 a. m.","Información","nhi","9008","Driver exit RTD3.
 All the connected devices will now cause DeviceConnected events."
"11/8/2025 8:58:16 a. m.","Información","Netwtw10","7026","7026 - Dump after return from D3 after cmd"
"11/8/2025 8:58:16 a. m.","Información","Netwtw10","7025","7025 - Dump after return from D3 before cmd "
"11/8/2025 8:58:15 a. m.","Información","Netwtw10","7026","7026 - Dump after return from D3 after cmd"
"11/8/2025 8:58:15 a. m.","Información","Netwtw10","7025","7025 - Dump after return from D3 before cmd "
"11/8/2025 8:55:15 a. m.","Información","Netwtw10","7026","7026 - Dump after return from D3 after cmd"
"11/8/2025 8:55:15 a. m.","Información","Netwtw10","7025","7025 - Dump after return from D3 before cmd "
"11/8/2025 8:52:15 a. m.","Información","Netwtw10","7026","7026 - Dump after return from D3 after cmd"
"11/8/2025 8:52:15 a. m.","Información","Netwtw10","7025","7025 - Dump after return from D3 before cmd "
"11/8/2025 8:49:48 a. m.","Información","Netwtw10","7026","7026 - Dump after return from D3 after cmd"
"11/8/2025 8:49:48 a. m.","Información","Netwtw10","7025","7025 - Dump after return from D3 before cmd "
"11/8/2025 8:49:22 a. m.","Información","nhi","9007","The driver entered RTD3.
 All the connected devices will be removed from driver's internal state, so it is expected that DeviceDisconnected events will happen."
"11/8/2025 8:49:17 a. m.","Información","Netwtw10","7026","7026 - Dump after return from D3 after cmd"
"11/8/2025 8:49:17 a. m.","Información","Netwtw10","7025","7025 - Dump after return from D3 before cmd "
"11/8/2025 8:49:17 a. m.","Información","nhi","9008","Driver exit RTD3.
 All the connected devices will now cause DeviceConnected events."
"11/8/2025 8:49:15 a. m.","Información","Netwtw10","7026","7026 - Dump after return from D3 after cmd"
"11/8/2025 8:49:15 a. m.","Información","Netwtw10","7025","7025 - Dump after return from D3 before cmd "
"11/8/2025 8:46:15 a. m.","Información","Netwtw10","7026","7026 - Dump after return from D3 after cmd"
"11/8/2025 8:46:15 a. m.","Información","Netwtw10","7025","7025 - Dump after return from D3 before cmd "
"11/8/2025 8:43:15 a. m.","Información","Netwtw10","7026","7026 - Dump after return from D3 after cmd"
"11/8/2025 8:43:15 a. m.","Información","Netwtw10","7025","7025 - Dump after return from D3 before cmd "
"11/8/2025 8:40:14 a. m.","Información","Netwtw10","7026","7026 - Dump after return from D3 after cmd"
"11/8/2025 8:40:14 a. m.","Información","Netwtw10","7025","7025 - Dump after return from D3 before cmd "
"11/8/2025 8:35:41 a. m.","Advertencia","rt640x64","1","Realtek PCIe GbE Family Controller is disconnected from network."
"11/8/2025 8:35:38 a. m.","Información","Netwtw10","7026","7026 - Dump after return from D3 after cmd"
"11/8/2025 8:35:38 a. m.","Información","Netwtw10","7025","7025 - Dump after return from D3 before cmd "
"11/8/2025 8:31:57 a. m.","Información","Netwtw10","7026","7026 - Dump after return from D3 after cmd"
"11/8/2025 8:31:57 a. m.","Información","Netwtw10","7025","7025 - Dump after return from D3 before cmd "
"11/8/2025 8:31:01 a. m.","Información","Netwtw10","7026","7026 - Dump after return from D3 after cmd"
"11/8/2025 8:31:01 a. m.","Información","Netwtw10","7025","7025 - Dump after return from D3 before cmd "
"11/8/2025 8:24:01 a. m.","Información","Netwtw10","7026","7026 - Dump after return from D3 after cmd"
"11/8/2025 8:24:01 a. m.","Información","Netwtw10","7025","7025 - Dump after return from D3 before cmd "
"11/8/2025 8:19:27 a. m.","Advertencia","rt640x64","1","Realtek PCIe GbE Family Controller is disconnected from network."
"11/8/2025 8:19:24 a. m.","Información","Netwtw10","7026","7026 - Dump after return from D3 after cmd"
"11/8/2025 8:19:24 a. m.","Información","Netwtw10","7025","7025 - Dump after return from D3 before cmd "
"11/8/2025 8:19:07 a. m.","Información","Microsoft-Windows-Kernel-Power","566","La sesión del sistema ha cambiado de 92 a 93.

Motivo InputMouse 

BootId: 11"
"11/8/2025 8:18:58 a. m.","Información","Microsoft-Windows-Kernel-Power","506","El sistema está entrando en el modo de espera moderno 

motivo: 16777220. "
"11/8/2025 8:18:58 a. m.","Información","Microsoft-Windows-Kernel-Power","566","La sesión del sistema ha cambiado de 91 a 92.

Motivo 16777220 

BootId: 11"
"11/8/2025 8:18:58 a. m.","Información","Microsoft-Windows-Kernel-Power","507","El sistema está saliendo del modo de espera moderno 

motivo: 16777220. "
"11/8/2025 8:18:57 a. m.","Información","Netwtw10","7026","7026 - Dump after return from D3 after cmd"
"11/8/2025 8:18:57 a. m.","Información","Netwtw10","7025","7025 - Dump after return from D3 before cmd "
"11/8/2025 8:11:57 a. m.","Información","Netwtw10","7026","7026 - Dump after return from D3 after cmd"
"11/8/2025 8:11:57 a. m.","Información","Netwtw10","7025","7025 - Dump after return from D3 before cmd "
"11/8/2025 8:07:23 a. m.","Advertencia","rt640x64","1","Realtek PCIe GbE Family Controller is disconnected from network."
"11/8/2025 8:07:20 a. m.","Información","Netwtw10","7026","7026 - Dump after return from D3 after cmd"
"11/8/2025 8:07:20 a. m.","Información","Netwtw10","7025","7025 - Dump after return from D3 before cmd "
"11/8/2025 8:06:56 a. m.","Advertencia","rt640x64","1","Realtek PCIe GbE Family Controller is disconnected from network."
"11/8/2025 8:06:53 a. m.","Información","Netwtw10","7026","7026 - Dump after return from D3 after cmd"
"11/8/2025 8:06:53 a. m.","Información","Netwtw10","7025","7025 - Dump after return from D3 before cmd "
"11/8/2025 8:00:59 a. m.","Información","nhi","9007","The driver entered RTD3.
 All the connected devices will be removed from driver's internal state, so it is expected that DeviceDisconnected events will happen."
"11/8/2025 8:00:54 a. m.","Información","Netwtw10","7026","7026 - Dump after return from D3 after cmd"
"11/8/2025 8:00:54 a. m.","Información","Netwtw10","7025","7025 - Dump after return from D3 before cmd "
"11/8/2025 8:00:54 a. m.","Información","nhi","9008","Driver exit RTD3.
 All the connected devices will now cause DeviceConnected events."
"11/8/2025 7:59:53 a. m.","Información","Netwtw10","7026","7026 - Dump after return from D3 after cmd"
"11/8/2025 7:59:53 a. m.","Información","Netwtw10","7025","7025 - Dump after return from D3 before cmd "
"11/8/2025 7:55:26 a. m.","Advertencia","rt640x64","1","Realtek PCIe GbE Family Controller is disconnected from network."
"11/8/2025 7:55:23 a. m.","Información","Netwtw10","7026","7026 - Dump after return from D3 after cmd"
"11/8/2025 7:55:23 a. m.","Información","Netwtw10","7025","7025 - Dump after return from D3 before cmd "
"11/8/2025 7:53:59 a. m.","Información","nhi","9007","The driver entered RTD3.
 All the connected devices will be removed from driver's internal state, so it is expected that DeviceDisconnected events will happen."
"11/8/2025 7:53:54 a. m.","Información","Netwtw10","7026","7026 - Dump after return from D3 after cmd"
"11/8/2025 7:53:54 a. m.","Información","Netwtw10","7025","7025 - Dump after return from D3 before cmd "
"11/8/2025 7:53:53 a. m.","Información","nhi","9008","Driver exit RTD3.
 All the connected devices will now cause DeviceConnected events."
"11/8/2025 7:53:34 a. m.","Información","Netwtw10","7026","7026 - Dump after return from D3 after cmd"
"11/8/2025 7:53:34 a. m.","Información","Netwtw10","7025","7025 - Dump after return from D3 before cmd "
"11/8/2025 7:52:53 a. m.","Información","Netwtw10","7026","7026 - Dump after return from D3 after cmd"
"11/8/2025 7:52:53 a. m.","Información","Netwtw10","7025","7025 - Dump after return from D3 before cmd "
"11/8/2025 7:46:28 a. m.","Información","nhi","9007","The driver entered RTD3.
 All the connected devices will be removed from driver's internal state, so it is expected that DeviceDisconnected events will happen."
"11/8/2025 7:46:23 a. m.","Información","Netwtw10","7026","7026 - Dump after return from D3 after cmd"
"11/8/2025 7:46:23 a. m.","Información","Netwtw10","7025","7025 - Dump after return from D3 before cmd "
"11/8/2025 7:46:23 a. m.","Información","nhi","9008","Driver exit RTD3.
 All the connected devices will now cause DeviceConnected events."
"11/8/2025 7:45:53 a. m.","Información","Netwtw10","7026","7026 - Dump after return from D3 after cmd"
"11/8/2025 7:45:53 a. m.","Información","Netwtw10","7025","7025 - Dump after return from D3 before cmd "
"11/8/2025 7:39:58 a. m.","Información","nhi","9007","The driver entered RTD3.
 All the connected devices will be removed from driver's internal state, so it is expected that DeviceDisconnected events will happen."
"11/8/2025 7:39:56 a. m.","Advertencia","rt640x64","1","Realtek PCIe GbE Family Controller is disconnected from network."
"11/8/2025 7:39:53 a. m.","Información","Netwtw10","7026","7026 - Dump after return from D3 after cmd"
"11/8/2025 7:39:53 a. m.","Información","Netwtw10","7025","7025 - Dump after return from D3 before cmd "
"11/8/2025 7:39:03 a. m.","Información","nhi","9008","Driver exit RTD3.
 All the connected devices will now cause DeviceConnected events."
"11/8/2025 7:39:03 a. m.","Información","Netwtw10","7026","7026 - Dump after return from D3 after cmd"
"11/8/2025 7:39:03 a. m.","Información","Netwtw10","7025","7025 - Dump after return from D3 before cmd "
"11/8/2025 7:38:53 a. m.","Información","Netwtw10","7026","7026 - Dump after return from D3 after cmd"
"11/8/2025 7:38:53 a. m.","Información","Netwtw10","7025","7025 - Dump after return from D3 before cmd "
"11/8/2025 7:32:02 a. m.","Información","nhi","9007","The driver entered RTD3.
 All the connected devices will be removed from driver's internal state, so it is expected that DeviceDisconnected events will happen."
"11/8/2025 7:31:57 a. m.","Información","nhi","9008","Driver exit RTD3.
 All the connected devices will now cause DeviceConnected events."
"11/8/2025 7:31:57 a. m.","Información","Netwtw10","7026","7026 - Dump after return from D3 after cmd"
"11/8/2025 7:31:57 a. m.","Información","Netwtw10","7025","7025 - Dump after return from D3 before cmd "
"11/8/2025 7:31:53 a. m.","Información","Netwtw10","7026","7026 - Dump after return from D3 after cmd"
"11/8/2025 7:31:53 a. m.","Información","Netwtw10","7025","7025 - Dump after return from D3 before cmd "
"11/8/2025 7:25:00 a. m.","Información","nhi","9007","The driver entered RTD3.
 All the connected devices will be removed from driver's internal state, so it is expected that DeviceDisconnected events will happen."
"11/8/2025 7:24:55 a. m.","Información","nhi","9008","Driver exit RTD3.
 All the connected devices will now cause DeviceConnected events."
"11/8/2025 7:24:55 a. m.","Información","Netwtw10","7026","7026 - Dump after return from D3 after cmd"
"11/8/2025 7:24:55 a. m.","Información","Netwtw10","7025","7025 - Dump after return from D3 before cmd "
"11/8/2025 7:24:53 a. m.","Información","Netwtw10","7026","7026 - Dump after return from D3 after cmd"
"11/8/2025 7:24:53 a. m.","Información","Netwtw10","7025","7025 - Dump after return from D3 before cmd "
"11/8/2025 7:17:53 a. m.","Información","Netwtw10","7026","7026 - Dump after return from D3 after cmd"
"11/8/2025 7:17:53 a. m.","Información","Netwtw10","7025","7025 - Dump after return from D3 before cmd "
"11/8/2025 7:10:53 a. m.","Información","Netwtw10","7026","7026 - Dump after return from D3 after cmd"
"11/8/2025 7:10:53 a. m.","Información","Netwtw10","7025","7025 - Dump after return from D3 before cmd "
"11/8/2025 7:07:39 a. m.","Información","nhi","9007","The driver entered RTD3.
 All the connected devices will be removed from driver's internal state, so it is expected that DeviceDisconnected events will happen."
"11/8/2025 7:07:33 a. m.","Información","Netwtw10","7026","7026 - Dump after return from D3 after cmd"
"11/8/2025 7:07:33 a. m.","Información","Netwtw10","7025","7025 - Dump after return from D3 before cmd "
"11/8/2025 7:03:57 a. m.","Información","Netwtw10","7026","7026 - Dump after return from D3 after cmd"
"11/8/2025 7:03:57 a. m.","Información","Netwtw10","7025","7025 - Dump after return from D3 before cmd "
"11/8/2025 7:03:57 a. m.","Información","nhi","9008","Driver exit RTD3.
 All the connected devices will now cause DeviceConnected events."
"11/8/2025 7:03:53 a. m.","Información","Netwtw10","7026","7026 - Dump after return from D3 after cmd"
"11/8/2025 7:03:53 a. m.","Información","Netwtw10","7025","7025 - Dump after return from D3 before cmd "
"11/8/2025 6:57:00 a. m.","Información","nhi","9007","The driver entered RTD3.
 All the connected devices will be removed from driver's internal state, so it is expected that DeviceDisconnected events will happen."
"11/8/2025 6:56:55 a. m.","Información","nhi","9008","Driver exit RTD3.
 All the connected devices will now cause DeviceConnected events."
"11/8/2025 6:56:55 a. m.","Información","Netwtw10","7026","7026 - Dump after return from D3 after cmd"
"11/8/2025 6:56:55 a. m.","Información","Netwtw10","7025","7025 - Dump after return from D3 before cmd "
"11/8/2025 6:56:53 a. m.","Información","Netwtw10","7026","7026 - Dump after return from D3 after cmd"
"11/8/2025 6:56:53 a. m.","Información","Netwtw10","7025","7025 - Dump after return from D3 before cmd "
"11/8/2025 6:50:55 a. m.","Advertencia","rt640x64","1","Realtek PCIe GbE Family Controller is disconnected from network."
"11/8/2025 6:50:52 a. m.","Información","Netwtw10","7026","7026 - Dump after return from D3 after cmd"
"11/8/2025 6:50:52 a. m.","Información","Netwtw10","7025","7025 - Dump after return from D3 before cmd "
"11/8/2025 6:49:53 a. m.","Información","Netwtw10","7026","7026 - Dump after return from D3 after cmd"
"11/8/2025 6:49:53 a. m.","Información","Netwtw10","7025","7025 - Dump after return from D3 before cmd "
"11/8/2025 6:43:02 a. m.","Información","nhi","9007","The driver entered RTD3.
 All the connected devices will be removed from driver's internal state, so it is expected that DeviceDisconnected events will happen."
"11/8/2025 6:42:57 a. m.","Información","Netwtw10","7026","7026 - Dump after return from D3 after cmd"
"11/8/2025 6:42:57 a. m.","Información","Netwtw10","7025","7025 - Dump after return from D3 before cmd "
"11/8/2025 6:42:57 a. m.","Información","nhi","9008","Driver exit RTD3.
 All the connected devices will now cause DeviceConnected events."
"11/8/2025 6:42:53 a. m.","Información","Netwtw10","7026","7026 - Dump after return from D3 after cmd"
"11/8/2025 6:42:53 a. m.","Información","Netwtw10","7025","7025 - Dump after return from D3 before cmd "
"11/8/2025 6:36:00 a. m.","Información","nhi","9007","The driver entered RTD3.
 All the connected devices will be removed from driver's internal state, so it is expected that DeviceDisconnected events will happen."
"11/8/2025 6:35:55 a. m.","Información","nhi","9008","Driver exit RTD3.
 All the connected devices will now cause DeviceConnected events."
"11/8/2025 6:35:55 a. m.","Información","Netwtw10","7026","7026 - Dump after return from D3 after cmd"
"11/8/2025 6:35:55 a. m.","Información","Netwtw10","7025","7025 - Dump after return from D3 before cmd "
"11/8/2025 6:35:53 a. m.","Información","Netwtw10","7026","7026 - Dump after return from D3 after cmd"
"11/8/2025 6:35:53 a. m.","Información","Netwtw10","7025","7025 - Dump after return from D3 before cmd "
"11/8/2025 6:31:00 a. m.","Error","Service Control Manager","7000","El servicio Servicio de inventario y compatibilidad de proveedores no pudo iniciarse debido al siguiente error: 
El servicio no respondió a tiempo a la solicitud de inicio o de control."
"11/8/2025 6:31:00 a. m.","Error","Service Control Manager","7009","Se agotó el tiempo de espera (30000 ms) para la conexión con el servicio Servicio de inventario y compatibilidad de proveedores."
"11/8/2025 6:29:41 a. m.","Información","Netwtw10","7026","7026 - Dump after return from D3 after cmd"
"11/8/2025 6:29:41 a. m.","Información","Netwtw10","7025","7025 - Dump after return from D3 before cmd "
"11/8/2025 6:28:57 a. m.","Información","Netwtw10","7026","7026 - Dump after return from D3 after cmd"
"11/8/2025 6:28:57 a. m.","Información","Netwtw10","7025","7025 - Dump after return from D3 before cmd "
"11/8/2025 6:28:56 a. m.","Advertencia","rt640x64","1","Realtek PCIe GbE Family Controller is disconnected from network."
"11/8/2025 6:28:53 a. m.","Información","Netwtw10","7026","7026 - Dump after return from D3 after cmd"
"11/8/2025 6:28:53 a. m.","Información","Netwtw10","7025","7025 - Dump after return from D3 before cmd "
"11/8/2025 6:21:53 a. m.","Información","Netwtw10","7026","7026 - Dump after return from D3 after cmd"
"11/8/2025 6:21:53 a. m.","Información","Netwtw10","7025","7025 - Dump after return from D3 before cmd "
"11/8/2025 6:15:00 a. m.","Información","nhi","9007","The driver entered RTD3.
 All the connected devices will be removed from driver's internal state, so it is expected that DeviceDisconnected events will happen."
"11/8/2025 6:14:55 a. m.","Información","nhi","9008","Driver exit RTD3.
 All the connected devices will now cause DeviceConnected events."
"11/8/2025 6:14:55 a. m.","Información","Netwtw10","7026","7026 - Dump after return from D3 after cmd"
"11/8/2025 6:14:55 a. m.","Información","Netwtw10","7025","7025 - Dump after return from D3 before cmd "
"11/8/2025 6:14:53 a. m.","Información","Netwtw10","7026","7026 - Dump after return from D3 after cmd"
"11/8/2025 6:14:53 a. m.","Información","Netwtw10","7025","7025 - Dump after return from D3 before cmd "
"11/8/2025 6:07:53 a. m.","Información","Netwtw10","7026","7026 - Dump after return from D3 after cmd"
"11/8/2025 6:07:53 a. m.","Información","Netwtw10","7025","7025 - Dump after return from D3 before cmd "
"11/8/2025 6:00:52 a. m.","Advertencia","rt640x64","1","Realtek PCIe GbE Family Controller is disconnected from network."
"11/8/2025 6:00:49 a. m.","Información","Netwtw10","7026","7026 - Dump after return from D3 after cmd"
"11/8/2025 6:00:49 a. m.","Información","Netwtw10","7025","7025 - Dump after return from D3 before cmd "
"11/8/2025 6:00:22 a. m.","Información","Netwtw10","7026","7026 - Dump after return from D3 after cmd"
"11/8/2025 6:00:22 a. m.","Información","Netwtw10","7025","7025 - Dump after return from D3 before cmd "
"11/8/2025 5:53:30 a. m.","Información","nhi","9007","The driver entered RTD3.
 All the connected devices will be removed from driver's internal state, so it is expected that DeviceDisconnected events will happen."
"11/8/2025 5:53:24 a. m.","Advertencia","rt640x64","1","Realtek PCIe GbE Family Controller is disconnected from network."
"11/8/2025 5:53:21 a. m.","Información","Netwtw10","7026","7026 - Dump after return from D3 after cmd"
"11/8/2025 5:53:21 a. m.","Información","Netwtw10","7025","7025 - Dump after return from D3 before cmd "
"11/8/2025 5:48:48 a. m.","Información","Netwtw10","7026","7026 - Dump after return from D3 after cmd"
"11/8/2025 5:48:48 a. m.","Información","Netwtw10","7025","7025 - Dump after return from D3 before cmd "
"11/8/2025 5:48:48 a. m.","Información","nhi","9008","Driver exit RTD3.
 All the connected devices will now cause DeviceConnected events."
"11/8/2025 5:48:45 a. m.","Información","Netwtw10","7026","7026 - Dump after return from D3 after cmd"
"11/8/2025 5:48:45 a. m.","Información","Netwtw10","7025","7025 - Dump after return from D3 before cmd "
"11/8/2025 5:41:52 a. m.","Información","nhi","9007","The driver entered RTD3.
 All the connected devices will be removed from driver's internal state, so it is expected that DeviceDisconnected events will happen."
"11/8/2025 5:41:47 a. m.","Información","nhi","9008","Driver exit RTD3.
 All the connected devices will now cause DeviceConnected events."
"11/8/2025 5:41:46 a. m.","Información","Netwtw10","7026","7026 - Dump after return from D3 after cmd"
"11/8/2025 5:41:46 a. m.","Información","Netwtw10","7025","7025 - Dump after return from D3 before cmd "
"11/8/2025 5:41:45 a. m.","Información","Netwtw10","7026","7026 - Dump after return from D3 after cmd"
"11/8/2025 5:41:45 a. m.","Información","Netwtw10","7025","7025 - Dump after return from D3 before cmd "
"11/8/2025 5:34:46 a. m.","Advertencia","rt640x64","1","Realtek PCIe GbE Family Controller is disconnected from network."
"11/8/2025 5:34:43 a. m.","Información","Netwtw10","7026","7026 - Dump after return from D3 after cmd"
"11/8/2025 5:34:43 a. m.","Información","Netwtw10","7025","7025 - Dump after return from D3 before cmd "
"11/8/2025 5:34:16 a. m.","Información","Netwtw10","7026","7026 - Dump after return from D3 after cmd"
"11/8/2025 5:34:16 a. m.","Información","Netwtw10","7025","7025 - Dump after return from D3 before cmd "
"11/8/2025 5:27:21 a. m.","Información","nhi","9007","The driver entered RTD3.
 All the connected devices will be removed from driver's internal state, so it is expected that DeviceDisconnected events will happen."
"11/8/2025 5:27:19 a. m.","Advertencia","rt640x64","1","Realtek PCIe GbE Family Controller is disconnected from network."
"11/8/2025 5:27:15 a. m.","Información","Netwtw10","7026","7026 - Dump after return from D3 after cmd"
"11/8/2025 5:27:15 a. m.","Información","Netwtw10","7025","7025 - Dump after return from D3 before cmd "
"11/8/2025 5:22:41 a. m.","Información","nhi","9008","Driver exit RTD3.
 All the connected devices will now cause DeviceConnected events."
"11/8/2025 5:22:41 a. m.","Información","Netwtw10","7026","7026 - Dump after return from D3 after cmd"
"11/8/2025 5:22:41 a. m.","Información","Netwtw10","7025","7025 - Dump after return from D3 before cmd "
"11/8/2025 5:22:40 a. m.","Información","Netwtw10","7026","7026 - Dump after return from D3 after cmd"
"11/8/2025 5:22:40 a. m.","Información","Netwtw10","7025","7025 - Dump after return from D3 before cmd "
"11/8/2025 5:15:40 a. m.","Información","Netwtw10","7026","7026 - Dump after return from D3 after cmd"
"11/8/2025 5:15:40 a. m.","Información","Netwtw10","7025","7025 - Dump after return from D3 before cmd "
"11/8/2025 5:09:37 a. m.","Información","Microsoft-Windows-IsolatedUserMode","2","Secure Trustlet Id 6 and Pid 3024 stopped with status STATUS_SUCCESS."
"11/8/2025 5:08:39 a. m.","Información","Netwtw10","7026","7026 - Dump after return from D3 after cmd"
"11/8/2025 5:08:39 a. m.","Información","Netwtw10","7025","7025 - Dump after return from D3 before cmd "
"11/8/2025 5:08:09 a. m.","Advertencia","rt640x64","1","Realtek PCIe GbE Family Controller is disconnected from network."
"11/8/2025 5:08:06 a. m.","Información","Netwtw10","7026","7026 - Dump after return from D3 after cmd"
"11/8/2025 5:08:06 a. m.","Información","Netwtw10","7025","7025 - Dump after return from D3 before cmd "
"11/8/2025 5:03:43 a. m.","Información","nhi","9007","The driver entered RTD3.
 All the connected devices will be removed from driver's internal state, so it is expected that DeviceDisconnected events will happen."
"11/8/2025 5:01:15 a. m.","Información","Netwtw10","7026","7026 - Dump after return from D3 after cmd"
"11/8/2025 5:01:15 a. m.","Información","Netwtw10","7025","7025 - Dump after return from D3 before cmd "
"11/8/2025 5:01:15 a. m.","Información","nhi","9008","Driver exit RTD3.
 All the connected devices will now cause DeviceConnected events."
"11/8/2025 5:01:10 a. m.","Información","Netwtw10","7026","7026 - Dump after return from D3 after cmd"
"11/8/2025 5:01:10 a. m.","Información","Netwtw10","7025","7025 - Dump after return from D3 before cmd "
"11/8/2025 5:01:09 a. m.","Advertencia","rt640x64","1","Realtek PCIe GbE Family Controller is disconnected from network."
"11/8/2025 5:01:06 a. m.","Información","Netwtw10","7026","7026 - Dump after return from D3 after cmd"
"11/8/2025 5:01:06 a. m.","Información","Netwtw10","7025","7025 - Dump after return from D3 before cmd "
"11/8/2025 4:54:27 a. m.","Información","nhi","9007","The driver entered RTD3.
 All the connected devices will be removed from driver's internal state, so it is expected that DeviceDisconnected events will happen."
"11/8/2025 4:54:08 a. m.","Información","nhi","9008","Driver exit RTD3.
 All the connected devices will now cause DeviceConnected events."
"11/8/2025 4:54:08 a. m.","Información","Netwtw10","7026","7026 - Dump after return from D3 after cmd"
"11/8/2025 4:54:08 a. m.","Información","Netwtw10","7025","7025 - Dump after return from D3 before cmd "
"11/8/2025 4:54:06 a. m.","Información","Netwtw10","7026","7026 - Dump after return from D3 after cmd"
"11/8/2025 4:54:06 a. m.","Información","Netwtw10","7025","7025 - Dump after return from D3 before cmd "
"11/8/2025 4:51:06 a. m.","Información","Microsoft-Windows-Kernel-Power","566","La sesión del sistema ha cambiado de 90 a 91.

Motivo InputMouse 

BootId: 11"
"11/8/2025 4:50:58 a. m.","Información","Microsoft-Windows-Kernel-General","16","El historial de accesos en el subárbol \??\C:\ProgramData\Microsoft\Windows\AppRepository\Packages\MSTeams_25198.1109.3837.4725_x64__8wekyb3d8bbwe\ActivationStore.dat se borró mediante la actualización de 0 claves y la creación de 0 páginas modificadas."
"11/8/2025 4:49:59 a. m.","Información","Microsoft-Windows-Kernel-Power","506","El sistema está entrando en el modo de espera moderno 

motivo: 16777220. "
"11/8/2025 4:49:59 a. m.","Información","Microsoft-Windows-Kernel-Power","566","La sesión del sistema ha cambiado de 89 a 90.

Motivo 16777220 

BootId: 11"
"11/8/2025 4:49:59 a. m.","Información","Microsoft-Windows-Kernel-Power","507","El sistema está saliendo del modo de espera moderno 

motivo: 16777220. "
"11/8/2025 4:49:58 a. m.","Información","Microsoft-Windows-Kernel-Power","566","La sesión del sistema ha cambiado de 88 a 89.

Motivo InputMouse 

BootId: 11"
"11/8/2025 4:48:00 a. m.","Información","Microsoft-Windows-IsolatedUserMode","1","Secure Trustlet \??\C:\WINDOWS\System32\NgcIso.exe Id 6 and Pid 3024 started with status STATUS_SUCCESS."
"11/8/2025 4:48:00 a. m.","Información","Microsoft-Windows-IsolatedUserMode","5","Secure Trustlet NULL Id 0 and Pid 0 started with status STATUS_SUCCESS."
"11/8/2025 4:47:46 a. m.","Información","Microsoft-Windows-Kernel-Power","506","El sistema está entrando en el modo de espera moderno 

motivo: 16777220. "
