"14/8/2025 11:26:42 p. m.","Información","Microsoft-Windows-Kernel-Power","105","Cambio de fuente de energía."
"14/8/2025 11:26:16 p. m.","Información","Netwtw10","7026","7026 - Dump after return from D3 after cmd"
"14/8/2025 11:26:16 p. m.","Información","Netwtw10","7025","7025 - Dump after return from D3 before cmd "
"14/8/2025 11:24:16 p. m.","Información","Netwtw10","7026","7026 - Dump after return from D3 after cmd"
"14/8/2025 11:24:16 p. m.","Información","Netwtw10","7025","7025 - Dump after return from D3 before cmd "
"14/8/2025 11:22:16 p. m.","Información","Netwtw10","7026","7026 - Dump after return from D3 after cmd"
"14/8/2025 11:22:16 p. m.","Información","Netwtw10","7025","7025 - Dump after return from D3 before cmd "
"14/8/2025 11:20:16 p. m.","Información","Netwtw10","7026","7026 - Dump after return from D3 after cmd"
"14/8/2025 11:20:16 p. m.","Información","Netwtw10","7025","7025 - Dump after return from D3 before cmd "
"14/8/2025 11:18:53 p. m.","Información","Netwtw10","7026","7026 - Dump after return from D3 after cmd"
"14/8/2025 11:18:53 p. m.","Información","Netwtw10","7025","7025 - Dump after return from D3 before cmd "
"14/8/2025 11:18:16 p. m.","Información","Netwtw10","7026","7026 - Dump after return from D3 after cmd"
"14/8/2025 11:18:16 p. m.","Información","Netwtw10","7025","7025 - Dump after return from D3 before cmd "
"14/8/2025 11:16:15 p. m.","Información","Netwtw10","7026","7026 - Dump after return from D3 after cmd"
"14/8/2025 11:16:15 p. m.","Información","Netwtw10","7025","7025 - Dump after return from D3 before cmd "
"14/8/2025 11:14:15 p. m.","Información","Netwtw10","7026","7026 - Dump after return from D3 after cmd"
"14/8/2025 11:14:15 p. m.","Información","Netwtw10","7025","7025 - Dump after return from D3 before cmd "
"14/8/2025 11:12:15 p. m.","Información","Netwtw10","7026","7026 - Dump after return from D3 after cmd"
"14/8/2025 11:12:15 p. m.","Información","Netwtw10","7025","7025 - Dump after return from D3 before cmd "
"14/8/2025 11:11:47 p. m.","Advertencia","rt640x64","1","Realtek PCIe GbE Family Controller is disconnected from network."
"14/8/2025 11:11:43 p. m.","Información","Netwtw10","7026","7026 - Dump after return from D3 after cmd"
"14/8/2025 11:11:43 p. m.","Información","Netwtw10","7025","7025 - Dump after return from D3 before cmd "
"14/8/2025 11:10:15 p. m.","Información","Netwtw10","7026","7026 - Dump after return from D3 after cmd"
"14/8/2025 11:10:15 p. m.","Información","Netwtw10","7025","7025 - Dump after return from D3 before cmd "
"14/8/2025 11:08:15 p. m.","Información","Netwtw10","7026","7026 - Dump after return from D3 after cmd"
"14/8/2025 11:08:15 p. m.","Información","Netwtw10","7025","7025 - Dump after return from D3 before cmd "
"14/8/2025 11:06:15 p. m.","Información","Netwtw10","7026","7026 - Dump after return from D3 after cmd"
"14/8/2025 11:06:15 p. m.","Información","Netwtw10","7025","7025 - Dump after return from D3 before cmd "
"14/8/2025 11:04:15 p. m.","Información","Netwtw10","7026","7026 - Dump after return from D3 after cmd"
"14/8/2025 11:04:15 p. m.","Información","Netwtw10","7025","7025 - Dump after return from D3 before cmd "
"14/8/2025 11:02:15 p. m.","Información","Netwtw10","7026","7026 - Dump after return from D3 after cmd"
"14/8/2025 11:02:15 p. m.","Información","Netwtw10","7025","7025 - Dump after return from D3 before cmd "
"14/8/2025 11:00:15 p. m.","Información","Netwtw10","7026","7026 - Dump after return from D3 after cmd"
"14/8/2025 11:00:15 p. m.","Información","Netwtw10","7025","7025 - Dump after return from D3 before cmd "
"14/8/2025 10:58:15 p. m.","Información","Netwtw10","7026","7026 - Dump after return from D3 after cmd"
"14/8/2025 10:58:15 p. m.","Información","Netwtw10","7025","7025 - Dump after return from D3 before cmd "
"14/8/2025 10:56:15 p. m.","Información","Netwtw10","7026","7026 - Dump after return from D3 after cmd"
"14/8/2025 10:56:15 p. m.","Información","Netwtw10","7025","7025 - Dump after return from D3 before cmd "
"14/8/2025 10:54:15 p. m.","Información","Netwtw10","7026","7026 - Dump after return from D3 after cmd"
"14/8/2025 10:54:15 p. m.","Información","Netwtw10","7025","7025 - Dump after return from D3 before cmd "
"14/8/2025 10:52:15 p. m.","Información","Netwtw10","7026","7026 - Dump after return from D3 after cmd"
"14/8/2025 10:52:15 p. m.","Información","Netwtw10","7025","7025 - Dump after return from D3 before cmd "
"14/8/2025 10:50:15 p. m.","Información","Netwtw10","7026","7026 - Dump after return from D3 after cmd"
"14/8/2025 10:50:15 p. m.","Información","Netwtw10","7025","7025 - Dump after return from D3 before cmd "
"14/8/2025 10:48:15 p. m.","Información","Netwtw10","7026","7026 - Dump after return from D3 after cmd"
"14/8/2025 10:48:15 p. m.","Información","Netwtw10","7025","7025 - Dump after return from D3 before cmd "
"14/8/2025 10:46:15 p. m.","Información","Netwtw10","7026","7026 - Dump after return from D3 after cmd"
"14/8/2025 10:46:15 p. m.","Información","Netwtw10","7025","7025 - Dump after return from D3 before cmd "
"14/8/2025 10:44:15 p. m.","Información","Netwtw10","7026","7026 - Dump after return from D3 after cmd"
"14/8/2025 10:44:15 p. m.","Información","Netwtw10","7025","7025 - Dump after return from D3 before cmd "
"14/8/2025 10:42:15 p. m.","Información","Netwtw10","7026","7026 - Dump after return from D3 after cmd"
"14/8/2025 10:42:15 p. m.","Información","Netwtw10","7025","7025 - Dump after return from D3 before cmd "
"14/8/2025 10:40:15 p. m.","Información","Netwtw10","7026","7026 - Dump after return from D3 after cmd"
"14/8/2025 10:40:15 p. m.","Información","Netwtw10","7025","7025 - Dump after return from D3 before cmd "
"14/8/2025 10:38:15 p. m.","Información","Netwtw10","7026","7026 - Dump after return from D3 after cmd"
"14/8/2025 10:38:15 p. m.","Información","Netwtw10","7025","7025 - Dump after return from D3 before cmd "
"14/8/2025 10:36:18 p. m.","Advertencia","rt640x64","1","Realtek PCIe GbE Family Controller is disconnected from network."
"14/8/2025 10:36:15 p. m.","Información","Netwtw10","7026","7026 - Dump after return from D3 after cmd"
"14/8/2025 10:36:15 p. m.","Información","Netwtw10","7025","7025 - Dump after return from D3 before cmd "
"14/8/2025 10:34:15 p. m.","Información","Netwtw10","7026","7026 - Dump after return from D3 after cmd"
"14/8/2025 10:34:15 p. m.","Información","Netwtw10","7025","7025 - Dump after return from D3 before cmd "
"14/8/2025 10:33:28 p. m.","Advertencia","rt640x64","1","Realtek PCIe GbE Family Controller is disconnected from network."
"14/8/2025 10:33:25 p. m.","Información","Netwtw10","7026","7026 - Dump after return from D3 after cmd"
"14/8/2025 10:33:25 p. m.","Información","Netwtw10","7025","7025 - Dump after return from D3 before cmd "
"14/8/2025 10:32:53 p. m.","Información","Netwtw10","7026","7026 - Dump after return from D3 after cmd"
"14/8/2025 10:32:53 p. m.","Información","Netwtw10","7025","7025 - Dump after return from D3 before cmd "
"14/8/2025 10:32:15 p. m.","Información","Netwtw10","7026","7026 - Dump after return from D3 after cmd"
"14/8/2025 10:32:15 p. m.","Información","Netwtw10","7025","7025 - Dump after return from D3 before cmd "
"14/8/2025 10:30:15 p. m.","Información","Netwtw10","7026","7026 - Dump after return from D3 after cmd"
"14/8/2025 10:30:15 p. m.","Información","Netwtw10","7025","7025 - Dump after return from D3 before cmd "
"14/8/2025 10:28:58 p. m.","Advertencia","rt640x64","1","Realtek PCIe GbE Family Controller is disconnected from network."
"14/8/2025 10:28:55 p. m.","Información","Netwtw10","7026","7026 - Dump after return from D3 after cmd"
"14/8/2025 10:28:55 p. m.","Información","Netwtw10","7025","7025 - Dump after return from D3 before cmd "
"14/8/2025 10:28:15 p. m.","Información","Netwtw10","7026","7026 - Dump after return from D3 after cmd"
"14/8/2025 10:28:15 p. m.","Información","Netwtw10","7025","7025 - Dump after return from D3 before cmd "
"14/8/2025 10:26:15 p. m.","Información","Netwtw10","7026","7026 - Dump after return from D3 after cmd"
"14/8/2025 10:26:15 p. m.","Información","Netwtw10","7025","7025 - Dump after return from D3 before cmd "
"14/8/2025 10:24:57 p. m.","Información","Netwtw10","7026","7026 - Dump after return from D3 after cmd"
"14/8/2025 10:24:57 p. m.","Información","Netwtw10","7025","7025 - Dump after return from D3 before cmd "
"14/8/2025 10:24:15 p. m.","Información","Netwtw10","7026","7026 - Dump after return from D3 after cmd"
"14/8/2025 10:24:15 p. m.","Información","Netwtw10","7025","7025 - Dump after return from D3 before cmd "
"14/8/2025 10:22:15 p. m.","Información","Netwtw10","7026","7026 - Dump after return from D3 after cmd"
"14/8/2025 10:22:15 p. m.","Información","Netwtw10","7025","7025 - Dump after return from D3 before cmd "
"14/8/2025 10:20:15 p. m.","Información","Netwtw10","7026","7026 - Dump after return from D3 after cmd"
"14/8/2025 10:20:15 p. m.","Información","Netwtw10","7025","7025 - Dump after return from D3 before cmd "
"14/8/2025 10:18:15 p. m.","Información","Netwtw10","7026","7026 - Dump after return from D3 after cmd"
"14/8/2025 10:18:15 p. m.","Información","Netwtw10","7025","7025 - Dump after return from D3 before cmd "
"14/8/2025 10:17:46 p. m.","Información","Netwtw10","7026","7026 - Dump after return from D3 after cmd"
"14/8/2025 10:17:46 p. m.","Información","Netwtw10","7025","7025 - Dump after return from D3 before cmd "
"14/8/2025 10:16:15 p. m.","Información","Netwtw10","7026","7026 - Dump after return from D3 after cmd"
"14/8/2025 10:16:15 p. m.","Información","Netwtw10","7025","7025 - Dump after return from D3 before cmd "
"14/8/2025 10:14:15 p. m.","Información","Netwtw10","7026","7026 - Dump after return from D3 after cmd"
"14/8/2025 10:14:15 p. m.","Información","Netwtw10","7025","7025 - Dump after return from D3 before cmd "
"14/8/2025 10:12:15 p. m.","Información","Netwtw10","7026","7026 - Dump after return from D3 after cmd"
"14/8/2025 10:12:15 p. m.","Información","Netwtw10","7025","7025 - Dump after return from D3 before cmd "
"14/8/2025 10:10:15 p. m.","Información","Netwtw10","7026","7026 - Dump after return from D3 after cmd"
"14/8/2025 10:10:15 p. m.","Información","Netwtw10","7025","7025 - Dump after return from D3 before cmd "
"14/8/2025 10:08:15 p. m.","Información","Netwtw10","7026","7026 - Dump after return from D3 after cmd"
"14/8/2025 10:08:15 p. m.","Información","Netwtw10","7025","7025 - Dump after return from D3 before cmd "
"14/8/2025 10:06:15 p. m.","Información","Netwtw10","7026","7026 - Dump after return from D3 after cmd"
"14/8/2025 10:06:15 p. m.","Información","Netwtw10","7025","7025 - Dump after return from D3 before cmd "
"14/8/2025 10:04:15 p. m.","Información","Netwtw10","7026","7026 - Dump after return from D3 after cmd"
"14/8/2025 10:04:15 p. m.","Información","Netwtw10","7025","7025 - Dump after return from D3 before cmd "
"14/8/2025 10:02:18 p. m.","Advertencia","rt640x64","1","Realtek PCIe GbE Family Controller is disconnected from network."
"14/8/2025 10:02:15 p. m.","Información","Netwtw10","7026","7026 - Dump after return from D3 after cmd"
"14/8/2025 10:02:15 p. m.","Información","Netwtw10","7025","7025 - Dump after return from D3 before cmd "
"14/8/2025 10:00:15 p. m.","Información","Netwtw10","7026","7026 - Dump after return from D3 after cmd"
"14/8/2025 10:00:15 p. m.","Información","Netwtw10","7025","7025 - Dump after return from D3 before cmd "
"14/8/2025 9:58:15 p. m.","Información","Netwtw10","7026","7026 - Dump after return from D3 after cmd"
"14/8/2025 9:58:15 p. m.","Información","Netwtw10","7025","7025 - Dump after return from D3 before cmd "
"14/8/2025 9:56:15 p. m.","Información","Netwtw10","7026","7026 - Dump after return from D3 after cmd"
"14/8/2025 9:56:15 p. m.","Información","Netwtw10","7025","7025 - Dump after return from D3 before cmd "
"14/8/2025 9:54:15 p. m.","Información","Netwtw10","7026","7026 - Dump after return from D3 after cmd"
"14/8/2025 9:54:15 p. m.","Información","Netwtw10","7025","7025 - Dump after return from D3 before cmd "
"14/8/2025 9:52:15 p. m.","Información","Netwtw10","7026","7026 - Dump after return from D3 after cmd"
"14/8/2025 9:52:15 p. m.","Información","Netwtw10","7025","7025 - Dump after return from D3 before cmd "
"14/8/2025 9:50:15 p. m.","Información","Netwtw10","7026","7026 - Dump after return from D3 after cmd"
"14/8/2025 9:50:15 p. m.","Información","Netwtw10","7025","7025 - Dump after return from D3 before cmd "
"14/8/2025 9:48:15 p. m.","Información","Netwtw10","7026","7026 - Dump after return from D3 after cmd"
"14/8/2025 9:48:15 p. m.","Información","Netwtw10","7025","7025 - Dump after return from D3 before cmd "
"14/8/2025 9:46:15 p. m.","Información","Netwtw10","7026","7026 - Dump after return from D3 after cmd"
"14/8/2025 9:46:15 p. m.","Información","Netwtw10","7025","7025 - Dump after return from D3 before cmd "
"14/8/2025 9:44:15 p. m.","Información","Netwtw10","7026","7026 - Dump after return from D3 after cmd"
"14/8/2025 9:44:15 p. m.","Información","Netwtw10","7025","7025 - Dump after return from D3 before cmd "
"14/8/2025 9:42:15 p. m.","Información","Netwtw10","7026","7026 - Dump after return from D3 after cmd"
"14/8/2025 9:42:15 p. m.","Información","Netwtw10","7025","7025 - Dump after return from D3 before cmd "
"14/8/2025 9:40:15 p. m.","Información","Netwtw10","7026","7026 - Dump after return from D3 after cmd"
"14/8/2025 9:40:15 p. m.","Información","Netwtw10","7025","7025 - Dump after return from D3 before cmd "
"14/8/2025 9:38:18 p. m.","Advertencia","rt640x64","1","Realtek PCIe GbE Family Controller is disconnected from network."
"14/8/2025 9:38:15 p. m.","Información","Netwtw10","7026","7026 - Dump after return from D3 after cmd"
"14/8/2025 9:38:15 p. m.","Información","Netwtw10","7025","7025 - Dump after return from D3 before cmd "
"14/8/2025 9:36:15 p. m.","Información","Netwtw10","7026","7026 - Dump after return from D3 after cmd"
"14/8/2025 9:36:15 p. m.","Información","Netwtw10","7025","7025 - Dump after return from D3 before cmd "
"14/8/2025 9:34:15 p. m.","Información","Netwtw10","7026","7026 - Dump after return from D3 after cmd"
"14/8/2025 9:34:15 p. m.","Información","Netwtw10","7025","7025 - Dump after return from D3 before cmd "
"14/8/2025 9:33:18 p. m.","Información","Netwtw10","7026","7026 - Dump after return from D3 after cmd"
"14/8/2025 9:33:18 p. m.","Información","Netwtw10","7025","7025 - Dump after return from D3 before cmd "
"14/8/2025 9:32:48 p. m.","Advertencia","rt640x64","1","Realtek PCIe GbE Family Controller is disconnected from network."
"14/8/2025 9:32:45 p. m.","Información","Netwtw10","7026","7026 - Dump after return from D3 after cmd"
"14/8/2025 9:32:45 p. m.","Información","Netwtw10","7025","7025 - Dump after return from D3 before cmd "
"14/8/2025 9:32:15 p. m.","Información","Netwtw10","7026","7026 - Dump after return from D3 after cmd"
"14/8/2025 9:32:15 p. m.","Información","Netwtw10","7025","7025 - Dump after return from D3 before cmd "
"14/8/2025 9:30:15 p. m.","Información","Netwtw10","7026","7026 - Dump after return from D3 after cmd"
"14/8/2025 9:30:15 p. m.","Información","Netwtw10","7025","7025 - Dump after return from D3 before cmd "
"14/8/2025 9:28:15 p. m.","Información","Netwtw10","7026","7026 - Dump after return from D3 after cmd"
"14/8/2025 9:28:15 p. m.","Información","Netwtw10","7025","7025 - Dump after return from D3 before cmd "
"14/8/2025 9:26:15 p. m.","Información","Netwtw10","7026","7026 - Dump after return from D3 after cmd"
"14/8/2025 9:26:15 p. m.","Información","Netwtw10","7025","7025 - Dump after return from D3 before cmd "
"14/8/2025 9:24:15 p. m.","Información","Netwtw10","7026","7026 - Dump after return from D3 after cmd"
"14/8/2025 9:24:15 p. m.","Información","Netwtw10","7025","7025 - Dump after return from D3 before cmd "
"14/8/2025 9:22:15 p. m.","Información","Netwtw10","7026","7026 - Dump after return from D3 after cmd"
"14/8/2025 9:22:15 p. m.","Información","Netwtw10","7025","7025 - Dump after return from D3 before cmd "
"14/8/2025 9:20:15 p. m.","Información","Netwtw10","7026","7026 - Dump after return from D3 after cmd"
"14/8/2025 9:20:15 p. m.","Información","Netwtw10","7025","7025 - Dump after return from D3 before cmd "
"14/8/2025 9:18:15 p. m.","Información","Netwtw10","7026","7026 - Dump after return from D3 after cmd"
"14/8/2025 9:18:15 p. m.","Información","Netwtw10","7025","7025 - Dump after return from D3 before cmd "
"14/8/2025 9:16:15 p. m.","Información","Netwtw10","7026","7026 - Dump after return from D3 after cmd"
"14/8/2025 9:16:15 p. m.","Información","Netwtw10","7025","7025 - Dump after return from D3 before cmd "
"14/8/2025 9:14:18 p. m.","Advertencia","rt640x64","1","Realtek PCIe GbE Family Controller is disconnected from network."
"14/8/2025 9:14:15 p. m.","Información","Netwtw10","7026","7026 - Dump after return from D3 after cmd"
"14/8/2025 9:14:15 p. m.","Información","Netwtw10","7025","7025 - Dump after return from D3 before cmd "
"14/8/2025 9:12:15 p. m.","Información","Netwtw10","7026","7026 - Dump after return from D3 after cmd"
"14/8/2025 9:12:15 p. m.","Información","Netwtw10","7025","7025 - Dump after return from D3 before cmd "
"14/8/2025 9:10:15 p. m.","Información","Netwtw10","7026","7026 - Dump after return from D3 after cmd"
"14/8/2025 9:10:15 p. m.","Información","Netwtw10","7025","7025 - Dump after return from D3 before cmd "
"14/8/2025 9:08:15 p. m.","Información","Netwtw10","7026","7026 - Dump after return from D3 after cmd"
"14/8/2025 9:08:15 p. m.","Información","Netwtw10","7025","7025 - Dump after return from D3 before cmd "
"14/8/2025 9:06:15 p. m.","Información","Netwtw10","7026","7026 - Dump after return from D3 after cmd"
"14/8/2025 9:06:15 p. m.","Información","Netwtw10","7025","7025 - Dump after return from D3 before cmd "
"14/8/2025 9:04:15 p. m.","Información","Netwtw10","7026","7026 - Dump after return from D3 after cmd"
"14/8/2025 9:04:15 p. m.","Información","Netwtw10","7025","7025 - Dump after return from D3 before cmd "
"14/8/2025 9:02:15 p. m.","Información","Netwtw10","7026","7026 - Dump after return from D3 after cmd"
"14/8/2025 9:02:15 p. m.","Información","Netwtw10","7025","7025 - Dump after return from D3 before cmd "
"14/8/2025 9:00:15 p. m.","Información","Netwtw10","7026","7026 - Dump after return from D3 after cmd"
"14/8/2025 9:00:15 p. m.","Información","Netwtw10","7025","7025 - Dump after return from D3 before cmd "
"14/8/2025 8:58:15 p. m.","Información","Netwtw10","7026","7026 - Dump after return from D3 after cmd"
"14/8/2025 8:58:15 p. m.","Información","Netwtw10","7025","7025 - Dump after return from D3 before cmd "
"14/8/2025 8:56:15 p. m.","Información","Netwtw10","7026","7026 - Dump after return from D3 after cmd"
"14/8/2025 8:56:15 p. m.","Información","Netwtw10","7025","7025 - Dump after return from D3 before cmd "
"14/8/2025 8:54:15 p. m.","Información","Netwtw10","7026","7026 - Dump after return from D3 after cmd"
"14/8/2025 8:54:15 p. m.","Información","Netwtw10","7025","7025 - Dump after return from D3 before cmd "
"14/8/2025 8:52:15 p. m.","Información","Netwtw10","7026","7026 - Dump after return from D3 after cmd"
"14/8/2025 8:52:15 p. m.","Información","Netwtw10","7025","7025 - Dump after return from D3 before cmd "
"14/8/2025 8:50:15 p. m.","Información","Netwtw10","7026","7026 - Dump after return from D3 after cmd"
"14/8/2025 8:50:15 p. m.","Información","Netwtw10","7025","7025 - Dump after return from D3 before cmd "
"14/8/2025 8:48:15 p. m.","Información","Netwtw10","7026","7026 - Dump after return from D3 after cmd"
"14/8/2025 8:48:15 p. m.","Información","Netwtw10","7025","7025 - Dump after return from D3 before cmd "
"14/8/2025 8:46:15 p. m.","Información","Netwtw10","7026","7026 - Dump after return from D3 after cmd"
"14/8/2025 8:46:15 p. m.","Información","Netwtw10","7025","7025 - Dump after return from D3 before cmd "
"14/8/2025 8:44:15 p. m.","Información","Netwtw10","7026","7026 - Dump after return from D3 after cmd"
"14/8/2025 8:44:15 p. m.","Información","Netwtw10","7025","7025 - Dump after return from D3 before cmd "
"14/8/2025 8:42:15 p. m.","Información","Netwtw10","7026","7026 - Dump after return from D3 after cmd"
"14/8/2025 8:42:15 p. m.","Información","Netwtw10","7025","7025 - Dump after return from D3 before cmd "
"14/8/2025 8:40:15 p. m.","Información","Netwtw10","7026","7026 - Dump after return from D3 after cmd"
"14/8/2025 8:40:15 p. m.","Información","Netwtw10","7025","7025 - Dump after return from D3 before cmd "
"14/8/2025 8:40:13 p. m.","Información","nhi","9007","The driver entered RTD3.
 All the connected devices will be removed from driver's internal state, so it is expected that DeviceDisconnected events will happen."
"14/8/2025 8:40:07 p. m.","Información","Netwtw10","7026","7026 - Dump after return from D3 after cmd"
"14/8/2025 8:40:07 p. m.","Información","Netwtw10","7025","7025 - Dump after return from D3 before cmd "
"14/8/2025 8:40:06 p. m.","Información","Netwtw10","7026","7026 - Dump after return from D3 after cmd"
"14/8/2025 8:40:06 p. m.","Información","Netwtw10","7025","7025 - Dump after return from D3 before cmd "
"14/8/2025 8:40:04 p. m.","Información","Netwtw10","7026","7026 - Dump after return from D3 after cmd"
"14/8/2025 8:40:04 p. m.","Información","Netwtw10","7025","7025 - Dump after return from D3 before cmd "
"14/8/2025 8:40:04 p. m.","Información","nhi","9008","Driver exit RTD3.
 All the connected devices will now cause DeviceConnected events."
"14/8/2025 8:38:15 p. m.","Información","Netwtw10","7026","7026 - Dump after return from D3 after cmd"
"14/8/2025 8:38:15 p. m.","Información","Netwtw10","7025","7025 - Dump after return from D3 before cmd "
"14/8/2025 8:36:15 p. m.","Información","Netwtw10","7026","7026 - Dump after return from D3 after cmd"
"14/8/2025 8:36:15 p. m.","Información","Netwtw10","7025","7025 - Dump after return from D3 before cmd "
"14/8/2025 8:34:15 p. m.","Información","Netwtw10","7026","7026 - Dump after return from D3 after cmd"
"14/8/2025 8:34:15 p. m.","Información","Netwtw10","7025","7025 - Dump after return from D3 before cmd "
"14/8/2025 8:32:15 p. m.","Información","Netwtw10","7026","7026 - Dump after return from D3 after cmd"
"14/8/2025 8:32:15 p. m.","Información","Netwtw10","7025","7025 - Dump after return from D3 before cmd "
"14/8/2025 8:31:16 p. m.","Información","nhi","9007","The driver entered RTD3.
 All the connected devices will be removed from driver's internal state, so it is expected that DeviceDisconnected events will happen."
"14/8/2025 8:31:10 p. m.","Advertencia","rt640x64","1","Realtek PCIe GbE Family Controller is disconnected from network."
"14/8/2025 8:31:07 p. m.","Información","Netwtw10","7026","7026 - Dump after return from D3 after cmd"
"14/8/2025 8:31:07 p. m.","Información","Netwtw10","7025","7025 - Dump after return from D3 before cmd "
"14/8/2025 8:31:06 p. m.","Información","Netwtw10","7026","7026 - Dump after return from D3 after cmd"
"14/8/2025 8:31:06 p. m.","Información","Netwtw10","7025","7025 - Dump after return from D3 before cmd "
"14/8/2025 8:31:06 p. m.","Información","nhi","9008","Driver exit RTD3.
 All the connected devices will now cause DeviceConnected events."
"14/8/2025 8:31:02 p. m.","Información","Netwtw10","7026","7026 - Dump after return from D3 after cmd"
"14/8/2025 8:31:02 p. m.","Información","Netwtw10","7025","7025 - Dump after return from D3 before cmd "
"14/8/2025 8:30:15 p. m.","Información","Netwtw10","7026","7026 - Dump after return from D3 after cmd"
"14/8/2025 8:30:15 p. m.","Información","Netwtw10","7025","7025 - Dump after return from D3 before cmd "
"14/8/2025 8:28:15 p. m.","Información","Netwtw10","7026","7026 - Dump after return from D3 after cmd"
"14/8/2025 8:28:15 p. m.","Información","Netwtw10","7025","7025 - Dump after return from D3 before cmd "
"14/8/2025 8:26:18 p. m.","Advertencia","rt640x64","1","Realtek PCIe GbE Family Controller is disconnected from network."
"14/8/2025 8:26:15 p. m.","Información","Netwtw10","7026","7026 - Dump after return from D3 after cmd"
"14/8/2025 8:26:15 p. m.","Información","Netwtw10","7025","7025 - Dump after return from D3 before cmd "
"14/8/2025 8:24:15 p. m.","Información","Netwtw10","7026","7026 - Dump after return from D3 after cmd"
"14/8/2025 8:24:15 p. m.","Información","Netwtw10","7025","7025 - Dump after return from D3 before cmd "
"14/8/2025 8:23:12 p. m.","Información","Netwtw10","7026","7026 - Dump after return from D3 after cmd"
"14/8/2025 8:23:12 p. m.","Información","Netwtw10","7025","7025 - Dump after return from D3 before cmd "
"14/8/2025 8:22:15 p. m.","Información","Netwtw10","7026","7026 - Dump after return from D3 after cmd"
"14/8/2025 8:22:15 p. m.","Información","Netwtw10","7025","7025 - Dump after return from D3 before cmd "
"14/8/2025 8:20:15 p. m.","Información","Netwtw10","7026","7026 - Dump after return from D3 after cmd"
"14/8/2025 8:20:15 p. m.","Información","Netwtw10","7025","7025 - Dump after return from D3 before cmd "
"14/8/2025 8:18:15 p. m.","Información","Netwtw10","7026","7026 - Dump after return from D3 after cmd"
"14/8/2025 8:18:15 p. m.","Información","Netwtw10","7025","7025 - Dump after return from D3 before cmd "
"14/8/2025 8:17:28 p. m.","Información","Microsoft-Windows-Kernel-General","16","El historial de accesos en el subárbol \??\C:\Users\PCTIC-05\AppData\Local\Packages\Microsoft.WindowsFeedbackHub_8wekyb3d8bbwe\Settings\settings.dat se borró mediante la actualización de 3 claves y la creación de 1 páginas modificadas."
"14/8/2025 8:16:35 p. m.","Información","nhi","9007","The driver entered RTD3.
 All the connected devices will be removed from driver's internal state, so it is expected that DeviceDisconnected events will happen."
"14/8/2025 8:16:28 p. m.","Información","Netwtw10","7026","7026 - Dump after return from D3 after cmd"
"14/8/2025 8:16:28 p. m.","Información","Netwtw10","7025","7025 - Dump after return from D3 before cmd "
"14/8/2025 8:16:28 p. m.","Información","nhi","9008","Driver exit RTD3.
 All the connected devices will now cause DeviceConnected events."
"14/8/2025 8:16:18 p. m.","Advertencia","rt640x64","1","Realtek PCIe GbE Family Controller is disconnected from network."
"14/8/2025 8:16:15 p. m.","Información","Netwtw10","7026","7026 - Dump after return from D3 after cmd"
"14/8/2025 8:16:15 p. m.","Información","Netwtw10","7025","7025 - Dump after return from D3 before cmd "
"14/8/2025 8:14:28 p. m.","Información","nhi","9007","The driver entered RTD3.
 All the connected devices will be removed from driver's internal state, so it is expected that DeviceDisconnected events will happen."
"14/8/2025 8:14:21 p. m.","Información","Netwtw10","7026","7026 - Dump after return from D3 after cmd"
"14/8/2025 8:14:21 p. m.","Información","Netwtw10","7025","7025 - Dump after return from D3 before cmd "
"14/8/2025 8:14:21 p. m.","Información","nhi","9008","Driver exit RTD3.
 All the connected devices will now cause DeviceConnected events."
"14/8/2025 8:14:18 p. m.","Advertencia","rt640x64","1","Realtek PCIe GbE Family Controller is disconnected from network."
"14/8/2025 8:14:15 p. m.","Información","Netwtw10","7026","7026 - Dump after return from D3 after cmd"
"14/8/2025 8:14:15 p. m.","Información","Netwtw10","7025","7025 - Dump after return from D3 before cmd "
"14/8/2025 8:12:15 p. m.","Información","Netwtw10","7026","7026 - Dump after return from D3 after cmd"
"14/8/2025 8:12:15 p. m.","Información","Netwtw10","7025","7025 - Dump after return from D3 before cmd "
"14/8/2025 8:10:15 p. m.","Información","Netwtw10","7026","7026 - Dump after return from D3 after cmd"
"14/8/2025 8:10:15 p. m.","Información","Netwtw10","7025","7025 - Dump after return from D3 before cmd "
"14/8/2025 8:08:15 p. m.","Información","Netwtw10","7026","7026 - Dump after return from D3 after cmd"
"14/8/2025 8:08:15 p. m.","Información","Netwtw10","7025","7025 - Dump after return from D3 before cmd "
"14/8/2025 8:06:15 p. m.","Información","Netwtw10","7026","7026 - Dump after return from D3 after cmd"
"14/8/2025 8:06:15 p. m.","Información","Netwtw10","7025","7025 - Dump after return from D3 before cmd "
"14/8/2025 8:04:15 p. m.","Información","Netwtw10","7026","7026 - Dump after return from D3 after cmd"
"14/8/2025 8:04:15 p. m.","Información","Netwtw10","7025","7025 - Dump after return from D3 before cmd "
"14/8/2025 8:02:15 p. m.","Información","Netwtw10","7026","7026 - Dump after return from D3 after cmd"
"14/8/2025 8:02:15 p. m.","Información","Netwtw10","7025","7025 - Dump after return from D3 before cmd "
"14/8/2025 8:00:15 p. m.","Información","Netwtw10","7026","7026 - Dump after return from D3 after cmd"
"14/8/2025 8:00:15 p. m.","Información","Netwtw10","7025","7025 - Dump after return from D3 before cmd "
"14/8/2025 7:58:15 p. m.","Información","Netwtw10","7026","7026 - Dump after return from D3 after cmd"
"14/8/2025 7:58:15 p. m.","Información","Netwtw10","7025","7025 - Dump after return from D3 before cmd "
"14/8/2025 7:56:15 p. m.","Información","Netwtw10","7026","7026 - Dump after return from D3 after cmd"
"14/8/2025 7:56:15 p. m.","Información","Netwtw10","7025","7025 - Dump after return from D3 before cmd "
"14/8/2025 7:54:15 p. m.","Información","Netwtw10","7026","7026 - Dump after return from D3 after cmd"
"14/8/2025 7:54:15 p. m.","Información","Netwtw10","7025","7025 - Dump after return from D3 before cmd "
"14/8/2025 7:52:15 p. m.","Información","Netwtw10","7026","7026 - Dump after return from D3 after cmd"
"14/8/2025 7:52:15 p. m.","Información","Netwtw10","7025","7025 - Dump after return from D3 before cmd "
"14/8/2025 7:50:15 p. m.","Información","Netwtw10","7026","7026 - Dump after return from D3 after cmd"
"14/8/2025 7:50:15 p. m.","Información","Netwtw10","7025","7025 - Dump after return from D3 before cmd "
"14/8/2025 7:48:15 p. m.","Información","Netwtw10","7026","7026 - Dump after return from D3 after cmd"
"14/8/2025 7:48:15 p. m.","Información","Netwtw10","7025","7025 - Dump after return from D3 before cmd "
"14/8/2025 7:46:15 p. m.","Información","Netwtw10","7026","7026 - Dump after return from D3 after cmd"
"14/8/2025 7:46:15 p. m.","Información","Netwtw10","7025","7025 - Dump after return from D3 before cmd "
"14/8/2025 7:44:15 p. m.","Información","Netwtw10","7026","7026 - Dump after return from D3 after cmd"
"14/8/2025 7:44:15 p. m.","Información","Netwtw10","7025","7025 - Dump after return from D3 before cmd "
"14/8/2025 7:42:40 p. m.","Error","Microsoft-Windows-DistributedCOM","10010","El servidor {338B40F9-9D68-4B53-A793-6B9AA0C5F63B} no se registró con DCOM dentro del tiempo de espera requerido."
"14/8/2025 7:42:15 p. m.","Información","Netwtw10","7026","7026 - Dump after return from D3 after cmd"
"14/8/2025 7:42:15 p. m.","Información","Netwtw10","7025","7025 - Dump after return from D3 before cmd "
"14/8/2025 7:36:50 p. m.","Advertencia","Netwtw10","6062","6062 - Lso was triggered"
"14/8/2025 7:36:34 p. m.","Información","Microsoft-Windows-WindowsUpdateClient","44","Windows Update comenzó a descargar una actualización."
"14/8/2025 7:36:34 p. m.","Información","Microsoft-Windows-WindowsUpdateClient","44","Windows Update comenzó a descargar una actualización."
"14/8/2025 7:36:34 p. m.","Información","Microsoft-Windows-WindowsUpdateClient","44","Windows Update comenzó a descargar una actualización."
"14/8/2025 7:36:16 p. m.","Información","nhi","9007","The driver entered RTD3.
 All the connected devices will be removed from driver's internal state, so it is expected that DeviceDisconnected events will happen."
"14/8/2025 7:36:10 p. m.","Información","Netwtw10","7021","7021 - Connection telemetry fields and analysis usage"
"14/8/2025 7:36:09 p. m.","Información","Netwtw10","7026","7026 - Dump after return from D3 after cmd"
"14/8/2025 7:36:09 p. m.","Información","Netwtw10","7025","7025 - Dump after return from D3 before cmd "
"14/8/2025 7:36:09 p. m.","Información","nhi","9008","Driver exit RTD3.
 All the connected devices will now cause DeviceConnected events."
"14/8/2025 7:31:09 p. m.","Información","Microsoft-Windows-Kernel-Power","566","La sesión del sistema ha cambiado de 62 a 63.

Motivo InputMouse 

BootId: 12"
"14/8/2025 7:31:03 p. m.","Información","Microsoft-Windows-Kernel-Power","506","El sistema está entrando en el modo de espera moderno 

motivo: AC/DC Display Burst Suppressed. "
"14/8/2025 7:31:03 p. m.","Información","Microsoft-Windows-Kernel-Power","566","La sesión del sistema ha cambiado de 61 a 62.

Motivo InputMouse 

BootId: 12"
"14/8/2025 7:31:03 p. m.","Información","Microsoft-Windows-Kernel-Power","507","El sistema está saliendo del modo de espera moderno 

motivo: AC/DC Display Burst Suppressed. "
"14/8/2025 7:31:03 p. m.","Información","Microsoft-Windows-Kernel-Power","566","La sesión del sistema ha cambiado de 60 a 61.

Motivo InputMouse 

BootId: 12"
"14/8/2025 7:31:03 p. m.","Información","Microsoft-Windows-Kernel-Power","105","Cambio de fuente de energía."
"14/8/2025 7:31:02 p. m.","Información","Microsoft-Windows-Hyper-V-VmSwitch","291","Descarga de RSC modificada para la 6598FD11-7307-4DD7-8E4A-3EC4FB88B3D3--CB46B844-0AB4-4DF5-B08A-4E8E3BD5AEE5 NIC (nombre descriptivo: ) IPv4 anterior: Deshabilitado, IPv4 actual: Deshabilitado, IPv6 anterior: Deshabilitado, IPv6 actual: Deshabilitado. Motivo: OID de RSC"
"14/8/2025 7:31:02 p. m.","Información","Microsoft-Windows-Hyper-V-VmSwitch","102","Networking driver in 6598FD11-7307-4DD7-8E4A-3EC4FB88B3D3 is loaded and the protocol version is negotiated to the most recent version (Virtual machine ID 6598FD11-7307-4DD7-8E4A-3EC4FB88B3D3)."
"14/8/2025 7:31:01 p. m.","Información","nhi","9007","The driver entered RTD3.
 All the connected devices will be removed from driver's internal state, so it is expected that DeviceDisconnected events will happen."
"14/8/2025 7:30:59 p. m.","Advertencia","rt640x64","1","Realtek PCIe GbE Family Controller is disconnected from network."
"14/8/2025 7:30:58 p. m.","Información","Microsoft-Windows-Kernel-Power","506","El sistema está entrando en el modo de espera moderno 

motivo: AC/DC Display Burst Suppressed. "
"14/8/2025 7:30:58 p. m.","Información","Microsoft-Windows-Kernel-Power","566","La sesión del sistema ha cambiado de 59 a 60.

Motivo InputMouse 

BootId: 12"
"14/8/2025 7:30:58 p. m.","Información","Microsoft-Windows-Kernel-Power","507","El sistema está saliendo del modo de espera moderno 

motivo: AC/DC Display Burst Suppressed. "
"14/8/2025 7:30:57 p. m.","Información","Microsoft-Windows-Kernel-Power","105","Cambio de fuente de energía."
"14/8/2025 7:30:56 p. m.","Información","Netwtw10","7026","7026 - Dump after return from D3 after cmd"
"14/8/2025 7:30:56 p. m.","Información","Netwtw10","7025","7025 - Dump after return from D3 before cmd "
"14/8/2025 7:30:56 p. m.","Información","nhi","9008","Driver exit RTD3.
 All the connected devices will now cause DeviceConnected events."
"14/8/2025 7:30:40 p. m.","Información","Netwtw10","7026","7026 - Dump after return from D3 after cmd"
"14/8/2025 7:30:40 p. m.","Información","Netwtw10","7025","7025 - Dump after return from D3 before cmd "
"14/8/2025 7:28:40 p. m.","Información","Netwtw10","7026","7026 - Dump after return from D3 after cmd"
"14/8/2025 7:28:40 p. m.","Información","Netwtw10","7025","7025 - Dump after return from D3 before cmd "
"14/8/2025 7:26:52 p. m.","Información","nhi","9007","The driver entered RTD3.
 All the connected devices will be removed from driver's internal state, so it is expected that DeviceDisconnected events will happen."
"14/8/2025 7:26:45 p. m.","Información","Netwtw10","7026","7026 - Dump after return from D3 after cmd"
"14/8/2025 7:26:45 p. m.","Información","Netwtw10","7025","7025 - Dump after return from D3 before cmd "
"14/8/2025 7:26:45 p. m.","Información","nhi","9008","Driver exit RTD3.
 All the connected devices will now cause DeviceConnected events."
"14/8/2025 7:26:43 p. m.","Advertencia","rt640x64","1","Realtek PCIe GbE Family Controller is disconnected from network."
"14/8/2025 7:26:40 p. m.","Información","Netwtw10","7026","7026 - Dump after return from D3 after cmd"
"14/8/2025 7:26:40 p. m.","Información","Netwtw10","7025","7025 - Dump after return from D3 before cmd "
"14/8/2025 7:24:40 p. m.","Información","Netwtw10","7026","7026 - Dump after return from D3 after cmd"
"14/8/2025 7:24:40 p. m.","Información","Netwtw10","7025","7025 - Dump after return from D3 before cmd "
"14/8/2025 7:23:38 p. m.","Información","Microsoft-Windows-Kernel-General","1","La hora del sistema ha cambiado a ‎2025‎-‎08‎-‎14T23:23:38.689387200Z de ‎2025‎-‎08‎-‎14T23:23:38.689835700Z.
Diferencia horaria: 0 ms

Motivo del cambio: An application or system component changed the time.
Proceso: '\Device\HarddiskVolume3\Windows\System32\svchost.exe' (PID 12268).

Hora de RTC: ‎2025‎-‎08‎-‎14T19:23:38.689387200Z
Diferencia de zona horaria actual: 240
hora RTC es UTC: false
La hora del sistema se basaba en la hora RTC: false"
"14/8/2025 7:23:38 p. m.","Error","Microsoft-Windows-HAL","21","No se estableció el reloj en tiempo real de hardware debido a un error en la evaluación del método de dispositivo de alarma y hora ACPI.  Estado: 0xC00000BB."
"14/8/2025 7:23:38 p. m.","Error","Microsoft-Windows-HAL","20","No se consultó el reloj en tiempo real de hardware debido a un error en la evaluación del método de dispositivo de alarma y hora ACPI.  Estado: 0xC00000BB."
"14/8/2025 7:23:38 p. m.","Información","Microsoft-Windows-Kernel-General","24","La información de zona horaria se actualizó con el motivo de salida 0. La diferencia de zona horaria actual es 240."
"14/8/2025 7:23:38 p. m.","Información","Microsoft-Windows-Kernel-Power","566","La sesión del sistema ha cambiado de 58 a 59.

Motivo PolicyChange 

BootId: 12"
"14/8/2025 7:23:38 p. m.","Advertencia","Win32k","700","Administrador de energía solicitó la supresión de todas las entradas (INPUT_SUPPRESS_REQUEST = 1)"
"14/8/2025 7:23:38 p. m.","Advertencia","Win32k","700","Administrador de energía solicitó la supresión de todas las entradas (INPUT_SUPPRESS_REQUEST = 1)"
"14/8/2025 7:23:38 p. m.","Información","Microsoft-Windows-Kernel-Power","506","El sistema está entrando en el modo de espera moderno 

motivo: Lid. "
"14/8/2025 7:23:38 p. m.","Información","Microsoft-Windows-Kernel-Power","566","La sesión del sistema ha cambiado de 57 a 58.

Motivo PolicyChange 

BootId: 12"
"14/8/2025 6:54:13 p. m.","Información","Microsoft-Windows-HttpService","117","Eliminar 0xFF00000020000002 de grupo de direcciones URL. Estado 0x0. Id. de proceso 0x4FE8 ruta de acceso ejecutable \Device\HarddiskVolume3\Program Files\Git\mingw64\bin\git-credential-manager.exe, S-1-5-21-72991934-2165796093-3938425774-1001  de usuario"
"14/8/2025 6:54:13 p. m.","Información","Microsoft-Windows-HttpService","114","Se quitó la dirección URL (http://127.0.0.1:51055:127.0.0.1/) del grupo de direcciones URL (0xFF00000020000002). Id. de proceso 0x4FE8 ruta de acceso ejecutable \Device\HarddiskVolume3\Program Files\Git\mingw64\bin\git-credential-manager.exe, S-1-5-21-72991934-2165796093-3938425774-1001  de usuario"
"14/8/2025 6:54:10 p. m.","Información","Microsoft-Windows-HttpService","113","Se intentó agregar la dirección URL (http://127.0.0.1:51055:127.0.0.1/) al grupo de direcciones URL (0xFF00000020000002). Estado: 0x0. Id. de proceso 0x4FE8 ruta de acceso ejecutable \Device\HarddiskVolume3\Program Files\Git\mingw64\bin\git-credential-manager.exe, S-1-5-21-72991934-2165796093-3938425774-1001  de usuario"
"14/8/2025 6:54:10 p. m.","Información","Microsoft-Windows-HttpService","111","Crear grupo de direcciones URL 0xFF00000020000002. Estado 0x0. Id. de proceso 0x4FE8 ruta de acceso ejecutable \Device\HarddiskVolume3\Program Files\Git\mingw64\bin\git-credential-manager.exe, S-1-5-21-72991934-2165796093-3938425774-1001  de usuario"
"14/8/2025 6:33:01 p. m.","Información","Microsoft-Windows-Kernel-Power","105","Cambio de fuente de energía."
"14/8/2025 5:41:01 p. m.","Información","Microsoft-Windows-IsolatedUserMode","2","Secure Trustlet Id 6 and Pid 25732 stopped with status STATUS_SUCCESS."
"14/8/2025 5:40:58 p. m.","Información","nhi","9007","The driver entered RTD3.
 All the connected devices will be removed from driver's internal state, so it is expected that DeviceDisconnected events will happen."
"14/8/2025 5:40:53 p. m.","Información","nhi","9008","Driver exit RTD3.
 All the connected devices will now cause DeviceConnected events."
"14/8/2025 5:33:06 p. m.","Información","Microsoft-Windows-IsolatedUserMode","1","Secure Trustlet \??\C:\WINDOWS\System32\NgcIso.exe Id 6 and Pid 25732 started with status STATUS_SUCCESS."
"14/8/2025 5:33:06 p. m.","Información","Microsoft-Windows-IsolatedUserMode","5","Secure Trustlet NULL Id 0 and Pid 0 started with status STATUS_SUCCESS."
"14/8/2025 5:32:39 p. m.","Información","nhi","9007","The driver entered RTD3.
 All the connected devices will be removed from driver's internal state, so it is expected that DeviceDisconnected events will happen."
"14/8/2025 5:32:34 p. m.","Información","nhi","9008","Driver exit RTD3.
 All the connected devices will now cause DeviceConnected events."
"14/8/2025 5:30:34 p. m.","Información","Microsoft-Windows-Kernel-Power","105","Cambio de fuente de energía."
"14/8/2025 5:12:46 p. m.","Información","Microsoft-Windows-Time-Service","37","El proveedor de hora NtpClient está recibiendo datos de hora  válidos desde time.windows.com,0x9 (ntp.m|0x9|0.0.0.0:123->40.119.6.228:123)."
"14/8/2025 4:19:56 p. m.","Información","Microsoft-Windows-WindowsUpdateClient","19","Instalación correcta: Windows instaló correctamente la siguiente actualización: 9PMMSR1CGPWG-Microsoft.HEIFImageExtension"
"14/8/2025 4:19:55 p. m.","Información","Microsoft-Windows-Kernel-General","16","El historial de accesos en el subárbol \??\C:\Users\PCTIC-05\AppData\Local\Packages\Microsoft.HEIFImageExtension_8wekyb3d8bbwe\Settings\settings.dat se borró mediante la actualización de 1 claves y la creación de 1 páginas modificadas."
"14/8/2025 4:19:54 p. m.","Información","Microsoft-Windows-WindowsUpdateClient","43","Instalación iniciada: Windows comenzó a instalar la actualización siguiente: 9PMMSR1CGPWG-Microsoft.HEIFImageExtension"
"14/8/2025 4:19:51 p. m.","Información","Microsoft-Windows-WindowsUpdateClient","19","Instalación correcta: Windows instaló correctamente la siguiente actualización: Actualización de inteligencia de seguridad para Microsoft Defender Antivirus - KB2267602 (versión 1.435.183.0) - Canal actual (ampliado)"
"14/8/2025 4:19:40 p. m.","Información","Microsoft-Windows-WindowsUpdateClient","43","Instalación iniciada: Windows comenzó a instalar la actualización siguiente: Actualización de inteligencia de seguridad para Microsoft Defender Antivirus - KB2267602 (versión 1.435.183.0) - Canal actual (ampliado)"
"14/8/2025 4:19:39 p. m.","Información","Microsoft-Windows-WindowsUpdateClient","44","Windows Update comenzó a descargar una actualización."
"14/8/2025 4:19:37 p. m.","Información","Microsoft-Windows-WindowsUpdateClient","44","Windows Update comenzó a descargar una actualización."
"14/8/2025 4:19:37 p. m.","Información","Microsoft-Windows-WindowsUpdateClient","44","Windows Update comenzó a descargar una actualización."
"14/8/2025 4:18:43 p. m.","Información","Microsoft-Windows-Kernel-Power","105","Cambio de fuente de energía."
"14/8/2025 4:08:42 p. m.","Información","Microsoft-Windows-Kernel-General","16","El historial de accesos en el subárbol \??\C:\Users\PCTIC-05\AppData\Local\Packages\microsoft.xboxgamingoverlay_8wekyb3d8bbwe\AC\GEH\POF.dat se borró mediante la actualización de 1 claves y la creación de 1 páginas modificadas."
"14/8/2025 4:08:42 p. m.","Información","Microsoft-Windows-Kernel-General","16","El historial de accesos en el subárbol \??\C:\Users\PCTIC-05\AppData\Local\Packages\Microsoft.XboxGamingOverlay_8wekyb3d8bbwe\Settings\settings.dat se borró mediante la actualización de 5 claves y la creación de 1 páginas modificadas."
"14/8/2025 4:02:42 p. m.","Información","Microsoft-Windows-TPM-WMI","1038","Las comprobaciones de estado de la atestación previa confirman que se espera que el dispositivo supere la atestación.
 Consulte C:\WINDOWS\Logs\MeasuredBoot\0000000033-0000000005.json para obtener información detallada sobre las comprobaciones realizadas."
"14/8/2025 4:02:42 p. m.","Información","Microsoft-Windows-TPM-WMI","1041","Información detallada sobre la comprobación del estado de la atestación previa: {""Version"":1,""HealthStatus"":""Attestable"",""Required"":[{""Field"":""TpmPresent"",""Value"":true,""DesiredValue"":true},{""Field"":""TpmMeetsMinimumVersion"",""Value"":true,""DesiredValue"":true},{""Field"":""TpmIsResponsive"",""Value"":true,""DesiredValue"":true},{""Field"":""EkCertIsAvailable"",""Value"":true,""DesiredValue"":true},{""Field"":""TcgLogFound"",""Value"":true,""DesiredValue"":true}],""Expected"":[{""Field"":""PcrsMatchTcgLog"",""Value"":true,""DesiredValue"":true}],""Informational"":[{""Field"":""SecureBootEnabled"",""ValueFromComputer"":true,""ValueFromTcgLog"":true,""DesiredValue"":true,""TcgValueIsVerifiable"":true},{""Field"":""VirtualSecureMemory"",""ValueFromComputer"":false,""ValueFromTcgLog"":false,""DesiredValue"":true,""TcgValueIsVerifiable"":true},{""Field"":""SecureCorePCCompliant"",""ValueFromComputer"":false,""ValueFromTcgLog"":false,""DesiredValue"":true,""TcgValueIsVerifiable"":true}]}"
"14/8/2025 4:02:36 p. m.","Información","nhi","9007","The driver entered RTD3.
 All the connected devices will be removed from driver's internal state, so it is expected that DeviceDisconnected events will happen."
"14/8/2025 4:02:35 p. m.","Advertencia","Netwtw10","6062","6062 - Lso was triggered"
"14/8/2025 4:02:34 p. m.","Información","Netwtw10","7021","7021 - Connection telemetry fields and analysis usage"
"14/8/2025 4:02:33 p. m.","Advertencia","rt640x64","1","Realtek PCIe GbE Family Controller is disconnected from network."
"14/8/2025 4:02:33 p. m.","Información","Microsoft-Windows-Power-Troubleshooter","1","El sistema estaba en un estado de baja energía y se reanudó.

Hora de suspensión: ‎2025‎-‎08‎-‎14T14:06:55.699635200Z
Hora de reactivación: ‎2025‎-‎08‎-‎14T20:02:31.357350900Z

Origen de la reactivación: Unknown"
"14/8/2025 4:02:31 p. m.","Información","VfpExt","7036","El servicio  entró en estado Filter restart complete."
"14/8/2025 4:02:31 p. m.","Información","VfpExt","7036","El servicio  entró en estado Filter restart start."
"14/8/2025 4:02:31 p. m.","Información","VfpExt","7036","El servicio  entró en estado Filter attach complete."
"14/8/2025 4:02:31 p. m.","Información","VfpExt","7036","El servicio  entró en estado Filter attach start."
"14/8/2025 4:02:31 p. m.","Información","Microsoft-Windows-Kernel-Power","566","La sesión del sistema ha cambiado de 55 a 57.

Motivo PolicyChange 

BootId: 12"
"14/8/2025 4:02:31 p. m.","Información","Microsoft-Windows-Kernel-Power","507","El sistema está saliendo del modo de espera moderno 

motivo: Lid. "
"14/8/2025 4:02:31 p. m.","Información","Microsoft-Windows-Kernel-Power","506","El sistema está entrando en el modo de espera moderno 

motivo: Sleep, Hibernate, or Shutdown. "
"14/8/2025 4:02:31 p. m.","Información","Microsoft-Windows-Kernel-Power","566","La sesión del sistema ha cambiado de 54 a 55.

Motivo SxTransition 

BootId: 12"
"14/8/2025 4:02:31 p. m.","Información","Microsoft-Windows-Kernel-Boot","247","No se puede cargar el firmware de Pluton-Windows. StatusCode: STATUS_SUCCESS, Motivo: Failed to apply firmware."
"14/8/2025 4:02:31 p. m.","Información","Microsoft-Windows-Kernel-Boot","27","El tipo de arranque fue 0x2."
"14/8/2025 4:02:31 p. m.","Información","Microsoft-Windows-Kernel-Boot","25","La directiva del menú de arranque fue 0x0."
"14/8/2025 4:02:31 p. m.","Información","Microsoft-Windows-Kernel-Boot","32","Bootmgr esperó la entrada del usuario durante 0 ms."
"14/8/2025 4:02:31 p. m.","Información","Microsoft-Windows-Kernel-Boot","18","Existen 0x1 opciones de arranque en este sistema."
"14/8/2025 4:02:31 p. m.","Información","Microsoft-Windows-Kernel-Boot","30","El firmware notificó métricas de arranque."
"14/8/2025 4:02:31 p. m.","Advertencia","Win32k","701","Administrador de energía no solicitó la supresión de todas las entradas (INPUT_SUPPRESS_REQUEST = 0)"
"14/8/2025 4:02:31 p. m.","Advertencia","Win32k","701","Administrador de energía no solicitó la supresión de todas las entradas (INPUT_SUPPRESS_REQUEST = 0)"
