"27/7/2025 10:50:20 p. m.","Información","Microsoft-Windows-Kernel-Power","172","Estado de conectividad en modo de espera: Connected. Motivo: None"
"27/7/2025 10:50:20 p. m.","Información","Microsoft-Windows-Kernel-Power","172","Estado de conectividad en modo de espera: Disconnected. Motivo: Adaptive Connected Standby"
"27/7/2025 10:49:35 p. m.","Información","Microsoft-Windows-WindowsUpdateClient","44","Windows Update comenzó a descargar una actualización."
"27/7/2025 10:49:15 p. m.","Información","Microsoft-Windows-Kernel-Power","172","Estado de conectividad en modo de espera: Connected. Motivo: None"
"27/7/2025 10:49:14 p. m.","Información","Microsoft-Windows-Kernel-Power","172","Estado de conectividad en modo de espera: Disconnected. Motivo: Adaptive Connected Standby"
"27/7/2025 10:49:14 p. m.","Información","Microsoft-Windows-Kernel-Power","172","Estado de conectividad en modo de espera: Connected. Motivo: None"
"27/7/2025 10:49:14 p. m.","Información","Microsoft-Windows-Kernel-Power","172","Estado de conectividad en modo de espera: Disconnected. Motivo: Adaptive Connected Standby"
"27/7/2025 10:49:07 p. m.","Información","Microsoft-Windows-Kernel-General","1","La hora del sistema ha cambiado a ‎2025‎-‎07‎-‎28T02:49:07.248842400Z de ‎2025‎-‎07‎-‎28T02:49:07.248679900Z.
Diferencia horaria: 0 ms

Motivo del cambio: An application or system component changed the time.
Proceso: '\Device\HarddiskVolume3\Windows\System32\svchost.exe' (PID 1708).

Hora de RTC: ‎2025‎-‎07‎-‎27T22:49:07.248842400Z
Diferencia de zona horaria actual: 240
hora RTC es UTC: false
La hora del sistema se basaba en la hora RTC: false"
"27/7/2025 10:49:07 p. m.","Error","Microsoft-Windows-HAL","21","No se estableció el reloj en tiempo real de hardware debido a un error en la evaluación del método de dispositivo de alarma y hora ACPI.  Estado: 0xC00000BB."
"27/7/2025 10:49:07 p. m.","Error","Microsoft-Windows-HAL","20","No se consultó el reloj en tiempo real de hardware debido a un error en la evaluación del método de dispositivo de alarma y hora ACPI.  Estado: 0xC00000BB."
"27/7/2025 10:49:07 p. m.","Información","Microsoft-Windows-Kernel-General","24","La información de zona horaria se actualizó con el motivo de salida 0. La diferencia de zona horaria actual es 240."
"27/7/2025 10:49:07 p. m.","Información","Microsoft-Windows-Kernel-Power","566","La sesión del sistema ha cambiado de 42 a 43.

Motivo PolicyChange 

BootId: 10"
"27/7/2025 10:49:07 p. m.","Advertencia","Win32k","700","Administrador de energía solicitó la supresión de todas las entradas (INPUT_SUPPRESS_REQUEST = 1)"
"27/7/2025 10:49:07 p. m.","Advertencia","Win32k","700","Administrador de energía solicitó la supresión de todas las entradas (INPUT_SUPPRESS_REQUEST = 1)"
"27/7/2025 10:49:07 p. m.","Información","Microsoft-Windows-Kernel-Power","506","El sistema está entrando en el modo de espera moderno 

motivo: Lid. "
"27/7/2025 10:49:07 p. m.","Información","Microsoft-Windows-Kernel-Power","566","La sesión del sistema ha cambiado de 41 a 42.

Motivo PolicyChange 

BootId: 10"
"27/7/2025 10:34:57 p. m.","Advertencia","Netwtw10","6062","6062 - Lso was triggered"
"27/7/2025 10:34:51 p. m.","Información","Netwtw10","7021","7021 - Connection telemetry fields and analysis usage"
"27/7/2025 10:34:07 p. m.","Advertencia","Netwtw10","6062","6062 - Lso was triggered"
"27/7/2025 10:34:02 p. m.","Información","Netwtw10","7021","7021 - Connection telemetry fields and analysis usage"
"27/7/2025 10:26:33 p. m.","Información","TPM","17","El hardware del Módulo de plataforma segura (TPM) no pudo ejecutar un comando de TPM."
"27/7/2025 10:26:33 p. m.","Información","TPM","17","El hardware del Módulo de plataforma segura (TPM) no pudo ejecutar un comando de TPM."
"27/7/2025 10:26:32 p. m.","Información","TPM","17","El hardware del Módulo de plataforma segura (TPM) no pudo ejecutar un comando de TPM."
"27/7/2025 10:26:32 p. m.","Información","Microsoft-Windows-IsolatedUserMode","5","Secure Trustlet NULL Id 0 and Pid 0 started with status STATUS_SUCCESS."
"27/7/2025 10:26:31 p. m.","Información","Microsoft-Windows-IsolatedUserMode","2","Secure Trustlet Id 0 and Pid 0 stopped with status STATUS_SUCCESS."
"27/7/2025 10:13:02 p. m.","Información","Microsoft-Windows-IsolatedUserMode","2","Secure Trustlet Id 6 and Pid 16972 stopped with status STATUS_SUCCESS."
"27/7/2025 10:11:00 p. m.","Información","Microsoft-Windows-WindowsUpdateClient","19","Instalación correcta: Windows instaló correctamente la siguiente actualización: Actualización de inteligencia de seguridad para Microsoft Defender Antivirus - KB2267602 (versión 1.433.108.0) - Canal actual (ampliado)"
"27/7/2025 10:10:52 p. m.","Información","Microsoft-Windows-WindowsUpdateClient","43","Instalación iniciada: Windows comenzó a instalar la actualización siguiente: Actualización de inteligencia de seguridad para Microsoft Defender Antivirus - KB2267602 (versión 1.433.108.0) - Canal actual (ampliado)"
"27/7/2025 10:10:27 p. m.","Información","Microsoft-Windows-WindowsUpdateClient","44","Windows Update comenzó a descargar una actualización."
"27/7/2025 10:06:01 p. m.","Información","Microsoft-Windows-IsolatedUserMode","1","Secure Trustlet \??\C:\WINDOWS\System32\NgcIso.exe Id 6 and Pid 16972 started with status STATUS_SUCCESS."
"27/7/2025 10:06:01 p. m.","Información","Microsoft-Windows-IsolatedUserMode","5","Secure Trustlet NULL Id 0 and Pid 0 started with status STATUS_SUCCESS."
"27/7/2025 10:01:48 p. m.","Información","Microsoft-Windows-Kernel-General","16","El historial de accesos en el subárbol \??\C:\ProgramData\Packages\Microsoft.DesktopAppInstaller_8wekyb3d8bbwe\S-1-5-21-72991934-2165796093-3938425774-1001\SystemAppData\Helium\Cache\32546f4a875f46ea_COM15.dat se borró mediante la actualización de 1 claves y la creación de 1 páginas modificadas."
"27/7/2025 10:00:39 p. m.","Información","Microsoft-Windows-Time-Service","37","El proveedor de hora NtpClient está recibiendo datos de hora  válidos desde time.windows.com,0x9 (ntp.m|0x9|0.0.0.0:123->40.119.6.228:123)."
"27/7/2025 10:00:05 p. m.","Información","nhi","9007","The driver entered RTD3.
 All the connected devices will be removed from driver's internal state, so it is expected that DeviceDisconnected events will happen."
"27/7/2025 10:00:04 p. m.","Información","Microsoft-Windows-TPM-WMI","1038","Las comprobaciones de estado de la atestación previa confirman que se espera que el dispositivo supere la atestación.
 Consulte C:\WINDOWS\Logs\MeasuredBoot\0000000031-0000000002.json para obtener información detallada sobre las comprobaciones realizadas."
"27/7/2025 10:00:04 p. m.","Información","Microsoft-Windows-TPM-WMI","1041","Información detallada sobre la comprobación del estado de la atestación previa: {""Version"":1,""HealthStatus"":""Attestable"",""Required"":[{""Field"":""TpmPresent"",""Value"":true,""DesiredValue"":true},{""Field"":""TpmMeetsMinimumVersion"",""Value"":true,""DesiredValue"":true},{""Field"":""TpmIsResponsive"",""Value"":true,""DesiredValue"":true},{""Field"":""EkCertIsAvailable"",""Value"":true,""DesiredValue"":true},{""Field"":""TcgLogFound"",""Value"":true,""DesiredValue"":true}],""Expected"":[{""Field"":""PcrsMatchTcgLog"",""Value"":true,""DesiredValue"":true}],""Informational"":[{""Field"":""SecureBootEnabled"",""ValueFromComputer"":true,""ValueFromTcgLog"":true,""DesiredValue"":true,""TcgValueIsVerifiable"":true},{""Field"":""VirtualSecureMemory"",""ValueFromComputer"":false,""ValueFromTcgLog"":false,""DesiredValue"":true,""TcgValueIsVerifiable"":true},{""Field"":""SecureCorePCCompliant"",""ValueFromComputer"":false,""ValueFromTcgLog"":false,""DesiredValue"":true,""TcgValueIsVerifiable"":true}]}"
"27/7/2025 10:00:03 p. m.","Información","Microsoft-Windows-Kernel-General","16","El historial de accesos en el subárbol \??\C:\Users\PCTIC-05\AppData\Local\Packages\Microsoft.LockApp_cw5n1h2txyewy\Settings\settings.dat se borró mediante la actualización de 4 claves y la creación de 1 páginas modificadas."
"27/7/2025 10:00:02 p. m.","Advertencia","rt640x64","1","Realtek PCIe GbE Family Controller is disconnected from network."
"27/7/2025 10:00:01 p. m.","Información","Microsoft-Windows-Power-Troubleshooter","1","El sistema estaba en un estado de baja energía y se reanudó.

Hora de suspensión: ‎2025‎-‎07‎-‎27T03:40:23.800986800Z
Hora de reactivación: ‎2025‎-‎07‎-‎28T02:00:00.344509900Z

Origen de la reactivación: Unknown"
"27/7/2025 10:00:01 p. m.","Advertencia","Netwtw10","6062","6062 - Lso was triggered"
"27/7/2025 10:00:00 p. m.","Advertencia","Microsoft-Windows-Time-Service","134","NtpClient no pudo establecer un sistema del mismo nivel manual para usar como origen de la hora debido a un error de resolución de DNS en 'time.windows.com,0x9'. NtpClient lo intentará de nuevo dentro de 15 minutos y doblará el intervalo de reintento en adelante. Error: Host desconocido. (0x80072AF9)"
"27/7/2025 10:00:00 p. m.","Información","Netwtw10","7021","7021 - Connection telemetry fields and analysis usage"
"27/7/2025 10:00:00 p. m.","Información","Microsoft-Windows-Kernel-Power","566","La sesión del sistema ha cambiado de 39 a 41.

Motivo PolicyChange 

BootId: 10"
"27/7/2025 10:00:00 p. m.","Información","Microsoft-Windows-Kernel-Power","507","El sistema está saliendo del modo de espera moderno 

motivo: Lid. "
"27/7/2025 10:00:00 p. m.","Información","Microsoft-Windows-Kernel-Power","506","El sistema está entrando en el modo de espera moderno 

motivo: Sleep, Hibernate, or Shutdown. "
"27/7/2025 10:00:00 p. m.","Información","Microsoft-Windows-Kernel-Power","566","La sesión del sistema ha cambiado de 38 a 39.

Motivo SxTransition 

BootId: 10"
"27/7/2025 10:00:00 p. m.","Información","Microsoft-Windows-Kernel-Boot","247","No se puede cargar el firmware de Pluton-Windows. StatusCode: STATUS_SUCCESS, Motivo: Failed to apply firmware."
"27/7/2025 10:00:00 p. m.","Información","Microsoft-Windows-Kernel-Boot","27","El tipo de arranque fue 0x2."
"27/7/2025 10:00:00 p. m.","Información","Microsoft-Windows-Kernel-Boot","25","La directiva del menú de arranque fue 0x0."
"27/7/2025 10:00:00 p. m.","Información","Microsoft-Windows-Kernel-Boot","32","Bootmgr esperó la entrada del usuario durante 0 ms."
"27/7/2025 10:00:00 p. m.","Información","Microsoft-Windows-Kernel-Boot","18","Existen 0x1 opciones de arranque en este sistema."
"27/7/2025 10:00:00 p. m.","Información","Microsoft-Windows-Kernel-Boot","30","El firmware notificó métricas de arranque."
"27/7/2025 10:00:00 p. m.","Error","Microsoft-Windows-NDIS","10317","Minipuerto Microsoft Wi-Fi Direct Virtual Adapter #2, {79f38f0f-3b2e-4931-b16b-3a5d8eb7dab9}, tuvo el evento Fatal error: The miniport has failed a power transition to operational power"
"27/7/2025 10:00:00 p. m.","Información","Netwtw10","7023","7023 - secure boot debug logging Quasar"
"27/7/2025 10:00:00 p. m.","Información","Intel-SST-OED","28","Loaded DSP FW library: \??\C:\WINDOWS\System32\DriverStore\FileRepository\intcoed_oemlibpath.inf_amd64_69401f7e35684734\tgl_maxx_audio_pro.bin, status = STATUS_SUCCESS."
"27/7/2025 10:00:00 p. m.","Información","Intel-SST-OED","28","Loaded DSP FW library: Libs\dsp_lib_whm_tgl_release.bin, status = STATUS_SUCCESS."
"27/7/2025 10:00:00 p. m.","Información","Intel-SST-OED","28","Loaded DSP FW library: Libs\dsp_lib_intel_wov_tgl_release.bin, status = STATUS_SUCCESS."
"27/7/2025 9:59:59 p. m.","Información","WiManH","2",
"27/7/2025 9:59:59 p. m.","Información","Netwtw10","7025","7025 - Dump after return from D3 before cmd "
"27/7/2025 9:59:59 p. m.","Advertencia","TPM","30","El recuento de restablecimiento y/o reanudación no coinciden con los valores esperados después de hibernar o reanudar."
"27/7/2025 9:59:59 p. m.","Advertencia","Win32k","701","Administrador de energía no solicitó la supresión de todas las entradas (INPUT_SUPPRESS_REQUEST = 0)"
"27/7/2025 9:59:59 p. m.","Advertencia","Win32k","701","Administrador de energía no solicitó la supresión de todas las entradas (INPUT_SUPPRESS_REQUEST = 0)"
"27/7/2025 9:59:59 p. m.","Información","Microsoft-Windows-Kernel-General","1","La hora del sistema ha cambiado a ‎2025‎-‎07‎-‎28T01:59:59.500000000Z de ‎2025‎-‎07‎-‎27T03:40:27.907444600Z.
Diferencia horaria: 80371592 ms

Motivo del cambio: System time synchronized with the hardware clock.
Proceso: '' (PID 4).

Hora de RTC: ‎2025‎-‎07‎-‎27T21:59:59.500000000Z
Diferencia de zona horaria actual: 240
hora RTC es UTC: false
La hora del sistema se basaba en la hora RTC: false"
"26/7/2025 11:40:27 p. m.","Información","Microsoft-Windows-Kernel-Power","107","El sistema se reanudó del estado de suspensión."
"27/7/2025 10:00:00 p. m.","Información","EventLog","6013","El tiempo límite del sistema es de 247144 segundos."
"26/7/2025 11:40:27 p. m.","Información","Netwtw10","7021","7021 - Connection telemetry fields and analysis usage"
"26/7/2025 11:40:27 p. m.","Información","Microsoft-Windows-Kernel-Power","42","El sistema está entrando en suspensión.

Motivo de la suspensión: Hibernate from Sleep - Standby Battery Budget Exceeded"
"26/7/2025 11:40:27 p. m.","Información","Microsoft-Windows-Kernel-Power","40","El controlador \Driver\ACPI del dispositivo  detuvo la transición de energía."
"26/7/2025 11:40:26 p. m.","Información","nhi","9008","Driver exit RTD3.
 All the connected devices will now cause DeviceConnected events."
"26/7/2025 11:40:23 p. m.","Información","Microsoft-Windows-Kernel-Power","566","La sesión del sistema ha cambiado de 37 a 38.

Motivo SxTransition 

BootId: 10"
"26/7/2025 11:40:23 p. m.","Información","Microsoft-Windows-Kernel-Power","507","El sistema está saliendo del modo de espera moderno 

motivo: Sleep, Hibernate, or Shutdown. "
"26/7/2025 11:40:23 p. m.","Información","Microsoft-Windows-Kernel-Power","172","Estado de conectividad en modo de espera: Connected. Motivo: None"
"26/7/2025 11:40:23 p. m.","Información","Netwtw10","7026","7026 - Dump after return from D3 after cmd"
"26/7/2025 11:40:23 p. m.","Información","Netwtw10","7025","7025 - Dump after return from D3 before cmd "
"26/7/2025 9:46:58 p. m.","Información","Microsoft-Windows-Kernel-Power","172","Estado de conectividad en modo de espera: Disconnected. Motivo: Policy Setting"
"26/7/2025 9:46:54 p. m.","Información","Microsoft-Windows-Kernel-General","15","El subárbol \??\C:\WINDOWS\System32\SMI\Store\Machine\schema.dat se reorganizó con un tamaño inicial de 15777792 bytes y un tamaño final de 10858496 bytes."
"26/7/2025 9:46:54 p. m.","Información","Microsoft-Windows-Kernel-General","15","El subárbol \??\C:\WINDOWS\System32\config\COMPONENTS se reorganizó con un tamaño inicial de 68743168 bytes y un tamaño final de 66412544 bytes."
"26/7/2025 9:46:51 p. m.","Información","Microsoft-Windows-Kernel-Power","566","La sesión del sistema ha cambiado de 36 a 37.

Motivo 55 

BootId: 10"
"26/7/2025 9:46:45 p. m.","Información","Microsoft-Windows-Kernel-Power","506","El sistema está entrando en el modo de espera moderno 

motivo: Austerity Battery Drain Budget Exceeded. "
"26/7/2025 9:46:45 p. m.","Información","Microsoft-Windows-Kernel-Power","566","La sesión del sistema ha cambiado de 35 a 36.

Motivo 55 

BootId: 10"
"26/7/2025 9:46:45 p. m.","Información","Microsoft-Windows-Kernel-Power","507","El sistema está saliendo del modo de espera moderno 

motivo: Austerity Battery Drain Budget Exceeded. "
"26/7/2025 9:46:45 p. m.","Información","Microsoft-Windows-Kernel-Power","172","Estado de conectividad en modo de espera: Connected. Motivo: None"
"26/7/2025 9:46:45 p. m.","Información","Netwtw10","7026","7026 - Dump after return from D3 after cmd"
"26/7/2025 9:46:45 p. m.","Información","Netwtw10","7025","7025 - Dump after return from D3 before cmd "
"26/7/2025 9:13:42 p. m.","Información","Microsoft-Windows-Kernel-Power","172","Estado de conectividad en modo de espera: Disconnected. Motivo: Adaptive Connected Standby"
"26/7/2025 9:13:34 p. m.","Información","Microsoft-Windows-Kernel-General","1","La hora del sistema ha cambiado a ‎2025‎-‎07‎-‎27T01:13:34.711446100Z de ‎2025‎-‎07‎-‎27T01:13:34.710790200Z.
Diferencia horaria: 0 ms

Motivo del cambio: An application or system component changed the time.
Proceso: '\Device\HarddiskVolume3\Windows\System32\svchost.exe' (PID 1708).

Hora de RTC: ‎2025‎-‎07‎-‎26T21:13:34.711446100Z
Diferencia de zona horaria actual: 240
hora RTC es UTC: false
La hora del sistema se basaba en la hora RTC: false"
"26/7/2025 9:13:34 p. m.","Error","Microsoft-Windows-HAL","21","No se estableció el reloj en tiempo real de hardware debido a un error en la evaluación del método de dispositivo de alarma y hora ACPI.  Estado: 0xC00000BB."
"26/7/2025 9:13:34 p. m.","Error","Microsoft-Windows-HAL","20","No se consultó el reloj en tiempo real de hardware debido a un error en la evaluación del método de dispositivo de alarma y hora ACPI.  Estado: 0xC00000BB."
"26/7/2025 9:13:34 p. m.","Información","Microsoft-Windows-Kernel-General","24","La información de zona horaria se actualizó con el motivo de salida 0. La diferencia de zona horaria actual es 240."
"26/7/2025 9:13:34 p. m.","Información","Microsoft-Windows-Kernel-Power","566","La sesión del sistema ha cambiado de 34 a 35.

Motivo PolicyChange 

BootId: 10"
"26/7/2025 9:13:34 p. m.","Advertencia","Win32k","700","Administrador de energía solicitó la supresión de todas las entradas (INPUT_SUPPRESS_REQUEST = 1)"
"26/7/2025 9:13:34 p. m.","Advertencia","Win32k","700","Administrador de energía solicitó la supresión de todas las entradas (INPUT_SUPPRESS_REQUEST = 1)"
"26/7/2025 9:13:34 p. m.","Información","Microsoft-Windows-Kernel-Power","506","El sistema está entrando en el modo de espera moderno 

motivo: Lid. "
"26/7/2025 9:13:34 p. m.","Información","Microsoft-Windows-Kernel-Power","566","La sesión del sistema ha cambiado de 33 a 34.

Motivo PolicyChange 

BootId: 10"
"26/7/2025 9:12:54 p. m.","Información","nhi","9007","The driver entered RTD3.
 All the connected devices will be removed from driver's internal state, so it is expected that DeviceDisconnected events will happen."
"26/7/2025 9:12:48 p. m.","Información","nhi","9008","Driver exit RTD3.
 All the connected devices will now cause DeviceConnected events."
"26/7/2025 8:37:35 p. m.","Información","Microsoft-Windows-HttpService","114","Se quitó la dirección URL (http://*:2869/upnp/eventing/) del grupo de direcciones URL (0xFE00000620000001). Id. de proceso 0x2E28 ruta de acceso ejecutable \Device\HarddiskVolume3\Windows\System32\svchost.exe, S-1-5-19  de usuario"
"26/7/2025 7:37:18 p. m.","Información","Microsoft-Windows-IsolatedUserMode","5","Secure Trustlet NULL Id 0 and Pid 0 started with status STATUS_SUCCESS."
"26/7/2025 7:37:18 p. m.","Información","Microsoft-Windows-IsolatedUserMode","2","Secure Trustlet Id 0 and Pid 0 stopped with status STATUS_SUCCESS."
"26/7/2025 7:26:09 p. m.","Información","Microsoft-Windows-WindowsUpdateClient","19","Instalación correcta: Windows instaló correctamente la siguiente actualización: 9NBLGGH10PG8-MICROSOFT.PEOPLE"
"26/7/2025 7:25:58 p. m.","Información","Microsoft-Windows-WindowsUpdateClient","44","Windows Update comenzó a descargar una actualización."
"26/7/2025 6:46:51 p. m.","Error","Microsoft-Windows-WindowsUpdateClient","20","Error de instalación: error de Windows al instalar la siguiente actualización, error 0x80073D02: 9NMPJ99VJBWV-Microsoft.YourPhone."
"26/7/2025 6:46:50 p. m.","Información","Microsoft-Windows-WindowsUpdateClient","43","Instalación iniciada: Windows comenzó a instalar la actualización siguiente: 9NMPJ99VJBWV-Microsoft.YourPhone"
"26/7/2025 6:46:46 p. m.","Información","Microsoft-Windows-Kernel-General","16","El historial de accesos en el subárbol \??\C:\ProgramData\Microsoft\Windows\AppRepository\Packages\Microsoft.YourPhone_1.25061.51.0_x64__8wekyb3d8bbwe\ActivationStore.dat se borró mediante la actualización de 0 claves y la creación de 0 páginas modificadas."
"26/7/2025 6:45:33 p. m.","Información","Microsoft-Windows-WindowsUpdateClient","19","Instalación correcta: Windows instaló correctamente la siguiente actualización: 9WZDNCRD1HKW-Microsoft.XboxIdentityProvider"
"26/7/2025 6:45:29 p. m.","Información","Microsoft-Windows-WindowsUpdateClient","19","Instalación correcta: Windows instaló correctamente la siguiente actualización: 9NBLGGH537C2-Microsoft.XboxGameOverlay"
"26/7/2025 6:45:27 p. m.","Información","Microsoft-Windows-WindowsUpdateClient","44","Windows Update comenzó a descargar una actualización."
"26/7/2025 6:45:27 p. m.","Información","Microsoft-Windows-WindowsUpdateClient","44","Windows Update comenzó a descargar una actualización."
"26/7/2025 6:44:49 p. m.","Información","Microsoft-Windows-WindowsUpdateClient","44","Windows Update comenzó a descargar una actualización."
"26/7/2025 6:44:49 p. m.","Información","Microsoft-Windows-WindowsUpdateClient","44","Windows Update comenzó a descargar una actualización."
"26/7/2025 6:44:44 p. m.","Información","Microsoft-Windows-IsolatedUserMode","2","Secure Trustlet Id 6 and Pid 6484 stopped with status STATUS_SUCCESS."
"26/7/2025 6:44:14 p. m.","Información","Microsoft-Windows-WindowsUpdateClient","19","Instalación correcta: Windows instaló correctamente la siguiente actualización: Actualización de inteligencia de seguridad para Microsoft Defender Antivirus - KB2267602 (versión 1.433.92.0) - Canal actual (ampliado)"
"26/7/2025 6:43:51 p. m.","Información","Microsoft-Windows-WindowsUpdateClient","43","Instalación iniciada: Windows comenzó a instalar la actualización siguiente: Actualización de inteligencia de seguridad para Microsoft Defender Antivirus - KB2267602 (versión 1.433.92.0) - Canal actual (ampliado)"
"26/7/2025 6:43:51 p. m.","Información","Microsoft-Windows-WindowsUpdateClient","44","Windows Update comenzó a descargar una actualización."
"26/7/2025 6:37:53 p. m.","Información","Microsoft-Windows-Time-Service","37","El proveedor de hora NtpClient está recibiendo datos de hora  válidos desde time.windows.com,0x9 (ntp.m|0x9|0.0.0.0:123->40.119.6.228:123)."
"26/7/2025 6:37:31 p. m.","Información","Microsoft-Windows-HttpService","113","Se intentó agregar la dirección URL (http://*:2869/upnp/eventing/) al grupo de direcciones URL (0xFE00000620000001). Estado: 0x0. Id. de proceso 0x2E28 ruta de acceso ejecutable \Device\HarddiskVolume3\Windows\System32\svchost.exe, S-1-5-19  de usuario"
"26/7/2025 6:37:31 p. m.","Información","Microsoft-Windows-HttpService","114","Se quitó la dirección URL (http://*:2869/upnp/eventing/) del grupo de direcciones URL (0xFE00000320000001). Id. de proceso 0x2E28 ruta de acceso ejecutable \Device\HarddiskVolume3\Windows\System32\svchost.exe, S-1-5-19  de usuario"
"26/7/2025 6:37:31 p. m.","Información","Microsoft-Windows-HttpService","113","Se intentó agregar la dirección URL (http://*:2869/upnp/eventing/) al grupo de direcciones URL (0xFE00000320000001). Estado: 0x0. Id. de proceso 0x2E28 ruta de acceso ejecutable \Device\HarddiskVolume3\Windows\System32\svchost.exe, S-1-5-19  de usuario"
"26/7/2025 6:37:31 p. m.","Información","Microsoft-Windows-HttpService","114","Se quitó la dirección URL (http://*:2869/upnp/eventing/) del grupo de direcciones URL (0xFE00000020000001). Id. de proceso 0x2E28 ruta de acceso ejecutable \Device\HarddiskVolume3\Windows\System32\svchost.exe, S-1-5-19  de usuario"
"26/7/2025 6:37:28 p. m.","Información","Microsoft-Windows-TPM-WMI","1038","Las comprobaciones de estado de la atestación previa confirman que se espera que el dispositivo supere la atestación.
 Consulte C:\WINDOWS\Logs\MeasuredBoot\0000000031-0000000001.json para obtener información detallada sobre las comprobaciones realizadas."
"26/7/2025 6:37:28 p. m.","Información","Microsoft-Windows-TPM-WMI","1041","Información detallada sobre la comprobación del estado de la atestación previa: {""Version"":1,""HealthStatus"":""Attestable"",""Required"":[{""Field"":""TpmPresent"",""Value"":true,""DesiredValue"":true},{""Field"":""TpmMeetsMinimumVersion"",""Value"":true,""DesiredValue"":true},{""Field"":""TpmIsResponsive"",""Value"":true,""DesiredValue"":true},{""Field"":""EkCertIsAvailable"",""Value"":true,""DesiredValue"":true},{""Field"":""TcgLogFound"",""Value"":true,""DesiredValue"":true}],""Expected"":[{""Field"":""PcrsMatchTcgLog"",""Value"":true,""DesiredValue"":true}],""Informational"":[{""Field"":""SecureBootEnabled"",""ValueFromComputer"":true,""ValueFromTcgLog"":true,""DesiredValue"":true,""TcgValueIsVerifiable"":true},{""Field"":""VirtualSecureMemory"",""ValueFromComputer"":false,""ValueFromTcgLog"":false,""DesiredValue"":true,""TcgValueIsVerifiable"":true},{""Field"":""SecureCorePCCompliant"",""ValueFromComputer"":false,""ValueFromTcgLog"":false,""DesiredValue"":true,""TcgValueIsVerifiable"":true}]}"
"26/7/2025 6:37:28 p. m.","Información","Microsoft-Windows-HttpService","113","Se intentó agregar la dirección URL (http://*:2869/upnp/eventing/) al grupo de direcciones URL (0xFE00000020000001). Estado: 0x0. Id. de proceso 0x2E28 ruta de acceso ejecutable \Device\HarddiskVolume3\Windows\System32\svchost.exe, S-1-5-19  de usuario"
"26/7/2025 6:37:28 p. m.","Información","Microsoft-Windows-HttpService","114","Se quitó la dirección URL (http://*:2869/upnp/eventing/) del grupo de direcciones URL (0xFF00000720000001). Id. de proceso 0x2E28 ruta de acceso ejecutable \Device\HarddiskVolume3\Windows\System32\svchost.exe, S-1-5-19  de usuario"
"26/7/2025 6:37:27 p. m.","Información","Microsoft-Windows-HttpService","113","Se intentó agregar la dirección URL (http://*:2869/upnp/eventing/) al grupo de direcciones URL (0xFF00000720000001). Estado: 0x0. Id. de proceso 0x2E28 ruta de acceso ejecutable \Device\HarddiskVolume3\Windows\System32\svchost.exe, S-1-5-19  de usuario"
"26/7/2025 6:37:23 p. m.","Información","nhi","9007","The driver entered RTD3.
 All the connected devices will be removed from driver's internal state, so it is expected that DeviceDisconnected events will happen."
"26/7/2025 6:37:20 p. m.","Advertencia","rt640x64","1","Realtek PCIe GbE Family Controller is disconnected from network."
"26/7/2025 6:37:19 p. m.","Advertencia","Netwtw10","6062","6062 - Lso was triggered"
"26/7/2025 6:37:18 p. m.","Información","Microsoft-Windows-Power-Troubleshooter","1","El sistema estaba en un estado de baja energía y se reanudó.

Hora de suspensión: ‎2025‎-‎07‎-‎26T09:02:44.612160700Z
Hora de reactivación: ‎2025‎-‎07‎-‎26T22:37:17.406281700Z

Origen de la reactivación: Unknown"
"26/7/2025 6:37:17 p. m.","Información","Netwtw10","7021","7021 - Connection telemetry fields and analysis usage"
"26/7/2025 6:37:17 p. m.","Advertencia","Microsoft-Windows-Time-Service","134","NtpClient no pudo establecer un sistema del mismo nivel manual para usar como origen de la hora debido a un error de resolución de DNS en 'time.windows.com,0x9'. NtpClient lo intentará de nuevo dentro de 15 minutos y doblará el intervalo de reintento en adelante. Error: Host desconocido. (0x80072AF9)"
"26/7/2025 6:37:17 p. m.","Error","Microsoft-Windows-NDIS","10317","Minipuerto Microsoft Wi-Fi Direct Virtual Adapter #2, {79f38f0f-3b2e-4931-b16b-3a5d8eb7dab9}, tuvo el evento Fatal error: The miniport has failed a power transition to operational power"
"26/7/2025 6:37:17 p. m.","Información","Netwtw10","7023","7023 - secure boot debug logging Quasar"
"26/7/2025 6:37:17 p. m.","Información","Intel-SST-OED","28","Loaded DSP FW library: \??\C:\WINDOWS\System32\DriverStore\FileRepository\intcoed_oemlibpath.inf_amd64_69401f7e35684734\tgl_maxx_audio_pro.bin, status = STATUS_SUCCESS."
"26/7/2025 6:37:17 p. m.","Información","WiManH","2",
"26/7/2025 6:37:17 p. m.","Información","Intel-SST-OED","28","Loaded DSP FW library: Libs\dsp_lib_whm_tgl_release.bin, status = STATUS_SUCCESS."
"26/7/2025 6:37:17 p. m.","Información","Microsoft-Windows-Kernel-Power","566","La sesión del sistema ha cambiado de 31 a 33.

Motivo PolicyChange 

BootId: 10"
"26/7/2025 6:37:17 p. m.","Información","Microsoft-Windows-Kernel-Power","507","El sistema está saliendo del modo de espera moderno 

motivo: Lid. "
"26/7/2025 6:37:17 p. m.","Información","Intel-SST-OED","28","Loaded DSP FW library: Libs\dsp_lib_intel_wov_tgl_release.bin, status = STATUS_SUCCESS."
"26/7/2025 6:37:17 p. m.","Información","Microsoft-Windows-Kernel-Power","506","El sistema está entrando en el modo de espera moderno 

motivo: Sleep, Hibernate, or Shutdown. "
"26/7/2025 6:37:17 p. m.","Información","Microsoft-Windows-Kernel-Power","566","La sesión del sistema ha cambiado de 30 a 31.

Motivo SxTransition 

BootId: 10"
"26/7/2025 6:37:17 p. m.","Información","Microsoft-Windows-Kernel-Boot","247","No se puede cargar el firmware de Pluton-Windows. StatusCode: STATUS_SUCCESS, Motivo: Failed to apply firmware."
"26/7/2025 6:37:17 p. m.","Información","Microsoft-Windows-Kernel-Boot","27","El tipo de arranque fue 0x2."
"26/7/2025 6:37:17 p. m.","Información","Microsoft-Windows-Kernel-Boot","25","La directiva del menú de arranque fue 0x0."
"26/7/2025 6:37:17 p. m.","Información","Microsoft-Windows-Kernel-Boot","32","Bootmgr esperó la entrada del usuario durante 0 ms."
"26/7/2025 6:37:17 p. m.","Información","Microsoft-Windows-Kernel-Boot","18","Existen 0x1 opciones de arranque en este sistema."
"26/7/2025 6:37:17 p. m.","Información","Microsoft-Windows-Kernel-Boot","30","El firmware notificó métricas de arranque."
"26/7/2025 6:37:17 p. m.","Información","Netwtw10","7025","7025 - Dump after return from D3 before cmd "
"26/7/2025 6:37:17 p. m.","Advertencia","TPM","30","El recuento de restablecimiento y/o reanudación no coinciden con los valores esperados después de hibernar o reanudar."
"26/7/2025 6:37:16 p. m.","Advertencia","Win32k","701","Administrador de energía no solicitó la supresión de todas las entradas (INPUT_SUPPRESS_REQUEST = 0)"
"26/7/2025 6:37:16 p. m.","Advertencia","Win32k","701","Administrador de energía no solicitó la supresión de todas las entradas (INPUT_SUPPRESS_REQUEST = 0)"
"26/7/2025 6:37:16 p. m.","Información","Microsoft-Windows-Kernel-General","1","La hora del sistema ha cambiado a ‎2025‎-‎07‎-‎26T22:37:16.500000000Z de ‎2025‎-‎07‎-‎26T09:02:51.700592900Z.
Diferencia horaria: 48864799 ms

Motivo del cambio: System time synchronized with the hardware clock.
Proceso: '' (PID 4).

Hora de RTC: ‎2025‎-‎07‎-‎26T18:37:16.500000000Z
Diferencia de zona horaria actual: 240
hora RTC es UTC: false
La hora del sistema se basaba en la hora RTC: false"
"26/7/2025 5:02:51 a. m.","Información","Microsoft-Windows-Kernel-Power","107","El sistema se reanudó del estado de suspensión."
"26/7/2025 6:37:17 p. m.","Información","EventLog","6013","El tiempo límite del sistema es de 148582 segundos."
"26/7/2025 5:02:49 a. m.","Información","Microsoft-Windows-IsolatedUserMode","1","Secure Trustlet \??\C:\WINDOWS\System32\NgcIso.exe Id 6 and Pid 6484 started with status STATUS_SUCCESS."
"26/7/2025 5:02:49 a. m.","Información","Microsoft-Windows-IsolatedUserMode","5","Secure Trustlet NULL Id 0 and Pid 0 started with status STATUS_SUCCESS."
"26/7/2025 5:02:47 a. m.","Advertencia","Netwtw10","6062","6062 - Lso was triggered"
"26/7/2025 5:02:47 a. m.","Información","Microsoft-Windows-Kernel-Power","42","El sistema está entrando en suspensión.

Motivo de la suspensión: Hibernate from Sleep - Standby Battery Budget Exceeded"
"26/7/2025 5:02:46 a. m.","Información","Microsoft-Windows-Kernel-Power","40","El controlador \Driver\ACPI del dispositivo  detuvo la transición de energía."
"26/7/2025 5:02:46 a. m.","Información","nhi","9008","Driver exit RTD3.
 All the connected devices will now cause DeviceConnected events."
"26/7/2025 5:02:45 a. m.","Información","Netwtw10","7021","7021 - Connection telemetry fields and analysis usage"
"26/7/2025 5:02:44 a. m.","Información","Microsoft-Windows-Kernel-Power","566","La sesión del sistema ha cambiado de 29 a 30.

Motivo SxTransition 

BootId: 10"
"26/7/2025 5:02:44 a. m.","Información","Microsoft-Windows-Kernel-Power","507","El sistema está saliendo del modo de espera moderno 

motivo: Sleep, Hibernate, or Shutdown. "
"26/7/2025 5:02:44 a. m.","Información","Microsoft-Windows-Kernel-Power","172","Estado de conectividad en modo de espera: Connected. Motivo: None"
"26/7/2025 5:02:44 a. m.","Información","Netwtw10","7026","7026 - Dump after return from D3 after cmd"
"26/7/2025 5:02:44 a. m.","Información","Netwtw10","7025","7025 - Dump after return from D3 before cmd "
"26/7/2025 3:09:28 a. m.","Información","Microsoft-Windows-Kernel-Power","172","Estado de conectividad en modo de espera: Disconnected. Motivo: Policy Setting"
"26/7/2025 3:09:20 a. m.","Información","Microsoft-Windows-Kernel-Power","566","La sesión del sistema ha cambiado de 28 a 29.

Motivo 55 

BootId: 10"
"26/7/2025 3:09:15 a. m.","Información","Microsoft-Windows-Kernel-Power","506","El sistema está entrando en el modo de espera moderno 

motivo: Austerity Battery Drain Budget Exceeded. "
"26/7/2025 3:09:15 a. m.","Información","Microsoft-Windows-Kernel-Power","566","La sesión del sistema ha cambiado de 27 a 28.

Motivo 55 

BootId: 10"
"26/7/2025 3:09:15 a. m.","Información","Microsoft-Windows-Kernel-Power","507","El sistema está saliendo del modo de espera moderno 

motivo: Austerity Battery Drain Budget Exceeded. "
"26/7/2025 3:09:15 a. m.","Información","Microsoft-Windows-Kernel-Power","172","Estado de conectividad en modo de espera: Connected. Motivo: None"
"26/7/2025 3:09:15 a. m.","Información","Netwtw10","7026","7026 - Dump after return from D3 after cmd"
"26/7/2025 3:09:15 a. m.","Información","Netwtw10","7025","7025 - Dump after return from D3 before cmd "
"26/7/2025 2:23:44 a. m.","Información","Microsoft-Windows-Kernel-Power","172","Estado de conectividad en modo de espera: Disconnected. Motivo: Adaptive Connected Standby"
"26/7/2025 2:23:37 a. m.","Información","Microsoft-Windows-Kernel-Power","566","La sesión del sistema ha cambiado de 26 a 27.

Motivo PolicyChange 

BootId: 10"
"26/7/2025 2:23:37 a. m.","Advertencia","Win32k","700","Administrador de energía solicitó la supresión de todas las entradas (INPUT_SUPPRESS_REQUEST = 1)"
"26/7/2025 2:23:37 a. m.","Advertencia","Win32k","700","Administrador de energía solicitó la supresión de todas las entradas (INPUT_SUPPRESS_REQUEST = 1)"
"26/7/2025 2:23:37 a. m.","Información","Microsoft-Windows-Kernel-Power","506","El sistema está entrando en el modo de espera moderno 

motivo: Lid. "
"26/7/2025 2:23:37 a. m.","Información","Microsoft-Windows-Kernel-Power","566","La sesión del sistema ha cambiado de 25 a 26.

Motivo PolicyChange 

BootId: 10"
"26/7/2025 1:48:19 a. m.","Información","Microsoft-Windows-Kernel-General","16","El historial de accesos en el subárbol \??\C:\Users\PCTIC-05\AppData\Local\Packages\Microsoft.Copilot_8wekyb3d8bbwe\SystemAppData\Helium\UserClasses.dat se borró mediante la actualización de 9 claves y la creación de 2 páginas modificadas."
"26/7/2025 1:48:19 a. m.","Información","Microsoft-Windows-Kernel-General","16","El historial de accesos en el subárbol \??\C:\Users\PCTIC-05\AppData\Local\Packages\Microsoft.Copilot_8wekyb3d8bbwe\SystemAppData\Helium\User.dat se borró mediante la actualización de 3 claves y la creación de 1 páginas modificadas."
"26/7/2025 12:19:37 a. m.","Advertencia","Microsoft-Windows-DNS-Client","1014","La resolución de nombres para el nombre teams.events.data.microsoft.com agotó el tiempo de espera después de que ninguno de los servidores DNS configurados respondiera. PID de cliente 12292."
"26/7/2025 12:19:28 a. m.","Advertencia","Netwtw10","6062","6062 - Lso was triggered"
"26/7/2025 12:19:25 a. m.","Información","Netwtw10","7021","7021 - Connection telemetry fields and analysis usage"
"26/7/2025 12:19:18 a. m.","Información","Microsoft-Windows-Kernel-Power","566","La sesión del sistema ha cambiado de 24 a 25.

Motivo PolicyChange 

BootId: 10"
"26/7/2025 12:19:18 a. m.","Información","Microsoft-Windows-Kernel-Power","507","El sistema está saliendo del modo de espera moderno 

motivo: Lid. "
"26/7/2025 12:19:18 a. m.","Información","Microsoft-Windows-Kernel-Power","172","Estado de conectividad en modo de espera: Connected. Motivo: None"
"26/7/2025 12:19:17 a. m.","Información","Netwtw10","7026","7026 - Dump after return from D3 after cmd"
"26/7/2025 12:19:17 a. m.","Información","Netwtw10","7025","7025 - Dump after return from D3 before cmd "
"26/7/2025 12:19:17 a. m.","Advertencia","Win32k","701","Administrador de energía no solicitó la supresión de todas las entradas (INPUT_SUPPRESS_REQUEST = 0)"
"26/7/2025 12:19:17 a. m.","Advertencia","Win32k","701","Administrador de energía no solicitó la supresión de todas las entradas (INPUT_SUPPRESS_REQUEST = 0)"
"25/7/2025 11:38:50 p. m.","Información","Microsoft-Windows-Kernel-Power","172","Estado de conectividad en modo de espera: Disconnected. Motivo: Policy Setting"
"25/7/2025 11:38:43 p. m.","Información","Microsoft-Windows-Kernel-Power","566","La sesión del sistema ha cambiado de 23 a 24.

Motivo 55 

BootId: 10"
"25/7/2025 11:38:38 p. m.","Información","Microsoft-Windows-Kernel-Power","506","El sistema está entrando en el modo de espera moderno 

motivo: Austerity Battery Drain Budget Exceeded. "
"25/7/2025 11:38:38 p. m.","Información","Microsoft-Windows-Kernel-Power","566","La sesión del sistema ha cambiado de 22 a 23.

Motivo 55 

BootId: 10"
"25/7/2025 11:38:38 p. m.","Información","Microsoft-Windows-Kernel-Power","507","El sistema está saliendo del modo de espera moderno 

motivo: Austerity Battery Drain Budget Exceeded. "
"25/7/2025 11:38:38 p. m.","Información","Microsoft-Windows-Kernel-Power","172","Estado de conectividad en modo de espera: Connected. Motivo: None"
"25/7/2025 11:38:38 p. m.","Información","Netwtw10","7026","7026 - Dump after return from D3 after cmd"
"25/7/2025 11:38:38 p. m.","Información","Netwtw10","7025","7025 - Dump after return from D3 before cmd "
"25/7/2025 11:34:26 p. m.","Información","Microsoft-Windows-Kernel-Power","172","Estado de conectividad en modo de espera: Disconnected. Motivo: Adaptive Connected Standby"
"25/7/2025 11:34:19 p. m.","Información","Microsoft-Windows-Kernel-General","1","La hora del sistema ha cambiado a ‎2025‎-‎07‎-‎26T03:34:19.638597800Z de ‎2025‎-‎07‎-‎26T03:34:19.638395300Z.
Diferencia horaria: 0 ms

Motivo del cambio: An application or system component changed the time.
Proceso: '\Device\HarddiskVolume3\Windows\System32\svchost.exe' (PID 1708).

Hora de RTC: ‎2025‎-‎07‎-‎25T23:34:19.638597800Z
Diferencia de zona horaria actual: 240
hora RTC es UTC: false
La hora del sistema se basaba en la hora RTC: false"
"25/7/2025 11:34:19 p. m.","Error","Microsoft-Windows-HAL","21","No se estableció el reloj en tiempo real de hardware debido a un error en la evaluación del método de dispositivo de alarma y hora ACPI.  Estado: 0xC00000BB."
"25/7/2025 11:34:19 p. m.","Error","Microsoft-Windows-HAL","20","No se consultó el reloj en tiempo real de hardware debido a un error en la evaluación del método de dispositivo de alarma y hora ACPI.  Estado: 0xC00000BB."
"25/7/2025 11:34:19 p. m.","Información","Microsoft-Windows-Kernel-General","24","La información de zona horaria se actualizó con el motivo de salida 0. La diferencia de zona horaria actual es 240."
"25/7/2025 11:34:19 p. m.","Información","Microsoft-Windows-Kernel-Power","566","La sesión del sistema ha cambiado de 21 a 22.

Motivo PolicyChange 

BootId: 10"
"25/7/2025 11:34:19 p. m.","Advertencia","Win32k","700","Administrador de energía solicitó la supresión de todas las entradas (INPUT_SUPPRESS_REQUEST = 1)"
"25/7/2025 11:34:19 p. m.","Advertencia","Win32k","700","Administrador de energía solicitó la supresión de todas las entradas (INPUT_SUPPRESS_REQUEST = 1)"
"25/7/2025 11:34:19 p. m.","Información","Microsoft-Windows-Kernel-Power","506","El sistema está entrando en el modo de espera moderno 

motivo: Lid. "
"25/7/2025 11:34:19 p. m.","Información","Microsoft-Windows-Kernel-Power","566","La sesión del sistema ha cambiado de 20 a 21.

Motivo PolicyChange 

BootId: 10"
"25/7/2025 11:32:43 p. m.","Información","Microsoft-Windows-Kernel-Power","105","Cambio de fuente de energía."
"25/7/2025 11:28:00 p. m.","Información","Microsoft-Windows-Time-Service","37","El proveedor de hora NtpClient está recibiendo datos de hora  válidos desde time.windows.com,0x9 (ntp.m|0x9|0.0.0.0:123->40.119.6.228:123)."
"25/7/2025 9:23:36 p. m.","Información","Microsoft-Windows-IsolatedUserMode","5","Secure Trustlet NULL Id 0 and Pid 0 started with status STATUS_SUCCESS."
"25/7/2025 9:23:36 p. m.","Información","Microsoft-Windows-IsolatedUserMode","2","Secure Trustlet Id 0 and Pid 0 stopped with status STATUS_SUCCESS."
"25/7/2025 9:14:19 p. m.","Advertencia","Microsoft-Windows-DNS-Client","1014","La resolución de nombres para el nombre t-ring-fdv2.msedge.net agotó el tiempo de espera después de que ninguno de los servidores DNS configurados respondiera. PID de cliente 10260."
"25/7/2025 9:12:22 p. m.","Información","Microsoft-Windows-Kernel-Power","105","Cambio de fuente de energía."
"25/7/2025 6:41:05 p. m.","Advertencia","Netwtw10","6062","6062 - Lso was triggered"
"25/7/2025 6:41:05 p. m.","Información","Netwtw10","7021","7021 - Connection telemetry fields and analysis usage"
"25/7/2025 6:41:01 p. m.","Advertencia","Netwtw10","6062","6062 - Lso was triggered"
"25/7/2025 6:40:56 p. m.","Información","Netwtw10","7021","7021 - Connection telemetry fields and analysis usage"
"25/7/2025 6:40:46 p. m.","Advertencia","Netwtw10","6062","6062 - Lso was triggered"
"25/7/2025 6:40:45 p. m.","Información","Netwtw10","7021","7021 - Connection telemetry fields and analysis usage"
"25/7/2025 6:40:41 p. m.","Advertencia","Netwtw10","6062","6062 - Lso was triggered"
"25/7/2025 6:40:40 p. m.","Información","Netwtw10","7021","7021 - Connection telemetry fields and analysis usage"
"25/7/2025 6:40:35 p. m.","Información","Netwtw10","7021","7021 - Connection telemetry fields and analysis usage"
"25/7/2025 6:17:28 p. m.","Información","Service Control Manager","7040","El tipo de inicio del servicio Servicio de transferencia inteligente en segundo plano (BITS) se cambió de inicio por solicitud a inicio automático."
"25/7/2025 5:23:58 p. m.","Información","Microsoft-Windows-WindowsUpdateClient","19","Instalación correcta: Windows instaló correctamente la siguiente actualización: Actualización de inteligencia de seguridad para Microsoft Defender Antivirus - KB2267602 (versión 1.433.65.0) - Canal actual (ampliado)"
"25/7/2025 5:23:48 p. m.","Información","Microsoft-Windows-WindowsUpdateClient","43","Instalación iniciada: Windows comenzó a instalar la actualización siguiente: Actualización de inteligencia de seguridad para Microsoft Defender Antivirus - KB2267602 (versión 1.433.65.0) - Canal actual (ampliado)"
"25/7/2025 5:23:44 p. m.","Advertencia","Netwtw10","6062","6062 - Lso was triggered"
"25/7/2025 5:23:43 p. m.","Información","Netwtw10","7021","7021 - Connection telemetry fields and analysis usage"
"25/7/2025 5:23:35 p. m.","Información","Microsoft-Windows-Kernel-Power","566","La sesión del sistema ha cambiado de 19 a 20.

Motivo PolicyChange 

BootId: 10"
"25/7/2025 5:23:35 p. m.","Información","Microsoft-Windows-Kernel-Power","507","El sistema está saliendo del modo de espera moderno 

motivo: Lid. "
"25/7/2025 5:23:35 p. m.","Información","Microsoft-Windows-Kernel-Power","172","Estado de conectividad en modo de espera: Connected. Motivo: None"
"25/7/2025 5:23:35 p. m.","Información","Netwtw10","7026","7026 - Dump after return from D3 after cmd"
"25/7/2025 5:23:35 p. m.","Información","Netwtw10","7025","7025 - Dump after return from D3 before cmd "
"25/7/2025 5:23:35 p. m.","Advertencia","Win32k","701","Administrador de energía no solicitó la supresión de todas las entradas (INPUT_SUPPRESS_REQUEST = 0)"
"25/7/2025 5:23:35 p. m.","Advertencia","Win32k","701","Administrador de energía no solicitó la supresión de todas las entradas (INPUT_SUPPRESS_REQUEST = 0)"
"25/7/2025 3:35:58 p. m.","Información","Microsoft-Windows-Kernel-Power","172","Estado de conectividad en modo de espera: Disconnected. Motivo: Policy Setting"
"25/7/2025 3:35:50 p. m.","Información","Microsoft-Windows-Kernel-Power","566","La sesión del sistema ha cambiado de 18 a 19.

Motivo 55 

BootId: 10"
"25/7/2025 3:35:50 p. m.","Información","TPM","17","El hardware del Módulo de plataforma segura (TPM) no pudo ejecutar un comando de TPM."
"25/7/2025 3:35:50 p. m.","Información","TPM","17","El hardware del Módulo de plataforma segura (TPM) no pudo ejecutar un comando de TPM."
"25/7/2025 3:35:49 p. m.","Información","TPM","17","El hardware del Módulo de plataforma segura (TPM) no pudo ejecutar un comando de TPM."
"25/7/2025 3:35:48 p. m.","Información","Microsoft-Windows-IsolatedUserMode","5","Secure Trustlet NULL Id 0 and Pid 0 started with status STATUS_SUCCESS."
"25/7/2025 3:35:48 p. m.","Información","Microsoft-Windows-IsolatedUserMode","2","Secure Trustlet Id 0 and Pid 0 stopped with status STATUS_SUCCESS."
"25/7/2025 3:35:45 p. m.","Información","Microsoft-Windows-Kernel-Power","506","El sistema está entrando en el modo de espera moderno 

motivo: Austerity Battery Drain Budget Exceeded. "
"25/7/2025 3:35:45 p. m.","Información","Microsoft-Windows-Kernel-Power","566","La sesión del sistema ha cambiado de 17 a 18.

Motivo 55 

BootId: 10"
"25/7/2025 3:35:45 p. m.","Información","Microsoft-Windows-Kernel-Power","507","El sistema está saliendo del modo de espera moderno 

motivo: Austerity Battery Drain Budget Exceeded. "
"25/7/2025 3:35:45 p. m.","Información","Microsoft-Windows-Kernel-Power","172","Estado de conectividad en modo de espera: Connected. Motivo: None"
"25/7/2025 3:35:45 p. m.","Información","Netwtw10","7026","7026 - Dump after return from D3 after cmd"
"25/7/2025 3:35:45 p. m.","Información","Netwtw10","7025","7025 - Dump after return from D3 before cmd "
"25/7/2025 2:57:21 p. m.","Información","Microsoft-Windows-Kernel-Power","172","Estado de conectividad en modo de espera: Disconnected. Motivo: Adaptive Connected Standby"
"25/7/2025 2:56:53 p. m.","Información","Microsoft-Windows-Kernel-Power","172","Estado de conectividad en modo de espera: Connected. Motivo: None"
"25/7/2025 2:56:53 p. m.","Información","Microsoft-Windows-Kernel-Power","172","Estado de conectividad en modo de espera: Disconnected. Motivo: Adaptive Connected Standby"
"25/7/2025 2:56:53 p. m.","Información","Microsoft-Windows-Kernel-Power","172","Estado de conectividad en modo de espera: Connected. Motivo: None"
"25/7/2025 2:56:53 p. m.","Información","Netwtw10","7026","7026 - Dump after return from D3 after cmd"
"25/7/2025 2:56:53 p. m.","Información","Netwtw10","7025","7025 - Dump after return from D3 before cmd "
"25/7/2025 2:56:52 p. m.","Información","Microsoft-Windows-Kernel-Power","172","Estado de conectividad en modo de espera: Disconnected. Motivo: Adaptive Connected Standby"
"25/7/2025 2:56:42 p. m.","Información","Microsoft-Windows-WindowsUpdateClient","44","Windows Update comenzó a descargar una actualización."
"25/7/2025 2:56:13 p. m.","Información","Microsoft-Windows-Kernel-Power","172","Estado de conectividad en modo de espera: Connected. Motivo: None"
"25/7/2025 2:56:13 p. m.","Información","Microsoft-Windows-Kernel-Power","172","Estado de conectividad en modo de espera: Disconnected. Motivo: Adaptive Connected Standby"
"25/7/2025 2:56:12 p. m.","Información","Microsoft-Windows-Kernel-Power","172","Estado de conectividad en modo de espera: Connected. Motivo: None"
"25/7/2025 2:56:12 p. m.","Información","Microsoft-Windows-Kernel-Power","172","Estado de conectividad en modo de espera: Disconnected. Motivo: Adaptive Connected Standby"
"25/7/2025 2:56:05 p. m.","Información","Microsoft-Windows-Kernel-Power","566","La sesión del sistema ha cambiado de 16 a 17.

Motivo PolicyChange 

BootId: 10"
"25/7/2025 2:56:05 p. m.","Advertencia","Win32k","700","Administrador de energía solicitó la supresión de todas las entradas (INPUT_SUPPRESS_REQUEST = 1)"
"25/7/2025 2:56:05 p. m.","Advertencia","Win32k","700","Administrador de energía solicitó la supresión de todas las entradas (INPUT_SUPPRESS_REQUEST = 1)"
"25/7/2025 2:56:05 p. m.","Información","Microsoft-Windows-Kernel-Power","506","El sistema está entrando en el modo de espera moderno 

motivo: Lid. "
"25/7/2025 2:56:05 p. m.","Información","Microsoft-Windows-Kernel-Power","566","La sesión del sistema ha cambiado de 15 a 16.

Motivo PolicyChange 

BootId: 10"
"25/7/2025 2:49:42 p. m.","Información","Microsoft-Windows-Kernel-General","16","El historial de accesos en el subárbol \??\C:\ProgramData\Microsoft\Windows\AppRepository\Packages\MSTeams_25185.410.3812.8024_x64__8wekyb3d8bbwe\ActivationStore.dat se borró mediante la actualización de 0 claves y la creación de 0 páginas modificadas."
"25/7/2025 2:35:04 p. m.","Información","Service Control Manager","7040","El tipo de inicio del servicio Servicio de transferencia inteligente en segundo plano (BITS) se cambió de inicio automático a inicio por solicitud."
"25/7/2025 2:25:03 p. m.","Información","Microsoft-Windows-Kernel-Power","566","La sesión del sistema ha cambiado de 14 a 15.

Motivo PolicyChange 

BootId: 10"
"25/7/2025 2:25:03 p. m.","Información","Microsoft-Windows-Kernel-Power","507","El sistema está saliendo del modo de espera moderno 

motivo: Lid. "
